{"@timestamp": "2019-01-15T12:40:08.359Z", "@metadata": {"beat": "winlogbeat", "type": "doc", "version": "6.3.1", "topic": "wineventlog_raw"}, "source_name": "Service Control Manager", "computer_name": "CLIENT1", "host": {"name": "CLIENT1"}, "event_data": {"param1": "FreeSSHDService", "param2": "running", "Binary": "4600720065006500530053004800440053006500720076006900630065002F0034000000"}, "record_number": "11236", "keywords": ["Classic"], "event_id": 7036, "message": "The FreeSSHDService service entered the running state.", "beat": {"name": "CLIENT1", "hostname": "CLIENT1", "version": "6.3.1"}, "provider_guid": "{555908d1-a6d7-4695-8e1e-26931d2012f4}", "level": "Information", "type": "wineventlog", "log_name": "System", "process_id": 436, "thread_id": 516, "label": {"reporter": ["system", "windows"], "action": ["execute"]}}
{"@timestamp": "2019-01-15T12:39:54.250Z", "@metadata": {"beat": "winlogbeat", "type": "doc", "version": "6.3.1", "topic": "wineventlog_raw"}, "type": "wineventlog", "source_name": "Microsoft-Windows-Security-Auditing", "log_name": "Security", "computer_name": "CLIENT1", "message": "An account was successfully logged on.\n\nSubject:\n\tSecurity ID:\t\tS-1-0-0\n\tAccount Name:\t\t-\n\tAccount Domain:\t\t-\n\tLogon ID:\t\t0x0\n\nLogon Type:\t\t\t0\n\nNew Logon:\n\tSecurity ID:\t\tS-1-5-18\n\tAccount Name:\t\tSYSTEM\n\tAccount Domain:\t\tNT AUTHORITY\n\tLogon ID:\t\t0x3e7\n\tLogon GUID:\t\t{00000000-0000-0000-0000-000000000000}\n\nProcess Information:\n\tProcess ID:\t\t0x4\n\tProcess Name:\t\t\n\nNetwork Information:\n\tWorkstation Name:\t-\n\tSource Network Address:\t-\n\tSource Port:\t\t-\n\nDetailed Authentication Information:\n\tLogon Process:\t\t-\n\tAuthentication Package:\t-\n\tTransited Services:\t-\n\tPackage Name (NTLM only):\t-\n\tKey Length:\t\t0\n\nThis event is generated when a logon session is created. It is generated on the computer that was accessed.\n\nThe subject fields indicate the account on the local system which requested the logon. This is most commonly a service such as the Server service, or a local process such as Winlogon.exe or Services.exe.\n\nThe logon type field indicates the kind of logon that occurred. The most common types are 2 (interactive) and 3 (network).\n\nThe New Logon fields indicate the account for whom the new logon was created, i.e. the account that was logged on.\n\nThe network fields indicate where a remote logon request originated. Workstation name is not always available and may be left blank in some cases.\n\nThe authentication information fields provide detailed information about this specific logon request.\n\t- Logon GUID is a unique identifier that can be used to correlate this event with a KDC event.\n\t- Transited services indicate which intermediate services have participated in this logon request.\n\t- Package name indicates which sub-protocol was used among the NTLM protocols.\n\t- Key length indicates the length of the generated session key. This will be 0 if no session key was requested.", "host": {"name": "CLIENT1"}, "provider_guid": "{54849625-5478-4994-A5BA-3E3B0328C30D}", "task": "Logon", "level": "Information", "record_number": "4527", "event_id": 4624, "process_id": 444, "thread_id": 448, "beat": {"name": "CLIENT1", "hostname": "CLIENT1", "version": "6.3.1"}, "keywords": ["Audit Success"], "event_data": {"WorkstationName": "-", "LmPackageName": "-", "TransmittedServices": "-", "ProcessId": "0x4", "SubjectLogonId": "0x0", "LogonType": "0", "IpAddress": "-", "LogonProcessName": "-", "TargetLogonId": "0x3e7", "KeyLength": "0", "LogonGuid": "{00000000-0000-0000-0000-000000000000}", "TargetUserSid": "S-1-5-18", "TargetUserName": "SYSTEM", "AuthenticationPackageName": "-", "SubjectUserSid": "S-1-0-0", "SubjectDomainName": "-", "TargetDomainName": "NT AUTHORITY", "IpPort": "-", "SubjectUserName": "-"}, "opcode": "Info", "label": {"action": ["authenticate"], "object": ["accounts", "windows"], "reporter": ["system", "windows"]}}
{"@timestamp": "2019-01-15T12:40:05.578Z", "@metadata": {"beat": "winlogbeat", "type": "doc", "version": "6.3.1", "topic": "wineventlog_raw"}, "event_id": 7036, "provider_guid": "{555908d1-a6d7-4695-8e1e-26931d2012f4}", "type": "wineventlog", "process_id": 436, "source_name": "Service Control Manager", "beat": {"name": "CLIENT1", "hostname": "CLIENT1", "version": "6.3.1"}, "host": {"name": "CLIENT1"}, "level": "Information", "keywords": ["Classic"], "log_name": "System", "record_number": "11230", "message": "The Print Spooler service entered the running state.", "thread_id": 516, "event_data": {"Binary": "530070006F006F006C00650072002F0034000000", "param1": "Print Spooler", "param2": "running"}, "computer_name": "CLIENT1", "label": {"reporter": ["system", "windows"], "action": ["execute"]}}
{"@timestamp": "2019-01-15T12:42:13.834Z", "@metadata": {"beat": "winlogbeat", "type": "doc", "version": "6.3.1", "topic": "wineventlog_raw"}, "log_name": "System", "source_name": "Service Control Manager", "process_id": 436, "record_number": "11255", "message": "The Microsoft .NET Framework NGEN v4.0.30319_X86 service entered the running state.", "provider_guid": "{555908d1-a6d7-4695-8e1e-26931d2012f4}", "type": "wineventlog", "keywords": ["Classic"], "event_id": 7036, "beat": {"hostname": "CLIENT1", "version": "6.3.1", "name": "CLIENT1"}, "host": {"name": "CLIENT1"}, "thread_id": 636, "computer_name": "CLIENT1", "level": "Information", "event_data": {"param1": "Microsoft .NET Framework NGEN v4.0.30319_X86", "param2": "running", "Binary": "63006C0072005F006F007000740069006D0069007A006100740069006F006E005F00760034002E0030002E00330030003300310039005F00330032002F0034000000"}, "label": {"reporter": ["system", "windows"], "action": ["execute"]}}
{"@timestamp": "2018-11-13T16:02:07.930Z", "@metadata": {"beat": "winlogbeat", "type": "doc", "version": "6.3.1", "topic": "wineventlog_raw"}, "message": "The Plug and Play service entered the stopped state.", "log_name": "System", "record_number": "11173", "computer_name": "CLIENT1", "level": "Information", "keywords": ["Classic"], "process_id": 436, "type": "wineventlog", "source_name": "Service Control Manager", "thread_id": 3820, "event_data": {"param1": "Plug and Play", "param2": "stopped", "Binary": "50006C007500670050006C00610079002F0031000000"}, "provider_guid": "{555908d1-a6d7-4695-8e1e-26931d2012f4}", "beat": {"name": "CLIENT1", "hostname": "CLIENT1", "version": "6.3.1"}, "event_id": 7036, "host": {"name": "CLIENT1"}, "label": {"reporter": ["system", "windows"]}}
{"@timestamp": "2019-01-15T12:40:08.156Z", "@metadata": {"beat": "winlogbeat", "type": "doc", "version": "6.3.1", "topic": "wineventlog_raw"}, "process_id": 444, "keywords": ["Audit Success"], "opcode": "Info", "event_id": 4672, "computer_name": "CLIENT1", "log_name": "Security", "level": "Information", "task": "Special Logon", "provider_guid": "{54849625-5478-4994-A5BA-3E3B0328C30D}", "message": "Special privileges assigned to new logon.\n\nSubject:\n\tSecurity ID:\t\tS-1-5-18\n\tAccount Name:\t\tSYSTEM\n\tAccount Domain:\t\tNT AUTHORITY\n\tLogon ID:\t\t0x3e7\n\nPrivileges:\t\tSeAssignPrimaryTokenPrivilege\n\t\t\tSeTcbPrivilege\n\t\t\tSeSecurityPrivilege\n\t\t\tSeTakeOwnershipPrivilege\n\t\t\tSeLoadDriverPrivilege\n\t\t\tSeBackupPrivilege\n\t\t\tSeRestorePrivilege\n\t\t\tSeDebugPrivilege\n\t\t\tSeAuditPrivilege\n\t\t\tSeSystemEnvironmentPrivilege\n\t\t\tSeImpersonatePrivilege", "beat": {"hostname": "CLIENT1", "version": "6.3.1", "name": "CLIENT1"}, "host": {"name": "CLIENT1"}, "source_name": "Microsoft-Windows-Security-Auditing", "event_data": {"SubjectUserName": "SYSTEM", "SubjectDomainName": "NT AUTHORITY", "SubjectLogonId": "0x3e7", "PrivilegeList": "SeAssignPrimaryTokenPrivilege\n\t\t\tSeTcbPrivilege\n\t\t\tSeSecurityPrivilege\n\t\t\tSeTakeOwnershipPrivilege\n\t\t\tSeLoadDriverPrivilege\n\t\t\tSeBackupPrivilege\n\t\t\tSeRestorePrivilege\n\t\t\tSeDebugPrivilege\n\t\t\tSeAuditPrivilege\n\t\t\tSeSystemEnvironmentPrivilege\n\t\t\tSeImpersonatePrivilege", "SubjectUserSid": "S-1-5-18"}, "record_number": "4543", "thread_id": 492, "type": "wineventlog", "label": {"reporter": ["system", "windows"]}}
{"@timestamp": "2019-01-15T12:44:24.524Z", "@metadata": {"beat": "winlogbeat", "type": "doc", "version": "6.3.1", "topic": "wineventlog_raw"}, "provider_guid": "{122EE297-BB47-41AE-B265-1CA8D1886D40}", "thread_id": 1460, "computer_name": "CLIENT1", "type": "wineventlog", "level": "Information", "event_id": 1000, "log_name": "Application", "source_name": "Microsoft-Windows-LoadPerf", "record_number": "2844", "user": {"type": "User", "identifier": "S-1-5-18", "name": "SYSTEM", "domain": "NT AUTHORITY"}, "beat": {"name": "CLIENT1", "hostname": "CLIENT1", "version": "6.3.1"}, "host": {"name": "CLIENT1"}, "process_id": 1964, "user_data": {"binaryDataSize": "16", "binaryData": "CA23000070240000CB23000071240000", "xml_name": "EventXML", "param1": "WmiApRpl", "param2": "WmiApRpl"}, "message": "Performance counters for the WmiApRpl (WmiApRpl) service were loaded successfully. The Record Data in the data section contains the new index values assigned to this service.", "opcode": "Info", "label": {"reporter": ["windows"]}}
{"@timestamp": "2019-01-15T12:41:43.047Z", "@metadata": {"beat": "winlogbeat", "type": "doc", "version": "6.3.1", "topic": "wineventlog_raw"}, "activity_id": "{00000000-9084-0000-FE0A-5563CFACD401}", "host": {"name": "CLIENT1"}, "computer_name": "CLIENT1", "user_data": {"Query": "SELECT create_pex.yml doc logprep requirements.txt setup.py tests tox.ini FROM __InstanceModificationEvent WITHIN 60 WHERE TargetInstance ISA \"Win32_Processor\" AND TargetInstance.LoadPercentage > 99", "Namespace": "//./root/CIMV2", "Error": "0x80041003", "xml_name": "data_0x8000003F"}, "user": {"identifier": "S-1-5-18", "name": "SYSTEM", "domain": "NT AUTHORITY", "type": "User"}, "thread_id": 296, "level": "Error", "source_name": "Microsoft-Windows-WMI", "beat": {"name": "CLIENT1", "hostname": "CLIENT1", "version": "6.3.1"}, "log_name": "Application", "version": 2, "type": "wineventlog", "provider_guid": "{1EDEEE53-0AFE-4609-B846-D8C0B2075B1F}", "process_id": 772, "opcode": "Info", "record_number": "2833", "event_id": 10, "message": "Event filter with query \"SELECT create_pex.yml doc logprep requirements.txt setup.py tests tox.ini FROM __InstanceModificationEvent WITHIN 60 WHERE TargetInstance ISA \"Win32_Processor\" AND TargetInstance.LoadPercentage > 99\" could not be reactivated in namespace \"//./root/CIMV2\" because of error 0x80041003. Events cannot be delivered through this filter until the problem is corrected.", "label": {"reporter": ["system", "windows"], "action": ["failed"]}}
{"@timestamp": "2019-01-15T12:51:57.000Z", "@metadata": {"beat": "winlogbeat", "type": "doc", "version": "6.3.1", "topic": "wineventlog_raw"}, "type": "wineventlog", "source_name": "Desktop Window Manager", "record_number": "2848", "computer_name": "CLIENT1", "host": {"name": "CLIENT1"}, "level": "Information", "message": "The Desktop Window Manager was unable to start because WDDM is not in use", "log_name": "Application", "event_id": 9007, "keywords": ["Classic"], "beat": {"name": "CLIENT1", "hostname": "CLIENT1", "version": "6.3.1"}, "label": {"reporter": ["system", "windows"]}}
{"@timestamp": "2019-01-15T12:45:11.543Z", "@metadata": {"beat": "winlogbeat", "type": "doc", "version": "6.3.1", "topic": "wineventlog_raw"}, "computer_name": "CLIENT1", "level": "Information", "process_id": 436, "type": "wineventlog", "log_name": "System", "source_name": "Service Control Manager", "beat": {"hostname": "CLIENT1", "version": "6.3.1", "name": "CLIENT1"}, "host": {"name": "CLIENT1"}, "keywords": ["Classic"], "message": "The Shell Hardware Detection service entered the stopped state.", "thread_id": 424, "record_number": "11269", "event_data": {"param1": "Shell Hardware Detection", "param2": "stopped", "Binary": "5300680065006C006C004800570044006500740065006300740069006F006E002F0031000000"}, "provider_guid": "{555908d1-a6d7-4695-8e1e-26931d2012f4}", "event_id": 7036, "label": {"reporter": ["system", "windows"]}}
{"@timestamp": "2018-11-13T16:02:08.198Z", "@metadata": {"beat": "winlogbeat", "type": "doc", "version": "6.3.1", "topic": "wineventlog_raw"}, "record_number": "11183", "beat": {"name": "CLIENT1", "hostname": "CLIENT1", "version": "6.3.1"}, "process_id": 436, "type": "wineventlog", "thread_id": 3820, "event_id": 7036, "level": "Information", "keywords": ["Classic"], "log_name": "System", "message": "The Diagnostic Policy Service service entered the stopped state.", "host": {"name": "CLIENT1"}, "event_data": {"param1": "Diagnostic Policy Service", "param2": "stopped", "Binary": "4400500053002F0031000000"}, "source_name": "Service Control Manager", "computer_name": "CLIENT1", "provider_guid": "{555908d1-a6d7-4695-8e1e-26931d2012f4}", "label": {"reporter": ["system", "windows"]}}
{"@timestamp": "2019-01-15T12:42:23.484Z", "@metadata": {"beat": "winlogbeat", "type": "doc", "version": "6.3.1", "topic": "wineventlog_raw"}, "process_id": 436, "source_name": "Service Control Manager", "thread_id": 240, "event_data": {"param1": "Windows Search", "param2": "running", "Binary": "57005300650061007200630068002F0034000000"}, "provider_guid": "{555908d1-a6d7-4695-8e1e-26931d2012f4}", "log_name": "System", "keywords": ["Classic"], "computer_name": "CLIENT1", "message": "The Windows Search service entered the running state.", "beat": {"version": "6.3.1", "name": "CLIENT1", "hostname": "CLIENT1"}, "level": "Information", "type": "wineventlog", "record_number": "11265", "host": {"name": "CLIENT1"}, "event_id": 7036, "label": {"reporter": ["system", "windows"], "action": ["execute"]}}
{"@timestamp": "2019-01-15T12:42:18.000Z", "@metadata": {"beat": "winlogbeat", "type": "doc", "version": "6.3.1", "topic": "wineventlog_raw"}, "level": "Information", "computer_name": "CLIENT1", "event_id": 902, "message": "The Software Protection service has started.\n6.1.7601.17514", "event_data": {"param1": "6.1.7601.17514"}, "record_number": "2838", "keywords": ["Classic"], "log_name": "Application", "type": "wineventlog", "source_name": "Microsoft-Windows-Security-SPP", "host": {"name": "CLIENT1"}, "beat": {"name": "CLIENT1", "hostname": "CLIENT1", "version": "6.3.1"}, "provider_guid": "{E23B33B0-C8C9-472C-A5F9-F2BDFEA0F156}", "label": {"reporter": ["system", "windows"]}}
{"@timestamp": "2019-01-15T12:42:15.651Z", "@metadata": {"beat": "winlogbeat", "type": "doc", "version": "6.3.1", "topic": "wineventlog_raw"}, "beat": {"name": "CLIENT1", "hostname": "CLIENT1", "version": "6.3.1"}, "process_id": 436, "keywords": ["Classic"], "event_data": {"param2": "running", "Binary": "570069006E0044006500660065006E0064002F0034000000", "param1": "Windows Defender"}, "log_name": "System", "source_name": "Service Control Manager", "record_number": "11261", "message": "The Windows Defender service entered the running state.", "thread_id": 636, "level": "Information", "host": {"name": "CLIENT1"}, "provider_guid": "{555908d1-a6d7-4695-8e1e-26931d2012f4}", "type": "wineventlog", "computer_name": "CLIENT1", "event_id": 7036, "label": {"reporter": ["system", "windows"], "action": ["execute"]}}
{"@timestamp": "2019-01-15T12:40:13.512Z", "@metadata": {"beat": "winlogbeat", "type": "doc", "version": "6.3.1", "topic": "wineventlog_raw"}, "computer_name": "CLIENT1", "message": "An account was successfully logged on.\n\nSubject:\n\tSecurity ID:\t\tS-1-0-0\n\tAccount Name:\t\t-\n\tAccount Domain:\t\t-\n\tLogon ID:\t\t0x0\n\nLogon Type:\t\t\t3\n\nNew Logon:\n\tSecurity ID:\t\tS-1-5-7\n\tAccount Name:\t\tANONYMOUS LOGON\n\tAccount Domain:\t\tNT AUTHORITY\n\tLogon ID:\t\t0x149aa\n\tLogon GUID:\t\t{00000000-0000-0000-0000-000000000000}\n\nProcess Information:\n\tProcess ID:\t\t0x0\n\tProcess Name:\t\t-\n\nNetwork Information:\n\tWorkstation Name:\t\n\tSource Network Address:\t-\n\tSource Port:\t\t-\n\nDetailed Authentication Information:\n\tLogon Process:\t\tNtLmSsp \n\tAuthentication Package:\tNTLM\n\tTransited Services:\t-\n\tPackage Name (NTLM only):\tNTLM V1\n\tKey Length:\t\t0\n\nThis event is generated when a logon session is created. It is generated on the computer that was accessed.\n\nThe subject fields indicate the account on the local system which requested the logon. This is most commonly a service such as the Server service, or a local process such as Winlogon.exe or Services.exe.\n\nThe logon type field indicates the kind of logon that occurred. The most common types are 2 (interactive) and 3 (network).\n\nThe New Logon fields indicate the account for whom the new logon was created, i.e. the account that was logged on.\n\nThe network fields indicate where a remote logon request originated. Workstation name is not always available and may be left blank in some cases.\n\nThe authentication information fields provide detailed information about this specific logon request.\n\t- Logon GUID is a unique identifier that can be used to correlate this event with a KDC event.\n\t- Transited services indicate which intermediate services have participated in this logon request.\n\t- Package name indicates which sub-protocol was used among the NTLM protocols.\n\t- Key length indicates the length of the generated session key. This will be 0 if no session key was requested.", "opcode": "Info", "process_id": 444, "task": "Logon", "log_name": "Security", "event_data": {"SubjectLogonId": "0x0", "TargetDomainName": "NT AUTHORITY", "TargetUserSid": "S-1-5-7", "TargetUserName": "ANONYMOUS LOGON", "LogonGuid": "{00000000-0000-0000-0000-000000000000}", "TransmittedServices": "-", "SubjectDomainName": "-", "SubjectUserName": "-", "LogonProcessName": "NtLmSsp ", "ProcessId": "0x0", "ProcessName": "-", "IpPort": "-", "LogonType": "3", "KeyLength": "0", "AuthenticationPackageName": "NTLM", "TargetLogonId": "0x149aa", "IpAddress": "-", "SubjectUserSid": "S-1-0-0", "LmPackageName": "NTLM V1"}, "provider_guid": "{54849625-5478-4994-A5BA-3E3B0328C30D}", "level": "Information", "type": "wineventlog", "event_id": 4624, "beat": {"hostname": "CLIENT1", "version": "6.3.1", "name": "CLIENT1"}, "host": {"name": "CLIENT1"}, "record_number": "4545", "thread_id": 492, "keywords": ["Audit Success"], "source_name": "Microsoft-Windows-Security-Auditing", "label": {"action": ["authenticate"], "object": ["accounts", "windows"], "reporter": ["system", "windows"]}}
{"@timestamp": "2019-01-15T12:40:02.593Z", "@metadata": {"beat": "winlogbeat", "type": "doc", "version": "6.3.1", "topic": "wineventlog_raw"}, "message": "The DNS Client service entered the running state.", "host": {"name": "CLIENT1"}, "record_number": "11227", "thread_id": 520, "keywords": ["Classic"], "type": "wineventlog", "log_name": "System", "source_name": "Service Control Manager", "beat": {"name": "CLIENT1", "hostname": "CLIENT1", "version": "6.3.1"}, "level": "Information", "process_id": 436, "computer_name": "CLIENT1", "provider_guid": "{555908d1-a6d7-4695-8e1e-26931d2012f4}", "event_id": 7036, "event_data": {"Binary": "44006E007300630061006300680065002F0034000000", "param1": "DNS Client", "param2": "running"}, "label": {"reporter": ["system", "windows"], "action": ["execute"]}}
{"@timestamp": "2019-01-15T12:39:56.875Z", "@metadata": {"beat": "winlogbeat", "type": "doc", "version": "6.3.1", "topic": "wineventlog_raw"}, "opcode": "Info", "user": {"domain": "NT AUTHORITY", "type": "User", "identifier": "S-1-5-18", "name": "SYSTEM"}, "type": "wineventlog", "user_data": {"InstallSubsystemState": "true", "CachingSubsystemState": "true", "xml_name": "INFO_PNP_STATE"}, "beat": {"name": "CLIENT1", "hostname": "CLIENT1", "version": "6.3.1"}, "provider_guid": "{96F4A050-7E31-453C-88BE-9634F4E02139}", "computer_name": "CLIENT1", "event_id": 20010, "thread_id": 560, "process_id": 544, "host": {"name": "CLIENT1"}, "source_name": "Microsoft-Windows-UserPnp", "record_number": "11204", "level": "Information", "log_name": "System", "message": "One or more of the Plug and Play service's subsystems has changed state. \n\nPlugPlay install subsystem enabled: 'true' \nPlugPlay caching subsystem enabled: 'true' ", "label": {"reporter": ["system", "windows"]}}
{"@timestamp": "2018-11-13T16:02:08.198Z", "@metadata": {"beat": "winlogbeat", "type": "doc", "version": "6.3.1", "topic": "wineventlog_raw"}, "log_name": "System", "message": "The User Profile Service service entered the stopped state.", "beat": {"name": "CLIENT1", "hostname": "CLIENT1", "version": "6.3.1"}, "host": {"name": "CLIENT1"}, "type": "wineventlog", "record_number": "11184", "level": "Information", "keywords": ["Classic"], "process_id": 436, "event_data": {"param1": "User Profile Service", "param2": "stopped", "Binary": "500072006F0066005300760063002F0031000000"}, "computer_name": "CLIENT1", "source_name": "Service Control Manager", "event_id": 7036, "provider_guid": "{555908d1-a6d7-4695-8e1e-26931d2012f4}", "thread_id": 3820, "label": {"reporter": ["system", "windows"]}}
{"@timestamp": "2019-01-15T12:39:58.000Z", "@metadata": {"beat": "winlogbeat", "type": "doc", "version": "6.3.1", "topic": "wineventlog_raw"}, "event_data": {"param4": "Multiprocessor Free", "param5": "17514", "param1": "6.01.", "param2": "7601", "param3": "Service Pack 1"}, "computer_name": "CLIENT1", "record_number": "11177", "message": "Microsoft (R) Windows (R) 6.01. 7601 Service Pack 1 Multiprocessor Free.", "log_name": "System", "beat": {"name": "CLIENT1", "hostname": "CLIENT1", "version": "6.3.1"}, "event_id": 6009, "level": "Information", "source_name": "EventLog", "type": "wineventlog", "keywords": ["Classic"], "host": {"name": "CLIENT1"}, "label": {"reporter": ["system", "windows"]}}
{"@timestamp": "2019-01-15T12:40:14.367Z", "@metadata": {"beat": "winlogbeat", "type": "doc", "version": "6.3.1", "topic": "wineventlog_raw"}, "source_name": "Service Control Manager", "level": "Information", "keywords": ["Classic"], "process_id": 436, "type": "wineventlog", "event_id": 7036, "provider_guid": "{555908d1-a6d7-4695-8e1e-26931d2012f4}", "event_data": {"param2": "running", "Binary": "6E0065007400700072006F0066006D002F0034000000", "param1": "Network List Service"}, "log_name": "System", "record_number": "11252", "beat": {"name": "CLIENT1", "hostname": "CLIENT1", "version": "6.3.1"}, "host": {"name": "CLIENT1"}, "computer_name": "CLIENT1", "message": "The Network List Service service entered the running state.", "thread_id": 1784, "label": {"reporter": ["system", "windows"], "action": ["execute"]}}
{"@timestamp": "2019-01-15T12:40:00.593Z", "@metadata": {"beat": "winlogbeat", "type": "doc", "version": "6.3.1", "topic": "wineventlog_raw"}, "thread_id": 524, "event_data": {"param1": "Group Policy Client", "param2": "running", "Binary": "670070007300760063002F0034000000"}, "log_name": "System", "message": "The Group Policy Client service entered the running state.", "record_number": "11217", "keywords": ["Classic"], "type": "wineventlog", "source_name": "Service Control Manager", "computer_name": "CLIENT1", "process_id": 436, "provider_guid": "{555908d1-a6d7-4695-8e1e-26931d2012f4}", "level": "Information", "beat": {"name": "CLIENT1", "hostname": "CLIENT1", "version": "6.3.1"}, "host": {"name": "CLIENT1"}, "event_id": 7036, "label": {"reporter": ["system", "windows"], "action": ["execute"]}}
{"@timestamp": "2019-01-15T12:40:10.187Z", "@metadata": {"beat": "winlogbeat", "type": "doc", "version": "6.3.1", "topic": "wineventlog_raw"}, "source_name": "Service Control Manager", "process_id": 436, "event_data": {"param2": "running", "Binary": "540072006B0057006B0073002F0034000000", "param1": "Distributed Link Tracking Client"}, "event_id": 7036, "message": "The Distributed Link Tracking Client service entered the running state.", "provider_guid": "{555908d1-a6d7-4695-8e1e-26931d2012f4}", "record_number": "11241", "log_name": "System", "thread_id": 524, "level": "Information", "keywords": ["Classic"], "beat": {"version": "6.3.1", "name": "CLIENT1", "hostname": "CLIENT1"}, "host": {"name": "CLIENT1"}, "type": "wineventlog", "computer_name": "CLIENT1", "label": {"reporter": ["system", "windows"], "action": ["execute"]}}
{"@timestamp": "2019-01-15T12:40:06.703Z", "@metadata": {"beat": "winlogbeat", "type": "doc", "version": "6.3.1", "topic": "wineventlog_raw"}, "type": "wineventlog", "beat": {"version": "6.3.1", "name": "CLIENT1", "hostname": "CLIENT1"}, "log_name": "System", "computer_name": "CLIENT1", "level": "Information", "keywords": ["Classic"], "event_data": {"param1": "Workstation", "param2": "running", "Binary": "4C0061006E006D0061006E0057006F0072006B00730074006100740069006F006E002F0034000000"}, "source_name": "Service Control Manager", "record_number": "11233", "message": "The Workstation service entered the running state.", "thread_id": 1092, "process_id": 436, "event_id": 7036, "host": {"name": "CLIENT1"}, "provider_guid": "{555908d1-a6d7-4695-8e1e-26931d2012f4}", "label": {"reporter": ["system", "windows"], "action": ["execute"]}}
{"@timestamp": "2019-01-15T12:42:31.054Z", "@metadata": {"beat": "winlogbeat", "type": "doc", "version": "6.3.1", "topic": "wineventlog_raw"}, "event_data": {"TimeSource": "companyrouter.localdomain,0x9 (ntp.m|0x9|0.0.0.0:123->172.16.0.1:123)"}, "process_id": 940, "type": "wineventlog", "record_number": "11267", "source_name": "Microsoft-Windows-Time-Service", "provider_guid": "{06EDCFEB-0FD0-4E53-ACCA-A6F8BBF81BCB}", "computer_name": "CLIENT1", "host": {"name": "CLIENT1"}, "message": "The time service is now synchronizing the system time with the time source companyrouter.localdomain,0x9 (ntp.m|0x9|0.0.0.0:123->172.16.0.1:123).", "log_name": "System", "thread_id": 300, "opcode": "Info", "beat": {"hostname": "CLIENT1", "version": "6.3.1", "name": "CLIENT1"}, "event_id": 35, "user": {"domain": "NT AUTHORITY", "type": "Well Known Group", "identifier": "S-1-5-19", "name": "LOCAL SERVICE"}, "level": "Information", "label": {"reporter": ["system", "windows"]}}
{"@timestamp": "2019-01-15T12:39:59.312Z", "@metadata": {"beat": "winlogbeat", "type": "doc", "version": "6.3.1", "topic": "wineventlog_raw"}, "source_name": "Service Control Manager", "record_number": "11212", "host": {"name": "CLIENT1"}, "beat": {"name": "CLIENT1", "hostname": "CLIENT1", "version": "6.3.1"}, "event_id": 7036, "computer_name": "CLIENT1", "process_id": 436, "provider_guid": "{555908d1-a6d7-4695-8e1e-26931d2012f4}", "thread_id": 516, "event_data": {"param1": "Windows Audio Endpoint Builder", "param2": "running", "Binary": "41007500640069006F0045006E00640070006F0069006E0074004200750069006C006400650072002F0034000000"}, "level": "Information", "message": "The Windows Audio Endpoint Builder service entered the running state.", "type": "wineventlog", "log_name": "System", "keywords": ["Classic"], "label": {"reporter": ["system", "windows"], "action": ["execute"]}}
{"@timestamp": "2019-01-15T12:52:08.574Z", "@metadata": {"beat": "winlogbeat", "type": "doc", "version": "6.3.1", "topic": "wineventlog_raw"}, "level": "Information", "computer_name": "CLIENT1", "event_id": 7036, "beat": {"name": "CLIENT1", "hostname": "CLIENT1", "version": "6.3.1"}, "source_name": "Service Control Manager", "keywords": ["Classic"], "host": {"name": "CLIENT1"}, "message": "The Network Connections service entered the running state.", "event_data": {"Binary": "4E00650074006D0061006E002F0034000000", "param1": "Network Connections", "param2": "running"}, "provider_guid": "{555908d1-a6d7-4695-8e1e-26931d2012f4}", "type": "wineventlog", "record_number": "11274", "process_id": 436, "thread_id": 1076, "log_name": "System", "label": {"reporter": ["system", "windows"], "action": ["execute"]}}
{"@timestamp": "2019-01-15T12:51:50.167Z", "@metadata": {"beat": "winlogbeat", "type": "doc", "version": "6.3.1", "topic": "wineventlog_raw"}, "message": "Special privileges assigned to new logon.\n\nSubject:\n\tSecurity ID:\t\tS-1-5-21-1918032094-2382968797-800248713-1000\n\tAccount Name:\t\tbreach\n\tAccount Domain:\t\tCLIENT1\n\tLogon ID:\t\t0x28976\n\nPrivileges:\t\tSeSecurityPrivilege\n\t\t\tSeTakeOwnershipPrivilege\n\t\t\tSeLoadDriverPrivilege\n\t\t\tSeBackupPrivilege\n\t\t\tSeRestorePrivilege\n\t\t\tSeDebugPrivilege\n\t\t\tSeSystemEnvironmentPrivilege\n\t\t\tSeImpersonatePrivilege", "host": {"name": "CLIENT1"}, "event_data": {"SubjectUserName": "breach", "SubjectDomainName": "CLIENT1", "SubjectLogonId": "0x28976", "PrivilegeList": "SeSecurityPrivilege\n\t\t\tSeTakeOwnershipPrivilege\n\t\t\tSeLoadDriverPrivilege\n\t\t\tSeBackupPrivilege\n\t\t\tSeRestorePrivilege\n\t\t\tSeDebugPrivilege\n\t\t\tSeSystemEnvironmentPrivilege\n\t\t\tSeImpersonatePrivilege", "SubjectUserSid": "S-1-5-21-1918032094-2382968797-800248713-1000"}, "event_id": 4672, "log_name": "Security", "provider_guid": "{54849625-5478-4994-A5BA-3E3B0328C30D}", "keywords": ["Audit Success"], "source_name": "Microsoft-Windows-Security-Auditing", "beat": {"name": "CLIENT1", "hostname": "CLIENT1", "version": "6.3.1"}, "thread_id": 2044, "record_number": "4552", "type": "wineventlog", "process_id": 444, "level": "Information", "task": "Special Logon", "opcode": "Info", "computer_name": "CLIENT1", "label": {"reporter": ["system", "windows"]}}
{"@timestamp": "2018-11-13T16:02:00.514Z", "@metadata": {"beat": "winlogbeat", "type": "doc", "version": "6.3.1", "topic": "wineventlog_raw"}, "event_id": 7036, "record_number": "11163", "source_name": "Service Control Manager", "computer_name": "CLIENT1", "process_id": 436, "event_data": {"param1": "Adobe Flash Player Update Service", "param2": "running", "Binary": "410064006F006200650046006C0061007300680050006C0061007900650072005500700064006100740065005300760063002F0034000000"}, "host": {"name": "CLIENT1"}, "beat": {"name": "CLIENT1", "hostname": "CLIENT1", "version": "6.3.1"}, "keywords": ["Classic"], "message": "The Adobe Flash Player Update Service service entered the running state.", "thread_id": 3820, "type": "wineventlog", "level": "Information", "provider_guid": "{555908d1-a6d7-4695-8e1e-26931d2012f4}", "log_name": "System", "label": {"reporter": ["system", "windows"], "action": ["execute"]}}
{"@timestamp": "2019-01-15T12:42:14.257Z", "@metadata": {"beat": "winlogbeat", "type": "doc", "version": "6.3.1", "topic": "wineventlog_raw"}, "source_name": "Service Control Manager", "beat": {"name": "CLIENT1", "hostname": "CLIENT1", "version": "6.3.1"}, "event_id": 7036, "provider_guid": "{555908d1-a6d7-4695-8e1e-26931d2012f4}", "keywords": ["Classic"], "type": "wineventlog", "log_name": "System", "record_number": "11258", "thread_id": 636, "computer_name": "CLIENT1", "process_id": 436, "level": "Information", "message": "The Windows Font Cache Service service entered the running state.", "event_data": {"param1": "Windows Font Cache Service", "param2": "running", "Binary": "46006F006E007400430061006300680065002F0034000000"}, "host": {"name": "CLIENT1"}, "label": {"reporter": ["system", "windows"], "action": ["execute"]}}
{"@timestamp": "2019-01-15T12:39:56.875Z", "@metadata": {"beat": "winlogbeat", "type": "doc", "version": "6.3.1", "topic": "wineventlog_raw"}, "provider_guid": "{555908d1-a6d7-4695-8e1e-26931d2012f4}", "process_id": 436, "message": "The Plug and Play service entered the running state.", "type": "wineventlog", "source_name": "Service Control Manager", "level": "Information", "computer_name": "CLIENT1", "record_number": "11203", "event_id": 7036, "beat": {"version": "6.3.1", "name": "CLIENT1", "hostname": "CLIENT1"}, "host": {"name": "CLIENT1"}, "log_name": "System", "keywords": ["Classic"], "thread_id": 516, "event_data": {"param1": "Plug and Play", "param2": "running", "Binary": "50006C007500670050006C00610079002F0034000000"}, "label": {"reporter": ["system", "windows"], "action": ["execute"]}}
{"@timestamp": "2019-01-15T12:40:08.156Z", "@metadata": {"beat": "winlogbeat", "type": "doc", "version": "6.3.1", "topic": "wineventlog_raw"}, "keywords": ["Audit Success"], "computer_name": "CLIENT1", "host": {"name": "CLIENT1"}, "beat": {"version": "6.3.1", "name": "CLIENT1", "hostname": "CLIENT1"}, "source_name": "Microsoft-Windows-Security-Auditing", "level": "Information", "thread_id": 492, "opcode": "Info", "type": "wineventlog", "log_name": "Security", "event_data": {"LmPackageName": "-", "TargetDomainName": "NT AUTHORITY", "TargetLogonId": "0x3e7", "LogonType": "5", "SubjectUserName": "CLIENT1$", "TargetUserSid": "S-1-5-18", "TargetUserName": "SYSTEM", "LogonGuid": "{00000000-0000-0000-0000-000000000000}", "IpPort": "-", "ProcessName": "C:\\Windows\\System32\\services.exe", "LogonProcessName": "Advapi ", "AuthenticationPackageName": "Negotiate", "TransmittedServices": "-", "ProcessId": "0x1b4", "KeyLength": "0", "SubjectDomainName": "WORKGROUP", "SubjectUserSid": "S-1-5-18", "SubjectLogonId": "0x3e7", "IpAddress": "-"}, "message": "An account was successfully logged on.\n\nSubject:\n\tSecurity ID:\t\tS-1-5-18\n\tAccount Name:\t\tCLIENT1$\n\tAccount Domain:\t\tWORKGROUP\n\tLogon ID:\t\t0x3e7\n\nLogon Type:\t\t\t5\n\nNew Logon:\n\tSecurity ID:\t\tS-1-5-18\n\tAccount Name:\t\tSYSTEM\n\tAccount Domain:\t\tNT AUTHORITY\n\tLogon ID:\t\t0x3e7\n\tLogon GUID:\t\t{00000000-0000-0000-0000-000000000000}\n\nProcess Information:\n\tProcess ID:\t\t0x1b4\n\tProcess Name:\t\tC:\\Windows\\System32\\services.exe\n\nNetwork Information:\n\tWorkstation Name:\t\n\tSource Network Address:\t-\n\tSource Port:\t\t-\n\nDetailed Authentication Information:\n\tLogon Process:\t\tAdvapi \n\tAuthentication Package:\tNegotiate\n\tTransited Services:\t-\n\tPackage Name (NTLM only):\t-\n\tKey Length:\t\t0\n\nThis event is generated when a logon session is created. It is generated on the computer that was accessed.\n\nThe subject fields indicate the account on the local system which requested the logon. This is most commonly a service such as the Server service, or a local process such as Winlogon.exe or Services.exe.\n\nThe logon type field indicates the kind of logon that occurred. The most common types are 2 (interactive) and 3 (network).\n\nThe New Logon fields indicate the account for whom the new logon was created, i.e. the account that was logged on.\n\nThe network fields indicate where a remote logon request originated. Workstation name is not always available and may be left blank in some cases.\n\nThe authentication information fields provide detailed information about this specific logon request.\n\t- Logon GUID is a unique identifier that can be used to correlate this event with a KDC event.\n\t- Transited services indicate which intermediate services have participated in this logon request.\n\t- Package name indicates which sub-protocol was used among the NTLM protocols.\n\t- Key length indicates the length of the generated session key. This will be 0 if no session key was requested.", "record_number": "4542", "provider_guid": "{54849625-5478-4994-A5BA-3E3B0328C30D}", "event_id": 4624, "task": "Logon", "process_id": 444, "label": {"actor": ["service"], "action": ["authenticate"], "object": ["accounts", "windows"], "reporter": ["system", "windows"]}}
{"@timestamp": "2019-01-15T12:42:20.000Z", "@metadata": {"beat": "winlogbeat", "type": "doc", "version": "6.3.1", "topic": "wineventlog_raw"}, "keywords": ["Classic"], "record_number": "2841", "opcode": "Info", "event_data": {"param1": "Windows", "param2": "680", "param3": "Windows: ", "param4": "C:\\ProgramData\\Microsoft\\Search\\Data\\Applications\\Windows\\MSS.log"}, "beat": {"version": "6.3.1", "name": "CLIENT1", "hostname": "CLIENT1"}, "host": {"name": "CLIENT1"}, "message": "Windows (680) Windows: The database engine has begun replaying logfile C:\\ProgramData\\Microsoft\\Search\\Data\\Applications\\Windows\\MSS.log.", "log_name": "Application", "source_name": "ESENT", "event_id": 301, "type": "wineventlog", "computer_name": "CLIENT1", "level": "Information", "task": "Logging/Recovery", "label": {"reporter": ["database", "service", "windows"]}}
{"@timestamp": "2019-01-15T12:40:14.977Z", "@metadata": {"beat": "winlogbeat", "type": "doc", "version": "6.3.1", "topic": "wineventlog_raw"}, "process_id": 772, "provider_guid": "{1EDEEE53-0AFE-4609-B846-D8C0B2075B1F}", "version": 2, "level": "Information", "host": {"name": "CLIENT1"}, "thread_id": 788, "type": "wineventlog", "computer_name": "CLIENT1", "record_number": "2832", "event_id": 5617, "user": {"name": "SYSTEM", "domain": "NT AUTHORITY", "type": "User", "identifier": "S-1-5-18"}, "beat": {"name": "CLIENT1", "hostname": "CLIENT1", "version": "6.3.1"}, "message": "Windows Management Instrumentation Service subsystems initialized successfully", "opcode": "Info", "log_name": "Application", "source_name": "Microsoft-Windows-WMI", "label": {"reporter": ["system", "windows"]}}
{"@timestamp": "2019-01-15T12:39:42.531Z", "@metadata": {"beat": "winlogbeat", "type": "doc", "version": "6.3.1", "topic": "wineventlog_raw"}, "type": "wineventlog", "log_name": "System", "event_id": 12, "beat": {"name": "CLIENT1", "hostname": "CLIENT1", "version": "6.3.1"}, "computer_name": "CLIENT1", "level": "Information", "event_data": {"ServiceVersion": "1", "BootMode": "0", "StartTime": "2019-01-15T12:39:42.500000000Z", "MajorVersion": "6", "MinorVersion": "1", "BuildVersion": "7601", "QfeVersion": "18741"}, "host": {"name": "CLIENT1"}, "user": {"type": "User", "identifier": "S-1-5-18", "name": "SYSTEM", "domain": "NT AUTHORITY"}, "opcode": "Info", "message": "The operating system started at system time \u200e2019\u200e-\u200e01\u200e-\u200e15T12:39:42.500000000Z.", "source_name": "Microsoft-Windows-Kernel-General", "process_id": 4, "thread_id": 8, "record_number": "11200", "provider_guid": "{A68CA8B7-004F-D7B6-A698-07E2DE0F1F5D}", "label": {"reporter": ["system", "windows"]}}
{"@timestamp": "2018-11-13T16:02:08.167Z", "@metadata": {"beat": "winlogbeat", "type": "doc", "version": "6.3.1", "topic": "wineventlog_raw"}, "thread_id": 2952, "type": "wineventlog", "provider_guid": "{A68CA8B7-004F-D7B6-A698-07E2DE0F1F5D}", "log_name": "System", "opcode": "Info", "keywords": ["Time"], "computer_name": "CLIENT1", "event_id": 1, "level": "Information", "process_id": 940, "event_data": {"NewTime": "2018-11-13T16:02:08.167000000Z", "OldTime": "2018-11-13T16:02:08.167014000Z"}, "source_name": "Microsoft-Windows-Kernel-General", "beat": {"name": "CLIENT1", "hostname": "CLIENT1", "version": "6.3.1"}, "user": {"name": "LOCAL SERVICE", "domain": "NT AUTHORITY", "type": "Well Known Group", "identifier": "S-1-5-19"}, "record_number": "11180", "message": "The system time has changed to \u200e2018\u200e-\u200e11\u200e-\u200e13T16:02:08.167000000Z from \u200e2018\u200e-\u200e11\u200e-\u200e13T16:02:08.167014000Z.", "host": {"name": "CLIENT1"}, "label": {"reporter": ["system", "windows"]}}
{"@timestamp": "2019-01-15T12:39:57.750Z", "@metadata": {"beat": "winlogbeat", "type": "doc", "version": "6.3.1", "topic": "wineventlog_raw"}, "provider_guid": "{555908d1-a6d7-4695-8e1e-26931d2012f4}", "keywords": ["Classic"], "process_id": 436, "type": "wineventlog", "level": "Information", "message": "The Remote Procedure Call (RPC) service entered the running state.", "event_id": 7036, "computer_name": "CLIENT1", "source_name": "Service Control Manager", "beat": {"name": "CLIENT1", "hostname": "CLIENT1", "version": "6.3.1"}, "thread_id": 524, "host": {"name": "CLIENT1"}, "record_number": "11209", "event_data": {"param1": "Remote Procedure Call (RPC)", "param2": "running", "Binary": "520070006300530073002F0034000000"}, "log_name": "System", "label": {"reporter": ["system", "windows"], "action": ["execute"]}}
{"@timestamp": "2019-01-15T12:42:17.000Z", "@metadata": {"beat": "winlogbeat", "type": "doc", "version": "6.3.1", "topic": "wineventlog_raw"}, "host": {"name": "CLIENT1"}, "event_id": 1, "keywords": ["Classic"], "source_name": "SecurityCenter", "type": "wineventlog", "beat": {"name": "CLIENT1", "hostname": "CLIENT1", "version": "6.3.1"}, "level": "Information", "opcode": "Info", "message": "The Windows Security Center Service has started.", "log_name": "Application", "computer_name": "CLIENT1", "record_number": "2835", "label": {"action": ["execute"], "reporter": ["system", "windows"]}}
{"@timestamp": "2019-01-15T12:40:00.875Z", "@metadata": {"beat": "winlogbeat", "type": "doc", "version": "6.3.1", "topic": "wineventlog_raw"}, "source_name": "Service Control Manager", "computer_name": "CLIENT1", "provider_guid": "{555908d1-a6d7-4695-8e1e-26931d2012f4}", "level": "Information", "process_id": 436, "beat": {"name": "CLIENT1", "hostname": "CLIENT1", "version": "6.3.1"}, "thread_id": 524, "host": {"name": "CLIENT1"}, "event_data": {"param1": "System Event Notification Service", "param2": "running", "Binary": "530045004E0053002F0034000000"}, "message": "The System Event Notification Service service entered the running state.", "record_number": "11219", "keywords": ["Classic"], "log_name": "System", "event_id": 7036, "type": "wineventlog", "label": {"reporter": ["system", "windows"], "action": ["execute"]}}
{"@timestamp": "2019-01-15T12:58:38.807Z", "@metadata": {"beat": "winlogbeat", "type": "doc", "version": "6.3.1", "topic": "wineventlog_raw"}, "record_number": "11280", "provider_guid": "{555908d1-a6d7-4695-8e1e-26931d2012f4}", "level": "Information", "keywords": ["Classic"], "event_data": {"Binary": "5000630061005300760063002F0034000000", "param1": "Program Compatibility Assistant Service", "param2": "running"}, "log_name": "System", "event_id": 7036, "type": "wineventlog", "computer_name": "CLIENT1", "beat": {"name": "CLIENT1", "hostname": "CLIENT1", "version": "6.3.1"}, "process_id": 436, "thread_id": 3680, "host": {"name": "CLIENT1"}, "message": "The Program Compatibility Assistant Service service entered the running state.", "source_name": "Service Control Manager", "label": {"reporter": ["system", "windows"], "action": ["execute"]}}
{"@timestamp": "2018-11-13T16:02:08.167Z", "@metadata": {"beat": "winlogbeat", "type": "doc", "version": "6.3.1", "topic": "wineventlog_raw"}, "computer_name": "CLIENT1", "opcode": "Info", "event_id": 4616, "record_number": "4525", "thread_id": 68, "provider_guid": "{54849625-5478-4994-A5BA-3E3B0328C30D}", "process_id": 4, "version": 1, "host": {"name": "CLIENT1"}, "log_name": "Security", "keywords": ["Audit Success"], "source_name": "Microsoft-Windows-Security-Auditing", "message": "The system time was changed.\n\nSubject:\n\tSecurity ID:\t\tS-1-5-19\n\tAccount Name:\t\tLOCAL SERVICE\n\tAccount Domain:\t\tNT AUTHORITY\n\tLogon ID:\t\t0x3e5\n\nProcess Information:\n\tProcess ID:\t0x3ac\n\tName:\t\tC:\\Windows\\System32\\svchost.exe\n\nPrevious Time:\t\t\u200e2018\u200e-\u200e11\u200e-\u200e13T16:02:08.167014000Z\nNew Time:\t\t\u200e2018\u200e-\u200e11\u200e-\u200e13T16:02:08.167000000Z\n\nThis event is generated when the system time is changed. It is normal for the Windows Time Service, which runs with System privilege, to change the system time on a regular basis. Other system time changes may be indicative of attempts to tamper with the computer.", "task": "Security State Change", "beat": {"name": "CLIENT1", "hostname": "CLIENT1", "version": "6.3.1"}, "type": "wineventlog", "event_data": {"SubjectUserSid": "S-1-5-19", "SubjectDomainName": "NT AUTHORITY", "NewTime": "2018-11-13T16:02:08.167000000Z", "ProcessName": "C:\\Windows\\System32\\svchost.exe", "SubjectUserName": "LOCAL SERVICE", "SubjectLogonId": "0x3e5", "PreviousTime": "2018-11-13T16:02:08.167014000Z", "ProcessId": "0x3ac"}, "level": "Information", "label": {"reporter": ["system", "windows"]}}
{"@timestamp": "2018-11-13T16:02:08.317Z", "@metadata": {"beat": "winlogbeat", "type": "doc", "version": "6.3.1", "topic": "wineventlog_raw"}, "process_id": 436, "host": {"name": "CLIENT1"}, "keywords": ["Classic"], "type": "wineventlog", "source_name": "Service Control Manager", "record_number": "11189", "log_name": "System", "level": "Information", "event_data": {"param1": "Windows Event Log", "param2": "stopped", "Binary": "6500760065006E0074006C006F0067002F0031000000"}, "provider_guid": "{555908d1-a6d7-4695-8e1e-26931d2012f4}", "thread_id": 3820, "computer_name": "CLIENT1", "event_id": 7036, "message": "The Windows Event Log service entered the stopped state.", "beat": {"name": "CLIENT1", "hostname": "CLIENT1", "version": "6.3.1"}, "label": {"reporter": ["system", "windows"]}}
{"@timestamp": "2019-01-15T12:42:25.071Z", "@metadata": {"beat": "winlogbeat", "type": "doc", "version": "6.3.1", "topic": "wineventlog_raw"}, "record_number": "11266", "process_id": 436, "event_id": 7036, "thread_id": 240, "event_data": {"param2": "running", "Binary": "770075006100750073006500720076002F0034000000", "param1": "Windows Update"}, "host": {"name": "CLIENT1"}, "log_name": "System", "level": "Information", "computer_name": "CLIENT1", "type": "wineventlog", "source_name": "Service Control Manager", "provider_guid": "{555908d1-a6d7-4695-8e1e-26931d2012f4}", "beat": {"name": "CLIENT1", "hostname": "CLIENT1", "version": "6.3.1"}, "keywords": ["Classic"], "message": "The Windows Update service entered the running state.", "label": {"reporter": ["system", "windows"], "action": ["execute"]}}
{"@timestamp": "2019-01-15T12:40:00.593Z", "@metadata": {"beat": "winlogbeat", "type": "doc", "version": "6.3.1", "topic": "wineventlog_raw"}, "thread_id": 524, "event_id": 7036, "record_number": "11216", "computer_name": "CLIENT1", "message": "The Offline Files service entered the running state.", "beat": {"name": "CLIENT1", "hostname": "CLIENT1", "version": "6.3.1"}, "level": "Information", "event_data": {"param1": "Offline Files", "param2": "running", "Binary": "43007300630053006500720076006900630065002F0034000000"}, "keywords": ["Classic"], "host": {"name": "CLIENT1"}, "log_name": "System", "provider_guid": "{555908d1-a6d7-4695-8e1e-26931d2012f4}", "process_id": 436, "type": "wineventlog", "source_name": "Service Control Manager", "label": {"reporter": ["system", "windows"], "action": ["execute"]}}
{"@timestamp": "2018-11-13T16:02:07.645Z", "@metadata": {"beat": "winlogbeat", "type": "doc", "version": "6.3.1", "topic": "wineventlog_raw"}, "provider_guid": "{555908d1-a6d7-4695-8e1e-26931d2012f4}", "keywords": ["Classic"], "thread_id": 3820, "source_name": "Service Control Manager", "type": "wineventlog", "message": "The Diagnostic System Host service entered the stopped state.", "process_id": 436, "record_number": "11170", "event_id": 7036, "host": {"name": "CLIENT1"}, "level": "Information", "log_name": "System", "computer_name": "CLIENT1", "event_data": {"param1": "Diagnostic System Host", "param2": "stopped", "Binary": "570064006900530079007300740065006D0048006F00730074002F0031000000"}, "beat": {"hostname": "CLIENT1", "version": "6.3.1", "name": "CLIENT1"}, "label": {"reporter": ["system", "windows"]}}
