{"@timestamp": "2019-01-15T12:51:50.167Z", "@metadata": {"beat": "winlogbeat", "type": "doc", "version": "6.3.1", "topic": "wineventlog_raw"}, "computer_name": "CLIENT1", "log_name": "Security", "thread_id": 2044, "event_data": {"ProcessId": "0x178", "AuthenticationPackageName": "Negotiate", "TargetUserName": "breach", "TargetDomainName": "CLIENT1", "KeyLength": "0", "ProcessName": "C:\\Windows\\System32\\winlogon.exe", "TargetLogonId": "0x28976", "TransmittedServices": "-", "WorkstationName": "CLIENT1", "LogonType": "2", "TargetUserSid": "S-1-5-21-1918032094-2382968797-800248713-1000", "LogonGuid": "{00000000-0000-0000-0000-000000000000}", "SubjectDomainName": "WORKGROUP", "LogonProcessName": "User32 ", "SubjectUserSid": "S-1-5-18", "SubjectUserName": "CLIENT1$", "IpAddress": "127.0.0.1", "SubjectLogonId": "0x3e7", "LmPackageName": "-", "IpPort": "0"}, "type": "wineventlog", "level": "Information", "task": "Logon", "provider_guid": "{54849625-5478-4994-A5BA-3E3B0328C30D}", "source_name": "Microsoft-Windows-Security-Auditing", "keywords": ["Audit Success"], "opcode": "Info", "process_id": 444, "message": "An account was successfully logged on.\n\nSubject:\n\tSecurity ID:\t\tS-1-5-18\n\tAccount Name:\t\tCLIENT1$\n\tAccount Domain:\t\tWORKGROUP\n\tLogon ID:\t\t0x3e7\n\nLogon Type:\t\t\t2\n\nNew Logon:\n\tSecurity ID:\t\tS-1-5-21-1918032094-2382968797-800248713-1000\n\tAccount Name:\t\tbreach\n\tAccount Domain:\t\tCLIENT1\n\tLogon ID:\t\t0x28976\n\tLogon GUID:\t\t{00000000-0000-0000-0000-000000000000}\n\nProcess Information:\n\tProcess ID:\t\t0x178\n\tProcess Name:\t\tC:\\Windows\\System32\\winlogon.exe\n\nNetwork Information:\n\tWorkstation Name:\tCLIENT1\n\tSource Network Address:\t127.0.0.1\n\tSource Port:\t\t0\n\nDetailed Authentication Information:\n\tLogon Process:\t\tUser32 \n\tAuthentication Package:\tNegotiate\n\tTransited Services:\t-\n\tPackage Name (NTLM only):\t-\n\tKey Length:\t\t0\n\nThis event is generated when a logon session is created. It is generated on the computer that was accessed.\n\nThe subject fields indicate the account on the local system which requested the logon. This is most commonly a service such as the Server service, or a local process such as Winlogon.exe or Services.exe.\n\nThe logon type field indicates the kind of logon that occurred. The most common types are 2 (interactive) and 3 (network).\n\nThe New Logon fields indicate the account for whom the new logon was created, i.e. the account that was logged on.\n\nThe network fields indicate where a remote logon request originated. Workstation name is not always available and may be left blank in some cases.\n\nThe authentication information fields provide detailed information about this specific logon request.\n\t- Logon GUID is a unique identifier that can be used to correlate this event with a KDC event.\n\t- Transited services indicate which intermediate services have participated in this logon request.\n\t- Package name indicates which sub-protocol was used among the NTLM protocols.\n\t- Key length indicates the length of the generated session key. This will be 0 if no session key was requested.", "event_id": 4624, "host": {"name": "CLIENT1"}, "beat": {"name": "CLIENT1", "hostname": "CLIENT1", "version": "6.3.1"}, "record_number": "4551", "label": {"actor": ["user"], "action": ["authenticate"], "object": ["accounts", "windows"], "reporter": ["system", "windows"]}}
{"@timestamp": "2019-01-15T12:42:16.446Z", "@metadata": {"beat": "winlogbeat", "type": "doc", "version": "6.3.1", "topic": "wineventlog_raw"}, "provider_guid": "{54849625-5478-4994-A5BA-3E3B0328C30D}", "thread_id": 844, "keywords": ["Audit Success"], "event_id": 4672, "log_name": "Security", "record_number": "4549", "computer_name": "CLIENT1", "task": "Special Logon", "opcode": "Info", "event_data": {"PrivilegeList": "SeAssignPrimaryTokenPrivilege\n\t\t\tSeTcbPrivilege\n\t\t\tSeSecurityPrivilege\n\t\t\tSeTakeOwnershipPrivilege\n\t\t\tSeLoadDriverPrivilege\n\t\t\tSeBackupPrivilege\n\t\t\tSeRestorePrivilege\n\t\t\tSeDebugPrivilege\n\t\t\tSeAuditPrivilege\n\t\t\tSeSystemEnvironmentPrivilege\n\t\t\tSeImpersonatePrivilege", "SubjectUserSid": "S-1-5-18", "SubjectUserName": "SYSTEM", "SubjectDomainName": "NT AUTHORITY", "SubjectLogonId": "0x3e7"}, "level": "Information", "process_id": 444, "source_name": "Microsoft-Windows-Security-Auditing", "beat": {"name": "CLIENT1", "hostname": "CLIENT1", "version": "6.3.1"}, "host": {"name": "CLIENT1"}, "type": "wineventlog", "message": "Special privileges assigned to new logon.\n\nSubject:\n\tSecurity ID:\t\tS-1-5-18\n\tAccount Name:\t\tSYSTEM\n\tAccount Domain:\t\tNT AUTHORITY\n\tLogon ID:\t\t0x3e7\n\nPrivileges:\t\tSeAssignPrimaryTokenPrivilege\n\t\t\tSeTcbPrivilege\n\t\t\tSeSecurityPrivilege\n\t\t\tSeTakeOwnershipPrivilege\n\t\t\tSeLoadDriverPrivilege\n\t\t\tSeBackupPrivilege\n\t\t\tSeRestorePrivilege\n\t\t\tSeDebugPrivilege\n\t\t\tSeAuditPrivilege\n\t\t\tSeSystemEnvironmentPrivilege\n\t\t\tSeImpersonatePrivilege", "label": {"reporter": ["system", "windows"]}}
{"@timestamp": "2019-01-15T12:40:08.390Z", "@metadata": {"beat": "winlogbeat", "type": "doc", "version": "6.3.1", "topic": "wineventlog_raw"}, "record_number": "11237", "keywords": ["Classic"], "source_name": "Service Control Manager", "level": "Information", "process_id": 436, "beat": {"name": "CLIENT1", "hostname": "CLIENT1", "version": "6.3.1"}, "host": {"name": "CLIENT1"}, "event_id": 7036, "provider_guid": "{555908d1-a6d7-4695-8e1e-26931d2012f4}", "message": "The ImDisk Virtual Disk Driver Helper service entered the running state.", "thread_id": 516, "type": "wineventlog", "event_data": {"param1": "ImDisk Virtual Disk Driver Helper", "param2": "running", "Binary": "49006D00440073006B005300760063002F0034000000"}, "computer_name": "CLIENT1", "log_name": "System", "label": {"reporter": ["system", "windows"], "action": ["execute"]}}
{"@timestamp": "2019-01-15T12:58:38.807Z", "@metadata": {"beat": "winlogbeat", "type": "doc", "version": "6.3.1", "topic": "wineventlog_raw"}, "log_name": "System", "computer_name": "CLIENT1", "record_number": "11279", "source_name": "Microsoft-Windows-Application-Experience", "level": "Information", "thread_id": 3892, "opcode": "Info", "message": "The Program Compatibility Assistant service started successfully.", "beat": {"name": "CLIENT1", "hostname": "CLIENT1", "version": "6.3.1"}, "process_id": 748, "type": "wineventlog", "event_id": 201, "provider_guid": "{EEF54E71-0661-422D-9A98-82FD4940B820}", "user": {"identifier": "S-1-5-18", "name": "SYSTEM", "domain": "NT AUTHORITY", "type": "User"}, "host": {"name": "CLIENT1"}, "label": {"reporter": ["system", "windows"]}}
{"@timestamp": "2019-01-15T12:40:02.578Z", "@metadata": {"beat": "winlogbeat", "type": "doc", "version": "6.3.1", "topic": "wineventlog_raw"}, "source_name": "Microsoft-Windows-DHCPv6-Client", "provider_guid": "{6A1F2B00-6A90-4C38-95A5-5CAB3B056778}", "record_number": "11225", "process_id": 708, "computer_name": "CLIENT1", "beat": {"name": "CLIENT1", "hostname": "CLIENT1", "version": "6.3.1"}, "host": {"name": "CLIENT1"}, "type": "wineventlog", "log_name": "System", "level": "Information", "task": "Service State Event", "user": {"type": "Well Known Group", "identifier": "S-1-5-19", "name": "LOCAL SERVICE", "domain": "NT AUTHORITY"}, "opcode": "ServiceStart", "event_id": 51046, "thread_id": 1052, "message": "DHCPv6 client service is started", "label": {"reporter": ["system", "windows"]}}
{"@timestamp": "2019-01-15T12:40:08.625Z", "@metadata": {"beat": "winlogbeat", "type": "doc", "version": "6.3.1", "topic": "wineventlog_raw"}, "task": "Other System Events", "process_id": 444, "message": "The Windows Firewall service started successfully.", "record_number": "4544", "event_id": 5024, "type": "wineventlog", "level": "Information", "host": {"name": "CLIENT1"}, "beat": {"version": "6.3.1", "name": "CLIENT1", "hostname": "CLIENT1"}, "opcode": "Info", "keywords": ["Audit Success"], "thread_id": 492, "log_name": "Security", "source_name": "Microsoft-Windows-Security-Auditing", "provider_guid": "{54849625-5478-4994-A5BA-3E3B0328C30D}", "computer_name": "CLIENT1", "label": {"reporter": ["system", "windows"]}}
{"@timestamp": "2019-01-15T12:40:00.734Z", "@metadata": {"beat": "winlogbeat", "type": "doc", "version": "6.3.1", "topic": "wineventlog_raw"}, "source_name": "Service Control Manager", "keywords": ["Classic"], "level": "Information", "beat": {"name": "CLIENT1", "hostname": "CLIENT1", "version": "6.3.1"}, "host": {"name": "CLIENT1"}, "record_number": "11218", "event_id": 7036, "thread_id": 524, "log_name": "System", "computer_name": "CLIENT1", "provider_guid": "{555908d1-a6d7-4695-8e1e-26931d2012f4}", "event_data": {"param1": "COM+ Event System", "param2": "running", "Binary": "4500760065006E007400530079007300740065006D002F0034000000"}, "process_id": 436, "message": "The COM+ Event System service entered the running state.", "type": "wineventlog", "label": {"reporter": ["system", "windows"], "action": ["execute"]}}
{"@timestamp": "2019-01-15T12:51:50.338Z", "@metadata": {"beat": "winlogbeat", "type": "doc", "version": "6.3.1", "topic": "wineventlog_raw"}, "process_id": 376, "event_data": {"TSId": "1", "UserSid": "S-1-5-21-1918032094-2382968797-800248713-1000"}, "provider_guid": "{DBE9B383-7CF3-4331-91CC-A3CB16A3B538}", "type": "wineventlog", "activity_id": "{67144949-5132-4859-8036-A737B43825D8}", "log_name": "System", "opcode": "Info", "host": {"name": "CLIENT1"}, "level": "Information", "thread_id": 404, "event_id": 7001, "computer_name": "CLIENT1", "message": "User Logon Notification for Customer Experience Improvement Program", "source_name": "Microsoft-Windows-Winlogon", "record_number": "11273", "user": {"identifier": "S-1-5-18", "name": "SYSTEM", "domain": "NT AUTHORITY", "type": "User"}, "beat": {"name": "CLIENT1", "hostname": "CLIENT1", "version": "6.3.1"}, "label": {"reporter": ["system", "windows"]}}
{"@timestamp": "2019-01-15T12:46:08.611Z", "@metadata": {"beat": "winlogbeat", "type": "doc", "version": "6.3.1", "topic": "wineventlog_raw"}, "type": "wineventlog", "host": {"name": "CLIENT1"}, "thread_id": 424, "provider_guid": "{555908d1-a6d7-4695-8e1e-26931d2012f4}", "message": "The Shell Hardware Detection service entered the running state.", "record_number": "11270", "source_name": "Service Control Manager", "level": "Information", "event_data": {"param1": "Shell Hardware Detection", "param2": "running", "Binary": "5300680065006C006C004800570044006500740065006300740069006F006E002F0034000000"}, "log_name": "System", "event_id": 7036, "keywords": ["Classic"], "beat": {"name": "CLIENT1", "hostname": "CLIENT1", "version": "6.3.1"}, "process_id": 436, "computer_name": "CLIENT1", "label": {"reporter": ["system", "windows"], "action": ["execute"]}}
{"@timestamp": "2019-01-15T12:40:13.543Z", "@metadata": {"beat": "winlogbeat", "type": "doc", "version": "6.3.1", "topic": "wineventlog_raw"}, "level": "Information", "provider_guid": "{555908d1-a6d7-4695-8e1e-26931d2012f4}", "keywords": ["Classic"], "process_id": 436, "beat": {"name": "CLIENT1", "hostname": "CLIENT1", "version": "6.3.1"}, "type": "wineventlog", "record_number": "11246", "event_id": 7036, "event_data": {"param2": "running", "Binary": "4C0061006E006D0061006E005300650072007600650072002F0034000000", "param1": "Server"}, "host": {"name": "CLIENT1"}, "source_name": "Service Control Manager", "log_name": "System", "computer_name": "CLIENT1", "message": "The Server service entered the running state.", "thread_id": 524, "label": {"reporter": ["system", "windows"], "action": ["execute"]}}
{"@timestamp": "2019-01-15T12:40:03.765Z", "@metadata": {"beat": "winlogbeat", "type": "doc", "version": "6.3.1", "topic": "wineventlog_raw"}, "type": "wineventlog", "source_name": "Service Control Manager", "log_name": "System", "message": "The Task Scheduler service entered the running state.", "process_id": 436, "record_number": "11229", "thread_id": 516, "event_data": {"param1": "Task Scheduler", "param2": "running", "Binary": "5300630068006500640075006C0065002F0034000000"}, "computer_name": "CLIENT1", "event_id": 7036, "provider_guid": "{555908d1-a6d7-4695-8e1e-26931d2012f4}", "host": {"name": "CLIENT1"}, "level": "Information", "keywords": ["Classic"], "beat": {"name": "CLIENT1", "hostname": "CLIENT1", "version": "6.3.1"}, "label": {"reporter": ["system", "windows"], "action": ["execute"]}}
{"@timestamp": "2019-01-15T12:51:51.000Z", "@metadata": {"beat": "winlogbeat", "type": "doc", "version": "6.3.1", "topic": "wineventlog_raw"}, "level": "Warning", "beat": {"name": "CLIENT1", "hostname": "CLIENT1", "version": "6.3.1"}, "computer_name": "CLIENT1", "record_number": "2845", "keywords": ["Classic"], "event_id": 4105, "message": "Windows is in Notification period.", "event_data": {"param2": "0x00000000", "param1": "0x00000000"}, "host": {"name": "CLIENT1"}, "log_name": "Application", "type": "wineventlog", "source_name": "Microsoft-Windows-Winlogon", "provider_guid": "{DBE9B383-7CF3-4331-91CC-A3CB16A3B538}", "label": {"reporter": ["system", "windows"]}}
{"@timestamp": "2019-01-15T12:40:12.981Z", "@metadata": {"beat": "winlogbeat", "type": "doc", "version": "6.3.1", "topic": "wineventlog_raw"}, "level": "Information", "keywords": ["Classic"], "process_id": 436, "source_name": "Service Control Manager", "thread_id": 516, "host": {"name": "CLIENT1"}, "record_number": "11245", "provider_guid": "{555908d1-a6d7-4695-8e1e-26931d2012f4}", "beat": {"name": "CLIENT1", "hostname": "CLIENT1", "version": "6.3.1"}, "event_data": {"param1": "IP Helper", "param2": "running", "Binary": "6900700068006C0070007300760063002F0034000000"}, "type": "wineventlog", "computer_name": "CLIENT1", "event_id": 7036, "message": "The IP Helper service entered the running state.", "log_name": "System", "label": {"reporter": ["system", "windows"], "action": ["execute"]}}
{"@timestamp": "2019-01-15T12:40:14.145Z", "@metadata": {"beat": "winlogbeat", "type": "doc", "version": "6.3.1", "topic": "wineventlog_raw"}, "process_id": 436, "provider_guid": "{555908d1-a6d7-4695-8e1e-26931d2012f4}", "beat": {"name": "CLIENT1", "hostname": "CLIENT1", "version": "6.3.1"}, "source_name": "Service Control Manager", "level": "Information", "log_name": "System", "host": {"name": "CLIENT1"}, "message": "The IPsec Policy Agent service entered the running state.", "event_data": {"param1": "IPsec Policy Agent", "param2": "running", "Binary": "50006F006C006900630079004100670065006E0074002F0034000000"}, "keywords": ["Classic"], "type": "wineventlog", "event_id": 7036, "computer_name": "CLIENT1", "record_number": "11250", "thread_id": 1784, "label": {"reporter": ["system", "windows"], "action": ["execute"]}}
{"@timestamp": "2019-01-15T12:42:14.164Z", "@metadata": {"beat": "winlogbeat", "type": "doc", "version": "6.3.1", "topic": "wineventlog_raw"}, "provider_guid": "{555908d1-a6d7-4695-8e1e-26931d2012f4}", "level": "Information", "host": {"name": "CLIENT1"}, "log_name": "System", "event_id": 7036, "record_number": "11257", "message": "The Portable Device Enumerator Service service entered the stopped state.", "process_id": 436, "beat": {"version": "6.3.1", "name": "CLIENT1", "hostname": "CLIENT1"}, "type": "wineventlog", "source_name": "Service Control Manager", "keywords": ["Classic"], "thread_id": 636, "event_data": {"param1": "Portable Device Enumerator Service", "param2": "stopped", "Binary": "57005000440042007500730045006E0075006D002F0031000000"}, "computer_name": "CLIENT1", "label": {"reporter": ["system", "windows"]}}
{"@timestamp": "2019-01-15T12:42:20.000Z", "@metadata": {"beat": "winlogbeat", "type": "doc", "version": "6.3.1", "topic": "wineventlog_raw"}, "log_name": "Application", "level": "Information", "source_name": "ESENT", "event_id": 300, "event_data": {"param3": "Windows: ", "param1": "Windows", "param2": "680"}, "host": {"name": "CLIENT1"}, "keywords": ["Classic"], "message": "Windows (680) Windows: The database engine is initiating recovery steps.", "task": "Logging/Recovery", "type": "wineventlog", "computer_name": "CLIENT1", "record_number": "2840", "opcode": "Info", "beat": {"name": "CLIENT1", "hostname": "CLIENT1", "version": "6.3.1"}, "label": {"reporter": ["database", "service", "windows"]}}
{"@timestamp": "2019-01-15T12:40:02.656Z", "@metadata": {"beat": "winlogbeat", "type": "doc", "version": "6.3.1", "topic": "wineventlog_raw"}, "provider_guid": "{555908d1-a6d7-4695-8e1e-26931d2012f4}", "keywords": ["Classic"], "event_id": 7036, "event_data": {"param1": "Shell Hardware Detection", "param2": "running", "Binary": "5300680065006C006C004800570044006500740065006300740069006F006E002F0034000000"}, "source_name": "Service Control Manager", "beat": {"name": "CLIENT1", "hostname": "CLIENT1", "version": "6.3.1"}, "type": "wineventlog", "computer_name": "CLIENT1", "record_number": "11228", "level": "Information", "log_name": "System", "thread_id": 1092, "host": {"name": "CLIENT1"}, "process_id": 436, "message": "The Shell Hardware Detection service entered the running state.", "label": {"reporter": ["system", "windows"], "action": ["execute"]}}
{"@timestamp": "2019-01-15T12:40:00.421Z", "@metadata": {"beat": "winlogbeat", "type": "doc", "version": "6.3.1", "topic": "wineventlog_raw"}, "process_id": 436, "source_name": "Service Control Manager", "beat": {"name": "CLIENT1", "hostname": "CLIENT1", "version": "6.3.1"}, "keywords": ["Classic"], "message": "The User Profile Service service entered the running state.", "event_data": {"param1": "User Profile Service", "param2": "running", "Binary": "500072006F0066005300760063002F0034000000"}, "log_name": "System", "computer_name": "CLIENT1", "event_id": 7036, "record_number": "11215", "level": "Information", "type": "wineventlog", "provider_guid": "{555908d1-a6d7-4695-8e1e-26931d2012f4}", "thread_id": 524, "host": {"name": "CLIENT1"}, "label": {"reporter": ["system", "windows"], "action": ["execute"]}}
{"@timestamp": "2019-01-15T12:40:06.453Z", "@metadata": {"beat": "winlogbeat", "type": "doc", "version": "6.3.1", "topic": "wineventlog_raw"}, "log_name": "Security", "thread_id": 56, "source_name": "Microsoft-Windows-Security-Auditing", "opcode": "Info", "event_id": 5033, "beat": {"name": "CLIENT1", "hostname": "CLIENT1", "version": "6.3.1"}, "host": {"name": "CLIENT1"}, "task": "Other System Events", "provider_guid": "{54849625-5478-4994-A5BA-3E3B0328C30D}", "level": "Information", "record_number": "4541", "keywords": ["Audit Success"], "process_id": 4, "computer_name": "CLIENT1", "message": "The Windows Firewall Driver started successfully.", "type": "wineventlog", "label": {"reporter": ["system", "windows"]}}
{"@timestamp": "2018-11-13T16:02:07.000Z", "@metadata": {"beat": "winlogbeat", "type": "doc", "version": "6.3.1", "topic": "wineventlog_raw"}, "event_data": {"Binary": "0100000000000000"}, "log_name": "System", "computer_name": "CLIENT1", "keywords": ["Classic"], "message": "The Event log service was stopped.", "host": {"name": "CLIENT1"}, "event_id": 6006, "level": "Information", "source_name": "EventLog", "beat": {"hostname": "CLIENT1", "version": "6.3.1", "name": "CLIENT1"}, "type": "wineventlog", "record_number": "11165", "label": {"action": ["terminate"], "reporter": ["system", "windows"]}}
{"@timestamp": "2019-01-15T12:42:13.834Z", "@metadata": {"beat": "winlogbeat", "type": "doc", "version": "6.3.1", "topic": "wineventlog_raw"}, "event_data": {"Binary": "63006C0072005F006F007000740069006D0069007A006100740069006F006E005F00760034002E0030002E00330030003300310039005F00330032002F0031000000", "param1": "Microsoft .NET Framework NGEN v4.0.30319_X86", "param2": "stopped"}, "record_number": "11256", "event_id": 7036, "beat": {"name": "CLIENT1", "hostname": "CLIENT1", "version": "6.3.1"}, "host": {"name": "CLIENT1"}, "type": "wineventlog", "source_name": "Service Control Manager", "computer_name": "CLIENT1", "provider_guid": "{555908d1-a6d7-4695-8e1e-26931d2012f4}", "process_id": 436, "log_name": "System", "thread_id": 636, "keywords": ["Classic"], "message": "The Microsoft .NET Framework NGEN v4.0.30319_X86 service entered the stopped state.", "level": "Information", "label": {"reporter": ["system", "windows"]}}
{"@timestamp": "2019-01-15T12:40:02.281Z", "@metadata": {"beat": "winlogbeat", "type": "doc", "version": "6.3.1", "topic": "wineventlog_raw"}, "type": "wineventlog", "source_name": "Service Control Manager", "record_number": "11223", "thread_id": 524, "message": "The TCP/IP NetBIOS Helper service entered the running state.", "process_id": 436, "event_data": {"param1": "TCP/IP NetBIOS Helper", "param2": "running", "Binary": "6C006D0068006F007300740073002F0034000000"}, "keywords": ["Classic"], "beat": {"name": "CLIENT1", "hostname": "CLIENT1", "version": "6.3.1"}, "provider_guid": "{555908d1-a6d7-4695-8e1e-26931d2012f4}", "log_name": "System", "event_id": 7036, "computer_name": "CLIENT1", "host": {"name": "CLIENT1"}, "level": "Information", "label": {"reporter": ["system", "windows"], "action": ["execute"]}}
{"@timestamp": "2019-01-15T12:42:21.000Z", "@metadata": {"beat": "winlogbeat", "type": "doc", "version": "6.3.1", "topic": "wineventlog_raw"}, "opcode": "Info", "source_name": "ESENT", "message": "Windows (680) Windows: The database engine has successfully completed recovery steps.", "event_data": {"param1": "Windows", "param2": "680", "param3": "Windows: "}, "record_number": "2842", "computer_name": "CLIENT1", "log_name": "Application", "type": "wineventlog", "keywords": ["Classic"], "level": "Information", "event_id": 302, "task": "Logging/Recovery", "beat": {"name": "CLIENT1", "hostname": "CLIENT1", "version": "6.3.1"}, "host": {"name": "CLIENT1"}, "label": {"reporter": ["database", "service", "windows"]}}
{"@timestamp": "2018-11-13T16:02:09.464Z", "@metadata": {"beat": "winlogbeat", "type": "doc", "version": "6.3.1", "topic": "wineventlog_raw"}, "computer_name": "CLIENT1", "level": "Information", "event_data": {"param2": "stopped", "Binary": "6600740070007300760063002F0031000000", "param1": "Microsoft FTP Service"}, "message": "The Microsoft FTP Service service entered the stopped state.", "record_number": "11195", "beat": {"name": "CLIENT1", "hostname": "CLIENT1", "version": "6.3.1"}, "log_name": "System", "source_name": "Service Control Manager", "event_id": 7036, "type": "wineventlog", "thread_id": 3820, "host": {"name": "CLIENT1"}, "provider_guid": "{555908d1-a6d7-4695-8e1e-26931d2012f4}", "keywords": ["Classic"], "process_id": 436, "label": {"reporter": ["system", "windows"]}}
{"@timestamp": "2019-01-15T12:40:00.000Z", "@metadata": {"beat": "winlogbeat", "type": "doc", "version": "6.3.1", "topic": "wineventlog_raw"}, "log_name": "Application", "source_name": "Microsoft-Windows-EventSystem", "provider_guid": "{899daace-4868-4295-afcd-9eb8fb497561}", "level": "Information", "event_data": {"param1": "86400", "param2": "SuppressDuplicateDuration", "param3": "Software\\Microsoft\\EventSystem\\EventLog"}, "event_id": 4625, "keywords": ["Classic"], "message": "The EventSystem sub system is suppressing duplicate event log entries for a duration of 86400 seconds. The suppression timeout can be controlled by a REG_DWORD value named SuppressDuplicateDuration under the following registry key: HKLM\\Software\\Microsoft\\EventSystem\\EventLog.", "beat": {"name": "CLIENT1", "hostname": "CLIENT1", "version": "6.3.1"}, "host": {"name": "CLIENT1"}, "type": "wineventlog", "computer_name": "CLIENT1", "record_number": "2829", "label": {"reporter": ["system", "windows"]}}
{"@timestamp": "2018-11-13T16:02:08.167Z", "@metadata": {"beat": "winlogbeat", "type": "doc", "version": "6.3.1", "topic": "wineventlog_raw"}, "event_id": 7036, "source_name": "Service Control Manager", "provider_guid": "{555908d1-a6d7-4695-8e1e-26931d2012f4}", "message": "The Windows Time service entered the stopped state.", "beat": {"name": "CLIENT1", "hostname": "CLIENT1", "version": "6.3.1"}, "host": {"name": "CLIENT1"}, "record_number": "11181", "type": "wineventlog", "event_data": {"param1": "Windows Time", "param2": "stopped", "Binary": "570033003200540069006D0065002F0031000000"}, "process_id": 436, "level": "Information", "log_name": "System", "computer_name": "CLIENT1", "keywords": ["Classic"], "thread_id": 3820, "label": {"reporter": ["system", "windows"]}}
{"@timestamp": "2019-01-15T12:39:57.296Z", "@metadata": {"beat": "winlogbeat", "type": "doc", "version": "6.3.1", "topic": "wineventlog_raw"}, "host": {"name": "CLIENT1"}, "keywords": ["Audit Success"], "source_name": "Microsoft-Windows-Security-Auditing", "record_number": "4532", "provider_guid": "{54849625-5478-4994-A5BA-3E3B0328C30D}", "process_id": 444, "level": "Information", "type": "wineventlog", "thread_id": 500, "opcode": "Info", "event_id": 4672, "task": "Special Logon", "message": "Special privileges assigned to new logon.\n\nSubject:\n\tSecurity ID:\t\tS-1-5-20\n\tAccount Name:\t\tNETWORK SERVICE\n\tAccount Domain:\t\tNT AUTHORITY\n\tLogon ID:\t\t0x3e4\n\nPrivileges:\t\tSeAssignPrimaryTokenPrivilege\n\t\t\tSeAuditPrivilege\n\t\t\tSeImpersonatePrivilege", "log_name": "Security", "computer_name": "CLIENT1", "beat": {"hostname": "CLIENT1", "version": "6.3.1", "name": "CLIENT1"}, "event_data": {"SubjectDomainName": "NT AUTHORITY", "SubjectLogonId": "0x3e4", "PrivilegeList": "SeAssignPrimaryTokenPrivilege\n\t\t\tSeAuditPrivilege\n\t\t\tSeImpersonatePrivilege", "SubjectUserSid": "S-1-5-20", "SubjectUserName": "NETWORK SERVICE"}, "label": {"reporter": ["system", "windows"]}}
{"@timestamp": "2019-01-15T12:39:57.468Z", "@metadata": {"beat": "winlogbeat", "type": "doc", "version": "6.3.1", "topic": "wineventlog_raw"}, "record_number": "11208", "type": "wineventlog", "host": {"name": "CLIENT1"}, "level": "Information", "thread_id": 524, "provider_guid": "{555908d1-a6d7-4695-8e1e-26931d2012f4}", "message": "The RPC Endpoint Mapper service entered the running state.", "event_data": {"param1": "RPC Endpoint Mapper", "param2": "running", "Binary": "5200700063004500700074004D00610070007000650072002F0034000000"}, "event_id": 7036, "source_name": "Service Control Manager", "keywords": ["Classic"], "process_id": 436, "computer_name": "CLIENT1", "log_name": "System", "beat": {"name": "CLIENT1", "hostname": "CLIENT1", "version": "6.3.1"}, "label": {"reporter": ["system", "windows"], "action": ["execute"]}}
{"@timestamp": "2018-11-13T16:02:07.930Z", "@metadata": {"beat": "winlogbeat", "type": "doc", "version": "6.3.1", "topic": "wineventlog_raw"}, "provider_guid": "{555908d1-a6d7-4695-8e1e-26931d2012f4}", "source_name": "Service Control Manager", "event_id": 7036, "host": {"name": "CLIENT1"}, "process_id": 436, "thread_id": 3820, "beat": {"hostname": "CLIENT1", "version": "6.3.1", "name": "CLIENT1"}, "type": "wineventlog", "computer_name": "CLIENT1", "record_number": "11171", "level": "Information", "keywords": ["Classic"], "event_data": {"Binary": "50006F007700650072002F0031000000", "param1": "Power", "param2": "stopped"}, "message": "The Power service entered the stopped state.", "log_name": "System", "label": {"reporter": ["system", "windows"]}}
{"@timestamp": "2019-01-15T12:40:14.523Z", "@metadata": {"beat": "winlogbeat", "type": "doc", "version": "6.3.1", "topic": "wineventlog_raw"}, "computer_name": "CLIENT1", "beat": {"name": "CLIENT1", "hostname": "CLIENT1", "version": "6.3.1"}, "record_number": "11253", "level": "Information", "message": "The WinHTTP Web Proxy Auto-Discovery Service service entered the running state.", "process_id": 436, "type": "wineventlog", "event_data": {"param1": "WinHTTP Web Proxy Auto-Discovery Service", "param2": "running", "Binary": "570069006E0048007400740070004100750074006F00500072006F00780079005300760063002F0034000000"}, "thread_id": 520, "host": {"name": "CLIENT1"}, "log_name": "System", "keywords": ["Classic"], "source_name": "Service Control Manager", "event_id": 7036, "provider_guid": "{555908d1-a6d7-4695-8e1e-26931d2012f4}", "label": {"reporter": ["system", "windows"], "action": ["execute"]}}
{"@timestamp": "2019-01-15T12:42:16.341Z", "@metadata": {"beat": "winlogbeat", "type": "doc", "version": "6.3.1", "topic": "wineventlog_raw"}, "log_name": "System", "record_number": "11263", "provider_guid": "{555908d1-a6d7-4695-8e1e-26931d2012f4}", "computer_name": "CLIENT1", "message": "The Security Center service entered the running state.", "event_data": {"param1": "Security Center", "param2": "running", "Binary": "7700730063007300760063002F0034000000"}, "process_id": 436, "level": "Information", "keywords": ["Classic"], "type": "wineventlog", "host": {"name": "CLIENT1"}, "event_id": 7036, "thread_id": 240, "beat": {"name": "CLIENT1", "hostname": "CLIENT1", "version": "6.3.1"}, "source_name": "Service Control Manager", "label": {"reporter": ["system", "windows"], "action": ["execute"]}}
{"@timestamp": "2019-01-15T12:42:14.508Z", "@metadata": {"beat": "winlogbeat", "type": "doc", "version": "6.3.1", "topic": "wineventlog_raw"}, "event_data": {"param1": "Software Protection", "param2": "running", "Binary": "7300700070007300760063002F0034000000"}, "keywords": ["Classic"], "record_number": "11259", "process_id": 436, "level": "Information", "log_name": "System", "source_name": "Service Control Manager", "provider_guid": "{555908d1-a6d7-4695-8e1e-26931d2012f4}", "beat": {"hostname": "CLIENT1", "version": "6.3.1", "name": "CLIENT1"}, "type": "wineventlog", "computer_name": "CLIENT1", "thread_id": 636, "event_id": 7036, "message": "The Software Protection service entered the running state.", "host": {"name": "CLIENT1"}, "label": {"reporter": ["system", "windows"], "action": ["execute"]}}
{"@timestamp": "2018-11-13T16:02:00.514Z", "@metadata": {"beat": "winlogbeat", "type": "doc", "version": "6.3.1", "topic": "wineventlog_raw"}, "record_number": "11164", "event_id": 7036, "event_data": {"param1": "Adobe Flash Player Update Service", "param2": "stopped", "Binary": "410064006F006200650046006C0061007300680050006C0061007900650072005500700064006100740065005300760063002F0031000000"}, "log_name": "System", "provider_guid": "{555908d1-a6d7-4695-8e1e-26931d2012f4}", "keywords": ["Classic"], "beat": {"hostname": "CLIENT1", "version": "6.3.1", "name": "CLIENT1"}, "level": "Information", "thread_id": 3820, "message": "The Adobe Flash Player Update Service service entered the stopped state.", "computer_name": "CLIENT1", "type": "wineventlog", "process_id": 436, "source_name": "Service Control Manager", "host": {"name": "CLIENT1"}, "label": {"reporter": ["system", "windows"]}}
{"@timestamp": "2019-01-15T12:39:58.000Z", "@metadata": {"beat": "winlogbeat", "type": "doc", "version": "6.3.1", "topic": "wineventlog_raw"}, "message": "The system uptime is 15 seconds.", "host": {"name": "CLIENT1"}, "beat": {"name": "CLIENT1", "hostname": "CLIENT1", "version": "6.3.1"}, "type": "wineventlog", "log_name": "System", "level": "Information", "keywords": ["Classic"], "event_data": {"param7": "-60 W. Europe Standard Time", "Binary": "31002E003100000030000000570069006E0064006F0077007300200037002000500072006F00660065007300730069006F006E0061006C00000036002E0031002E00370036003000310020004200750069006C006400200037003600300031002000530065007200760069006300650020005000610063006B002000310000004D0075006C0074006900700072006F0063006500730073006F00720020004600720065006500000037003600300031002E00770069006E0037007300700031005F006700640072002E003100350030003200300032002D00310035003200360000003500360066003300660039006200620000004E006F007400200041007600610069006C00610062006C00650000004E006F007400200041007600610069006C00610062006C006500000030000000310000003500310032000000340030003900000043004C00490045004E005400310000000000", "param5": "15", "param6": "60"}, "source_name": "EventLog", "computer_name": "CLIENT1", "record_number": "11179", "event_id": 6013, "label": {"reporter": ["system", "windows"]}}
{"@timestamp": "2019-01-15T12:44:58.665Z", "@metadata": {"beat": "winlogbeat", "type": "doc", "version": "6.3.1", "topic": "wineventlog_raw"}, "keywords": ["Classic"], "thread_id": 240, "provider_guid": "{555908d1-a6d7-4695-8e1e-26931d2012f4}", "process_id": 436, "host": {"name": "CLIENT1"}, "event_data": {"param1": "Multimedia Class Scheduler", "param2": "stopped", "Binary": "4D004D004300530053002F0031000000"}, "computer_name": "CLIENT1", "message": "The Multimedia Class Scheduler service entered the stopped state.", "type": "wineventlog", "beat": {"name": "CLIENT1", "hostname": "CLIENT1", "version": "6.3.1"}, "log_name": "System", "source_name": "Service Control Manager", "record_number": "11268", "event_id": 7036, "level": "Information", "label": {"reporter": ["system", "windows"]}}
{"@timestamp": "2019-01-15T12:40:01.546Z", "@metadata": {"beat": "winlogbeat", "type": "doc", "version": "6.3.1", "topic": "wineventlog_raw"}, "provider_guid": "{555908d1-a6d7-4695-8e1e-26931d2012f4}", "event_id": 7036, "message": "The Desktop Window Manager Session Manager service entered the running state.", "process_id": 436, "level": "Information", "keywords": ["Classic"], "type": "wineventlog", "event_data": {"param2": "running", "Binary": "5500780053006D0073002F0034000000", "param1": "Desktop Window Manager Session Manager"}, "host": {"name": "CLIENT1"}, "beat": {"version": "6.3.1", "name": "CLIENT1", "hostname": "CLIENT1"}, "source_name": "Service Control Manager", "record_number": "11220", "thread_id": 524, "computer_name": "CLIENT1", "log_name": "System", "label": {"reporter": ["system", "windows"], "action": ["execute"]}}
{"@timestamp": "2019-01-15T12:42:16.555Z", "@metadata": {"beat": "winlogbeat", "type": "doc", "version": "6.3.1", "topic": "wineventlog_raw"}, "host": {"name": "CLIENT1"}, "log_name": "System", "provider_guid": "{06EDCFEB-0FD0-4E53-ACCA-A6F8BBF81BCB}", "thread_id": 300, "level": "Information", "event_id": 37, "user": {"domain": "NT AUTHORITY", "type": "Well Known Group", "identifier": "S-1-5-19", "name": "LOCAL SERVICE"}, "opcode": "Info", "computer_name": "CLIENT1", "message": "The time provider NtpClient is currently receiving valid time data from companyrouter.localdomain,0x9 (ntp.m|0x9|0.0.0.0:123->172.16.0.1:123).", "source_name": "Microsoft-Windows-Time-Service", "beat": {"name": "CLIENT1", "hostname": "CLIENT1", "version": "6.3.1"}, "record_number": "11264", "type": "wineventlog", "process_id": 940, "event_data": {"TimeSource": "companyrouter.localdomain,0x9 (ntp.m|0x9|0.0.0.0:123->172.16.0.1:123)"}, "label": {"reporter": ["system", "windows"]}}
{"@timestamp": "2019-01-15T12:40:13.724Z", "@metadata": {"beat": "winlogbeat", "type": "doc", "version": "6.3.1", "topic": "wineventlog_raw"}, "record_number": "11248", "keywords": ["Classic"], "event_id": 7036, "beat": {"name": "CLIENT1", "hostname": "CLIENT1", "version": "6.3.1"}, "message": "The Diagnostic Service Host service entered the running state.", "log_name": "System", "level": "Information", "event_data": {"param2": "running", "Binary": "570064006900530065007200760069006300650048006F00730074002F0034000000", "param1": "Diagnostic Service Host"}, "type": "wineventlog", "host": {"name": "CLIENT1"}, "computer_name": "CLIENT1", "provider_guid": "{555908d1-a6d7-4695-8e1e-26931d2012f4}", "process_id": 436, "thread_id": 1784, "source_name": "Service Control Manager", "label": {"reporter": ["system", "windows"], "action": ["execute"]}}
{"@timestamp": "2019-01-15T12:39:59.328Z", "@metadata": {"beat": "winlogbeat", "type": "doc", "version": "6.3.1", "topic": "wineventlog_raw"}, "type": "wineventlog", "keywords": ["Classic"], "thread_id": 524, "source_name": "Service Control Manager", "event_id": 7036, "message": "The Windows Audio service entered the running state.", "beat": {"name": "CLIENT1", "hostname": "CLIENT1", "version": "6.3.1"}, "event_data": {"param1": "Windows Audio", "param2": "running", "Binary": "41007500640069006F007300720076002F0034000000"}, "log_name": "System", "computer_name": "CLIENT1", "provider_guid": "{555908d1-a6d7-4695-8e1e-26931d2012f4}", "host": {"name": "CLIENT1"}, "record_number": "11213", "level": "Information", "process_id": 436, "label": {"reporter": ["system", "windows"], "action": ["execute"]}}
{"@timestamp": "2019-01-15T12:40:14.147Z", "@metadata": {"beat": "winlogbeat", "type": "doc", "version": "6.3.1", "topic": "wineventlog_raw"}, "type": "wineventlog", "keywords": ["Classic"], "message": "The Portable Device Enumerator Service service entered the running state.", "source_name": "Service Control Manager", "event_id": 7036, "process_id": 436, "host": {"name": "CLIENT1"}, "thread_id": 1784, "level": "Information", "log_name": "System", "computer_name": "CLIENT1", "record_number": "11251", "provider_guid": "{555908d1-a6d7-4695-8e1e-26931d2012f4}", "beat": {"name": "CLIENT1", "hostname": "CLIENT1", "version": "6.3.1"}, "event_data": {"param2": "running", "Binary": "57005000440042007500730045006E0075006D002F0034000000", "param1": "Portable Device Enumerator Service"}, "label": {"reporter": ["system", "windows"], "action": ["execute"]}}
{"@timestamp": "2018-11-13T16:02:09.152Z", "@metadata": {"beat": "winlogbeat", "type": "doc", "version": "6.3.1", "topic": "wineventlog_raw"}, "message": "The Software Protection service entered the stopped state.", "type": "wineventlog", "source_name": "Service Control Manager", "provider_guid": "{555908d1-a6d7-4695-8e1e-26931d2012f4}", "record_number": "11194", "event_data": {"param2": "stopped", "Binary": "7300700070007300760063002F0031000000", "param1": "Software Protection"}, "process_id": 436, "beat": {"name": "CLIENT1", "hostname": "CLIENT1", "version": "6.3.1"}, "computer_name": "CLIENT1", "keywords": ["Classic"], "log_name": "System", "event_id": 7036, "level": "Information", "thread_id": 3820, "host": {"name": "CLIENT1"}, "label": {"reporter": ["system", "windows"]}}
{"@timestamp": "2019-01-15T12:48:08.691Z", "@metadata": {"beat": "winlogbeat", "type": "doc", "version": "6.3.1", "topic": "wineventlog_raw"}, "level": "Information", "source_name": "Service Control Manager", "computer_name": "CLIENT1", "host": {"name": "CLIENT1"}, "process_id": 436, "message": "The Shell Hardware Detection service entered the stopped state.", "type": "wineventlog", "event_id": 7036, "provider_guid": "{555908d1-a6d7-4695-8e1e-26931d2012f4}", "keywords": ["Classic"], "record_number": "11271", "event_data": {"Binary": "5300680065006C006C004800570044006500740065006300740069006F006E002F0031000000", "param1": "Shell Hardware Detection", "param2": "stopped"}, "thread_id": 1504, "log_name": "System", "beat": {"name": "CLIENT1", "hostname": "CLIENT1", "version": "6.3.1"}, "label": {"reporter": ["system", "windows"]}}
{"@timestamp": "2019-01-15T12:39:58.203Z", "@metadata": {"beat": "winlogbeat", "type": "doc", "version": "6.3.1", "topic": "wineventlog_raw"}, "process_id": 436, "thread_id": 524, "computer_name": "CLIENT1", "message": "The Windows Event Log service entered the running state.", "event_id": 7036, "event_data": {"param1": "Windows Event Log", "param2": "running", "Binary": "6500760065006E0074006C006F0067002F0034000000"}, "record_number": "11210", "keywords": ["Classic"], "source_name": "Service Control Manager", "log_name": "System", "provider_guid": "{555908d1-a6d7-4695-8e1e-26931d2012f4}", "beat": {"name": "CLIENT1", "hostname": "CLIENT1", "version": "6.3.1"}, "level": "Information", "type": "wineventlog", "host": {"name": "CLIENT1"}, "label": {"reporter": ["system", "windows"], "action": ["execute"]}}
{"@timestamp": "2019-01-15T12:42:16.446Z", "@metadata": {"beat": "winlogbeat", "type": "doc", "version": "6.3.1", "topic": "wineventlog_raw"}, "computer_name": "CLIENT1", "event_data": {"LogonGuid": "{00000000-0000-0000-0000-000000000000}", "LmPackageName": "-", "SubjectDomainName": "WORKGROUP", "TransmittedServices": "-", "IpPort": "-", "SubjectLogonId": "0x3e7", "TargetUserName": "SYSTEM", "ProcessName": "C:\\Windows\\System32\\services.exe", "TargetUserSid": "S-1-5-18", "LogonProcessName": "Advapi ", "KeyLength": "0", "TargetLogonId": "0x3e7", "SubjectUserName": "CLIENT1$", "IpAddress": "-", "AuthenticationPackageName": "Negotiate", "SubjectUserSid": "S-1-5-18", "LogonType": "5", "TargetDomainName": "NT AUTHORITY", "ProcessId": "0x1b4"}, "host": {"name": "CLIENT1"}, "source_name": "Microsoft-Windows-Security-Auditing", "keywords": ["Audit Success"], "process_id": 444, "thread_id": 844, "task": "Logon", "message": "An account was successfully logged on.\n\nSubject:\n\tSecurity ID:\t\tS-1-5-18\n\tAccount Name:\t\tCLIENT1$\n\tAccount Domain:\t\tWORKGROUP\n\tLogon ID:\t\t0x3e7\n\nLogon Type:\t\t\t5\n\nNew Logon:\n\tSecurity ID:\t\tS-1-5-18\n\tAccount Name:\t\tSYSTEM\n\tAccount Domain:\t\tNT AUTHORITY\n\tLogon ID:\t\t0x3e7\n\tLogon GUID:\t\t{00000000-0000-0000-0000-000000000000}\n\nProcess Information:\n\tProcess ID:\t\t0x1b4\n\tProcess Name:\t\tC:\\Windows\\System32\\services.exe\n\nNetwork Information:\n\tWorkstation Name:\t\n\tSource Network Address:\t-\n\tSource Port:\t\t-\n\nDetailed Authentication Information:\n\tLogon Process:\t\tAdvapi \n\tAuthentication Package:\tNegotiate\n\tTransited Services:\t-\n\tPackage Name (NTLM only):\t-\n\tKey Length:\t\t0\n\nThis event is generated when a logon session is created. It is generated on the computer that was accessed.\n\nThe subject fields indicate the account on the local system which requested the logon. This is most commonly a service such as the Server service, or a local process such as Winlogon.exe or Services.exe.\n\nThe logon type field indicates the kind of logon that occurred. The most common types are 2 (interactive) and 3 (network).\n\nThe New Logon fields indicate the account for whom the new logon was created, i.e. the account that was logged on.\n\nThe network fields indicate where a remote logon request originated. Workstation name is not always available and may be left blank in some cases.\n\nThe authentication information fields provide detailed information about this specific logon request.\n\t- Logon GUID is a unique identifier that can be used to correlate this event with a KDC event.\n\t- Transited services indicate which intermediate services have participated in this logon request.\n\t- Package name indicates which sub-protocol was used among the NTLM protocols.\n\t- Key length indicates the length of the generated session key. This will be 0 if no session key was requested.", "provider_guid": "{54849625-5478-4994-A5BA-3E3B0328C30D}", "beat": {"name": "CLIENT1", "hostname": "CLIENT1", "version": "6.3.1"}, "level": "Information", "record_number": "4548", "opcode": "Info", "type": "wineventlog", "log_name": "Security", "event_id": 4624, "label": {"actor": ["service"], "action": ["authenticate"], "object": ["accounts", "windows"], "reporter": ["system", "windows"]}}
{"@timestamp": "2018-11-13T16:02:07.930Z", "@metadata": {"beat": "winlogbeat", "type": "doc", "version": "6.3.1", "topic": "wineventlog_raw"}, "process_id": 544, "message": "One or more of the Plug and Play service's subsystems has changed state. \n\nPlugPlay install subsystem enabled: 'false' \nPlugPlay caching subsystem enabled: 'false' ", "source_name": "Microsoft-Windows-UserPnp", "event_id": 20010, "level": "Information", "user_data": {"InstallSubsystemState": "false", "CachingSubsystemState": "false", "xml_name": "INFO_PNP_STATE"}, "thread_id": 3476, "beat": {"hostname": "CLIENT1", "version": "6.3.1", "name": "CLIENT1"}, "host": {"name": "CLIENT1"}, "type": "wineventlog", "user": {"type": "User", "identifier": "S-1-5-18", "name": "SYSTEM", "domain": "NT AUTHORITY"}, "computer_name": "CLIENT1", "provider_guid": "{96F4A050-7E31-453C-88BE-9634F4E02139}", "log_name": "System", "opcode": "Info", "record_number": "11172", "label": {"reporter": ["system", "windows"]}}
{"@timestamp": "2019-01-15T12:40:09.093Z", "@metadata": {"beat": "winlogbeat", "type": "doc", "version": "6.3.1", "topic": "wineventlog_raw"}, "message": "The Wazuh service entered the running state.", "computer_name": "CLIENT1", "beat": {"name": "CLIENT1", "hostname": "CLIENT1", "version": "6.3.1"}, "record_number": "11240", "thread_id": 524, "source_name": "Service Control Manager", "provider_guid": "{555908d1-a6d7-4695-8e1e-26931d2012f4}", "log_name": "System", "event_id": 7036, "keywords": ["Classic"], "process_id": 436, "host": {"name": "CLIENT1"}, "level": "Information", "type": "wineventlog", "event_data": {"param1": "Wazuh", "param2": "running", "Binary": "4F0073007300650063005300760063002F0034000000"}, "label": {"reporter": ["system", "windows"], "action": ["execute"]}}
{"@timestamp": "2019-01-15T12:39:43.625Z", "@metadata": {"beat": "winlogbeat", "type": "doc", "version": "6.3.1", "topic": "wineventlog_raw"}, "event_data": {"DeviceVersionMinor": "1", "DeviceNameLength": "8", "DeviceName": "FileInfo", "DeviceTime": "2009-07-14T00:21:51.000000000Z", "FinalStatus": "0x0", "DeviceVersionMajor": "6"}, "user": {"identifier": "S-1-5-18", "name": "SYSTEM", "domain": "NT AUTHORITY", "type": "User"}, "computer_name": "CLIENT1", "beat": {"name": "CLIENT1", "hostname": "CLIENT1", "version": "6.3.1"}, "record_number": "11201", "message": "File System Filter 'FileInfo' (6.1, \u200e2009\u200e-\u200e07\u200e-\u200e14T00:21:51.000000000Z) has successfully loaded and registered with Filter Manager.", "thread_id": 8, "type": "wineventlog", "source_name": "Microsoft-Windows-FilterManager", "log_name": "System", "level": "Information", "opcode": "Info", "host": {"name": "CLIENT1"}, "provider_guid": "{F3C5E28E-63F6-49C7-A204-E48A1BC4B09D}", "process_id": 4, "event_id": 6, "label": {"reporter": ["system", "windows"]}}
{"@timestamp": "2019-01-15T12:39:57.296Z", "@metadata": {"beat": "winlogbeat", "type": "doc", "version": "6.3.1", "topic": "wineventlog_raw"}, "type": "wineventlog", "log_name": "Security", "message": "An account was successfully logged on.\n\nSubject:\n\tSecurity ID:\t\tS-1-5-18\n\tAccount Name:\t\tCLIENT1$\n\tAccount Domain:\t\tWORKGROUP\n\tLogon ID:\t\t0x3e7\n\nLogon Type:\t\t\t5\n\nNew Logon:\n\tSecurity ID:\t\tS-1-5-20\n\tAccount Name:\t\tNETWORK SERVICE\n\tAccount Domain:\t\tNT AUTHORITY\n\tLogon ID:\t\t0x3e4\n\tLogon GUID:\t\t{00000000-0000-0000-0000-000000000000}\n\nProcess Information:\n\tProcess ID:\t\t0x1b4\n\tProcess Name:\t\tC:\\Windows\\System32\\services.exe\n\nNetwork Information:\n\tWorkstation Name:\t\n\tSource Network Address:\t-\n\tSource Port:\t\t-\n\nDetailed Authentication Information:\n\tLogon Process:\t\tAdvapi \n\tAuthentication Package:\tNegotiate\n\tTransited Services:\t-\n\tPackage Name (NTLM only):\t-\n\tKey Length:\t\t0\n\nThis event is generated when a logon session is created. It is generated on the computer that was accessed.\n\nThe subject fields indicate the account on the local system which requested the logon. This is most commonly a service such as the Server service, or a local process such as Winlogon.exe or Services.exe.\n\nThe logon type field indicates the kind of logon that occurred. The most common types are 2 (interactive) and 3 (network).\n\nThe New Logon fields indicate the account for whom the new logon was created, i.e. the account that was logged on.\n\nThe network fields indicate where a remote logon request originated. Workstation name is not always available and may be left blank in some cases.\n\nThe authentication information fields provide detailed information about this specific logon request.\n\t- Logon GUID is a unique identifier that can be used to correlate this event with a KDC event.\n\t- Transited services indicate which intermediate services have participated in this logon request.\n\t- Package name indicates which sub-protocol was used among the NTLM protocols.\n\t- Key length indicates the length of the generated session key. This will be 0 if no session key was requested.", "keywords": ["Audit Success"], "event_id": 4624, "provider_guid": "{54849625-5478-4994-A5BA-3E3B0328C30D}", "thread_id": 500, "computer_name": "CLIENT1", "host": {"name": "CLIENT1"}, "opcode": "Info", "task": "Logon", "beat": {"name": "CLIENT1", "hostname": "CLIENT1", "version": "6.3.1"}, "record_number": "4531", "source_name": "Microsoft-Windows-Security-Auditing", "event_data": {"LogonProcessName": "Advapi ", "SubjectLogonId": "0x3e7", "IpPort": "-", "IpAddress": "-", "TargetLogonId": "0x3e4", "SubjectUserName": "CLIENT1$", "SubjectDomainName": "WORKGROUP", "TargetDomainName": "NT AUTHORITY", "LogonGuid": "{00000000-0000-0000-0000-000000000000}", "KeyLength": "0", "ProcessId": "0x1b4", "TargetUserSid": "S-1-5-20", "TargetUserName": "NETWORK SERVICE", "AuthenticationPackageName": "Negotiate", "TransmittedServices": "-", "LmPackageName": "-", "ProcessName": "C:\\Windows\\System32\\services.exe", "SubjectUserSid": "S-1-5-18", "LogonType": "5"}, "level": "Information", "process_id": 444, "label": {"actor": ["service"], "action": ["authenticate"], "object": ["accounts", "windows"], "reporter": ["system", "windows"]}}
{"@timestamp": "2019-01-15T12:42:15.041Z", "@metadata": {"beat": "winlogbeat", "type": "doc", "version": "6.3.1", "topic": "wineventlog_raw"}, "message": "The Windows Time service entered the running state.", "record_number": "11260", "beat": {"name": "CLIENT1", "hostname": "CLIENT1", "version": "6.3.1"}, "computer_name": "CLIENT1", "level": "Information", "event_data": {"param1": "Windows Time", "param2": "running", "Binary": "570033003200540069006D0065002F0034000000"}, "thread_id": 636, "process_id": 436, "source_name": "Service Control Manager", "provider_guid": "{555908d1-a6d7-4695-8e1e-26931d2012f4}", "keywords": ["Classic"], "type": "wineventlog", "event_id": 7036, "log_name": "System", "host": {"name": "CLIENT1"}, "label": {"reporter": ["system", "windows"], "action": ["execute"]}}
