{"@timestamp": "2018-11-13T16:02:08.237Z", "@metadata": {"beat": "winlogbeat", "type": "doc", "version": "6.3.1", "topic": "wineventlog_raw"}, "keywords": ["Classic"], "thread_id": 3820, "log_name": "System", "source_name": "Service Control Manager", "host": {"name": "CLIENT1"}, "record_number": "11188", "event_id": 7036, "level": "Information", "message": "The Windows Management Instrumentation service entered the stopped state.", "type": "wineventlog", "event_data": {"param2": "stopped", "Binary": "570069006E006D0067006D0074002F0031000000", "param1": "Windows Management Instrumentation"}, "computer_name": "CLIENT1", "provider_guid": "{555908d1-a6d7-4695-8e1e-26931d2012f4}", "beat": {"version": "6.3.1", "name": "CLIENT1", "hostname": "CLIENT1"}, "process_id": 436, "label": {"reporter": ["system", "windows"]}}
{"@timestamp": "2019-01-15T12:39:57.750Z", "@metadata": {"beat": "winlogbeat", "type": "doc", "version": "6.3.1", "topic": "wineventlog_raw"}, "type": "wineventlog", "task": "Special Logon", "record_number": "4534", "event_data": {"SubjectUserSid": "S-1-5-19", "SubjectUserName": "LOCAL SERVICE", "SubjectDomainName": "NT AUTHORITY", "SubjectLogonId": "0x3e5", "PrivilegeList": "SeAssignPrimaryTokenPrivilege\n\t\t\tSeAuditPrivilege\n\t\t\tSeImpersonatePrivilege"}, "provider_guid": "{54849625-5478-4994-A5BA-3E3B0328C30D}", "keywords": ["Audit Success"], "source_name": "Microsoft-Windows-Security-Auditing", "message": "Special privileges assigned to new logon.\n\nSubject:\n\tSecurity ID:\t\tS-1-5-19\n\tAccount Name:\t\tLOCAL SERVICE\n\tAccount Domain:\t\tNT AUTHORITY\n\tLogon ID:\t\t0x3e5\n\nPrivileges:\t\tSeAssignPrimaryTokenPrivilege\n\t\t\tSeAuditPrivilege\n\t\t\tSeImpersonatePrivilege", "process_id": 444, "level": "Information", "beat": {"version": "6.3.1", "name": "CLIENT1", "hostname": "CLIENT1"}, "host": {"name": "CLIENT1"}, "log_name": "Security", "event_id": 4672, "computer_name": "CLIENT1", "opcode": "Info", "thread_id": 500, "label": {"reporter": ["system", "windows"]}}
{"@timestamp": "2018-11-13T16:02:08.317Z", "@metadata": {"beat": "winlogbeat", "type": "doc", "version": "6.3.1", "topic": "wineventlog_raw"}, "message": "The Distributed Link Tracking Client service entered the stopped state.", "level": "Information", "beat": {"hostname": "CLIENT1", "version": "6.3.1", "name": "CLIENT1"}, "computer_name": "CLIENT1", "event_id": 7036, "record_number": "11190", "thread_id": 3820, "source_name": "Service Control Manager", "host": {"name": "CLIENT1"}, "provider_guid": "{555908d1-a6d7-4695-8e1e-26931d2012f4}", "event_data": {"param2": "stopped", "Binary": "540072006B0057006B0073002F0031000000", "param1": "Distributed Link Tracking Client"}, "type": "wineventlog", "log_name": "System", "keywords": ["Classic"], "process_id": 436, "label": {"reporter": ["system", "windows"]}}
{"@timestamp": "2019-01-15T12:39:57.421Z", "@metadata": {"beat": "winlogbeat", "type": "doc", "version": "6.3.1", "topic": "wineventlog_raw"}, "computer_name": "CLIENT1", "thread_id": 524, "type": "wineventlog", "record_number": "11207", "beat": {"version": "6.3.1", "name": "CLIENT1", "hostname": "CLIENT1"}, "log_name": "System", "event_id": 7036, "level": "Information", "event_data": {"param1": "DCOM Server Process Launcher", "param2": "running", "Binary": "440063006F006D004C00610075006E00630068002F0034000000"}, "source_name": "Service Control Manager", "keywords": ["Classic"], "process_id": 436, "host": {"name": "CLIENT1"}, "provider_guid": "{555908d1-a6d7-4695-8e1e-26931d2012f4}", "message": "The DCOM Server Process Launcher service entered the running state.", "label": {"reporter": ["system", "windows"], "action": ["execute"]}}
{"@timestamp": "2019-01-15T12:42:14.000Z", "@metadata": {"beat": "winlogbeat", "type": "doc", "version": "6.3.1", "topic": "wineventlog_raw"}, "message": "The Software Protection service is starting.", "provider_guid": "{E23B33B0-C8C9-472C-A5F9-F2BDFEA0F156}", "type": "wineventlog", "record_number": "2834", "event_id": 900, "host": {"name": "CLIENT1"}, "keywords": ["Classic"], "source_name": "Microsoft-Windows-Security-SPP", "computer_name": "CLIENT1", "level": "Information", "log_name": "Application", "beat": {"name": "CLIENT1", "hostname": "CLIENT1", "version": "6.3.1"}, "label": {"reporter": ["system", "windows"]}}
{"@timestamp": "2019-01-15T12:42:20.000Z", "@metadata": {"beat": "winlogbeat", "type": "doc", "version": "6.3.1", "topic": "wineventlog_raw"}, "keywords": ["Classic"], "source_name": "ESENT", "host": {"name": "CLIENT1"}, "log_name": "Application", "type": "wineventlog", "computer_name": "CLIENT1", "opcode": "Info", "event_data": {"param6": "01", "param7": "7601", "param8": "0000", "param2": "680", "param3": "Windows: ", "param1": "Windows", "param5": "6", "param4": "0"}, "task": "General", "beat": {"name": "CLIENT1", "hostname": "CLIENT1", "version": "6.3.1"}, "event_id": 102, "level": "Information", "record_number": "2839", "message": "Windows (680) Windows: The database engine (6.01.7601.0000) started a new instance (0).", "label": {"reporter": ["database", "service", "windows"]}}
{"@timestamp": "2019-01-15T12:39:57.750Z", "@metadata": {"beat": "winlogbeat", "type": "doc", "version": "6.3.1", "topic": "wineventlog_raw"}, "task": "Logon", "computer_name": "CLIENT1", "level": "Information", "keywords": ["Audit Success"], "beat": {"hostname": "CLIENT1", "version": "6.3.1", "name": "CLIENT1"}, "log_name": "Security", "event_id": 4624, "type": "wineventlog", "opcode": "Info", "host": {"name": "CLIENT1"}, "event_data": {"TargetUserSid": "S-1-5-19", "TargetDomainName": "NT AUTHORITY", "LogonProcessName": "Advapi ", "IpPort": "-", "SubjectUserName": "CLIENT1$", "LogonType": "5", "ProcessId": "0x1b4", "TargetUserName": "LOCAL SERVICE", "ProcessName": "C:\\Windows\\System32\\services.exe", "IpAddress": "-", "TargetLogonId": "0x3e5", "AuthenticationPackageName": "Negotiate", "SubjectLogonId": "0x3e7", "LogonGuid": "{00000000-0000-0000-0000-000000000000}", "LmPackageName": "-", "KeyLength": "0", "SubjectUserSid": "S-1-5-18", "TransmittedServices": "-", "SubjectDomainName": "WORKGROUP"}, "record_number": "4533", "message": "An account was successfully logged on.\n\nSubject:\n\tSecurity ID:\t\tS-1-5-18\n\tAccount Name:\t\tCLIENT1$\n\tAccount Domain:\t\tWORKGROUP\n\tLogon ID:\t\t0x3e7\n\nLogon Type:\t\t\t5\n\nNew Logon:\n\tSecurity ID:\t\tS-1-5-19\n\tAccount Name:\t\tLOCAL SERVICE\n\tAccount Domain:\t\tNT AUTHORITY\n\tLogon ID:\t\t0x3e5\n\tLogon GUID:\t\t{00000000-0000-0000-0000-000000000000}\n\nProcess Information:\n\tProcess ID:\t\t0x1b4\n\tProcess Name:\t\tC:\\Windows\\System32\\services.exe\n\nNetwork Information:\n\tWorkstation Name:\t\n\tSource Network Address:\t-\n\tSource Port:\t\t-\n\nDetailed Authentication Information:\n\tLogon Process:\t\tAdvapi \n\tAuthentication Package:\tNegotiate\n\tTransited Services:\t-\n\tPackage Name (NTLM only):\t-\n\tKey Length:\t\t0\n\nThis event is generated when a logon session is created. It is generated on the computer that was accessed.\n\nThe subject fields indicate the account on the local system which requested the logon. This is most commonly a service such as the Server service, or a local process such as Winlogon.exe or Services.exe.\n\nThe logon type field indicates the kind of logon that occurred. The most common types are 2 (interactive) and 3 (network).\n\nThe New Logon fields indicate the account for whom the new logon was created, i.e. the account that was logged on.\n\nThe network fields indicate where a remote logon request originated. Workstation name is not always available and may be left blank in some cases.\n\nThe authentication information fields provide detailed information about this specific logon request.\n\t- Logon GUID is a unique identifier that can be used to correlate this event with a KDC event.\n\t- Transited services indicate which intermediate services have participated in this logon request.\n\t- Package name indicates which sub-protocol was used among the NTLM protocols.\n\t- Key length indicates the length of the generated session key. This will be 0 if no session key was requested.", "process_id": 444, "source_name": "Microsoft-Windows-Security-Auditing", "provider_guid": "{54849625-5478-4994-A5BA-3E3B0328C30D}", "thread_id": 500, "label": {"actor": ["service"], "action": ["authenticate"], "object": ["accounts", "windows"], "reporter": ["system", "windows"]}}
{"@timestamp": "2019-01-15T12:40:10.515Z", "@metadata": {"beat": "winlogbeat", "type": "doc", "version": "6.3.1", "topic": "wineventlog_raw"}, "keywords": ["Classic"], "thread_id": 524, "record_number": "11242", "process_id": 436, "event_data": {"param2": "running", "Binary": "6600740070007300760063002F0034000000", "param1": "Microsoft FTP Service"}, "host": {"name": "CLIENT1"}, "event_id": 7036, "level": "Information", "provider_guid": "{555908d1-a6d7-4695-8e1e-26931d2012f4}", "type": "wineventlog", "log_name": "System", "computer_name": "CLIENT1", "beat": {"name": "CLIENT1", "hostname": "CLIENT1", "version": "6.3.1"}, "message": "The Microsoft FTP Service service entered the running state.", "source_name": "Service Control Manager", "label": {"reporter": ["system", "windows"], "action": ["execute"]}}
{"@timestamp": "2018-11-13T16:02:07.536Z", "@metadata": {"beat": "winlogbeat", "type": "doc", "version": "6.3.1", "topic": "wineventlog_raw"}, "level": "Information", "keywords": ["Audit Success"], "event_id": 1100, "record_number": "4524", "source_name": "Microsoft-Windows-Eventlog", "opcode": "Info", "beat": {"name": "CLIENT1", "hostname": "CLIENT1", "version": "6.3.1"}, "provider_guid": "{fc65ddd8-d6ef-4962-83d5-6e5cfe9ce148}", "computer_name": "CLIENT1", "type": "wineventlog", "message": "The event logging service has shut down.", "thread_id": 3748, "task": "Service shutdown", "process_id": 708, "log_name": "Security", "host": {"name": "CLIENT1"}, "label": {"reporter": ["windows"]}}
{"@timestamp": "2018-11-13T16:02:07.645Z", "@metadata": {"beat": "winlogbeat", "type": "doc", "version": "6.3.1", "topic": "wineventlog_raw"}, "type": "wineventlog", "log_name": "System", "record_number": "11169", "source_name": "Service Control Manager", "beat": {"name": "CLIENT1", "hostname": "CLIENT1", "version": "6.3.1"}, "thread_id": 3820, "event_id": 7036, "level": "Information", "process_id": 436, "provider_guid": "{555908d1-a6d7-4695-8e1e-26931d2012f4}", "message": "The Windows Font Cache Service service entered the stopped state.", "computer_name": "CLIENT1", "keywords": ["Classic"], "event_data": {"param2": "stopped", "Binary": "46006F006E007400430061006300680065002F0031000000", "param1": "Windows Font Cache Service"}, "host": {"name": "CLIENT1"}, "label": {"reporter": ["system", "windows"]}}
{"@timestamp": "2018-11-13T16:02:08.213Z", "@metadata": {"beat": "winlogbeat", "type": "doc", "version": "6.3.1", "topic": "wineventlog_raw"}, "thread_id": 3820, "event_data": {"param1": "SSDP Discovery", "param2": "stopped", "Binary": "53005300440050005300520056002F0031000000"}, "log_name": "System", "keywords": ["Classic"], "process_id": 436, "level": "Information", "type": "wineventlog", "beat": {"name": "CLIENT1", "hostname": "CLIENT1", "version": "6.3.1"}, "host": {"name": "CLIENT1"}, "record_number": "11186", "event_id": 7036, "message": "The SSDP Discovery service entered the stopped state.", "source_name": "Service Control Manager", "computer_name": "CLIENT1", "provider_guid": "{555908d1-a6d7-4695-8e1e-26931d2012f4}", "label": {"reporter": ["system", "windows"]}}
{"@timestamp": "2018-11-13T16:02:07.474Z", "@metadata": {"beat": "winlogbeat", "type": "doc", "version": "6.3.1", "topic": "wineventlog_raw"}, "thread_id": 3820, "event_data": {"param2": "stopped", "Binary": "44006800630070002F0031000000", "param1": "DHCP Client"}, "provider_guid": "{555908d1-a6d7-4695-8e1e-26931d2012f4}", "beat": {"version": "6.3.1", "name": "CLIENT1", "hostname": "CLIENT1"}, "source_name": "Service Control Manager", "computer_name": "CLIENT1", "record_number": "11168", "level": "Information", "keywords": ["Classic"], "type": "wineventlog", "message": "The DHCP Client service entered the stopped state.", "host": {"name": "CLIENT1"}, "log_name": "System", "event_id": 7036, "process_id": 436, "label": {"reporter": ["system", "windows"]}}
{"@timestamp": "2019-01-15T12:40:05.875Z", "@metadata": {"beat": "winlogbeat", "type": "doc", "version": "6.3.1", "topic": "wineventlog_raw"}, "event_data": {"Binary": "4200460045002F0034000000", "param1": "Base Filtering Engine", "param2": "running"}, "process_id": 436, "thread_id": 516, "event_id": 7036, "keywords": ["Classic"], "type": "wineventlog", "beat": {"name": "CLIENT1", "hostname": "CLIENT1", "version": "6.3.1"}, "computer_name": "CLIENT1", "log_name": "System", "source_name": "Service Control Manager", "provider_guid": "{555908d1-a6d7-4695-8e1e-26931d2012f4}", "host": {"name": "CLIENT1"}, "record_number": "11231", "message": "The Base Filtering Engine service entered the running state.", "level": "Information", "label": {"reporter": ["system", "windows"], "action": ["execute"]}}
{"@timestamp": "2019-01-15T12:42:15.072Z", "@metadata": {"beat": "winlogbeat", "type": "doc", "version": "6.3.1", "topic": "wineventlog_raw"}, "type": "wineventlog", "process_id": 444, "record_number": "4547", "event_id": 4672, "provider_guid": "{54849625-5478-4994-A5BA-3E3B0328C30D}", "beat": {"name": "CLIENT1", "hostname": "CLIENT1", "version": "6.3.1"}, "computer_name": "CLIENT1", "task": "Special Logon", "opcode": "Info", "log_name": "Security", "source_name": "Microsoft-Windows-Security-Auditing", "event_data": {"PrivilegeList": "SeAssignPrimaryTokenPrivilege\n\t\t\tSeTcbPrivilege\n\t\t\tSeSecurityPrivilege\n\t\t\tSeTakeOwnershipPrivilege\n\t\t\tSeLoadDriverPrivilege\n\t\t\tSeBackupPrivilege\n\t\t\tSeRestorePrivilege\n\t\t\tSeDebugPrivilege\n\t\t\tSeAuditPrivilege\n\t\t\tSeSystemEnvironmentPrivilege\n\t\t\tSeImpersonatePrivilege", "SubjectUserSid": "S-1-5-18", "SubjectUserName": "SYSTEM", "SubjectDomainName": "NT AUTHORITY", "SubjectLogonId": "0x3e7"}, "level": "Information", "thread_id": 844, "message": "Special privileges assigned to new logon.\n\nSubject:\n\tSecurity ID:\t\tS-1-5-18\n\tAccount Name:\t\tSYSTEM\n\tAccount Domain:\t\tNT AUTHORITY\n\tLogon ID:\t\t0x3e7\n\nPrivileges:\t\tSeAssignPrimaryTokenPrivilege\n\t\t\tSeTcbPrivilege\n\t\t\tSeSecurityPrivilege\n\t\t\tSeTakeOwnershipPrivilege\n\t\t\tSeLoadDriverPrivilege\n\t\t\tSeBackupPrivilege\n\t\t\tSeRestorePrivilege\n\t\t\tSeDebugPrivilege\n\t\t\tSeAuditPrivilege\n\t\t\tSeSystemEnvironmentPrivilege\n\t\t\tSeImpersonatePrivilege", "keywords": ["Audit Success"], "host": {"name": "CLIENT1"}, "label": {"reporter": ["system", "windows"]}}
{"@timestamp": "2019-01-15T12:40:02.046Z", "@metadata": {"beat": "winlogbeat", "type": "doc", "version": "6.3.1", "topic": "wineventlog_raw"}, "beat": {"name": "CLIENT1", "hostname": "CLIENT1", "version": "6.3.1"}, "process_id": 436, "record_number": "11222", "event_id": 7036, "thread_id": 524, "provider_guid": "{555908d1-a6d7-4695-8e1e-26931d2012f4}", "source_name": "Service Control Manager", "computer_name": "CLIENT1", "log_name": "System", "host": {"name": "CLIENT1"}, "keywords": ["Classic"], "event_data": {"param1": "Network Store Interface Service", "param2": "running", "Binary": "6E00730069002F0034000000"}, "type": "wineventlog", "message": "The Network Store Interface Service service entered the running state.", "level": "Information", "label": {"reporter": ["system", "windows"], "action": ["execute"]}}
{"@timestamp": "2019-01-15T12:40:06.640Z", "@metadata": {"beat": "winlogbeat", "type": "doc", "version": "6.3.1", "topic": "wineventlog_raw"}, "source_name": "Service Control Manager", "keywords": ["Classic"], "host": {"name": "CLIENT1"}, "thread_id": 516, "record_number": "11232", "event_data": {"param1": "Windows Firewall", "param2": "running", "Binary": "4D00700073005300760063002F0034000000"}, "log_name": "System", "provider_guid": "{555908d1-a6d7-4695-8e1e-26931d2012f4}", "process_id": 436, "type": "wineventlog", "level": "Information", "beat": {"name": "CLIENT1", "hostname": "CLIENT1", "version": "6.3.1"}, "computer_name": "CLIENT1", "event_id": 7036, "message": "The Windows Firewall service entered the running state.", "label": {"reporter": ["system", "windows"], "action": ["execute"]}}
{"@timestamp": "2019-01-15T12:40:04.343Z", "@metadata": {"beat": "winlogbeat", "type": "doc", "version": "6.3.1", "topic": "wineventlog_raw"}, "type": "wineventlog", "opcode": "Info", "message": "An account was successfully logged on.\n\nSubject:\n\tSecurity ID:\t\tS-1-5-18\n\tAccount Name:\t\tCLIENT1$\n\tAccount Domain:\t\tWORKGROUP\n\tLogon ID:\t\t0x3e7\n\nLogon Type:\t\t\t5\n\nNew Logon:\n\tSecurity ID:\t\tS-1-5-18\n\tAccount Name:\t\tSYSTEM\n\tAccount Domain:\t\tNT AUTHORITY\n\tLogon ID:\t\t0x3e7\n\tLogon GUID:\t\t{00000000-0000-0000-0000-000000000000}\n\nProcess Information:\n\tProcess ID:\t\t0x1b4\n\tProcess Name:\t\tC:\\Windows\\System32\\services.exe\n\nNetwork Information:\n\tWorkstation Name:\t\n\tSource Network Address:\t-\n\tSource Port:\t\t-\n\nDetailed Authentication Information:\n\tLogon Process:\t\tAdvapi \n\tAuthentication Package:\tNegotiate\n\tTransited Services:\t-\n\tPackage Name (NTLM only):\t-\n\tKey Length:\t\t0\n\nThis event is generated when a logon session is created. It is generated on the computer that was accessed.\n\nThe subject fields indicate the account on the local system which requested the logon. This is most commonly a service such as the Server service, or a local process such as Winlogon.exe or Services.exe.\n\nThe logon type field indicates the kind of logon that occurred. The most common types are 2 (interactive) and 3 (network).\n\nThe New Logon fields indicate the account for whom the new logon was created, i.e. the account that was logged on.\n\nThe network fields indicate where a remote logon request originated. Workstation name is not always available and may be left blank in some cases.\n\nThe authentication information fields provide detailed information about this specific logon request.\n\t- Logon GUID is a unique identifier that can be used to correlate this event with a KDC event.\n\t- Transited services indicate which intermediate services have participated in this logon request.\n\t- Package name indicates which sub-protocol was used among the NTLM protocols.\n\t- Key length indicates the length of the generated session key. This will be 0 if no session key was requested.", "keywords": ["Audit Success"], "thread_id": 500, "host": {"name": "CLIENT1"}, "record_number": "4539", "provider_guid": "{54849625-5478-4994-A5BA-3E3B0328C30D}", "task": "Logon", "computer_name": "CLIENT1", "level": "Information", "log_name": "Security", "process_id": 444, "source_name": "Microsoft-Windows-Security-Auditing", "beat": {"version": "6.3.1", "name": "CLIENT1", "hostname": "CLIENT1"}, "event_id": 4624, "event_data": {"SubjectDomainName": "WORKGROUP", "LmPackageName": "-", "IpAddress": "-", "IpPort": "-", "SubjectUserName": "CLIENT1$", "ProcessId": "0x1b4", "ProcessName": "C:\\Windows\\System32\\services.exe", "TargetUserSid": "S-1-5-18", "SubjectUserSid": "S-1-5-18", "LogonProcessName": "Advapi ", "TransmittedServices": "-", "SubjectLogonId": "0x3e7", "TargetDomainName": "NT AUTHORITY", "TargetLogonId": "0x3e7", "LogonGuid": "{00000000-0000-0000-0000-000000000000}", "LogonType": "5", "KeyLength": "0", "TargetUserName": "SYSTEM", "AuthenticationPackageName": "Negotiate"}, "label": {"actor": ["service"], "action": ["authenticate"], "object": ["accounts", "windows"], "reporter": ["system", "windows"]}}
{"@timestamp": "2018-11-13T16:02:08.198Z", "@metadata": {"beat": "winlogbeat", "type": "doc", "version": "6.3.1", "topic": "wineventlog_raw"}, "process_id": 436, "event_id": 7036, "source_name": "Service Control Manager", "provider_guid": "{555908d1-a6d7-4695-8e1e-26931d2012f4}", "host": {"name": "CLIENT1"}, "log_name": "System", "record_number": "11185", "event_data": {"param2": "stopped", "Binary": "50006F006C006900630079004100670065006E0074002F0031000000", "param1": "IPsec Policy Agent"}, "computer_name": "CLIENT1", "beat": {"name": "CLIENT1", "hostname": "CLIENT1", "version": "6.3.1"}, "keywords": ["Classic"], "message": "The IPsec Policy Agent service entered the stopped state.", "level": "Information", "thread_id": 3820, "type": "wineventlog", "label": {"reporter": ["system", "windows"]}}
{"@timestamp": "2018-11-13T16:02:08.351Z", "@metadata": {"beat": "winlogbeat", "type": "doc", "version": "6.3.1", "topic": "wineventlog_raw"}, "provider_guid": "{555908d1-a6d7-4695-8e1e-26931d2012f4}", "event_data": {"param2": "stopped", "Binary": "49004B0045004500580054002F0031000000", "param1": "IKE and AuthIP IPsec Keying Modules"}, "log_name": "System", "process_id": 436, "record_number": "11192", "message": "The IKE and AuthIP IPsec Keying Modules service entered the stopped state.", "level": "Information", "keywords": ["Classic"], "beat": {"name": "CLIENT1", "hostname": "CLIENT1", "version": "6.3.1"}, "type": "wineventlog", "source_name": "Service Control Manager", "computer_name": "CLIENT1", "event_id": 7036, "thread_id": 3820, "host": {"name": "CLIENT1"}, "label": {"reporter": ["system", "windows"]}}
{"@timestamp": "2019-01-15T12:39:56.750Z", "@metadata": {"beat": "winlogbeat", "type": "doc", "version": "6.3.1", "topic": "wineventlog_raw"}, "event_id": 4672, "source_name": "Microsoft-Windows-Security-Auditing", "provider_guid": "{54849625-5478-4994-A5BA-3E3B0328C30D}", "opcode": "Info", "beat": {"name": "CLIENT1", "hostname": "CLIENT1", "version": "6.3.1"}, "host": {"name": "CLIENT1"}, "type": "wineventlog", "record_number": "4530", "task": "Special Logon", "computer_name": "CLIENT1", "message": "Special privileges assigned to new logon.\n\nSubject:\n\tSecurity ID:\t\tS-1-5-18\n\tAccount Name:\t\tSYSTEM\n\tAccount Domain:\t\tNT AUTHORITY\n\tLogon ID:\t\t0x3e7\n\nPrivileges:\t\tSeAssignPrimaryTokenPrivilege\n\t\t\tSeTcbPrivilege\n\t\t\tSeSecurityPrivilege\n\t\t\tSeTakeOwnershipPrivilege\n\t\t\tSeLoadDriverPrivilege\n\t\t\tSeBackupPrivilege\n\t\t\tSeRestorePrivilege\n\t\t\tSeDebugPrivilege\n\t\t\tSeAuditPrivilege\n\t\t\tSeSystemEnvironmentPrivilege\n\t\t\tSeImpersonatePrivilege", "log_name": "Security", "process_id": 444, "thread_id": 500, "event_data": {"SubjectUserName": "SYSTEM", "SubjectDomainName": "NT AUTHORITY", "SubjectLogonId": "0x3e7", "PrivilegeList": "SeAssignPrimaryTokenPrivilege\n\t\t\tSeTcbPrivilege\n\t\t\tSeSecurityPrivilege\n\t\t\tSeTakeOwnershipPrivilege\n\t\t\tSeLoadDriverPrivilege\n\t\t\tSeBackupPrivilege\n\t\t\tSeRestorePrivilege\n\t\t\tSeDebugPrivilege\n\t\t\tSeAuditPrivilege\n\t\t\tSeSystemEnvironmentPrivilege\n\t\t\tSeImpersonatePrivilege", "SubjectUserSid": "S-1-5-18"}, "level": "Information", "keywords": ["Audit Success"], "label": {"reporter": ["system", "windows"]}}
{"@timestamp": "2019-01-15T12:40:02.343Z", "@metadata": {"beat": "winlogbeat", "type": "doc", "version": "6.3.1", "topic": "wineventlog_raw"}, "event_id": 50036, "provider_guid": "{15A7A4F8-0072-4EAB-ABAD-F98A4D666AED}", "source_name": "Microsoft-Windows-Dhcp-Client", "opcode": "ServiceStart", "user": {"name": "LOCAL SERVICE", "domain": "NT AUTHORITY", "type": "Well Known Group", "identifier": "S-1-5-19"}, "type": "wineventlog", "task": "Service State Event", "process_id": 708, "level": "Information", "thread_id": 1016, "log_name": "System", "computer_name": "CLIENT1", "record_number": "11224", "beat": {"hostname": "CLIENT1", "version": "6.3.1", "name": "CLIENT1"}, "host": {"name": "CLIENT1"}, "message": "DHCPv4 client service is started", "label": {"action": ["execute"], "reporter": ["system", "windows"]}}
{"@timestamp": "2019-01-15T12:40:01.562Z", "@metadata": {"beat": "winlogbeat", "type": "doc", "version": "6.3.1", "topic": "wineventlog_raw"}, "type": "wineventlog", "source_name": "Service Control Manager", "provider_guid": "{555908d1-a6d7-4695-8e1e-26931d2012f4}", "record_number": "11221", "event_id": 7036, "log_name": "System", "thread_id": 524, "event_data": {"Binary": "530061006D00530073002F0034000000", "param1": "Security Accounts Manager", "param2": "running"}, "level": "Information", "message": "The Security Accounts Manager service entered the running state.", "beat": {"name": "CLIENT1", "hostname": "CLIENT1", "version": "6.3.1"}, "computer_name": "CLIENT1", "keywords": ["Classic"], "process_id": 436, "host": {"name": "CLIENT1"}, "label": {"reporter": ["system", "windows"], "action": ["execute"]}}
{"@timestamp": "2018-11-13T16:02:08.236Z", "@metadata": {"beat": "winlogbeat", "type": "doc", "version": "6.3.1", "topic": "wineventlog_raw"}, "provider_guid": "{555908d1-a6d7-4695-8e1e-26931d2012f4}", "record_number": "11187", "keywords": ["Classic"], "thread_id": 3820, "event_data": {"Binary": "770069006E006C006F00670062006500610074002F0031000000", "param1": "winlogbeat", "param2": "stopped"}, "type": "wineventlog", "source_name": "Service Control Manager", "host": {"name": "CLIENT1"}, "computer_name": "CLIENT1", "beat": {"name": "CLIENT1", "hostname": "CLIENT1", "version": "6.3.1"}, "event_id": 7036, "process_id": 436, "level": "Information", "message": "The winlogbeat service entered the stopped state.", "log_name": "System", "label": {"reporter": ["system", "windows"]}}
{"@timestamp": "2019-01-15T12:39:58.421Z", "@metadata": {"beat": "winlogbeat", "type": "doc", "version": "6.3.1", "topic": "wineventlog_raw"}, "type": "wineventlog", "computer_name": "CLIENT1", "event_id": 7036, "keywords": ["Classic"], "message": "The Multimedia Class Scheduler service entered the running state.", "record_number": "11211", "level": "Information", "beat": {"name": "CLIENT1", "hostname": "CLIENT1", "version": "6.3.1"}, "host": {"name": "CLIENT1"}, "event_data": {"param1": "Multimedia Class Scheduler", "param2": "running", "Binary": "4D004D004300530053002F0034000000"}, "log_name": "System", "thread_id": 516, "process_id": 436, "source_name": "Service Control Manager", "provider_guid": "{555908d1-a6d7-4695-8e1e-26931d2012f4}", "label": {"reporter": ["system", "windows"], "action": ["execute"]}}
{"@timestamp": "2018-11-13T16:02:08.167Z", "@metadata": {"beat": "winlogbeat", "type": "doc", "version": "6.3.1", "topic": "wineventlog_raw"}, "record_number": "11182", "event_id": 7036, "provider_guid": "{555908d1-a6d7-4695-8e1e-26931d2012f4}", "thread_id": 3820, "type": "wineventlog", "log_name": "System", "keywords": ["Classic"], "level": "Information", "source_name": "Service Control Manager", "process_id": 436, "event_data": {"param1": "UPnP Device Host", "param2": "stopped", "Binary": "750070006E00700068006F00730074002F0031000000"}, "message": "The UPnP Device Host service entered the stopped state.", "beat": {"name": "CLIENT1", "hostname": "CLIENT1", "version": "6.3.1"}, "computer_name": "CLIENT1", "host": {"name": "CLIENT1"}, "label": {"reporter": ["system", "windows"]}}
{"@timestamp": "2019-01-15T12:40:07.265Z", "@metadata": {"beat": "winlogbeat", "type": "doc", "version": "6.3.1", "topic": "wineventlog_raw"}, "log_name": "System", "thread_id": 516, "record_number": "11235", "computer_name": "CLIENT1", "beat": {"name": "CLIENT1", "hostname": "CLIENT1", "version": "6.3.1"}, "level": "Information", "message": "The Cryptographic Services service entered the running state.", "process_id": 436, "event_id": 7036, "host": {"name": "CLIENT1"}, "type": "wineventlog", "event_data": {"param1": "Cryptographic Services", "param2": "running", "Binary": "430072007900700074005300760063002F0034000000"}, "source_name": "Service Control Manager", "provider_guid": "{555908d1-a6d7-4695-8e1e-26931d2012f4}", "keywords": ["Classic"], "label": {"reporter": ["system", "windows"], "action": ["execute"]}}
{"@timestamp": "2019-01-15T12:39:58.203Z", "@metadata": {"beat": "winlogbeat", "type": "doc", "version": "6.3.1", "topic": "wineventlog_raw"}, "log_name": "Security", "task": "Special Logon", "beat": {"name": "CLIENT1", "hostname": "CLIENT1", "version": "6.3.1"}, "type": "wineventlog", "provider_guid": "{54849625-5478-4994-A5BA-3E3B0328C30D}", "keywords": ["Audit Success"], "event_id": 4672, "level": "Information", "message": "Special privileges assigned to new logon.\n\nSubject:\n\tSecurity ID:\t\tS-1-5-18\n\tAccount Name:\t\tSYSTEM\n\tAccount Domain:\t\tNT AUTHORITY\n\tLogon ID:\t\t0x3e7\n\nPrivileges:\t\tSeAssignPrimaryTokenPrivilege\n\t\t\tSeTcbPrivilege\n\t\t\tSeSecurityPrivilege\n\t\t\tSeTakeOwnershipPrivilege\n\t\t\tSeLoadDriverPrivilege\n\t\t\tSeBackupPrivilege\n\t\t\tSeRestorePrivilege\n\t\t\tSeDebugPrivilege\n\t\t\tSeAuditPrivilege\n\t\t\tSeSystemEnvironmentPrivilege\n\t\t\tSeImpersonatePrivilege", "process_id": 444, "source_name": "Microsoft-Windows-Security-Auditing", "record_number": "4536", "host": {"name": "CLIENT1"}, "computer_name": "CLIENT1", "opcode": "Info", "thread_id": 500, "event_data": {"SubjectUserSid": "S-1-5-18", "SubjectUserName": "SYSTEM", "SubjectDomainName": "NT AUTHORITY", "SubjectLogonId": "0x3e7", "PrivilegeList": "SeAssignPrimaryTokenPrivilege\n\t\t\tSeTcbPrivilege\n\t\t\tSeSecurityPrivilege\n\t\t\tSeTakeOwnershipPrivilege\n\t\t\tSeLoadDriverPrivilege\n\t\t\tSeBackupPrivilege\n\t\t\tSeRestorePrivilege\n\t\t\tSeDebugPrivilege\n\t\t\tSeAuditPrivilege\n\t\t\tSeSystemEnvironmentPrivilege\n\t\t\tSeImpersonatePrivilege"}, "label": {"reporter": ["system", "windows"]}}
{"@timestamp": "2019-01-15T12:39:57.203Z", "@metadata": {"beat": "winlogbeat", "type": "doc", "version": "6.3.1", "topic": "wineventlog_raw"}, "computer_name": "CLIENT1", "thread_id": 524, "level": "Information", "process_id": 436, "beat": {"name": "CLIENT1", "hostname": "CLIENT1", "version": "6.3.1"}, "keywords": ["Classic"], "message": "The Power service entered the running state.", "source_name": "Service Control Manager", "host": {"name": "CLIENT1"}, "event_data": {"Binary": "50006F007700650072002F0034000000", "param1": "Power", "param2": "running"}, "record_number": "11205", "log_name": "System", "event_id": 7036, "type": "wineventlog", "provider_guid": "{555908d1-a6d7-4695-8e1e-26931d2012f4}", "label": {"reporter": ["system", "windows"], "action": ["execute"]}}
{"@timestamp": "2018-11-13T16:02:08.333Z", "@metadata": {"beat": "winlogbeat", "type": "doc", "version": "6.3.1", "topic": "wineventlog_raw"}, "type": "wineventlog", "computer_name": "CLIENT1", "level": "Information", "keywords": ["Classic"], "thread_id": 3820, "record_number": "11191", "beat": {"hostname": "CLIENT1", "version": "6.3.1", "name": "CLIENT1"}, "message": "The Security Center service entered the stopped state.", "source_name": "Service Control Manager", "host": {"name": "CLIENT1"}, "event_id": 7036, "event_data": {"param1": "Security Center", "param2": "stopped", "Binary": "7700730063007300760063002F0031000000"}, "log_name": "System", "provider_guid": "{555908d1-a6d7-4695-8e1e-26931d2012f4}", "process_id": 436, "label": {"reporter": ["system", "windows"]}}
{"@timestamp": "2019-01-15T12:39:54.203Z", "@metadata": {"beat": "winlogbeat", "type": "doc", "version": "6.3.1", "topic": "wineventlog_raw"}, "process_id": 444, "source_name": "Microsoft-Windows-Security-Auditing", "event_id": 4608, "message": "Windows is starting up.\n\nThis event is logged when LSASS.EXE starts and the auditing subsystem is initialized.", "record_number": "4526", "opcode": "Info", "type": "wineventlog", "keywords": ["Audit Success"], "thread_id": 448, "task": "Security State Change", "log_name": "Security", "provider_guid": "{54849625-5478-4994-A5BA-3E3B0328C30D}", "computer_name": "CLIENT1", "host": {"name": "CLIENT1"}, "level": "Information", "beat": {"version": "6.3.1", "name": "CLIENT1", "hostname": "CLIENT1"}, "label": {"reporter": ["system", "windows"]}}
{"@timestamp": "2018-11-13T16:02:10.699Z", "@metadata": {"beat": "winlogbeat", "type": "doc", "version": "6.3.1", "topic": "wineventlog_raw"}, "thread_id": 3820, "source_name": "Service Control Manager", "provider_guid": "{555908d1-a6d7-4695-8e1e-26931d2012f4}", "type": "wineventlog", "beat": {"name": "CLIENT1", "hostname": "CLIENT1", "version": "6.3.1"}, "log_name": "System", "process_id": 436, "record_number": "11197", "host": {"name": "CLIENT1"}, "level": "Information", "event_data": {"param1": "Windows Search", "param2": "stopped", "Binary": "57005300650061007200630068002F0031000000"}, "keywords": ["Classic"], "computer_name": "CLIENT1", "event_id": 7036, "message": "The Windows Search service entered the stopped state.", "label": {"reporter": ["system", "windows"]}}
{"@timestamp": "2019-01-15T12:40:12.545Z", "@metadata": {"beat": "winlogbeat", "type": "doc", "version": "6.3.1", "topic": "wineventlog_raw"}, "keywords": ["Classic"], "provider_guid": "{555908d1-a6d7-4695-8e1e-26931d2012f4}", "event_id": 7036, "beat": {"name": "CLIENT1", "hostname": "CLIENT1", "version": "6.3.1"}, "record_number": "11244", "level": "Information", "event_data": {"param1": "Windows Management Instrumentation", "param2": "running", "Binary": "570069006E006D0067006D0074002F0034000000"}, "type": "wineventlog", "source_name": "Service Control Manager", "log_name": "System", "process_id": 436, "message": "The Windows Management Instrumentation service entered the running state.", "thread_id": 524, "computer_name": "CLIENT1", "host": {"name": "CLIENT1"}, "label": {"reporter": ["system", "windows"], "action": ["execute"]}}
{"@timestamp": "2019-01-15T12:39:58.203Z", "@metadata": {"beat": "winlogbeat", "type": "doc", "version": "6.3.1", "topic": "wineventlog_raw"}, "record_number": "4535", "type": "wineventlog", "process_id": 444, "source_name": "Microsoft-Windows-Security-Auditing", "computer_name": "CLIENT1", "event_id": 4624, "level": "Information", "keywords": ["Audit Success"], "message": "An account was successfully logged on.\n\nSubject:\n\tSecurity ID:\t\tS-1-5-18\n\tAccount Name:\t\tCLIENT1$\n\tAccount Domain:\t\tWORKGROUP\n\tLogon ID:\t\t0x3e7\n\nLogon Type:\t\t\t5\n\nNew Logon:\n\tSecurity ID:\t\tS-1-5-18\n\tAccount Name:\t\tSYSTEM\n\tAccount Domain:\t\tNT AUTHORITY\n\tLogon ID:\t\t0x3e7\n\tLogon GUID:\t\t{00000000-0000-0000-0000-000000000000}\n\nProcess Information:\n\tProcess ID:\t\t0x1b4\n\tProcess Name:\t\tC:\\Windows\\System32\\services.exe\n\nNetwork Information:\n\tWorkstation Name:\t\n\tSource Network Address:\t-\n\tSource Port:\t\t-\n\nDetailed Authentication Information:\n\tLogon Process:\t\tAdvapi \n\tAuthentication Package:\tNegotiate\n\tTransited Services:\t-\n\tPackage Name (NTLM only):\t-\n\tKey Length:\t\t0\n\nThis event is generated when a logon session is created. It is generated on the computer that was accessed.\n\nThe subject fields indicate the account on the local system which requested the logon. This is most commonly a service such as the Server service, or a local process such as Winlogon.exe or Services.exe.\n\nThe logon type field indicates the kind of logon that occurred. The most common types are 2 (interactive) and 3 (network).\n\nThe New Logon fields indicate the account for whom the new logon was created, i.e. the account that was logged on.\n\nThe network fields indicate where a remote logon request originated. Workstation name is not always available and may be left blank in some cases.\n\nThe authentication information fields provide detailed information about this specific logon request.\n\t- Logon GUID is a unique identifier that can be used to correlate this event with a KDC event.\n\t- Transited services indicate which intermediate services have participated in this logon request.\n\t- Package name indicates which sub-protocol was used among the NTLM protocols.\n\t- Key length indicates the length of the generated session key. This will be 0 if no session key was requested.", "event_data": {"SubjectUserName": "CLIENT1$", "ProcessName": "C:\\Windows\\System32\\services.exe", "IpPort": "-", "TransmittedServices": "-", "ProcessId": "0x1b4", "LogonGuid": "{00000000-0000-0000-0000-000000000000}", "IpAddress": "-", "LogonType": "5", "LmPackageName": "-", "TargetUserName": "SYSTEM", "LogonProcessName": "Advapi ", "TargetLogonId": "0x3e7", "TargetDomainName": "NT AUTHORITY", "AuthenticationPackageName": "Negotiate", "KeyLength": "0", "SubjectUserSid": "S-1-5-18", "SubjectDomainName": "WORKGROUP", "TargetUserSid": "S-1-5-18", "SubjectLogonId": "0x3e7"}, "log_name": "Security", "task": "Logon", "opcode": "Info", "thread_id": 500, "provider_guid": "{54849625-5478-4994-A5BA-3E3B0328C30D}", "beat": {"name": "CLIENT1", "hostname": "CLIENT1", "version": "6.3.1"}, "host": {"name": "CLIENT1"}, "label": {"actor": ["service"], "action": ["authenticate"], "object": ["accounts", "windows"], "reporter": ["system", "windows"]}}
{"@timestamp": "2019-01-15T12:51:57.000Z", "@metadata": {"beat": "winlogbeat", "type": "doc", "version": "6.3.1", "topic": "wineventlog_raw"}, "level": "Information", "type": "wineventlog", "record_number": "2846", "provider_guid": "{DBE9B383-7CF3-4331-91CC-A3CB16A3B538}", "keywords": ["Classic"], "host": {"name": "CLIENT1"}, "log_name": "Application", "computer_name": "CLIENT1", "beat": {"name": "CLIENT1", "hostname": "CLIENT1", "version": "6.3.1"}, "event_data": {"param1": "0x00000000", "param2": "0x00000000"}, "source_name": "Microsoft-Windows-Winlogon", "event_id": 4104, "message": "Accessing Windows in Notification period.", "label": {"reporter": ["system", "windows"]}}
{"@timestamp": "2019-01-15T12:39:58.234Z", "@metadata": {"beat": "winlogbeat", "type": "doc", "version": "6.3.1", "topic": "wineventlog_raw"}, "thread_id": 500, "message": "Special privileges assigned to new logon.\n\nSubject:\n\tSecurity ID:\t\tS-1-5-18\n\tAccount Name:\t\tSYSTEM\n\tAccount Domain:\t\tNT AUTHORITY\n\tLogon ID:\t\t0x3e7\n\nPrivileges:\t\tSeAssignPrimaryTokenPrivilege\n\t\t\tSeTcbPrivilege\n\t\t\tSeSecurityPrivilege\n\t\t\tSeTakeOwnershipPrivilege\n\t\t\tSeLoadDriverPrivilege\n\t\t\tSeBackupPrivilege\n\t\t\tSeRestorePrivilege\n\t\t\tSeDebugPrivilege\n\t\t\tSeAuditPrivilege\n\t\t\tSeSystemEnvironmentPrivilege\n\t\t\tSeImpersonatePrivilege", "type": "wineventlog", "beat": {"name": "CLIENT1", "hostname": "CLIENT1", "version": "6.3.1"}, "event_id": 4672, "source_name": "Microsoft-Windows-Security-Auditing", "level": "Information", "keywords": ["Audit Success"], "process_id": 444, "computer_name": "CLIENT1", "opcode": "Info", "record_number": "4538", "host": {"name": "CLIENT1"}, "log_name": "Security", "provider_guid": "{54849625-5478-4994-A5BA-3E3B0328C30D}", "task": "Special Logon", "event_data": {"SubjectLogonId": "0x3e7", "PrivilegeList": "SeAssignPrimaryTokenPrivilege\n\t\t\tSeTcbPrivilege\n\t\t\tSeSecurityPrivilege\n\t\t\tSeTakeOwnershipPrivilege\n\t\t\tSeLoadDriverPrivilege\n\t\t\tSeBackupPrivilege\n\t\t\tSeRestorePrivilege\n\t\t\tSeDebugPrivilege\n\t\t\tSeAuditPrivilege\n\t\t\tSeSystemEnvironmentPrivilege\n\t\t\tSeImpersonatePrivilege", "SubjectUserSid": "S-1-5-18", "SubjectUserName": "SYSTEM", "SubjectDomainName": "NT AUTHORITY"}, "label": {"reporter": ["system", "windows"]}}
{"@timestamp": "2019-01-15T12:40:02.578Z", "@metadata": {"beat": "winlogbeat", "type": "doc", "version": "6.3.1", "topic": "wineventlog_raw"}, "beat": {"version": "6.3.1", "name": "CLIENT1", "hostname": "CLIENT1"}, "keywords": ["Classic"], "provider_guid": "{555908d1-a6d7-4695-8e1e-26931d2012f4}", "message": "The DHCP Client service entered the running state.", "type": "wineventlog", "record_number": "11226", "event_data": {"param1": "DHCP Client", "param2": "running", "Binary": "44006800630070002F0034000000"}, "level": "Information", "source_name": "Service Control Manager", "host": {"name": "CLIENT1"}, "log_name": "System", "computer_name": "CLIENT1", "event_id": 7036, "process_id": 436, "thread_id": 520, "label": {"reporter": ["system", "windows"], "action": ["execute"]}}
{"@timestamp": "2019-01-15T12:51:50.167Z", "@metadata": {"beat": "winlogbeat", "type": "doc", "version": "6.3.1", "topic": "wineventlog_raw"}, "event_id": 4648, "provider_guid": "{54849625-5478-4994-A5BA-3E3B0328C30D}", "process_id": 444, "task": "Logon", "keywords": ["Audit Success"], "computer_name": "CLIENT1", "message": "A logon was attempted using explicit credentials.\n\nSubject:\n\tSecurity ID:\t\tS-1-5-18\n\tAccount Name:\t\tCLIENT1$\n\tAccount Domain:\t\tWORKGROUP\n\tLogon ID:\t\t0x3e7\n\tLogon GUID:\t\t{00000000-0000-0000-0000-000000000000}\n\nAccount Whose Credentials Were Used:\n\tAccount Name:\t\tbreach\n\tAccount Domain:\t\tCLIENT1\n\tLogon GUID:\t\t{00000000-0000-0000-0000-000000000000}\n\nTarget Server:\n\tTarget Server Name:\tlocalhost\n\tAdditional Information:\tlocalhost\n\nProcess Information:\n\tProcess ID:\t\t0x178\n\tProcess Name:\t\tC:\\Windows\\System32\\winlogon.exe\n\nNetwork Information:\n\tNetwork Address:\t127.0.0.1\n\tPort:\t\t\t0\n\nThis event is generated when a process attempts to log on an account by explicitly specifying that account\u2019s credentials. This most commonly occurs in batch-type configurations such as scheduled tasks, or when using the RUNAS command.", "thread_id": 2044, "event_data": {"SubjectLogonId": "0x3e7", "SubjectDomainName": "WORKGROUP", "LogonGuid": "{00000000-0000-0000-0000-000000000000}", "TargetInfo": "localhost", "IpAddress": "127.0.0.1", "TargetUserName": "breach", "IpPort": "0", "SubjectUserSid": "S-1-5-18", "TargetLogonGuid": "{00000000-0000-0000-0000-000000000000}", "ProcessId": "0x178", "TargetServerName": "localhost", "TargetDomainName": "CLIENT1", "ProcessName": "C:\\Windows\\System32\\winlogon.exe", "SubjectUserName": "CLIENT1$"}, "host": {"name": "CLIENT1"}, "beat": {"hostname": "CLIENT1", "version": "6.3.1", "name": "CLIENT1"}, "log_name": "Security", "source_name": "Microsoft-Windows-Security-Auditing", "record_number": "4550", "opcode": "Info", "type": "wineventlog", "level": "Information", "label": {"action": ["authenticate"], "object": ["accounts", "windows"], "reporter": ["system", "windows"]}}
{"@timestamp": "2019-01-15T12:42:23.000Z", "@metadata": {"beat": "winlogbeat", "type": "doc", "version": "6.3.1", "topic": "wineventlog_raw"}, "message": "The Windows Search Service started.", "event_id": 1003, "keywords": ["Classic"], "beat": {"name": "CLIENT1", "hostname": "CLIENT1", "version": "6.3.1"}, "host": {"name": "CLIENT1"}, "log_name": "Application", "event_data": {"ExtraInfo": ""}, "type": "wineventlog", "level": "Information", "computer_name": "CLIENT1", "task": "Search service", "record_number": "2843", "source_name": "Microsoft-Windows-Search", "provider_guid": "{CA4E628D-8567-4896-AB6B-835B221F373F}", "label": {"reporter": ["windows"]}}
{"@timestamp": "2019-01-15T12:42:15.072Z", "@metadata": {"beat": "winlogbeat", "type": "doc", "version": "6.3.1", "topic": "wineventlog_raw"}, "message": "An account was successfully logged on.\n\nSubject:\n\tSecurity ID:\t\tS-1-5-18\n\tAccount Name:\t\tCLIENT1$\n\tAccount Domain:\t\tWORKGROUP\n\tLogon ID:\t\t0x3e7\n\nLogon Type:\t\t\t5\n\nNew Logon:\n\tSecurity ID:\t\tS-1-5-18\n\tAccount Name:\t\tSYSTEM\n\tAccount Domain:\t\tNT AUTHORITY\n\tLogon ID:\t\t0x3e7\n\tLogon GUID:\t\t{00000000-0000-0000-0000-000000000000}\n\nProcess Information:\n\tProcess ID:\t\t0x1b4\n\tProcess Name:\t\tC:\\Windows\\System32\\services.exe\n\nNetwork Information:\n\tWorkstation Name:\t\n\tSource Network Address:\t-\n\tSource Port:\t\t-\n\nDetailed Authentication Information:\n\tLogon Process:\t\tAdvapi \n\tAuthentication Package:\tNegotiate\n\tTransited Services:\t-\n\tPackage Name (NTLM only):\t-\n\tKey Length:\t\t0\n\nThis event is generated when a logon session is created. It is generated on the computer that was accessed.\n\nThe subject fields indicate the account on the local system which requested the logon. This is most commonly a service such as the Server service, or a local process such as Winlogon.exe or Services.exe.\n\nThe logon type field indicates the kind of logon that occurred. The most common types are 2 (interactive) and 3 (network).\n\nThe New Logon fields indicate the account for whom the new logon was created, i.e. the account that was logged on.\n\nThe network fields indicate where a remote logon request originated. Workstation name is not always available and may be left blank in some cases.\n\nThe authentication information fields provide detailed information about this specific logon request.\n\t- Logon GUID is a unique identifier that can be used to correlate this event with a KDC event.\n\t- Transited services indicate which intermediate services have participated in this logon request.\n\t- Package name indicates which sub-protocol was used among the NTLM protocols.\n\t- Key length indicates the length of the generated session key. This will be 0 if no session key was requested.", "type": "wineventlog", "source_name": "Microsoft-Windows-Security-Auditing", "computer_name": "CLIENT1", "event_data": {"AuthenticationPackageName": "Negotiate", "TargetLogonId": "0x3e7", "KeyLength": "0", "ProcessId": "0x1b4", "SubjectUserName": "CLIENT1$", "IpAddress": "-", "TargetUserName": "SYSTEM", "IpPort": "-", "SubjectDomainName": "WORKGROUP", "TargetDomainName": "NT AUTHORITY", "TargetUserSid": "S-1-5-18", "SubjectUserSid": "S-1-5-18", "LogonProcessName": "Advapi ", "LogonType": "5", "ProcessName": "C:\\Windows\\System32\\services.exe", "LmPackageName": "-", "LogonGuid": "{00000000-0000-0000-0000-000000000000}", "TransmittedServices": "-", "SubjectLogonId": "0x3e7"}, "process_id": 444, "log_name": "Security", "task": "Logon", "level": "Information", "keywords": ["Audit Success"], "provider_guid": "{54849625-5478-4994-A5BA-3E3B0328C30D}", "beat": {"name": "CLIENT1", "hostname": "CLIENT1", "version": "6.3.1"}, "opcode": "Info", "record_number": "4546", "event_id": 4624, "host": {"name": "CLIENT1"}, "thread_id": 844, "label": {"actor": ["service"], "action": ["authenticate"], "object": ["accounts", "windows"], "reporter": ["system", "windows"]}}
{"@timestamp": "2019-01-15T12:39:56.750Z", "@metadata": {"beat": "winlogbeat", "type": "doc", "version": "6.3.1", "topic": "wineventlog_raw"}, "level": "Information", "keywords": ["Audit Success"], "message": "An account was successfully logged on.\n\nSubject:\n\tSecurity ID:\t\tS-1-5-18\n\tAccount Name:\t\tCLIENT1$\n\tAccount Domain:\t\tWORKGROUP\n\tLogon ID:\t\t0x3e7\n\nLogon Type:\t\t\t5\n\nNew Logon:\n\tSecurity ID:\t\tS-1-5-18\n\tAccount Name:\t\tSYSTEM\n\tAccount Domain:\t\tNT AUTHORITY\n\tLogon ID:\t\t0x3e7\n\tLogon GUID:\t\t{00000000-0000-0000-0000-000000000000}\n\nProcess Information:\n\tProcess ID:\t\t0x1b4\n\tProcess Name:\t\tC:\\Windows\\System32\\services.exe\n\nNetwork Information:\n\tWorkstation Name:\t\n\tSource Network Address:\t-\n\tSource Port:\t\t-\n\nDetailed Authentication Information:\n\tLogon Process:\t\tAdvapi \n\tAuthentication Package:\tNegotiate\n\tTransited Services:\t-\n\tPackage Name (NTLM only):\t-\n\tKey Length:\t\t0\n\nThis event is generated when a logon session is created. It is generated on the computer that was accessed.\n\nThe subject fields indicate the account on the local system which requested the logon. This is most commonly a service such as the Server service, or a local process such as Winlogon.exe or Services.exe.\n\nThe logon type field indicates the kind of logon that occurred. The most common types are 2 (interactive) and 3 (network).\n\nThe New Logon fields indicate the account for whom the new logon was created, i.e. the account that was logged on.\n\nThe network fields indicate where a remote logon request originated. Workstation name is not always available and may be left blank in some cases.\n\nThe authentication information fields provide detailed information about this specific logon request.\n\t- Logon GUID is a unique identifier that can be used to correlate this event with a KDC event.\n\t- Transited services indicate which intermediate services have participated in this logon request.\n\t- Package name indicates which sub-protocol was used among the NTLM protocols.\n\t- Key length indicates the length of the generated session key. This will be 0 if no session key was requested.", "thread_id": 500, "event_id": 4624, "source_name": "Microsoft-Windows-Security-Auditing", "provider_guid": "{54849625-5478-4994-A5BA-3E3B0328C30D}", "opcode": "Info", "host": {"name": "CLIENT1"}, "task": "Logon", "record_number": "4529", "process_id": 444, "computer_name": "CLIENT1", "event_data": {"TargetUserSid": "S-1-5-18", "TargetLogonId": "0x3e7", "TargetDomainName": "NT AUTHORITY", "SubjectDomainName": "WORKGROUP", "AuthenticationPackageName": "Negotiate", "SubjectUserName": "CLIENT1$", "KeyLength": "0", "LogonType": "5", "ProcessId": "0x1b4", "LmPackageName": "-", "LogonProcessName": "Advapi ", "SubjectUserSid": "S-1-5-18", "IpAddress": "-", "ProcessName": "C:\\Windows\\System32\\services.exe", "SubjectLogonId": "0x3e7", "LogonGuid": "{00000000-0000-0000-0000-000000000000}", "IpPort": "-", "TransmittedServices": "-", "TargetUserName": "SYSTEM"}, "log_name": "Security", "beat": {"name": "CLIENT1", "hostname": "CLIENT1", "version": "6.3.1"}, "type": "wineventlog", "label": {"actor": ["service"], "action": ["authenticate"], "object": ["accounts", "windows"], "reporter": ["system", "windows"]}}
{"@timestamp": "2018-11-13T16:02:08.151Z", "@metadata": {"beat": "winlogbeat", "type": "doc", "version": "6.3.1", "topic": "wineventlog_raw"}, "type": "wineventlog", "log_name": "System", "record_number": "11176", "host": {"name": "CLIENT1"}, "computer_name": "CLIENT1", "event_id": 7036, "provider_guid": "{555908d1-a6d7-4695-8e1e-26931d2012f4}", "event_data": {"param2": "stopped", "Binary": "5500780053006D0073002F0031000000", "param1": "Desktop Window Manager Session Manager"}, "message": "The Desktop Window Manager Session Manager service entered the stopped state.", "process_id": 436, "keywords": ["Classic"], "thread_id": 3820, "source_name": "Service Control Manager", "level": "Information", "beat": {"name": "CLIENT1", "hostname": "CLIENT1", "version": "6.3.1"}, "label": {"reporter": ["system", "windows"]}}
