{"@timestamp": "2018-11-13T16:02:10.261Z", "@metadata": {"beat": "winlogbeat", "type": "doc", "version": "6.3.1", "topic": "wineventlog_raw"}, "keywords": ["Classic"], "event_data": {"param2": "stopped", "Binary": "570069006E0044006500660065006E0064002F0031000000", "param1": "Windows Defender"}, "level": "Information", "beat": {"name": "CLIENT1", "hostname": "CLIENT1", "version": "6.3.1"}, "host": {"name": "CLIENT1"}, "log_name": "System", "source_name": "Service Control Manager", "computer_name": "CLIENT1", "event_id": 7036, "record_number": "11196", "provider_guid": "{555908d1-a6d7-4695-8e1e-26931d2012f4}", "message": "The Windows Defender service entered the stopped state.", "process_id": 436, "type": "wineventlog", "thread_id": 3820, "label": {"reporter": ["system", "windows"]}}
{"@timestamp": "2019-01-15T12:40:00.359Z", "@metadata": {"beat": "winlogbeat", "type": "doc", "version": "6.3.1", "topic": "wineventlog_raw"}, "process_id": 436, "log_name": "System", "computer_name": "CLIENT1", "event_id": 7036, "thread_id": 516, "provider_guid": "{555908d1-a6d7-4695-8e1e-26931d2012f4}", "event_data": {"Binary": "5400680065006D00650073002F0034000000", "param1": "Themes", "param2": "running"}, "beat": {"name": "CLIENT1", "hostname": "CLIENT1", "version": "6.3.1"}, "source_name": "Service Control Manager", "type": "wineventlog", "record_number": "11214", "message": "The Themes service entered the running state.", "level": "Information", "keywords": ["Classic"], "host": {"name": "CLIENT1"}, "label": {"reporter": ["system", "windows"], "action": ["execute"]}}
{"@timestamp": "2019-01-15T12:56:43.256Z", "@metadata": {"beat": "winlogbeat", "type": "doc", "version": "6.3.1", "topic": "wineventlog_raw"}, "source_name": "Service Control Manager", "thread_id": 3680, "provider_guid": "{555908d1-a6d7-4695-8e1e-26931d2012f4}", "host": {"name": "CLIENT1"}, "event_id": 7036, "message": "The WinHTTP Web Proxy Auto-Discovery Service service entered the stopped state.", "type": "wineventlog", "event_data": {"Binary": "570069006E0048007400740070004100750074006F00500072006F00780079005300760063002F0031000000", "param1": "WinHTTP Web Proxy Auto-Discovery Service", "param2": "stopped"}, "beat": {"name": "CLIENT1", "hostname": "CLIENT1", "version": "6.3.1"}, "process_id": 436, "keywords": ["Classic"], "computer_name": "CLIENT1", "level": "Information", "log_name": "System", "record_number": "11278", "label": {"reporter": ["system", "windows"]}}
{"@timestamp": "2019-01-15T12:40:00.421Z", "@metadata": {"beat": "winlogbeat", "type": "doc", "version": "6.3.1", "topic": "wineventlog_raw"}, "type": "wineventlog", "record_number": "2828", "event_id": 1531, "message": "The User Profile Service has started successfully. ", "opcode": "Info", "thread_id": 904, "host": {"name": "CLIENT1"}, "computer_name": "CLIENT1", "log_name": "Application", "user": {"domain": "NT AUTHORITY", "type": "User", "identifier": "S-1-5-18", "name": "SYSTEM"}, "beat": {"name": "CLIENT1", "hostname": "CLIENT1", "version": "6.3.1"}, "process_id": 772, "source_name": "Microsoft-Windows-User Profiles Service", "provider_guid": "{89B1E9F0-5AFF-44A6-9B44-0A07A7CE5845}", "level": "Information", "label": {"reporter": ["system", "windows"]}}
{"@timestamp": "2019-01-15T12:42:03.575Z", "@metadata": {"beat": "winlogbeat", "type": "doc", "version": "6.3.1", "topic": "wineventlog_raw"}, "record_number": "11254", "keywords": ["Classic"], "provider_guid": "{555908d1-a6d7-4695-8e1e-26931d2012f4}", "message": "The Shell Hardware Detection service entered the stopped state.", "host": {"name": "CLIENT1"}, "computer_name": "CLIENT1", "event_id": 7036, "thread_id": 636, "source_name": "Service Control Manager", "type": "wineventlog", "level": "Information", "log_name": "System", "process_id": 436, "event_data": {"param1": "Shell Hardware Detection", "param2": "stopped", "Binary": "5300680065006C006C004800570044006500740065006300740069006F006E002F0031000000"}, "beat": {"name": "CLIENT1", "hostname": "CLIENT1", "version": "6.3.1"}, "label": {"reporter": ["system", "windows"]}}
{"@timestamp": "2019-01-15T12:51:57.000Z", "@metadata": {"beat": "winlogbeat", "type": "doc", "version": "6.3.1", "topic": "wineventlog_raw"}, "provider_guid": "{DBE9B383-7CF3-4331-91CC-A3CB16A3B538}", "level": "Information", "type": "wineventlog", "record_number": "2847", "beat": {"name": "CLIENT1", "hostname": "CLIENT1", "version": "6.3.1"}, "source_name": "Microsoft-Windows-Winlogon", "computer_name": "CLIENT1", "event_data": {"Binary": "D9060000", "param1": "SessionEnv"}, "log_name": "Application", "event_id": 6000, "keywords": ["Classic"], "message": "The winlogon notification subscriber <SessionEnv> was unavailable to handle a notification event.", "host": {"name": "CLIENT1"}, "label": {"reporter": ["system", "windows"]}}
{"@timestamp": "2018-11-13T16:02:08.511Z", "@metadata": {"beat": "winlogbeat", "type": "doc", "version": "6.3.1", "topic": "wineventlog_raw"}, "host": {"name": "CLIENT1"}, "record_number": "11193", "computer_name": "CLIENT1", "event_id": 7036, "keywords": ["Classic"], "message": "The Cryptographic Services service entered the stopped state.", "process_id": 436, "level": "Information", "type": "wineventlog", "event_data": {"param1": "Cryptographic Services", "param2": "stopped", "Binary": "430072007900700074005300760063002F0031000000"}, "beat": {"name": "CLIENT1", "hostname": "CLIENT1", "version": "6.3.1"}, "source_name": "Service Control Manager", "provider_guid": "{555908d1-a6d7-4695-8e1e-26931d2012f4}", "thread_id": 3820, "log_name": "System", "label": {"reporter": ["system", "windows"]}}
{"@timestamp": "2019-01-15T12:52:11.169Z", "@metadata": {"beat": "winlogbeat", "type": "doc", "version": "6.3.1", "topic": "wineventlog_raw"}, "source_name": "Service Control Manager", "thread_id": 2208, "computer_name": "CLIENT1", "provider_guid": "{555908d1-a6d7-4695-8e1e-26931d2012f4}", "event_id": 7036, "host": {"name": "CLIENT1"}, "keywords": ["Classic"], "event_data": {"param1": "Windows Media Player Network Sharing Service", "param2": "running", "Binary": "57004D0050004E006500740077006F0072006B005300760063002F0034000000"}, "beat": {"name": "CLIENT1", "hostname": "CLIENT1", "version": "6.3.1"}, "log_name": "System", "record_number": "11276", "level": "Information", "type": "wineventlog", "message": "The Windows Media Player Network Sharing Service service entered the running state.", "process_id": 436, "label": {"reporter": ["system", "windows"], "action": ["execute"]}}
{"@timestamp": "2019-01-15T12:39:58.000Z", "@metadata": {"beat": "winlogbeat", "type": "doc", "version": "6.3.1", "topic": "wineventlog_raw"}, "event_data": {"Binary": "E307010002000F000C0027003A00AB000000000000000000"}, "log_name": "System", "message": "The Event log service was started.", "type": "wineventlog", "source_name": "EventLog", "record_number": "11178", "level": "Information", "computer_name": "CLIENT1", "keywords": ["Classic"], "event_id": 6005, "beat": {"name": "CLIENT1", "hostname": "CLIENT1", "version": "6.3.1"}, "host": {"name": "CLIENT1"}, "label": {"action": ["execute"], "reporter": ["system", "windows"]}}
{"@timestamp": "2018-11-13T16:02:12.667Z", "@metadata": {"beat": "winlogbeat", "type": "doc", "version": "6.3.1", "topic": "wineventlog_raw"}, "event_id": 13, "log_name": "System", "message": "The operating system is shutting down at system time \u200e2018\u200e-\u200e11\u200e-\u200e13T16:02:12.667976600Z.", "beat": {"name": "CLIENT1", "hostname": "CLIENT1", "version": "6.3.1"}, "host": {"name": "CLIENT1"}, "opcode": "Info", "process_id": 4, "type": "wineventlog", "computer_name": "CLIENT1", "thread_id": 40, "record_number": "11199", "provider_guid": "{A68CA8B7-004F-D7B6-A698-07E2DE0F1F5D}", "level": "Information", "event_data": {"StopTime": "2018-11-13T16:02:12.667976600Z"}, "source_name": "Microsoft-Windows-Kernel-General", "label": {"reporter": ["system", "windows"]}}
{"@timestamp": "2019-01-15T12:39:55.703Z", "@metadata": {"beat": "winlogbeat", "type": "doc", "version": "6.3.1", "topic": "wineventlog_raw"}, "event_id": 4902, "message": "The Per-user audit policy table was created.\n\nNumber of Elements:\t0\nPolicy ID:\t0x5f50", "source_name": "Microsoft-Windows-Security-Auditing", "type": "wineventlog", "beat": {"name": "CLIENT1", "hostname": "CLIENT1", "version": "6.3.1"}, "opcode": "Info", "keywords": ["Audit Success"], "computer_name": "CLIENT1", "thread_id": 496, "provider_guid": "{54849625-5478-4994-A5BA-3E3B0328C30D}", "task": "Audit Policy Change", "host": {"name": "CLIENT1"}, "process_id": 444, "record_number": "4528", "log_name": "Security", "level": "Information", "event_data": {"PuaCount": "0", "PuaPolicyId": "0x5f50"}, "label": {"action": ["modify"], "object": ["systemconfiguration", "windows"], "reporter": ["system", "windows"]}}
{"@timestamp": "2019-01-15T12:42:18.000Z", "@metadata": {"beat": "winlogbeat", "type": "doc", "version": "6.3.1", "topic": "wineventlog_raw"}, "type": "wineventlog", "log_name": "Application", "level": "Information", "message": "The Software Protection service has completed licensing status check.\nApplication Id=55c92734-d682-4d71-983e-d6ec3f16059f\nLicensing Status=\n1: 4de78642-0f7f-4b61-9392-8add86d70ae8, 1, 0 [(0 [0xC004F014, 0, 0], [(?)(?)(?)(?)(?)(?)])(1 )(2 )]\n2: 50e329f7-a5fa-46b2-85fd-f224e5da7764, 1, 0 [(0 [0xC004F014, 0, 0], [(?)(?)(?)(?)(?)(?)])(1 )(2 )]\n3: 5a79ecd8-d33f-406c-a619-7785899b5d59, 1, 0 [(0 [0xC004F014, 0, 0], [(?)(?)(?)(?)(?)(?)])(1 )(2 )]\n4: 770bc271-8dc1-467d-b574-73cbacbeccd1, 1, 0 [(0 [0xC004F014, 0, 0], [(?)(?)(?)(?)(?)(?)])(1 )(2 )]\n5: 90a61a0d-0b76-4bf1-a8b8-89061855a4c9, 1, 0 [(0 [0xC004F014, 0, 0], [(?)(?)(?)(?)(?)(?)])(1 )(2 )]\n6: 92f9d22a-65f5-49a7-90fe-06491b4fc379, 1, 0 [(0 [0xC004F014, 0, 0], [(?)(?)(?)(?)(?)(?)])(1 )(2 )]\n7: 9abf5984-9c16-46f2-ad1e-7fe15931a8dd, 1, 0 [(0 [0xC004F014, 0, 0], [(?)(?)(?)(?)(?)(?)])(1 )(2 )]\n8: 9ccffaf9-86a2-414e-b031-b2f777720e90, 1, 0 [(0 [0xC004F014, 0, 0], [(?)(?)(?)(?)(?)(?)])(1 )(2 )]\n9: b92e9980-b9d5-4821-9c94-140f632f6312, 1, 0 [(0 [0xC004F014, 0, 0], [(?)(?)(?)(?)(?)(?)])(1 )(2 )]\n10: c1027486-8ae8-4633-9cf9-9658ed80504d, 1, 0 [(0 [0xC004F014, 0, 0], [(?)(?)(?)(?)(?)(?)])(1 )(2 )]\n11: c1e88de3-96c4-4563-ad7d-775f65b1e670, 1, 1 [(0 [0xC004E003, 0, 0], [( 1 0xC004F00F 3 0 msft:rm/algorithm/hwid/4.0 0x00000000 0)(?)( 1 0xC004F00F 3 0 msft:rm/algorithm/hwid/4.0 0x00000000 0)(?)(?)(?)])(1 )(2 [0x00000000, 0, 0], [( 5 0xC004F009 30 0)( 5 0xC004F009 30 0)( 1 0x00000000 0 0 msft:rm/algorithm/flags/1.0 0x00000000 0)(?)(?)( 9 0x00000000 0xC004F00F)])]\n12: c33001fc-5e9c-4f27-8c05-e0154adb0db4, 1, 0 [(0 [0xC004F014, 0, 0], [(?)(?)(?)(?)(?)(?)])(1 )(2 )]\n13: cf3c5b35-35ff-4c95-9bbd-a188e47ad14c, 1, 0 [(0 [0xC004F014, 0, 0], [(?)(?)(?)(?)(?)(?)])(1 )(2 )]\n14: cff07cac-7534-4cc3-b3f3-99e1a0aa3c20, 1, 0 [(0 [0xC004F014, 0, 0], [(?)(?)(?)(?)(?)(?)])(1 )(2 )]\n15: d188820a-cb63-4bad-a9a2-40b843ee23b7, 1, 0 [(0 [0xC004F014, 0, 0], [(?)(?)(?)(?)(?)(?)])(1 )(2 )]\n16: d8e04254-f9a5-4729-ae86-886de6aa907c, 1, 0 [(0 [0xC004F014, 0, 0], [(?)(?)(?)(?)(?)(?)])(1 )(2 )]\n17: da22eadd-46dc-4056-a287-f5041c852470, 1, 0 [(0 [0xC004F014, 0, 0], [(?)(?)(?)(?)(?)(?)])(1 )(2 )]\n18: e120e868-3df2-464a-95a0-b52fa5ada4bf, 1, 0 [(0 [0xC004F014, 0, 0], [(?)(?)(?)(?)(?)(?)])(1 )(2 )]\n19: e838d943-63ed-4a0b-9fb1-47152908acc9, 1, 0 [(0 [0xC004F014, 0, 0], [(?)(?)(?)(?)(?)(?)])(1 )(2 )]\n20: 4a8149bb-7d61-49f4-8822-82c7bf88d64b, 1, 0 [(0 [0xC004F014, 0, 0], [(?)(?)(?)(?)(?)(?)])(1 )(2 )]\n21: afd5f68f-b70f-4000-a21d-28dbc8be8b07, 1, 0 [(0 [0xC004F014, 0, 0], [(?)(?)(?)(?)(?)(?)])(1 )(2 )]", "source_name": "Microsoft-Windows-Security-SPP", "record_number": "2837", "event_id": 1003, "provider_guid": "{E23B33B0-C8C9-472C-A5F9-F2BDFEA0F156}", "event_data": {"param1": "55c92734-d682-4d71-983e-d6ec3f16059f", "param2": "\n1: 4de78642-0f7f-4b61-9392-8add86d70ae8, 1, 0 [(0 [0xC004F014, 0, 0], [(?)(?)(?)(?)(?)(?)])(1 )(2 )]\n2: 50e329f7-a5fa-46b2-85fd-f224e5da7764, 1, 0 [(0 [0xC004F014, 0, 0], [(?)(?)(?)(?)(?)(?)])(1 )(2 )]\n3: 5a79ecd8-d33f-406c-a619-7785899b5d59, 1, 0 [(0 [0xC004F014, 0, 0], [(?)(?)(?)(?)(?)(?)])(1 )(2 )]\n4: 770bc271-8dc1-467d-b574-73cbacbeccd1, 1, 0 [(0 [0xC004F014, 0, 0], [(?)(?)(?)(?)(?)(?)])(1 )(2 )]\n5: 90a61a0d-0b76-4bf1-a8b8-89061855a4c9, 1, 0 [(0 [0xC004F014, 0, 0], [(?)(?)(?)(?)(?)(?)])(1 )(2 )]\n6: 92f9d22a-65f5-49a7-90fe-06491b4fc379, 1, 0 [(0 [0xC004F014, 0, 0], [(?)(?)(?)(?)(?)(?)])(1 )(2 )]\n7: 9abf5984-9c16-46f2-ad1e-7fe15931a8dd, 1, 0 [(0 [0xC004F014, 0, 0], [(?)(?)(?)(?)(?)(?)])(1 )(2 )]\n8: 9ccffaf9-86a2-414e-b031-b2f777720e90, 1, 0 [(0 [0xC004F014, 0, 0], [(?)(?)(?)(?)(?)(?)])(1 )(2 )]\n9: b92e9980-b9d5-4821-9c94-140f632f6312, 1, 0 [(0 [0xC004F014, 0, 0], [(?)(?)(?)(?)(?)(?)])(1 )(2 )]\n10: c1027486-8ae8-4633-9cf9-9658ed80504d, 1, 0 [(0 [0xC004F014, 0, 0], [(?)(?)(?)(?)(?)(?)])(1 )(2 )]\n11: c1e88de3-96c4-4563-ad7d-775f65b1e670, 1, 1 [(0 [0xC004E003, 0, 0], [( 1 0xC004F00F 3 0 msft:rm/algorithm/hwid/4.0 0x00000000 0)(?)( 1 0xC004F00F 3 0 msft:rm/algorithm/hwid/4.0 0x00000000 0)(?)(?)(?)])(1 )(2 [0x00000000, 0, 0], [( 5 0xC004F009 30 0)( 5 0xC004F009 30 0)( 1 0x00000000 0 0 msft:rm/algorithm/flags/1.0 0x00000000 0)(?)(?)( 9 0x00000000 0xC004F00F)])]\n12: c33001fc-5e9c-4f27-8c05-e0154adb0db4, 1, 0 [(0 [0xC004F014, 0, 0], [(?)(?)(?)(?)(?)(?)])(1 )(2 )]\n13: cf3c5b35-35ff-4c95-9bbd-a188e47ad14c, 1, 0 [(0 [0xC004F014, 0, 0], [(?)(?)(?)(?)(?)(?)])(1 )(2 )]\n14: cff07cac-7534-4cc3-b3f3-99e1a0aa3c20, 1, 0 [(0 [0xC004F014, 0, 0], [(?)(?)(?)(?)(?)(?)])(1 )(2 )]\n15: d188820a-cb63-4bad-a9a2-40b843ee23b7, 1, 0 [(0 [0xC004F014, 0, 0], [(?)(?)(?)(?)(?)(?)])(1 )(2 )]\n16: d8e04254-f9a5-4729-ae86-886de6aa907c, 1, 0 [(0 [0xC004F014, 0, 0], [(?)(?)(?)(?)(?)(?)])(1 )(2 )]\n17: da22eadd-46dc-4056-a287-f5041c852470, 1, 0 [(0 [0xC004F014, 0, 0], [(?)(?)(?)(?)(?)(?)])(1 )(2 )]\n18: e120e868-3df2-464a-95a0-b52fa5ada4bf, 1, 0 [(0 [0xC004F014, 0, 0], [(?)(?)(?)(?)(?)(?)])(1 )(2 )]\n19: e838d943-63ed-4a0b-9fb1-47152908acc9, 1, 0 [(0 [0xC004F014, 0, 0], [(?)(?)(?)(?)(?)(?)])(1 )(2 )]\n20: 4a8149bb-7d61-49f4-8822-82c7bf88d64b, 1, 0 [(0 [0xC004F014, 0, 0], [(?)(?)(?)(?)(?)(?)])(1 )(2 )]\n21: afd5f68f-b70f-4000-a21d-28dbc8be8b07, 1, 0 [(0 [0xC004F014, 0, 0], [(?)(?)(?)(?)(?)(?)])(1 )(2 )]"}, "host": {"name": "CLIENT1"}, "keywords": ["Classic"], "computer_name": "CLIENT1", "beat": {"name": "CLIENT1", "hostname": "CLIENT1", "version": "6.3.1"}, "label": {"reporter": ["system", "windows"]}}
{"@timestamp": "2018-11-13T16:02:10.886Z", "@metadata": {"beat": "winlogbeat", "type": "doc", "version": "6.3.1", "topic": "wineventlog_raw"}, "source_name": "Microsoft-Windows-Kernel-Power", "provider_guid": "{331C3B3A-2005-44C2-AC5E-77220C37D6B4}", "opcode": "Info", "event_id": 109, "host": {"name": "CLIENT1"}, "record_number": "11198", "message": "The kernel power manager has initiated a shutdown transition.", "process_id": 348, "computer_name": "CLIENT1", "event_data": {"ShutdownActionType": "6", "ShutdownEventCode": "0", "ShutdownReason": "0"}, "level": "Information", "thread_id": 352, "type": "wineventlog", "log_name": "System", "beat": {"name": "CLIENT1", "hostname": "CLIENT1", "version": "6.3.1"}, "label": {"reporter": ["system", "windows"]}}
{"@timestamp": "2019-01-15T12:42:18.000Z", "@metadata": {"beat": "winlogbeat", "type": "doc", "version": "6.3.1", "topic": "wineventlog_raw"}, "message": "Initialization status for service objects.\nC:\\Windows\\system32\\sppwinob.dll, msft:spp/windowsfunctionality/agent/7.0, 0x00000000, 0x00000000\nC:\\Windows\\system32\\sppobjs.dll, msft:rm/algorithm/phone/1.0, 0x00000000, 0x00000000\nC:\\Windows\\system32\\sppobjs.dll, msft:rm/algorithm/pkey/2005, 0x00000000, 0x00000000\nC:\\Windows\\system32\\sppobjs.dll, msft:spp/TaskScheduler/1.0, 0x00000000, 0x00000000\nC:\\Windows\\system32\\sppobjs.dll, msft:spp/volume/services/kms/1.0, 0x00000000, 0x00000000\nC:\\Windows\\system32\\sppobjs.dll, msft:spp/volume/services/kms/licenserenewal/1.0, 0x00000000, 0x00000000", "event_data": {"param1": "C:\\Windows\\system32\\sppwinob.dll, msft:spp/windowsfunctionality/agent/7.0, 0x00000000, 0x00000000\nC:\\Windows\\system32\\sppobjs.dll, msft:rm/algorithm/phone/1.0, 0x00000000, 0x00000000\nC:\\Windows\\system32\\sppobjs.dll, msft:rm/algorithm/pkey/2005, 0x00000000, 0x00000000\nC:\\Windows\\system32\\sppobjs.dll, msft:spp/TaskScheduler/1.0, 0x00000000, 0x00000000\nC:\\Windows\\system32\\sppobjs.dll, msft:spp/volume/services/kms/1.0, 0x00000000, 0x00000000\nC:\\Windows\\system32\\sppobjs.dll, msft:spp/volume/services/kms/licenserenewal/1.0, 0x00000000, 0x00000000"}, "record_number": "2836", "beat": {"name": "CLIENT1", "hostname": "CLIENT1", "version": "6.3.1"}, "source_name": "Microsoft-Windows-Security-SPP", "provider_guid": "{E23B33B0-C8C9-472C-A5F9-F2BDFEA0F156}", "keywords": ["Classic"], "computer_name": "CLIENT1", "level": "Information", "host": {"name": "CLIENT1"}, "event_id": 1066, "type": "wineventlog", "log_name": "Application", "label": {"reporter": ["system", "windows"]}}
{"@timestamp": "2019-01-15T12:52:13.560Z", "@metadata": {"beat": "winlogbeat", "type": "doc", "version": "6.3.1", "topic": "wineventlog_raw"}, "provider_guid": "{555908d1-a6d7-4695-8e1e-26931d2012f4}", "keywords": ["Classic"], "message": "The SSDP Discovery service entered the running state.", "level": "Information", "log_name": "System", "source_name": "Service Control Manager", "record_number": "11277", "computer_name": "CLIENT1", "process_id": 436, "event_id": 7036, "beat": {"name": "CLIENT1", "hostname": "CLIENT1", "version": "6.3.1"}, "host": {"name": "CLIENT1"}, "thread_id": 1076, "type": "wineventlog", "event_data": {"param1": "SSDP Discovery", "param2": "running", "Binary": "53005300440050005300520056002F0034000000"}, "label": {"reporter": ["system", "windows"], "action": ["execute"]}}
{"@timestamp": "2019-01-15T12:40:08.000Z", "@metadata": {"beat": "winlogbeat", "type": "doc", "version": "6.3.1", "topic": "wineventlog_raw"}, "computer_name": "CLIENT1", "record_number": "2830", "event_id": 0, "level": "Information", "beat": {"name": "CLIENT1", "hostname": "CLIENT1", "version": "6.3.1"}, "log_name": "Application", "source_name": "FreeSSHDService", "event_data": {"param1": "Service started"}, "type": "wineventlog", "host": {"name": "CLIENT1"}, "label": {"reporter": ["service", "windows"]}}
{"@timestamp": "2019-01-15T12:40:11.979Z", "@metadata": {"beat": "winlogbeat", "type": "doc", "version": "6.3.1", "topic": "wineventlog_raw"}, "computer_name": "CLIENT1", "beat": {"version": "6.3.1", "name": "CLIENT1", "hostname": "CLIENT1"}, "type": "wineventlog", "message": "The winlogbeat service entered the running state.", "event_data": {"param2": "running", "Binary": "770069006E006C006F00670062006500610074002F0034000000", "param1": "winlogbeat"}, "thread_id": 524, "record_number": "11243", "keywords": ["Classic"], "log_name": "System", "process_id": 436, "source_name": "Service Control Manager", "host": {"name": "CLIENT1"}, "event_id": 7036, "provider_guid": "{555908d1-a6d7-4695-8e1e-26931d2012f4}", "level": "Information", "label": {"reporter": ["system", "windows"], "action": ["execute"]}}
{"@timestamp": "2018-11-13T16:02:07.474Z", "@metadata": {"beat": "winlogbeat", "type": "doc", "version": "6.3.1", "topic": "wineventlog_raw"}, "user": {"identifier": "S-1-5-19", "name": "LOCAL SERVICE", "domain": "NT AUTHORITY", "type": "Well Known Group"}, "event_id": 50037, "log_name": "System", "provider_guid": "{15A7A4F8-0072-4EAB-ABAD-F98A4D666AED}", "event_data": {"DwordVal": "1"}, "type": "wineventlog", "computer_name": "CLIENT1", "thread_id": 1016, "message": "DHCPv4 client service is stopped. ShutDown Flag value is 1", "host": {"name": "CLIENT1"}, "task": "Service State Event", "source_name": "Microsoft-Windows-Dhcp-Client", "record_number": "11167", "level": "Information", "opcode": "ServiceStop", "process_id": 708, "beat": {"name": "CLIENT1", "hostname": "CLIENT1", "version": "6.3.1"}, "label": {"reporter": ["system", "windows"]}}
{"@timestamp": "2019-01-15T12:39:48.984Z", "@metadata": {"beat": "winlogbeat", "type": "doc", "version": "6.3.1", "topic": "wineventlog_raw"}, "event_data": {"ThrottleStateCount": "0", "IdleState": "01", "Group": "0", "Number": "0", "IdleStateCount": "1", "PerfStateCount": "0"}, "beat": {"name": "CLIENT1", "hostname": "CLIENT1", "version": "6.3.1"}, "log_name": "System", "computer_name": "CLIENT1", "message": "Processor 0 in group 0 exposes the following:\n\n1 idle state(s)\n0 performance state(s)\n0 throttle state(s)", "record_number": "11202", "opcode": "Info", "thread_id": 56, "provider_guid": "{0F67E49F-FE51-4E9F-B490-6F2948CC6027}", "level": "Information", "event_id": 26, "user": {"identifier": "S-1-5-18", "name": "SYSTEM", "domain": "NT AUTHORITY", "type": "User"}, "type": "wineventlog", "source_name": "Microsoft-Windows-Kernel-Processor-Power", "process_id": 4, "host": {"name": "CLIENT1"}, "label": {"reporter": ["system", "windows"]}}
{"@timestamp": "2018-11-13T16:02:08.120Z", "@metadata": {"beat": "winlogbeat", "type": "doc", "version": "6.3.1", "topic": "wineventlog_raw"}, "process_id": 436, "keywords": ["Classic"], "thread_id": 3820, "event_data": {"param1": "SPP Notification Service", "param2": "stopped", "Binary": "730070007000750069006E006F0074006900660079002F0031000000"}, "computer_name": "CLIENT1", "type": "wineventlog", "provider_guid": "{555908d1-a6d7-4695-8e1e-26931d2012f4}", "beat": {"name": "CLIENT1", "hostname": "CLIENT1", "version": "6.3.1"}, "host": {"name": "CLIENT1"}, "source_name": "Service Control Manager", "event_id": 7036, "message": "The SPP Notification Service service entered the stopped state.", "level": "Information", "log_name": "System", "record_number": "11175", "label": {"reporter": ["system", "windows"]}}
{"@timestamp": "2019-01-15T12:42:16.232Z", "@metadata": {"beat": "winlogbeat", "type": "doc", "version": "6.3.1", "topic": "wineventlog_raw"}, "computer_name": "CLIENT1", "log_name": "System", "process_id": 436, "event_id": 7036, "level": "Information", "keywords": ["Classic"], "message": "The Shell Hardware Detection service entered the running state.", "source_name": "Service Control Manager", "thread_id": 240, "type": "wineventlog", "beat": {"hostname": "CLIENT1", "version": "6.3.1", "name": "CLIENT1"}, "record_number": "11262", "host": {"name": "CLIENT1"}, "provider_guid": "{555908d1-a6d7-4695-8e1e-26931d2012f4}", "event_data": {"param1": "Shell Hardware Detection", "param2": "running", "Binary": "5300680065006C006C004800570044006500740065006300740069006F006E002F0034000000"}, "label": {"reporter": ["system", "windows"], "action": ["execute"]}}
{"@timestamp": "2018-11-13T16:02:07.961Z", "@metadata": {"beat": "winlogbeat", "type": "doc", "version": "6.3.1", "topic": "wineventlog_raw"}, "type": "wineventlog", "computer_name": "CLIENT1", "keywords": ["Classic"], "host": {"name": "CLIENT1"}, "event_id": 7036, "beat": {"name": "CLIENT1", "hostname": "CLIENT1", "version": "6.3.1"}, "process_id": 436, "source_name": "Service Control Manager", "message": "The Diagnostic Service Host service entered the stopped state.", "provider_guid": "{555908d1-a6d7-4695-8e1e-26931d2012f4}", "thread_id": 3820, "event_data": {"Binary": "570064006900530065007200760069006300650048006F00730074002F0031000000", "param1": "Diagnostic Service Host", "param2": "stopped"}, "log_name": "System", "record_number": "11174", "level": "Information", "label": {"reporter": ["system", "windows"]}}
{"@timestamp": "2018-11-13T16:02:07.474Z", "@metadata": {"beat": "winlogbeat", "type": "doc", "version": "6.3.1", "topic": "wineventlog_raw"}, "provider_guid": "{6A1F2B00-6A90-4C38-95A5-5CAB3B056778}", "process_id": 708, "event_data": {"DwordVal": "1"}, "task": "Service State Event", "message": "DHCPv6 client service is stopped. ShutDown Flag value is 1", "source_name": "Microsoft-Windows-DHCPv6-Client", "event_id": 51047, "type": "wineventlog", "record_number": "11166", "user": {"domain": "NT AUTHORITY", "type": "Well Known Group", "identifier": "S-1-5-19", "name": "LOCAL SERVICE"}, "beat": {"name": "CLIENT1", "hostname": "CLIENT1", "version": "6.3.1"}, "computer_name": "CLIENT1", "thread_id": 1064, "log_name": "System", "opcode": "ServiceStop", "host": {"name": "CLIENT1"}, "level": "Information", "label": {"action": ["terminate"], "reporter": ["system", "windows"]}}
{"@timestamp": "2019-01-15T12:40:08.890Z", "@metadata": {"beat": "winlogbeat", "type": "doc", "version": "6.3.1", "topic": "wineventlog_raw"}, "beat": {"name": "CLIENT1", "hostname": "CLIENT1", "version": "6.3.1"}, "provider_guid": "{555908d1-a6d7-4695-8e1e-26931d2012f4}", "thread_id": 524, "keywords": ["Classic"], "source_name": "Service Control Manager", "process_id": 436, "event_data": {"param1": "Network Location Awareness", "param2": "running", "Binary": "4E006C0061005300760063002F0034000000"}, "computer_name": "CLIENT1", "event_id": 7036, "message": "The Network Location Awareness service entered the running state.", "host": {"name": "CLIENT1"}, "record_number": "11239", "level": "Information", "type": "wineventlog", "log_name": "System", "label": {"reporter": ["system", "windows"], "action": ["execute"]}}
{"@timestamp": "2019-01-15T12:52:10.000Z", "@metadata": {"beat": "winlogbeat", "type": "doc", "version": "6.3.1", "topic": "wineventlog_raw"}, "type": "wineventlog", "record_number": "11275", "computer_name": "CLIENT1", "provider_guid": "{6A2DC7C1-930A-4FB5-BB44-80B30AEBED6C}", "level": "Information", "message": "Service 'WMPNetworkSvc' started.", "keywords": ["Classic"], "beat": {"version": "6.3.1", "name": "CLIENT1", "hostname": "CLIENT1"}, "host": {"name": "CLIENT1"}, "log_name": "System", "event_data": {"ServiceName": "WMPNetworkSvc"}, "source_name": "Microsoft-Windows-WMPNSS-Service", "event_id": 14204, "label": {"reporter": ["system", "windows"]}}
{"@timestamp": "2019-01-15T12:40:13.624Z", "@metadata": {"beat": "winlogbeat", "type": "doc", "version": "6.3.1", "topic": "wineventlog_raw"}, "event_id": 7036, "keywords": ["Classic"], "host": {"name": "CLIENT1"}, "source_name": "Service Control Manager", "type": "wineventlog", "computer_name": "CLIENT1", "record_number": "11247", "beat": {"name": "CLIENT1", "hostname": "CLIENT1", "version": "6.3.1"}, "event_data": {"param1": "Computer Browser", "param2": "running", "Binary": "420072006F0077007300650072002F0034000000"}, "thread_id": 1784, "message": "The Computer Browser service entered the running state.", "log_name": "System", "level": "Information", "process_id": 436, "provider_guid": "{555908d1-a6d7-4695-8e1e-26931d2012f4}", "label": {"reporter": ["system", "windows"], "action": ["execute"]}}
{"@timestamp": "2019-01-15T12:39:57.296Z", "@metadata": {"beat": "winlogbeat", "type": "doc", "version": "6.3.1", "topic": "wineventlog_raw"}, "level": "Information", "event_id": 6, "opcode": "Info", "type": "wineventlog", "host": {"name": "CLIENT1"}, "computer_name": "CLIENT1", "process_id": 4, "log_name": "System", "user": {"identifier": "S-1-5-18", "name": "SYSTEM", "domain": "NT AUTHORITY", "type": "User"}, "source_name": "Microsoft-Windows-FilterManager", "thread_id": 56, "message": "File System Filter 'luafv' (6.1, \u200e2009\u200e-\u200e07\u200e-\u200e14T00:15:44.000000000Z) has successfully loaded and registered with Filter Manager.", "record_number": "11206", "event_data": {"DeviceNameLength": "5", "DeviceName": "luafv", "DeviceTime": "2009-07-14T00:15:44.000000000Z", "FinalStatus": "0x0", "DeviceVersionMajor": "6", "DeviceVersionMinor": "1"}, "provider_guid": "{F3C5E28E-63F6-49C7-A204-E48A1BC4B09D}", "beat": {"hostname": "CLIENT1", "version": "6.3.1", "name": "CLIENT1"}, "label": {"reporter": ["system", "windows"]}}
{"@timestamp": "2019-01-15T12:40:14.032Z", "@metadata": {"beat": "winlogbeat", "type": "doc", "version": "6.3.1", "topic": "wineventlog_raw"}, "event_data": {"Binary": "570064006900530079007300740065006D0048006F00730074002F0034000000", "param1": "Diagnostic System Host", "param2": "running"}, "beat": {"version": "6.3.1", "name": "CLIENT1", "hostname": "CLIENT1"}, "level": "Information", "message": "The Diagnostic System Host service entered the running state.", "type": "wineventlog", "log_name": "System", "thread_id": 1784, "event_id": 7036, "record_number": "11249", "keywords": ["Classic"], "process_id": 436, "source_name": "Service Control Manager", "host": {"name": "CLIENT1"}, "computer_name": "CLIENT1", "provider_guid": "{555908d1-a6d7-4695-8e1e-26931d2012f4}", "label": {"reporter": ["system", "windows"], "action": ["execute"]}}
{"@timestamp": "2019-01-15T12:40:04.343Z", "@metadata": {"beat": "winlogbeat", "type": "doc", "version": "6.3.1", "topic": "wineventlog_raw"}, "opcode": "Info", "computer_name": "CLIENT1", "process_id": 444, "host": {"name": "CLIENT1"}, "message": "Special privileges assigned to new logon.\n\nSubject:\n\tSecurity ID:\t\tS-1-5-18\n\tAccount Name:\t\tSYSTEM\n\tAccount Domain:\t\tNT AUTHORITY\n\tLogon ID:\t\t0x3e7\n\nPrivileges:\t\tSeAssignPrimaryTokenPrivilege\n\t\t\tSeTcbPrivilege\n\t\t\tSeSecurityPrivilege\n\t\t\tSeTakeOwnershipPrivilege\n\t\t\tSeLoadDriverPrivilege\n\t\t\tSeBackupPrivilege\n\t\t\tSeRestorePrivilege\n\t\t\tSeDebugPrivilege\n\t\t\tSeAuditPrivilege\n\t\t\tSeSystemEnvironmentPrivilege\n\t\t\tSeImpersonatePrivilege", "event_data": {"SubjectDomainName": "NT AUTHORITY", "SubjectLogonId": "0x3e7", "PrivilegeList": "SeAssignPrimaryTokenPrivilege\n\t\t\tSeTcbPrivilege\n\t\t\tSeSecurityPrivilege\n\t\t\tSeTakeOwnershipPrivilege\n\t\t\tSeLoadDriverPrivilege\n\t\t\tSeBackupPrivilege\n\t\t\tSeRestorePrivilege\n\t\t\tSeDebugPrivilege\n\t\t\tSeAuditPrivilege\n\t\t\tSeSystemEnvironmentPrivilege\n\t\t\tSeImpersonatePrivilege", "SubjectUserSid": "S-1-5-18", "SubjectUserName": "SYSTEM"}, "source_name": "Microsoft-Windows-Security-Auditing", "event_id": 4672, "provider_guid": "{54849625-5478-4994-A5BA-3E3B0328C30D}", "thread_id": 500, "task": "Special Logon", "type": "wineventlog", "level": "Information", "log_name": "Security", "beat": {"name": "CLIENT1", "hostname": "CLIENT1", "version": "6.3.1"}, "keywords": ["Audit Success"], "record_number": "4540", "label": {"reporter": ["system", "windows"]}}
{"@timestamp": "2019-01-15T12:40:12.903Z", "@metadata": {"beat": "winlogbeat", "type": "doc", "version": "6.3.1", "topic": "wineventlog_raw"}, "message": "Windows Management Instrumentation Service started sucessfully", "opcode": "Info", "level": "Information", "source_name": "Microsoft-Windows-WMI", "record_number": "2831", "event_id": 5615, "version": 2, "user": {"identifier": "S-1-5-18", "name": "SYSTEM", "domain": "NT AUTHORITY", "type": "User"}, "type": "wineventlog", "computer_name": "CLIENT1", "host": {"name": "CLIENT1"}, "process_id": 772, "thread_id": 1624, "provider_guid": "{1EDEEE53-0AFE-4609-B846-D8C0B2075B1F}", "beat": {"version": "6.3.1", "name": "CLIENT1", "hostname": "CLIENT1"}, "log_name": "Application", "label": {"reporter": ["system", "windows"]}}
{"@timestamp": "2019-01-15T12:40:08.609Z", "@metadata": {"beat": "winlogbeat", "type": "doc", "version": "6.3.1", "topic": "wineventlog_raw"}, "process_id": 436, "level": "Information", "source_name": "Service Control Manager", "record_number": "11238", "event_id": 7036, "provider_guid": "{555908d1-a6d7-4695-8e1e-26931d2012f4}", "event_data": {"param2": "running", "Binary": "49004B0045004500580054002F0034000000", "param1": "IKE and AuthIP IPsec Keying Modules"}, "host": {"name": "CLIENT1"}, "keywords": ["Classic"], "message": "The IKE and AuthIP IPsec Keying Modules service entered the running state.", "thread_id": 524, "log_name": "System", "beat": {"name": "CLIENT1", "hostname": "CLIENT1", "version": "6.3.1"}, "type": "wineventlog", "computer_name": "CLIENT1", "label": {"reporter": ["system", "windows"], "action": ["execute"]}}
{"@timestamp": "2019-01-15T12:39:58.234Z", "@metadata": {"beat": "winlogbeat", "type": "doc", "version": "6.3.1", "topic": "wineventlog_raw"}, "source_name": "Microsoft-Windows-Security-Auditing", "process_id": 444, "beat": {"name": "CLIENT1", "hostname": "CLIENT1", "version": "6.3.1"}, "provider_guid": "{54849625-5478-4994-A5BA-3E3B0328C30D}", "record_number": "4537", "opcode": "Info", "event_data": {"TargetUserSid": "S-1-5-18", "LogonType": "5", "ProcessId": "0x1b4", "SubjectUserName": "CLIENT1$", "TargetDomainName": "NT AUTHORITY", "LogonProcessName": "Advapi ", "AuthenticationPackageName": "Negotiate", "SubjectUserSid": "S-1-5-18", "IpAddress": "-", "TargetLogonId": "0x3e7", "LogonGuid": "{00000000-0000-0000-0000-000000000000}", "LmPackageName": "-", "SubjectLogonId": "0x3e7", "IpPort": "-", "TransmittedServices": "-", "ProcessName": "C:\\Windows\\System32\\services.exe", "KeyLength": "0", "TargetUserName": "SYSTEM", "SubjectDomainName": "WORKGROUP"}, "message": "An account was successfully logged on.\n\nSubject:\n\tSecurity ID:\t\tS-1-5-18\n\tAccount Name:\t\tCLIENT1$\n\tAccount Domain:\t\tWORKGROUP\n\tLogon ID:\t\t0x3e7\n\nLogon Type:\t\t\t5\n\nNew Logon:\n\tSecurity ID:\t\tS-1-5-18\n\tAccount Name:\t\tSYSTEM\n\tAccount Domain:\t\tNT AUTHORITY\n\tLogon ID:\t\t0x3e7\n\tLogon GUID:\t\t{00000000-0000-0000-0000-000000000000}\n\nProcess Information:\n\tProcess ID:\t\t0x1b4\n\tProcess Name:\t\tC:\\Windows\\System32\\services.exe\n\nNetwork Information:\n\tWorkstation Name:\t\n\tSource Network Address:\t-\n\tSource Port:\t\t-\n\nDetailed Authentication Information:\n\tLogon Process:\t\tAdvapi \n\tAuthentication Package:\tNegotiate\n\tTransited Services:\t-\n\tPackage Name (NTLM only):\t-\n\tKey Length:\t\t0\n\nThis event is generated when a logon session is created. It is generated on the computer that was accessed.\n\nThe subject fields indicate the account on the local system which requested the logon. This is most commonly a service such as the Server service, or a local process such as Winlogon.exe or Services.exe.\n\nThe logon type field indicates the kind of logon that occurred. The most common types are 2 (interactive) and 3 (network).\n\nThe New Logon fields indicate the account for whom the new logon was created, i.e. the account that was logged on.\n\nThe network fields indicate where a remote logon request originated. Workstation name is not always available and may be left blank in some cases.\n\nThe authentication information fields provide detailed information about this specific logon request.\n\t- Logon GUID is a unique identifier that can be used to correlate this event with a KDC event.\n\t- Transited services indicate which intermediate services have participated in this logon request.\n\t- Package name indicates which sub-protocol was used among the NTLM protocols.\n\t- Key length indicates the length of the generated session key. This will be 0 if no session key was requested.", "thread_id": 500, "log_name": "Security", "level": "Information", "computer_name": "CLIENT1", "event_id": 4624, "keywords": ["Audit Success"], "task": "Logon", "type": "wineventlog", "host": {"name": "CLIENT1"}, "label": {"actor": ["service"], "action": ["authenticate"], "object": ["accounts", "windows"], "reporter": ["system", "windows"]}}
{"@timestamp": "2019-01-15T12:40:07.031Z", "@metadata": {"beat": "winlogbeat", "type": "doc", "version": "6.3.1", "topic": "wineventlog_raw"}, "type": "wineventlog", "level": "Information", "host": {"name": "CLIENT1"}, "log_name": "System", "source_name": "Service Control Manager", "event_id": 7036, "computer_name": "CLIENT1", "record_number": "11234", "beat": {"name": "CLIENT1", "hostname": "CLIENT1", "version": "6.3.1"}, "provider_guid": "{555908d1-a6d7-4695-8e1e-26931d2012f4}", "keywords": ["Classic"], "message": "The Diagnostic Policy Service service entered the running state.", "process_id": 436, "event_data": {"param1": "Diagnostic Policy Service", "param2": "running", "Binary": "4400500053002F0034000000"}, "thread_id": 1092, "label": {"reporter": ["system", "windows"], "action": ["execute"]}}
{"@timestamp": "2019-01-15T12:51:49.105Z", "@metadata": {"beat": "winlogbeat", "type": "doc", "version": "6.3.1", "topic": "wineventlog_raw"}, "message": "The Shell Hardware Detection service entered the running state.", "process_id": 436, "thread_id": 1076, "type": "wineventlog", "host": {"name": "CLIENT1"}, "keywords": ["Classic"], "record_number": "11272", "event_data": {"param1": "Shell Hardware Detection", "param2": "running", "Binary": "5300680065006C006C004800570044006500740065006300740069006F006E002F0034000000"}, "beat": {"name": "CLIENT1", "hostname": "CLIENT1", "version": "6.3.1"}, "source_name": "Service Control Manager", "computer_name": "CLIENT1", "event_id": 7036, "level": "Information", "provider_guid": "{555908d1-a6d7-4695-8e1e-26931d2012f4}", "log_name": "System", "label": {"reporter": ["system", "windows"], "action": ["execute"]}}