{"@timestamp": "2019-07-30T14:37:32.723Z", "@metadata": {"beat": "winlogbeat", "type": "_doc", "version": "7.2.0", "topic": "wineventlog_raw"}, "event": {"kind": "event", "code": 7036, "created": "2019-08-05T08:54:04.776Z"}, "log": {"level": "information"}, "message": "The Diagnostic System Host service entered the stopped state.", "winlog": {"record_id": 11543, "keywords": ["Classic"], "provider_name": "Service Control Manager", "provider_guid": "{555908d1-a6d7-4695-8e1e-26931d2012f4}", "process": {"pid": 436, "thread": {"id": 2860}}, "event_data": {"param1": "Diagnostic System Host", "param2": "stopped", "Binary": "570064006900530079007300740065006D0048006F00730074002F0031000000"}, "event_id": 7036, "task": "", "api": "wineventlog", "computer_name": "CLIENT1", "channel": "System"}, "ecs": {"version": "1.0.0"}, "host": {"id": "19fc45ac-5890-4f96-81b1-50ed111c0ce4", "hostname": "CLIENT1", "architecture": "x86", "name": "CLIENT1", "os": {"build": "7601.0", "platform": "windows", "version": "6.1", "family": "windows", "name": "Windows 7 Professional", "kernel": "6.1.7601.18741 (win7sp1_gdr.150202-1526)"}}, "agent": {"type": "winlogbeat", "ephemeral_id": "33f6eec2-a7ba-4caa-97b3-ea43b4f5e172", "hostname": "CLIENT1", "id": "0b755aca-0a9a-454a-9800-1979901962a0", "version": "7.2.0"}}
{"@timestamp": "2019-07-30T14:38:14.839Z", "@metadata": {"beat": "winlogbeat", "type": "_doc", "version": "7.2.0", "topic": "wineventlog_raw"}, "log": {"level": "information"}, "message": "The Cryptographic Services service entered the stopped state.", "winlog": {"task": "", "keywords": ["Classic"], "channel": "System", "event_data": {"param2": "stopped", "Binary": "430072007900700074005300760063002F0031000000", "param1": "Cryptographic Services"}, "event_id": 7036, "record_id": 11567, "api": "wineventlog", "process": {"pid": 436, "thread": {"id": 2808}}, "provider_name": "Service Control Manager", "computer_name": "CLIENT1", "provider_guid": "{555908d1-a6d7-4695-8e1e-26931d2012f4}"}, "event": {"code": 7036, "created": "2019-08-05T08:54:04.777Z", "kind": "event"}, "ecs": {"version": "1.0.0"}, "host": {"name": "CLIENT1", "hostname": "CLIENT1", "architecture": "x86", "os": {"name": "Windows 7 Professional", "kernel": "6.1.7601.18741 (win7sp1_gdr.150202-1526)", "build": "7601.0", "platform": "windows", "version": "6.1", "family": "windows"}, "id": "19fc45ac-5890-4f96-81b1-50ed111c0ce4"}, "agent": {"type": "winlogbeat", "ephemeral_id": "33f6eec2-a7ba-4caa-97b3-ea43b4f5e172", "hostname": "CLIENT1", "id": "0b755aca-0a9a-454a-9800-1979901962a0", "version": "7.2.0"}}
{"@timestamp": "2019-07-30T14:38:15.037Z", "@metadata": {"beat": "winlogbeat", "type": "_doc", "version": "7.2.0", "topic": "wineventlog_raw"}, "host": {"name": "CLIENT1", "hostname": "CLIENT1", "architecture": "x86", "os": {"platform": "windows", "version": "6.1", "family": "windows", "name": "Windows 7 Professional", "kernel": "6.1.7601.18741 (win7sp1_gdr.150202-1526)", "build": "7601.0"}, "id": "19fc45ac-5890-4f96-81b1-50ed111c0ce4"}, "agent": {"ephemeral_id": "33f6eec2-a7ba-4caa-97b3-ea43b4f5e172", "hostname": "CLIENT1", "id": "0b755aca-0a9a-454a-9800-1979901962a0", "version": "7.2.0", "type": "winlogbeat"}, "winlog": {"event_data": {"param1": "Windows Time", "param2": "stopped", "Binary": "570033003200540069006D0065002F0031000000"}, "channel": "System", "provider_name": "Service Control Manager", "api": "wineventlog", "keywords": ["Classic"], "record_id": 11575, "provider_guid": "{555908d1-a6d7-4695-8e1e-26931d2012f4}", "process": {"pid": 436, "thread": {"id": 2808}}, "event_id": 7036, "task": "", "computer_name": "CLIENT1"}, "event": {"kind": "event", "code": 7036, "created": "2019-08-05T08:54:04.777Z"}, "log": {"level": "information"}, "message": "The Windows Time service entered the stopped state.", "ecs": {"version": "1.0.0"}}
{"@timestamp": "2019-08-02T09:46:35.890Z", "@metadata": {"beat": "winlogbeat", "type": "_doc", "version": "7.2.0", "topic": "wineventlog_raw"}, "ecs": {"version": "1.0.0"}, "host": {"name": "CLIENT1", "hostname": "CLIENT1", "architecture": "x86", "os": {"name": "Windows 7 Professional", "kernel": "6.1.7601.18741 (win7sp1_gdr.150202-1526)", "build": "7601.0", "platform": "windows", "version": "6.1", "family": "windows"}, "id": "19fc45ac-5890-4f96-81b1-50ed111c0ce4"}, "agent": {"id": "0b755aca-0a9a-454a-9800-1979901962a0", "version": "7.2.0", "type": "winlogbeat", "ephemeral_id": "33f6eec2-a7ba-4caa-97b3-ea43b4f5e172", "hostname": "CLIENT1"}, "log": {"level": "information"}, "message": "The Workstation service entered the running state.", "winlog": {"provider_guid": "{555908d1-a6d7-4695-8e1e-26931d2012f4}", "event_data": {"param1": "Workstation", "param2": "running", "Binary": "4C0061006E006D0061006E0057006F0072006B00730074006100740069006F006E002F0034000000"}, "record_id": 11619, "api": "wineventlog", "process": {"pid": 440, "thread": {"id": 524}}, "channel": "System", "provider_name": "Service Control Manager", "keywords": ["Classic"], "computer_name": "CLIENT1", "event_id": 7036, "task": ""}, "event": {"kind": "event", "code": 7036, "created": "2019-08-05T08:54:04.777Z"}}
{"@timestamp": "2019-08-02T09:54:20.863Z", "@metadata": {"beat": "winlogbeat", "type": "_doc", "version": "7.2.0", "topic": "wineventlog_raw"}, "log": {"level": "information"}, "message": "The DHCP Client service entered the stopped state.", "ecs": {"version": "1.0.0"}, "host": {"name": "CLIENT1", "id": "19fc45ac-5890-4f96-81b1-50ed111c0ce4", "hostname": "CLIENT1", "architecture": "x86", "os": {"version": "6.1", "family": "windows", "name": "Windows 7 Professional", "kernel": "6.1.7601.18741 (win7sp1_gdr.150202-1526)", "build": "7601.0", "platform": "windows"}}, "agent": {"ephemeral_id": "33f6eec2-a7ba-4caa-97b3-ea43b4f5e172", "hostname": "CLIENT1", "id": "0b755aca-0a9a-454a-9800-1979901962a0", "version": "7.2.0", "type": "winlogbeat"}, "winlog": {"provider_name": "Service Control Manager", "event_id": 7036, "computer_name": "CLIENT1", "event_data": {"param1": "DHCP Client", "param2": "stopped", "Binary": "44006800630070002F0031000000"}, "record_id": 11671, "task": "", "keywords": ["Classic"], "process": {"pid": 440, "thread": {"id": 2680}}, "channel": "System", "api": "wineventlog", "provider_guid": "{555908d1-a6d7-4695-8e1e-26931d2012f4}"}, "event": {"code": 7036, "created": "2019-08-05T08:54:04.921Z", "kind": "event"}}
{"@timestamp": "2019-08-05T08:53:26.796Z", "@metadata": {"beat": "winlogbeat", "type": "_doc", "version": "7.2.0", "topic": "wineventlog_raw"}, "ecs": {"version": "1.0.0"}, "host": {"name": "CLIENT1", "os": {"name": "Windows 7 Professional", "kernel": "6.1.7601.18741 (win7sp1_gdr.150202-1526)", "build": "7601.0", "platform": "windows", "version": "6.1", "family": "windows"}, "id": "19fc45ac-5890-4f96-81b1-50ed111c0ce4", "hostname": "CLIENT1", "architecture": "x86"}, "winlog": {"record_id": 11706, "provider_guid": "{555908d1-a6d7-4695-8e1e-26931d2012f4}", "api": "wineventlog", "computer_name": "CLIENT1", "event_data": {"param1": "Power", "param2": "running", "Binary": "50006F007700650072002F0034000000"}, "channel": "System", "process": {"pid": 436, "thread": {"id": 516}}, "provider_name": "Service Control Manager", "keywords": ["Classic"], "task": "", "event_id": 7036}, "event": {"kind": "event", "code": 7036, "created": "2019-08-05T08:54:04.922Z"}, "log": {"level": "information"}, "message": "The Power service entered the running state.", "agent": {"type": "winlogbeat", "ephemeral_id": "33f6eec2-a7ba-4caa-97b3-ea43b4f5e172", "hostname": "CLIENT1", "id": "0b755aca-0a9a-454a-9800-1979901962a0", "version": "7.2.0"}}
{"pseudonym": "cd1a3afeeac92cb813605e21e464de7db0ca53fa0190d3a1372a46f60ddd0712", "origin": "Inv6ewTItt9p0VbYXN8pvdkUiO5o1O7NMpS/zUiNJ9Zfj/Oomzv3rB+ubAphdan1CeuzSunAayoHZLFHz7Z9evG4Qq5o0f1t0eCLV+zOpP46tLUAfKMj87G8WtQl2zcsJMTBhf4cm+3AzYR4VmtZizjZylkZonP2LFsNpzdKIcZB7jqQXAOhOGBaKKQaZM4QIf/xdxjCvPlC972rT3jhWYsA68xZ8UuSlCO95g46q+DYiL6VDhnjJMRwf12XBE3I4EcGrdKyD0tWQRjLX5sZfGo/X7Hv80tZfE0V7GcnCgXJzThSAZ2tPDDEjhp/IlatcaftsagRpeaF5rI6fWWDpn9MsaTtlGFxITTyBj235aY="}
{"@timestamp": "2019-08-05T08:53:51.257Z", "@metadata": {"beat": "winlogbeat", "type": "_doc", "version": "7.2.0", "topic": "wineventlog_raw"}, "host": {"name": "CLIENT1", "hostname": "CLIENT1", "architecture": "x86", "os": {"platform": "windows", "version": "6.1", "family": "windows", "name": "Windows 7 Professional", "kernel": "6.1.7601.18741 (win7sp1_gdr.150202-1526)", "build": "7601.0"}, "id": "19fc45ac-5890-4f96-81b1-50ed111c0ce4"}, "agent": {"type": "winlogbeat", "ephemeral_id": "33f6eec2-a7ba-4caa-97b3-ea43b4f5e172", "hostname": "CLIENT1", "id": "0b755aca-0a9a-454a-9800-1979901962a0", "version": "7.2.0"}, "winlog": {"user": {"domain": "NT AUTHORITY", "type": "User", "identifier": "<pseudonym:cd1a3afeeac92cb813605e21e464de7db0ca53fa0190d3a1372a46f60ddd0712>", "name": "SYSTEM"}, "record_id": 11741, "keywords": ["Time"], "channel": "System", "process": {"pid": 1420, "thread": {"id": 1476}}, "api": "wineventlog", "computer_name": "CLIENT1", "provider_guid": "{A68CA8B7-004F-D7B6-A698-07E2DE0F1F5D}", "event_data": {"NewTime": "2019-08-05T08:53:51.257000000Z", "OldTime": "2019-08-05T08:53:49.390625000Z"}, "provider_name": "Microsoft-Windows-Kernel-General", "event_id": 1, "opcode": "Info", "task": ""}, "event": {"code": 1, "created": "2019-08-05T08:54:04.929Z", "kind": "event"}, "log": {"level": "information"}, "message": "The system time has changed to \u200e2019\u200e-\u200e08\u200e-\u200e05T08:53:51.257000000Z from \u200e2019\u200e-\u200e08\u200e-\u200e05T08:53:49.390625000Z.", "ecs": {"version": "1.0.0"}}
{"@timestamp": "2019-08-05T08:53:52.147Z", "@metadata": {"beat": "winlogbeat", "type": "_doc", "version": "7.2.0", "topic": "wineventlog_raw"}, "event": {"code": 7036, "created": "2019-08-05T08:54:04.929Z", "kind": "event"}, "log": {"level": "information"}, "message": "The Network Location Awareness service entered the running state.", "ecs": {"version": "1.0.0"}, "host": {"architecture": "x86", "os": {"kernel": "6.1.7601.18741 (win7sp1_gdr.150202-1526)", "build": "7601.0", "platform": "windows", "version": "6.1", "family": "windows", "name": "Windows 7 Professional"}, "id": "19fc45ac-5890-4f96-81b1-50ed111c0ce4", "name": "CLIENT1", "hostname": "CLIENT1"}, "agent": {"ephemeral_id": "33f6eec2-a7ba-4caa-97b3-ea43b4f5e172", "hostname": "CLIENT1", "id": "0b755aca-0a9a-454a-9800-1979901962a0", "version": "7.2.0", "type": "winlogbeat"}, "winlog": {"provider_name": "Service Control Manager", "api": "wineventlog", "process": {"pid": 436, "thread": {"id": 500}}, "task": "", "provider_guid": "{555908d1-a6d7-4695-8e1e-26931d2012f4}", "record_id": 11742, "event_data": {"param2": "running", "Binary": "4E006C0061005300760063002F0034000000", "param1": "Network Location Awareness"}, "channel": "System", "event_id": 7036, "computer_name": "CLIENT1", "keywords": ["Classic"]}}
{"@timestamp": "2019-08-05T08:54:06.908Z", "@metadata": {"beat": "winlogbeat", "type": "_doc", "version": "7.2.0", "topic": "wineventlog_raw"}, "event": {"created": "2019-08-05T08:54:08.093Z", "kind": "event", "code": 7036}, "log": {"level": "information"}, "message": "The Server service entered the running state.", "winlog": {"task": "", "provider_name": "Service Control Manager", "keywords": ["Classic"], "process": {"pid": 436, "thread": {"id": 500}}, "event_data": {"Binary": "4C0061006E006D0061006E005300650072007600650072002F0034000000", "param1": "Server", "param2": "running"}, "api": "wineventlog", "provider_guid": "{555908d1-a6d7-4695-8e1e-26931d2012f4}", "event_id": 7036, "record_id": 11749, "channel": "System", "computer_name": "CLIENT1"}, "host": {"name": "CLIENT1", "hostname": "CLIENT1", "architecture": "x86", "os": {"name": "Windows 7 Professional", "kernel": "6.1.7601.18741 (win7sp1_gdr.150202-1526)", "build": "7601.0", "platform": "windows", "version": "6.1", "family": "windows"}, "id": "19fc45ac-5890-4f96-81b1-50ed111c0ce4"}, "agent": {"type": "winlogbeat", "ephemeral_id": "33f6eec2-a7ba-4caa-97b3-ea43b4f5e172", "hostname": "CLIENT1", "id": "0b755aca-0a9a-454a-9800-1979901962a0", "version": "7.2.0"}, "ecs": {"version": "1.0.0"}}
{"@timestamp": "2019-08-02T09:46:31.312Z", "@metadata": {"beat": "winlogbeat", "type": "_doc", "version": "7.2.0", "topic": "wineventlog_raw"}, "agent": {"type": "winlogbeat", "ephemeral_id": "de845cd9-5141-4c92-ad32-27a4518307e9", "hostname": "CLIENT1", "id": "0b755aca-0a9a-454a-9800-1979901962a0", "version": "7.2.0"}, "winlog": {"event_id": 7036, "api": "wineventlog", "provider_guid": "{555908d1-a6d7-4695-8e1e-26931d2012f4}", "computer_name": "CLIENT1", "event_data": {"param1": "Task Scheduler", "param2": "running", "Binary": "5300630068006500640075006C0065002F0034000000"}, "provider_name": "Service Control Manager", "record_id": 11615, "keywords": ["Classic"], "process": {"pid": 440, "thread": {"id": 528}}, "channel": "System", "task": ""}, "event": {"kind": "event", "code": 7036, "created": "2019-08-02T09:55:11.998Z"}, "log": {"level": "information"}, "message": "The Task Scheduler service entered the running state.", "ecs": {"version": "1.0.0"}, "host": {"hostname": "CLIENT1", "architecture": "x86", "name": "CLIENT1", "os": {"platform": "windows", "version": "6.1", "family": "windows", "name": "Windows 7 Professional", "kernel": "6.1.7601.18741 (win7sp1_gdr.150202-1526)", "build": "7601.0"}, "id": "19fc45ac-5890-4f96-81b1-50ed111c0ce4"}}
{"pseudonym": "cd1a3afeeac92cb813605e21e464de7db0ca53fa0190d3a1372a46f60ddd0712", "origin": "VRJb7Zr6V0EhOMGG2uacMfVniOWWq5JjhUzmbHiQ3F2/z3+MfScikHqm5keE8KmnSwBHsf2BJh6kk9SEvIdCDBP8LeMWUJjzM5MPLLyORer0k4oPJjM75/5/31PNH0XHG5XSQRprQGrYfwzQh0GDRBJ87WrPaJOVrOY2rFoMIu1y0G87vzM4JNe+IXw3eAKg5IlCRtjNtdbgnWS5eb9yFaq+4CUHYy7vcQApQ/CKPtmcK8ILhRCliaGfYLHTw0EAUt2GImexY088dfO9UQ73zZSg8DNdo27uA/PZAfkxQlbFvZTrLKuazpZK+tj/dEYLOKzqZFwNtfVFPVSVhoh2uA89aDDNYjc7J+SdfSz44i0="}
{"pseudonym": "2246ce99b75c4aebaf0cd5d095e35cdb0cbf0f8adaf28ed864467242b621c30c", "origin": "VUyx6RXewvKFq3qS2CqLCZCKKkN2T7SuNYy1d2w9zxvwW+IhHaiU6vujbqLYQt5u7ctsiOx91TLbdwDkr7WaZmTpiFBFHl4VxodxcvLwdjA1cr0TrfSRtu4Uxxljqo/TAGY4MVn8Iem9SXEUA13wTkINKqL2iyB4Sxc8l5mG91qU8qoocTF6pDCqBMzAMmBMb3OO8+5iOiwA6l5064bULiMkw7u/AwLG+G9cJerfJZnhtwy0MjqyNpC9H4ySdV6UZ+3s8A52Umn74ir2I1Exr4XcKktuznN7sxRufMY9ZNz8z/NV6LoWJXmfntD4qH95UtTdcIoX8dp/gFOWdr81GwAbjHk346tZn7sjX3is8Txu2WF4NqDcnk3M73YzPB3/qLm/DCySmS6SKa13qEAKYUW2nMNM"}
{"@timestamp": "2019-08-02T09:47:28.789Z", "@metadata": {"beat": "winlogbeat", "type": "_doc", "version": "7.2.0", "topic": "wineventlog_raw"}, "winlog": {"event_id": 7001, "event_data": {"TSId": "1", "UserSid": "<pseudonym:2246ce99b75c4aebaf0cd5d095e35cdb0cbf0f8adaf28ed864467242b621c30c>"}, "provider_guid": "{DBE9B383-7CF3-4331-91CC-A3CB16A3B538}", "process": {"pid": 380, "thread": {"id": 408}}, "record_id": 11641, "opcode": "Info", "provider_name": "Microsoft-Windows-Winlogon", "api": "wineventlog", "activity_id": "{67144949-5132-4859-8036-A737B43825D8}", "channel": "System", "task": "", "computer_name": "CLIENT1", "user": {"identifier": "<pseudonym:cd1a3afeeac92cb813605e21e464de7db0ca53fa0190d3a1372a46f60ddd0712>", "name": "SYSTEM", "domain": "NT AUTHORITY", "type": "User"}}, "event": {"kind": "event", "code": 7001, "created": "2019-08-02T09:55:12.049Z"}, "log": {"level": "information"}, "message": "User Logon Notification for Customer Experience Improvement Program", "host": {"hostname": "CLIENT1", "architecture": "x86", "os": {"platform": "windows", "version": "6.1", "family": "windows", "name": "Windows 7 Professional", "kernel": "6.1.7601.18741 (win7sp1_gdr.150202-1526)", "build": "7601.0"}, "id": "19fc45ac-5890-4f96-81b1-50ed111c0ce4", "name": "CLIENT1"}, "agent": {"hostname": "CLIENT1", "id": "0b755aca-0a9a-454a-9800-1979901962a0", "version": "7.2.0", "type": "winlogbeat", "ephemeral_id": "de845cd9-5141-4c92-ad32-27a4518307e9"}, "ecs": {"version": "1.0.0"}}
{"@timestamp": "2019-08-02T09:47:45.971Z", "@metadata": {"beat": "winlogbeat", "type": "_doc", "version": "7.2.0", "topic": "wineventlog_raw"}, "ecs": {"version": "1.0.0"}, "host": {"id": "19fc45ac-5890-4f96-81b1-50ed111c0ce4", "hostname": "CLIENT1", "architecture": "x86", "os": {"name": "Windows 7 Professional", "kernel": "6.1.7601.18741 (win7sp1_gdr.150202-1526)", "build": "7601.0", "platform": "windows", "version": "6.1", "family": "windows"}, "name": "CLIENT1"}, "agent": {"ephemeral_id": "de845cd9-5141-4c92-ad32-27a4518307e9", "hostname": "CLIENT1", "id": "0b755aca-0a9a-454a-9800-1979901962a0", "version": "7.2.0", "type": "winlogbeat"}, "event": {"kind": "event", "code": 7036, "created": "2019-08-02T09:55:12.049Z"}, "log": {"level": "information"}, "message": "The Windows Search service entered the running state.", "winlog": {"channel": "System", "api": "wineventlog", "event_id": 7036, "event_data": {"param1": "Windows Search", "param2": "running", "Binary": "57005300650061007200630068002F0034000000"}, "provider_name": "Service Control Manager", "task": "", "keywords": ["Classic"], "record_id": 11645, "computer_name": "CLIENT1", "provider_guid": "{555908d1-a6d7-4695-8e1e-26931d2012f4}", "process": {"pid": 440, "thread": {"id": 1752}}}}
{"@timestamp": "2019-08-02T09:52:32.987Z", "@metadata": {"beat": "winlogbeat", "type": "_doc", "version": "7.2.0", "topic": "wineventlog_raw"}, "event": {"kind": "event", "code": 7036, "created": "2019-08-02T09:55:12.089Z"}, "log": {"level": "information"}, "ecs": {"version": "1.0.0"}, "host": {"name": "CLIENT1", "architecture": "x86", "os": {"name": "Windows 7 Professional", "kernel": "6.1.7601.18741 (win7sp1_gdr.150202-1526)", "build": "7601.0", "platform": "windows", "version": "6.1", "family": "windows"}, "id": "19fc45ac-5890-4f96-81b1-50ed111c0ce4", "hostname": "CLIENT1"}, "agent": {"type": "winlogbeat", "ephemeral_id": "de845cd9-5141-4c92-ad32-27a4518307e9", "hostname": "CLIENT1", "id": "0b755aca-0a9a-454a-9800-1979901962a0", "version": "7.2.0"}, "message": "The Windows Error Reporting Service service entered the stopped state.", "winlog": {"channel": "System", "keywords": ["Classic"], "event_data": {"param1": "Windows Error Reporting Service", "param2": "stopped", "Binary": "5700650072005300760063002F0031000000"}, "provider_name": "Service Control Manager", "api": "wineventlog", "computer_name": "CLIENT1", "provider_guid": "{555908d1-a6d7-4695-8e1e-26931d2012f4}", "process": {"pid": 440, "thread": {"id": 2680}}, "event_id": 7036, "record_id": 11658, "task": ""}}
{"@timestamp": "2019-08-02T09:54:21.000Z", "@metadata": {"beat": "winlogbeat", "type": "_doc", "version": "7.2.0", "topic": "wineventlog_raw"}, "message": "The Event log service was stopped.", "ecs": {"version": "1.0.0"}, "host": {"name": "CLIENT1", "architecture": "x86", "os": {"kernel": "6.1.7601.18741 (win7sp1_gdr.150202-1526)", "build": "7601.0", "platform": "windows", "version": "6.1", "family": "windows", "name": "Windows 7 Professional"}, "id": "19fc45ac-5890-4f96-81b1-50ed111c0ce4", "hostname": "CLIENT1"}, "agent": {"id": "0b755aca-0a9a-454a-9800-1979901962a0", "version": "7.2.0", "type": "winlogbeat", "ephemeral_id": "de845cd9-5141-4c92-ad32-27a4518307e9", "hostname": "CLIENT1"}, "winlog": {"task": "", "api": "wineventlog", "event_data": {"Binary": "0100000000000000"}, "channel": "System", "record_id": 11668, "computer_name": "CLIENT1", "event_id": 6006, "provider_name": "EventLog", "keywords": ["Classic"]}, "event": {"kind": "event", "code": 6006, "created": "2019-08-02T09:55:12.089Z"}, "log": {"level": "information"}}
{"@timestamp": "2019-08-02T09:54:56.000Z", "@metadata": {"beat": "winlogbeat", "type": "_doc", "version": "7.2.0", "topic": "wineventlog_raw"}, "log": {"level": "information"}, "message": "The system uptime is 12 seconds.", "host": {"os": {"platform": "windows", "version": "6.1", "family": "windows", "name": "Windows 7 Professional", "kernel": "6.1.7601.18741 (win7sp1_gdr.150202-1526)", "build": "7601.0"}, "id": "19fc45ac-5890-4f96-81b1-50ed111c0ce4", "name": "CLIENT1", "hostname": "CLIENT1", "architecture": "x86"}, "agent": {"type": "winlogbeat", "ephemeral_id": "de845cd9-5141-4c92-ad32-27a4518307e9", "hostname": "CLIENT1", "id": "0b755aca-0a9a-454a-9800-1979901962a0", "version": "7.2.0"}, "ecs": {"version": "1.0.0"}, "winlog": {"keywords": ["Classic"], "event_data": {"param6": "60", "param7": "-60 W. Europe Standard Time", "Binary": "31002E003100000030000000570069006E0064006F0077007300200037002000500072006F00660065007300730069006F006E0061006C00000036002E0031002E00370036003000310020004200750069006C006400200037003600300031002000530065007200760069006300650020005000610063006B002000310000004D0075006C0074006900700072006F0063006500730073006F00720020004600720065006500000037003600300031002E00770069006E0037007300700031005F006700640072002E003100350030003200300032002D00310035003200360000003500360066003300660039006200620000004E006F007400200041007600610069006C00610062006C00650000004E006F007400200041007600610069006C00610062006C006500000030000000310000003500310032000000340030003900000043004C00490045004E005400310000000000", "param5": "12"}, "api": "wineventlog", "computer_name": "CLIENT1", "task": "", "channel": "System", "event_id": 6013, "provider_name": "EventLog", "record_id": 11678}, "event": {"code": 6013, "created": "2019-08-02T09:55:12.090Z", "kind": "event"}}
{"@timestamp": "2019-08-02T09:54:23.021Z", "@metadata": {"beat": "winlogbeat", "type": "_doc", "version": "7.2.0", "topic": "wineventlog_raw"}, "agent": {"ephemeral_id": "de845cd9-5141-4c92-ad32-27a4518307e9", "hostname": "CLIENT1", "id": "0b755aca-0a9a-454a-9800-1979901962a0", "version": "7.2.0", "type": "winlogbeat"}, "winlog": {"keywords": ["Classic"], "provider_guid": "{555908d1-a6d7-4695-8e1e-26931d2012f4}", "channel": "System", "task": "", "process": {"thread": {"id": 2680}, "pid": 440}, "event_id": 7036, "record_id": 11687, "computer_name": "CLIENT1", "event_data": {"param1": "Security Center", "param2": "stopped", "Binary": "7700730063007300760063002F0031000000"}, "api": "wineventlog", "provider_name": "Service Control Manager"}, "event": {"created": "2019-08-02T09:55:12.090Z", "kind": "event", "code": 7036}, "log": {"level": "information"}, "message": "The Security Center service entered the stopped state.", "ecs": {"version": "1.0.0"}, "host": {"name": "CLIENT1", "os": {"platform": "windows", "version": "6.1", "family": "windows", "name": "Windows 7 Professional", "kernel": "6.1.7601.18741 (win7sp1_gdr.150202-1526)", "build": "7601.0"}, "id": "19fc45ac-5890-4f96-81b1-50ed111c0ce4", "hostname": "CLIENT1", "architecture": "x86"}}
{"@timestamp": "2019-08-02T09:54:25.833Z", "@metadata": {"beat": "winlogbeat", "type": "_doc", "version": "7.2.0", "topic": "wineventlog_raw"}, "host": {"name": "CLIENT1", "id": "19fc45ac-5890-4f96-81b1-50ed111c0ce4", "hostname": "CLIENT1", "architecture": "x86", "os": {"platform": "windows", "version": "6.1", "family": "windows", "name": "Windows 7 Professional", "kernel": "6.1.7601.18741 (win7sp1_gdr.150202-1526)", "build": "7601.0"}}, "agent": {"hostname": "CLIENT1", "id": "0b755aca-0a9a-454a-9800-1979901962a0", "version": "7.2.0", "type": "winlogbeat", "ephemeral_id": "de845cd9-5141-4c92-ad32-27a4518307e9"}, "log": {"level": "information"}, "message": "The kernel power manager has initiated a shutdown transition.", "winlog": {"provider_name": "Microsoft-Windows-Kernel-Power", "computer_name": "CLIENT1", "provider_guid": "{331C3B3A-2005-44C2-AC5E-77220C37D6B4}", "process": {"pid": 340, "thread": {"id": 344}}, "event_data": {"ShutdownActionType": "6", "ShutdownEventCode": "0", "ShutdownReason": "0"}, "record_id": 11696, "channel": "System", "event_id": 109, "task": "", "api": "wineventlog", "opcode": "Info"}, "event": {"kind": "event", "code": 109, "created": "2019-08-02T09:55:12.090Z"}, "ecs": {"version": "1.0.0"}}
{"@timestamp": "2019-08-02T09:54:26.708Z", "@metadata": {"beat": "winlogbeat", "type": "_doc", "version": "7.2.0", "topic": "wineventlog_raw"}, "host": {"id": "19fc45ac-5890-4f96-81b1-50ed111c0ce4", "name": "CLIENT1", "hostname": "CLIENT1", "architecture": "x86", "os": {"platform": "windows", "version": "6.1", "family": "windows", "name": "Windows 7 Professional", "kernel": "6.1.7601.18741 (win7sp1_gdr.150202-1526)", "build": "7601.0"}}, "agent": {"hostname": "CLIENT1", "id": "0b755aca-0a9a-454a-9800-1979901962a0", "version": "7.2.0", "type": "winlogbeat", "ephemeral_id": "de845cd9-5141-4c92-ad32-27a4518307e9"}, "ecs": {"version": "1.0.0"}, "winlog": {"process": {"pid": 440, "thread": {"id": 2680}}, "record_id": 11697, "event_id": 7036, "provider_name": "Service Control Manager", "task": "", "keywords": ["Classic"], "provider_guid": "{555908d1-a6d7-4695-8e1e-26931d2012f4}", "channel": "System", "api": "wineventlog", "computer_name": "CLIENT1", "event_data": {"param2": "stopped", "Binary": "7300700070007300760063002F0031000000", "param1": "Software Protection"}}, "event": {"code": 7036, "created": "2019-08-02T09:55:12.090Z", "kind": "event"}, "log": {"level": "information"}, "message": "The Software Protection service entered the stopped state."}
{"@timestamp": "2019-08-02T09:54:58.687Z", "@metadata": {"beat": "winlogbeat", "type": "_doc", "version": "7.2.0", "topic": "wineventlog_raw"}, "log": {"level": "information"}, "message": "The TCP/IP NetBIOS Helper service entered the running state.", "agent": {"hostname": "CLIENT1", "id": "0b755aca-0a9a-454a-9800-1979901962a0", "version": "7.2.0", "type": "winlogbeat", "ephemeral_id": "de845cd9-5141-4c92-ad32-27a4518307e9"}, "ecs": {"version": "1.0.0"}, "host": {"hostname": "CLIENT1", "architecture": "x86", "os": {"kernel": "6.1.7601.18741 (win7sp1_gdr.150202-1526)", "build": "7601.0", "platform": "windows", "version": "6.1", "family": "windows", "name": "Windows 7 Professional"}, "name": "CLIENT1", "id": "19fc45ac-5890-4f96-81b1-50ed111c0ce4"}, "winlog": {"event_id": 7036, "computer_name": "CLIENT1", "provider_guid": "{555908d1-a6d7-4695-8e1e-26931d2012f4}", "channel": "System", "api": "wineventlog", "keywords": ["Classic"], "event_data": {"param2": "running", "Binary": "6C006D0068006F007300740073002F0034000000", "param1": "TCP/IP NetBIOS Helper"}, "provider_name": "Service Control Manager", "record_id": 11724, "task": "", "process": {"pid": 440, "thread": {"id": 528}}}, "event": {"created": "2019-08-02T09:55:12.091Z", "kind": "event", "code": 7036}}
{"@timestamp": "2019-08-02T09:55:02.203Z", "@metadata": {"beat": "winlogbeat", "type": "_doc", "version": "7.2.0", "topic": "wineventlog_raw"}, "agent": {"type": "winlogbeat", "ephemeral_id": "de845cd9-5141-4c92-ad32-27a4518307e9", "hostname": "CLIENT1", "id": "0b755aca-0a9a-454a-9800-1979901962a0", "version": "7.2.0"}, "ecs": {"version": "1.0.0"}, "winlog": {"api": "wineventlog", "record_id": 11736, "provider_name": "Service Control Manager", "event_data": {"Binary": "430072007900700074005300760063002F0034000000", "param1": "Cryptographic Services", "param2": "running"}, "channel": "System", "task": "", "event_id": 7036, "computer_name": "CLIENT1", "keywords": ["Classic"], "provider_guid": "{555908d1-a6d7-4695-8e1e-26931d2012f4}", "process": {"pid": 440, "thread": {"id": 524}}}, "event": {"kind": "event", "code": 7036, "created": "2019-08-02T09:55:12.092Z"}, "log": {"level": "information"}, "message": "The Cryptographic Services service entered the running state.", "host": {"name": "CLIENT1", "hostname": "CLIENT1", "architecture": "x86", "os": {"platform": "windows", "version": "6.1", "family": "windows", "name": "Windows 7 Professional", "kernel": "6.1.7601.18741 (win7sp1_gdr.150202-1526)", "build": "7601.0"}, "id": "19fc45ac-5890-4f96-81b1-50ed111c0ce4"}}
{"@timestamp": "2019-08-02T09:55:09.397Z", "@metadata": {"beat": "winlogbeat", "type": "_doc", "version": "7.2.0", "topic": "wineventlog_raw"}, "winlog": {"keywords": ["Classic"], "process": {"thread": {"id": 524}, "pid": 440}, "channel": "System", "api": "wineventlog", "event_id": 7036, "task": "", "computer_name": "CLIENT1", "provider_guid": "{555908d1-a6d7-4695-8e1e-26931d2012f4}", "record_id": 11747, "event_data": {"param2": "running", "Binary": "570069006E006D0067006D0074002F0034000000", "param1": "Windows Management Instrumentation"}, "provider_name": "Service Control Manager"}, "event": {"kind": "event", "code": 7036, "created": "2019-08-02T09:55:12.100Z"}, "ecs": {"version": "1.0.0"}, "host": {"os": {"kernel": "6.1.7601.18741 (win7sp1_gdr.150202-1526)", "build": "7601.0", "platform": "windows", "version": "6.1", "family": "windows", "name": "Windows 7 Professional"}, "name": "CLIENT1", "id": "19fc45ac-5890-4f96-81b1-50ed111c0ce4", "hostname": "CLIENT1", "architecture": "x86"}, "agent": {"type": "winlogbeat", "ephemeral_id": "de845cd9-5141-4c92-ad32-27a4518307e9", "hostname": "CLIENT1", "id": "0b755aca-0a9a-454a-9800-1979901962a0", "version": "7.2.0"}, "log": {"level": "information"}, "message": "The Windows Management Instrumentation service entered the running state."}
{"pseudonym": "39594bac43459d3d48dcd9d2ed9f617e6235f0bd79fb35ed6274e27347ba11c4", "origin": "u4XnSE4bfFnG3c84Ev/eHmatPtoBTjPH0gJ+HVrm+ribzdcUlUCV50drHjweupVizS49afk9ZkG5nf4A/TFfTnZgh5dIfxX53OBODNNPcBJY++2Rz+3ML0+ABEy3QjiJ7UYmFFY2HVxQhUopfXkUvKF6Z5wE5zmT3S/4vTlAa8HSyral7S35TsjaqTxdbWh6rMlsSRESBXr/Al+NRWcibWdkpZZf3tCv0kgYnld+TzdbMehDdwa8CACS7lgjQPSUn6v88T2/6cJ/s7RAw1qZ/JG/AqTjUQ+bjCcKNLwwr9nWaHJsSDBbNFfMKJ2zUbmR344QZOjaYR9dyiDCXk3QeoxpTgx/HY98UEpqe+qMZXeZSYNMo+MQ"}
{"pseudonym": "878d4216e77e6ff24d3368f00684abc1bbf738c11387cdcf8f211eeacd8651e4", "origin": "qp4d33fpTZvhdsvt1LAA93FCK83R3+YlnwKNxs+Q+AjGtpy2zpqA3KOM9U06FDFt2KaMXFEp9OXcpkTVfGd1tg5AnQ/po31jGTGYWYGwKrjTl195Jim0z0xMvtyT/1VDi/0gpOyFIv0kUXXEFOfzbFUwds6rO6+U2w0fypR4+AkdTLvAYy0hdPTcH0JOpgQPBjomAj/pjxl5qXpMJZEF13tT0pXBfnAu61jqFElIVnat/OWClH5IZo+J/5SV3APoiZWh8MNStG6bcQBBFsvWY7dP8/KxPX3FJvV0kSEpZQn7bStwSBEOhHH1Yd7TpjyDtpk232q2y9XEuuDLGuW4HT4M0KRl9P/C5aRUoAHAsVs="}
{"@timestamp": "2019-08-02T09:46:19.046Z", "@metadata": {"beat": "winlogbeat", "type": "_doc", "version": "7.2.0", "topic": "wineventlog_raw"}, "log": {"level": "information"}, "message": "Special privileges assigned to new logon.\n\nSubject:\n\tSecurity ID:\t\tS-1-5-20\n\tAccount Name:\t\tNETWORK SERVICE\n\tAccount Domain:\t\tNT AUTHORITY\n\tLogon ID:\t\t0x3e4\n\nPrivileges:\t\tSeAssignPrimaryTokenPrivilege\n\t\t\tSeAuditPrivilege\n\t\t\tSeImpersonatePrivilege", "winlog": {"opcode": "Info", "channel": "Security", "computer_name": "CLIENT1", "provider_guid": "{54849625-5478-4994-A5BA-3E3B0328C30D}", "api": "wineventlog", "record_id": 4646, "keywords": ["Audit Success"], "process": {"pid": 448, "thread": {"id": 504}}, "provider_name": "Microsoft-Windows-Security-Auditing", "event_data": {"PrivilegeList": "SeAssignPrimaryTokenPrivilege\n\t\t\tSeAuditPrivilege\n\t\t\tSeImpersonatePrivilege", "SubjectUserSid": "<pseudonym:878d4216e77e6ff24d3368f00684abc1bbf738c11387cdcf8f211eeacd8651e4>", "SubjectUserName": "<pseudonym:39594bac43459d3d48dcd9d2ed9f617e6235f0bd79fb35ed6274e27347ba11c4>", "SubjectDomainName": "NT AUTHORITY", "SubjectLogonId": "0x3e4"}, "event_id": 4672, "task": "Special Logon"}, "event": {"kind": "event", "code": 4672, "action": "Special Logon", "created": "2019-08-02T09:55:12.133Z"}, "agent": {"ephemeral_id": "de845cd9-5141-4c92-ad32-27a4518307e9", "hostname": "CLIENT1", "id": "0b755aca-0a9a-454a-9800-1979901962a0", "version": "7.2.0", "type": "winlogbeat"}, "ecs": {"version": "1.0.0"}, "host": {"id": "19fc45ac-5890-4f96-81b1-50ed111c0ce4", "hostname": "CLIENT1", "architecture": "x86", "os": {"name": "Windows 7 Professional", "kernel": "6.1.7601.18741 (win7sp1_gdr.150202-1526)", "build": "7601.0", "platform": "windows", "version": "6.1", "family": "windows"}, "name": "CLIENT1"}}
{"@timestamp": "2019-08-02T09:47:45.000Z", "@metadata": {"beat": "winlogbeat", "type": "_doc", "version": "7.2.0", "topic": "wineventlog_raw"}, "ecs": {"version": "1.0.0"}, "host": {"id": "19fc45ac-5890-4f96-81b1-50ed111c0ce4", "name": "CLIENT1", "hostname": "CLIENT1", "architecture": "x86", "os": {"platform": "windows", "version": "6.1", "family": "windows", "name": "Windows 7 Professional", "kernel": "6.1.7601.18741 (win7sp1_gdr.150202-1526)", "build": "7601.0"}}, "agent": {"hostname": "CLIENT1", "id": "0b755aca-0a9a-454a-9800-1979901962a0", "version": "7.2.0", "type": "winlogbeat", "ephemeral_id": "de845cd9-5141-4c92-ad32-27a4518307e9"}, "winlog": {"provider_guid": "{CA4E628D-8567-4896-AB6B-835B221F373F}", "event_data": {"ExtraInfo": ""}, "channel": "Application", "api": "wineventlog", "computer_name": "CLIENT1", "record_id": 2914, "provider_name": "Microsoft-Windows-Search", "event_id": 1003, "task": "Search service", "keywords": ["Classic"]}, "event": {"created": "2019-08-02T09:55:12.182Z", "kind": "event", "code": 1003, "action": "Search service"}, "log": {"level": "information"}, "message": "The Windows Search Service started."}
{"pseudonym": "cd1a3afeeac92cb813605e21e464de7db0ca53fa0190d3a1372a46f60ddd0712", "origin": "ocJiyO8lQFS0Ym38TFklMHSYjq+dYASDzG+ukz1m1OArwuDKdasZAN+2VmxSxuvYITOz4iOJfi/rvGCvOcfhRGd2tX2JDQ26URwFbPN8Kpq/OWNYBq5ZRN/SW00uFUhsVPusnKfAp1k4eBQtyctLB9iNHD8YwDnJnsn43qNLU64CCAkFIwe5lCfpsjRgDNYi0N5JCn2kxpUekJ1bxqj7qOMOO7iXVcqdVP+OiWDh2DGhPgMHp6uiNtsFuW6dqkJwJvgeZgT9/ydtCYONfUjbpeU29u9EboKNhBkftnLjG4svyKPFVVTGLwGX4mmLIl+EEOEhffFogPd+gVI4960+mKkcSWhYgiFh/ZFCcqa1K90="}
{"@timestamp": "2019-08-02T09:54:57.765Z", "@metadata": {"beat": "winlogbeat", "type": "_doc", "version": "7.2.0", "topic": "wineventlog_raw"}, "event": {"created": "2019-08-02T09:55:12.182Z", "kind": "event", "code": 1531}, "log": {"level": "information"}, "host": {"architecture": "x86", "name": "CLIENT1", "os": {"kernel": "6.1.7601.18741 (win7sp1_gdr.150202-1526)", "build": "7601.0", "platform": "windows", "version": "6.1", "family": "windows", "name": "Windows 7 Professional"}, "id": "19fc45ac-5890-4f96-81b1-50ed111c0ce4", "hostname": "CLIENT1"}, "agent": {"version": "7.2.0", "type": "winlogbeat", "ephemeral_id": "de845cd9-5141-4c92-ad32-27a4518307e9", "hostname": "CLIENT1", "id": "0b755aca-0a9a-454a-9800-1979901962a0"}, "ecs": {"version": "1.0.0"}, "message": "The User Profile Service has started successfully.  ", "winlog": {"user": {"type": "User", "identifier": "<pseudonym:cd1a3afeeac92cb813605e21e464de7db0ca53fa0190d3a1372a46f60ddd0712>", "name": "SYSTEM", "domain": "NT AUTHORITY"}, "channel": "Application", "record_id": 2926, "api": "wineventlog", "computer_name": "CLIENT1", "provider_guid": "{89B1E9F0-5AFF-44A6-9B44-0A07A7CE5845}", "event_id": 1531, "provider_name": "Microsoft-Windows-User Profiles Service", "process": {"pid": 776, "thread": {"id": 908}}, "task": "", "opcode": "Info"}}
{"pseudonym": "387dddca7f9c9fa71c41295d7790d3bcd791cfe79b2dd4843551dfd0bf47acf2", "origin": "DYJFOanOQ72hbxTZleDlPFrRGwt5tPvWDHMGL/w8YXmAGddPt0vjf634xWVh7tH6+9hnRXHREYKt2+0Z2h3moTJPgum/LIuX2yahRHhcA1IUDtqOHonKuU8gZbZQIr8Bi6Cws8Tp8ntdE6R3xJshifXWjhagowtmdJkOt5TT5doeAe9D/rVMCI2tD/waHpk7E9CmCqqbyD2B7WKPO1gPCplrDltffKOjH4IL/xBR31BLYT/bGOE9aDeBLq0jAsHN5pfcWV9tUa0VtmzTrWf+XKJwpj98hj/pb27bbtvV9Z76vZv0wRL7Oi/3LgPKw7F/63tmAiRwnVjgpGmBaeSgktb88uMtO1mufl29uovu"}
{"pseudonym": "cd1a3afeeac92cb813605e21e464de7db0ca53fa0190d3a1372a46f60ddd0712", "origin": "I1gufTF06Vjz35i8x4N0Bh59DEnlVkUfmVDgioEqGRNTIjupz+3f21TYLHa71ALPM+8iD67jcOBe0R9qqqt3/Nd+L1/ohUUTmjzjllxJ6JfL+XnLuF9qziqnE9C9yCStFIeqObhgRAm7YPBL2zdKZqP38ZvYVamAMYe5vDBz2346DSMk0jK/+ua+qyEDZ2+abRBR2vsktr0J+hEEDh1pQkilQH62Bp8AMtZYweawHX3vpk6MkGL7nT8l6p5zfRs18To+RbLu8eJqaoEQZ30NetD9jZv3zYgoSy38JaxfdjrrE9/mQIt9NrIA60pQ6dw9Qa8tFOKEWAocwo9xY7KA215XWyBFbSyEHHW2J3gUvRE="}
{"@timestamp": "2019-08-02T09:46:39.046Z", "@metadata": {"beat": "winlogbeat", "type": "_doc", "version": "7.2.0", "topic": "wineventlog_raw"}, "event": {"code": 4672, "action": "Special Logon", "created": "2019-08-02T09:55:12.183Z", "kind": "event"}, "log": {"level": "information"}, "message": "Special privileges assigned to new logon.\n\nSubject:\n\tSecurity ID:\t\tS-1-5-18\n\tAccount Name:\t\tSYSTEM\n\tAccount Domain:\t\tNT AUTHORITY\n\tLogon ID:\t\t0x3e7\n\nPrivileges:\t\tSeAssignPrimaryTokenPrivilege\n\t\t\tSeTcbPrivilege\n\t\t\tSeSecurityPrivilege\n\t\t\tSeTakeOwnershipPrivilege\n\t\t\tSeLoadDriverPrivilege\n\t\t\tSeBackupPrivilege\n\t\t\tSeRestorePrivilege\n\t\t\tSeDebugPrivilege\n\t\t\tSeAuditPrivilege\n\t\t\tSeSystemEnvironmentPrivilege\n\t\t\tSeImpersonatePrivilege", "ecs": {"version": "1.0.0"}, "host": {"name": "CLIENT1", "hostname": "CLIENT1", "architecture": "x86", "os": {"platform": "windows", "version": "6.1", "family": "windows", "name": "Windows 7 Professional", "kernel": "6.1.7601.18741 (win7sp1_gdr.150202-1526)", "build": "7601.0"}, "id": "19fc45ac-5890-4f96-81b1-50ed111c0ce4"}, "agent": {"ephemeral_id": "de845cd9-5141-4c92-ad32-27a4518307e9", "hostname": "CLIENT1", "id": "0b755aca-0a9a-454a-9800-1979901962a0", "version": "7.2.0", "type": "winlogbeat"}, "winlog": {"record_id": 4657, "keywords": ["Audit Success"], "opcode": "Info", "process": {"pid": 448, "thread": {"id": 504}}, "channel": "Security", "api": "wineventlog", "event_data": {"SubjectUserName": "<pseudonym:387dddca7f9c9fa71c41295d7790d3bcd791cfe79b2dd4843551dfd0bf47acf2>", "SubjectDomainName": "NT AUTHORITY", "SubjectLogonId": "0x3e7", "PrivilegeList": "SeAssignPrimaryTokenPrivilege\n\t\t\tSeTcbPrivilege\n\t\t\tSeSecurityPrivilege\n\t\t\tSeTakeOwnershipPrivilege\n\t\t\tSeLoadDriverPrivilege\n\t\t\tSeBackupPrivilege\n\t\t\tSeRestorePrivilege\n\t\t\tSeDebugPrivilege\n\t\t\tSeAuditPrivilege\n\t\t\tSeSystemEnvironmentPrivilege\n\t\t\tSeImpersonatePrivilege", "SubjectUserSid": "<pseudonym:cd1a3afeeac92cb813605e21e464de7db0ca53fa0190d3a1372a46f60ddd0712>"}, "event_id": 4672, "provider_guid": "{54849625-5478-4994-A5BA-3E3B0328C30D}", "task": "Special Logon", "computer_name": "CLIENT1", "provider_name": "Microsoft-Windows-Security-Auditing"}}
{"pseudonym": "e887f3a09fdddf7c81a563b81f90ed9499d86badaa6173d1aa197a2b544d13b1", "origin": "VbqPRwHDNxvm5BQ/zTgISMIuQcDiotB0L58FIeTkLZwVE0DtdjrLlywZsjYQUjYO/JlW/UdOz9lNtvBqkyYwMNhx/517GvZSR6kxS8iYAChAMq4anzccuR0zjYIKVoVZgcdqEv78sf9f5Kkjz7N1JZx/+pD4EmwTnsl18cMIEVlgvxvClxAG7qigAZFIas/tmwfrK/MXabX1EPd8eyFWCjaOPt7foK0eBxs8rAHVXqmPjz+A67GROg6Gr2o+NhvWSmgo90JM+s9EpTKPxsVvz0LipT9rW3dgDkzIlunMd9e4/Mv22zlIoyMlqyUwbiV/3nqtFIuEG4VIQnXas+DIWe/r3ZYLZDX90Z/gxGYeQ6k="}
{"pseudonym": "f119e812403f34bc9c93a15392e371bd51bfd51f59deda80c5caac2a6f172b3c", "origin": "OuaaonVOfkGft9mRg22oGUBp7/DysxL8ONch5ExwDDRNM6Y29PNPew6chrI/sOESo/Vr6DamjeF9Tb18WWK6r8F0MoQWCh07Z6/wifHE7WxGdXgtZxr6PSX17nKps6ytSfa/9qL2HgcrwxXaFfJiH6cGwqpmvMycKyo8BfI7L7tVxJ/swRwwO73tW/Nz7vRbAPZgtZo3SOa+7+5seZINjyhhz07/ko3eRnww6/SSmgt5sIcd2B6AEi3PZk0h/InL3Qa8K3oAb99tmQFUKemfMFmuYDchQVFp85lk4U3WI7nSWoAEzmkw4xYQ3l3J1HRoLPWKwEwssYwFfuS8oVrhfE5l29lNUEcwPGVGgnlX"}
{"pseudonym": "cd1a3afeeac92cb813605e21e464de7db0ca53fa0190d3a1372a46f60ddd0712", "origin": "rrlojxO97Y3valAWMliRK/oHjM3UFmlyokGQkfz1c2/OC9CElqdR7MoYLU1ay/RqYD7MXmec86KalRzhqlHxtvW4y5Zj7Pih32jYq2JonRWO/atQn3cTC0k8Ea9GevzJXEqMYPvzEBmfNW50uBCQnItanHDcR/LyMs8O0AX9amEQ2LKirjqO54cVeksjwOkNwQ709RAeB+2c49bvymaIFYkhkecXx3ZV70h5QLLmw7SUyDhWs9Np9LcTE8/2FoxRoskQAizjKbnr4YBZmV+F9IZqgRb0tFsr/LD7CZnUJoALUYMEgMQEI0xnpg+2EhLRmlCspblRLelZKBtE/ffF41XbqJAxwNjjg76D2lV+zkc="}
{"@timestamp": "2019-08-02T09:55:34.644Z", "@metadata": {"beat": "winlogbeat", "type": "_doc", "version": "7.2.0", "topic": "wineventlog_raw"}, "message": "A logon was attempted using explicit credentials.\n\nSubject:\n\tSecurity ID:\t\tS-1-5-18\n\tAccount Name:\t\tCLIENT1$\n\tAccount Domain:\t\tWORKGROUP\n\tLogon ID:\t\t0x3e7\n\tLogon GUID:\t\t{00000000-0000-0000-0000-000000000000}\n\nAccount Whose Credentials Were Used:\n\tAccount Name:\t\tbreach\n\tAccount Domain:\t\tCLIENT1\n\tLogon GUID:\t\t{00000000-0000-0000-0000-000000000000}\n\nTarget Server:\n\tTarget Server Name:\tlocalhost\n\tAdditional Information:\tlocalhost\n\nProcess Information:\n\tProcess ID:\t\t0x17c\n\tProcess Name:\t\tC:\\Windows\\System32\\winlogon.exe\n\nNetwork Information:\n\tNetwork Address:\t127.0.0.1\n\tPort:\t\t\t0\n\nThis event is generated when a process attempts to log on an account by explicitly specifying that account\u2019s credentials.  This most commonly occurs in batch-type configurations such as scheduled tasks, or when using the RUNAS command.", "source": {"port": 0, "ip": "127.0.0.1"}, "agent": {"type": "winlogbeat", "ephemeral_id": "de845cd9-5141-4c92-ad32-27a4518307e9", "hostname": "CLIENT1", "id": "0b755aca-0a9a-454a-9800-1979901962a0", "version": "7.2.0"}, "winlog": {"event_data": {"SubjectUserSid": "<pseudonym:cd1a3afeeac92cb813605e21e464de7db0ca53fa0190d3a1372a46f60ddd0712>", "TargetInfo": "localhost", "TargetLogonGuid": "{00000000-0000-0000-0000-000000000000}", "TargetServerName": "localhost", "SubjectLogonId": "0x3e7", "SubjectUserName": "<pseudonym:e887f3a09fdddf7c81a563b81f90ed9499d86badaa6173d1aa197a2b544d13b1>", "LogonGuid": "{00000000-0000-0000-0000-000000000000}", "SubjectDomainName": "WORKGROUP"}, "event_id": 4648, "task": "Logon", "computer_name": "CLIENT1", "provider_name": "Microsoft-Windows-Security-Auditing", "record_id": 4692, "provider_guid": "{54849625-5478-4994-A5BA-3E3B0328C30D}", "process": {"pid": 448, "thread": {"id": 512}}, "opcode": "Info", "channel": "Security", "api": "wineventlog", "keywords": ["Audit Success"]}, "log": {"level": "information"}, "process": {"pid": 380, "executable": "C:\\Windows\\System32\\winlogon.exe", "name": "winlogon.exe"}, "ecs": {"version": "1.0.0"}, "host": {"architecture": "x86", "os": {"version": "6.1", "family": "windows", "name": "Windows 7 Professional", "kernel": "6.1.7601.18741 (win7sp1_gdr.150202-1526)", "build": "7601.0", "platform": "windows"}, "id": "19fc45ac-5890-4f96-81b1-50ed111c0ce4", "name": "CLIENT1", "hostname": "CLIENT1"}, "event": {"kind": "event", "code": 4648, "action": "Logon", "created": "2019-08-02T09:55:36.334Z", "category": "authentication", "type": "authentication_success"}, "user": {"domain": "CLIENT1", "name": "<pseudonym:f119e812403f34bc9c93a15392e371bd51bfd51f59deda80c5caac2a6f172b3c>"}}
{"@timestamp": "2019-08-02T09:55:54.826Z", "@metadata": {"beat": "winlogbeat", "type": "_doc", "version": "7.2.0", "topic": "wineventlog_raw"}, "host": {"id": "19fc45ac-5890-4f96-81b1-50ed111c0ce4", "name": "CLIENT1", "hostname": "CLIENT1", "architecture": "x86", "os": {"platform": "windows", "version": "6.1", "family": "windows", "name": "Windows 7 Professional", "kernel": "6.1.7601.18741 (win7sp1_gdr.150202-1526)", "build": "7601.0"}}, "message": "The Windows Media Player Network Sharing Service service entered the running state.", "winlog": {"process": {"pid": 440, "thread": {"id": 1856}}, "provider_guid": "{555908d1-a6d7-4695-8e1e-26931d2012f4}", "event_data": {"param1": "Windows Media Player Network Sharing Service", "param2": "running", "Binary": "57004D0050004E006500740077006F0072006B005300760063002F0034000000"}, "event_id": 7036, "computer_name": "CLIENT1", "task": "", "channel": "System", "keywords": ["Classic"], "api": "wineventlog", "provider_name": "Service Control Manager", "record_id": 11761}, "event": {"created": "2019-08-02T09:55:56.380Z", "kind": "event", "code": 7036}, "log": {"level": "information"}, "agent": {"hostname": "CLIENT1", "id": "0b755aca-0a9a-454a-9800-1979901962a0", "version": "7.2.0", "type": "winlogbeat", "ephemeral_id": "de845cd9-5141-4c92-ad32-27a4518307e9"}, "ecs": {"version": "1.0.0"}}
{"pseudonym": "e887f3a09fdddf7c81a563b81f90ed9499d86badaa6173d1aa197a2b544d13b1", "origin": "TMg5Fkxj/O4AF2MOUhbH64fQzLR7EYnkf7l6TPrD9WR5DnpcdQzzazqvj59Cwh4PXW/uO58hYOsgEEZjUTfltI6pEX/r3T9colLwpYxQU7en1HpWew9eYutJx6kT55kgItFl4EU6Elzeq7myibHREGeSBxN+O6H8yk6O5eZKnsbkASTcZJbpRBn14oRmlik26rk8KPX3T1iC953lVxs9JcyHS9uuRfUquXF5LlGidaw5ej+gZlGciZgtC3rqRJBJHpX3UQvOnoncqS+d4TdVT1vVBTlINQkfmrmZukMaUxGKaoPKNSeaERCjVv2S5U9qGoemnJ0mZD3Roe+WTnZPvjiKmL9MCWxGqKZISTOc4q4="}
{"pseudonym": "cd1a3afeeac92cb813605e21e464de7db0ca53fa0190d3a1372a46f60ddd0712", "origin": "I1oU/JJ1PlQYb8qdTI94rP6H5RBjbuaxLXiUl11Np77qof208IkVl43KYF75c2UsEuRudDZbTpo9fPSGDYzQYX2yfo8HFmDpAVEKSqNRxkjqxtSUJq8KNv/azGRT9ECuueYnjvPiM3TFgimFcqfpcje2NEXlBhOnYjXz8M4uw6NTJ2lQDh1G+DgvcVuxaFuZ75/pozDQtff5yE8rnGYF8FxiqdYYeUIgCGehlB+vPYu2Y+IUe4xkkTEwPZZLRvYMDKepkKmGYDv7hg8c4iIOFWXAQQCWyMkqPbwjmej8oyTbsG9ntnK9fVUzVnDaL6vWe6tF5+V2Mnq2HwGhzPlLuB9CmFOnw8us3d8PoXlKNb4="}
{"@timestamp": "2019-08-02T10:40:04.472Z", "@metadata": {"beat": "winlogbeat", "type": "_doc", "version": "7.2.0", "topic": "wineventlog_raw"}, "winlog": {"channel": "Security", "record_id": 4711, "version": 1, "opcode": "Info", "process": {"pid": 4, "thread": {"id": 60}}, "api": "wineventlog", "computer_name": "CLIENT1", "keywords": ["Audit Success"], "event_id": 4616, "provider_name": "Microsoft-Windows-Security-Auditing", "task": "Security State Change", "provider_guid": "{54849625-5478-4994-A5BA-3E3B0328C30D}", "event_data": {"ProcessName": "C:\\Program Files\\NetTime\\NetTimeService.exe", "SubjectUserSid": "<pseudonym:cd1a3afeeac92cb813605e21e464de7db0ca53fa0190d3a1372a46f60ddd0712>", "SubjectUserName": "<pseudonym:e887f3a09fdddf7c81a563b81f90ed9499d86badaa6173d1aa197a2b544d13b1>", "SubjectDomainName": "WORKGROUP", "SubjectLogonId": "0x3e7", "PreviousTime": "2019-08-02T10:40:05.357174400Z", "NewTime": "2019-08-02T10:40:04.472000000Z", "ProcessId": "0x5b4"}}, "event": {"kind": "event", "code": 4616, "action": "Security State Change", "created": "2019-08-02T10:40:06.723Z"}, "log": {"level": "information"}, "ecs": {"version": "1.0.0"}, "host": {"os": {"name": "Windows 7 Professional", "kernel": "6.1.7601.18741 (win7sp1_gdr.150202-1526)", "build": "7601.0", "platform": "windows", "version": "6.1", "family": "windows"}, "name": "CLIENT1", "id": "19fc45ac-5890-4f96-81b1-50ed111c0ce4", "hostname": "CLIENT1", "architecture": "x86"}, "agent": {"type": "winlogbeat", "ephemeral_id": "de845cd9-5141-4c92-ad32-27a4518307e9", "hostname": "CLIENT1", "id": "0b755aca-0a9a-454a-9800-1979901962a0", "version": "7.2.0"}, "message": "The system time was changed.\n\nSubject:\n\tSecurity ID:\t\tS-1-5-18\n\tAccount Name:\t\tCLIENT1$\n\tAccount Domain:\t\tWORKGROUP\n\tLogon ID:\t\t0x3e7\n\nProcess Information:\n\tProcess ID:\t0x5b4\n\tName:\t\tC:\\Program Files\\NetTime\\NetTimeService.exe\n\nPrevious Time:\t\t\u200e2019\u200e-\u200e08\u200e-\u200e02T10:40:05.357174400Z\nNew Time:\t\t\u200e2019\u200e-\u200e08\u200e-\u200e02T10:40:04.472000000Z\n\nThis event is generated when the system time is changed. It is normal for the Windows Time Service, which runs with System privilege, to change the system time on a regular basis. Other system time changes may be indicative of attempts to tamper with the computer."}
{"pseudonym": "e887f3a09fdddf7c81a563b81f90ed9499d86badaa6173d1aa197a2b544d13b1", "origin": "Ds+JcfizqSLqf+bjlrXVHoANvf2dQtTs0fh2NuDOhLFD3PbzfVtgPPyRg9U39YphLd4BXHHMGaSLRIB0VKGeIBm4kaGoRR7evbpf4KM6iNNjLVtGwEa2xEMFmmNJoVmm0T2OJXwRNah0+50WhhyRUWtCbyJBM8F28sH+FmaKd3EpLj/4Sp5CtB3So0TyUdyEAjL7T7evwcceVbs8sKz8hUl51PDupSWHdBJvvTYTdNFzmHO15rmrOQkt3yy+1lifopNJfIf2t/W9X63iRhJ1+nJmN/fEiRfX+Bfg+Hk+xrQjwtbHOWgh7x5O/pJOV7TvNl38EoG6urQEjWJgqF7awK65i60u9Mzwtfo6rJLKCHQ="}
{"pseudonym": "cd1a3afeeac92cb813605e21e464de7db0ca53fa0190d3a1372a46f60ddd0712", "origin": "aAj/D3gh9Ve17UT6VM4ehAwpTrjxZbAGknyIeHLMzVoyej1KPuSzhXbTjhnJDZN+nbNS0feKrK4Gg4lefkDhmr526jLspwx3o9J73yizd3WGf3Q3nUFTDbTt6QqNOJnq+tolaNpCyfRNtnnUVB7OK1/O2pv6/CCJvKby0EtEV37M4POQGpqJYrnKjAt1Litd49gWXJsvFcCFIhHnp/PKg9zzKIfqq8Rltqfm6adAcLw1bl61ojfVMR6KTeyO/5KW302VsPEoyfAaDRzLFU/1dwVjavY463KXN5hdt7N+DB8OXjf2P/DBZPIKmHtE6ECSOQ+BCqFuJJ0u9Ae4IOy5o1RMaYAstNUczAe4oHsKyOI="}
{"@timestamp": "2019-08-02T10:45:04.276Z", "@metadata": {"beat": "winlogbeat", "type": "_doc", "version": "7.2.0", "topic": "wineventlog_raw"}, "message": "The system time was changed.\n\nSubject:\n\tSecurity ID:\t\tS-1-5-18\n\tAccount Name:\t\tCLIENT1$\n\tAccount Domain:\t\tWORKGROUP\n\tLogon ID:\t\t0x3e7\n\nProcess Information:\n\tProcess ID:\t0x5b4\n\tName:\t\tC:\\Program Files\\NetTime\\NetTimeService.exe\n\nPrevious Time:\t\t\u200e2019\u200e-\u200e08\u200e-\u200e02T10:45:05.142429600Z\nNew Time:\t\t\u200e2019\u200e-\u200e08\u200e-\u200e02T10:45:04.276000000Z\n\nThis event is generated when the system time is changed. It is normal for the Windows Time Service, which runs with System privilege, to change the system time on a regular basis. Other system time changes may be indicative of attempts to tamper with the computer.", "host": {"name": "CLIENT1", "os": {"name": "Windows 7 Professional", "kernel": "6.1.7601.18741 (win7sp1_gdr.150202-1526)", "build": "7601.0", "platform": "windows", "version": "6.1", "family": "windows"}, "id": "19fc45ac-5890-4f96-81b1-50ed111c0ce4", "hostname": "CLIENT1", "architecture": "x86"}, "agent": {"id": "0b755aca-0a9a-454a-9800-1979901962a0", "version": "7.2.0", "type": "winlogbeat", "ephemeral_id": "de845cd9-5141-4c92-ad32-27a4518307e9", "hostname": "CLIENT1"}, "ecs": {"version": "1.0.0"}, "winlog": {"api": "wineventlog", "keywords": ["Audit Success"], "version": 1, "channel": "Security", "provider_name": "Microsoft-Windows-Security-Auditing", "process": {"thread": {"id": 60}, "pid": 4}, "record_id": 4712, "task": "Security State Change", "opcode": "Info", "provider_guid": "{54849625-5478-4994-A5BA-3E3B0328C30D}", "event_data": {"PreviousTime": "2019-08-02T10:45:05.142429600Z", "NewTime": "2019-08-02T10:45:04.276000000Z", "ProcessId": "0x5b4", "ProcessName": "C:\\Program Files\\NetTime\\NetTimeService.exe", "SubjectUserSid": "<pseudonym:cd1a3afeeac92cb813605e21e464de7db0ca53fa0190d3a1372a46f60ddd0712>", "SubjectUserName": "<pseudonym:e887f3a09fdddf7c81a563b81f90ed9499d86badaa6173d1aa197a2b544d13b1>", "SubjectDomainName": "WORKGROUP", "SubjectLogonId": "0x3e7"}, "computer_name": "CLIENT1", "event_id": 4616}, "event": {"code": 4616, "action": "Security State Change", "created": "2019-08-02T10:45:05.480Z", "kind": "event"}, "log": {"level": "information"}}
