{"pseudonym": "e887f3a09fdddf7c81a563b81f90ed9499d86badaa6173d1aa197a2b544d13b1", "origin": "gJS8QcC3Jz4aKgTTD8rlegmG+2+noxS1iUG3YV+rWl32+SSDV0g+1bxCogKRnuvzjvBdc9vpp5QHom9V9CunrlD0sAr04b2ukG6CP7qdkPn2D5M3TjYTYTzzn8Kl7QISNEEDfEzKuurB0nyj6LlR7jZjq7KbNIA3kNEeFFjpcCGTwnhfOkydDPwtM6TeR0Jzf26E8f/g5r6aeq9xN978cL8dc+Wzj9egMI5b5ZQ3mwWV/5Jf6iKQKBZk06NJ31nFQYLVKi/G5w6F5eH77/+7paH9z0wOaDElcf1UIvPYp0RC6FzDlXd+hu47+eJ8wL4UBqxgFh4XiPmwbidJDTMkAWexS42OsgBMr66AqC/GHEw="}
{"pseudonym": "cd1a3afeeac92cb813605e21e464de7db0ca53fa0190d3a1372a46f60ddd0712", "origin": "KWRcWcmq7xaxR+DbwaU+QJHOLG49cTK//s0Jz3NvGEHT43V8zyH/vMxiVVOMl1MxSNiEVILMM6q40U3In49niDL/Tr+lwy2rriHgQTZB4YR7IGueyCbfeW2XtuoZEnrhuE96KOipLzJETjkR368lbokHDUL57lPt5ESOfQmoz2pim9/TEOU3LFX+TOVFIUFVzXUTjqvuLCl41Fg4l+vvoyMxz/STylSy/bXZmLhn4bk3eNikiujI0HIyjm203N5KzAf23TE7fxBLhrgh9ZMo+AvmB6EklZm17ZFztZUUtGnFR7EBZxwN5+FHUKtE0TupkCS14JW3YCbhPdfaRQKY+81gyBtQo/H5HJDLXZtA/fc="}
{"@timestamp": "2019-08-02T12:50:01.105Z", "@metadata": {"beat": "winlogbeat", "type": "_doc", "version": "7.2.0", "topic": "wineventlog_raw"}, "log": {"level": "information"}, "message": "The system time was changed.\n\nSubject:\n\tSecurity ID:\t\tS-1-5-18\n\tAccount Name:\t\tCLIENT1$\n\tAccount Domain:\t\tWORKGROUP\n\tLogon ID:\t\t0x3e7\n\nProcess Information:\n\tProcess ID:\t0x5b4\n\tName:\t\tC:\\Program Files\\NetTime\\NetTimeService.exe\n\nPrevious Time:\t\t\u200e2019\u200e-\u200e08\u200e-\u200e02T12:50:01.651275000Z\nNew Time:\t\t\u200e2019\u200e-\u200e08\u200e-\u200e02T12:50:01.105000000Z\n\nThis event is generated when the system time is changed. It is normal for the Windows Time Service, which runs with System privilege, to change the system time on a regular basis. Other system time changes may be indicative of attempts to tamper with the computer.", "winlog": {"event_id": 4616, "task": "Security State Change", "computer_name": "CLIENT1", "keywords": ["Audit Success"], "provider_guid": "{54849625-5478-4994-A5BA-3E3B0328C30D}", "process": {"pid": 4, "thread": {"id": 60}}, "api": "wineventlog", "version": 1, "event_data": {"SubjectUserSid": "<pseudonym:cd1a3afeeac92cb813605e21e464de7db0ca53fa0190d3a1372a46f60ddd0712>", "SubjectUserName": "<pseudonym:e887f3a09fdddf7c81a563b81f90ed9499d86badaa6173d1aa197a2b544d13b1>", "SubjectDomainName": "WORKGROUP", "SubjectLogonId": "0x3e7", "PreviousTime": "2019-08-02T12:50:01.651275000Z", "NewTime": "2019-08-02T12:50:01.105000000Z", "ProcessId": "0x5b4", "ProcessName": "C:\\Program Files\\NetTime\\NetTimeService.exe"}, "opcode": "Info", "provider_name": "Microsoft-Windows-Security-Auditing", "record_id": 4741, "channel": "Security"}, "ecs": {"version": "1.0.0"}, "host": {"architecture": "x86", "os": {"build": "7601.0", "platform": "windows", "version": "6.1", "family": "windows", "name": "Windows 7 Professional", "kernel": "6.1.7601.18741 (win7sp1_gdr.150202-1526)"}, "id": "19fc45ac-5890-4f96-81b1-50ed111c0ce4", "name": "CLIENT1", "hostname": "CLIENT1"}, "agent": {"id": "0b755aca-0a9a-454a-9800-1979901962a0", "version": "7.2.0", "type": "winlogbeat", "ephemeral_id": "de845cd9-5141-4c92-ad32-27a4518307e9", "hostname": "CLIENT1"}, "event": {"created": "2019-08-02T12:50:02.113Z", "kind": "event", "code": 4616, "action": "Security State Change"}}
{"pseudonym": "e887f3a09fdddf7c81a563b81f90ed9499d86badaa6173d1aa197a2b544d13b1", "origin": "odQpNJgvCetirp9zjGRFuqnxTB/PCQ1OzrAGtlh+pFrtQvi9Jk6WORhaaNCAO/5LJwxSmVM6fo3iZAiSYa1pyGMU9514gsrWViwX6k1yO4BH8SeKBxgJXBo1Xw9g01jCCSzi1La/zG+G0nhees+KaOtr22oN4x06yXT4zQM5xE+x7NkMmekFNK6YzlzhCslTWF+5B6UqYRFiM1YM2LECGsqMh6FynvpouWOuR2W6c87IdkLmDXjLj+b1ot24pfdAAQ0vXgXS5IOTVDkrK5/dHywFps/7shOCugWWnwPjQ8Az8NuKjGwaX6V0lKkm7mApSWd40F4QSxFUGgvdpv3kr9IxIlezqHnO5FQhhAvXaho="}
{"pseudonym": "cd1a3afeeac92cb813605e21e464de7db0ca53fa0190d3a1372a46f60ddd0712", "origin": "OxorMAUGKcrOFB+JXCAaY6nHXheygghIVZTmYahBQoa8vYTvUhgLTsEq8lio4IuCwm0HkpqYIchpsOBy+pJsN2RQgjjALmQVuxF5mENZSlk70GxLJeiddV4+/L5o81mR1fELppkEnsQ6D7rL43DTaFMCqDi2i8V4w4iGWiR+Rru5TpEzzP1Dk4HkX2Ik5cqK+WVyZzqLhGzcXTsZ04SvMMT+uXfVa14k5SaN8Dvbh1oT6BVK5PoTHYAc0jZCO43eb0uLlJobbWOpnAzLoVoQWOyXRUuoSKCsXD+HIcZYo03m3tNgh3ROp+HhVoFFtWmmlVuvQ+VCXiFYQANZL+/FUWGYzdSu+lR4oEC6PbsG94k="}
{"@timestamp": "2019-08-02T13:15:02.779Z", "@metadata": {"beat": "winlogbeat", "type": "_doc", "version": "7.2.0", "topic": "wineventlog_raw"}, "message": "The system time was changed.\n\nSubject:\n\tSecurity ID:\t\tS-1-5-18\n\tAccount Name:\t\tCLIENT1$\n\tAccount Domain:\t\tWORKGROUP\n\tLogon ID:\t\t0x3e7\n\nProcess Information:\n\tProcess ID:\t0x5b4\n\tName:\t\tC:\\Program Files\\NetTime\\NetTimeService.exe\n\nPrevious Time:\t\t\u200e2019\u200e-\u200e08\u200e-\u200e02T13:15:02.912100800Z\nNew Time:\t\t\u200e2019\u200e-\u200e08\u200e-\u200e02T13:15:02.779000000Z\n\nThis event is generated when the system time is changed. It is normal for the Windows Time Service, which runs with System privilege, to change the system time on a regular basis. Other system time changes may be indicative of attempts to tamper with the computer.", "winlog": {"task": "Security State Change", "api": "wineventlog", "channel": "Security", "version": 1, "keywords": ["Audit Success"], "provider_name": "Microsoft-Windows-Security-Auditing", "record_id": 4746, "computer_name": "CLIENT1", "provider_guid": "{54849625-5478-4994-A5BA-3E3B0328C30D}", "process": {"thread": {"id": 64}, "pid": 4}, "opcode": "Info", "event_data": {"SubjectUserName": "<pseudonym:e887f3a09fdddf7c81a563b81f90ed9499d86badaa6173d1aa197a2b544d13b1>", "SubjectDomainName": "WORKGROUP", "SubjectLogonId": "0x3e7", "PreviousTime": "2019-08-02T13:15:02.912100800Z", "NewTime": "2019-08-02T13:15:02.779000000Z", "ProcessId": "0x5b4", "ProcessName": "C:\\Program Files\\NetTime\\NetTimeService.exe", "SubjectUserSid": "<pseudonym:cd1a3afeeac92cb813605e21e464de7db0ca53fa0190d3a1372a46f60ddd0712>"}, "event_id": 4616}, "event": {"kind": "event", "code": 4616, "action": "Security State Change", "created": "2019-08-02T13:15:03.780Z"}, "log": {"level": "information"}, "ecs": {"version": "1.0.0"}, "host": {"hostname": "CLIENT1", "architecture": "x86", "os": {"version": "6.1", "family": "windows", "name": "Windows 7 Professional", "kernel": "6.1.7601.18741 (win7sp1_gdr.150202-1526)", "build": "7601.0", "platform": "windows"}, "name": "CLIENT1", "id": "19fc45ac-5890-4f96-81b1-50ed111c0ce4"}, "agent": {"id": "0b755aca-0a9a-454a-9800-1979901962a0", "version": "7.2.0", "type": "winlogbeat", "ephemeral_id": "de845cd9-5141-4c92-ad32-27a4518307e9", "hostname": "CLIENT1"}}
{"pseudonym": "cd1a3afeeac92cb813605e21e464de7db0ca53fa0190d3a1372a46f60ddd0712", "origin": "lqXU270I+Y3OuzU6f6vAfJLBecQyvaPIcCVpECQ+bXHYV6htlPX/LrJI5dBmrIAJTAzeZ+5juRGDBQG5tEnag4zWcJlQ+fdEFZXla70clScAmOCstjtOWcKyt+NlFW/tEbqyhd2N1xyEhX+qbo6nseNm6vJsZAZSAVZYMLUddnRhx7H8NVNuDWw5FJzfYHCnADiJTrBcqQ9QkuhHTf2BXXOt9GT/bx5KPKjqzO6rO1fCiWp/llD9CpHF6J5Ns1A7hieDJIvSskSOgo82F4dS0cMzVNcx9HjKlDi3jvvKit4oFIVKM12s9Tdw1WFwfv35Elq7sfZv4eiiZzuECJoBguJq51waoYjQMKHbGi6+z0g="}
{"@timestamp": "2019-08-02T13:20:03.047Z", "@metadata": {"beat": "winlogbeat", "type": "_doc", "version": "7.2.0", "topic": "wineventlog_raw"}, "ecs": {"version": "1.0.0"}, "host": {"id": "19fc45ac-5890-4f96-81b1-50ed111c0ce4", "name": "CLIENT1", "hostname": "CLIENT1", "architecture": "x86", "os": {"platform": "windows", "version": "6.1", "family": "windows", "name": "Windows 7 Professional", "kernel": "6.1.7601.18741 (win7sp1_gdr.150202-1526)", "build": "7601.0"}}, "agent": {"id": "0b755aca-0a9a-454a-9800-1979901962a0", "version": "7.2.0", "type": "winlogbeat", "ephemeral_id": "de845cd9-5141-4c92-ad32-27a4518307e9", "hostname": "CLIENT1"}, "winlog": {"provider_guid": "{A68CA8B7-004F-D7B6-A698-07E2DE0F1F5D}", "record_id": 11836, "channel": "System", "api": "wineventlog", "computer_name": "CLIENT1", "keywords": ["Time"], "event_data": {"OldTime": "2019-08-02T13:20:03.197842600Z", "NewTime": "2019-08-02T13:20:03.047000000Z"}, "task": "", "event_id": 1, "provider_name": "Microsoft-Windows-Kernel-General", "opcode": "Info", "process": {"pid": 1460, "thread": {"id": 1504}}, "user": {"identifier": "<pseudonym:cd1a3afeeac92cb813605e21e464de7db0ca53fa0190d3a1372a46f60ddd0712>", "name": "SYSTEM", "domain": "NT AUTHORITY", "type": "User"}}, "event": {"created": "2019-08-02T13:20:04.046Z", "kind": "event", "code": 1}, "log": {"level": "information"}, "message": "The system time has changed to \u200e2019\u200e-\u200e08\u200e-\u200e02T13:20:03.047000000Z from \u200e2019\u200e-\u200e08\u200e-\u200e02T13:20:03.197842600Z."}
{"pseudonym": "cd1a3afeeac92cb813605e21e464de7db0ca53fa0190d3a1372a46f60ddd0712", "origin": "K5ye4ptVYjYJ0cOPemo8zolKUUV00gwl4kfAkt0tqOcIuGyzs/YKOA5vdKf1b0UCDjg9vNFkU0a7GSfXZvG01Ltx7FRlP+CMEWS6VJk8ShwUJFWIVWQHnq3SFfR2Tab934AiAFKqwJ2z2bMHVjKVzj9HCwnTgbcf6sZyvzGBBjXa9DONqj4XbYEEMNO6phsteGU6jxwdUXjJgFEecsOtXq0CArH2H2+Jp/mi9F7/J/THn3/467vP6fbKiTY449BqaVLXOE1jpS5sfjjq8NYMeq8a6Wyg2fceU0SnuEFWpzp8zNlHsfJI326BWHAfI2MCZHmprfzpIC1z+MeI/f0Giy0qIxsYjiHQS+d3LbwxJkU="}
{"@timestamp": "2019-08-02T14:35:08.636Z", "@metadata": {"beat": "winlogbeat", "type": "_doc", "version": "7.2.0", "topic": "wineventlog_raw"}, "message": "The system time has changed to \u200e2019\u200e-\u200e08\u200e-\u200e02T14:35:08.636000000Z from \u200e2019\u200e-\u200e08\u200e-\u200e02T14:35:08.768157100Z.", "ecs": {"version": "1.0.0"}, "host": {"name": "CLIENT1", "os": {"name": "Windows 7 Professional", "kernel": "6.1.7601.18741 (win7sp1_gdr.150202-1526)", "build": "7601.0", "platform": "windows", "version": "6.1", "family": "windows"}, "id": "19fc45ac-5890-4f96-81b1-50ed111c0ce4", "hostname": "CLIENT1", "architecture": "x86"}, "agent": {"type": "winlogbeat", "ephemeral_id": "de845cd9-5141-4c92-ad32-27a4518307e9", "hostname": "CLIENT1", "id": "0b755aca-0a9a-454a-9800-1979901962a0", "version": "7.2.0"}, "winlog": {"record_id": 11853, "task": "", "computer_name": "CLIENT1", "keywords": ["Time"], "provider_guid": "{A68CA8B7-004F-D7B6-A698-07E2DE0F1F5D}", "channel": "System", "opcode": "Info", "provider_name": "Microsoft-Windows-Kernel-General", "user": {"identifier": "<pseudonym:cd1a3afeeac92cb813605e21e464de7db0ca53fa0190d3a1372a46f60ddd0712>", "name": "SYSTEM", "domain": "NT AUTHORITY", "type": "User"}, "event_data": {"OldTime": "2019-08-02T14:35:08.768157100Z", "NewTime": "2019-08-02T14:35:08.636000000Z"}, "process": {"pid": 1460, "thread": {"id": 1504}}, "api": "wineventlog", "event_id": 1}, "event": {"kind": "event", "code": 1, "created": "2019-08-02T14:35:10.636Z"}, "log": {"level": "information"}}
{"pseudonym": "f119e812403f34bc9c93a15392e371bd51bfd51f59deda80c5caac2a6f172b3c", "origin": "lh7wbIfVUVbZ6LrS4Jg4qC8ZjBfBz0POEf2bvFtgCxmcdAJxPCTI2AY6mH7sHIPBZgU3UhqKMwJrcEj9Y1opCDLPNjX31N0lmR78ccmVlMVyl8eEnLjBcztFPvk0t49Mg+8Gw26lFsFzdS+bDtaFCR0H8kKlgKtFx/TWgEClRK2lEkSftB8QR24GoE8zuhsyCpwDvKUYX38w3Ar0FRJsRO6LzNxZOuukupGUvuF9+jU8Nk/Umu3swdniYXrNlpKK6HskByO25icgLoNzAwT9IbAwToSzui4DOitdQ0BQUtVgr0ZUFx22iPiFw6pcXPyeXoJRiBMvjDodqFqu637pH/4onOEB0yYLYu2nurWd"}
{"pseudonym": "2246ce99b75c4aebaf0cd5d095e35cdb0cbf0f8adaf28ed864467242b621c30c", "origin": "mA8z+RPUt2fEDh2bbPapz8Z17InfDjHgPPfmxbs3LIkRZiskK5IdNqewQzYNPjA4mdmKhH51k5hrfPVY01sy/27d9X6t3oMBTk3oYegn4YPDt1GX3viahZ9aAjiP2cr/6amTosjQ4dD8CMWeA/ak19M1x1cBCEHz0TG+6ujSL5XsLYRiE5xcTfbtKxQ/kBbKzaGkaT0WvRA1AkolKlzfXBuFmntgWxtywLRGrIxiqRU4cUysjcTAUK5VcMAtF+pJRQZBdTHXIIocz1K14sJ5DSvAB5jEs7y/BZknnNi/VsltQ71xwfFG3blGfM9L7YiVwiBFR4OYx4Cu9EPwyhcx9FofTRgRIUqrhwGjGx8UVNV2iySw2jRzM5dnu/0Fh6BNzMTy1fAU5BsdAb1kLucxSR2fTFZQ"}
{"@timestamp": "2019-07-30T14:37:46.445Z", "@metadata": {"beat": "winlogbeat", "type": "_doc", "version": "7.2.0", "topic": "wineventlog_raw"}, "winlog": {"api": "wineventlog", "record_id": 4637, "process": {"pid": 444, "thread": {"id": 2988}}, "event_id": 4647, "opcode": "Info", "provider_guid": "{54849625-5478-4994-A5BA-3E3B0328C30D}", "channel": "Security", "provider_name": "Microsoft-Windows-Security-Auditing", "task": "Logoff", "event_data": {"TargetUserName": "<pseudonym:f119e812403f34bc9c93a15392e371bd51bfd51f59deda80c5caac2a6f172b3c>", "TargetDomainName": "CLIENT1", "TargetLogonId": "0x1be63", "TargetUserSid": "<pseudonym:2246ce99b75c4aebaf0cd5d095e35cdb0cbf0f8adaf28ed864467242b621c30c>"}, "keywords": ["Audit Success"], "computer_name": "CLIENT1"}, "ecs": {"version": "1.0.0"}, "host": {"name": "CLIENT1", "hostname": "CLIENT1", "architecture": "x86", "os": {"family": "windows", "name": "Windows 7 Professional", "kernel": "6.1.7601.18741 (win7sp1_gdr.150202-1526)", "build": "7601.0", "platform": "windows", "version": "6.1"}, "id": "19fc45ac-5890-4f96-81b1-50ed111c0ce4"}, "agent": {"version": "7.2.0", "type": "winlogbeat", "ephemeral_id": "33f6eec2-a7ba-4caa-97b3-ea43b4f5e172", "hostname": "CLIENT1", "id": "0b755aca-0a9a-454a-9800-1979901962a0"}, "event": {"kind": "event", "code": 4647, "action": "Logoff", "created": "2019-08-05T08:54:03.452Z"}, "log": {"level": "information"}, "message": "User initiated logoff:\n\nSubject:\n\tSecurity ID:\t\tS-1-5-21-1918032094-2382968797-800248713-1000\n\tAccount Name:\t\tbreach\n\tAccount Domain:\t\tCLIENT1\n\tLogon ID:\t\t0x1be63\n\nThis event is generated when a logoff is initiated. No further user-initiated activity can occur. This event can be interpreted as a logoff event."}
{"@timestamp": "2019-08-02T09:46:17.718Z", "@metadata": {"beat": "winlogbeat", "type": "_doc", "version": "7.2.0", "topic": "wineventlog_raw"}, "winlog": {"computer_name": "CLIENT1", "task": "Audit Policy Change", "keywords": ["Audit Success"], "opcode": "Info", "process": {"thread": {"id": 500}, "pid": 448}, "channel": "Security", "record_id": 4642, "api": "wineventlog", "event_data": {"PuaCount": "0", "PuaPolicyId": "0x5e4f"}, "event_id": 4902, "provider_name": "Microsoft-Windows-Security-Auditing", "provider_guid": "{54849625-5478-4994-A5BA-3E3B0328C30D}"}, "event": {"kind": "event", "code": 4902, "action": "Audit Policy Change", "created": "2019-08-05T08:54:03.703Z"}, "log": {"level": "information"}, "message": "The Per-user audit policy table was created.\n\nNumber of Elements:\t0\nPolicy ID:\t0x5e4f", "ecs": {"version": "1.0.0"}, "host": {"name": "CLIENT1", "id": "19fc45ac-5890-4f96-81b1-50ed111c0ce4", "hostname": "CLIENT1", "architecture": "x86", "os": {"version": "6.1", "family": "windows", "name": "Windows 7 Professional", "kernel": "6.1.7601.18741 (win7sp1_gdr.150202-1526)", "build": "7601.0", "platform": "windows"}}, "agent": {"ephemeral_id": "33f6eec2-a7ba-4caa-97b3-ea43b4f5e172", "hostname": "CLIENT1", "id": "0b755aca-0a9a-454a-9800-1979901962a0", "version": "7.2.0", "type": "winlogbeat"}}
{"pseudonym": "e887f3a09fdddf7c81a563b81f90ed9499d86badaa6173d1aa197a2b544d13b1", "origin": "lVFjphPEhiBHDPDuJyJD+Uk7q3Vgx8Q7eDVRegnyyWmKQIEkI0JCfrbebkxIZPgiZLF5rSEdt5phy9Wy+4hDTqkWsfMLt+GagnPl2RbWvji8aioypZ5Wxqu25cn+HMM+qF9xoll+3k3AmJdvrbKKWvKcSgzHkBXQ4LoB84aiJa0hQpLMkPqeeYd3OeFYcSbtS4F59JbOzFUWIk6naCBroM9N+3G59aiRbyxLqK10PbsJHLOoPD1yHrmiyyDDcKbQ+mZG0JXizU7M2cekyTsEkaW/KIpmxnJuje+t3c9ZI+XdvlkgoXozBrFtCrAbDbm1pGoji/paEVCl6n1/IJt1qmiq5jm3N+TOIE77YD8l96k="}
{"pseudonym": "387dddca7f9c9fa71c41295d7790d3bcd791cfe79b2dd4843551dfd0bf47acf2", "origin": "rFVFcDfbeswqPr0P8XAJVPoXl3LyGz1DbCOpKjFt0eCWEL4FuovdkImm1pBbT6Trf+60vLJCtSUAnugxHZFhHN1fefM70nfU0cIbW4bkbja0q1usQNB2QYVLW5qw+uQ/CVqfq64JivAsRDwHOzs1Y51muCRaSnXoSEcWr0EdQVlE+7yMFLjdzzFEoMOeHIRzgq5Qe0cwLE3tsVd0lBPuNnXiKhK5qwgKCb8u7GRTF54EWH+hjKDyaDSw5LOk/dnOfuK0YQWarwXXM1477F6WtVDFpqvevpSRa5WsUYy4pzDri0JWu8MBNORf2SZ9MMAAdpsdn3G23Tq2xkTu7ILAwLxdgHe6Q9vZwyQNcQpO"}
{"pseudonym": "cd1a3afeeac92cb813605e21e464de7db0ca53fa0190d3a1372a46f60ddd0712", "origin": "kzbFHxs6bbv0tKvtFsulQl+6jrUygQKJI/J+CLh1OFPwrj6NaaXm7jFzdz+tNSdvPks935VbBRj/ePPQliW5TaJ3USnD6i/7/pAwr2gMAZyUcB7rzpSDqiy63+TjPfLTXWojcXNkspY3xbGV4G23ss1ERAD3SpCk2LCoCjznpgLCOOxZU+uhxLG1zNbQijZuk3Ou7vU0qHmMuH4r/x/ItprC47z7zLJl/Yz2OHsL/ky3y5HNtneko37vDGYzfKUqjmfAFyaaEwq1RfQCVm8MCkOE60Yy5U4MVal1AJaeg6sJaLsmf8albcq7WFJNkdOmgbXsJjsKxeLihmFjJrbI0Ra2bylr03/brgW0w6TtNWY="}
{"pseudonym": "91d121bc503735a145e0e9869d792d26f6b22784210a0daf5b63840be2abf69a", "origin": "SPYnEU170QvePKt1QQVAyJuv6rf0Pli5GKPNtAG5zM1E46VFPyF+FzbGpNLDY8vibqnlAlLBNLmeHPFX9rjTmYrlJJJQ8kMeRDvRGJEYcfQbWuyCg80wU2ZAhHnpcPwDmHulPf7rWmSvZyngPwNViAro0WqAduDqEMkm3j3kwio8XXNpkkm0Nq+6hBk4MMQWwzMM5R8bcETQkJNHTRS+BJPOc/xKy9wS8ZckffFn5/H2pKFSLNj2T0avyezx3kvUDf5GfH8lKv8LI/QGaxJ+rm/ADEm2vITzSH61x3P02VGdYokCQx2cBSq2td4PTq5/qayzxgn0a9BvXdXypJbzem08jtjk7OwOhQ=="}
{"@timestamp": "2019-08-02T09:46:18.625Z", "@metadata": {"beat": "winlogbeat", "type": "_doc", "version": "7.2.0", "topic": "wineventlog_raw"}, "log": {"level": "information"}, "event": {"type": "authentication_success", "kind": "event", "code": 4624, "action": "Logon", "created": "2019-08-05T08:54:03.703Z", "category": "authentication"}, "process": {"pid": 440, "executable": "C:\\Windows\\System32\\services.exe", "name": "services.exe"}, "host": {"name": "CLIENT1", "hostname": "CLIENT1", "architecture": "x86", "os": {"kernel": "6.1.7601.18741 (win7sp1_gdr.150202-1526)", "build": "7601.0", "platform": "windows", "version": "6.1", "family": "windows", "name": "Windows 7 Professional"}, "id": "19fc45ac-5890-4f96-81b1-50ed111c0ce4"}, "agent": {"version": "7.2.0", "type": "winlogbeat", "ephemeral_id": "33f6eec2-a7ba-4caa-97b3-ea43b4f5e172", "hostname": "CLIENT1", "id": "0b755aca-0a9a-454a-9800-1979901962a0"}, "ecs": {"version": "1.0.0"}, "message": "An account was successfully logged on.\n\nSubject:\n\tSecurity ID:\t\tS-1-5-18\n\tAccount Name:\t\tCLIENT1$\n\tAccount Domain:\t\tWORKGROUP\n\tLogon ID:\t\t0x3e7\n\nLogon Type:\t\t\t5\n\nNew Logon:\n\tSecurity ID:\t\tS-1-5-18\n\tAccount Name:\t\tSYSTEM\n\tAccount Domain:\t\tNT AUTHORITY\n\tLogon ID:\t\t0x3e7\n\tLogon GUID:\t\t{00000000-0000-0000-0000-000000000000}\n\nProcess Information:\n\tProcess ID:\t\t0x1b8\n\tProcess Name:\t\tC:\\Windows\\System32\\services.exe\n\nNetwork Information:\n\tWorkstation Name:\t\n\tSource Network Address:\t-\n\tSource Port:\t\t-\n\nDetailed Authentication Information:\n\tLogon Process:\t\tAdvapi  \n\tAuthentication Package:\tNegotiate\n\tTransited Services:\t-\n\tPackage Name (NTLM only):\t-\n\tKey Length:\t\t0\n\nThis event is generated when a logon session is created. It is generated on the computer that was accessed.\n\nThe subject fields indicate the account on the local system which requested the logon. This is most commonly a service such as the Server service, or a local process such as Winlogon.exe or Services.exe.\n\nThe logon type field indicates the kind of logon that occurred. The most common types are 2 (interactive) and 3 (network).\n\nThe New Logon fields indicate the account for whom the new logon was created, i.e. the account that was logged on.\n\nThe network fields indicate where a remote logon request originated. Workstation name is not always available and may be left blank in some cases.\n\nThe authentication information fields provide detailed information about this specific logon request.\n\t- Logon GUID is a unique identifier that can be used to correlate this event with a KDC event.\n\t- Transited services indicate which intermediate services have participated in this logon request.\n\t- Package name indicates which sub-protocol was used among the NTLM protocols.\n\t- Key length indicates the length of the generated session key. This will be 0 if no session key was requested.", "winlog": {"computer_name": "CLIENT1", "event_data": {"SubjectUserSid": "<pseudonym:cd1a3afeeac92cb813605e21e464de7db0ca53fa0190d3a1372a46f60ddd0712>", "KeyLength": "0", "LogonGuid": "{00000000-0000-0000-0000-000000000000}", "AuthenticationPackageName": "Negotiate", "SubjectDomainName": "WORKGROUP", "TargetLogonId": "0x3e7", "TransmittedServices": "-", "LmPackageName": "-", "SubjectUserName": "<pseudonym:e887f3a09fdddf7c81a563b81f90ed9499d86badaa6173d1aa197a2b544d13b1>", "LogonType": "5", "LogonProcessName": "Advapi  ", "SubjectLogonId": "0x3e7", "IpAddress": "<pseudonym:91d121bc503735a145e0e9869d792d26f6b22784210a0daf5b63840be2abf69a>", "IpPort": "-"}, "event_id": 4624, "provider_name": "Microsoft-Windows-Security-Auditing", "api": "wineventlog", "task": "Logon", "opcode": "Info", "keywords": ["Audit Success"], "process": {"pid": 448, "thread": {"id": 504}}, "channel": "Security", "provider_guid": "{54849625-5478-4994-A5BA-3E3B0328C30D}", "record_id": 4643}, "user": {"domain": "NT AUTHORITY", "id": "S-1-5-18", "name": "<pseudonym:387dddca7f9c9fa71c41295d7790d3bcd791cfe79b2dd4843551dfd0bf47acf2>"}}
{"pseudonym": "387dddca7f9c9fa71c41295d7790d3bcd791cfe79b2dd4843551dfd0bf47acf2", "origin": "m4q302z6VKZSyjNeRsLzpKA7vQ4G7lILNw/aI4xeppCa3k3EpltF6k3CKdXFN0HKvaVTDSPoT7wVr1oGpR5SBIJ5aR2e0Z0LVqaCy7fdxTsrInuAv8sSVLXHMbUD+RXrd9iZZWZ3Z4QJeAeXLDfzQRewUFhwaSrTLS3H1xOc9Xq1I5m6hZu/h5Jx+LFTQCrUy172//bh4UQ6qJvgd5YpWAA/ASXLP8r69/R3rEDcy7qgZ2wpDe+f0uKXBSUO1lFPjR/UI9giDQPZr4TIDQ8l0Jsr1jhybm68WAezZ3ENNbamNte/ei1uBgZIVO65/eMxZOXcmK+GF5mpOotRq8c3zdPKZ+ec0yQuLsqgTwRm"}
{"pseudonym": "cd1a3afeeac92cb813605e21e464de7db0ca53fa0190d3a1372a46f60ddd0712", "origin": "WMFZixKc83zKP3I7Y3UmKXoal7NH8GpbRGILE1BryzunUBKvCcfcQQJucZc4+iJBUjol51YrL1n4gU5KK/TfdaMbQttt/fmvdrjXwCCw+oxzoQ8ubmbrli9r7cumc0ocSJtY6Zk7iR0uhZyFjbsk/RVElyV6iJIBUY8hGM37uD9ub7/dqj4OhzjABri0k4HiuyRqNnvuR6RFsx6Imm++02kV72URZVD0DhB5Gw5qm4IZM5YMFDEy5VFfUvpELQ6lfBeoMNhshZSTWyxLcLZC+tnWKs9QiNxsXLopw4gAiA3Xw1h5Oy40BGbOH0ZMphb4LyAy+lj27Lt8fXD3lvZe+LzJmcCf6l559Qo8TXgRUL8="}
{"@timestamp": "2019-08-02T09:46:20.531Z", "@metadata": {"beat": "winlogbeat", "type": "_doc", "version": "7.2.0", "topic": "wineventlog_raw"}, "winlog": {"event_data": {"PrivilegeList": "SeAssignPrimaryTokenPrivilege\n\t\t\tSeTcbPrivilege\n\t\t\tSeSecurityPrivilege\n\t\t\tSeTakeOwnershipPrivilege\n\t\t\tSeLoadDriverPrivilege\n\t\t\tSeBackupPrivilege\n\t\t\tSeRestorePrivilege\n\t\t\tSeDebugPrivilege\n\t\t\tSeAuditPrivilege\n\t\t\tSeSystemEnvironmentPrivilege\n\t\t\tSeImpersonatePrivilege", "SubjectUserSid": "<pseudonym:cd1a3afeeac92cb813605e21e464de7db0ca53fa0190d3a1372a46f60ddd0712>", "SubjectUserName": "<pseudonym:387dddca7f9c9fa71c41295d7790d3bcd791cfe79b2dd4843551dfd0bf47acf2>", "SubjectDomainName": "NT AUTHORITY", "SubjectLogonId": "0x3e7"}, "api": "wineventlog", "provider_guid": "{54849625-5478-4994-A5BA-3E3B0328C30D}", "keywords": ["Audit Success"], "process": {"thread": {"id": 504}, "pid": 448}, "channel": "Security", "event_id": 4672, "record_id": 4650, "provider_name": "Microsoft-Windows-Security-Auditing", "task": "Special Logon", "computer_name": "CLIENT1", "opcode": "Info"}, "event": {"action": "Special Logon", "created": "2019-08-05T08:54:03.703Z", "kind": "event", "code": 4672}, "log": {"level": "information"}, "message": "Special privileges assigned to new logon.\n\nSubject:\n\tSecurity ID:\t\tS-1-5-18\n\tAccount Name:\t\tSYSTEM\n\tAccount Domain:\t\tNT AUTHORITY\n\tLogon ID:\t\t0x3e7\n\nPrivileges:\t\tSeAssignPrimaryTokenPrivilege\n\t\t\tSeTcbPrivilege\n\t\t\tSeSecurityPrivilege\n\t\t\tSeTakeOwnershipPrivilege\n\t\t\tSeLoadDriverPrivilege\n\t\t\tSeBackupPrivilege\n\t\t\tSeRestorePrivilege\n\t\t\tSeDebugPrivilege\n\t\t\tSeAuditPrivilege\n\t\t\tSeSystemEnvironmentPrivilege\n\t\t\tSeImpersonatePrivilege", "ecs": {"version": "1.0.0"}, "host": {"name": "CLIENT1", "hostname": "CLIENT1", "architecture": "x86", "os": {"name": "Windows 7 Professional", "kernel": "6.1.7601.18741 (win7sp1_gdr.150202-1526)", "build": "7601.0", "platform": "windows", "version": "6.1", "family": "windows"}, "id": "19fc45ac-5890-4f96-81b1-50ed111c0ce4"}, "agent": {"version": "7.2.0", "type": "winlogbeat", "ephemeral_id": "33f6eec2-a7ba-4caa-97b3-ea43b4f5e172", "hostname": "CLIENT1", "id": "0b755aca-0a9a-454a-9800-1979901962a0"}}
{"@timestamp": "2019-07-30T14:38:16.227Z", "@metadata": {"beat": "winlogbeat", "type": "_doc", "version": "7.2.0", "topic": "wineventlog_raw"}, "message": "The Windows Management Instrumentation service entered the stopped state.", "ecs": {"version": "1.0.0"}, "host": {"architecture": "x86", "os": {"family": "windows", "name": "Windows 7 Professional", "kernel": "6.1.7601.18741 (win7sp1_gdr.150202-1526)", "build": "7601.0", "platform": "windows", "version": "6.1"}, "id": "19fc45ac-5890-4f96-81b1-50ed111c0ce4", "name": "CLIENT1", "hostname": "CLIENT1"}, "agent": {"ephemeral_id": "33f6eec2-a7ba-4caa-97b3-ea43b4f5e172", "hostname": "CLIENT1", "id": "0b755aca-0a9a-454a-9800-1979901962a0", "version": "7.2.0", "type": "winlogbeat"}, "winlog": {"channel": "System", "process": {"thread": {"id": 2808}, "pid": 436}, "provider_guid": "{555908d1-a6d7-4695-8e1e-26931d2012f4}", "event_id": 7036, "computer_name": "CLIENT1", "record_id": 11579, "task": "", "keywords": ["Classic"], "event_data": {"param1": "Windows Management Instrumentation", "param2": "stopped", "Binary": "570069006E006D0067006D0074002F0031000000"}, "provider_name": "Service Control Manager", "api": "wineventlog"}, "event": {"kind": "event", "code": 7036, "created": "2019-08-05T08:54:04.777Z"}, "log": {"level": "information"}}
{"@timestamp": "2019-08-02T09:46:23.531Z", "@metadata": {"beat": "winlogbeat", "type": "_doc", "version": "7.2.0", "topic": "wineventlog_raw"}, "winlog": {"task": "", "provider_name": "Service Control Manager", "computer_name": "CLIENT1", "keywords": ["Classic"], "process": {"pid": 440, "thread": {"id": 520}}, "channel": "System", "record_id": 11600, "api": "wineventlog", "provider_guid": "{555908d1-a6d7-4695-8e1e-26931d2012f4}", "event_id": 7036, "event_data": {"param1": "Themes", "param2": "running", "Binary": "5400680065006D00650073002F0034000000"}}, "event": {"kind": "event", "code": 7036, "created": "2019-08-05T08:54:04.777Z"}, "log": {"level": "information"}, "message": "The Themes service entered the running state.", "ecs": {"version": "1.0.0"}, "host": {"name": "CLIENT1", "id": "19fc45ac-5890-4f96-81b1-50ed111c0ce4", "hostname": "CLIENT1", "architecture": "x86", "os": {"version": "6.1", "family": "windows", "name": "Windows 7 Professional", "kernel": "6.1.7601.18741 (win7sp1_gdr.150202-1526)", "build": "7601.0", "platform": "windows"}}, "agent": {"type": "winlogbeat", "ephemeral_id": "33f6eec2-a7ba-4caa-97b3-ea43b4f5e172", "hostname": "CLIENT1", "id": "0b755aca-0a9a-454a-9800-1979901962a0", "version": "7.2.0"}}
{"@timestamp": "2019-08-02T09:46:39.687Z", "@metadata": {"beat": "winlogbeat", "type": "_doc", "version": "7.2.0", "topic": "wineventlog_raw"}, "agent": {"type": "winlogbeat", "ephemeral_id": "33f6eec2-a7ba-4caa-97b3-ea43b4f5e172", "hostname": "CLIENT1", "id": "0b755aca-0a9a-454a-9800-1979901962a0", "version": "7.2.0"}, "message": "The IKE and AuthIP IPsec Keying Modules service entered the running state.", "winlog": {"event_data": {"param2": "running", "Binary": "49004B0045004500580054002F0034000000", "param1": "IKE and AuthIP IPsec Keying Modules"}, "channel": "System", "record_id": 11624, "process": {"pid": 440, "thread": {"id": 524}}, "provider_name": "Service Control Manager", "computer_name": "CLIENT1", "task": "", "provider_guid": "{555908d1-a6d7-4695-8e1e-26931d2012f4}", "event_id": 7036, "keywords": ["Classic"], "api": "wineventlog"}, "event": {"kind": "event", "code": 7036, "created": "2019-08-05T08:54:04.777Z"}, "log": {"level": "information"}, "ecs": {"version": "1.0.0"}, "host": {"architecture": "x86", "name": "CLIENT1", "os": {"family": "windows", "name": "Windows 7 Professional", "kernel": "6.1.7601.18741 (win7sp1_gdr.150202-1526)", "build": "7601.0", "platform": "windows", "version": "6.1"}, "id": "19fc45ac-5890-4f96-81b1-50ed111c0ce4", "hostname": "CLIENT1"}}
{"pseudonym": "cd1a3afeeac92cb813605e21e464de7db0ca53fa0190d3a1372a46f60ddd0712", "origin": "iy7cofbz/daHrSdnCWe97cUTJmECL78nltTE3Eb4bNvKokdgRgHNHoFx2uYv+QhXtvtQJ0Ew3PlhCtUVNQrgs5gkgFXkGBYTQA79YXRzqsSjw3pqF/3pkzgyTY0UM5+9TILYsZCE/DWaAcKPFwYvCFzHrf1vCE9CPXmxJE1IX6qYdA6ux6MrnO5B9NFbnkS1qLi1NIs8svl0ojQg14CxiaVgpddLAl0gdP7y/DVGszBOyMXhaeH/CQgsNbIMPweZy2aJgwWRhQ2jCkDN7mzQem89dRkORoCKkxLLj6DJZ6k8IgCMb/hGnA2hCsK6gp5vU3LWuMk3nhcataZ6hjG9orpX1cYO8B/nSF6iR6PJB5w="}
{"@timestamp": "2019-08-05T08:52:54.484Z", "@metadata": {"beat": "winlogbeat", "type": "_doc", "version": "7.2.0", "topic": "wineventlog_raw"}, "event": {"kind": "event", "code": 26, "created": "2019-08-05T08:54:04.922Z"}, "log": {"level": "information"}, "message": "Processor 0 in group 0 exposes the following:\n\n1 idle state(s)\n0 performance state(s)\n0 throttle state(s)", "agent": {"hostname": "CLIENT1", "id": "0b755aca-0a9a-454a-9800-1979901962a0", "version": "7.2.0", "type": "winlogbeat", "ephemeral_id": "33f6eec2-a7ba-4caa-97b3-ea43b4f5e172"}, "ecs": {"version": "1.0.0"}, "host": {"os": {"version": "6.1", "family": "windows", "name": "Windows 7 Professional", "kernel": "6.1.7601.18741 (win7sp1_gdr.150202-1526)", "build": "7601.0", "platform": "windows"}, "id": "19fc45ac-5890-4f96-81b1-50ed111c0ce4", "hostname": "CLIENT1", "architecture": "x86", "name": "CLIENT1"}, "winlog": {"record_id": 11703, "user": {"name": "SYSTEM", "domain": "NT AUTHORITY", "type": "User", "identifier": "<pseudonym:cd1a3afeeac92cb813605e21e464de7db0ca53fa0190d3a1372a46f60ddd0712>"}, "provider_name": "Microsoft-Windows-Kernel-Processor-Power", "api": "wineventlog", "event_data": {"IdleStateCount": "1", "PerfStateCount": "0", "ThrottleStateCount": "0", "IdleState": "01", "Group": "0", "Number": "0"}, "computer_name": "CLIENT1", "opcode": "Info", "process": {"thread": {"id": 60}, "pid": 4}, "event_id": 26, "provider_guid": "{0F67E49F-FE51-4E9F-B490-6F2948CC6027}", "channel": "System", "task": ""}}
{"@timestamp": "2019-08-05T08:53:33.546Z", "@metadata": {"beat": "winlogbeat", "type": "_doc", "version": "7.2.0", "topic": "wineventlog_raw"}, "host": {"name": "CLIENT1", "hostname": "CLIENT1", "architecture": "x86", "os": {"platform": "windows", "version": "6.1", "family": "windows", "name": "Windows 7 Professional", "kernel": "6.1.7601.18741 (win7sp1_gdr.150202-1526)", "build": "7601.0"}, "id": "19fc45ac-5890-4f96-81b1-50ed111c0ce4"}, "agent": {"hostname": "CLIENT1", "id": "0b755aca-0a9a-454a-9800-1979901962a0", "version": "7.2.0", "type": "winlogbeat", "ephemeral_id": "33f6eec2-a7ba-4caa-97b3-ea43b4f5e172"}, "winlog": {"provider_name": "Service Control Manager", "api": "wineventlog", "event_data": {"Binary": "530045004E0053002F0034000000", "param1": "System Event Notification Service", "param2": "running"}, "channel": "System", "task": "", "provider_guid": "{555908d1-a6d7-4695-8e1e-26931d2012f4}", "process": {"thread": {"id": 516}, "pid": 436}, "event_id": 7036, "record_id": 11720, "computer_name": "CLIENT1", "keywords": ["Classic"]}, "event": {"created": "2019-08-05T08:54:04.923Z", "kind": "event", "code": 7036}, "log": {"level": "information"}, "message": "The System Event Notification Service service entered the running state.", "ecs": {"version": "1.0.0"}}
{"@timestamp": "2019-08-05T08:53:33.656Z", "@metadata": {"beat": "winlogbeat", "type": "_doc", "version": "7.2.0", "topic": "wineventlog_raw"}, "winlog": {"event_data": {"param1": "Desktop Window Manager Session Manager", "param2": "running", "Binary": "5500780053006D0073002F0034000000"}, "channel": "System", "record_id": 11721, "event_id": 7036, "task": "", "api": "wineventlog", "computer_name": "CLIENT1", "provider_guid": "{555908d1-a6d7-4695-8e1e-26931d2012f4}", "provider_name": "Service Control Manager", "keywords": ["Classic"], "process": {"pid": 436, "thread": {"id": 516}}}, "event": {"kind": "event", "code": 7036, "created": "2019-08-05T08:54:04.923Z"}, "log": {"level": "information"}, "message": "The Desktop Window Manager Session Manager service entered the running state.", "host": {"os": {"name": "Windows 7 Professional", "kernel": "6.1.7601.18741 (win7sp1_gdr.150202-1526)", "build": "7601.0", "platform": "windows", "version": "6.1", "family": "windows"}, "id": "19fc45ac-5890-4f96-81b1-50ed111c0ce4", "name": "CLIENT1", "hostname": "CLIENT1", "architecture": "x86"}, "agent": {"hostname": "CLIENT1", "id": "0b755aca-0a9a-454a-9800-1979901962a0", "version": "7.2.0", "type": "winlogbeat", "ephemeral_id": "33f6eec2-a7ba-4caa-97b3-ea43b4f5e172"}, "ecs": {"version": "1.0.0"}}
{"pseudonym": "cd1a3afeeac92cb813605e21e464de7db0ca53fa0190d3a1372a46f60ddd0712", "origin": "I5eqmUoMtoiqhvIbav7JtYwqoFy7iVUE0MD8MRP2EPFqiXrnSXC9CP6ovrCQjBP5rN9qY5FqGbhzYxPfXI+vJ8WrlVB6Ak5iXkXUca8xq+/eVjp1IAqIfeeJM0ZCG4AEqIKMhq7wN84116PfecMnrxa+iotxmuCyya4SFfZuJDzVWJZlsaAyaZpGezLSD9Cw/XOU6pQkdG6LaS0naJNM1+YDH1Ohr8+7Pb9RYB5sJPHEfUmXALwd48Fpu/yRLjIFVqgr0KTyt+f5rBZ2WyYtoBh0m1tkgcdvLR8e990+Xkgbx6j6kTuLeqUypdmLFHqkBpHQn2ZysYHDOEshnvla+8xdTM77S9acnEQ88kgkSGE="}
{"@timestamp": "2019-08-02T09:46:52.902Z", "@metadata": {"beat": "winlogbeat", "type": "_doc", "version": "7.2.0", "topic": "wineventlog_raw"}, "ecs": {"version": "1.0.0"}, "message": "Windows Management Instrumentation Service started sucessfully", "winlog": {"process": {"pid": 772, "thread": {"id": 1620}}, "channel": "Application", "event_id": 5615, "record_id": 2905, "opcode": "Info", "provider_guid": "{1EDEEE53-0AFE-4609-B846-D8C0B2075B1F}", "version": 2, "user": {"identifier": "<pseudonym:cd1a3afeeac92cb813605e21e464de7db0ca53fa0190d3a1372a46f60ddd0712>", "name": "SYSTEM", "domain": "NT AUTHORITY", "type": "User"}, "task": "", "api": "wineventlog", "provider_name": "Microsoft-Windows-WMI", "computer_name": "CLIENT1"}, "event": {"kind": "event", "code": 5615, "created": "2019-08-05T08:54:06.439Z"}, "log": {"level": "information"}, "host": {"os": {"platform": "windows", "version": "6.1", "family": "windows", "name": "Windows 7 Professional", "kernel": "6.1.7601.18741 (win7sp1_gdr.150202-1526)", "build": "7601.0"}, "name": "CLIENT1", "id": "19fc45ac-5890-4f96-81b1-50ed111c0ce4", "hostname": "CLIENT1", "architecture": "x86"}, "agent": {"version": "7.2.0", "type": "winlogbeat", "ephemeral_id": "33f6eec2-a7ba-4caa-97b3-ea43b4f5e172", "hostname": "CLIENT1", "id": "0b755aca-0a9a-454a-9800-1979901962a0"}}
{"@timestamp": "2019-08-05T08:54:07.906Z", "@metadata": {"beat": "winlogbeat", "type": "_doc", "version": "7.2.0", "topic": "wineventlog_raw"}, "host": {"architecture": "x86", "os": {"platform": "windows", "version": "6.1", "family": "windows", "name": "Windows 7 Professional", "kernel": "6.1.7601.18741 (win7sp1_gdr.150202-1526)", "build": "7601.0"}, "name": "CLIENT1", "id": "19fc45ac-5890-4f96-81b1-50ed111c0ce4", "hostname": "CLIENT1"}, "agent": {"version": "7.2.0", "type": "winlogbeat", "ephemeral_id": "33f6eec2-a7ba-4caa-97b3-ea43b4f5e172", "hostname": "CLIENT1", "id": "0b755aca-0a9a-454a-9800-1979901962a0"}, "winlog": {"channel": "System", "process": {"pid": 436, "thread": {"id": 1760}}, "record_id": 11753, "task": "", "computer_name": "CLIENT1", "provider_guid": "{555908d1-a6d7-4695-8e1e-26931d2012f4}", "event_data": {"param1": "IPsec Policy Agent", "param2": "running", "Binary": "50006F006C006900630079004100670065006E0074002F0034000000"}, "keywords": ["Classic"], "event_id": 7036, "provider_name": "Service Control Manager", "api": "wineventlog"}, "event": {"kind": "event", "code": 7036, "created": "2019-08-05T08:54:09.097Z"}, "log": {"level": "information"}, "message": "The IPsec Policy Agent service entered the running state.", "ecs": {"version": "1.0.0"}}
{"@timestamp": "2019-08-05T08:55:44.000Z", "@metadata": {"beat": "winlogbeat", "type": "_doc", "version": "7.2.0", "topic": "wineventlog_raw"}, "host": {"name": "CLIENT1", "id": "19fc45ac-5890-4f96-81b1-50ed111c0ce4", "hostname": "CLIENT1", "architecture": "x86", "os": {"platform": "windows", "version": "6.1", "family": "windows", "name": "Windows 7 Professional", "kernel": "6.1.7601.18741 (win7sp1_gdr.150202-1526)", "build": "7601.0"}}, "agent": {"type": "winlogbeat", "ephemeral_id": "33f6eec2-a7ba-4caa-97b3-ea43b4f5e172", "hostname": "CLIENT1", "id": "0b755aca-0a9a-454a-9800-1979901962a0", "version": "7.2.0"}, "winlog": {"channel": "Application", "event_id": 6000, "computer_name": "CLIENT1", "event_data": {"param1": "SessionEnv", "Binary": "D9060000"}, "provider_guid": "{DBE9B383-7CF3-4331-91CC-A3CB16A3B538}", "provider_name": "Microsoft-Windows-Winlogon", "record_id": 2938, "keywords": ["Classic"], "task": "", "api": "wineventlog"}, "event": {"kind": "event", "code": 6000, "created": "2019-08-05T08:55:44.764Z"}, "log": {"level": "information"}, "message": "The winlogon notification subscriber <SessionEnv> was unavailable to handle a notification event.", "ecs": {"version": "1.0.0"}}
{"@timestamp": "2019-08-05T08:55:54.000Z", "@metadata": {"beat": "winlogbeat", "type": "_doc", "version": "7.2.0", "topic": "wineventlog_raw"}, "winlog": {"event_data": {"param1": "Windows", "param2": "1524", "param3": "Windows: "}, "record_id": 2941, "channel": "Application", "event_id": 300, "provider_name": "ESENT", "keywords": ["Classic"], "opcode": "Info", "computer_name": "CLIENT1", "task": "Logging/Recovery", "api": "wineventlog"}, "event": {"created": "2019-08-05T08:55:54.800Z", "kind": "event", "code": 300, "action": "Logging/Recovery"}, "log": {"level": "information"}, "message": "Windows (1524) Windows: The database engine is initiating recovery steps.", "ecs": {"version": "1.0.0"}, "host": {"name": "CLIENT1", "id": "19fc45ac-5890-4f96-81b1-50ed111c0ce4", "hostname": "CLIENT1", "architecture": "x86", "os": {"build": "7601.0", "platform": "windows", "version": "6.1", "family": "windows", "name": "Windows 7 Professional", "kernel": "6.1.7601.18741 (win7sp1_gdr.150202-1526)"}}, "agent": {"id": "0b755aca-0a9a-454a-9800-1979901962a0", "version": "7.2.0", "type": "winlogbeat", "ephemeral_id": "33f6eec2-a7ba-4caa-97b3-ea43b4f5e172", "hostname": "CLIENT1"}}
{"@timestamp": "2019-08-05T08:56:07.417Z", "@metadata": {"beat": "winlogbeat", "type": "_doc", "version": "7.2.0", "topic": "wineventlog_raw"}, "event": {"code": 7036, "created": "2019-08-05T08:56:09.556Z", "kind": "event"}, "log": {"level": "information"}, "message": "The Microsoft .NET Framework NGEN v4.0.30319_X86 service entered the running state.", "winlog": {"keywords": ["Classic"], "provider_name": "Service Control Manager", "computer_name": "CLIENT1", "event_data": {"param2": "running", "Binary": "63006C0072005F006F007000740069006D0069007A006100740069006F006E005F00760034002E0030002E00330030003300310039005F00330032002F0034000000", "param1": "Microsoft .NET Framework NGEN v4.0.30319_X86"}, "record_id": 11765, "task": "", "channel": "System", "api": "wineventlog", "process": {"pid": 436, "thread": {"id": 1760}}, "event_id": 7036, "provider_guid": "{555908d1-a6d7-4695-8e1e-26931d2012f4}"}, "ecs": {"version": "1.0.0"}, "host": {"name": "CLIENT1", "hostname": "CLIENT1", "architecture": "x86", "os": {"platform": "windows", "version": "6.1", "family": "windows", "name": "Windows 7 Professional", "kernel": "6.1.7601.18741 (win7sp1_gdr.150202-1526)", "build": "7601.0"}, "id": "19fc45ac-5890-4f96-81b1-50ed111c0ce4"}, "agent": {"hostname": "CLIENT1", "id": "0b755aca-0a9a-454a-9800-1979901962a0", "version": "7.2.0", "type": "winlogbeat", "ephemeral_id": "33f6eec2-a7ba-4caa-97b3-ea43b4f5e172"}}
{"@timestamp": "2019-08-05T08:56:07.417Z", "@metadata": {"beat": "winlogbeat", "type": "_doc", "version": "7.2.0", "topic": "wineventlog_raw"}, "winlog": {"task": "", "provider_guid": "{555908d1-a6d7-4695-8e1e-26931d2012f4}", "api": "wineventlog", "event_data": {"param1": "Microsoft .NET Framework NGEN v4.0.30319_X86", "param2": "stopped", "Binary": "63006C0072005F006F007000740069006D0069007A006100740069006F006E005F00760034002E0030002E00330030003300310039005F00330032002F0031000000"}, "channel": "System", "record_id": 11766, "keywords": ["Classic"], "event_id": 7036, "provider_name": "Service Control Manager", "computer_name": "CLIENT1", "process": {"pid": 436, "thread": {"id": 1760}}}, "event": {"kind": "event", "code": 7036, "created": "2019-08-05T08:56:09.556Z"}, "log": {"level": "information"}, "message": "The Microsoft .NET Framework NGEN v4.0.30319_X86 service entered the stopped state.", "host": {"name": "CLIENT1", "os": {"build": "7601.0", "platform": "windows", "version": "6.1", "family": "windows", "name": "Windows 7 Professional", "kernel": "6.1.7601.18741 (win7sp1_gdr.150202-1526)"}, "id": "19fc45ac-5890-4f96-81b1-50ed111c0ce4", "hostname": "CLIENT1", "architecture": "x86"}, "agent": {"id": "0b755aca-0a9a-454a-9800-1979901962a0", "version": "7.2.0", "type": "winlogbeat", "ephemeral_id": "33f6eec2-a7ba-4caa-97b3-ea43b4f5e172", "hostname": "CLIENT1"}, "ecs": {"version": "1.0.0"}}
{"@timestamp": "2019-08-05T08:56:10.499Z", "@metadata": {"beat": "winlogbeat", "type": "_doc", "version": "7.2.0", "topic": "wineventlog_raw"}, "log": {"level": "information"}, "agent": {"id": "0b755aca-0a9a-454a-9800-1979901962a0", "version": "7.2.0", "type": "winlogbeat", "ephemeral_id": "33f6eec2-a7ba-4caa-97b3-ea43b4f5e172", "hostname": "CLIENT1"}, "ecs": {"version": "1.0.0"}, "host": {"name": "CLIENT1", "architecture": "x86", "os": {"kernel": "6.1.7601.18741 (win7sp1_gdr.150202-1526)", "build": "7601.0", "platform": "windows", "version": "6.1", "family": "windows", "name": "Windows 7 Professional"}, "id": "19fc45ac-5890-4f96-81b1-50ed111c0ce4", "hostname": "CLIENT1"}, "message": "The Windows Defender service entered the running state.", "winlog": {"api": "wineventlog", "channel": "System", "event_id": 7036, "provider_guid": "{555908d1-a6d7-4695-8e1e-26931d2012f4}", "task": "", "computer_name": "CLIENT1", "process": {"pid": 436, "thread": {"id": 1760}}, "record_id": 11768, "keywords": ["Classic"], "event_data": {"Binary": "570069006E0044006500660065006E0064002F0034000000", "param1": "Windows Defender", "param2": "running"}, "provider_name": "Service Control Manager"}, "event": {"kind": "event", "code": 7036, "created": "2019-08-05T08:56:11.564Z"}}
{"pseudonym": "721ee97a0013594c778a3fb491ef5099c0d8a8409174db1192de74509fb8b99a", "origin": "qzan9+nrp8vBssixv4OMheLe9lr11gWK5ZxDVKZUbgTuVPNNdEP8QpyFt86vCqmeXqH6W7d+50B3U/4Zb3v07Agh5CNaVpgdBEwVK+9f+BwJmvX+UYzBUEa1/eijXZiqfOWq8OwZ6j4PeG9fbl3exKoUqjqEpfvw8yAFxXVZbNR21msa3hhTni25HEkfMuYk2fUo70ApC0FLlVGDeTGrlt9EQP0ZXB/RQEENUMID+HtiF7mfxgqpSJ3UfaAaKUjlOo13YoOHzpsIJImjVRds72lzQdmrmp/ldkGo+sEaEeSdSUg4xA6lK5QXwbqpAbqNhXi1N8cBMxyJcRGOqfE4+dSPp2nDZ0FHP73vq5fa/LTJtTgpkg=="}
{"pseudonym": "88300c8916832c3352893b38edeeb13dae715dc9604444fc4d9bdd509aba6c1d", "origin": "taLKsdCU3xnGxMRdkg26sa3wSX3sUY1zmNYunJ3MIcv6u29k6+ZknjxZFEpN5dbzemzeO07PCbhEanxLmHjxo2TsCmfs4F/fZxSQ4YZfu2GwG0foEYROaI9TfJYn7RC8x86IwxlqOC/Kl9tCYJjEG86TBJOtCGdumfo1jDJoaQIPaEbNRMxll7fZUNW2NDZwRB9gJlHaI8rEIlrrz05EZHCQnADdzqzBvNzBXUDz6ahqCgPF2P693Nc5YmPx4hJLEsdNKZFmMgK0XmJBEr7J5qSDoTbSneB9tDSeBQasryV2uM/0YZDs7DGYxE3uynbcDvieBY7nvQ+6g1FzrzSsg3xdls/Dg+k2vmKAxnxrv6g="}
{"@timestamp": "2019-07-30T14:38:14.997Z", "@metadata": {"beat": "winlogbeat", "type": "_doc", "version": "7.2.0", "topic": "wineventlog_raw"}, "message": "The system time was changed.\n\nSubject:\n\tSecurity ID:\t\tS-1-5-19\n\tAccount Name:\t\tLOCAL SERVICE\n\tAccount Domain:\t\tNT AUTHORITY\n\tLogon ID:\t\t0x3e5\n\nProcess Information:\n\tProcess ID:\t0x3a8\n\tName:\t\tC:\\Windows\\System32\\svchost.exe\n\nPrevious Time:\t\t\u200e2019\u200e-\u200e07\u200e-\u200e30T14:38:14.997355200Z\nNew Time:\t\t\u200e2019\u200e-\u200e07\u200e-\u200e30T14:38:14.997000000Z\n\nThis event is generated when the system time is changed. It is normal for the Windows Time Service, which runs with System privilege, to change the system time on a regular basis. Other system time changes may be indicative of attempts to tamper with the computer.", "host": {"name": "CLIENT1", "hostname": "CLIENT1", "architecture": "x86", "os": {"name": "Windows 7 Professional", "kernel": "6.1.7601.18741 (win7sp1_gdr.150202-1526)", "build": "7601.0", "platform": "windows", "version": "6.1", "family": "windows"}, "id": "19fc45ac-5890-4f96-81b1-50ed111c0ce4"}, "agent": {"ephemeral_id": "de845cd9-5141-4c92-ad32-27a4518307e9", "hostname": "CLIENT1", "id": "0b755aca-0a9a-454a-9800-1979901962a0", "version": "7.2.0", "type": "winlogbeat"}, "ecs": {"version": "1.0.0"}, "winlog": {"api": "wineventlog", "opcode": "Info", "event_data": {"SubjectUserName": "<pseudonym:721ee97a0013594c778a3fb491ef5099c0d8a8409174db1192de74509fb8b99a>", "SubjectDomainName": "NT AUTHORITY", "SubjectLogonId": "0x3e5", "PreviousTime": "2019-07-30T14:38:14.997355200Z", "NewTime": "2019-07-30T14:38:14.997000000Z", "ProcessId": "0x3a8", "ProcessName": "C:\\Windows\\System32\\svchost.exe", "SubjectUserSid": "<pseudonym:88300c8916832c3352893b38edeeb13dae715dc9604444fc4d9bdd509aba6c1d>"}, "channel": "Security", "provider_guid": "{54849625-5478-4994-A5BA-3E3B0328C30D}", "process": {"pid": 4, "thread": {"id": 48}}, "event_id": 4616, "record_id": 4639, "task": "Security State Change", "computer_name": "CLIENT1", "keywords": ["Audit Success"], "version": 1, "provider_name": "Microsoft-Windows-Security-Auditing"}, "event": {"code": 4616, "action": "Security State Change", "created": "2019-08-02T09:55:11.925Z", "kind": "event"}, "log": {"level": "information"}}
{"@timestamp": "2019-07-30T14:38:15.180Z", "@metadata": {"beat": "winlogbeat", "type": "_doc", "version": "7.2.0", "topic": "wineventlog_raw"}, "winlog": {"api": "wineventlog", "computer_name": "CLIENT1", "process": {"pid": 436, "thread": {"id": 3216}}, "channel": "System", "event_id": 7036, "record_id": 11576, "provider_name": "Service Control Manager", "task": "", "event_data": {"param1": "IPsec Policy Agent", "param2": "stopped", "Binary": "50006F006C006900630079004100670065006E0074002F0031000000"}, "keywords": ["Classic"], "provider_guid": "{555908d1-a6d7-4695-8e1e-26931d2012f4}"}, "ecs": {"version": "1.0.0"}, "host": {"id": "19fc45ac-5890-4f96-81b1-50ed111c0ce4", "name": "CLIENT1", "hostname": "CLIENT1", "architecture": "x86", "os": {"kernel": "6.1.7601.18741 (win7sp1_gdr.150202-1526)", "build": "7601.0", "platform": "windows", "version": "6.1", "family": "windows", "name": "Windows 7 Professional"}}, "agent": {"hostname": "CLIENT1", "id": "0b755aca-0a9a-454a-9800-1979901962a0", "version": "7.2.0", "type": "winlogbeat", "ephemeral_id": "de845cd9-5141-4c92-ad32-27a4518307e9"}, "event": {"kind": "event", "code": 7036, "created": "2019-08-02T09:55:11.996Z"}, "log": {"level": "information"}, "message": "The IPsec Policy Agent service entered the stopped state."}
{"@timestamp": "2019-07-30T14:38:16.383Z", "@metadata": {"beat": "winlogbeat", "type": "_doc", "version": "7.2.0", "topic": "wineventlog_raw"}, "agent": {"hostname": "CLIENT1", "id": "0b755aca-0a9a-454a-9800-1979901962a0", "version": "7.2.0", "type": "winlogbeat", "ephemeral_id": "de845cd9-5141-4c92-ad32-27a4518307e9"}, "log": {"level": "information"}, "message": "The Security Center service entered the stopped state.", "winlog": {"provider_guid": "{555908d1-a6d7-4695-8e1e-26931d2012f4}", "provider_name": "Service Control Manager", "keywords": ["Classic"], "event_data": {"param2": "stopped", "Binary": "7700730063007300760063002F0031000000", "param1": "Security Center"}, "channel": "System", "event_id": 7036, "record_id": 11581, "process": {"pid": 436, "thread": {"id": 2808}}, "task": "", "api": "wineventlog", "computer_name": "CLIENT1"}, "event": {"created": "2019-08-02T09:55:11.996Z", "kind": "event", "code": 7036}, "ecs": {"version": "1.0.0"}, "host": {"hostname": "CLIENT1", "name": "CLIENT1", "architecture": "x86", "os": {"family": "windows", "name": "Windows 7 Professional", "kernel": "6.1.7601.18741 (win7sp1_gdr.150202-1526)", "build": "7601.0", "platform": "windows", "version": "6.1"}, "id": "19fc45ac-5890-4f96-81b1-50ed111c0ce4"}}
{"pseudonym": "cd1a3afeeac92cb813605e21e464de7db0ca53fa0190d3a1372a46f60ddd0712", "origin": "NvdbGaqjLY6+4NyWDALn2zLLUU+ozxYaKq2ZLsouXMQm+QgWXdpv21Fbd+kmpU/ULJXE+akkl9G2AEpSViQlliYSUlb4f3chdZ/tFfc2e1ey6qyJOnD14DU1uQK3v81WtiM/oieSmIsDzz/mijba6FJFOOoomjs5tRm+skabYTh33hIoC+1t7rcihlvyO5OI4c4g05yCdIn1T3b///p0xMR3fiFd1vga9sCk1NE3XbPi7QanqgQe/abybXF/6P1LW9toGD9tDElhozjoRN2nCqVQPSBXviqiQNm3hhhVh724VfLmxSfK6EwVrjXJmePnCaI9t9yPZJrfePzN9UP7b+Gmm7HT/GciVT6K0aGT8TA="}
{"@timestamp": "2019-08-02T09:46:18.718Z", "@metadata": {"beat": "winlogbeat", "type": "_doc", "version": "7.2.0", "topic": "wineventlog_raw"}, "event": {"kind": "event", "code": 20010, "created": "2019-08-02T09:55:11.997Z"}, "log": {"level": "information"}, "message": "One or more of the Plug and Play service's subsystems has changed state. \n\nPlugPlay install subsystem enabled: 'true' \nPlugPlay caching subsystem enabled: 'true' ", "ecs": {"version": "1.0.0"}, "host": {"name": "CLIENT1", "architecture": "x86", "os": {"build": "7601.0", "platform": "windows", "version": "6.1", "family": "windows", "name": "Windows 7 Professional", "kernel": "6.1.7601.18741 (win7sp1_gdr.150202-1526)"}, "id": "19fc45ac-5890-4f96-81b1-50ed111c0ce4", "hostname": "CLIENT1"}, "agent": {"version": "7.2.0", "type": "winlogbeat", "ephemeral_id": "de845cd9-5141-4c92-ad32-27a4518307e9", "hostname": "CLIENT1", "id": "0b755aca-0a9a-454a-9800-1979901962a0"}, "winlog": {"opcode": "Info", "channel": "System", "provider_name": "Microsoft-Windows-UserPnp", "computer_name": "CLIENT1", "user": {"type": "User", "identifier": "<pseudonym:cd1a3afeeac92cb813605e21e464de7db0ca53fa0190d3a1372a46f60ddd0712>", "name": "SYSTEM", "domain": "NT AUTHORITY"}, "user_data": {"InstallSubsystemState": "true", "CachingSubsystemState": "true", "xml_name": "INFO_PNP_STATE"}, "record_id": 11590, "task": "", "process": {"thread": {"id": 564}, "pid": 548}, "event_id": 20010, "provider_guid": "{96F4A050-7E31-453C-88BE-9634F4E02139}", "api": "wineventlog"}}
