{"pseudonym": "e887f3a09fdddf7c81a563b81f90ed9499d86badaa6173d1aa197a2b544d13b1", "origin": "SqFkjiW1n0QLZjHEgGFfdsSsUdu3Aw9ALfVWrn9+vqLLKAJbPkqwkdUs/Z/ASWyqg9YSXUN6+SbblMxjoyxCBPHBq5u6MZXo3HUITd6EHMS0GUUnCqzT4jJaNzsl1wFfKq+etA4lAU4VtPvYM3yfO3Xr70UAfcpoDHqV51ZYM7dt9YjXMLkMRszMC7kVS7dYzlkWObCJdkDXVyzot1oxlGnuwUYl7d9xlJmblVm1mSf0eMgWCE7upUfjBNUfkyBsLFd+OKlqrBPVQFrVnEtfcz45dvmRzpZLm9fTU/SznPJo4HFtWw1sbWJtqGh8lEekMKe80T9v8k8vjbBXtOxJfyJQ98G9pp9Ea9OIAnZLknY="}
{"pseudonym": "387dddca7f9c9fa71c41295d7790d3bcd791cfe79b2dd4843551dfd0bf47acf2", "origin": "fvUPOS5RAx9uKssPBv5iCP2ReZgxZXR+SVxxsyD7Hs6gbGZdRKlsY3jAzwof46TFIb3QO3TPD9GF0rT6pLWxgc6EQIhI7VknTJlQjnFcxj8vVuhFIOylRlT1yXeruh7TjI7QNaQSB0OULCXanPJ5L5wyYzWDnqEWxJiSBynYNCkGfQ0xG2c1uaBK4cfMSvFWLXqz+1oo0ddgBnq36LBtZRcBdr4rR2LZRDUy3S5pYmR49dBW7O1ti/GElD9oTIAMUzckWf6V0geyDTOZfYghhh7LeQ0ziTcuBaAmKuR83A0mFgcB8c5m+6dX+CrLwTi6UES0bwYS4dhK1dPnzkcHfABo5JfZsJFHyEZcinc/"}
{"pseudonym": "cd1a3afeeac92cb813605e21e464de7db0ca53fa0190d3a1372a46f60ddd0712", "origin": "OeRebx9NaiUmqfJ2E0IyKObohB4QMQaz6MHSaHHGi07cQ6ROoW5gDhwLp6AFlWPUxMMOfRGx/kHnMPi6fb8mCKGxMaw8S68adgZjQL2bwnflJHuHJ2KfjwQE/b0lNyra179Ml7jzFHgW8Bo+OOtd3xfpeSaHLyPaAKP0ZxJ+AR3SW6ALpa4wptjhJw2xMuTOiTPZvpSu18HzR/RamRtzepDUQIny92Lhepif+Vl6mWAqeivDJWqtlusvNs3uR5pgSIu83CGV5adar95IBKAyTpSbeHCKF4yWu4Vs+Rxy46IdpNh3jOPYHvWmcgO/7z8Ce945oSYMCGTFQFvbI9iS5BF3Jwlf69L1l8OYCyA1vWE="}
{"pseudonym": "91d121bc503735a145e0e9869d792d26f6b22784210a0daf5b63840be2abf69a", "origin": "LsdI6zP+0UKGEIM+8VbCibawxX9MV5MDdcPD9E/Vzz8EVgjC+gjVjilnTo2ULWRwAf9MyzboUvf/DY6WTbTc7CGnh75ZnhfestzyWzPYpQqv073sFfroH5ftgtME4L61b20Ol6BW9X4oIyj7qHjfmNN5+7+mjzB5var3fhnXXDQYcbazcWbiGVqTugxTckxRZ5iKU1zPe9mXkd8shPNf4wZS101YZfkq7Ff+rRWBrts15G9BfZK6m763CzPP8rlmLt9XIvY4SybdJWhuB20WIBHL8ZBFHpcZ1qJMF2WWEsbIgwNscjSVRbL1gMsnT+InQY0w6vBAc2BmFhgE9B7bQqRBk/3kBxkQCg=="}
{"@timestamp": "2019-08-02T09:46:39.046Z", "@metadata": {"beat": "winlogbeat", "type": "_doc", "version": "7.2.0", "topic": "wineventlog_raw"}, "agent": {"version": "7.2.0", "type": "winlogbeat", "ephemeral_id": "de845cd9-5141-4c92-ad32-27a4518307e9", "hostname": "CLIENT1", "id": "0b755aca-0a9a-454a-9800-1979901962a0"}, "log": {"level": "information"}, "host": {"name": "CLIENT1", "hostname": "CLIENT1", "architecture": "x86", "os": {"platform": "windows", "version": "6.1", "family": "windows", "name": "Windows 7 Professional", "kernel": "6.1.7601.18741 (win7sp1_gdr.150202-1526)", "build": "7601.0"}, "id": "19fc45ac-5890-4f96-81b1-50ed111c0ce4"}, "winlog": {"computer_name": "CLIENT1", "keywords": ["Audit Success"], "provider_name": "Microsoft-Windows-Security-Auditing", "record_id": 4656, "task": "Logon", "process": {"pid": 448, "thread": {"id": 504}}, "api": "wineventlog", "opcode": "Info", "event_id": 4624, "provider_guid": "{54849625-5478-4994-A5BA-3E3B0328C30D}", "event_data": {"SubjectDomainName": "WORKGROUP", "SubjectLogonId": "0x3e7", "LmPackageName": "-", "KeyLength": "0", "SubjectUserName": "<pseudonym:e887f3a09fdddf7c81a563b81f90ed9499d86badaa6173d1aa197a2b544d13b1>", "TransmittedServices": "-", "IpPort": "-", "LogonProcessName": "Advapi  ", "LogonGuid": "{00000000-0000-0000-0000-000000000000}", "IpAddress": "<pseudonym:91d121bc503735a145e0e9869d792d26f6b22784210a0daf5b63840be2abf69a>", "TargetLogonId": "0x3e7", "AuthenticationPackageName": "Negotiate", "SubjectUserSid": "<pseudonym:cd1a3afeeac92cb813605e21e464de7db0ca53fa0190d3a1372a46f60ddd0712>", "LogonType": "5"}, "channel": "Security"}, "user": {"id": "S-1-5-18", "name": "<pseudonym:387dddca7f9c9fa71c41295d7790d3bcd791cfe79b2dd4843551dfd0bf47acf2>", "domain": "NT AUTHORITY"}, "process": {"pid": 440, "executable": "C:\\Windows\\System32\\services.exe", "name": "services.exe"}, "ecs": {"version": "1.0.0"}, "event": {"category": "authentication", "type": "authentication_success", "code": 4624, "action": "Logon", "created": "2019-08-02T09:55:12.183Z", "kind": "event"}, "message": "An account was successfully logged on.\n\nSubject:\n\tSecurity ID:\t\tS-1-5-18\n\tAccount Name:\t\tCLIENT1$\n\tAccount Domain:\t\tWORKGROUP\n\tLogon ID:\t\t0x3e7\n\nLogon Type:\t\t\t5\n\nNew Logon:\n\tSecurity ID:\t\tS-1-5-18\n\tAccount Name:\t\tSYSTEM\n\tAccount Domain:\t\tNT AUTHORITY\n\tLogon ID:\t\t0x3e7\n\tLogon GUID:\t\t{00000000-0000-0000-0000-000000000000}\n\nProcess Information:\n\tProcess ID:\t\t0x1b8\n\tProcess Name:\t\tC:\\Windows\\System32\\services.exe\n\nNetwork Information:\n\tWorkstation Name:\t\n\tSource Network Address:\t-\n\tSource Port:\t\t-\n\nDetailed Authentication Information:\n\tLogon Process:\t\tAdvapi  \n\tAuthentication Package:\tNegotiate\n\tTransited Services:\t-\n\tPackage Name (NTLM only):\t-\n\tKey Length:\t\t0\n\nThis event is generated when a logon session is created. It is generated on the computer that was accessed.\n\nThe subject fields indicate the account on the local system which requested the logon. This is most commonly a service such as the Server service, or a local process such as Winlogon.exe or Services.exe.\n\nThe logon type field indicates the kind of logon that occurred. The most common types are 2 (interactive) and 3 (network).\n\nThe New Logon fields indicate the account for whom the new logon was created, i.e. the account that was logged on.\n\nThe network fields indicate where a remote logon request originated. Workstation name is not always available and may be left blank in some cases.\n\nThe authentication information fields provide detailed information about this specific logon request.\n\t- Logon GUID is a unique identifier that can be used to correlate this event with a KDC event.\n\t- Transited services indicate which intermediate services have participated in this logon request.\n\t- Package name indicates which sub-protocol was used among the NTLM protocols.\n\t- Key length indicates the length of the generated session key. This will be 0 if no session key was requested."}
{"pseudonym": "91d121bc503735a145e0e9869d792d26f6b22784210a0daf5b63840be2abf69a", "origin": "IYhvADgo/BK6tgrkxmKK0W8M3PXiUaLEO5rKCvvFfZZGXIXn4SE89l8jGR/EWJT5i633YtE6RY0qldoBoTc20TBZriMNHZI+sqJ7jlGV/kcfl3QfA0J7C/MNckzkp7i94dw2gpZ4kq7W7wmanynzkxbXqV0oV9JOErRrlHiuZZppA9JogKvNaiTwsARWPD/OzFzXsil9AOS1LVGHt121NMnQO9gG2qONOvf4D71gVn+8L4heq0Q+QCGqpLLg/pfuM0yCkRe6CSB/52J6/vFZp+A3BegJqMhvKKUZv1Xlz5tmlNnEPRhyayGHU4z/fJhLZD82EimvtksvrzBOElwmoaEU1oo6RK8gHA=="}
{"pseudonym": "387dddca7f9c9fa71c41295d7790d3bcd791cfe79b2dd4843551dfd0bf47acf2", "origin": "GFOydSMRoBCbv5CCS8uuSK3WcspBnYWw6jpSTWf7AWQeCHgpku35TA5y1vBXF1dNxyMPeOLtCBHT3c2O9kgL7ji5fOXK4O1q64jkShP/zZfQU/pQXVe+VswLZasOVCYGGwBD1p9efmpP/wVKh3jNyE8czYGo5ULjUUZ6KY3fMeBWdVoONzPR5Ht/5+U/ZRWCwHztmXVpjhnSsmqtodVydFt9TqpakI7Fkabz6B/nB0aqzNXsvOx+FZD86SfqRhoqxdD5fHkVHyZAed/oBbVWAmOfR9hg+zBLredklAmZeUGwLHTUSUQuS4HQP6MuOVbM5VlN4AYXnPNETPtSMTC74jNQ/deQkHLgMX88B4mo"}
{"pseudonym": "23248c71f7404e59aa79c6213a048486a57db314bcd3c62428d54a30e0d5a409", "origin": "qOdQZaQCcfuoQ0crQ3+2/BghhoRI5JjM/4GWspKFkKKlYdEXZneBylZIFl24mkilEqRFnylyetcmWjwtMzzxwV3CxZ3uGvNTxWXfX0i4k3IAIzvb3HdJ14kfY/t8Lfdlpgpyv62LM/yPWvIyGB7/mMT9y8rDeeRHUPRJNU4l5V3cAovAf8W3EWdSOuKKJX+VML6Qejq6R0KBFA25NoCyle9HFT2hTciIg9yPKsjRMvPH4dFSimYF3drks177n+usQrUYXRYY9PuW6Pjf583VaD7cV2WKpprV1Pn+Y5kLUTbsiVDDL+7ULpCMV6c7Qx3q/q23MyxDPwQB+Bpth4gwCd5SyME0o2r2Rlef17NvnA=="}
{"pseudonym": "91d121bc503735a145e0e9869d792d26f6b22784210a0daf5b63840be2abf69a", "origin": "A0Dg69Ir4w/QN2C3/dX6g7kQoS+Uim+cZ/KcWZ52zd8MJAro8WnNZ+Ihs7AGbdIK6djBi0r317vR8uI3lF5/jCPjmo6dJ5naqedPEFAfavWSltV9d5+JW747EXJTs/FsB15ZPR7W2MZJ7+KWrS/KQ081Tv4xmH4rZzExzmvkgsDpbOkOURxnJM5lcOpoU0n2hMa01GBbv2m2zQBe9NN17+dPE4sPq3v+IpPKTg20URH24NR3d4UEh3rwS2wTl94PDC1W65TFZWooh1XbQwiwpKx45ZEQpeMWMBNMm5N17O9owNECgODn+u9svcnKsKUa1c1DAW+m3f3Ojb8/Fn9a+NzQphPxBVd1tQ=="}
{"@timestamp": "2019-08-02T09:54:52.968Z", "@metadata": {"beat": "winlogbeat", "type": "_doc", "version": "7.2.0", "topic": "wineventlog_raw"}, "user": {"id": "S-1-5-18", "name": "<pseudonym:387dddca7f9c9fa71c41295d7790d3bcd791cfe79b2dd4843551dfd0bf47acf2>", "domain": "NT AUTHORITY"}, "agent": {"ephemeral_id": "de845cd9-5141-4c92-ad32-27a4518307e9", "hostname": "CLIENT1", "id": "0b755aca-0a9a-454a-9800-1979901962a0", "version": "7.2.0", "type": "winlogbeat"}, "ecs": {"version": "1.0.0"}, "source": {"domain": "-"}, "host": {"name": "CLIENT1", "id": "19fc45ac-5890-4f96-81b1-50ed111c0ce4", "hostname": "CLIENT1", "architecture": "x86", "os": {"name": "Windows 7 Professional", "kernel": "6.1.7601.18741 (win7sp1_gdr.150202-1526)", "build": "7601.0", "platform": "windows", "version": "6.1", "family": "windows"}}, "log": {"level": "information"}, "message": "An account was successfully logged on.\n\nSubject:\n\tSecurity ID:\t\tS-1-0-0\n\tAccount Name:\t\t-\n\tAccount Domain:\t\t-\n\tLogon ID:\t\t0x0\n\nLogon Type:\t\t\t0\n\nNew Logon:\n\tSecurity ID:\t\tS-1-5-18\n\tAccount Name:\t\tSYSTEM\n\tAccount Domain:\t\tNT AUTHORITY\n\tLogon ID:\t\t0x3e7\n\tLogon GUID:\t\t{00000000-0000-0000-0000-000000000000}\n\nProcess Information:\n\tProcess ID:\t\t0x4\n\tProcess Name:\t\t\n\nNetwork Information:\n\tWorkstation Name:\t-\n\tSource Network Address:\t-\n\tSource Port:\t\t-\n\nDetailed Authentication Information:\n\tLogon Process:\t\t-\n\tAuthentication Package:\t-\n\tTransited Services:\t-\n\tPackage Name (NTLM only):\t-\n\tKey Length:\t\t0\n\nThis event is generated when a logon session is created. It is generated on the computer that was accessed.\n\nThe subject fields indicate the account on the local system which requested the logon. This is most commonly a service such as the Server service, or a local process such as Winlogon.exe or Services.exe.\n\nThe logon type field indicates the kind of logon that occurred. The most common types are 2 (interactive) and 3 (network).\n\nThe New Logon fields indicate the account for whom the new logon was created, i.e. the account that was logged on.\n\nThe network fields indicate where a remote logon request originated. Workstation name is not always available and may be left blank in some cases.\n\nThe authentication information fields provide detailed information about this specific logon request.\n\t- Logon GUID is a unique identifier that can be used to correlate this event with a KDC event.\n\t- Transited services indicate which intermediate services have participated in this logon request.\n\t- Package name indicates which sub-protocol was used among the NTLM protocols.\n\t- Key length indicates the length of the generated session key. This will be 0 if no session key was requested.", "winlog": {"provider_name": "Microsoft-Windows-Security-Auditing", "opcode": "Info", "computer_name": "CLIENT1", "process": {"thread": {"id": 452}, "pid": 448}, "record_id": 4672, "task": "Logon", "provider_guid": "{54849625-5478-4994-A5BA-3E3B0328C30D}", "event_data": {"LogonProcessName": "-", "LmPackageName": "-", "SubjectDomainName": "-", "LogonGuid": "{00000000-0000-0000-0000-000000000000}", "KeyLength": "0", "SubjectLogonId": "0x0", "TransmittedServices": "-", "SubjectUserName": "<pseudonym:91d121bc503735a145e0e9869d792d26f6b22784210a0daf5b63840be2abf69a>", "AuthenticationPackageName": "-", "IpPort": "-", "TargetLogonId": "0x3e7", "LogonType": "0", "IpAddress": "<pseudonym:91d121bc503735a145e0e9869d792d26f6b22784210a0daf5b63840be2abf69a>", "SubjectUserSid": "<pseudonym:23248c71f7404e59aa79c6213a048486a57db314bcd3c62428d54a30e0d5a409>"}, "event_id": 4624, "keywords": ["Audit Success"], "channel": "Security", "api": "wineventlog"}, "event": {"kind": "event", "code": 4624, "action": "Logon", "created": "2019-08-02T09:55:12.183Z", "type": "authentication_success", "category": "authentication"}, "process": {"pid": 4, "name": "null"}}
{"pseudonym": "e887f3a09fdddf7c81a563b81f90ed9499d86badaa6173d1aa197a2b544d13b1", "origin": "EyI8ga96TjQxFuWGi/ficWkiS+x4ZGmrXMPyLyR2mrXLAX31OOTsSczNTpChunYz+/9OfvfbyWRiDeOg0M2hNyo8BghqvqVlqkmO9mEx5KS2bAYTcU9ULUt6u2Teg+RDOs3X0X7+9ePgtL3HnacA8vU55nhVhwi+x0erLN2MOsn5X6dtOyB54XXdlbcToMYD4CzqA833zWWHjxzFhIVIiWbSvTRVaqqgrwloo20G6Q5Jarfz7iVB9ikuALKbFY3sJxWy0PN3BqHmXnLcAxk7GsPnXhONlAh7VN5yrw32HfhbgYOBdt3h+T+dNE1gvhSfYELWYXe9NgJ7bdOOjzyUBxn4OME0Hq+WPME+Yy02SAk="}
{"pseudonym": "f119e812403f34bc9c93a15392e371bd51bfd51f59deda80c5caac2a6f172b3c", "origin": "JUzv+fmx7HoLFmu6wdRvJHdlHzFH4B1YzxfwrruNYtpCKhR9luBi3S3rsp77Z5Pkr7FHBKhAT6+Y7vag7MB3Qf5SwoYcF4XffBcHZ/iv3MzEvpnKy4D54qnPiBgrLXFBtxzW/ce+IxNKqAdCugiB3LdJ7DFjTljtELrHy24H+shMDU8wzvDWmS9bpp2qnEFFtAZkvzJ6yhk28Rb1mnugkVpYhpOV00iGbWfScdQAl56LoQbXECadg4FpIDJqD79mB7aA+3S1fp5yMg3vBtgp2gha9OCqFMYlKTCrc8U5fehdJcl8lpbCTYbThZGgSETAYzZeYXKR0LbBg2m/ka1bZtvgjlYtzUfa1s2ODCpF"}
{"pseudonym": "cd1a3afeeac92cb813605e21e464de7db0ca53fa0190d3a1372a46f60ddd0712", "origin": "EWyobAbin/gLrgWAjSbwZrNiwJBiO3inKryMJKYxA3Q+tdwr/iHXCrtHAZZBxzaU/ACHo/ae+ycILAhTqntjXjRwZJrh7GPuPX5SSQhYnh7/Sb2iiyA+OK/rO9hXVHWpWrZjMWfFJJ+r73lbFcwv4XkGwCcfC+H2WY4p6jUw58uTogOJ1qz/D5GccSUQKmYD3pvD0J3CfC4US9gHigMVtXX31tAqK53Hac0foqMDeaQAij5LG8WFd1X9AAK1uOl40Y1vUoQ36i+sM9wxQlyTVd3fF4dIXArZyjmrQFbOvvssQPKBoHRcEwG3SGho9FENKH+xzfiKAyqoqdToCE2FGjOYUZkOBpEQij/UscmSkbs="}
{"@timestamp": "2019-08-02T09:55:34.644Z", "@metadata": {"beat": "winlogbeat", "type": "_doc", "version": "7.2.0", "topic": "wineventlog_raw"}, "winlog": {"channel": "Security", "event_id": 4624, "provider_name": "Microsoft-Windows-Security-Auditing", "task": "Logon", "event_data": {"SubjectUserSid": "<pseudonym:cd1a3afeeac92cb813605e21e464de7db0ca53fa0190d3a1372a46f60ddd0712>", "SubjectLogonId": "0x3e7", "LmPackageName": "-", "LogonGuid": "{00000000-0000-0000-0000-000000000000}", "TargetLogonId": "0x1ab80", "SubjectDomainName": "WORKGROUP", "LogonType": "2", "LogonProcessName": "User32 ", "TransmittedServices": "-", "KeyLength": "0", "SubjectUserName": "<pseudonym:e887f3a09fdddf7c81a563b81f90ed9499d86badaa6173d1aa197a2b544d13b1>", "AuthenticationPackageName": "Negotiate"}, "record_id": 4693, "keywords": ["Audit Success"], "opcode": "Info", "process": {"thread": {"id": 512}, "pid": 448}, "api": "wineventlog", "provider_guid": "{54849625-5478-4994-A5BA-3E3B0328C30D}", "computer_name": "CLIENT1"}, "event": {"code": 4624, "action": "Logon", "created": "2019-08-02T09:55:36.334Z", "kind": "event", "category": "authentication", "type": "authentication_success"}, "message": "An account was successfully logged on.\n\nSubject:\n\tSecurity ID:\t\tS-1-5-18\n\tAccount Name:\t\tCLIENT1$\n\tAccount Domain:\t\tWORKGROUP\n\tLogon ID:\t\t0x3e7\n\nLogon Type:\t\t\t2\n\nNew Logon:\n\tSecurity ID:\t\tS-1-5-21-1918032094-2382968797-800248713-1000\n\tAccount Name:\t\tbreach\n\tAccount Domain:\t\tCLIENT1\n\tLogon ID:\t\t0x1ab80\n\tLogon GUID:\t\t{00000000-0000-0000-0000-000000000000}\n\nProcess Information:\n\tProcess ID:\t\t0x17c\n\tProcess Name:\t\tC:\\Windows\\System32\\winlogon.exe\n\nNetwork Information:\n\tWorkstation Name:\tCLIENT1\n\tSource Network Address:\t127.0.0.1\n\tSource Port:\t\t0\n\nDetailed Authentication Information:\n\tLogon Process:\t\tUser32 \n\tAuthentication Package:\tNegotiate\n\tTransited Services:\t-\n\tPackage Name (NTLM only):\t-\n\tKey Length:\t\t0\n\nThis event is generated when a logon session is created. It is generated on the computer that was accessed.\n\nThe subject fields indicate the account on the local system which requested the logon. This is most commonly a service such as the Server service, or a local process such as Winlogon.exe or Services.exe.\n\nThe logon type field indicates the kind of logon that occurred. The most common types are 2 (interactive) and 3 (network).\n\nThe New Logon fields indicate the account for whom the new logon was created, i.e. the account that was logged on.\n\nThe network fields indicate where a remote logon request originated. Workstation name is not always available and may be left blank in some cases.\n\nThe authentication information fields provide detailed information about this specific logon request.\n\t- Logon GUID is a unique identifier that can be used to correlate this event with a KDC event.\n\t- Transited services indicate which intermediate services have participated in this logon request.\n\t- Package name indicates which sub-protocol was used among the NTLM protocols.\n\t- Key length indicates the length of the generated session key. This will be 0 if no session key was requested.", "process": {"pid": 380, "executable": "C:\\Windows\\System32\\winlogon.exe", "name": "winlogon.exe"}, "agent": {"ephemeral_id": "de845cd9-5141-4c92-ad32-27a4518307e9", "hostname": "CLIENT1", "id": "0b755aca-0a9a-454a-9800-1979901962a0", "version": "7.2.0", "type": "winlogbeat"}, "log": {"level": "information"}, "user": {"id": "S-1-5-21-1918032094-2382968797-800248713-1000", "name": "<pseudonym:f119e812403f34bc9c93a15392e371bd51bfd51f59deda80c5caac2a6f172b3c>", "domain": "CLIENT1"}, "source": {"ip": "127.0.0.1", "port": 0, "domain": "CLIENT1"}, "ecs": {"version": "1.0.0"}, "host": {"name": "CLIENT1", "id": "19fc45ac-5890-4f96-81b1-50ed111c0ce4", "hostname": "CLIENT1", "architecture": "x86", "os": {"family": "windows", "name": "Windows 7 Professional", "kernel": "6.1.7601.18741 (win7sp1_gdr.150202-1526)", "build": "7601.0", "platform": "windows", "version": "6.1"}}}
{"@timestamp": "2019-08-02T09:55:52.000Z", "@metadata": {"beat": "winlogbeat", "type": "_doc", "version": "7.2.0", "topic": "wineventlog_raw"}, "ecs": {"version": "1.0.0"}, "host": {"name": "CLIENT1", "os": {"family": "windows", "name": "Windows 7 Professional", "kernel": "6.1.7601.18741 (win7sp1_gdr.150202-1526)", "build": "7601.0", "platform": "windows", "version": "6.1"}, "id": "19fc45ac-5890-4f96-81b1-50ed111c0ce4", "hostname": "CLIENT1", "architecture": "x86"}, "agent": {"version": "7.2.0", "type": "winlogbeat", "ephemeral_id": "de845cd9-5141-4c92-ad32-27a4518307e9", "hostname": "CLIENT1", "id": "0b755aca-0a9a-454a-9800-1979901962a0"}, "winlog": {"opcode": "Info", "channel": "Application", "task": "Logging/Recovery", "keywords": ["Classic"], "event_data": {"param3": "Windows: ", "param4": "C:\\ProgramData\\Microsoft\\Search\\Data\\Applications\\Windows\\MSS.log", "param1": "Windows", "param2": "2052"}, "provider_name": "ESENT", "event_id": 301, "computer_name": "CLIENT1", "record_id": 2941, "api": "wineventlog"}, "event": {"kind": "event", "code": 301, "action": "Logging/Recovery", "created": "2019-08-02T09:55:53.374Z"}, "log": {"level": "information"}, "message": "Windows (2052) Windows: The database engine has begun replaying logfile C:\\ProgramData\\Microsoft\\Search\\Data\\Applications\\Windows\\MSS.log."}
{"@timestamp": "2019-08-02T09:55:52.325Z", "@metadata": {"beat": "winlogbeat", "type": "_doc", "version": "7.2.0", "topic": "wineventlog_raw"}, "agent": {"hostname": "CLIENT1", "id": "0b755aca-0a9a-454a-9800-1979901962a0", "version": "7.2.0", "type": "winlogbeat", "ephemeral_id": "de845cd9-5141-4c92-ad32-27a4518307e9"}, "ecs": {"version": "1.0.0"}, "host": {"architecture": "x86", "os": {"version": "6.1", "family": "windows", "name": "Windows 7 Professional", "kernel": "6.1.7601.18741 (win7sp1_gdr.150202-1526)", "build": "7601.0", "platform": "windows"}, "id": "19fc45ac-5890-4f96-81b1-50ed111c0ce4", "hostname": "CLIENT1", "name": "CLIENT1"}, "winlog": {"provider_guid": "{555908d1-a6d7-4695-8e1e-26931d2012f4}", "computer_name": "CLIENT1", "keywords": ["Classic"], "event_id": 7036, "provider_name": "Service Control Manager", "event_data": {"Binary": "4E00650074006D0061006E002F0034000000", "param1": "Network Connections", "param2": "running"}, "channel": "System", "task": "", "record_id": 11759, "api": "wineventlog", "process": {"pid": 440, "thread": {"id": 544}}}, "event": {"code": 7036, "created": "2019-08-02T09:55:54.367Z", "kind": "event"}, "log": {"level": "information"}, "message": "The Network Connections service entered the running state."}
{"@timestamp": "2019-08-02T09:55:55.279Z", "@metadata": {"beat": "winlogbeat", "type": "_doc", "version": "7.2.0", "topic": "wineventlog_raw"}, "ecs": {"version": "1.0.0"}, "host": {"id": "19fc45ac-5890-4f96-81b1-50ed111c0ce4", "name": "CLIENT1", "hostname": "CLIENT1", "architecture": "x86", "os": {"platform": "windows", "version": "6.1", "family": "windows", "name": "Windows 7 Professional", "kernel": "6.1.7601.18741 (win7sp1_gdr.150202-1526)", "build": "7601.0"}}, "agent": {"version": "7.2.0", "type": "winlogbeat", "ephemeral_id": "de845cd9-5141-4c92-ad32-27a4518307e9", "hostname": "CLIENT1", "id": "0b755aca-0a9a-454a-9800-1979901962a0"}, "winlog": {"process": {"pid": 440, "thread": {"id": 1856}}, "event_id": 7036, "record_id": 11762, "computer_name": "CLIENT1", "keywords": ["Classic"], "event_data": {"Binary": "57005300650061007200630068002F0034000000", "param1": "Windows Search", "param2": "running"}, "api": "wineventlog", "provider_guid": "{555908d1-a6d7-4695-8e1e-26931d2012f4}", "channel": "System", "provider_name": "Service Control Manager", "task": ""}, "event": {"kind": "event", "code": 7036, "created": "2019-08-02T09:55:56.380Z"}, "log": {"level": "information"}, "message": "The Windows Search service entered the running state."}
{"pseudonym": "387dddca7f9c9fa71c41295d7790d3bcd791cfe79b2dd4843551dfd0bf47acf2", "origin": "b5dpUu4kdc3MUV7NvFDv8t7V2NOcZmFqRSCCWohrrKTgxDioam2NnVZz4yilB3GliAWsHG2oaGUD4Nc0aFYaYkTOVRBDCIJJ/DPB4a0NUQyMMjWHgfzbfVrIZUtAs3EezGU5909FUGJFElfG7CXkHAxvEtKxY4gp3UnRRxqOyZQwrZJFuyT6RAczlFuXIe2hkjJVM+zB5hvZSwbM/kDKwVSuUkUsuHzITjhShweMa352tZbsMaCh2iKSUcx0Nz4TJ43yKT8uVXiKyv7xm5Ld7MoqZWLtFNA1QssYDwwoIVcSAI1v7IPPiNOPU6krw+kOwRDy2T8UuBGpVHPtxC1n3vRP8NSVwThFhy8gzbvh"}
{"pseudonym": "cd1a3afeeac92cb813605e21e464de7db0ca53fa0190d3a1372a46f60ddd0712", "origin": "M08aTQEJKkTs9fmPlxYYUtOraxJbT0MJPhKnvURB+9cKgE0gSN1hOCD8XXU6SlrdUxAGIkBBmTzADZGJK9+0x0Dv6ms30urZKFQ9mi6zWKIs5jutvRoPcDf+da95TeGsVGTXhqNxv6O8b5djr8r1lbMQk7UO7I0d97l6cbfeO0OMun2URqmA/jZaB/7IfjNWXtoMixkhbHWufT1s0Km96p2teb7V5OcjIvQ/XnMXuEPe6YErnDA6cflw1AzrllL5wWzREEbav4IGCra+F7Eh2zWMMWrjS5IPFndXvzx0YT1tyToeWgw8RMHba6AuIKMgcRleDr1j1nXLRSCF3DHqikNoV3+hIgUUsGgKlwJjzPA="}
{"@timestamp": "2019-08-02T09:57:12.212Z", "@metadata": {"beat": "winlogbeat", "type": "_doc", "version": "7.2.0", "topic": "wineventlog_raw"}, "message": "Special privileges assigned to new logon.\n\nSubject:\n\tSecurity ID:\t\tS-1-5-18\n\tAccount Name:\t\tSYSTEM\n\tAccount Domain:\t\tNT AUTHORITY\n\tLogon ID:\t\t0x3e7\n\nPrivileges:\t\tSeAssignPrimaryTokenPrivilege\n\t\t\tSeTcbPrivilege\n\t\t\tSeSecurityPrivilege\n\t\t\tSeTakeOwnershipPrivilege\n\t\t\tSeLoadDriverPrivilege\n\t\t\tSeBackupPrivilege\n\t\t\tSeRestorePrivilege\n\t\t\tSeDebugPrivilege\n\t\t\tSeAuditPrivilege\n\t\t\tSeSystemEnvironmentPrivilege\n\t\t\tSeImpersonatePrivilege", "ecs": {"version": "1.0.0"}, "host": {"architecture": "x86", "os": {"platform": "windows", "version": "6.1", "family": "windows", "name": "Windows 7 Professional", "kernel": "6.1.7601.18741 (win7sp1_gdr.150202-1526)", "build": "7601.0"}, "id": "19fc45ac-5890-4f96-81b1-50ed111c0ce4", "name": "CLIENT1", "hostname": "CLIENT1"}, "agent": {"version": "7.2.0", "type": "winlogbeat", "ephemeral_id": "de845cd9-5141-4c92-ad32-27a4518307e9", "hostname": "CLIENT1", "id": "0b755aca-0a9a-454a-9800-1979901962a0"}, "winlog": {"event_id": 4672, "task": "Special Logon", "computer_name": "CLIENT1", "process": {"pid": 448, "thread": {"id": 3528}}, "event_data": {"SubjectDomainName": "NT AUTHORITY", "SubjectLogonId": "0x3e7", "PrivilegeList": "SeAssignPrimaryTokenPrivilege\n\t\t\tSeTcbPrivilege\n\t\t\tSeSecurityPrivilege\n\t\t\tSeTakeOwnershipPrivilege\n\t\t\tSeLoadDriverPrivilege\n\t\t\tSeBackupPrivilege\n\t\t\tSeRestorePrivilege\n\t\t\tSeDebugPrivilege\n\t\t\tSeAuditPrivilege\n\t\t\tSeSystemEnvironmentPrivilege\n\t\t\tSeImpersonatePrivilege", "SubjectUserSid": "<pseudonym:cd1a3afeeac92cb813605e21e464de7db0ca53fa0190d3a1372a46f60ddd0712>", "SubjectUserName": "<pseudonym:387dddca7f9c9fa71c41295d7790d3bcd791cfe79b2dd4843551dfd0bf47acf2>"}, "channel": "Security", "provider_name": "Microsoft-Windows-Security-Auditing", "keywords": ["Audit Success"], "provider_guid": "{54849625-5478-4994-A5BA-3E3B0328C30D}", "record_id": 4698, "api": "wineventlog", "opcode": "Info"}, "event": {"kind": "event", "code": 4672, "action": "Special Logon", "created": "2019-08-02T09:57:13.091Z"}, "log": {"level": "information"}}
{"pseudonym": "cd1a3afeeac92cb813605e21e464de7db0ca53fa0190d3a1372a46f60ddd0712", "origin": "NpN6sMDsBYWC77XAdC5c2QUUj1K5g3xOqTFfQiXCf35pH58ZX622n4edcHaWbAGs9xV5+UucEclClyATQtLqR/cf5JuUHhzLmszCUqhVDaRQ81RtmWoTImy7fY5cJiTRJUhrrk5sUoVmb9ETlGY7wXLghFc870AaDJhTneKQqeqiIWoI0YqKJD9b6B9dV8CCQTxohsyIsnwtwB8rlpOdWmoL2+KVyTI78jkVVS216ZHwO+dM8SsAOxxEZPWcb7ocSTsmZCCIlh/0ooDHaVqo+cEREF0GtvK5KovMTw2SxDJZVARREbq7ILML7DOdFUtq4GVywz30tfv9tmwjd4a2GB02B1FL/nleKXJa8BFnQ+0="}
{"@timestamp": "2019-08-02T10:00:06.062Z", "@metadata": {"beat": "winlogbeat", "type": "_doc", "version": "7.2.0", "topic": "wineventlog_raw"}, "ecs": {"version": "1.0.0"}, "host": {"architecture": "x86", "os": {"kernel": "6.1.7601.18741 (win7sp1_gdr.150202-1526)", "build": "7601.0", "platform": "windows", "version": "6.1", "family": "windows", "name": "Windows 7 Professional"}, "id": "19fc45ac-5890-4f96-81b1-50ed111c0ce4", "hostname": "CLIENT1", "name": "CLIENT1"}, "message": "The system time has changed to \u200e2019\u200e-\u200e08\u200e-\u200e02T10:00:06.062000000Z from \u200e2019\u200e-\u200e08\u200e-\u200e02T10:00:07.168932500Z.", "winlog": {"keywords": ["Time"], "provider_guid": "{A68CA8B7-004F-D7B6-A698-07E2DE0F1F5D}", "provider_name": "Microsoft-Windows-Kernel-General", "record_id": 11778, "process": {"pid": 1460, "thread": {"id": 1504}}, "user": {"name": "SYSTEM", "domain": "NT AUTHORITY", "type": "User", "identifier": "<pseudonym:cd1a3afeeac92cb813605e21e464de7db0ca53fa0190d3a1372a46f60ddd0712>"}, "channel": "System", "api": "wineventlog", "computer_name": "CLIENT1", "opcode": "Info", "event_id": 1, "task": "", "event_data": {"NewTime": "2019-08-02T10:00:06.062000000Z", "OldTime": "2019-08-02T10:00:07.168932500Z"}}, "event": {"code": 1, "created": "2019-08-02T10:00:09.382Z", "kind": "event"}, "log": {"level": "information"}, "agent": {"type": "winlogbeat", "ephemeral_id": "de845cd9-5141-4c92-ad32-27a4518307e9", "hostname": "CLIENT1", "id": "0b755aca-0a9a-454a-9800-1979901962a0", "version": "7.2.0"}}
{"@timestamp": "2019-08-02T10:02:01.341Z", "@metadata": {"beat": "winlogbeat", "type": "_doc", "version": "7.2.0", "topic": "wineventlog_raw"}, "message": "The Adobe Flash Player Update Service service entered the stopped state.", "host": {"name": "CLIENT1", "os": {"platform": "windows", "version": "6.1", "family": "windows", "name": "Windows 7 Professional", "kernel": "6.1.7601.18741 (win7sp1_gdr.150202-1526)", "build": "7601.0"}, "id": "19fc45ac-5890-4f96-81b1-50ed111c0ce4", "hostname": "CLIENT1", "architecture": "x86"}, "agent": {"version": "7.2.0", "type": "winlogbeat", "ephemeral_id": "de845cd9-5141-4c92-ad32-27a4518307e9", "hostname": "CLIENT1", "id": "0b755aca-0a9a-454a-9800-1979901962a0"}, "ecs": {"version": "1.0.0"}, "winlog": {"api": "wineventlog", "provider_guid": "{555908d1-a6d7-4695-8e1e-26931d2012f4}", "channel": "System", "provider_name": "Service Control Manager", "record_id": 11781, "computer_name": "CLIENT1", "event_data": {"param2": "stopped", "Binary": "410064006F006200650046006C0061007300680050006C0061007900650072005500700064006100740065005300760063002F0031000000", "param1": "Adobe Flash Player Update Service"}, "task": "", "process": {"pid": 440, "thread": {"id": 2708}}, "event_id": 7036, "keywords": ["Classic"]}, "event": {"kind": "event", "code": 7036, "created": "2019-08-02T10:02:02.769Z"}, "log": {"level": "information"}}
{"@timestamp": "2019-08-02T10:34:54.848Z", "@metadata": {"beat": "winlogbeat", "type": "_doc", "version": "7.2.0", "topic": "wineventlog_raw"}, "event": {"code": 7036, "created": "2019-08-02T10:34:56.447Z", "kind": "event"}, "log": {"level": "information"}, "message": "The Diagnostic System Host service entered the stopped state.", "host": {"name": "CLIENT1", "architecture": "x86", "os": {"build": "7601.0", "platform": "windows", "version": "6.1", "family": "windows", "name": "Windows 7 Professional", "kernel": "6.1.7601.18741 (win7sp1_gdr.150202-1526)"}, "id": "19fc45ac-5890-4f96-81b1-50ed111c0ce4", "hostname": "CLIENT1"}, "agent": {"id": "0b755aca-0a9a-454a-9800-1979901962a0", "version": "7.2.0", "type": "winlogbeat", "ephemeral_id": "de845cd9-5141-4c92-ad32-27a4518307e9", "hostname": "CLIENT1"}, "ecs": {"version": "1.0.0"}, "winlog": {"api": "wineventlog", "process": {"pid": 440, "thread": {"id": 2580}}, "event_data": {"param2": "stopped", "Binary": "570064006900530079007300740065006D0048006F00730074002F0031000000", "param1": "Diagnostic System Host"}, "event_id": 7036, "keywords": ["Classic"], "provider_guid": "{555908d1-a6d7-4695-8e1e-26931d2012f4}", "computer_name": "CLIENT1", "provider_name": "Service Control Manager", "record_id": 11790, "task": "", "channel": "System"}}
{"pseudonym": "cd1a3afeeac92cb813605e21e464de7db0ca53fa0190d3a1372a46f60ddd0712", "origin": "he9TRo+fFC/1jDeJiSOUWXiI8JBvVe5Shy5G+mlFn1Ott3g/yL+ohDh0TzV2SfyZomapge7GN1wU37D44eAL0BUx2D0C092hUQEA1jEbdfRQdHsafTfJBkSeOq1irBCIDCyYvYS4syMh9Vcv9MfhjRu7kP7xp4XvRAp1aviqW1B711utHM9zNvzoXr/GBjheVWunPNK2UFHoIoAr9p6SYeduzBb++KNdl56nDSUPkAjjMPipoS+54LVgivCkh9xI+5rV7K/dQTs9Edg91DzlQN6ZxuKhTpKK2rs+4mTeo/rVluP0dBDAi/sYNGSVAMDjpi8hAEKsvbCpeSFTARe0VE3uILtnUVGtizOty740BWY="}
{"@timestamp": "2019-08-02T10:40:04.472Z", "@metadata": {"beat": "winlogbeat", "type": "_doc", "version": "7.2.0", "topic": "wineventlog_raw"}, "agent": {"version": "7.2.0", "type": "winlogbeat", "ephemeral_id": "de845cd9-5141-4c92-ad32-27a4518307e9", "hostname": "CLIENT1", "id": "0b755aca-0a9a-454a-9800-1979901962a0"}, "winlog": {"record_id": 11793, "user": {"domain": "NT AUTHORITY", "type": "User", "identifier": "<pseudonym:cd1a3afeeac92cb813605e21e464de7db0ca53fa0190d3a1372a46f60ddd0712>", "name": "SYSTEM"}, "provider_name": "Microsoft-Windows-Kernel-General", "computer_name": "CLIENT1", "event_data": {"NewTime": "2019-08-02T10:40:04.472000000Z", "OldTime": "2019-08-02T10:40:05.357174400Z"}, "event_id": 1, "task": "", "channel": "System", "api": "wineventlog", "opcode": "Info", "provider_guid": "{A68CA8B7-004F-D7B6-A698-07E2DE0F1F5D}", "process": {"pid": 1460, "thread": {"id": 1504}}, "keywords": ["Time"]}, "event": {"code": 1, "created": "2019-08-02T10:40:06.472Z", "kind": "event"}, "log": {"level": "information"}, "message": "The system time has changed to \u200e2019\u200e-\u200e08\u200e-\u200e02T10:40:04.472000000Z from \u200e2019\u200e-\u200e08\u200e-\u200e02T10:40:05.357174400Z.", "ecs": {"version": "1.0.0"}, "host": {"os": {"platform": "windows", "version": "6.1", "family": "windows", "name": "Windows 7 Professional", "kernel": "6.1.7601.18741 (win7sp1_gdr.150202-1526)", "build": "7601.0"}, "id": "19fc45ac-5890-4f96-81b1-50ed111c0ce4", "name": "CLIENT1", "hostname": "CLIENT1", "architecture": "x86"}}
{"pseudonym": "cd1a3afeeac92cb813605e21e464de7db0ca53fa0190d3a1372a46f60ddd0712", "origin": "Z1+qsJGzwR6KuOlVb6dEZpcqKZ+FEwEb8RjzHTbIRTZr/+NXdFh93Il8Nalf797RG6nh6eySRIEJ6ABCgOBkbNz1p1t/2j3m654XyKrr9OHNBgrSamLAB18B6mai8UhiPdRYpbacQ44ovE5KjXEywE9AtJPh8hZoo2LwB8eiuDd5Bv/JIfgR9d7XklaiVBqUGWl0Sar68eZU3vceu2hLWB5y2xRvQx3jtgG14WkRJu0lC1Y7ZahQJmh9Y5vKvddgdV9DaQ5WQ+AakRCOSNNisklPk1rXpTPw2iZovYbppf7RaIyWGB+aYynCksaRSfi2o2fXnU/3J4U9z7bsy1+EJWtI/VA8qsc5mlIPRyy9Bz8="}
{"@timestamp": "2019-08-02T11:25:02.651Z", "@metadata": {"beat": "winlogbeat", "type": "_doc", "version": "7.2.0", "topic": "wineventlog_raw"}, "ecs": {"version": "1.0.0"}, "host": {"os": {"platform": "windows", "version": "6.1", "family": "windows", "name": "Windows 7 Professional", "kernel": "6.1.7601.18741 (win7sp1_gdr.150202-1526)", "build": "7601.0"}, "name": "CLIENT1", "id": "19fc45ac-5890-4f96-81b1-50ed111c0ce4", "hostname": "CLIENT1", "architecture": "x86"}, "agent": {"ephemeral_id": "de845cd9-5141-4c92-ad32-27a4518307e9", "hostname": "CLIENT1", "id": "0b755aca-0a9a-454a-9800-1979901962a0", "version": "7.2.0", "type": "winlogbeat"}, "winlog": {"provider_name": "Microsoft-Windows-Kernel-General", "record_id": 11809, "user": {"identifier": "<pseudonym:cd1a3afeeac92cb813605e21e464de7db0ca53fa0190d3a1372a46f60ddd0712>", "name": "SYSTEM", "domain": "NT AUTHORITY", "type": "User"}, "task": "", "api": "wineventlog", "provider_guid": "{A68CA8B7-004F-D7B6-A698-07E2DE0F1F5D}", "process": {"pid": 1460, "thread": {"id": 1504}}, "event_id": 1, "keywords": ["Time"], "event_data": {"NewTime": "2019-08-02T11:25:02.651000000Z", "OldTime": "2019-08-02T11:25:03.341924300Z"}, "channel": "System", "computer_name": "CLIENT1", "opcode": "Info"}, "event": {"created": "2019-08-02T11:25:04.656Z", "kind": "event", "code": 1}, "log": {"level": "information"}, "message": "The system time has changed to \u200e2019\u200e-\u200e08\u200e-\u200e02T11:25:02.651000000Z from \u200e2019\u200e-\u200e08\u200e-\u200e02T11:25:03.341924300Z."}
{"pseudonym": "e887f3a09fdddf7c81a563b81f90ed9499d86badaa6173d1aa197a2b544d13b1", "origin": "YCESM7DIM+1FWKL+ZH7imTZ9Yz9W2PliKgiKG1hJXTaH00lLodeZ1uIomajF0KS/Er6F6rMnAFkSuY1j3Y9DOhTxOcjiBmPyrnrVS1daoUuT6ga3rRGfOlNSg7MJwbWswIPWflTSBX7brjr75O/pdFi7WPz+K13DjtXG/e8dzU6J+VF2SvCpS0iNcrQih0cs1mQ5V5/y1LCfuclxVPyxHrGmhfkwj8LPaikERJdVg9Yve+u6KPEvFPDcWpcvIu5HuWvMn7v+9ni08KizNfvYRFmp3MwA6k91Pup6EgXNe7ZNm3lVlez/XHsLcSEiw8L/h6ixb9xFpuVJZ8KFmczMLTPp+st9AXKz8TeVljA3X6Y="}
{"pseudonym": "cd1a3afeeac92cb813605e21e464de7db0ca53fa0190d3a1372a46f60ddd0712", "origin": "ndm1UVrMSeBxV4Xji6/86AcRahyg7YL86Udy04Q//0tK3xcJl0j4CyI6acXxUXv3p1CYxSllKh/NvDzlQZgLZov1e9ylVhd+X4hnHM8fciVGAIi2JY0jeEZ8zIUWhygAvTbt5FiWY+au85cb46F/bdh6nL8lyvs5VrpykxDt4msCg0CCAVomNt76oGYLKqqxOdZwROyo8v3Vs5cp0NbWY5p4fdLefHQOqENt0LVSOAKdliDppSwOB++1Xe07CSeutP2SUB50KczGXZVgl7mr6Lez1epVMdlGNxAkld3GFUz+USLpFX8Zf2zeP24quPBu8pQhzwoDrGabxi11bweFj9wOneaaU9aQCMit9OfIj9M="}
{"@timestamp": "2019-08-02T12:45:01.241Z", "@metadata": {"beat": "winlogbeat", "type": "_doc", "version": "7.2.0", "topic": "wineventlog_raw"}, "winlog": {"event_id": 4616, "api": "wineventlog", "opcode": "Info", "provider_guid": "{54849625-5478-4994-A5BA-3E3B0328C30D}", "process": {"pid": 4, "thread": {"id": 60}}, "event_data": {"SubjectUserName": "<pseudonym:e887f3a09fdddf7c81a563b81f90ed9499d86badaa6173d1aa197a2b544d13b1>", "SubjectDomainName": "WORKGROUP", "SubjectLogonId": "0x3e7", "PreviousTime": "2019-08-02T12:45:01.676082100Z", "NewTime": "2019-08-02T12:45:01.241000000Z", "ProcessId": "0x5b4", "ProcessName": "C:\\Program Files\\NetTime\\NetTimeService.exe", "SubjectUserSid": "<pseudonym:cd1a3afeeac92cb813605e21e464de7db0ca53fa0190d3a1372a46f60ddd0712>"}, "channel": "Security", "computer_name": "CLIENT1", "keywords": ["Audit Success"], "version": 1, "provider_name": "Microsoft-Windows-Security-Auditing", "record_id": 4740, "task": "Security State Change"}, "event": {"kind": "event", "code": 4616, "action": "Security State Change", "created": "2019-08-02T12:45:02.230Z"}, "log": {"level": "information"}, "message": "The system time was changed.\n\nSubject:\n\tSecurity ID:\t\tS-1-5-18\n\tAccount Name:\t\tCLIENT1$\n\tAccount Domain:\t\tWORKGROUP\n\tLogon ID:\t\t0x3e7\n\nProcess Information:\n\tProcess ID:\t0x5b4\n\tName:\t\tC:\\Program Files\\NetTime\\NetTimeService.exe\n\nPrevious Time:\t\t\u200e2019\u200e-\u200e08\u200e-\u200e02T12:45:01.676082100Z\nNew Time:\t\t\u200e2019\u200e-\u200e08\u200e-\u200e02T12:45:01.241000000Z\n\nThis event is generated when the system time is changed. It is normal for the Windows Time Service, which runs with System privilege, to change the system time on a regular basis. Other system time changes may be indicative of attempts to tamper with the computer.", "ecs": {"version": "1.0.0"}, "host": {"name": "CLIENT1", "hostname": "CLIENT1", "architecture": "x86", "os": {"kernel": "6.1.7601.18741 (win7sp1_gdr.150202-1526)", "build": "7601.0", "platform": "windows", "version": "6.1", "family": "windows", "name": "Windows 7 Professional"}, "id": "19fc45ac-5890-4f96-81b1-50ed111c0ce4"}, "agent": {"ephemeral_id": "de845cd9-5141-4c92-ad32-27a4518307e9", "hostname": "CLIENT1", "id": "0b755aca-0a9a-454a-9800-1979901962a0", "version": "7.2.0", "type": "winlogbeat"}}
{"pseudonym": "e887f3a09fdddf7c81a563b81f90ed9499d86badaa6173d1aa197a2b544d13b1", "origin": "o5+DclBXrT5yZuD35x7QDY+A7iBftct0WaZ0zP7zYjI9VqJFueugqOgbIHpz19fUIZ4orxq2m7ZzxNX1smV1ZOSK90V5bfAJM89ZrV61vSCjoxm1A6d8YBQR3J5GjWUV/FwH5PyAZcIXW+fKtbL96Q+qkIkbKIvzctDV8oVf8AD0Tbq8vh8MG5y1p1xCvcqUlQLK7lDR4baJcFViYf9VB0OvfZn5CN76S8cl0ug62NIWBlx7UehYhFx7HMP5Z1D1HuuM6Vjrg2Y2fY95GD0EjSE8doERX6iHvCAZ28eDM5TpnZa5JcRDn1xq5L+n4M8ftVYtu3/37Drz9AcF/07QXWQ2nJslWv++IXgHZqKKQOA="}
{"pseudonym": "cd1a3afeeac92cb813605e21e464de7db0ca53fa0190d3a1372a46f60ddd0712", "origin": "O1XkI0HLgrqqaQffJIsRMd/C6cX6H+OYvgZLzdxVPgbggTmYEOM5L0fHd0fi9TTe4AyP354KvtL9+Idzw7plaKQkIXLdCCQjIblvjxnnZFuV5b/9bjDSlwg1k7EbQgHue68/mPIy5JLyWpiRXewmQoYw6spzmrufCF1N4jidLeR+Pi6A33t6pCi9MXqay7in2whsNCiyu6BlT08qnrxiadnRyDJ2SzrhJ1zmG50+bPLRLmf32fdUrGEAUhoxzozlNiH8V2xvZFr+lfto7E1IZPLJ4gjVzS/yUUJ3IoTaqqmYGy/mEXn3bMCzszs/rfInWvwnLPCKJuMonsgFDctLBhXzoamk1yijHAnttLk3CCg="}
{"@timestamp": "2019-08-02T13:30:03.456Z", "@metadata": {"beat": "winlogbeat", "type": "_doc", "version": "7.2.0", "topic": "wineventlog_raw"}, "winlog": {"event_data": {"SubjectDomainName": "WORKGROUP", "SubjectLogonId": "0x3e7", "PreviousTime": "2019-08-02T13:30:03.607870600Z", "NewTime": "2019-08-02T13:30:03.456000000Z", "ProcessId": "0x5b4", "ProcessName": "C:\\Program Files\\NetTime\\NetTimeService.exe", "SubjectUserSid": "<pseudonym:cd1a3afeeac92cb813605e21e464de7db0ca53fa0190d3a1372a46f60ddd0712>", "SubjectUserName": "<pseudonym:e887f3a09fdddf7c81a563b81f90ed9499d86badaa6173d1aa197a2b544d13b1>"}, "keywords": ["Audit Success"], "opcode": "Info", "channel": "Security", "version": 1, "provider_guid": "{54849625-5478-4994-A5BA-3E3B0328C30D}", "process": {"pid": 4, "thread": {"id": 64}}, "event_id": 4616, "provider_name": "Microsoft-Windows-Security-Auditing", "record_id": 4749, "api": "wineventlog", "computer_name": "CLIENT1", "task": "Security State Change"}, "event": {"kind": "event", "code": 4616, "action": "Security State Change", "created": "2019-08-02T13:30:05.455Z"}, "log": {"level": "information"}, "message": "The system time was changed.\n\nSubject:\n\tSecurity ID:\t\tS-1-5-18\n\tAccount Name:\t\tCLIENT1$\n\tAccount Domain:\t\tWORKGROUP\n\tLogon ID:\t\t0x3e7\n\nProcess Information:\n\tProcess ID:\t0x5b4\n\tName:\t\tC:\\Program Files\\NetTime\\NetTimeService.exe\n\nPrevious Time:\t\t\u200e2019\u200e-\u200e08\u200e-\u200e02T13:30:03.607870600Z\nNew Time:\t\t\u200e2019\u200e-\u200e08\u200e-\u200e02T13:30:03.456000000Z\n\nThis event is generated when the system time is changed. It is normal for the Windows Time Service, which runs with System privilege, to change the system time on a regular basis. Other system time changes may be indicative of attempts to tamper with the computer.", "ecs": {"version": "1.0.0"}, "host": {"name": "CLIENT1", "hostname": "CLIENT1", "architecture": "x86", "os": {"platform": "windows", "version": "6.1", "family": "windows", "name": "Windows 7 Professional", "kernel": "6.1.7601.18741 (win7sp1_gdr.150202-1526)", "build": "7601.0"}, "id": "19fc45ac-5890-4f96-81b1-50ed111c0ce4"}, "agent": {"version": "7.2.0", "type": "winlogbeat", "ephemeral_id": "de845cd9-5141-4c92-ad32-27a4518307e9", "hostname": "CLIENT1", "id": "0b755aca-0a9a-454a-9800-1979901962a0"}}
{"pseudonym": "cd1a3afeeac92cb813605e21e464de7db0ca53fa0190d3a1372a46f60ddd0712", "origin": "ognwAQVmEMYic1i5L9t8m5MiEEhJCZciipnBqbx35x7egjL4Q3epZfdnmfanABGEUVQhxblYhbWDmkAsVFoHQSBTJWqv6FkhuQgh815NxAo+me0pvIjJO0VYJEWssfFcyoOwAcZTiy+CHY37Nl9Divaz8tItNjUqQ4u4eZPLT6ehpp3rH40ArMMtUDA1bknkfu6z+dVz3CesVLwZrw4ailTJNCyU+WR2RYOLPPL8r1PsAgLt1yy0BhPhuqzbvNxy07AH4p28G8Z5oG8yPKFXKALxbYuqNRxZKqWc6ojsmHWc4kUevGTm7Bj6li9XrbMUSS6993eXYFJrnwCyHp1ckKGyFAs6D4Ug4rkdyErhhTA="}
{"@timestamp": "2019-08-02T13:45:05.280Z", "@metadata": {"beat": "winlogbeat", "type": "_doc", "version": "7.2.0", "topic": "wineventlog_raw"}, "ecs": {"version": "1.0.0"}, "host": {"name": "CLIENT1", "os": {"platform": "windows", "version": "6.1", "family": "windows", "name": "Windows 7 Professional", "kernel": "6.1.7601.18741 (win7sp1_gdr.150202-1526)", "build": "7601.0"}, "id": "19fc45ac-5890-4f96-81b1-50ed111c0ce4", "hostname": "CLIENT1", "architecture": "x86"}, "winlog": {"provider_name": "Microsoft-Windows-Kernel-General", "user": {"type": "User", "identifier": "<pseudonym:cd1a3afeeac92cb813605e21e464de7db0ca53fa0190d3a1372a46f60ddd0712>", "name": "SYSTEM", "domain": "NT AUTHORITY"}, "event_id": 1, "api": "wineventlog", "event_data": {"OldTime": "2019-08-02T13:45:05.439575900Z", "NewTime": "2019-08-02T13:45:05.280000000Z"}, "task": "", "keywords": ["Time"], "opcode": "Info", "channel": "System", "provider_guid": "{A68CA8B7-004F-D7B6-A698-07E2DE0F1F5D}", "process": {"pid": 1460, "thread": {"id": 1504}}, "computer_name": "CLIENT1", "record_id": 11841}, "event": {"kind": "event", "code": 1, "created": "2019-08-02T13:45:06.300Z"}, "log": {"level": "information"}, "message": "The system time has changed to \u200e2019\u200e-\u200e08\u200e-\u200e02T13:45:05.280000000Z from \u200e2019\u200e-\u200e08\u200e-\u200e02T13:45:05.439575900Z.", "agent": {"type": "winlogbeat", "ephemeral_id": "de845cd9-5141-4c92-ad32-27a4518307e9", "hostname": "CLIENT1", "id": "0b755aca-0a9a-454a-9800-1979901962a0", "version": "7.2.0"}}
{"pseudonym": "2246ce99b75c4aebaf0cd5d095e35cdb0cbf0f8adaf28ed864467242b621c30c", "origin": "sZ2osZtWk0Rikm4rWSftXk10jZ/dutglalrBOZrfB6gklej7qtFFo+aVatYAsGeNOstATLumsLZmaI6I7nU1qfG6za/hRf8MQk+yoH9MJEZmTtnobq2X8LU5CogAPJuM+uRlcCIsqH37qA5Ex06nfSPLXPu4q0gPE5tc3yYsjfUY+c4t0+qpQmXhDvxA7OMHDPyLLGVWuWgNiw+ZbZJHKyTAV2lxk8xTZRkxdpGCQrK4RGIIFOVIRAcg4cFtVkAc2FeE3q7xHixknTju9/H/12y1Fgoqb3m1yYErohNHZbHUnXNV0h1ki52/Uoaa/4kCuNRmHyaJ3+lOwiYA5YctDShnPIglSjfSsNhz0youFT6yi2ByC9NfbGuL4ykdx5PQ5NfJ9NSP6QGl8MeY7ycy2WTyCx0l"}
{"@timestamp": "2019-07-30T14:37:41.000Z", "@metadata": {"beat": "winlogbeat", "type": "_doc", "version": "7.2.0", "topic": "wineventlog_raw"}, "ecs": {"version": "1.0.0"}, "message": "The process Explorer.EXE has initiated the power off of computer CLIENT1 on behalf of user CLIENT1\\breach for the following reason: Other (Unplanned)\n Reason Code: 0x0\n Shutdown Type: power off\n Comment: ", "winlog": {"event_data": {"param1": "Explorer.EXE", "param2": "CLIENT1", "param3": "Other (Unplanned)", "param4": "0x0", "param5": "power off", "param7": "CLIENT1\\breach", "Binary": "0000000000000000000000000000000000000000000000000000000000000000"}, "user": {"type": "User", "identifier": "<pseudonym:2246ce99b75c4aebaf0cd5d095e35cdb0cbf0f8adaf28ed864467242b621c30c>", "name": "breach", "domain": "CLIENT1"}, "provider_name": "USER32", "record_id": 11544, "task": "", "computer_name": "CLIENT1", "keywords": ["Classic"], "channel": "System", "event_id": 1074, "api": "wineventlog"}, "event": {"kind": "event", "code": 1074, "created": "2019-08-05T08:54:04.776Z"}, "log": {"level": "information"}, "host": {"id": "19fc45ac-5890-4f96-81b1-50ed111c0ce4", "hostname": "CLIENT1", "architecture": "x86", "os": {"name": "Windows 7 Professional", "kernel": "6.1.7601.18741 (win7sp1_gdr.150202-1526)", "build": "7601.0", "platform": "windows", "version": "6.1", "family": "windows"}, "name": "CLIENT1"}, "agent": {"id": "0b755aca-0a9a-454a-9800-1979901962a0", "version": "7.2.0", "type": "winlogbeat", "ephemeral_id": "33f6eec2-a7ba-4caa-97b3-ea43b4f5e172", "hostname": "CLIENT1"}}
{"@timestamp": "2019-07-30T14:38:12.564Z", "@metadata": {"beat": "winlogbeat", "type": "_doc", "version": "7.2.0", "topic": "wineventlog_raw"}, "agent": {"version": "7.2.0", "type": "winlogbeat", "ephemeral_id": "33f6eec2-a7ba-4caa-97b3-ea43b4f5e172", "hostname": "CLIENT1", "id": "0b755aca-0a9a-454a-9800-1979901962a0"}, "ecs": {"version": "1.0.0"}, "host": {"name": "CLIENT1", "hostname": "CLIENT1", "architecture": "x86", "os": {"kernel": "6.1.7601.18741 (win7sp1_gdr.150202-1526)", "build": "7601.0", "platform": "windows", "version": "6.1", "family": "windows", "name": "Windows 7 Professional"}, "id": "19fc45ac-5890-4f96-81b1-50ed111c0ce4"}, "winlog": {"record_id": 11556, "keywords": ["Classic"], "event_data": {"param2": "stopped", "Binary": "44006800630070002F0031000000", "param1": "DHCP Client"}, "channel": "System", "provider_name": "Service Control Manager", "task": "", "provider_guid": "{555908d1-a6d7-4695-8e1e-26931d2012f4}", "process": {"pid": 436, "thread": {"id": 2808}}, "event_id": 7036, "api": "wineventlog", "computer_name": "CLIENT1"}, "event": {"code": 7036, "created": "2019-08-05T08:54:04.776Z", "kind": "event"}, "log": {"level": "information"}, "message": "The DHCP Client service entered the stopped state."}
{"pseudonym": "cd1a3afeeac92cb813605e21e464de7db0ca53fa0190d3a1372a46f60ddd0712", "origin": "FAOefsnaycoax79h4aEvoQlcwbCPXUvsiKxMgn7+WRkBkQYPXuoi9+nF9YyFd7kNxakGK7d8QBHuJ6BxA0ysYFjtjvZfebjzrSOgfXTRDNjUgQDuIVeXSMWVCyztxjguOzEMJD/2fovrqRXSEyNATmLiGURmTnF6SKsQleqNEt/Jx4D4V7+4xRjwV3rE7T219l6Awfdj6gsczABjY9Fe40Mbu8LyvtSY8i9cHlr1NMJAgqRr8BkhY47hwRiIJpRpUCXUdu18joOjYyyvOWDjHy0c5clDGtxThoEulOQ3EPS1Ng3MpLFXGZW0jnMwi5acVm2cTJCSaOtkH0jG+XoZvvcY8/iQomMGkH8YK7RsB5g="}
{"@timestamp": "2019-08-02T09:46:18.718Z", "@metadata": {"beat": "winlogbeat", "type": "_doc", "version": "7.2.0", "topic": "wineventlog_raw"}, "agent": {"hostname": "CLIENT1", "id": "0b755aca-0a9a-454a-9800-1979901962a0", "version": "7.2.0", "type": "winlogbeat", "ephemeral_id": "33f6eec2-a7ba-4caa-97b3-ea43b4f5e172"}, "ecs": {"version": "1.0.0"}, "host": {"architecture": "x86", "os": {"name": "Windows 7 Professional", "kernel": "6.1.7601.18741 (win7sp1_gdr.150202-1526)", "build": "7601.0", "platform": "windows", "version": "6.1", "family": "windows"}, "id": "19fc45ac-5890-4f96-81b1-50ed111c0ce4", "name": "CLIENT1", "hostname": "CLIENT1"}, "winlog": {"channel": "System", "event_id": 20010, "provider_name": "Microsoft-Windows-UserPnp", "user": {"name": "SYSTEM", "domain": "NT AUTHORITY", "type": "User", "identifier": "<pseudonym:cd1a3afeeac92cb813605e21e464de7db0ca53fa0190d3a1372a46f60ddd0712>"}, "process": {"thread": {"id": 564}, "pid": 548}, "api": "wineventlog", "computer_name": "CLIENT1", "opcode": "Info", "provider_guid": "{96F4A050-7E31-453C-88BE-9634F4E02139}", "user_data": {"InstallSubsystemState": "true", "CachingSubsystemState": "true", "xml_name": "INFO_PNP_STATE"}, "record_id": 11590, "task": ""}, "event": {"kind": "event", "code": 20010, "created": "2019-08-05T08:54:04.777Z"}, "log": {"level": "information"}, "message": "One or more of the Plug and Play service's subsystems has changed state. \n\nPlugPlay install subsystem enabled: 'true' \nPlugPlay caching subsystem enabled: 'true' "}
{"pseudonym": "cd1a3afeeac92cb813605e21e464de7db0ca53fa0190d3a1372a46f60ddd0712", "origin": "iurMJ9dlrKLbfdnIP+XtGcVHClmkpdx5/e16jyC13sZaSw8yCvWycjqWSrBWrnM2QWh56zMcKgSoLxX8j6sBBwxOBTYqIGiVSYM4lnZtziwPLZDHoZg/EHTvFIV5f6g3pNybMAWrwkj+ai6B4Bqc19w5Wt3eBaGWGXLnea67zl3KWl1KbB3Bm3lkaPbcmwq95W8xQkdTDAIQZPciGPSjp1WfWKN+a+TeGgbs1DMH+fcCBLaK/6pV3Cn/2UByq/cCUfFw2N+hvZ1Lbhpkx0rBszlAnrMNadas9yhqVMjfcZPAIf2f68FB+Ot3uTqOTOO4T8pRZb2O8g2JbhgtnWoIPqr8vVWBJ5yV5do8Lsx+45k="}
{"@timestamp": "2019-08-02T09:46:19.046Z", "@metadata": {"beat": "winlogbeat", "type": "_doc", "version": "7.2.0", "topic": "wineventlog_raw"}, "message": "File System Filter 'luafv' (6.1, \u200e2009\u200e-\u200e07\u200e-\u200e14T01:15:44.000000000Z) has successfully loaded and registered with Filter Manager.", "winlog": {"computer_name": "CLIENT1", "user": {"domain": "NT AUTHORITY", "type": "User", "identifier": "<pseudonym:cd1a3afeeac92cb813605e21e464de7db0ca53fa0190d3a1372a46f60ddd0712>", "name": "SYSTEM"}, "api": "wineventlog", "opcode": "Info", "channel": "System", "record_id": 11592, "process": {"pid": 4, "thread": {"id": 48}}, "event_data": {"DeviceNameLength": "5", "DeviceName": "luafv", "DeviceTime": "2009-07-14T01:15:44.000000000Z", "FinalStatus": "0x0", "DeviceVersionMajor": "6", "DeviceVersionMinor": "1"}, "event_id": 6, "task": "", "provider_guid": "{F3C5E28E-63F6-49C7-A204-E48A1BC4B09D}", "provider_name": "Microsoft-Windows-FilterManager"}, "event": {"kind": "event", "code": 6, "created": "2019-08-05T08:54:04.777Z"}, "log": {"level": "information"}, "host": {"name": "CLIENT1", "id": "19fc45ac-5890-4f96-81b1-50ed111c0ce4", "hostname": "CLIENT1", "architecture": "x86", "os": {"platform": "windows", "version": "6.1", "family": "windows", "name": "Windows 7 Professional", "kernel": "6.1.7601.18741 (win7sp1_gdr.150202-1526)", "build": "7601.0"}}, "agent": {"type": "winlogbeat", "ephemeral_id": "33f6eec2-a7ba-4caa-97b3-ea43b4f5e172", "hostname": "CLIENT1", "id": "0b755aca-0a9a-454a-9800-1979901962a0", "version": "7.2.0"}, "ecs": {"version": "1.0.0"}}
{"@timestamp": "2019-08-02T09:46:23.562Z", "@metadata": {"beat": "winlogbeat", "type": "_doc", "version": "7.2.0", "topic": "wineventlog_raw"}, "winlog": {"keywords": ["Classic"], "record_id": 11601, "task": "", "api": "wineventlog", "process": {"pid": 440, "thread": {"id": 528}}, "event_data": {"param2": "running", "Binary": "500072006F0066005300760063002F0034000000", "param1": "User Profile Service"}, "channel": "System", "provider_name": "Service Control Manager", "computer_name": "CLIENT1", "provider_guid": "{555908d1-a6d7-4695-8e1e-26931d2012f4}", "event_id": 7036}, "event": {"kind": "event", "code": 7036, "created": "2019-08-05T08:54:04.777Z"}, "log": {"level": "information"}, "message": "The User Profile Service service entered the running state.", "host": {"os": {"platform": "windows", "version": "6.1", "family": "windows", "name": "Windows 7 Professional", "kernel": "6.1.7601.18741 (win7sp1_gdr.150202-1526)", "build": "7601.0"}, "id": "19fc45ac-5890-4f96-81b1-50ed111c0ce4", "name": "CLIENT1", "hostname": "CLIENT1", "architecture": "x86"}, "agent": {"type": "winlogbeat", "ephemeral_id": "33f6eec2-a7ba-4caa-97b3-ea43b4f5e172", "hostname": "CLIENT1", "id": "0b755aca-0a9a-454a-9800-1979901962a0", "version": "7.2.0"}, "ecs": {"version": "1.0.0"}}
