{"@timestamp": "2019-08-02T09:54:23.037Z", "@metadata": {"beat": "winlogbeat", "type": "_doc", "version": "7.2.0", "topic": "wineventlog_raw"}, "winlog": {"api": "wineventlog", "provider_guid": "{555908d1-a6d7-4695-8e1e-26931d2012f4}", "process": {"pid": 440, "thread": {"id": 2680}}, "keywords": ["Classic"], "event_id": 7036, "computer_name": "CLIENT1", "event_data": {"param2": "stopped", "Binary": "50006F006C006900630079004100670065006E0074002F0031000000", "param1": "IPsec Policy Agent"}, "channel": "System", "record_id": 11688, "task": "", "provider_name": "Service Control Manager"}, "event": {"kind": "event", "code": 7036, "created": "2019-08-02T09:55:12.090Z"}, "log": {"level": "information"}, "message": "The IPsec Policy Agent service entered the stopped state.", "host": {"architecture": "x86", "os": {"family": "windows", "name": "Windows 7 Professional", "kernel": "6.1.7601.18741 (win7sp1_gdr.150202-1526)", "build": "7601.0", "platform": "windows", "version": "6.1"}, "name": "CLIENT1", "id": "19fc45ac-5890-4f96-81b1-50ed111c0ce4", "hostname": "CLIENT1"}, "agent": {"hostname": "CLIENT1", "id": "0b755aca-0a9a-454a-9800-1979901962a0", "version": "7.2.0", "type": "winlogbeat", "ephemeral_id": "de845cd9-5141-4c92-ad32-27a4518307e9"}, "ecs": {"version": "1.0.0"}}
{"@timestamp": "2019-08-02T09:54:23.521Z", "@metadata": {"beat": "winlogbeat", "type": "_doc", "version": "7.2.0", "topic": "wineventlog_raw"}, "ecs": {"version": "1.0.0"}, "host": {"architecture": "x86", "name": "CLIENT1", "os": {"name": "Windows 7 Professional", "kernel": "6.1.7601.18741 (win7sp1_gdr.150202-1526)", "build": "7601.0", "platform": "windows", "version": "6.1", "family": "windows"}, "id": "19fc45ac-5890-4f96-81b1-50ed111c0ce4", "hostname": "CLIENT1"}, "agent": {"id": "0b755aca-0a9a-454a-9800-1979901962a0", "version": "7.2.0", "type": "winlogbeat", "ephemeral_id": "de845cd9-5141-4c92-ad32-27a4518307e9", "hostname": "CLIENT1"}, "winlog": {"provider_guid": "{555908d1-a6d7-4695-8e1e-26931d2012f4}", "event_data": {"Binary": "46006F006E007400430061006300680065002F0031000000", "param1": "Windows Font Cache Service", "param2": "stopped"}, "event_id": 7036, "computer_name": "CLIENT1", "keywords": ["Classic"], "task": "", "provider_name": "Service Control Manager", "api": "wineventlog", "process": {"thread": {"id": 2680}, "pid": 440}, "record_id": 11691, "channel": "System"}, "event": {"kind": "event", "code": 7036, "created": "2019-08-02T09:55:12.090Z"}, "log": {"level": "information"}, "message": "The Windows Font Cache Service service entered the stopped state."}
{"pseudonym": "88300c8916832c3352893b38edeeb13dae715dc9604444fc4d9bdd509aba6c1d", "origin": "FnD9YEzhhVs9ij9+7OOUjK8SaxyzwwW8Lx4SzUZdJQ+1mBxdaISbUTV2gmou0f+ysj1Z+XIBonEPzrYpUQkvJ2lK89Xv1GL5SO91iNDxkrE7w59DehCmoAnyxJILQBZbQxgAgk+19iiniZ+hXloTyC2z+DVId+onxt9dJi1fUYMntw1wqj1jex4o6XyKMlluPbwEa+tUHfJf8+Tmro6JszMRGracEPUb6kcTJFcGBUxTydmUxQ/zne+w7UkHlGoCzTsqiGemejY7g2CVtQTG5gADkHDtCmGVc2igIvHUme9XHqqV6MrOrQ0d1j2En6jYRxg6vfNDt8O5Z2X7nzg1WGsM+uDVy8BkGiq9g87AQMs="}
{"@timestamp": "2019-08-02T09:54:58.765Z", "@metadata": {"beat": "winlogbeat", "type": "_doc", "version": "7.2.0", "topic": "wineventlog_raw"}, "ecs": {"version": "1.0.0"}, "host": {"os": {"family": "windows", "name": "Windows 7 Professional", "kernel": "6.1.7601.18741 (win7sp1_gdr.150202-1526)", "build": "7601.0", "platform": "windows", "version": "6.1"}, "name": "CLIENT1", "id": "19fc45ac-5890-4f96-81b1-50ed111c0ce4", "hostname": "CLIENT1", "architecture": "x86"}, "log": {"level": "information"}, "message": "DHCPv4 client service is started", "winlog": {"channel": "System", "event_id": 50036, "process": {"pid": 712, "thread": {"id": 1020}}, "provider_guid": "{15A7A4F8-0072-4EAB-ABAD-F98A4D666AED}", "task": "Service State Event", "computer_name": "CLIENT1", "user": {"type": "Well Known Group", "identifier": "<pseudonym:88300c8916832c3352893b38edeeb13dae715dc9604444fc4d9bdd509aba6c1d>", "name": "LOCAL SERVICE", "domain": "NT AUTHORITY"}, "provider_name": "Microsoft-Windows-Dhcp-Client", "opcode": "ServiceStart", "record_id": 11725, "api": "wineventlog"}, "event": {"created": "2019-08-02T09:55:12.091Z", "kind": "event", "code": 50036, "action": "Service State Event"}, "agent": {"ephemeral_id": "de845cd9-5141-4c92-ad32-27a4518307e9", "hostname": "CLIENT1", "id": "0b755aca-0a9a-454a-9800-1979901962a0", "version": "7.2.0", "type": "winlogbeat"}}
{"@timestamp": "2019-08-02T09:54:58.843Z", "@metadata": {"beat": "winlogbeat", "type": "_doc", "version": "7.2.0", "topic": "wineventlog_raw"}, "log": {"level": "information"}, "message": "The DHCP Client service entered the running state.", "winlog": {"keywords": ["Classic"], "provider_guid": "{555908d1-a6d7-4695-8e1e-26931d2012f4}", "event_data": {"param1": "DHCP Client", "param2": "running", "Binary": "44006800630070002F0034000000"}, "task": "", "process": {"pid": 440, "thread": {"id": 520}}, "channel": "System", "api": "wineventlog", "event_id": 7036, "provider_name": "Service Control Manager", "record_id": 11727, "computer_name": "CLIENT1"}, "event": {"kind": "event", "code": 7036, "created": "2019-08-02T09:55:12.091Z"}, "ecs": {"version": "1.0.0"}, "host": {"name": "CLIENT1", "os": {"kernel": "6.1.7601.18741 (win7sp1_gdr.150202-1526)", "build": "7601.0", "platform": "windows", "version": "6.1", "family": "windows", "name": "Windows 7 Professional"}, "id": "19fc45ac-5890-4f96-81b1-50ed111c0ce4", "hostname": "CLIENT1", "architecture": "x86"}, "agent": {"id": "0b755aca-0a9a-454a-9800-1979901962a0", "version": "7.2.0", "type": "winlogbeat", "ephemeral_id": "de845cd9-5141-4c92-ad32-27a4518307e9", "hostname": "CLIENT1"}}
{"@timestamp": "2019-08-02T09:46:17.718Z", "@metadata": {"beat": "winlogbeat", "type": "_doc", "version": "7.2.0", "topic": "wineventlog_raw"}, "agent": {"hostname": "CLIENT1", "id": "0b755aca-0a9a-454a-9800-1979901962a0", "version": "7.2.0", "type": "winlogbeat", "ephemeral_id": "de845cd9-5141-4c92-ad32-27a4518307e9"}, "ecs": {"version": "1.0.0"}, "host": {"name": "CLIENT1", "hostname": "CLIENT1", "architecture": "x86", "os": {"version": "6.1", "family": "windows", "name": "Windows 7 Professional", "kernel": "6.1.7601.18741 (win7sp1_gdr.150202-1526)", "build": "7601.0", "platform": "windows"}, "id": "19fc45ac-5890-4f96-81b1-50ed111c0ce4"}, "winlog": {"provider_guid": "{54849625-5478-4994-A5BA-3E3B0328C30D}", "channel": "Security", "task": "Audit Policy Change", "api": "wineventlog", "process": {"pid": 448, "thread": {"id": 500}}, "opcode": "Info", "event_data": {"PuaCount": "0", "PuaPolicyId": "0x5e4f"}, "event_id": 4902, "provider_name": "Microsoft-Windows-Security-Auditing", "record_id": 4642, "computer_name": "CLIENT1", "keywords": ["Audit Success"]}, "event": {"kind": "event", "code": 4902, "action": "Audit Policy Change", "created": "2019-08-02T09:55:12.133Z"}, "log": {"level": "information"}, "message": "The Per-user audit policy table was created.\n\nNumber of Elements:\t0\nPolicy ID:\t0x5e4f"}
{"pseudonym": "e887f3a09fdddf7c81a563b81f90ed9499d86badaa6173d1aa197a2b544d13b1", "origin": "O5XwtvG2T8bzgaKi4E/ndzFAS4o8BgEQQAGKP5YAhbGUxk5sdwiEIaEw764ghNChY02tDDqxL8tlpI8DgXeJV4CTex+Z6hqB9Y2O9VQ5qpPr/ggLa5n11/iSs7RBCGpa95o6ZfwhL1GMCPqJ/dV0Ykw64UJVgFvD/KeblBxDWaSG6G3T4bSZDywHLoQDBXPkPiN8DdWMhsFeAwq+an+QKjAud+12KwLZzSLUoD4KO11gbMx35CCSC50Rx99QXVFriOnAASQn3PA5mwupu3DMZeH+jPXTJiMaANXsJdvm9wNZtWl6Z7GkuohtVjGHCyigu8ogdDySwc2qzeZbsLy8zfBKQGvcjTGDCSajYbXlcTw="}
{"pseudonym": "387dddca7f9c9fa71c41295d7790d3bcd791cfe79b2dd4843551dfd0bf47acf2", "origin": "oNosU3Na//kYzy5kEuX01qweOF4wpxts8dSLmE3wUsYuCrtStypZ1B9J6PivDecOlnD5BPtnUCMZ5PBcfJgK8yfkMHKL3CaVmq32iOwzDp2pUOaGEB1fBMXgNaNKH5l4bMlS5ShM48MphWfefGa27AHiwhZICBW9RC9DL3oAQJY9jCRPL7AYi5A6BKbMZKITnkgrABaWcYaryt139dUyFnHpqIN3C7vJfr4OH0n3SRBvtq/gLm81o83F2lZNWWptaOTOTq/F3HjN/lA3/aSujmti9405xmv99YwERwM+6n4ZojlCJGr9Hz3MqA0ANkxx/NtY200oJmfDVheLoHUVyldAluuq6UqLbMKza5kx"}
{"pseudonym": "cd1a3afeeac92cb813605e21e464de7db0ca53fa0190d3a1372a46f60ddd0712", "origin": "HKg+enMfbTWCm5+vlC0PVNu2KWfZOyurrG+gOIZ+spknOrw1CCZTK7wQjv9hFNsevDciw5S7ezBbUFkJkc0jl7t5i3TCtMaXiaxyknYCEavWtHTfNd1PJRAbfPi6953XGXnmN8P7pjR8kMrXLDo+sqVSqsQXT2Z3ozW1w2AUVxty08QF4cGtImNgMvMTlvcQwJMHtBG7d7JPylT+2J1rQm1ERwdVHOIZck248KZ697VjjEq8Io90qcYrgBZ7PZXAUJEzDQyyCcwPi8vix7zsdBJ7TZsL887W0Qlv3t8BYW9Y2PW6yhkim7rcOKHmoiBCYI1csQhWlAXbxjsW+Kck+bd3wqVXLC7jfksfHpmdj44="}
{"pseudonym": "91d121bc503735a145e0e9869d792d26f6b22784210a0daf5b63840be2abf69a", "origin": "tNbLfwRFM1hnxqVKN3ZqdDCtXpEW5gODPd1pRGq1wyVnwc7hQFlMswj2w0KUMNVm2BK9XswuqppOmBr9VykYK65Le7XaNShSY00c5lfTipY1u8aYYWmFtgQsjgs2mBLUwZCJ3Ge+Ve74FThnSNfHNcbcxanXVMk6eyLHp9cS6gYcjvP4kI/0XGS+AeI77yaChFbDknkyqOCCkHEgV0I3yDYp8ZeXoZVL/hqV6ulYS6uc1yt/KjuchemONP260RJnxcupPFUMRnAtDXkMdM1UfbCSQDCQgEh2Qxk9XhY4aHdXw3Df5fuwi7bkK7fYBylNXDk+K7V9tALrOp06DoSlcdKPgfFwRm3akA=="}
{"@timestamp": "2019-08-02T09:46:20.531Z", "@metadata": {"beat": "winlogbeat", "type": "_doc", "version": "7.2.0", "topic": "wineventlog_raw"}, "user": {"id": "S-1-5-18", "name": "<pseudonym:387dddca7f9c9fa71c41295d7790d3bcd791cfe79b2dd4843551dfd0bf47acf2>", "domain": "NT AUTHORITY"}, "agent": {"hostname": "CLIENT1", "id": "0b755aca-0a9a-454a-9800-1979901962a0", "version": "7.2.0", "type": "winlogbeat", "ephemeral_id": "de845cd9-5141-4c92-ad32-27a4518307e9"}, "message": "An account was successfully logged on.\n\nSubject:\n\tSecurity ID:\t\tS-1-5-18\n\tAccount Name:\t\tCLIENT1$\n\tAccount Domain:\t\tWORKGROUP\n\tLogon ID:\t\t0x3e7\n\nLogon Type:\t\t\t5\n\nNew Logon:\n\tSecurity ID:\t\tS-1-5-18\n\tAccount Name:\t\tSYSTEM\n\tAccount Domain:\t\tNT AUTHORITY\n\tLogon ID:\t\t0x3e7\n\tLogon GUID:\t\t{00000000-0000-0000-0000-000000000000}\n\nProcess Information:\n\tProcess ID:\t\t0x1b8\n\tProcess Name:\t\tC:\\Windows\\System32\\services.exe\n\nNetwork Information:\n\tWorkstation Name:\t\n\tSource Network Address:\t-\n\tSource Port:\t\t-\n\nDetailed Authentication Information:\n\tLogon Process:\t\tAdvapi  \n\tAuthentication Package:\tNegotiate\n\tTransited Services:\t-\n\tPackage Name (NTLM only):\t-\n\tKey Length:\t\t0\n\nThis event is generated when a logon session is created. It is generated on the computer that was accessed.\n\nThe subject fields indicate the account on the local system which requested the logon. This is most commonly a service such as the Server service, or a local process such as Winlogon.exe or Services.exe.\n\nThe logon type field indicates the kind of logon that occurred. The most common types are 2 (interactive) and 3 (network).\n\nThe New Logon fields indicate the account for whom the new logon was created, i.e. the account that was logged on.\n\nThe network fields indicate where a remote logon request originated. Workstation name is not always available and may be left blank in some cases.\n\nThe authentication information fields provide detailed information about this specific logon request.\n\t- Logon GUID is a unique identifier that can be used to correlate this event with a KDC event.\n\t- Transited services indicate which intermediate services have participated in this logon request.\n\t- Package name indicates which sub-protocol was used among the NTLM protocols.\n\t- Key length indicates the length of the generated session key. This will be 0 if no session key was requested.", "log": {"level": "information"}, "process": {"pid": 440, "executable": "C:\\Windows\\System32\\services.exe", "name": "services.exe"}, "ecs": {"version": "1.0.0"}, "host": {"name": "CLIENT1", "hostname": "CLIENT1", "architecture": "x86", "os": {"kernel": "6.1.7601.18741 (win7sp1_gdr.150202-1526)", "build": "7601.0", "platform": "windows", "version": "6.1", "family": "windows", "name": "Windows 7 Professional"}, "id": "19fc45ac-5890-4f96-81b1-50ed111c0ce4"}, "winlog": {"keywords": ["Audit Success"], "provider_name": "Microsoft-Windows-Security-Auditing", "event_id": 4624, "opcode": "Info", "provider_guid": "{54849625-5478-4994-A5BA-3E3B0328C30D}", "process": {"thread": {"id": 504}, "pid": 448}, "event_data": {"LogonGuid": "{00000000-0000-0000-0000-000000000000}", "SubjectDomainName": "WORKGROUP", "IpAddress": "<pseudonym:91d121bc503735a145e0e9869d792d26f6b22784210a0daf5b63840be2abf69a>", "LmPackageName": "-", "KeyLength": "0", "TargetLogonId": "0x3e7", "LogonType": "5", "SubjectUserSid": "<pseudonym:cd1a3afeeac92cb813605e21e464de7db0ca53fa0190d3a1372a46f60ddd0712>", "TransmittedServices": "-", "IpPort": "-", "SubjectUserName": "<pseudonym:e887f3a09fdddf7c81a563b81f90ed9499d86badaa6173d1aa197a2b544d13b1>", "LogonProcessName": "Advapi  ", "SubjectLogonId": "0x3e7", "AuthenticationPackageName": "Negotiate"}, "record_id": 4651, "task": "Logon", "api": "wineventlog", "channel": "Security", "computer_name": "CLIENT1"}, "event": {"kind": "event", "code": 4624, "action": "Logon", "created": "2019-08-02T09:55:12.135Z", "category": "authentication", "type": "authentication_success"}}
{"@timestamp": "2019-08-02T09:55:03.000Z", "@metadata": {"beat": "winlogbeat", "type": "_doc", "version": "7.2.0", "topic": "wineventlog_raw"}, "ecs": {"version": "1.0.0"}, "host": {"os": {"version": "6.1", "family": "windows", "name": "Windows 7 Professional", "kernel": "6.1.7601.18741 (win7sp1_gdr.150202-1526)", "build": "7601.0", "platform": "windows"}, "id": "19fc45ac-5890-4f96-81b1-50ed111c0ce4", "hostname": "CLIENT1", "architecture": "x86", "name": "CLIENT1"}, "winlog": {"channel": "Application", "event_id": 0, "provider_name": "FreeSSHDService", "record_id": 2928, "task": "", "api": "wineventlog", "computer_name": "CLIENT1", "event_data": {"param1": "Service started"}}, "event": {"kind": "event", "code": 0, "created": "2019-08-02T09:55:12.182Z"}, "log": {"level": "information"}, "agent": {"hostname": "CLIENT1", "id": "0b755aca-0a9a-454a-9800-1979901962a0", "version": "7.2.0", "type": "winlogbeat", "ephemeral_id": "de845cd9-5141-4c92-ad32-27a4518307e9"}}
{"@timestamp": "2019-08-02T09:54:20.925Z", "@metadata": {"beat": "winlogbeat", "type": "_doc", "version": "7.2.0", "topic": "wineventlog_raw"}, "message": "The event logging service has shut down.", "winlog": {"channel": "Security", "keywords": ["Audit Success"], "event_id": 1100, "record_id": 4670, "api": "wineventlog", "provider_name": "Microsoft-Windows-Eventlog", "task": "Service shutdown", "provider_guid": "{fc65ddd8-d6ef-4962-83d5-6e5cfe9ce148}", "computer_name": "CLIENT1", "opcode": "Info", "process": {"pid": 712, "thread": {"id": 2936}}}, "ecs": {"version": "1.0.0"}, "host": {"name": "CLIENT1", "hostname": "CLIENT1", "architecture": "x86", "os": {"version": "6.1", "family": "windows", "name": "Windows 7 Professional", "kernel": "6.1.7601.18741 (win7sp1_gdr.150202-1526)", "build": "7601.0", "platform": "windows"}, "id": "19fc45ac-5890-4f96-81b1-50ed111c0ce4"}, "agent": {"type": "winlogbeat", "ephemeral_id": "de845cd9-5141-4c92-ad32-27a4518307e9", "hostname": "CLIENT1", "id": "0b755aca-0a9a-454a-9800-1979901962a0", "version": "7.2.0"}, "event": {"action": "Service shutdown", "created": "2019-08-02T09:55:12.183Z", "kind": "event", "code": 1100}, "log": {"level": "information"}}
{"pseudonym": "387dddca7f9c9fa71c41295d7790d3bcd791cfe79b2dd4843551dfd0bf47acf2", "origin": "o82pNdvXpivJN05kqyJ3aDTpJVgvFx9ESEG5MW5ScB3MEBCgTPPlb3SfXb6e7CwnXHL0AKk/xoqCkJys8fB7/TLlVnN3bUqrTa/fdDMFSCC94RalLfH2xL2z11FvDT5enSggozCPtZFEVl2OWUkHZQfZUrHBkkCDByJJKEBOtedHng0rBODIOAeSGIdF4w8ogUNyjaN6fTJcXIceYvODUdF6+ZLtza+UzW3fuA+JjuO2Zg7N1LlMrR9XE3N1bv6+bYkpgZjaOUsP7vmItDf5qwCFfxAxBsbxQ1hU7PWPJz1Dlra6fX4iKxtHkS4mP+RsyyTvbV4cAW50S6cVmnOUfVWPSptyiotdzDIK33GW"}
{"pseudonym": "cd1a3afeeac92cb813605e21e464de7db0ca53fa0190d3a1372a46f60ddd0712", "origin": "cJ1UKuLvcoY3Ap0FjHkFuxQ8+gh3/ZaI5RLnBIt5t+RcNda5EG1Q8KkFxCJWqWnyMYdlVeELhbSrxs/rFxSoV4XzO3RLmGA6jH+EKQTg9YqONO3ModSgUQ34CZsJYUFoBwZg8ryX5ykqtgebK/sMp8WngOm4U6UeR/VGXn8o+rr3cAdd1fKYqSDjT9RT2AgVdHvCkFR3Cv8PQQ37j9R/ZThY7zKuS7Dd4UHrhqXv9H4EC3ck1HTcFEof4yirCISCpjBjy+Kho1zDSWnhjWy3yl1/yjKq+M3CJdoJGOcHntvoP9O8hORVfjp2cJ4zbc3f1QzQxJGpE/ZZms4FUCPw6RfbDeIBrAfR6/4n88igNio="}
{"@timestamp": "2019-08-02T09:54:54.937Z", "@metadata": {"beat": "winlogbeat", "type": "_doc", "version": "7.2.0", "topic": "wineventlog_raw"}, "winlog": {"event_id": 4672, "record_id": 4675, "channel": "Security", "provider_name": "Microsoft-Windows-Security-Auditing", "task": "Special Logon", "computer_name": "CLIENT1", "keywords": ["Audit Success"], "api": "wineventlog", "provider_guid": "{54849625-5478-4994-A5BA-3E3B0328C30D}", "process": {"pid": 448, "thread": {"id": 512}}, "opcode": "Info", "event_data": {"SubjectLogonId": "0x3e7", "PrivilegeList": "SeAssignPrimaryTokenPrivilege\n\t\t\tSeTcbPrivilege\n\t\t\tSeSecurityPrivilege\n\t\t\tSeTakeOwnershipPrivilege\n\t\t\tSeLoadDriverPrivilege\n\t\t\tSeBackupPrivilege\n\t\t\tSeRestorePrivilege\n\t\t\tSeDebugPrivilege\n\t\t\tSeAuditPrivilege\n\t\t\tSeSystemEnvironmentPrivilege\n\t\t\tSeImpersonatePrivilege", "SubjectUserSid": "<pseudonym:cd1a3afeeac92cb813605e21e464de7db0ca53fa0190d3a1372a46f60ddd0712>", "SubjectUserName": "<pseudonym:387dddca7f9c9fa71c41295d7790d3bcd791cfe79b2dd4843551dfd0bf47acf2>", "SubjectDomainName": "NT AUTHORITY"}}, "event": {"code": 4672, "action": "Special Logon", "created": "2019-08-02T09:55:12.184Z", "kind": "event"}, "log": {"level": "information"}, "message": "Special privileges assigned to new logon.\n\nSubject:\n\tSecurity ID:\t\tS-1-5-18\n\tAccount Name:\t\tSYSTEM\n\tAccount Domain:\t\tNT AUTHORITY\n\tLogon ID:\t\t0x3e7\n\nPrivileges:\t\tSeAssignPrimaryTokenPrivilege\n\t\t\tSeTcbPrivilege\n\t\t\tSeSecurityPrivilege\n\t\t\tSeTakeOwnershipPrivilege\n\t\t\tSeLoadDriverPrivilege\n\t\t\tSeBackupPrivilege\n\t\t\tSeRestorePrivilege\n\t\t\tSeDebugPrivilege\n\t\t\tSeAuditPrivilege\n\t\t\tSeSystemEnvironmentPrivilege\n\t\t\tSeImpersonatePrivilege", "ecs": {"version": "1.0.0"}, "host": {"hostname": "CLIENT1", "architecture": "x86", "name": "CLIENT1", "os": {"build": "7601.0", "platform": "windows", "version": "6.1", "family": "windows", "name": "Windows 7 Professional", "kernel": "6.1.7601.18741 (win7sp1_gdr.150202-1526)"}, "id": "19fc45ac-5890-4f96-81b1-50ed111c0ce4"}, "agent": {"id": "0b755aca-0a9a-454a-9800-1979901962a0", "version": "7.2.0", "type": "winlogbeat", "ephemeral_id": "de845cd9-5141-4c92-ad32-27a4518307e9", "hostname": "CLIENT1"}}
{"@timestamp": "2019-08-02T09:55:42.000Z", "@metadata": {"beat": "winlogbeat", "type": "_doc", "version": "7.2.0", "topic": "wineventlog_raw"}, "message": "The Desktop Window Manager was unable to start because WDDM is not in use", "winlog": {"keywords": ["Classic"], "channel": "Application", "event_id": 9007, "provider_name": "Desktop Window Manager", "record_id": 2938, "task": "", "api": "wineventlog", "computer_name": "CLIENT1"}, "event": {"code": 9007, "created": "2019-08-02T09:55:43.368Z", "kind": "event"}, "log": {"level": "information"}, "ecs": {"version": "1.0.0"}, "host": {"os": {"kernel": "6.1.7601.18741 (win7sp1_gdr.150202-1526)", "build": "7601.0", "platform": "windows", "version": "6.1", "family": "windows", "name": "Windows 7 Professional"}, "name": "CLIENT1", "id": "19fc45ac-5890-4f96-81b1-50ed111c0ce4", "hostname": "CLIENT1", "architecture": "x86"}, "agent": {"ephemeral_id": "de845cd9-5141-4c92-ad32-27a4518307e9", "hostname": "CLIENT1", "id": "0b755aca-0a9a-454a-9800-1979901962a0", "version": "7.2.0", "type": "winlogbeat"}}
{"pseudonym": "88300c8916832c3352893b38edeeb13dae715dc9604444fc4d9bdd509aba6c1d", "origin": "vxVj7TmmY2o5eWwMzCOg611d1Qo06VIlSGWXIgCFdPcAj6ag/S3b1/bND6F83GEFl7oy54BLP5uClDmsvGznltM4n8BzWeTJR/omo/sUNsJjWejyhlBCwpAfZ+uqgI3QlIxcQcooJhYO8rrpkCfgf3BKziuXhSvfIoH4ZlFHY0Y+fe6Kq8PbeZj9saufW3V1OM8+9Y5t63GPLBxQaQBRgR2CwYk8/cPeqBx19aKvGPHRMPGYJI3CTPyPitA9anrbcoMP4uUFF0RM/xIKBX0Yr4LouWnzmGD4UM3ryO5jb7drv/U6jnwko7s149P7znhy0bob+LGDlKNpUvZYnq7jvvlKn7IptvtqzijH12iz/rc="}
{"@timestamp": "2019-08-02T09:58:12.150Z", "@metadata": {"beat": "winlogbeat", "type": "_doc", "version": "7.2.0", "topic": "wineventlog_raw"}, "host": {"name": "CLIENT1", "id": "19fc45ac-5890-4f96-81b1-50ed111c0ce4", "hostname": "CLIENT1", "architecture": "x86", "os": {"name": "Windows 7 Professional", "kernel": "6.1.7601.18741 (win7sp1_gdr.150202-1526)", "build": "7601.0", "platform": "windows", "version": "6.1", "family": "windows"}}, "agent": {"ephemeral_id": "de845cd9-5141-4c92-ad32-27a4518307e9", "hostname": "CLIENT1", "id": "0b755aca-0a9a-454a-9800-1979901962a0", "version": "7.2.0", "type": "winlogbeat"}, "winlog": {"record_id": 11775, "task": "", "provider_guid": "{06EDCFEB-0FD0-4E53-ACCA-A6F8BBF81BCB}", "channel": "System", "event_id": 37, "opcode": "Info", "user": {"name": "LOCAL SERVICE", "domain": "NT AUTHORITY", "type": "Well Known Group", "identifier": "<pseudonym:88300c8916832c3352893b38edeeb13dae715dc9604444fc4d9bdd509aba6c1d>"}, "provider_name": "Microsoft-Windows-Time-Service", "process": {"pid": 944, "thread": {"id": 3524}}, "event_data": {"TimeSource": "companyrouter.localdomain,0x9 (ntp.m|0x9|0.0.0.0:123->172.16.0.1:123)"}, "api": "wineventlog", "computer_name": "CLIENT1"}, "event": {"kind": "event", "code": 37, "created": "2019-08-02T09:58:13.247Z"}, "log": {"level": "information"}, "message": "The time provider NtpClient is currently receiving valid time data from companyrouter.localdomain,0x9 (ntp.m|0x9|0.0.0.0:123->172.16.0.1:123).", "ecs": {"version": "1.0.0"}}
{"pseudonym": "cd1a3afeeac92cb813605e21e464de7db0ca53fa0190d3a1372a46f60ddd0712", "origin": "EhGo9cwL5QOoEtLxA4P8JaFF8fwuaW+NtIZChuMdGnd91sqxWq6nuYIn2oy39WsS+/s0wr/6ELkkrmxIorl/MqQ0OdrlwaXmPntrsZ4ZwZEibdHfpI6ad2/eIiNeCVx6sy89BN7FGprdLxoP9an8Rfsd1YFnvfLoLQi1FUESMudZ9ML8wpKN/o7M0cgjvlWrme+ELHJ5j1sLwhwz1Br93cdnGGarT92ToTbmxtseaQvyXs7tALR2eOMy20atR1sFPbqTk9SDvRPmuQLmwKsPdWcT1r6ptgqZiahQa4f5fEG0Rqf9C7jkwhyvp+reU+ojxpyzB+Th+IKWW8WQ7qsHqjoLuWf0C4pLKNiPOu/09No="}
{"@timestamp": "2019-08-02T09:59:20.440Z", "@metadata": {"beat": "winlogbeat", "type": "_doc", "version": "7.2.0", "topic": "wineventlog_raw"}, "agent": {"hostname": "CLIENT1", "id": "0b755aca-0a9a-454a-9800-1979901962a0", "version": "7.2.0", "type": "winlogbeat", "ephemeral_id": "de845cd9-5141-4c92-ad32-27a4518307e9"}, "winlog": {"channel": "Application", "record_id": 2946, "api": "wineventlog", "event_id": 1000, "provider_name": "Microsoft-Windows-LoadPerf", "provider_guid": "{122EE297-BB47-41AE-B265-1CA8D1886D40}", "task": "", "opcode": "Info", "process": {"thread": {"id": 1372}, "pid": 1304}, "user": {"name": "SYSTEM", "domain": "NT AUTHORITY", "type": "User", "identifier": "<pseudonym:cd1a3afeeac92cb813605e21e464de7db0ca53fa0190d3a1372a46f60ddd0712>"}, "computer_name": "CLIENT1", "user_data": {"param1": "WmiApRpl", "param2": "WmiApRpl", "binaryDataSize": "16", "binaryData": "DA25000080260000DB25000081260000", "xml_name": "EventXML"}}, "event": {"code": 1000, "created": "2019-08-02T09:59:21.419Z", "kind": "event"}, "log": {"level": "information"}, "message": "Performance counters for the WmiApRpl (WmiApRpl) service were loaded successfully. The Record Data in the data section contains the new index values assigned to this service.", "ecs": {"version": "1.0.0"}, "host": {"id": "19fc45ac-5890-4f96-81b1-50ed111c0ce4", "hostname": "CLIENT1", "architecture": "x86", "name": "CLIENT1", "os": {"platform": "windows", "version": "6.1", "family": "windows", "name": "Windows 7 Professional", "kernel": "6.1.7601.18741 (win7sp1_gdr.150202-1526)", "build": "7601.0"}}}
{"@timestamp": "2019-08-02T10:02:01.341Z", "@metadata": {"beat": "winlogbeat", "type": "_doc", "version": "7.2.0", "topic": "wineventlog_raw"}, "agent": {"type": "winlogbeat", "ephemeral_id": "de845cd9-5141-4c92-ad32-27a4518307e9", "hostname": "CLIENT1", "id": "0b755aca-0a9a-454a-9800-1979901962a0", "version": "7.2.0"}, "message": "The Adobe Flash Player Update Service service entered the running state.", "winlog": {"provider_name": "Service Control Manager", "provider_guid": "{555908d1-a6d7-4695-8e1e-26931d2012f4}", "record_id": 11780, "process": {"pid": 440, "thread": {"id": 2708}}, "event_data": {"param1": "Adobe Flash Player Update Service", "param2": "running", "Binary": "410064006F006200650046006C0061007300680050006C0061007900650072005500700064006100740065005300760063002F0034000000"}, "channel": "System", "event_id": 7036, "task": "", "api": "wineventlog", "computer_name": "CLIENT1", "keywords": ["Classic"]}, "event": {"kind": "event", "code": 7036, "created": "2019-08-02T10:02:02.769Z"}, "log": {"level": "information"}, "ecs": {"version": "1.0.0"}, "host": {"hostname": "CLIENT1", "architecture": "x86", "name": "CLIENT1", "os": {"version": "6.1", "family": "windows", "name": "Windows 7 Professional", "kernel": "6.1.7601.18741 (win7sp1_gdr.150202-1526)", "build": "7601.0", "platform": "windows"}, "id": "19fc45ac-5890-4f96-81b1-50ed111c0ce4"}}
{"pseudonym": "91d121bc503735a145e0e9869d792d26f6b22784210a0daf5b63840be2abf69a", "origin": "Og79cBv4iMIH1XiwRJ58I+7wC4gaVcG0BBx6ttqpJdYRoKpy3vd/nJLo+RQWpLcTWgWwmOG4JRix1m3aKP26SulbSL7JEK32+nUMLynF24EMm28+2ODm+qekJe9MRhz0EiI4IZq++uHwM9F7jA9J33yH+5EbqcatyOwyV5dOeX6852y014IkXXYF3Yg53U7MCq+haoeOK+AHCCs79saopPjxnRoSPYQfLFzwJ1YlcZMWSC2+7VSL3aVfWJo80i5NLZH9DFhB8A3NuWqxW8nX4NTy18Nw8cMe6fui5nDabayK0/DJS/yOVejaXY4x2ltaApnj8drblB6LcusAuNFGkdcez1FgOiEHdw=="}
{"pseudonym": "0a9c916a1c62614052ce38685fcd44542130ac1c6073e5b7a9a2cba0a2f994ad", "origin": "ZNvtTFLCASUnq9G/sScCQz9DF0n+L9/XX5RZTJGpVLiAuflgQgVUdSo1abRwpNSWD/4gsbLDgbGXjUO+YOGhSiZJpQOT2bIm9QkT1nMGxhdoJwbACZO5IcrfhAnOGOjkhOdNJzlBHmXHozB/G6jNovjmHtjZz/EO21P/DdoNNI2+BXNjtOiz23f1LQo+oCeecpRd5baejUQoUm55SozXJBNGOV9WL/az5/hWxw0AGF2RNXlgZihvVg8177mq2tG20couJDP65be5HSo1kMT+4vMt5FEs7Zo3mOPgN79nLCD72bzmUWWJnsLN1cBvltAe9gl/m4CYB/LXVhohSZhkWFNmREMi1NmjLlGzMMyRuOye8ll8N1Rp"}
{"pseudonym": "23248c71f7404e59aa79c6213a048486a57db314bcd3c62428d54a30e0d5a409", "origin": "P8XOh2n5zyGzOJfLOhEhd/PfbQaPd8bKW8f/ocS6hXgn/4IwhCCr4QYrR9rn1y6CB2XMM4lFj+nDFRWAAQHD73FAlqCZyRS8dAJgYpCU4pjund4BCzUrdT2RzL36MzXEyo2ZIANf3buOoe5HJNUmhS8JZ/NiOUj0X7tQoXRIDu2Jxz5we3W/57fk5IomvaK1gaIVRQHIggWshMIEODLgECc4QEM+x5xg9e1/0p+Ej+fp4JaqWJ+jys84f6Vneqt2DxOV7W134Sya82YoHLSiNQsNf391Xg9htM0YSo+MxLcwK+pHNnHjARLHrI1/Rn4Y9EcmCMaYpFRmi1sW/DkdsCs/kaH7yRApXbX9LUQfQQ=="}
{"@timestamp": "2019-08-02T10:16:04.817Z", "@metadata": {"beat": "winlogbeat", "type": "_doc", "version": "7.2.0", "topic": "wineventlog_raw"}, "user": {"name": "<pseudonym:0a9c916a1c62614052ce38685fcd44542130ac1c6073e5b7a9a2cba0a2f994ad>", "domain": "WORKGROUP", "id": "S-1-5-7"}, "process": {"pid": 0, "executable": "-", "name": "-"}, "host": {"name": "CLIENT1", "hostname": "CLIENT1", "architecture": "x86", "os": {"build": "7601.0", "platform": "windows", "version": "6.1", "family": "windows", "name": "Windows 7 Professional", "kernel": "6.1.7601.18741 (win7sp1_gdr.150202-1526)"}, "id": "19fc45ac-5890-4f96-81b1-50ed111c0ce4"}, "agent": {"id": "0b755aca-0a9a-454a-9800-1979901962a0", "version": "7.2.0", "type": "winlogbeat", "ephemeral_id": "de845cd9-5141-4c92-ad32-27a4518307e9", "hostname": "CLIENT1"}, "event": {"type": "authentication_success", "code": 4624, "action": "Logon", "created": "2019-08-02T10:16:05.976Z", "kind": "event", "category": "authentication"}, "log": {"level": "information"}, "message": "An account was successfully logged on.\n\nSubject:\n\tSecurity ID:\t\tS-1-0-0\n\tAccount Name:\t\t-\n\tAccount Domain:\t\t-\n\tLogon ID:\t\t0x0\n\nLogon Type:\t\t\t3\n\nNew Logon:\n\tSecurity ID:\t\tS-1-5-7\n\tAccount Name:\t\tANONYMOUS LOGON\n\tAccount Domain:\t\tWORKGROUP\n\tLogon ID:\t\t0x5090c\n\tLogon GUID:\t\t{00000000-0000-0000-0000-000000000000}\n\nProcess Information:\n\tProcess ID:\t\t0x0\n\tProcess Name:\t\t-\n\nNetwork Information:\n\tWorkstation Name:\tFKIE16033102\n\tSource Network Address:\t192.168.56.1\n\tSource Port:\t\t51832\n\nDetailed Authentication Information:\n\tLogon Process:\t\tNtLmSsp \n\tAuthentication Package:\tNTLM\n\tTransited Services:\t-\n\tPackage Name (NTLM only):\tNTLM V1\n\tKey Length:\t\t128\n\nThis event is generated when a logon session is created. It is generated on the computer that was accessed.\n\nThe subject fields indicate the account on the local system which requested the logon. This is most commonly a service such as the Server service, or a local process such as Winlogon.exe or Services.exe.\n\nThe logon type field indicates the kind of logon that occurred. The most common types are 2 (interactive) and 3 (network).\n\nThe New Logon fields indicate the account for whom the new logon was created, i.e. the account that was logged on.\n\nThe network fields indicate where a remote logon request originated. Workstation name is not always available and may be left blank in some cases.\n\nThe authentication information fields provide detailed information about this specific logon request.\n\t- Logon GUID is a unique identifier that can be used to correlate this event with a KDC event.\n\t- Transited services indicate which intermediate services have participated in this logon request.\n\t- Package name indicates which sub-protocol was used among the NTLM protocols.\n\t- Key length indicates the length of the generated session key. This will be 0 if no session key was requested.", "source": {"ip": "192.168.56.1", "port": 51832, "domain": "FKIE16033102"}, "ecs": {"version": "1.0.0"}, "winlog": {"record_id": 4703, "computer_name": "CLIENT1", "provider_guid": "{54849625-5478-4994-A5BA-3E3B0328C30D}", "channel": "Security", "provider_name": "Microsoft-Windows-Security-Auditing", "keywords": ["Audit Success"], "event_data": {"LogonType": "3", "LogonProcessName": "NtLmSsp ", "TransmittedServices": "-", "SubjectUserSid": "<pseudonym:23248c71f7404e59aa79c6213a048486a57db314bcd3c62428d54a30e0d5a409>", "AuthenticationPackageName": "NTLM", "SubjectDomainName": "-", "LmPackageName": "NTLM V1", "SubjectLogonId": "0x0", "TargetLogonId": "0x5090c", "KeyLength": "128", "SubjectUserName": "<pseudonym:91d121bc503735a145e0e9869d792d26f6b22784210a0daf5b63840be2abf69a>", "LogonGuid": "{00000000-0000-0000-0000-000000000000}"}, "api": "wineventlog", "opcode": "Info", "process": {"pid": 448, "thread": {"id": 3800}}, "event_id": 4624, "task": "Logon"}}
{"pseudonym": "cd1a3afeeac92cb813605e21e464de7db0ca53fa0190d3a1372a46f60ddd0712", "origin": "Lc5UVplAWfDLG5hIrFPRokL+6Cd0Naj1Pa/M4n1bmuKCjcYiSVWkBoahDvg/dYteRZ1n2FQ1fmTop/IGYGzOBzdbiMnByhMMJ1OSU4k+ePD087CbRN/pScJJHy0UdaQ8tMi6/0VukvYLPQqxZuiM6t+hMhlK/ddVrrRF0ITCqE6fKTDxdn/gntnBLO63t6dT/UfakP2mPLHc5xvME3l9Ikr4irhEpu2TYf7034GU8wgrAVBWy5yAIfOsZLqqEPSsN9ST8NSDug3o292NBqryxKLYSOPM7z6HDIBY9DpO0/X3swee62lu0VyVqMvoMr2qyAOa9pvyFUErJ7lIaaBwZjbTQ9pEw7D68Zkri7gz4zU="}
{"@timestamp": "2019-08-02T11:30:02.275Z", "@metadata": {"beat": "winlogbeat", "type": "_doc", "version": "7.2.0", "topic": "wineventlog_raw"}, "winlog": {"task": "", "keywords": ["Time"], "user": {"name": "SYSTEM", "domain": "NT AUTHORITY", "type": "User", "identifier": "<pseudonym:cd1a3afeeac92cb813605e21e464de7db0ca53fa0190d3a1372a46f60ddd0712>"}, "event_data": {"NewTime": "2019-08-02T11:30:02.275000000Z", "OldTime": "2019-08-02T11:30:03.182359400Z"}, "event_id": 1, "record_id": 11810, "channel": "System", "provider_name": "Microsoft-Windows-Kernel-General", "provider_guid": "{A68CA8B7-004F-D7B6-A698-07E2DE0F1F5D}", "process": {"pid": 1460, "thread": {"id": 1504}}, "api": "wineventlog", "computer_name": "CLIENT1", "opcode": "Info"}, "event": {"kind": "event", "code": 1, "created": "2019-08-02T11:30:04.288Z"}, "log": {"level": "information"}, "message": "The system time has changed to \u200e2019\u200e-\u200e08\u200e-\u200e02T11:30:02.275000000Z from \u200e2019\u200e-\u200e08\u200e-\u200e02T11:30:03.182359400Z.", "ecs": {"version": "1.0.0"}, "host": {"architecture": "x86", "os": {"version": "6.1", "family": "windows", "name": "Windows 7 Professional", "kernel": "6.1.7601.18741 (win7sp1_gdr.150202-1526)", "build": "7601.0", "platform": "windows"}, "id": "19fc45ac-5890-4f96-81b1-50ed111c0ce4", "hostname": "CLIENT1", "name": "CLIENT1"}, "agent": {"type": "winlogbeat", "ephemeral_id": "de845cd9-5141-4c92-ad32-27a4518307e9", "hostname": "CLIENT1", "id": "0b755aca-0a9a-454a-9800-1979901962a0", "version": "7.2.0"}}
{"pseudonym": "cd1a3afeeac92cb813605e21e464de7db0ca53fa0190d3a1372a46f60ddd0712", "origin": "h4wEfhe7hZZerfSMWp92xuGgbsnPBDdzM4BvCXH3n9Y0gwm/A+pHxY9qUS4QMUqUgC4BBQqtm4Pmh2Gscya52nQeTeKO7TjJmXJtnDzi1hOgvKBtdUY7XQJknroVMxmHsOIzkYobtW+2VZ5oIDKU50ZoPlZoeEeBEc+SZH2ne1brCCGxkrFJMhey9TwIOYJd1CrQPB869oXcA48fo3HuzrHBQ+b5ncZst+qtNlItijmnjrmNg666GCUQ9NLHPsIK0fhkF1RjxmHd74Dk9W9Hg+2AA8x8F061NXTPR8lvN4aU8exocXZ6eF6nNJtZRWSYdb6L5AVVwbouaZ3ABIXtJ5S7aXCbMyce/BbSllboryo="}
{"@timestamp": "2019-08-02T11:40:02.024Z", "@metadata": {"beat": "winlogbeat", "type": "_doc", "version": "7.2.0", "topic": "wineventlog_raw"}, "message": "The system time has changed to \u200e2019\u200e-\u200e08\u200e-\u200e02T11:40:02.024000000Z from \u200e2019\u200e-\u200e08\u200e-\u200e02T11:40:02.586999600Z.", "agent": {"type": "winlogbeat", "ephemeral_id": "de845cd9-5141-4c92-ad32-27a4518307e9", "hostname": "CLIENT1", "id": "0b755aca-0a9a-454a-9800-1979901962a0", "version": "7.2.0"}, "ecs": {"version": "1.0.0"}, "host": {"architecture": "x86", "os": {"build": "7601.0", "platform": "windows", "version": "6.1", "family": "windows", "name": "Windows 7 Professional", "kernel": "6.1.7601.18741 (win7sp1_gdr.150202-1526)"}, "id": "19fc45ac-5890-4f96-81b1-50ed111c0ce4", "name": "CLIENT1", "hostname": "CLIENT1"}, "winlog": {"user": {"name": "SYSTEM", "domain": "NT AUTHORITY", "type": "User", "identifier": "<pseudonym:cd1a3afeeac92cb813605e21e464de7db0ca53fa0190d3a1372a46f60ddd0712>"}, "keywords": ["Time"], "opcode": "Info", "provider_guid": "{A68CA8B7-004F-D7B6-A698-07E2DE0F1F5D}", "event_id": 1, "provider_name": "Microsoft-Windows-Kernel-General", "record_id": 11812, "channel": "System", "process": {"thread": {"id": 1504}, "pid": 1460}, "task": "", "api": "wineventlog", "event_data": {"NewTime": "2019-08-02T11:40:02.024000000Z", "OldTime": "2019-08-02T11:40:02.586999600Z"}, "computer_name": "CLIENT1"}, "event": {"created": "2019-08-02T11:40:03.024Z", "kind": "event", "code": 1}, "log": {"level": "information"}}
{"pseudonym": "e887f3a09fdddf7c81a563b81f90ed9499d86badaa6173d1aa197a2b544d13b1", "origin": "iQ8ITFDmty+GLfGnNi+Dp9ugC+y8etQt02MAYdzycHmKDDnjvwMI4/FXefP9hmW90T/XSFZyTliVPYAZ49/9qPUCgZ7XhgmlZHWpxlVF4ULOFkWJOt2G/sS3O/AGiTdkhQ3FV4sspaCTLnoon7vnKIzDD6Lo7woLNQPEONpDhdaL9AoP2y3z8l0S2DbNaDMMsfIk/aZgByc4WgbG6h8PNfDmiK6UWXc6Fv9BngzqaUqOIODMsveEYq1NQ/pZhth7wikA7akvnnfMJEh1E2ME/Pjs3DfnWgFV4xLTW2UM/s87bI0IGUj3x+ip5i3T+p0H/JEwMG13eRqD+O0xoTAZjs8bpGB36kJMD3W0kb9kSb0="}
{"pseudonym": "cd1a3afeeac92cb813605e21e464de7db0ca53fa0190d3a1372a46f60ddd0712", "origin": "IxTU7AlHIWs3n8vSfal56ZJCW4qnPL62D3dODJyjGHNMSVLchR50HO6ZhEz7T8hM5A5rzZ2sWJxNNDS6txqwSz6+94KjDMie/jnRqP/k18770B32E6DJMioJNPW568OUiRakoBG3hEUw67JjD4UK63QltBrnCAdT6aRZoH+AhpSRQrOZ9PRDXKKkq41SNLH8PS0jVeWiEcQDy5lJmBJdhxGATd2b02nE5u7ITWoR7TOVmK5NCqWJHKFyyVPECFyuNhaYhNMFUMDgzYGqVk7ssa3YTJngFnhfBCX8CAs2/t5G6PnPHBvZo0Ji3m78GkDHQv82e/ws0+PyBY/JDZQWv2Zkw4PkRxd0od8xpDPNtfY="}
{"@timestamp": "2019-08-02T12:00:01.310Z", "@metadata": {"beat": "winlogbeat", "type": "_doc", "version": "7.2.0", "topic": "wineventlog_raw"}, "event": {"created": "2019-08-02T12:00:02.616Z", "kind": "event", "code": 4616, "action": "Security State Change"}, "log": {"level": "information"}, "message": "The system time was changed.\n\nSubject:\n\tSecurity ID:\t\tS-1-5-18\n\tAccount Name:\t\tCLIENT1$\n\tAccount Domain:\t\tWORKGROUP\n\tLogon ID:\t\t0x3e7\n\nProcess Information:\n\tProcess ID:\t0x5b4\n\tName:\t\tC:\\Program Files\\NetTime\\NetTimeService.exe\n\nPrevious Time:\t\t\u200e2019\u200e-\u200e08\u200e-\u200e02T12:00:02.212110700Z\nNew Time:\t\t\u200e2019\u200e-\u200e08\u200e-\u200e02T12:00:01.310000000Z\n\nThis event is generated when the system time is changed. It is normal for the Windows Time Service, which runs with System privilege, to change the system time on a regular basis. Other system time changes may be indicative of attempts to tamper with the computer.", "host": {"architecture": "x86", "os": {"build": "7601.0", "platform": "windows", "version": "6.1", "family": "windows", "name": "Windows 7 Professional", "kernel": "6.1.7601.18741 (win7sp1_gdr.150202-1526)"}, "name": "CLIENT1", "id": "19fc45ac-5890-4f96-81b1-50ed111c0ce4", "hostname": "CLIENT1"}, "agent": {"ephemeral_id": "de845cd9-5141-4c92-ad32-27a4518307e9", "hostname": "CLIENT1", "id": "0b755aca-0a9a-454a-9800-1979901962a0", "version": "7.2.0", "type": "winlogbeat"}, "ecs": {"version": "1.0.0"}, "winlog": {"channel": "Security", "api": "wineventlog", "event_id": 4616, "record_id": 4731, "computer_name": "CLIENT1", "process": {"pid": 4, "thread": {"id": 60}}, "keywords": ["Audit Success"], "provider_guid": "{54849625-5478-4994-A5BA-3E3B0328C30D}", "event_data": {"SubjectLogonId": "0x3e7", "PreviousTime": "2019-08-02T12:00:02.212110700Z", "NewTime": "2019-08-02T12:00:01.310000000Z", "ProcessId": "0x5b4", "ProcessName": "C:\\Program Files\\NetTime\\NetTimeService.exe", "SubjectUserSid": "<pseudonym:cd1a3afeeac92cb813605e21e464de7db0ca53fa0190d3a1372a46f60ddd0712>", "SubjectUserName": "<pseudonym:e887f3a09fdddf7c81a563b81f90ed9499d86badaa6173d1aa197a2b544d13b1>", "SubjectDomainName": "WORKGROUP"}, "provider_name": "Microsoft-Windows-Security-Auditing", "task": "Security State Change", "opcode": "Info", "version": 1}}
{"@timestamp": "2019-08-02T12:01:59.968Z", "@metadata": {"beat": "winlogbeat", "type": "_doc", "version": "7.2.0", "topic": "wineventlog_raw"}, "log": {"level": "information"}, "message": "The Adobe Flash Player Update Service service entered the stopped state.", "winlog": {"channel": "System", "keywords": ["Classic"], "provider_name": "Service Control Manager", "task": "", "api": "wineventlog", "event_data": {"param1": "Adobe Flash Player Update Service", "param2": "stopped", "Binary": "410064006F006200650046006C0061007300680050006C0061007900650072005500700064006100740065005300760063002F0031000000"}, "event_id": 7036, "computer_name": "CLIENT1", "provider_guid": "{555908d1-a6d7-4695-8e1e-26931d2012f4}", "process": {"thread": {"id": 2564}, "pid": 440}, "record_id": 11818}, "event": {"created": "2019-08-02T12:02:01.565Z", "kind": "event", "code": 7036}, "ecs": {"version": "1.0.0"}, "host": {"os": {"version": "6.1", "family": "windows", "name": "Windows 7 Professional", "kernel": "6.1.7601.18741 (win7sp1_gdr.150202-1526)", "build": "7601.0", "platform": "windows"}, "id": "19fc45ac-5890-4f96-81b1-50ed111c0ce4", "hostname": "CLIENT1", "name": "CLIENT1", "architecture": "x86"}, "agent": {"version": "7.2.0", "type": "winlogbeat", "ephemeral_id": "de845cd9-5141-4c92-ad32-27a4518307e9", "hostname": "CLIENT1", "id": "0b755aca-0a9a-454a-9800-1979901962a0"}}
{"pseudonym": "cd1a3afeeac92cb813605e21e464de7db0ca53fa0190d3a1372a46f60ddd0712", "origin": "mrvuMdqg8AHTrNjsuJjJo5pZb/Tlpu1IRXrmJxX8lk1L15Wueexuv6/8p5e/C0rJkld13xZA8fZxVsioGV4y6h4uzCZ7vdhfEIBe1rmja5oR/sbfHaaTDiG1MYBTxd0OiPW6lxvCk5r/1Y0Q48SnsEvQ4iYL5fh7sku4jVtWFWtlvV0IpAu6OR1p1Spn3J0IxywCXT6sCKXl5n0LSgj7mqZJ1EyZwOjmW9n8pUGZ2QH/X4YBRtAB99q6153YnDshS4TzxB0mJVhEq5xdePOJwryTL6dj14Du9v6abyQI0iJfKH5hlZMulomgk7T1VmcEWRoUxrEkakYtjiZWkujS2qj4ylG7L116MNGiXOHqW7g="}
{"@timestamp": "2019-08-02T13:30:03.456Z", "@metadata": {"beat": "winlogbeat", "type": "_doc", "version": "7.2.0", "topic": "wineventlog_raw"}, "ecs": {"version": "1.0.0"}, "host": {"name": "CLIENT1", "os": {"name": "Windows 7 Professional", "kernel": "6.1.7601.18741 (win7sp1_gdr.150202-1526)", "build": "7601.0", "platform": "windows", "version": "6.1", "family": "windows"}, "id": "19fc45ac-5890-4f96-81b1-50ed111c0ce4", "hostname": "CLIENT1", "architecture": "x86"}, "agent": {"id": "0b755aca-0a9a-454a-9800-1979901962a0", "version": "7.2.0", "type": "winlogbeat", "ephemeral_id": "de845cd9-5141-4c92-ad32-27a4518307e9", "hostname": "CLIENT1"}, "log": {"level": "information"}, "message": "The system time has changed to \u200e2019\u200e-\u200e08\u200e-\u200e02T13:30:03.456000000Z from \u200e2019\u200e-\u200e08\u200e-\u200e02T13:30:03.607870600Z.", "winlog": {"provider_guid": "{A68CA8B7-004F-D7B6-A698-07E2DE0F1F5D}", "user": {"identifier": "<pseudonym:cd1a3afeeac92cb813605e21e464de7db0ca53fa0190d3a1372a46f60ddd0712>", "name": "SYSTEM", "domain": "NT AUTHORITY", "type": "User"}, "event_data": {"NewTime": "2019-08-02T13:30:03.456000000Z", "OldTime": "2019-08-02T13:30:03.607870600Z"}, "event_id": 1, "provider_name": "Microsoft-Windows-Kernel-General", "task": "", "api": "wineventlog", "channel": "System", "computer_name": "CLIENT1", "keywords": ["Time"], "opcode": "Info", "process": {"thread": {"id": 1504}, "pid": 1460}, "record_id": 11838}, "event": {"kind": "event", "code": 1, "created": "2019-08-02T13:30:05.457Z"}}
{"pseudonym": "cd1a3afeeac92cb813605e21e464de7db0ca53fa0190d3a1372a46f60ddd0712", "origin": "kfiOdbY4kI9t4PiCIKdhZMOHhn8U3XVRwraNeR02nZT0q2YZm9cfreHfQFUnePNLS0YsNrke4VmBRAEB7YqXk2kY/1syND4so+Pn0VQoEfviKbFEJ2U0kgfDG1VvOZqw53gVn3WtYmJPxIonlwrIjrNe9dZgywBG0WWOv3JfudvHR51fMb4lc2eSlSG2FNioyktH/ckcrLt1++iWTKiFGxcwJort9P86efZevBxd6qmIHaVFFSkqHfF4bPoj7/66igpxZ3l5jrOy0ELJYsXEGs1Rjtl9ithRfFwaz5aR2TWgBsinW7fJRJXEdEgp3V1oWILh8DDiyGGm/ZMMJYAUTmN3VNv6HjvIP6xTjQDEVus="}
{"@timestamp": "2019-08-02T13:55:05.533Z", "@metadata": {"beat": "winlogbeat", "type": "_doc", "version": "7.2.0", "topic": "wineventlog_raw"}, "event": {"kind": "event", "code": 1, "created": "2019-08-02T13:55:06.532Z"}, "log": {"level": "information"}, "message": "The system time has changed to \u200e2019\u200e-\u200e08\u200e-\u200e02T13:55:05.533000000Z from \u200e2019\u200e-\u200e08\u200e-\u200e02T13:55:05.738514300Z.", "winlog": {"computer_name": "CLIENT1", "provider_guid": "{A68CA8B7-004F-D7B6-A698-07E2DE0F1F5D}", "user": {"name": "SYSTEM", "domain": "NT AUTHORITY", "type": "User", "identifier": "<pseudonym:cd1a3afeeac92cb813605e21e464de7db0ca53fa0190d3a1372a46f60ddd0712>"}, "channel": "System", "event_data": {"NewTime": "2019-08-02T13:55:05.533000000Z", "OldTime": "2019-08-02T13:55:05.738514300Z"}, "event_id": 1, "record_id": 11843, "task": "", "process": {"pid": 1460, "thread": {"id": 1504}}, "provider_name": "Microsoft-Windows-Kernel-General", "api": "wineventlog", "opcode": "Info", "keywords": ["Time"]}, "ecs": {"version": "1.0.0"}, "host": {"name": "CLIENT1", "hostname": "CLIENT1", "architecture": "x86", "os": {"platform": "windows", "version": "6.1", "family": "windows", "name": "Windows 7 Professional", "kernel": "6.1.7601.18741 (win7sp1_gdr.150202-1526)", "build": "7601.0"}, "id": "19fc45ac-5890-4f96-81b1-50ed111c0ce4"}, "agent": {"version": "7.2.0", "type": "winlogbeat", "ephemeral_id": "de845cd9-5141-4c92-ad32-27a4518307e9", "hostname": "CLIENT1", "id": "0b755aca-0a9a-454a-9800-1979901962a0"}}
{"pseudonym": "cd1a3afeeac92cb813605e21e464de7db0ca53fa0190d3a1372a46f60ddd0712", "origin": "Tmo29P94f1zgFCVCBORftqoPOgGOGRQ+dDSZLl+YtK7Mb2ouoOeEBy7LCjGjQHtyk5kb6rDAxc1EQ2Gh5T5FzxgR43gHb+by0at6Ojj9pC48mLeUv4YM9cpx8iGVXRpizJD1X7NiSdKxzPFlsnxxsmDVNQzPRa2uEsl5EVzU9WhY+mLWgWJYzPjRwNySgozC/+wV1LuHsAnLFFQgK0Q8otaIPDRg/TDGb2hdguoTt9cr+ZyoHwfQEwAXDRKCP9z6hBsX7EGzoTS42udm6cB1UPkX8uUjxXZ0UVHenfGHKgzyyPHt2caHPlMlrudLjTi9gVyxHsH1X6LozaUR7Jbj2t7NVx95bIZWe7QcOTsl8Ug="}
{"@timestamp": "2019-08-02T14:40:08.959Z", "@metadata": {"beat": "winlogbeat", "type": "_doc", "version": "7.2.0", "topic": "wineventlog_raw"}, "ecs": {"version": "1.0.0"}, "winlog": {"api": "wineventlog", "keywords": ["Time"], "opcode": "Info", "user": {"identifier": "<pseudonym:cd1a3afeeac92cb813605e21e464de7db0ca53fa0190d3a1372a46f60ddd0712>", "name": "SYSTEM", "domain": "NT AUTHORITY", "type": "User"}, "event_data": {"NewTime": "2019-08-02T14:40:08.959000000Z", "OldTime": "2019-08-02T14:40:09.100842500Z"}, "task": "", "process": {"thread": {"id": 1504}, "pid": 1460}, "record_id": 11854, "computer_name": "CLIENT1", "channel": "System", "event_id": 1, "provider_name": "Microsoft-Windows-Kernel-General", "provider_guid": "{A68CA8B7-004F-D7B6-A698-07E2DE0F1F5D}"}, "event": {"created": "2019-08-02T14:40:10.958Z", "kind": "event", "code": 1}, "log": {"level": "information"}, "message": "The system time has changed to \u200e2019\u200e-\u200e08\u200e-\u200e02T14:40:08.959000000Z from \u200e2019\u200e-\u200e08\u200e-\u200e02T14:40:09.100842500Z.", "host": {"name": "CLIENT1", "os": {"name": "Windows 7 Professional", "kernel": "6.1.7601.18741 (win7sp1_gdr.150202-1526)", "build": "7601.0", "platform": "windows", "version": "6.1", "family": "windows"}, "id": "19fc45ac-5890-4f96-81b1-50ed111c0ce4", "hostname": "CLIENT1", "architecture": "x86"}, "agent": {"type": "winlogbeat", "ephemeral_id": "de845cd9-5141-4c92-ad32-27a4518307e9", "hostname": "CLIENT1", "id": "0b755aca-0a9a-454a-9800-1979901962a0", "version": "7.2.0"}}
