{"@timestamp": "2019-08-02T09:47:41.071Z", "@metadata": {"beat": "winlogbeat", "type": "_doc", "version": "7.2.0", "topic": "wineventlog_raw"}, "host": {"name": "CLIENT1", "os": {"name": "Windows 7 Professional", "kernel": "6.1.7601.18741 (win7sp1_gdr.150202-1526)", "build": "7601.0", "platform": "windows", "version": "6.1", "family": "windows"}, "id": "19fc45ac-5890-4f96-81b1-50ed111c0ce4", "hostname": "CLIENT1", "architecture": "x86"}, "agent": {"ephemeral_id": "33f6eec2-a7ba-4caa-97b3-ea43b4f5e172", "hostname": "CLIENT1", "id": "0b755aca-0a9a-454a-9800-1979901962a0", "version": "7.2.0", "type": "winlogbeat"}, "ecs": {"version": "1.0.0"}, "winlog": {"keywords": ["Classic"], "provider_guid": "{555908d1-a6d7-4695-8e1e-26931d2012f4}", "event_data": {"param1": "Network Connections", "param2": "running", "Binary": "4E00650074006D0061006E002F0034000000"}, "event_id": 7036, "record_id": 11642, "api": "wineventlog", "computer_name": "CLIENT1", "process": {"pid": 440, "thread": {"id": 524}}, "task": "", "channel": "System", "provider_name": "Service Control Manager"}, "event": {"created": "2019-08-05T08:54:04.822Z", "kind": "event", "code": 7036}, "log": {"level": "information"}, "message": "The Network Connections service entered the running state."}
{"@timestamp": "2019-08-02T09:47:49.175Z", "@metadata": {"beat": "winlogbeat", "type": "_doc", "version": "7.2.0", "topic": "wineventlog_raw"}, "host": {"name": "CLIENT1", "id": "19fc45ac-5890-4f96-81b1-50ed111c0ce4", "hostname": "CLIENT1", "architecture": "x86", "os": {"family": "windows", "name": "Windows 7 Professional", "kernel": "6.1.7601.18741 (win7sp1_gdr.150202-1526)", "build": "7601.0", "platform": "windows", "version": "6.1"}}, "agent": {"ephemeral_id": "33f6eec2-a7ba-4caa-97b3-ea43b4f5e172", "hostname": "CLIENT1", "id": "0b755aca-0a9a-454a-9800-1979901962a0", "version": "7.2.0", "type": "winlogbeat"}, "winlog": {"channel": "System", "computer_name": "CLIENT1", "keywords": ["Classic"], "record_id": 11646, "provider_guid": "{555908d1-a6d7-4695-8e1e-26931d2012f4}", "event_id": 7036, "task": "", "api": "wineventlog", "process": {"pid": 440, "thread": {"id": 1752}}, "event_data": {"param1": "SSDP Discovery", "param2": "running", "Binary": "53005300440050005300520056002F0034000000"}, "provider_name": "Service Control Manager"}, "event": {"kind": "event", "code": 7036, "created": "2019-08-05T08:54:04.822Z"}, "log": {"level": "information"}, "message": "The SSDP Discovery service entered the running state.", "ecs": {"version": "1.0.0"}}
{"@timestamp": "2019-08-05T08:53:28.000Z", "@metadata": {"beat": "winlogbeat", "type": "_doc", "version": "7.2.0", "topic": "wineventlog_raw"}, "message": "Microsoft (R) Windows (R) 6.01. 7601 Service Pack 1 Multiprocessor Free.", "ecs": {"version": "1.0.0"}, "host": {"hostname": "CLIENT1", "architecture": "x86", "name": "CLIENT1", "os": {"family": "windows", "name": "Windows 7 Professional", "kernel": "6.1.7601.18741 (win7sp1_gdr.150202-1526)", "build": "7601.0", "platform": "windows", "version": "6.1"}, "id": "19fc45ac-5890-4f96-81b1-50ed111c0ce4"}, "agent": {"id": "0b755aca-0a9a-454a-9800-1979901962a0", "version": "7.2.0", "type": "winlogbeat", "ephemeral_id": "33f6eec2-a7ba-4caa-97b3-ea43b4f5e172", "hostname": "CLIENT1"}, "winlog": {"channel": "System", "record_id": 11676, "event_data": {"param2": "7601", "param3": "Service Pack 1", "param4": "Multiprocessor Free", "param5": "17514", "param1": "6.01."}, "event_id": 6009, "computer_name": "CLIENT1", "provider_name": "EventLog", "task": "", "api": "wineventlog", "keywords": ["Classic"]}, "event": {"kind": "event", "code": 6009, "created": "2019-08-05T08:54:04.922Z"}, "log": {"level": "information"}}
{"@timestamp": "2019-08-02T09:54:24.615Z", "@metadata": {"beat": "winlogbeat", "type": "_doc", "version": "7.2.0", "topic": "wineventlog_raw"}, "message": "The IKE and AuthIP IPsec Keying Modules service entered the stopped state.", "agent": {"version": "7.2.0", "type": "winlogbeat", "ephemeral_id": "33f6eec2-a7ba-4caa-97b3-ea43b4f5e172", "hostname": "CLIENT1", "id": "0b755aca-0a9a-454a-9800-1979901962a0"}, "ecs": {"version": "1.0.0"}, "host": {"hostname": "CLIENT1", "architecture": "x86", "os": {"build": "7601.0", "platform": "windows", "version": "6.1", "family": "windows", "name": "Windows 7 Professional", "kernel": "6.1.7601.18741 (win7sp1_gdr.150202-1526)"}, "name": "CLIENT1", "id": "19fc45ac-5890-4f96-81b1-50ed111c0ce4"}, "winlog": {"api": "wineventlog", "event_id": 7036, "keywords": ["Classic"], "event_data": {"param1": "IKE and AuthIP IPsec Keying Modules", "param2": "stopped", "Binary": "49004B0045004500580054002F0031000000"}, "channel": "System", "provider_name": "Service Control Manager", "record_id": 11694, "provider_guid": "{555908d1-a6d7-4695-8e1e-26931d2012f4}", "task": "", "computer_name": "CLIENT1", "process": {"pid": 440, "thread": {"id": 2680}}}, "event": {"kind": "event", "code": 7036, "created": "2019-08-05T08:54:04.922Z"}, "log": {"level": "information"}}
{"pseudonym": "cd1a3afeeac92cb813605e21e464de7db0ca53fa0190d3a1372a46f60ddd0712", "origin": "QMceElA5HcUz4rKFPyg2lzX+EgCSq10Qut3UD6q46S+fLXBwoSCw+rKFqAiiux2WlCSo4+kfwKLrkC5e/5BaAZEOtyk0YjWLjYM7h4PpTmqFyxKCDBh0U8M3ZXVNA/PTfiJIaVYVjw+fm85w47b+Ki30qmWoeTuKRiHvbhvYIOINqN4/XAO8itLFpdr+PyrGFsEJvFw47YiZQXl5rfaVJF/Z3D30ULqLCx6KA1voLgliU0Jh8w4vxRGIDckat94mT4wbjcj0CWuYkFTvbVOL1Z2EqpfCA+RFxWq9FZ1LcO+PoPISG9KMU3w1dKQ9AC9+ocjrlQLNKeGwMseQMkjJqMJW59qUZoXzgukkSCJeZ60="}
{"@timestamp": "2019-08-05T08:54:37.158Z", "@metadata": {"beat": "winlogbeat", "type": "_doc", "version": "7.2.0", "topic": "wineventlog_raw"}, "winlog": {"computer_name": "CLIENT1", "process": {"thread": {"id": 2028}, "pid": 772}, "api": "wineventlog", "activity_id": "{00000000-C084-0000-5727-DD1F6B4BD501}", "opcode": "Info", "provider_name": "Microsoft-Windows-WMI", "task": "", "provider_guid": "{1EDEEE53-0AFE-4609-B846-D8C0B2075B1F}", "channel": "Application", "user_data": {"Error": "0x80041003", "xml_name": "data_0x8000003F", "Query": "SELECT * FROM __InstanceModificationEvent WITHIN 60 WHERE TargetInstance ISA \"Win32_Processor\" AND TargetInstance.LoadPercentage > 99", "Namespace": "//./root/CIMV2"}, "record_id": 2931, "version": 2, "event_id": 10, "user": {"identifier": "<pseudonym:cd1a3afeeac92cb813605e21e464de7db0ca53fa0190d3a1372a46f60ddd0712>", "name": "SYSTEM", "domain": "NT AUTHORITY", "type": "User"}}, "event": {"kind": "event", "code": 10, "created": "2019-08-05T08:54:38.552Z"}, "log": {"level": "error"}, "message": "Event filter with query \"SELECT * FROM __InstanceModificationEvent WITHIN 60 WHERE TargetInstance ISA \"Win32_Processor\" AND TargetInstance.LoadPercentage > 99\" could not be reactivated in namespace \"//./root/CIMV2\" because of error 0x80041003. Events cannot be delivered through this filter until the problem is corrected.", "ecs": {"version": "1.0.0"}, "host": {"os": {"platform": "windows", "version": "6.1", "family": "windows", "name": "Windows 7 Professional", "kernel": "6.1.7601.18741 (win7sp1_gdr.150202-1526)", "build": "7601.0"}, "id": "19fc45ac-5890-4f96-81b1-50ed111c0ce4", "hostname": "CLIENT1", "name": "CLIENT1", "architecture": "x86"}, "agent": {"id": "0b755aca-0a9a-454a-9800-1979901962a0", "version": "7.2.0", "type": "winlogbeat", "ephemeral_id": "33f6eec2-a7ba-4caa-97b3-ea43b4f5e172", "hostname": "CLIENT1"}}
{"@timestamp": "2019-08-05T08:55:40.000Z", "@metadata": {"beat": "winlogbeat", "type": "_doc", "version": "7.2.0", "topic": "wineventlog_raw"}, "host": {"hostname": "CLIENT1", "architecture": "x86", "os": {"name": "Windows 7 Professional", "kernel": "6.1.7601.18741 (win7sp1_gdr.150202-1526)", "build": "7601.0", "platform": "windows", "version": "6.1", "family": "windows"}, "id": "19fc45ac-5890-4f96-81b1-50ed111c0ce4", "name": "CLIENT1"}, "agent": {"type": "winlogbeat", "ephemeral_id": "33f6eec2-a7ba-4caa-97b3-ea43b4f5e172", "hostname": "CLIENT1", "id": "0b755aca-0a9a-454a-9800-1979901962a0", "version": "7.2.0"}, "ecs": {"version": "1.0.0"}, "event": {"code": 902, "created": "2019-08-05T08:55:40.743Z", "kind": "event"}, "log": {"level": "information"}, "message": "The Software Protection service has started.\n6.1.7601.17514", "winlog": {"provider_name": "Microsoft-Windows-Security-SPP", "keywords": ["Classic"], "provider_guid": "{E23B33B0-C8C9-472C-A5F9-F2BDFEA0F156}", "event_data": {"param1": "6.1.7601.17514"}, "record_id": 2936, "api": "wineventlog", "event_id": 902, "task": "", "channel": "Application", "computer_name": "CLIENT1"}}
{"@timestamp": "2019-08-05T08:56:10.765Z", "@metadata": {"beat": "winlogbeat", "type": "_doc", "version": "7.2.0", "topic": "wineventlog_raw"}, "log": {"level": "information"}, "message": "The Security Center service entered the running state.", "winlog": {"provider_name": "Service Control Manager", "record_id": 11769, "task": "", "process": {"thread": {"id": 1760}, "pid": 436}, "api": "wineventlog", "computer_name": "CLIENT1", "provider_guid": "{555908d1-a6d7-4695-8e1e-26931d2012f4}", "event_data": {"Binary": "7700730063007300760063002F0034000000", "param1": "Security Center", "param2": "running"}, "channel": "System", "event_id": 7036, "keywords": ["Classic"]}, "event": {"kind": "event", "code": 7036, "created": "2019-08-05T08:56:11.564Z"}, "host": {"name": "CLIENT1", "hostname": "CLIENT1", "architecture": "x86", "os": {"build": "7601.0", "platform": "windows", "version": "6.1", "family": "windows", "name": "Windows 7 Professional", "kernel": "6.1.7601.18741 (win7sp1_gdr.150202-1526)"}, "id": "19fc45ac-5890-4f96-81b1-50ed111c0ce4"}, "agent": {"id": "0b755aca-0a9a-454a-9800-1979901962a0", "version": "7.2.0", "type": "winlogbeat", "ephemeral_id": "33f6eec2-a7ba-4caa-97b3-ea43b4f5e172", "hostname": "CLIENT1"}, "ecs": {"version": "1.0.0"}}
{"@timestamp": "2019-07-30T14:38:12.689Z", "@metadata": {"beat": "winlogbeat", "type": "_doc", "version": "7.2.0", "topic": "wineventlog_raw"}, "log": {"level": "information"}, "message": "The Diagnostic Policy Service service entered the stopped state.", "agent": {"version": "7.2.0", "type": "winlogbeat", "ephemeral_id": "de845cd9-5141-4c92-ad32-27a4518307e9", "hostname": "CLIENT1", "id": "0b755aca-0a9a-454a-9800-1979901962a0"}, "ecs": {"version": "1.0.0"}, "host": {"id": "19fc45ac-5890-4f96-81b1-50ed111c0ce4", "name": "CLIENT1", "hostname": "CLIENT1", "architecture": "x86", "os": {"name": "Windows 7 Professional", "kernel": "6.1.7601.18741 (win7sp1_gdr.150202-1526)", "build": "7601.0", "platform": "windows", "version": "6.1", "family": "windows"}}, "winlog": {"computer_name": "CLIENT1", "keywords": ["Classic"], "event_data": {"param1": "Diagnostic Policy Service", "param2": "stopped", "Binary": "4400500053002F0031000000"}, "event_id": 7036, "api": "wineventlog", "record_id": 11557, "task": "", "provider_guid": "{555908d1-a6d7-4695-8e1e-26931d2012f4}", "provider_name": "Service Control Manager", "process": {"thread": {"id": 2808}, "pid": 436}, "channel": "System"}, "event": {"created": "2019-08-02T09:55:11.995Z", "kind": "event", "code": 7036}}
{"@timestamp": "2019-07-30T14:38:14.839Z", "@metadata": {"beat": "winlogbeat", "type": "_doc", "version": "7.2.0", "topic": "wineventlog_raw"}, "winlog": {"channel": "System", "computer_name": "CLIENT1", "event_id": 7036, "api": "wineventlog", "event_data": {"param2": "stopped", "Binary": "430072007900700074005300760063002F0031000000", "param1": "Cryptographic Services"}, "keywords": ["Classic"], "provider_guid": "{555908d1-a6d7-4695-8e1e-26931d2012f4}", "record_id": 11567, "task": "", "process": {"pid": 436, "thread": {"id": 2808}}, "provider_name": "Service Control Manager"}, "event": {"created": "2019-08-02T09:55:11.996Z", "kind": "event", "code": 7036}, "log": {"level": "information"}, "message": "The Cryptographic Services service entered the stopped state.", "agent": {"id": "0b755aca-0a9a-454a-9800-1979901962a0", "version": "7.2.0", "type": "winlogbeat", "ephemeral_id": "de845cd9-5141-4c92-ad32-27a4518307e9", "hostname": "CLIENT1"}, "ecs": {"version": "1.0.0"}, "host": {"name": "CLIENT1", "os": {"name": "Windows 7 Professional", "kernel": "6.1.7601.18741 (win7sp1_gdr.150202-1526)", "build": "7601.0", "platform": "windows", "version": "6.1", "family": "windows"}, "id": "19fc45ac-5890-4f96-81b1-50ed111c0ce4", "hostname": "CLIENT1", "architecture": "x86"}}
{"@timestamp": "2019-08-02T09:53:55.236Z", "@metadata": {"beat": "winlogbeat", "type": "_doc", "version": "7.2.0", "topic": "wineventlog_raw"}, "message": "The Application Experience service entered the running state.", "agent": {"hostname": "CLIENT1", "id": "0b755aca-0a9a-454a-9800-1979901962a0", "version": "7.2.0", "type": "winlogbeat", "ephemeral_id": "de845cd9-5141-4c92-ad32-27a4518307e9"}, "ecs": {"version": "1.0.0"}, "host": {"hostname": "CLIENT1", "architecture": "x86", "os": {"build": "7601.0", "platform": "windows", "version": "6.1", "family": "windows", "name": "Windows 7 Professional", "kernel": "6.1.7601.18741 (win7sp1_gdr.150202-1526)"}, "name": "CLIENT1", "id": "19fc45ac-5890-4f96-81b1-50ed111c0ce4"}, "winlog": {"provider_name": "Service Control Manager", "task": "", "computer_name": "CLIENT1", "api": "wineventlog", "keywords": ["Classic"], "process": {"pid": 440, "thread": {"id": 3356}}, "event_data": {"param2": "running", "Binary": "410065004C006F006F006B00750070005300760063002F0034000000", "param1": "Application Experience"}, "channel": "System", "record_id": 11660, "event_id": 7036, "provider_guid": "{555908d1-a6d7-4695-8e1e-26931d2012f4}"}, "event": {"kind": "event", "code": 7036, "created": "2019-08-02T09:55:12.089Z"}, "log": {"level": "information"}}
{"pseudonym": "2246ce99b75c4aebaf0cd5d095e35cdb0cbf0f8adaf28ed864467242b621c30c", "origin": "sshsfXHyMplYTF9Dfq+dOKWaL5ogZwJa3lJ7CA/aEQ6b2ZOZ05dVvL2dIHujcPqeirWnw90LclRq0rKqauSOv825hjTMU4CfXQnaVJWKEOmYbG7RqmibXdqVprz8354CC61hg2CUA2diPSG3r5HSFihaINkiAZbV1AZhjgv5RjK/yMnq8t6ihdjlS1wbwGYUugTx6IhNuNIhv78UZNTObWaBHRRxqULHNt8/ll3PDvuB20nIDraMmdBhPVMf4rZNmdcoS0i+efmLzHruQf7D4dCESQL0mY2slzlL2sEbH51s9TdowPdqcSMCNy5fB7NXxyN0Eo/0QPwbKyNC6Kz0pxnVMHTSzCe78cjwTbz50YGQf+Ugeep8bXFx8G53JBeJVC2kVvhhU3OtYCnp5t8xXNEFYHi6"}
{"@timestamp": "2019-08-02T09:53:58.000Z", "@metadata": {"beat": "winlogbeat", "type": "_doc", "version": "7.2.0", "topic": "wineventlog_raw"}, "message": "The process C:\\Windows\\system32\\winlogon.exe (CLIENT1) has initiated the power off of computer CLIENT1 on behalf of user CLIENT1\\breach for the following reason: No title for this reason could be found\n Reason Code: 0x500ff\n Shutdown Type: power off\n Comment: ", "winlog": {"channel": "System", "record_id": 11661, "event_data": {"param2": "CLIENT1", "param3": "No title for this reason could be found", "param4": "0x500ff", "param5": "power off", "param7": "CLIENT1\\breach", "Binary": "FF00050000000000000000000000000000000000000000000000000000000000", "param1": "C:\\Windows\\system32\\winlogon.exe (CLIENT1)"}, "keywords": ["Classic"], "api": "wineventlog", "computer_name": "CLIENT1", "user": {"identifier": "<pseudonym:2246ce99b75c4aebaf0cd5d095e35cdb0cbf0f8adaf28ed864467242b621c30c>", "name": "breach", "domain": "CLIENT1", "type": "User"}, "provider_name": "USER32", "task": "", "event_id": 1074}, "event": {"code": 1074, "created": "2019-08-02T09:55:12.089Z", "kind": "event"}, "host": {"hostname": "CLIENT1", "architecture": "x86", "os": {"family": "windows", "name": "Windows 7 Professional", "kernel": "6.1.7601.18741 (win7sp1_gdr.150202-1526)", "build": "7601.0", "platform": "windows", "version": "6.1"}, "name": "CLIENT1", "id": "19fc45ac-5890-4f96-81b1-50ed111c0ce4"}, "agent": {"hostname": "CLIENT1", "id": "0b755aca-0a9a-454a-9800-1979901962a0", "version": "7.2.0", "type": "winlogbeat", "ephemeral_id": "de845cd9-5141-4c92-ad32-27a4518307e9"}, "ecs": {"version": "1.0.0"}, "log": {"level": "information"}}
{"@timestamp": "2019-08-02T09:54:22.666Z", "@metadata": {"beat": "winlogbeat", "type": "_doc", "version": "7.2.0", "topic": "wineventlog_raw"}, "agent": {"version": "7.2.0", "type": "winlogbeat", "ephemeral_id": "de845cd9-5141-4c92-ad32-27a4518307e9", "hostname": "CLIENT1", "id": "0b755aca-0a9a-454a-9800-1979901962a0"}, "ecs": {"version": "1.0.0"}, "host": {"name": "CLIENT1", "hostname": "CLIENT1", "architecture": "x86", "os": {"version": "6.1", "family": "windows", "name": "Windows 7 Professional", "kernel": "6.1.7601.18741 (win7sp1_gdr.150202-1526)", "build": "7601.0", "platform": "windows"}, "id": "19fc45ac-5890-4f96-81b1-50ed111c0ce4"}, "winlog": {"provider_name": "Service Control Manager", "event_data": {"param1": "Windows Time", "param2": "stopped", "Binary": "570033003200540069006D0065002F0031000000"}, "channel": "System", "computer_name": "CLIENT1", "record_id": 11684, "keywords": ["Classic"], "task": "", "api": "wineventlog", "provider_guid": "{555908d1-a6d7-4695-8e1e-26931d2012f4}", "process": {"pid": 440, "thread": {"id": 2680}}, "event_id": 7036}, "event": {"code": 7036, "created": "2019-08-02T09:55:12.090Z", "kind": "event"}, "log": {"level": "information"}, "message": "The Windows Time service entered the stopped state."}
{"@timestamp": "2019-08-02T09:54:25.083Z", "@metadata": {"beat": "winlogbeat", "type": "_doc", "version": "7.2.0", "topic": "wineventlog_raw"}, "event": {"code": 7036, "created": "2019-08-02T09:55:12.090Z", "kind": "event"}, "log": {"level": "information"}, "message": "The Windows Defender service entered the stopped state.", "agent": {"id": "0b755aca-0a9a-454a-9800-1979901962a0", "version": "7.2.0", "type": "winlogbeat", "ephemeral_id": "de845cd9-5141-4c92-ad32-27a4518307e9", "hostname": "CLIENT1"}, "ecs": {"version": "1.0.0"}, "host": {"name": "CLIENT1", "architecture": "x86", "os": {"family": "windows", "name": "Windows 7 Professional", "kernel": "6.1.7601.18741 (win7sp1_gdr.150202-1526)", "build": "7601.0", "platform": "windows", "version": "6.1"}, "id": "19fc45ac-5890-4f96-81b1-50ed111c0ce4", "hostname": "CLIENT1"}, "winlog": {"event_id": 7036, "api": "wineventlog", "provider_guid": "{555908d1-a6d7-4695-8e1e-26931d2012f4}", "event_data": {"param1": "Windows Defender", "param2": "stopped", "Binary": "570069006E0044006500660065006E0064002F0031000000"}, "record_id": 11695, "keywords": ["Classic"], "channel": "System", "task": "", "computer_name": "CLIENT1", "process": {"pid": 440, "thread": {"id": 2680}}, "provider_name": "Service Control Manager"}}
{"@timestamp": "2019-08-02T09:55:07.230Z", "@metadata": {"beat": "winlogbeat", "type": "_doc", "version": "7.2.0", "topic": "wineventlog_raw"}, "message": "The Microsoft FTP Service service entered the running state.", "winlog": {"provider_guid": "{555908d1-a6d7-4695-8e1e-26931d2012f4}", "record_id": 11744, "computer_name": "CLIENT1", "keywords": ["Classic"], "process": {"pid": 440, "thread": {"id": 524}}, "event_id": 7036, "provider_name": "Service Control Manager", "task": "", "api": "wineventlog", "event_data": {"param1": "Microsoft FTP Service", "param2": "running", "Binary": "6600740070007300760063002F0034000000"}, "channel": "System"}, "ecs": {"version": "1.0.0"}, "host": {"id": "19fc45ac-5890-4f96-81b1-50ed111c0ce4", "name": "CLIENT1", "hostname": "CLIENT1", "architecture": "x86", "os": {"platform": "windows", "version": "6.1", "family": "windows", "name": "Windows 7 Professional", "kernel": "6.1.7601.18741 (win7sp1_gdr.150202-1526)", "build": "7601.0"}}, "agent": {"id": "0b755aca-0a9a-454a-9800-1979901962a0", "version": "7.2.0", "type": "winlogbeat", "ephemeral_id": "de845cd9-5141-4c92-ad32-27a4518307e9", "hostname": "CLIENT1"}, "event": {"kind": "event", "code": 7036, "created": "2019-08-02T09:55:12.100Z"}, "log": {"level": "information"}}
{"@timestamp": "2019-08-02T09:55:07.246Z", "@metadata": {"beat": "winlogbeat", "type": "_doc", "version": "7.2.0", "topic": "wineventlog_raw"}, "log": {"level": "information"}, "message": "The Distributed Link Tracking Client service entered the running state.", "winlog": {"channel": "System", "event_id": 7036, "task": "", "event_data": {"param2": "running", "Binary": "540072006B0057006B0073002F0034000000", "param1": "Distributed Link Tracking Client"}, "provider_name": "Service Control Manager", "keywords": ["Classic"], "process": {"pid": 440, "thread": {"id": 524}}, "computer_name": "CLIENT1", "provider_guid": "{555908d1-a6d7-4695-8e1e-26931d2012f4}", "record_id": 11745, "api": "wineventlog"}, "event": {"created": "2019-08-02T09:55:12.100Z", "kind": "event", "code": 7036}, "ecs": {"version": "1.0.0"}, "host": {"name": "CLIENT1", "os": {"family": "windows", "name": "Windows 7 Professional", "kernel": "6.1.7601.18741 (win7sp1_gdr.150202-1526)", "build": "7601.0", "platform": "windows", "version": "6.1"}, "id": "19fc45ac-5890-4f96-81b1-50ed111c0ce4", "hostname": "CLIENT1", "architecture": "x86"}, "agent": {"type": "winlogbeat", "ephemeral_id": "de845cd9-5141-4c92-ad32-27a4518307e9", "hostname": "CLIENT1", "id": "0b755aca-0a9a-454a-9800-1979901962a0", "version": "7.2.0"}}
{"pseudonym": "cd1a3afeeac92cb813605e21e464de7db0ca53fa0190d3a1372a46f60ddd0712", "origin": "muZLh2E190qEZjQC7m626aQyss8efeWSBpEecZwePQCVVUt9Bgv2LZ71ummV0Rnno7CqrZ+2xyOVJpPBy8YVnoyHvOD8ZSJeJEoZ989PH4QYOKR7HedkQBj5b+f8FS8OKcAcxyJg8HnDQY07ok4J75CzpWjMPxk0vPkNvXhHLp7MPBwpiWNW30m6eCLfuVIkdP6dz+owtjgLpe1uvaZ/vAH81qjZbGD5R4DctjfT/5CfAoHdQ4M+JxLsjofdaZoszNzD5TFfzlWLtiS+7YVAFadb0iTd/bOEnjIu+lXfBijc55y7v4ToeFA+KmO8wu4v3LTExNtUVcl8VyU9K8ctl2tTUlki/Te5PvL9pMC4GNE="}
{"@timestamp": "2019-08-02T09:48:06.597Z", "@metadata": {"beat": "winlogbeat", "type": "_doc", "version": "7.2.0", "topic": "wineventlog_raw"}, "message": "Event filter with query \"SELECT * FROM __InstanceModificationEvent WITHIN 60 WHERE TargetInstance ISA \"Win32_Processor\" AND TargetInstance.LoadPercentage > 99\" could not be reactivated in namespace \"//./root/CIMV2\" because of error 0x80041003. Events cannot be delivered through this filter until the problem is corrected.", "winlog": {"user_data": {"Query": "SELECT * FROM __InstanceModificationEvent WITHIN 60 WHERE TargetInstance ISA \"Win32_Processor\" AND TargetInstance.LoadPercentage > 99", "Namespace": "//./root/CIMV2", "Error": "0x80041003", "xml_name": "data_0x8000003F"}, "computer_name": "CLIENT1", "user": {"domain": "NT AUTHORITY", "type": "User", "identifier": "<pseudonym:cd1a3afeeac92cb813605e21e464de7db0ca53fa0190d3a1372a46f60ddd0712>", "name": "SYSTEM"}, "version": 2, "process": {"pid": 772, "thread": {"id": 3084}}, "task": "", "api": "wineventlog", "activity_id": "{00000000-8084-0000-00D3-1D1B1749D501}", "record_id": 2915, "provider_guid": "{1EDEEE53-0AFE-4609-B846-D8C0B2075B1F}", "channel": "Application", "provider_name": "Microsoft-Windows-WMI", "event_id": 10, "opcode": "Info"}, "event": {"kind": "event", "code": 10, "created": "2019-08-02T09:55:12.182Z"}, "log": {"level": "error"}, "ecs": {"version": "1.0.0"}, "host": {"name": "CLIENT1", "hostname": "CLIENT1", "architecture": "x86", "os": {"name": "Windows 7 Professional", "kernel": "6.1.7601.18741 (win7sp1_gdr.150202-1526)", "build": "7601.0", "platform": "windows", "version": "6.1", "family": "windows"}, "id": "19fc45ac-5890-4f96-81b1-50ed111c0ce4"}, "agent": {"version": "7.2.0", "type": "winlogbeat", "ephemeral_id": "de845cd9-5141-4c92-ad32-27a4518307e9", "hostname": "CLIENT1", "id": "0b755aca-0a9a-454a-9800-1979901962a0"}}
{"@timestamp": "2019-08-02T09:48:55.000Z", "@metadata": {"beat": "winlogbeat", "type": "_doc", "version": "7.2.0", "topic": "wineventlog_raw"}, "winlog": {"keywords": ["Classic"], "channel": "Application", "event_id": 900, "task": "", "api": "wineventlog", "computer_name": "CLIENT1", "provider_name": "Microsoft-Windows-Security-SPP", "record_id": 2916, "provider_guid": "{E23B33B0-C8C9-472C-A5F9-F2BDFEA0F156}"}, "event": {"kind": "event", "code": 900, "created": "2019-08-02T09:55:12.182Z"}, "log": {"level": "information"}, "message": "The Software Protection service is starting.", "ecs": {"version": "1.0.0"}, "host": {"id": "19fc45ac-5890-4f96-81b1-50ed111c0ce4", "hostname": "CLIENT1", "architecture": "x86", "name": "CLIENT1", "os": {"platform": "windows", "version": "6.1", "family": "windows", "name": "Windows 7 Professional", "kernel": "6.1.7601.18741 (win7sp1_gdr.150202-1526)", "build": "7601.0"}}, "agent": {"type": "winlogbeat", "ephemeral_id": "de845cd9-5141-4c92-ad32-27a4518307e9", "hostname": "CLIENT1", "id": "0b755aca-0a9a-454a-9800-1979901962a0", "version": "7.2.0"}}
{"@timestamp": "2019-08-02T09:55:54.000Z", "@metadata": {"beat": "winlogbeat", "type": "_doc", "version": "7.2.0", "topic": "wineventlog_raw"}, "event": {"code": 14204, "created": "2019-08-02T09:55:55.373Z", "kind": "event"}, "log": {"level": "information"}, "message": "Service 'WMPNetworkSvc' started.", "ecs": {"version": "1.0.0"}, "host": {"name": "CLIENT1", "os": {"build": "7601.0", "platform": "windows", "version": "6.1", "family": "windows", "name": "Windows 7 Professional", "kernel": "6.1.7601.18741 (win7sp1_gdr.150202-1526)"}, "id": "19fc45ac-5890-4f96-81b1-50ed111c0ce4", "hostname": "CLIENT1", "architecture": "x86"}, "agent": {"version": "7.2.0", "type": "winlogbeat", "ephemeral_id": "de845cd9-5141-4c92-ad32-27a4518307e9", "hostname": "CLIENT1", "id": "0b755aca-0a9a-454a-9800-1979901962a0"}, "winlog": {"task": "", "api": "wineventlog", "computer_name": "CLIENT1", "channel": "System", "provider_guid": "{6A2DC7C1-930A-4FB5-BB44-80B30AEBED6C}", "keywords": ["Classic"], "event_id": 14204, "record_id": 11760, "event_data": {"ServiceName": "WMPNetworkSvc"}, "provider_name": "Microsoft-Windows-WMPNSS-Service"}}
{"pseudonym": "88300c8916832c3352893b38edeeb13dae715dc9604444fc4d9bdd509aba6c1d", "origin": "vmsNpsxClWJUDNFQI20n+MyC6lEyqLqA7DYXkxQCN1pvILYmDFn0KTLn8TLm3uZ8e0CeRgGGSjwBb/juv6L1Q0/fdszLo4SfI6kOCcuL87wJea6tm0Q8Zk0LmLglcQgBsHKZ38L4ElpfYeeoBQZDVrpuJDUT9fvzzUla4Z2hsKQFXHkZ4rP9DrIzji6r0Q6DY8PNaf2eW74vs8RkL3XVgRXOdF/kqRbVQ7GHqc4x82RJCEEvqnZtDM9B1Bz8+leDezo9nvp0lyYDPGxtYQruCFKG4y4tnrq9KBe8JanmXK9uWkBImNtoTiJ1xM628oOhZ9hgbi+rvZpaXc/3AdLNhS8wvi3PyrhxZ4LnXgFCN80="}
{"@timestamp": "2019-08-02T09:57:12.150Z", "@metadata": {"beat": "winlogbeat", "type": "_doc", "version": "7.2.0", "topic": "wineventlog_raw"}, "agent": {"type": "winlogbeat", "ephemeral_id": "de845cd9-5141-4c92-ad32-27a4518307e9", "hostname": "CLIENT1", "id": "0b755aca-0a9a-454a-9800-1979901962a0", "version": "7.2.0"}, "ecs": {"version": "1.0.0"}, "winlog": {"provider_name": "Microsoft-Windows-Time-Service", "event_id": 37, "record_id": 11769, "api": "wineventlog", "opcode": "Info", "user": {"type": "Well Known Group", "identifier": "<pseudonym:88300c8916832c3352893b38edeeb13dae715dc9604444fc4d9bdd509aba6c1d>", "name": "LOCAL SERVICE", "domain": "NT AUTHORITY"}, "event_data": {"TimeSource": "companyrouter.localdomain,0x9 (ntp.m|0x9|0.0.0.0:123->172.16.0.1:123)"}, "channel": "System", "provider_guid": "{06EDCFEB-0FD0-4E53-ACCA-A6F8BBF81BCB}", "task": "", "computer_name": "CLIENT1", "process": {"pid": 944, "thread": {"id": 3524}}}, "event": {"code": 37, "created": "2019-08-02T09:57:13.108Z", "kind": "event"}, "log": {"level": "information"}, "message": "The time provider NtpClient is currently receiving valid time data from companyrouter.localdomain,0x9 (ntp.m|0x9|0.0.0.0:123->172.16.0.1:123).", "host": {"name": "CLIENT1", "architecture": "x86", "os": {"family": "windows", "name": "Windows 7 Professional", "kernel": "6.1.7601.18741 (win7sp1_gdr.150202-1526)", "build": "7601.0", "platform": "windows", "version": "6.1"}, "id": "19fc45ac-5890-4f96-81b1-50ed111c0ce4", "hostname": "CLIENT1"}}
{"pseudonym": "0a9c916a1c62614052ce38685fcd44542130ac1c6073e5b7a9a2cba0a2f994ad", "origin": "MIpEQnryyt+y5bHCpxQ2KpT7a9zBmJcj/LFFE89jo9JqQFcsm9k4ESOONvD6dCJUj8mAXYbAFnW41H73vntSr1o6RKh5PlM0rL0VfqubO64HNVP2r/lI+J+A9pZGfRDGWuvKfWIvAu/V8fPwmbqNazO9yztpBR9YSQ2L5GQGd4zvi80CEfSWffxLkLyD0AARdV2H+ZZ+FmXybzxX0ji680OOgBPMSXuccAxvL52y/p2dnPbz/FgnxaLAdLiadFCGIGznrum6F0nlyH38+uNjxYPvux555nQ23mAhWsqs3xfq4XuQEMzYUSazZOVnreIg3D6HHIGsd44HLV0lgyOBY/VmulCUdHjxzXxt1fI+VOUIQ9Gz8RRU"}
{"pseudonym": "741140474332543d48eefb8d0ae80b3f69105da9a16d6aab8f3253efc98ca89f", "origin": "SJuqbLA5MWiDlLTcbslMyGqPSEyQW8S78DHmGduXXuCjYgNMbSwKjzUZgepTI0P4cpEWbd1GHU58zmGg1JO6BokPKZ3wLhdEZw2AOPFrkXM9gQKYdxL1IxeUdEvoEdwn1iyULfXMPlrZZjBJzfadd6Q2Z+Qq40xZMOGwHbJUDV05pzCofviyGpgErRmHF7nz0/vgvS88/vTSSj4/jixDXepWIIDdYZxxQxU+6jO1wXe0SmacPywn+Z1A9+j2rvOM5AUp9KUmoQruoBmEMsEBZ02kD7Xzoz+XahJ6qodevZoJwzYjVf4WbNydicvO/zkl1znzkquvYO5QMcck3aaYQnxhW2xy5pkEFuXInaqZDw=="}
{"@timestamp": "2019-08-02T10:31:44.639Z", "@metadata": {"beat": "winlogbeat", "type": "_doc", "version": "7.2.0", "topic": "wineventlog_raw"}, "message": "An account was logged off.\n\nSubject:\n\tSecurity ID:\t\tS-1-5-7\n\tAccount Name:\t\tANONYMOUS LOGON\n\tAccount Domain:\t\tNT AUTHORITY\n\tLogon ID:\t\t0x5090c\n\nLogon Type:\t\t\t3\n\nThis event is generated when a logon session is destroyed. It may be positively correlated with a logon event using the Logon ID value. Logon IDs are only unique between reboots on the same computer.", "winlog": {"event_id": 4634, "task": "Logoff", "api": "wineventlog", "keywords": ["Audit Success"], "event_data": {"TargetDomainName": "NT AUTHORITY", "TargetLogonId": "0x5090c", "LogonType": "3", "TargetUserSid": "<pseudonym:741140474332543d48eefb8d0ae80b3f69105da9a16d6aab8f3253efc98ca89f>", "TargetUserName": "<pseudonym:0a9c916a1c62614052ce38685fcd44542130ac1c6073e5b7a9a2cba0a2f994ad>"}, "channel": "Security", "provider_guid": "{54849625-5478-4994-A5BA-3E3B0328C30D}", "opcode": "Info", "process": {"pid": 448, "thread": {"id": 1728}}, "computer_name": "CLIENT1", "provider_name": "Microsoft-Windows-Security-Auditing", "record_id": 4707}, "event": {"kind": "event", "code": 4634, "action": "Logoff", "created": "2019-08-02T10:31:45.437Z"}, "host": {"name": "CLIENT1", "os": {"name": "Windows 7 Professional", "kernel": "6.1.7601.18741 (win7sp1_gdr.150202-1526)", "build": "7601.0", "platform": "windows", "version": "6.1", "family": "windows"}, "id": "19fc45ac-5890-4f96-81b1-50ed111c0ce4", "hostname": "CLIENT1", "architecture": "x86"}, "agent": {"type": "winlogbeat", "ephemeral_id": "de845cd9-5141-4c92-ad32-27a4518307e9", "hostname": "CLIENT1", "id": "0b755aca-0a9a-454a-9800-1979901962a0", "version": "7.2.0"}, "ecs": {"version": "1.0.0"}, "log": {"level": "information"}}
{"pseudonym": "e887f3a09fdddf7c81a563b81f90ed9499d86badaa6173d1aa197a2b544d13b1", "origin": "FW2WNUZXsyzRQs4nn0BDACaiM6VTTfb2X3zjuRXbIcHCQAMlmNWqTZUUTZJ7qSAbNJtOIF857dyA/62XrsvvMAd4qJ16fdFMWX6qysTiMyVZiKkpkagOaOjIy2sLs4CNTjwCUWJW9tw2pAWI2cgAKRuKPed/HWlp0PpSL6Lp8GczDEuuFXQxxi9gxT1V9o/1sp5PegbM552FwMdD++ZdqjBHRrjpEN4Z4LdUFZplBjwVX11jMUw6uLtkj3x9d0tLWG4imkv2/4rnrCmcBrkh62cPZq6W1ZzB6/xOIAVdaWy0jMZqftBDjFdDkPAnK32injYIuQS+IoTaHxb1Je4GsRV/phESeJdw0PDK1AnXqz0="}
{"pseudonym": "cd1a3afeeac92cb813605e21e464de7db0ca53fa0190d3a1372a46f60ddd0712", "origin": "tWn9409eTzqIzKa3OUzBm7UcApbsOxHpF/D9WKxmkQWn0tk8rkLu4pn+g4AsnELpwPY/SFcToeVKb0PyEaSnWrzDoCLdKHe0Is2Ohijp9RlJpxlx3DMvLPq4Xqm+uwPlpge9452YkcO5SSQKv3+gvVbzR0lsnMwjhdXBUCNz0Nq7FPtUg6H3F6ypz+/djlvzfCGb0fkp2ud3CXkpHxIL6n46LHPWdC68fELLGdrPeZPj/fwbRU4HJ+FbSXVcNKCsTsiCNAVuY+GfA9gj1lOUayKGNyQSnWi8jo5yNJbfagj2S8JpmUgUiuNNP3g5xzDnulqDvlqm01sdgNycZZFxsNz5BX8/ST+/D70g3mnU9ZQ="}
{"@timestamp": "2019-08-02T14:00:06.137Z", "@metadata": {"beat": "winlogbeat", "type": "_doc", "version": "7.2.0", "topic": "wineventlog_raw"}, "log": {"level": "information"}, "message": "The system time was changed.\n\nSubject:\n\tSecurity ID:\t\tS-1-5-18\n\tAccount Name:\t\tCLIENT1$\n\tAccount Domain:\t\tWORKGROUP\n\tLogon ID:\t\t0x3e7\n\nProcess Information:\n\tProcess ID:\t0x5b4\n\tName:\t\tC:\\Program Files\\NetTime\\NetTimeService.exe\n\nPrevious Time:\t\t\u200e2019\u200e-\u200e08\u200e-\u200e02T14:00:06.302382000Z\nNew Time:\t\t\u200e2019\u200e-\u200e08\u200e-\u200e02T14:00:06.137000000Z\n\nThis event is generated when the system time is changed. It is normal for the Windows Time Service, which runs with System privilege, to change the system time on a regular basis. Other system time changes may be indicative of attempts to tamper with the computer.", "agent": {"type": "winlogbeat", "ephemeral_id": "de845cd9-5141-4c92-ad32-27a4518307e9", "hostname": "CLIENT1", "id": "0b755aca-0a9a-454a-9800-1979901962a0", "version": "7.2.0"}, "ecs": {"version": "1.0.0"}, "host": {"hostname": "CLIENT1", "architecture": "x86", "os": {"name": "Windows 7 Professional", "kernel": "6.1.7601.18741 (win7sp1_gdr.150202-1526)", "build": "7601.0", "platform": "windows", "version": "6.1", "family": "windows"}, "id": "19fc45ac-5890-4f96-81b1-50ed111c0ce4", "name": "CLIENT1"}, "winlog": {"provider_guid": "{54849625-5478-4994-A5BA-3E3B0328C30D}", "api": "wineventlog", "opcode": "Info", "process": {"thread": {"id": 64}, "pid": 4}, "channel": "Security", "task": "Security State Change", "computer_name": "CLIENT1", "event_data": {"SubjectLogonId": "0x3e7", "PreviousTime": "2019-08-02T14:00:06.302382000Z", "NewTime": "2019-08-02T14:00:06.137000000Z", "ProcessId": "0x5b4", "ProcessName": "C:\\Program Files\\NetTime\\NetTimeService.exe", "SubjectUserSid": "<pseudonym:cd1a3afeeac92cb813605e21e464de7db0ca53fa0190d3a1372a46f60ddd0712>", "SubjectUserName": "<pseudonym:e887f3a09fdddf7c81a563b81f90ed9499d86badaa6173d1aa197a2b544d13b1>", "SubjectDomainName": "WORKGROUP"}, "provider_name": "Microsoft-Windows-Security-Auditing", "record_id": 4755, "keywords": ["Audit Success"], "version": 1, "event_id": 4616}, "event": {"code": 4616, "action": "Security State Change", "created": "2019-08-02T14:00:07.136Z", "kind": "event"}}
{"pseudonym": "e887f3a09fdddf7c81a563b81f90ed9499d86badaa6173d1aa197a2b544d13b1", "origin": "o9AHiSioq6IixGrdReGI2ox+BkrIdegTZtdt3K/vM4sq4auBqWTlN+RxbHP9YfZr4+QX1nNHPcxV/QhZMwqmkEmYxgg0G+xxfvaqq3ltoZ5z0B56cyGZOXigdsmbFAoLq9smCauDqoPr9WF+Ybt0qY2pI+FrhORqjd1scKl7JCnAIBhfVhgLdulWt/7WepY6zpOaOqXyX4MmVVXjNpr1WY3dxQAMMloEONXnmwWr2u4GrkhTM4wXzBhG/7mwhDpEfuJN1hDNcch1fMjbrIRfBMgahjNA3A8UV3HlOxKDuuaKvxwWuowDQDSQFwcMVC4fjh2twRId7lfbOZUC9KSufL9bcRCwQ0cCZFjIxz6RN4M="}
{"pseudonym": "387dddca7f9c9fa71c41295d7790d3bcd791cfe79b2dd4843551dfd0bf47acf2", "origin": "tGLaofG4EBwNYyuBXcqVkAj2nANis64apjCc/28jVhQ94T0m3xeF0AtjzOYu6h3kCE8z0SXoWll1zwPcAwiR45RUEOY8ki73R/CW0FnJYEmN8UfKrKn0oQ05AiQbVsuH3lnzvbyPs0nJM3Xk5esruLxXQAbMgpQg1i90QUunw/Ne7T7rab/XNgCiwi72JAcgHonX4UrGZ1H/KxI90yg6MIla+OWo6nX2LrC+xtK5gzmoYob9ts2kXqjustmXo6siL6yqX7BaiX5AkBsUoWevQvhY1c4keG1DEEfS97C/ukvcTVlC6T2e1Y1d/ETGvp6AbAxgu8SyjfqJ8bKozxq+btXFi7k3TuB3XSem7h6E"}
{"pseudonym": "cd1a3afeeac92cb813605e21e464de7db0ca53fa0190d3a1372a46f60ddd0712", "origin": "SPacAQAXQdNKV8Y50RrJB090qRw59ti/RBv3SIUTo2y8LdBNPEVYl8mBK/JiETUKsMpOSgxeYh7aDjFGS3chg1xu6vExFWADvjgKddOYM5kzggF9ZewgNlquhxvktFiRo11YUcN3bpvb4YAWYA05I5H3PvvT0+A9RPYXG18q932yRNWhyk65Lt16wfLNYk0Y9NXyqpR4+TgOIDirRbgUf3yDabWX5rmuvIdEPzGx+AmMZIIIAvKekKFNnRrL+LsVsJ2NjzPYe0QjRsPqampHHbJpMiMOM+5RzroI3bhYU14PDyw1SmnAQWbI64L/FQ7WajTe45BBIHxiNiJg0R4eMhZxpa9Zin1E4G6ILDQqHoQ="}
{"pseudonym": "91d121bc503735a145e0e9869d792d26f6b22784210a0daf5b63840be2abf69a", "origin": "AbbiU933ZNuL/diaSk8LjqI3hww4W5/B/kFpKGaXLgTVgtW53gAcvHRZNsNwKHP/VCcceGJvcrEk106gmFAWD3WUqxrLqTdH9AhFNZo1Vti42xjwPSaeQCB890vfrQnos8wunxoutSyKjPGQGDtMFvtHo8fBKHJ/dfnHFDeSFmBSaBn4/vZxkEka38HtKn5byTUJeOxWr/r5C2j+K10UY+xd9jqwlv01l3G+FWVAnKOdBOgnA1twsStjvOFbKjVPJafY3Wetkmu8LouDUrytjJs8Ft803USkbm1CRRXw+XkeuY8Kt3nuESjY19s80hbHyLkjv+700azSJ32sXAmdKZAu/fRT1J9hvQ=="}
{"@timestamp": "2019-08-05T08:53:47.625Z", "@metadata": {"beat": "winlogbeat", "type": "_doc", "version": "7.2.0", "topic": "wineventlog_raw"}, "winlog": {"provider_name": "Microsoft-Windows-Security-Auditing", "process": {"pid": 444, "thread": {"id": 528}}, "record_id": 4688, "task": "Logon", "api": "wineventlog", "keywords": ["Audit Success"], "channel": "Security", "event_id": 4624, "provider_guid": "{54849625-5478-4994-A5BA-3E3B0328C30D}", "opcode": "Info", "event_data": {"IpPort": "-", "LmPackageName": "-", "LogonType": "5", "LogonProcessName": "Advapi  ", "SubjectUserName": "<pseudonym:e887f3a09fdddf7c81a563b81f90ed9499d86badaa6173d1aa197a2b544d13b1>", "SubjectDomainName": "WORKGROUP", "AuthenticationPackageName": "Negotiate", "KeyLength": "0", "IpAddress": "<pseudonym:91d121bc503735a145e0e9869d792d26f6b22784210a0daf5b63840be2abf69a>", "SubjectUserSid": "<pseudonym:cd1a3afeeac92cb813605e21e464de7db0ca53fa0190d3a1372a46f60ddd0712>", "LogonGuid": "{00000000-0000-0000-0000-000000000000}", "TransmittedServices": "-", "SubjectLogonId": "0x3e7", "TargetLogonId": "0x3e7"}, "computer_name": "CLIENT1"}, "event": {"kind": "event", "code": 4624, "action": "Logon", "created": "2019-08-05T08:54:03.704Z", "type": "authentication_success", "category": "authentication"}, "log": {"level": "information"}, "user": {"id": "S-1-5-18", "name": "<pseudonym:387dddca7f9c9fa71c41295d7790d3bcd791cfe79b2dd4843551dfd0bf47acf2>", "domain": "NT AUTHORITY"}, "agent": {"type": "winlogbeat", "ephemeral_id": "33f6eec2-a7ba-4caa-97b3-ea43b4f5e172", "hostname": "CLIENT1", "id": "0b755aca-0a9a-454a-9800-1979901962a0", "version": "7.2.0"}, "message": "An account was successfully logged on.\n\nSubject:\n\tSecurity ID:\t\tS-1-5-18\n\tAccount Name:\t\tCLIENT1$\n\tAccount Domain:\t\tWORKGROUP\n\tLogon ID:\t\t0x3e7\n\nLogon Type:\t\t\t5\n\nNew Logon:\n\tSecurity ID:\t\tS-1-5-18\n\tAccount Name:\t\tSYSTEM\n\tAccount Domain:\t\tNT AUTHORITY\n\tLogon ID:\t\t0x3e7\n\tLogon GUID:\t\t{00000000-0000-0000-0000-000000000000}\n\nProcess Information:\n\tProcess ID:\t\t0x1b4\n\tProcess Name:\t\tC:\\Windows\\System32\\services.exe\n\nNetwork Information:\n\tWorkstation Name:\t\n\tSource Network Address:\t-\n\tSource Port:\t\t-\n\nDetailed Authentication Information:\n\tLogon Process:\t\tAdvapi  \n\tAuthentication Package:\tNegotiate\n\tTransited Services:\t-\n\tPackage Name (NTLM only):\t-\n\tKey Length:\t\t0\n\nThis event is generated when a logon session is created. It is generated on the computer that was accessed.\n\nThe subject fields indicate the account on the local system which requested the logon. This is most commonly a service such as the Server service, or a local process such as Winlogon.exe or Services.exe.\n\nThe logon type field indicates the kind of logon that occurred. The most common types are 2 (interactive) and 3 (network).\n\nThe New Logon fields indicate the account for whom the new logon was created, i.e. the account that was logged on.\n\nThe network fields indicate where a remote logon request originated. Workstation name is not always available and may be left blank in some cases.\n\nThe authentication information fields provide detailed information about this specific logon request.\n\t- Logon GUID is a unique identifier that can be used to correlate this event with a KDC event.\n\t- Transited services indicate which intermediate services have participated in this logon request.\n\t- Package name indicates which sub-protocol was used among the NTLM protocols.\n\t- Key length indicates the length of the generated session key. This will be 0 if no session key was requested.", "process": {"executable": "C:\\Windows\\System32\\services.exe", "name": "services.exe", "pid": 436}, "ecs": {"version": "1.0.0"}, "host": {"hostname": "CLIENT1", "architecture": "x86", "name": "CLIENT1", "os": {"platform": "windows", "version": "6.1", "family": "windows", "name": "Windows 7 Professional", "kernel": "6.1.7601.18741 (win7sp1_gdr.150202-1526)", "build": "7601.0"}, "id": "19fc45ac-5890-4f96-81b1-50ed111c0ce4"}}
{"pseudonym": "cd1a3afeeac92cb813605e21e464de7db0ca53fa0190d3a1372a46f60ddd0712", "origin": "SL8Su+Vpg1quLFjqE5+hBf3dIB7W+9NVAow+mWVZ3c+1CdIarUXdUAqOERGTin7xOeI3M2rah5OYl44ZMjzzutWCe9UzViQdXl1ntkpvg5e+x9grs0/blWJJza/zF1wb3YY+wSv7S4Pp4VHdwpLCalEgaH/B9puy1DxB+s60RQgqexbo3YxX6bOd0QLPCYmYFhQ+6Nhlibh394Mq9Jb1ZyiFxLNcrgssZZCG+ANVlFTKRktcSGwdX3w5l/0Sil97jk/hi98eOlWQa/r554YG6+THmwKymqZkR6BDdYICkEbbwmO0MJNp9N0yEpPqz5BEndwaj+yTUB8HeCqjfcW2ea9XYAWSpcgJm0gROGqPXAc="}
{"@timestamp": "2019-07-30T14:32:42.956Z", "@metadata": {"beat": "winlogbeat", "type": "_doc", "version": "7.2.0", "topic": "wineventlog_raw"}, "event": {"kind": "event", "code": 1, "created": "2019-08-05T08:54:04.776Z"}, "log": {"level": "information"}, "agent": {"id": "0b755aca-0a9a-454a-9800-1979901962a0", "version": "7.2.0", "type": "winlogbeat", "ephemeral_id": "33f6eec2-a7ba-4caa-97b3-ea43b4f5e172", "hostname": "CLIENT1"}, "ecs": {"version": "1.0.0"}, "host": {"os": {"platform": "windows", "version": "6.1", "family": "windows", "name": "Windows 7 Professional", "kernel": "6.1.7601.18741 (win7sp1_gdr.150202-1526)", "build": "7601.0"}, "name": "CLIENT1", "id": "19fc45ac-5890-4f96-81b1-50ed111c0ce4", "hostname": "CLIENT1", "architecture": "x86"}, "message": "The system time has changed to \u200e2019\u200e-\u200e07\u200e-\u200e30T14:32:42.956000000Z from \u200e2019\u200e-\u200e07\u200e-\u200e30T14:32:43.696626600Z.", "winlog": {"process": {"pid": 1460, "thread": {"id": 1504}}, "provider_name": "Microsoft-Windows-Kernel-General", "computer_name": "CLIENT1", "provider_guid": "{A68CA8B7-004F-D7B6-A698-07E2DE0F1F5D}", "event_id": 1, "event_data": {"NewTime": "2019-07-30T14:32:42.956000000Z", "OldTime": "2019-07-30T14:32:43.696626600Z"}, "user": {"identifier": "<pseudonym:cd1a3afeeac92cb813605e21e464de7db0ca53fa0190d3a1372a46f60ddd0712>", "name": "SYSTEM", "domain": "NT AUTHORITY", "type": "User"}, "record_id": 11542, "api": "wineventlog", "task": "", "keywords": ["Time"], "opcode": "Info", "channel": "System"}}
{"pseudonym": "2246ce99b75c4aebaf0cd5d095e35cdb0cbf0f8adaf28ed864467242b621c30c", "origin": "HMY+UJdbxJ9agsPJRmH23wL6YNxPWfDD535Zjk5tHw/JvJfcdQmW9n7l0iCOdQEZkDayjfXSF7ANgAbdag2MtnVv72bis0MOycmv6sXiLRgcreFCRnip1Eo6/3EGpGnxA7BwDlzldWAO9ZU7Po9ImjcBToujOiYwukcaIzDZ0LYUaHzUnB/N2L9EQCA3D0GtRjZFtVyJJFtDDwR8S63NQBZsSHifcDeG8PKB7PB3h3NDcoc49XncrJeEKIQhvVg1uXMsJt/ckGsLmCCYfw/QcnnBcnAiBOpWdLihxBd0Tmhspurux6zayu2CgREuENyQ3YkJc29XxYnV/V2aG9Noqv/KslGSRs6jHfmV4E/aR7twKXqAJk5RxbQknfO0clnE84gMGW/DWBz7gC7wUefvRxNI27HV"}
{"@timestamp": "2019-07-30T14:37:49.000Z", "@metadata": {"beat": "winlogbeat", "type": "_doc", "version": "7.2.0", "topic": "wineventlog_raw"}, "ecs": {"version": "1.0.0"}, "host": {"os": {"kernel": "6.1.7601.18741 (win7sp1_gdr.150202-1526)", "build": "7601.0", "platform": "windows", "version": "6.1", "family": "windows", "name": "Windows 7 Professional"}, "id": "19fc45ac-5890-4f96-81b1-50ed111c0ce4", "hostname": "CLIENT1", "architecture": "x86", "name": "CLIENT1"}, "agent": {"type": "winlogbeat", "ephemeral_id": "33f6eec2-a7ba-4caa-97b3-ea43b4f5e172", "hostname": "CLIENT1", "id": "0b755aca-0a9a-454a-9800-1979901962a0", "version": "7.2.0"}, "event": {"kind": "event", "code": 1074, "created": "2019-08-05T08:54:04.776Z"}, "log": {"level": "information"}, "message": "The process C:\\Windows\\system32\\winlogon.exe (CLIENT1) has initiated the power off of computer CLIENT1 on behalf of user CLIENT1\\breach for the following reason: No title for this reason could be found\n Reason Code: 0x500ff\n Shutdown Type: power off\n Comment: ", "winlog": {"user": {"identifier": "<pseudonym:2246ce99b75c4aebaf0cd5d095e35cdb0cbf0f8adaf28ed864467242b621c30c>", "name": "breach", "domain": "CLIENT1", "type": "User"}, "event_data": {"param5": "power off", "param7": "CLIENT1\\breach", "Binary": "FF00050000000000000000000000000000000000000000000000000000000000", "param1": "C:\\Windows\\system32\\winlogon.exe (CLIENT1)", "param2": "CLIENT1", "param3": "No title for this reason could be found", "param4": "0x500ff"}, "channel": "System", "provider_name": "USER32", "task": "", "computer_name": "CLIENT1", "keywords": ["Classic"], "record_id": 11546, "api": "wineventlog", "event_id": 1074}}
{"@timestamp": "2019-07-30T14:37:51.705Z", "@metadata": {"beat": "winlogbeat", "type": "_doc", "version": "7.2.0", "topic": "wineventlog_raw"}, "winlog": {"computer_name": "CLIENT1", "provider_guid": "{555908d1-a6d7-4695-8e1e-26931d2012f4}", "process": {"pid": 436, "thread": {"id": 3216}}, "event_data": {"param1": "UPnP Device Host", "param2": "running", "Binary": "750070006E00700068006F00730074002F0034000000"}, "provider_name": "Service Control Manager", "event_id": 7036, "channel": "System", "record_id": 11551, "task": "", "api": "wineventlog", "keywords": ["Classic"]}, "event": {"kind": "event", "code": 7036, "created": "2019-08-05T08:54:04.776Z"}, "log": {"level": "information"}, "message": "The UPnP Device Host service entered the running state.", "ecs": {"version": "1.0.0"}, "host": {"hostname": "CLIENT1", "name": "CLIENT1", "architecture": "x86", "os": {"family": "windows", "name": "Windows 7 Professional", "kernel": "6.1.7601.18741 (win7sp1_gdr.150202-1526)", "build": "7601.0", "platform": "windows", "version": "6.1"}, "id": "19fc45ac-5890-4f96-81b1-50ed111c0ce4"}, "agent": {"type": "winlogbeat", "ephemeral_id": "33f6eec2-a7ba-4caa-97b3-ea43b4f5e172", "hostname": "CLIENT1", "id": "0b755aca-0a9a-454a-9800-1979901962a0", "version": "7.2.0"}}
{"pseudonym": "cd1a3afeeac92cb813605e21e464de7db0ca53fa0190d3a1372a46f60ddd0712", "origin": "un7qW5KnQuhm2Rx3dEtPxKp7fMdv0matJoBQQRjrC9Y4O5DdzuVdQ89l8gCUhK2zBK9UXDdMi3FHHHHrf/zLaTMjXFgvHDHijwrPD9s/pqOyJHgDaQk/it/2sQ9NhzLJzwhiFWmXFd7q61PDXAWeHDtythdS3MbnFha6xXc9DynUuiTfpefwgTzEDpqvoo3Vu1CWX5KtUXRMu5RsLV48Bf3M7lXpCl6puVHK1EPWq+V3hGLRCZ3aj6VkIbwnLKZrtIgeyBfGrSWzvvNr+ZzwU8mvmsrvI+AjkezbsdpQTHnBhA1v7PKP8qGIYna/YKH5VNWEbfR+h70FuG++zJPPf+s1SP9MVafnLLc9VFssHFE="}
{"@timestamp": "2019-07-30T14:38:14.071Z", "@metadata": {"beat": "winlogbeat", "type": "_doc", "version": "7.2.0", "topic": "wineventlog_raw"}, "winlog": {"provider_guid": "{96F4A050-7E31-453C-88BE-9634F4E02139}", "process": {"pid": 544, "thread": {"id": 2976}}, "user": {"identifier": "<pseudonym:cd1a3afeeac92cb813605e21e464de7db0ca53fa0190d3a1372a46f60ddd0712>", "name": "SYSTEM", "domain": "NT AUTHORITY", "type": "User"}, "computer_name": "CLIENT1", "record_id": 11562, "task": "", "api": "wineventlog", "opcode": "Info", "channel": "System", "provider_name": "Microsoft-Windows-UserPnp", "user_data": {"InstallSubsystemState": "false", "CachingSubsystemState": "false", "xml_name": "INFO_PNP_STATE"}, "event_id": 20010}, "event": {"created": "2019-08-05T08:54:04.777Z", "kind": "event", "code": 20010}, "log": {"level": "information"}, "message": "One or more of the Plug and Play service's subsystems has changed state. \n\nPlugPlay install subsystem enabled: 'false' \nPlugPlay caching subsystem enabled: 'false' ", "ecs": {"version": "1.0.0"}, "host": {"name": "CLIENT1", "os": {"kernel": "6.1.7601.18741 (win7sp1_gdr.150202-1526)", "build": "7601.0", "platform": "windows", "version": "6.1", "family": "windows", "name": "Windows 7 Professional"}, "id": "19fc45ac-5890-4f96-81b1-50ed111c0ce4", "hostname": "CLIENT1", "architecture": "x86"}, "agent": {"ephemeral_id": "33f6eec2-a7ba-4caa-97b3-ea43b4f5e172", "hostname": "CLIENT1", "id": "0b755aca-0a9a-454a-9800-1979901962a0", "version": "7.2.0", "type": "winlogbeat"}}
{"@timestamp": "2019-08-02T09:46:19.281Z", "@metadata": {"beat": "winlogbeat", "type": "_doc", "version": "7.2.0", "topic": "wineventlog_raw"}, "event": {"created": "2019-08-05T08:54:04.777Z", "kind": "event", "code": 7036}, "log": {"level": "information"}, "message": "The RPC Endpoint Mapper service entered the running state.", "ecs": {"version": "1.0.0"}, "host": {"os": {"platform": "windows", "version": "6.1", "family": "windows", "name": "Windows 7 Professional", "kernel": "6.1.7601.18741 (win7sp1_gdr.150202-1526)", "build": "7601.0"}, "id": "19fc45ac-5890-4f96-81b1-50ed111c0ce4", "name": "CLIENT1", "hostname": "CLIENT1", "architecture": "x86"}, "agent": {"version": "7.2.0", "type": "winlogbeat", "ephemeral_id": "33f6eec2-a7ba-4caa-97b3-ea43b4f5e172", "hostname": "CLIENT1", "id": "0b755aca-0a9a-454a-9800-1979901962a0"}, "winlog": {"record_id": 11594, "provider_guid": "{555908d1-a6d7-4695-8e1e-26931d2012f4}", "event_id": 7036, "event_data": {"param1": "RPC Endpoint Mapper", "param2": "running", "Binary": "5200700063004500700074004D00610070007000650072002F0034000000"}, "channel": "System", "provider_name": "Service Control Manager", "keywords": ["Classic"], "process": {"pid": 440, "thread": {"id": 528}}, "task": "", "api": "wineventlog", "computer_name": "CLIENT1"}}
{"@timestamp": "2019-08-02T09:46:20.765Z", "@metadata": {"beat": "winlogbeat", "type": "_doc", "version": "7.2.0", "topic": "wineventlog_raw"}, "message": "The Multimedia Class Scheduler service entered the running state.", "ecs": {"version": "1.0.0"}, "host": {"os": {"kernel": "6.1.7601.18741 (win7sp1_gdr.150202-1526)", "build": "7601.0", "platform": "windows", "version": "6.1", "family": "windows", "name": "Windows 7 Professional"}, "name": "CLIENT1", "id": "19fc45ac-5890-4f96-81b1-50ed111c0ce4", "hostname": "CLIENT1", "architecture": "x86"}, "agent": {"type": "winlogbeat", "ephemeral_id": "33f6eec2-a7ba-4caa-97b3-ea43b4f5e172", "hostname": "CLIENT1", "id": "0b755aca-0a9a-454a-9800-1979901962a0", "version": "7.2.0"}, "winlog": {"task": "", "keywords": ["Classic"], "event_id": 7036, "provider_name": "Service Control Manager", "record_id": 11597, "event_data": {"Binary": "4D004D004300530053002F0034000000", "param1": "Multimedia Class Scheduler", "param2": "running"}, "channel": "System", "provider_guid": "{555908d1-a6d7-4695-8e1e-26931d2012f4}", "process": {"pid": 440, "thread": {"id": 520}}, "computer_name": "CLIENT1", "api": "wineventlog"}, "event": {"kind": "event", "code": 7036, "created": "2019-08-05T08:54:04.777Z"}, "log": {"level": "information"}}
