{"pseudonym": "e887f3a09fdddf7c81a563b81f90ed9499d86badaa6173d1aa197a2b544d13b1", "origin": "Nt6+ZyNWz275dbACExAe49+WS5Hl1PRfSGmvbU+Mz0v5lXHWsQGiGiFBemyRCtY1VHV8lYQO7E0Yo0H+mCQk3PVfBDVbx8vNnzw+u7dn8qrDFmIYrvpySnfJcl/w8dBTxdrtJb9UWd3sQGdu6S0XFxX3CQQccMoeN3aImtdOB6dLRXiJo48455rrC0D+N+y0DY7UkAo1ZMxSEByHb/P44Ja5H9TPgUodVuSDr6KjpMv2+dVWOfQt5+YcLGGTtHMeEu/wqkJwR0+p7Kw3UBV121pkHsZ7rw0UZgAQRUPQJKDcXiK9VdtCaMB0SohTEGoyat4qFk1v8Mkp08HPVxINrXev0mCQIeb4NINXYuX9jro="}
{"pseudonym": "cd1a3afeeac92cb813605e21e464de7db0ca53fa0190d3a1372a46f60ddd0712", "origin": "WpA7TOvD9aMb/unk67yobDWSFyhki6fshsFftKmE3eikKK6nRyzmCQ96wNgi4c0hjzy55aJrwRZtQo9zVNLtE47glA5eoDF668/B5WPPuDKZs9sc6pKoiy0LoXt2fDYuC3EJiZH/DX7Rm7Qe35ibsNlRmDWOV2MIzIMSKVyqt2zfke8GOLgfLII0CA+c3LHVCzBfgikayBPZamMG+tJXx4RdU888Z2K3eNKhJV9lX2CKWyy0AYJgcJHflSKDDXFupTIY5cTEv7VJY5+d/X2Hc2m2izQgKAjxRzXzR6eFFrCl0vESpKfV660d/jeSB7b3lXbeTX9rOpM4tUxtUMSryT47N/NaOeAOwf233HATLxQ="}
{"@timestamp": "2019-08-02T13:55:05.533Z", "@metadata": {"beat": "winlogbeat", "type": "_doc", "version": "7.2.0", "topic": "wineventlog_raw"}, "message": "The system time was changed.\n\nSubject:\n\tSecurity ID:\t\tS-1-5-18\n\tAccount Name:\t\tCLIENT1$\n\tAccount Domain:\t\tWORKGROUP\n\tLogon ID:\t\t0x3e7\n\nProcess Information:\n\tProcess ID:\t0x5b4\n\tName:\t\tC:\\Program Files\\NetTime\\NetTimeService.exe\n\nPrevious Time:\t\t\u200e2019\u200e-\u200e08\u200e-\u200e02T13:55:05.738514300Z\nNew Time:\t\t\u200e2019\u200e-\u200e08\u200e-\u200e02T13:55:05.533000000Z\n\nThis event is generated when the system time is changed. It is normal for the Windows Time Service, which runs with System privilege, to change the system time on a regular basis. Other system time changes may be indicative of attempts to tamper with the computer.", "ecs": {"version": "1.0.0"}, "host": {"architecture": "x86", "os": {"platform": "windows", "version": "6.1", "family": "windows", "name": "Windows 7 Professional", "kernel": "6.1.7601.18741 (win7sp1_gdr.150202-1526)", "build": "7601.0"}, "id": "19fc45ac-5890-4f96-81b1-50ed111c0ce4", "name": "CLIENT1", "hostname": "CLIENT1"}, "agent": {"ephemeral_id": "de845cd9-5141-4c92-ad32-27a4518307e9", "hostname": "CLIENT1", "id": "0b755aca-0a9a-454a-9800-1979901962a0", "version": "7.2.0", "type": "winlogbeat"}, "winlog": {"channel": "Security", "opcode": "Info", "event_data": {"SubjectUserSid": "<pseudonym:cd1a3afeeac92cb813605e21e464de7db0ca53fa0190d3a1372a46f60ddd0712>", "SubjectUserName": "<pseudonym:e887f3a09fdddf7c81a563b81f90ed9499d86badaa6173d1aa197a2b544d13b1>", "SubjectDomainName": "WORKGROUP", "SubjectLogonId": "0x3e7", "PreviousTime": "2019-08-02T13:55:05.738514300Z", "NewTime": "2019-08-02T13:55:05.533000000Z", "ProcessId": "0x5b4", "ProcessName": "C:\\Program Files\\NetTime\\NetTimeService.exe"}, "keywords": ["Audit Success"], "version": 1, "computer_name": "CLIENT1", "process": {"pid": 4, "thread": {"id": 64}}, "event_id": 4616, "provider_name": "Microsoft-Windows-Security-Auditing", "api": "wineventlog", "provider_guid": "{54849625-5478-4994-A5BA-3E3B0328C30D}", "record_id": 4754, "task": "Security State Change"}, "event": {"kind": "event", "code": 4616, "action": "Security State Change", "created": "2019-08-02T13:55:06.532Z"}, "log": {"level": "information"}}
{"pseudonym": "e887f3a09fdddf7c81a563b81f90ed9499d86badaa6173d1aa197a2b544d13b1", "origin": "Vr/ALPvmGuZ12jNLas+eCChH//btLsNM+cIESuvBl/jEKJQasyVZ5DGDSbKAmwOz20B/Q6MH4dCMcu4WQd4AUZ49UDUGogEhd5gi7xknWSjUV4QWqKfGnI7dpFSvaSVn2plQ8SkGseRxlSJadjRnMId3iEd8zrQPHgERUCqPPI7dhuiMlHbzwKQYumxP14nYVyCU76ro/if45nfO8JGCAuKU0CpUe6y++7RpC49gOJMi/RCJSvSLmwxGsQcSP1FAm2EXpW/3ymN/xdpQScBfswp7MlvDPmlNtwwYFRNQ1QODbqEcfWjestqrTsRD8S3lOJXHKsWOR5z/gtk3M/hjuGub1Kn/ENWdR3WqEvZCcU0="}
{"pseudonym": "cd1a3afeeac92cb813605e21e464de7db0ca53fa0190d3a1372a46f60ddd0712", "origin": "ktq8C3kw3M0bJODpHKCSdxAM1tddPcLNz8G3wcG2C5EzxHnvj1UVuJZSKcUHnsqZ0j/3iKberD8KyEG+zEcdcDpe8gdxMzXbu0gE8N+Ux5u9qPXIOdWDrwuyL5FnSbZ7g4aV547liSGuCmwXD1orpuRh2I+56JPYBgteAnJbqwk3ifH4L21gzg+rr/XQOkV8oTok/kJi9iykjYtich3iBXgPjJ51zlzELqeivHz+3sChxNVXtphn8j7wT6/cQ4L1afflVRbc7pIjk8AHmx1tIBGroB+bRcsCJSJyHOTFSHqLyK4BWa0UCV1TvJNDIupo116Y0ZhqpmtXUd2wb4CMLCHQVtPZCovbHeJVr6TTqow="}
{"@timestamp": "2019-07-30T14:37:42.861Z", "@metadata": {"beat": "winlogbeat", "type": "_doc", "version": "7.2.0", "topic": "wineventlog_raw"}, "winlog": {"event_id": 4616, "keywords": ["Audit Success"], "provider_guid": "{54849625-5478-4994-A5BA-3E3B0328C30D}", "task": "Security State Change", "api": "wineventlog", "computer_name": "CLIENT1", "opcode": "Info", "version": 1, "channel": "Security", "provider_name": "Microsoft-Windows-Security-Auditing", "record_id": 4636, "process": {"pid": 4, "thread": {"id": 48}}, "event_data": {"SubjectDomainName": "WORKGROUP", "SubjectLogonId": "0x3e7", "PreviousTime": "2019-07-30T14:37:43.494572200Z", "NewTime": "2019-07-30T14:37:42.861000000Z", "ProcessId": "0x5b4", "ProcessName": "C:\\Program Files\\NetTime\\NetTimeService.exe", "SubjectUserSid": "<pseudonym:cd1a3afeeac92cb813605e21e464de7db0ca53fa0190d3a1372a46f60ddd0712>", "SubjectUserName": "<pseudonym:e887f3a09fdddf7c81a563b81f90ed9499d86badaa6173d1aa197a2b544d13b1>"}}, "event": {"kind": "event", "code": 4616, "action": "Security State Change", "created": "2019-08-05T08:54:03.452Z"}, "log": {"level": "information"}, "message": "The system time was changed.\n\nSubject:\n\tSecurity ID:\t\tS-1-5-18\n\tAccount Name:\t\tCLIENT1$\n\tAccount Domain:\t\tWORKGROUP\n\tLogon ID:\t\t0x3e7\n\nProcess Information:\n\tProcess ID:\t0x5b4\n\tName:\t\tC:\\Program Files\\NetTime\\NetTimeService.exe\n\nPrevious Time:\t\t\u200e2019\u200e-\u200e07\u200e-\u200e30T14:37:43.494572200Z\nNew Time:\t\t\u200e2019\u200e-\u200e07\u200e-\u200e30T14:37:42.861000000Z\n\nThis event is generated when the system time is changed. It is normal for the Windows Time Service, which runs with System privilege, to change the system time on a regular basis. Other system time changes may be indicative of attempts to tamper with the computer.", "ecs": {"version": "1.0.0"}, "host": {"architecture": "x86", "os": {"build": "7601.0", "platform": "windows", "version": "6.1", "family": "windows", "name": "Windows 7 Professional", "kernel": "6.1.7601.18741 (win7sp1_gdr.150202-1526)"}, "id": "19fc45ac-5890-4f96-81b1-50ed111c0ce4", "name": "CLIENT1", "hostname": "CLIENT1"}, "agent": {"id": "0b755aca-0a9a-454a-9800-1979901962a0", "version": "7.2.0", "type": "winlogbeat", "ephemeral_id": "33f6eec2-a7ba-4caa-97b3-ea43b4f5e172", "hostname": "CLIENT1"}}
{"@timestamp": "2019-08-02T09:46:39.421Z", "@metadata": {"beat": "winlogbeat", "type": "_doc", "version": "7.2.0", "topic": "wineventlog_raw"}, "message": "The Windows Firewall service started successfully.", "host": {"os": {"family": "windows", "name": "Windows 7 Professional", "kernel": "6.1.7601.18741 (win7sp1_gdr.150202-1526)", "build": "7601.0", "platform": "windows", "version": "6.1"}, "id": "19fc45ac-5890-4f96-81b1-50ed111c0ce4", "name": "CLIENT1", "hostname": "CLIENT1", "architecture": "x86"}, "agent": {"version": "7.2.0", "type": "winlogbeat", "ephemeral_id": "33f6eec2-a7ba-4caa-97b3-ea43b4f5e172", "hostname": "CLIENT1", "id": "0b755aca-0a9a-454a-9800-1979901962a0"}, "ecs": {"version": "1.0.0"}, "winlog": {"process": {"pid": 448, "thread": {"id": 504}}, "provider_guid": "{54849625-5478-4994-A5BA-3E3B0328C30D}", "channel": "Security", "api": "wineventlog", "computer_name": "CLIENT1", "provider_name": "Microsoft-Windows-Security-Auditing", "task": "Other System Events", "keywords": ["Audit Success"], "opcode": "Info", "event_id": 5024, "record_id": 4658}, "event": {"created": "2019-08-05T08:54:03.703Z", "kind": "event", "code": 5024, "action": "Other System Events"}, "log": {"level": "information"}}
{"pseudonym": "387dddca7f9c9fa71c41295d7790d3bcd791cfe79b2dd4843551dfd0bf47acf2", "origin": "ATSekmVM7jfou12Dl7aKm00uMFwbQNnpreZ96LWAyiSRmFZr1f5FXWS15U46eB4Qjw+qtcVyF6gHGwMy8uVm++Dhy4P4og+HgJ+rWX1elILNkJs9l4b0v+j5Hug9ITEBS3X8EqZg3iSXrxSs3Hbh8ZOL8EV2aIPJwgCi3Ds1RUaMaCxtFX3lSmDQrY4YwAsRfj9YzJIbA/KMI2uL5QOvVG9U3jlygqzuc+yKtJZQSieW7hBOZ5EhqBfqkhweUADFvVw2UIBBocN1bG6TmNlO4HtWJmt80306rRa8p2PgUqQgfo4k9DdQyNxHZLCjuSAvRIiWA58GAiRJWmdI17rf9gOo0wS+CwU7qu2IaKS4"}
{"pseudonym": "cd1a3afeeac92cb813605e21e464de7db0ca53fa0190d3a1372a46f60ddd0712", "origin": "n+NVbXBW2zVFlZsLq7XL6hBV95U3JXFVQdQQC0pXOta03p5QSIKAV2pLvaI9eqLEO3cHvwoMaJaj/Q88xadb1AsggJm2vkYIKLZ4Y0Cl+gbC/akeu+1JqDp8H2CBxJIXsIePjSbpCSWhNm0pM9qs5jB2mb/llldze9PsPkb/54G/J+nZ48K9tzYssrGqIrrW8GTRHvyqh9jSFnWflPzb+t0m0/h0do4oWnJzgb9LEHYHukEw8w2iO3oyonhY7sZ2G8iywoizZAJZWRwYjkQYcdDnJFGxWUALU/5rO+La6mkn2gS0id8JGzZ9psO4Ot+f4SAye60arDe3B/qQ8Td6daTpv17LSDYQh5hb6YJvQ8U="}
{"@timestamp": "2019-08-02T09:47:39.827Z", "@metadata": {"beat": "winlogbeat", "type": "_doc", "version": "7.2.0", "topic": "wineventlog_raw"}, "winlog": {"event_data": {"SubjectLogonId": "0x3e7", "PrivilegeList": "SeAssignPrimaryTokenPrivilege\n\t\t\tSeTcbPrivilege\n\t\t\tSeSecurityPrivilege\n\t\t\tSeTakeOwnershipPrivilege\n\t\t\tSeLoadDriverPrivilege\n\t\t\tSeBackupPrivilege\n\t\t\tSeRestorePrivilege\n\t\t\tSeDebugPrivilege\n\t\t\tSeAuditPrivilege\n\t\t\tSeSystemEnvironmentPrivilege\n\t\t\tSeImpersonatePrivilege", "SubjectUserSid": "<pseudonym:cd1a3afeeac92cb813605e21e464de7db0ca53fa0190d3a1372a46f60ddd0712>", "SubjectUserName": "<pseudonym:387dddca7f9c9fa71c41295d7790d3bcd791cfe79b2dd4843551dfd0bf47acf2>", "SubjectDomainName": "NT AUTHORITY"}, "provider_name": "Microsoft-Windows-Security-Auditing", "record_id": 4664, "process": {"pid": 448, "thread": {"id": 504}}, "api": "wineventlog", "computer_name": "CLIENT1", "provider_guid": "{54849625-5478-4994-A5BA-3E3B0328C30D}", "keywords": ["Audit Success"], "channel": "Security", "event_id": 4672, "task": "Special Logon", "opcode": "Info"}, "event": {"code": 4672, "action": "Special Logon", "created": "2019-08-05T08:54:03.703Z", "kind": "event"}, "log": {"level": "information"}, "message": "Special privileges assigned to new logon.\n\nSubject:\n\tSecurity ID:\t\tS-1-5-18\n\tAccount Name:\t\tSYSTEM\n\tAccount Domain:\t\tNT AUTHORITY\n\tLogon ID:\t\t0x3e7\n\nPrivileges:\t\tSeAssignPrimaryTokenPrivilege\n\t\t\tSeTcbPrivilege\n\t\t\tSeSecurityPrivilege\n\t\t\tSeTakeOwnershipPrivilege\n\t\t\tSeLoadDriverPrivilege\n\t\t\tSeBackupPrivilege\n\t\t\tSeRestorePrivilege\n\t\t\tSeDebugPrivilege\n\t\t\tSeAuditPrivilege\n\t\t\tSeSystemEnvironmentPrivilege\n\t\t\tSeImpersonatePrivilege", "ecs": {"version": "1.0.0"}, "host": {"os": {"name": "Windows 7 Professional", "kernel": "6.1.7601.18741 (win7sp1_gdr.150202-1526)", "build": "7601.0", "platform": "windows", "version": "6.1", "family": "windows"}, "id": "19fc45ac-5890-4f96-81b1-50ed111c0ce4", "name": "CLIENT1", "hostname": "CLIENT1", "architecture": "x86"}, "agent": {"hostname": "CLIENT1", "id": "0b755aca-0a9a-454a-9800-1979901962a0", "version": "7.2.0", "type": "winlogbeat", "ephemeral_id": "33f6eec2-a7ba-4caa-97b3-ea43b4f5e172"}}
{"pseudonym": "e887f3a09fdddf7c81a563b81f90ed9499d86badaa6173d1aa197a2b544d13b1", "origin": "Nhixsj8ge11NvOIlK5zh1XaK8zjrsnmRpLIr0LCtbCN+2hr2+eCq0KLW/jZ0aJSFIHmKX9ObL27fHLsrWvpq0DQI1RvJlemfTIdF8dbC8OMUCsD0r82RNF/EEfyLun1zWlOz2UNLP1z1ORDqmYo5IVaCri4I+QlWKBE0/mPkdqgV+ysYFyV4MANyKUUrxak9BQLgKwUBPJGhhxnT+jFv53p6I1RdXqHZ63fQXlGQ5DoNLBebGuMkWfDMnvpCjpZ3ck+DSR4Bxyw6Y4g5AxhIC5jbbnNzKOtJSPlSZ+frkW8goeTZFaHTfsUnUscyiM50LxBfUcltdvaMDrZzpBl1v2V4VPg7np0wYDloU292LGE="}
{"pseudonym": "387dddca7f9c9fa71c41295d7790d3bcd791cfe79b2dd4843551dfd0bf47acf2", "origin": "k+TyVF1dPHylg0qyy3DcwtamL9zVVrQRs0t3DvezPtf+1kmz4b51cepfyJPCLFVd8KmvTMsG29Blt6qmKWhae6aegg602QcrjocKrGAJqZdeYrEY2BNRG7APesTypBp6uFWaTpcWpc2Ybh77QU8V5SJ/FxAjsd5ZRBo53mRRyMqXFN0k9Oi/01u68ffqImx5OAkRyeI2ha4BeBvjM6e5v98bNT3k6s9FfiDMV0LQWHKrAeSMML7Yi+plOrYA2WPDhMVMCXR0pq/FsOqOUhWZrpKXe4XAAipUwQbde7iDnTdgwsva5yFaVZqN4dHSgW5o1Ap4x09lMh8WqMgZGpDTFa71nOtJ+ER4kaFFQV9I"}
{"pseudonym": "cd1a3afeeac92cb813605e21e464de7db0ca53fa0190d3a1372a46f60ddd0712", "origin": "dlrM6usKdjLOsI5pxaCbbhpXCePzfwGdFL8DeqsKSwFyMpCQJOq8EkJbDjJPicFrced9d56c05SAvOpO7SLMsloGyoTkPwEPaZ7nLTiSxg/MaA35EVCn9UYy7bWg+b1ulH8Nfepg5RF+v9FWjeYI7H17tupA1+7KDccdvZskI4cTqABQQBI3p6VHqKpKNDUXuHcc++V1fTpdhZp2h5RGIwquHSz0MJ/pafutJJw+CvHxPr34+syDxYlJ521raLGA3n4D3y7bbfxOkxo/QrqSSajq4GHA7A9VY9GvthsieHKHMu3v088GkgH8OBqj3K74ELMNeTZKz2cBq+luzjyZZAJvE/AJafxcVoE3+7CdFK0="}
{"pseudonym": "91d121bc503735a145e0e9869d792d26f6b22784210a0daf5b63840be2abf69a", "origin": "D5aT419rhbyTHyunBWtdnnB/dtiivgJh78Qvh/UO3nHLucm2zIshoxTib7dIXiAqnNPygz+2hQ4pG5mIiVZQjcsb1oIrUpIwgvCRgHgngiSAQxiItZeK/t4P3NNoYfxJwjVqQI/T9SoJ1fmWa/FWQKjtOy9nilZBbBbe5uXtJhrE8Dd8iHDGeqpo2yKhYrMUn1SgnmzNcmlvpl4jWmnPvA6QgixbgPAIp5W1xS/ke20Tus0hyINBCIzh6Je5oGVrBQ2GclgRsirgkLBPhbIMV4nVHD/eYprIB1J0Ev1v9fztkRceiMCpuLEeCwn44AEodXkz0W4obDbI/o9A1r0TVajqtJNK6ddpXg=="}
{"@timestamp": "2019-08-02T09:48:55.871Z", "@metadata": {"beat": "winlogbeat", "type": "_doc", "version": "7.2.0", "topic": "wineventlog_raw"}, "winlog": {"provider_guid": "{54849625-5478-4994-A5BA-3E3B0328C30D}", "api": "wineventlog", "keywords": ["Audit Success"], "event_id": 4624, "provider_name": "Microsoft-Windows-Security-Auditing", "task": "Logon", "process": {"pid": 448, "thread": {"id": 504}}, "event_data": {"SubjectUserSid": "<pseudonym:cd1a3afeeac92cb813605e21e464de7db0ca53fa0190d3a1372a46f60ddd0712>", "IpPort": "-", "SubjectDomainName": "WORKGROUP", "TargetLogonId": "0x3e7", "TransmittedServices": "-", "LogonType": "5", "LmPackageName": "-", "KeyLength": "0", "LogonProcessName": "Advapi  ", "SubjectUserName": "<pseudonym:e887f3a09fdddf7c81a563b81f90ed9499d86badaa6173d1aa197a2b544d13b1>", "LogonGuid": "{00000000-0000-0000-0000-000000000000}", "IpAddress": "<pseudonym:91d121bc503735a145e0e9869d792d26f6b22784210a0daf5b63840be2abf69a>", "SubjectLogonId": "0x3e7", "AuthenticationPackageName": "Negotiate"}, "opcode": "Info", "channel": "Security", "record_id": 4665, "computer_name": "CLIENT1"}, "ecs": {"version": "1.0.0"}, "log": {"level": "information"}, "event": {"category": "authentication", "type": "authentication_success", "action": "Logon", "created": "2019-08-05T08:54:03.703Z", "kind": "event", "code": 4624}, "user": {"id": "S-1-5-18", "name": "<pseudonym:387dddca7f9c9fa71c41295d7790d3bcd791cfe79b2dd4843551dfd0bf47acf2>", "domain": "NT AUTHORITY"}, "process": {"pid": 440, "executable": "C:\\Windows\\System32\\services.exe", "name": "services.exe"}, "agent": {"hostname": "CLIENT1", "id": "0b755aca-0a9a-454a-9800-1979901962a0", "version": "7.2.0", "type": "winlogbeat", "ephemeral_id": "33f6eec2-a7ba-4caa-97b3-ea43b4f5e172"}, "host": {"name": "CLIENT1", "id": "19fc45ac-5890-4f96-81b1-50ed111c0ce4", "hostname": "CLIENT1", "architecture": "x86", "os": {"platform": "windows", "version": "6.1", "family": "windows", "name": "Windows 7 Professional", "kernel": "6.1.7601.18741 (win7sp1_gdr.150202-1526)", "build": "7601.0"}}, "message": "An account was successfully logged on.\n\nSubject:\n\tSecurity ID:\t\tS-1-5-18\n\tAccount Name:\t\tCLIENT1$\n\tAccount Domain:\t\tWORKGROUP\n\tLogon ID:\t\t0x3e7\n\nLogon Type:\t\t\t5\n\nNew Logon:\n\tSecurity ID:\t\tS-1-5-18\n\tAccount Name:\t\tSYSTEM\n\tAccount Domain:\t\tNT AUTHORITY\n\tLogon ID:\t\t0x3e7\n\tLogon GUID:\t\t{00000000-0000-0000-0000-000000000000}\n\nProcess Information:\n\tProcess ID:\t\t0x1b8\n\tProcess Name:\t\tC:\\Windows\\System32\\services.exe\n\nNetwork Information:\n\tWorkstation Name:\t\n\tSource Network Address:\t-\n\tSource Port:\t\t-\n\nDetailed Authentication Information:\n\tLogon Process:\t\tAdvapi  \n\tAuthentication Package:\tNegotiate\n\tTransited Services:\t-\n\tPackage Name (NTLM only):\t-\n\tKey Length:\t\t0\n\nThis event is generated when a logon session is created. It is generated on the computer that was accessed.\n\nThe subject fields indicate the account on the local system which requested the logon. This is most commonly a service such as the Server service, or a local process such as Winlogon.exe or Services.exe.\n\nThe logon type field indicates the kind of logon that occurred. The most common types are 2 (interactive) and 3 (network).\n\nThe New Logon fields indicate the account for whom the new logon was created, i.e. the account that was logged on.\n\nThe network fields indicate where a remote logon request originated. Workstation name is not always available and may be left blank in some cases.\n\nThe authentication information fields provide detailed information about this specific logon request.\n\t- Logon GUID is a unique identifier that can be used to correlate this event with a KDC event.\n\t- Transited services indicate which intermediate services have participated in this logon request.\n\t- Package name indicates which sub-protocol was used among the NTLM protocols.\n\t- Key length indicates the length of the generated session key. This will be 0 if no session key was requested."}
{"pseudonym": "e887f3a09fdddf7c81a563b81f90ed9499d86badaa6173d1aa197a2b544d13b1", "origin": "PSqHbMT1+3V7UqXxy1DbxIRHow5w67MMaQTx3F1fzu+AdJ2HtxF98IzvZgLuVRRlrlDKFLCNUdvSLWbBFLCtUqRE7rEALCVOnV77UW4j+z+Nnrpe6dniA65BHlMsRIH3QeNyqgHFQX6o6Pd9cCll4Sgkue8pr8LoRi2oeyloVcMGtSyHfdE3IpsRnj+6qDPeteXCN2MPy2DuWE1A/vEL5idVSMD4oKLRSMNSAxhP2MiVAA4RhDNwGJZinoQEQ4odyuqwlCtY9V1m8Akr8r44/MR3kebAwWopGXCogCpdsD2tgeQozWpW8MJ+06RPv1ALICEcF8Gv2cRdOGjdg7LGEkPnos1OlOvc2aaMnt3hpkE="}
{"pseudonym": "387dddca7f9c9fa71c41295d7790d3bcd791cfe79b2dd4843551dfd0bf47acf2", "origin": "MNoqi61rZ81aijcV4FH2CM2IZxYHbBIgq4jCXyF/tVLA890ur0zfP2XQkprVi9MiPoxKoBREVdYHjhRQlJvrwUyuTvAp0jr6EOJo1EqSwV4nFJ8q814bfx3io6bepfiD986/NkqHs4Yl6kmuLsT6JMnURexndoFJMRXOeLVkL/3OSUS8u5tK0/Uj7Juv6RLm9pHJXX9t0PHy66mcqoIcW+qdSpm49d2G3oPxM1cWupW1KqK8ezPzMYf61nAjnfVNlGw+kKZsaMxMV1KQg0NVuRtEo6K2gfsb/rjqdIC8npaaZAEdt2+6Tbuy1ayeLAS9AeIKONf6eGKUgbBFfVmsN1P8mwf2pH7FDOioISp9"}
{"pseudonym": "cd1a3afeeac92cb813605e21e464de7db0ca53fa0190d3a1372a46f60ddd0712", "origin": "QcEtT8NmKPrXpvlvBEZy8r8cytcfZPLkZ2odj82eqbu9euUIkeKSwisSPndSDrOv2UMNMmaAkHFFPSd2jS4YYvqfXuO9idY6qNDIlM99RVnAGmTs2gXJ4ojV68cdivZrSoHOoYlddXbNTNGYMeN9gzMbznh+R/w5Oxsi90DdvTPyqmqH36y7Lm/CZG0q7rdJbnHrN5JmRNCKeIAqfdXIz6tyrW0Nghci/4L/8ub7I1oIwO0VNNQLeDOHw9DZL4BoMFM54BjjJzY8/Puk9zPBQLNOyGAPvRmgBgKRKsLhPEdjFOv3Y1dLgHauzOVJiEhsxvyjZDfa3HBM6QhyQ73sZ1Mx1MK0CS5dy5XKHHAWZks="}
{"pseudonym": "91d121bc503735a145e0e9869d792d26f6b22784210a0daf5b63840be2abf69a", "origin": "G/a0xbwjJvLhHB65OCImSFwuAlZdARnLr8AQsO43RbYDbRrbT8scfil0au8z2vF7WN+qYXmBQMs6WjGtrPOg7EpVCNje+WCqOdLN4g+zgHVZCbvJNWpcYJg5bQ9jt2Nb74RyrKjOz1spakYztvab9T/8TygwRxCznVVRVVP5cn0zKbx6JiRUChBpUF+oRhccb6z7kAusT22++5/O9EfPPPbF5s6IMjOHX/4/TUFMeZns3T07K8VPEcDSLTFZAkzlhhAgLS25ZxWGSO8HbkmPlcLHljkwXgFqivP1U6+FehZI/xwwO2Eh8CkPYSkgUF/mkwvl7c55iLtILCShwMBNshVLzp0u3K2hIg=="}
{"@timestamp": "2019-08-05T08:53:28.703Z", "@metadata": {"beat": "winlogbeat", "type": "_doc", "version": "7.2.0", "topic": "wineventlog_raw"}, "message": "An account was successfully logged on.\n\nSubject:\n\tSecurity ID:\t\tS-1-5-18\n\tAccount Name:\t\tCLIENT1$\n\tAccount Domain:\t\tWORKGROUP\n\tLogon ID:\t\t0x3e7\n\nLogon Type:\t\t\t5\n\nNew Logon:\n\tSecurity ID:\t\tS-1-5-18\n\tAccount Name:\t\tSYSTEM\n\tAccount Domain:\t\tNT AUTHORITY\n\tLogon ID:\t\t0x3e7\n\tLogon GUID:\t\t{00000000-0000-0000-0000-000000000000}\n\nProcess Information:\n\tProcess ID:\t\t0x1b4\n\tProcess Name:\t\tC:\\Windows\\System32\\services.exe\n\nNetwork Information:\n\tWorkstation Name:\t\n\tSource Network Address:\t-\n\tSource Port:\t\t-\n\nDetailed Authentication Information:\n\tLogon Process:\t\tAdvapi  \n\tAuthentication Package:\tNegotiate\n\tTransited Services:\t-\n\tPackage Name (NTLM only):\t-\n\tKey Length:\t\t0\n\nThis event is generated when a logon session is created. It is generated on the computer that was accessed.\n\nThe subject fields indicate the account on the local system which requested the logon. This is most commonly a service such as the Server service, or a local process such as Winlogon.exe or Services.exe.\n\nThe logon type field indicates the kind of logon that occurred. The most common types are 2 (interactive) and 3 (network).\n\nThe New Logon fields indicate the account for whom the new logon was created, i.e. the account that was logged on.\n\nThe network fields indicate where a remote logon request originated. Workstation name is not always available and may be left blank in some cases.\n\nThe authentication information fields provide detailed information about this specific logon request.\n\t- Logon GUID is a unique identifier that can be used to correlate this event with a KDC event.\n\t- Transited services indicate which intermediate services have participated in this logon request.\n\t- Package name indicates which sub-protocol was used among the NTLM protocols.\n\t- Key length indicates the length of the generated session key. This will be 0 if no session key was requested.", "log": {"level": "information"}, "user": {"id": "S-1-5-18", "name": "<pseudonym:387dddca7f9c9fa71c41295d7790d3bcd791cfe79b2dd4843551dfd0bf47acf2>", "domain": "NT AUTHORITY"}, "process": {"pid": 436, "executable": "C:\\Windows\\System32\\services.exe", "name": "services.exe"}, "ecs": {"version": "1.0.0"}, "host": {"name": "CLIENT1", "architecture": "x86", "os": {"name": "Windows 7 Professional", "kernel": "6.1.7601.18741 (win7sp1_gdr.150202-1526)", "build": "7601.0", "platform": "windows", "version": "6.1", "family": "windows"}, "id": "19fc45ac-5890-4f96-81b1-50ed111c0ce4", "hostname": "CLIENT1"}, "agent": {"type": "winlogbeat", "ephemeral_id": "33f6eec2-a7ba-4caa-97b3-ea43b4f5e172", "hostname": "CLIENT1", "id": "0b755aca-0a9a-454a-9800-1979901962a0", "version": "7.2.0"}, "winlog": {"provider_guid": "{54849625-5478-4994-A5BA-3E3B0328C30D}", "event_id": 4624, "opcode": "Info", "provider_name": "Microsoft-Windows-Security-Auditing", "keywords": ["Audit Success"], "event_data": {"SubjectDomainName": "WORKGROUP", "AuthenticationPackageName": "Negotiate", "LogonType": "5", "TransmittedServices": "-", "SubjectUserName": "<pseudonym:e887f3a09fdddf7c81a563b81f90ed9499d86badaa6173d1aa197a2b544d13b1>", "TargetLogonId": "0x3e7", "LmPackageName": "-", "IpPort": "-", "LogonGuid": "{00000000-0000-0000-0000-000000000000}", "KeyLength": "0", "SubjectUserSid": "<pseudonym:cd1a3afeeac92cb813605e21e464de7db0ca53fa0190d3a1372a46f60ddd0712>", "SubjectLogonId": "0x3e7", "IpAddress": "<pseudonym:91d121bc503735a145e0e9869d792d26f6b22784210a0daf5b63840be2abf69a>", "LogonProcessName": "Advapi  "}, "record_id": 4682, "task": "Logon", "process": {"pid": 444, "thread": {"id": 528}}, "channel": "Security", "computer_name": "CLIENT1", "api": "wineventlog"}, "event": {"code": 4624, "category": "authentication", "type": "authentication_success", "action": "Logon", "created": "2019-08-05T08:54:03.704Z", "kind": "event"}}
{"@timestamp": "2019-07-30T14:37:52.000Z", "@metadata": {"beat": "winlogbeat", "type": "_doc", "version": "7.2.0", "topic": "wineventlog_raw"}, "winlog": {"api": "wineventlog", "provider_guid": "{6A2DC7C1-930A-4FB5-BB44-80B30AEBED6C}", "channel": "System", "record_id": 11550, "event_id": 14205, "keywords": ["Classic"], "event_data": {"ServiceName": "WMPNetworkSvc"}, "task": "", "computer_name": "CLIENT1", "provider_name": "Microsoft-Windows-WMPNSS-Service"}, "event": {"kind": "event", "code": 14205, "created": "2019-08-05T08:54:04.776Z"}, "log": {"level": "information"}, "message": "Service 'WMPNetworkSvc' stopped.", "ecs": {"version": "1.0.0"}, "host": {"name": "CLIENT1", "hostname": "CLIENT1", "architecture": "x86", "os": {"name": "Windows 7 Professional", "kernel": "6.1.7601.18741 (win7sp1_gdr.150202-1526)", "build": "7601.0", "platform": "windows", "version": "6.1", "family": "windows"}, "id": "19fc45ac-5890-4f96-81b1-50ed111c0ce4"}, "agent": {"type": "winlogbeat", "ephemeral_id": "33f6eec2-a7ba-4caa-97b3-ea43b4f5e172", "hostname": "CLIENT1", "id": "0b755aca-0a9a-454a-9800-1979901962a0", "version": "7.2.0"}}
{"pseudonym": "88300c8916832c3352893b38edeeb13dae715dc9604444fc4d9bdd509aba6c1d", "origin": "RKgm1lr7T6B241VYBbcgfgndzXM6k3dAQs2qj/FKnMo8WPkpO+ofVkfmnCVxWIIbvjKcPHtE0DBIWTZ+WYafJu/jgdIbvwZUIuW5hwMZ03fbyM6FmEWpP3DhNqeMQUmVsrQQDtHV7/aEEzdCMLkCJ7CkBkIpmYnWB9JrCwVlllSiobuYpMaSvQyi/OAsPmwR2Ms+XIvG4gnHXy30UweuW+yC0P3Pa2FU5zvT/aZFmyPcg8/AmU059qYl30oooMVtTkZltNytMCo7OJFyVY+vMTY1eSrLnV9Njq9Krgs8BViyOHYRvNgUdFx7LFMdQz6h8rMy//68Yt1luz3XvcAwP0Ui169li+QRHTfjOcuxDqo="}
{"@timestamp": "2019-07-30T14:38:14.997Z", "@metadata": {"beat": "winlogbeat", "type": "_doc", "version": "7.2.0", "topic": "wineventlog_raw"}, "ecs": {"version": "1.0.0"}, "host": {"name": "CLIENT1", "id": "19fc45ac-5890-4f96-81b1-50ed111c0ce4", "hostname": "CLIENT1", "architecture": "x86", "os": {"platform": "windows", "version": "6.1", "family": "windows", "name": "Windows 7 Professional", "kernel": "6.1.7601.18741 (win7sp1_gdr.150202-1526)", "build": "7601.0"}}, "agent": {"id": "0b755aca-0a9a-454a-9800-1979901962a0", "version": "7.2.0", "type": "winlogbeat", "ephemeral_id": "33f6eec2-a7ba-4caa-97b3-ea43b4f5e172", "hostname": "CLIENT1"}, "winlog": {"computer_name": "CLIENT1", "opcode": "Info", "api": "wineventlog", "provider_guid": "{A68CA8B7-004F-D7B6-A698-07E2DE0F1F5D}", "channel": "System", "event_id": 1, "record_id": 11573, "task": "", "keywords": ["Time"], "process": {"pid": 936, "thread": {"id": 3516}}, "event_data": {"OldTime": "2019-07-30T14:38:14.997355200Z", "NewTime": "2019-07-30T14:38:14.997000000Z"}, "provider_name": "Microsoft-Windows-Kernel-General", "user": {"identifier": "<pseudonym:88300c8916832c3352893b38edeeb13dae715dc9604444fc4d9bdd509aba6c1d>", "name": "LOCAL SERVICE", "domain": "NT AUTHORITY", "type": "Well Known Group"}}, "event": {"created": "2019-08-05T08:54:04.777Z", "kind": "event", "code": 1}, "log": {"level": "information"}, "message": "The system time has changed to \u200e2019\u200e-\u200e07\u200e-\u200e30T14:38:14.997000000Z from \u200e2019\u200e-\u200e07\u200e-\u200e30T14:38:14.997355200Z."}
{"@timestamp": "2019-07-30T14:38:15.571Z", "@metadata": {"beat": "winlogbeat", "type": "_doc", "version": "7.2.0", "topic": "wineventlog_raw"}, "event": {"created": "2019-08-05T08:54:04.777Z", "kind": "event", "code": 7036}, "log": {"level": "information"}, "message": "The SSDP Discovery service entered the stopped state.", "ecs": {"version": "1.0.0"}, "host": {"name": "CLIENT1", "hostname": "CLIENT1", "architecture": "x86", "os": {"version": "6.1", "family": "windows", "name": "Windows 7 Professional", "kernel": "6.1.7601.18741 (win7sp1_gdr.150202-1526)", "build": "7601.0", "platform": "windows"}, "id": "19fc45ac-5890-4f96-81b1-50ed111c0ce4"}, "agent": {"type": "winlogbeat", "ephemeral_id": "33f6eec2-a7ba-4caa-97b3-ea43b4f5e172", "hostname": "CLIENT1", "id": "0b755aca-0a9a-454a-9800-1979901962a0", "version": "7.2.0"}, "winlog": {"task": "", "api": "wineventlog", "event_id": 7036, "record_id": 11577, "provider_guid": "{555908d1-a6d7-4695-8e1e-26931d2012f4}", "process": {"pid": 436, "thread": {"id": 2808}}, "channel": "System", "provider_name": "Service Control Manager", "event_data": {"Binary": "53005300440050005300520056002F0031000000", "param1": "SSDP Discovery", "param2": "stopped"}, "computer_name": "CLIENT1", "keywords": ["Classic"]}}
{"@timestamp": "2019-07-30T14:38:16.383Z", "@metadata": {"beat": "winlogbeat", "type": "_doc", "version": "7.2.0", "topic": "wineventlog_raw"}, "winlog": {"channel": "System", "event_id": 7036, "record_id": 11581, "task": "", "api": "wineventlog", "provider_name": "Service Control Manager", "computer_name": "CLIENT1", "keywords": ["Classic"], "event_data": {"param2": "stopped", "Binary": "7700730063007300760063002F0031000000", "param1": "Security Center"}, "provider_guid": "{555908d1-a6d7-4695-8e1e-26931d2012f4}", "process": {"pid": 436, "thread": {"id": 2808}}}, "event": {"kind": "event", "code": 7036, "created": "2019-08-05T08:54:04.777Z"}, "log": {"level": "information"}, "ecs": {"version": "1.0.0"}, "host": {"id": "19fc45ac-5890-4f96-81b1-50ed111c0ce4", "hostname": "CLIENT1", "name": "CLIENT1", "architecture": "x86", "os": {"build": "7601.0", "platform": "windows", "version": "6.1", "family": "windows", "name": "Windows 7 Professional", "kernel": "6.1.7601.18741 (win7sp1_gdr.150202-1526)"}}, "agent": {"version": "7.2.0", "type": "winlogbeat", "ephemeral_id": "33f6eec2-a7ba-4caa-97b3-ea43b4f5e172", "hostname": "CLIENT1", "id": "0b755aca-0a9a-454a-9800-1979901962a0"}, "message": "The Security Center service entered the stopped state."}
{"@timestamp": "2019-08-02T09:46:20.531Z", "@metadata": {"beat": "winlogbeat", "type": "_doc", "version": "7.2.0", "topic": "wineventlog_raw"}, "log": {"level": "information"}, "ecs": {"version": "1.0.0"}, "host": {"os": {"kernel": "6.1.7601.18741 (win7sp1_gdr.150202-1526)", "build": "7601.0", "platform": "windows", "version": "6.1", "family": "windows", "name": "Windows 7 Professional"}, "id": "19fc45ac-5890-4f96-81b1-50ed111c0ce4", "name": "CLIENT1", "hostname": "CLIENT1", "architecture": "x86"}, "agent": {"version": "7.2.0", "type": "winlogbeat", "ephemeral_id": "33f6eec2-a7ba-4caa-97b3-ea43b4f5e172", "hostname": "CLIENT1", "id": "0b755aca-0a9a-454a-9800-1979901962a0"}, "message": "The Windows Event Log service entered the running state.", "winlog": {"computer_name": "CLIENT1", "channel": "System", "provider_name": "Service Control Manager", "record_id": 11596, "api": "wineventlog", "event_data": {"param2": "running", "Binary": "6500760065006E0074006C006F0067002F0034000000", "param1": "Windows Event Log"}, "task": "", "keywords": ["Classic"], "provider_guid": "{555908d1-a6d7-4695-8e1e-26931d2012f4}", "process": {"pid": 440, "thread": {"id": 520}}, "event_id": 7036}, "event": {"kind": "event", "code": 7036, "created": "2019-08-05T08:54:04.777Z"}}
{"@timestamp": "2019-08-02T09:46:22.593Z", "@metadata": {"beat": "winlogbeat", "type": "_doc", "version": "7.2.0", "topic": "wineventlog_raw"}, "log": {"level": "information"}, "message": "The Windows Audio service entered the running state.", "agent": {"type": "winlogbeat", "ephemeral_id": "33f6eec2-a7ba-4caa-97b3-ea43b4f5e172", "hostname": "CLIENT1", "id": "0b755aca-0a9a-454a-9800-1979901962a0", "version": "7.2.0"}, "ecs": {"version": "1.0.0"}, "host": {"os": {"family": "windows", "name": "Windows 7 Professional", "kernel": "6.1.7601.18741 (win7sp1_gdr.150202-1526)", "build": "7601.0", "platform": "windows", "version": "6.1"}, "id": "19fc45ac-5890-4f96-81b1-50ed111c0ce4", "name": "CLIENT1", "hostname": "CLIENT1", "architecture": "x86"}, "winlog": {"provider_name": "Service Control Manager", "task": "", "provider_guid": "{555908d1-a6d7-4695-8e1e-26931d2012f4}", "event_id": 7036, "process": {"thread": {"id": 528}, "pid": 440}, "record_id": 11599, "computer_name": "CLIENT1", "event_data": {"param1": "Windows Audio", "param2": "running", "Binary": "41007500640069006F007300720076002F0034000000"}, "channel": "System", "api": "wineventlog", "keywords": ["Classic"]}, "event": {"kind": "event", "code": 7036, "created": "2019-08-05T08:54:04.777Z"}}
{"@timestamp": "2019-08-02T09:46:24.531Z", "@metadata": {"beat": "winlogbeat", "type": "_doc", "version": "7.2.0", "topic": "wineventlog_raw"}, "ecs": {"version": "1.0.0"}, "host": {"architecture": "x86", "os": {"kernel": "6.1.7601.18741 (win7sp1_gdr.150202-1526)", "build": "7601.0", "platform": "windows", "version": "6.1", "family": "windows", "name": "Windows 7 Professional"}, "name": "CLIENT1", "id": "19fc45ac-5890-4f96-81b1-50ed111c0ce4", "hostname": "CLIENT1"}, "event": {"kind": "event", "code": 7036, "created": "2019-08-05T08:54:04.777Z"}, "log": {"level": "information"}, "message": "The Desktop Window Manager Session Manager service entered the running state.", "winlog": {"api": "wineventlog", "process": {"pid": 440, "thread": {"id": 520}}, "event_id": 7036, "keywords": ["Classic"], "event_data": {"Binary": "5500780053006D0073002F0034000000", "param1": "Desktop Window Manager Session Manager", "param2": "running"}, "channel": "System", "provider_name": "Service Control Manager", "task": "", "provider_guid": "{555908d1-a6d7-4695-8e1e-26931d2012f4}", "record_id": 11606, "computer_name": "CLIENT1"}, "agent": {"type": "winlogbeat", "ephemeral_id": "33f6eec2-a7ba-4caa-97b3-ea43b4f5e172", "hostname": "CLIENT1", "id": "0b755aca-0a9a-454a-9800-1979901962a0", "version": "7.2.0"}}
{"@timestamp": "2019-08-02T09:46:33.953Z", "@metadata": {"beat": "winlogbeat", "type": "_doc", "version": "7.2.0", "topic": "wineventlog_raw"}, "log": {"level": "information"}, "message": "The Print Spooler service entered the running state.", "ecs": {"version": "1.0.0"}, "host": {"name": "CLIENT1", "id": "19fc45ac-5890-4f96-81b1-50ed111c0ce4", "hostname": "CLIENT1", "architecture": "x86", "os": {"kernel": "6.1.7601.18741 (win7sp1_gdr.150202-1526)", "build": "7601.0", "platform": "windows", "version": "6.1", "family": "windows", "name": "Windows 7 Professional"}}, "agent": {"ephemeral_id": "33f6eec2-a7ba-4caa-97b3-ea43b4f5e172", "hostname": "CLIENT1", "id": "0b755aca-0a9a-454a-9800-1979901962a0", "version": "7.2.0", "type": "winlogbeat"}, "winlog": {"process": {"thread": {"id": 524}, "pid": 440}, "channel": "System", "event_id": 7036, "provider_name": "Service Control Manager", "computer_name": "CLIENT1", "record_id": 11616, "api": "wineventlog", "keywords": ["Classic"], "task": "", "provider_guid": "{555908d1-a6d7-4695-8e1e-26931d2012f4}", "event_data": {"param1": "Print Spooler", "param2": "running", "Binary": "530070006F006F006C00650072002F0034000000"}}, "event": {"kind": "event", "code": 7036, "created": "2019-08-05T08:54:04.777Z"}}
{"@timestamp": "2019-08-02T09:46:39.296Z", "@metadata": {"beat": "winlogbeat", "type": "_doc", "version": "7.2.0", "topic": "wineventlog_raw"}, "message": "The FreeSSHDService service entered the running state.", "winlog": {"channel": "System", "provider_name": "Service Control Manager", "task": "", "process": {"thread": {"id": 524}, "pid": 440}, "event_data": {"param1": "FreeSSHDService", "param2": "running", "Binary": "4600720065006500530053004800440053006500720076006900630065002F0034000000"}, "event_id": 7036, "record_id": 11622, "computer_name": "CLIENT1", "api": "wineventlog", "keywords": ["Classic"], "provider_guid": "{555908d1-a6d7-4695-8e1e-26931d2012f4}"}, "event": {"code": 7036, "created": "2019-08-05T08:54:04.777Z", "kind": "event"}, "host": {"name": "CLIENT1", "hostname": "CLIENT1", "architecture": "x86", "os": {"kernel": "6.1.7601.18741 (win7sp1_gdr.150202-1526)", "build": "7601.0", "platform": "windows", "version": "6.1", "family": "windows", "name": "Windows 7 Professional"}, "id": "19fc45ac-5890-4f96-81b1-50ed111c0ce4"}, "agent": {"version": "7.2.0", "type": "winlogbeat", "ephemeral_id": "33f6eec2-a7ba-4caa-97b3-ea43b4f5e172", "hostname": "CLIENT1", "id": "0b755aca-0a9a-454a-9800-1979901962a0"}, "ecs": {"version": "1.0.0"}, "log": {"level": "information"}}
{"pseudonym": "88300c8916832c3352893b38edeeb13dae715dc9604444fc4d9bdd509aba6c1d", "origin": "HjcIhDD9KctnOkVDt9YQeecZo+hmqTTj8L5Y3WZlOOno2epSxwOhcCmZsa9h8Heq8rcrZVWBnqSFuzvsGwO9m2udOwOOe6dOkmSwsbWIFCNCRejt2wl7TGNsC9kDyd8eBWDWHdQ8ZK1J4jNx695InPGl/1LoloiQzrlmBAu0dsR66VPe9w9Tti2qnbjQtd/9awzdzmtKAX9v0hg8RYaS4YucqTuGXnisxQMfY6jdbghjShi6UCfsQ3FGluE5qVnYDozUXJM4XVH3J23KLrSdmLiE5Hq4KytKlM/XJqsrA98pfigE1d3lLi6+8DL5rLJlSe6X2WQW509I2QKLQC38BAwyeZS+GQQs5GK/nNqBgyc="}
{"@timestamp": "2019-08-02T09:54:20.690Z", "@metadata": {"beat": "winlogbeat", "type": "_doc", "version": "7.2.0", "topic": "wineventlog_raw"}, "ecs": {"version": "1.0.0"}, "host": {"hostname": "CLIENT1", "architecture": "x86", "os": {"platform": "windows", "version": "6.1", "family": "windows", "name": "Windows 7 Professional", "kernel": "6.1.7601.18741 (win7sp1_gdr.150202-1526)", "build": "7601.0"}, "name": "CLIENT1", "id": "19fc45ac-5890-4f96-81b1-50ed111c0ce4"}, "agent": {"id": "0b755aca-0a9a-454a-9800-1979901962a0", "version": "7.2.0", "type": "winlogbeat", "ephemeral_id": "33f6eec2-a7ba-4caa-97b3-ea43b4f5e172", "hostname": "CLIENT1"}, "event": {"kind": "event", "code": 50037, "action": "Service State Event", "created": "2019-08-05T08:54:04.921Z"}, "log": {"level": "information"}, "message": "DHCPv4 client service is stopped. ShutDown Flag value is 1", "winlog": {"provider_guid": "{15A7A4F8-0072-4EAB-ABAD-F98A4D666AED}", "api": "wineventlog", "event_id": 50037, "provider_name": "Microsoft-Windows-Dhcp-Client", "record_id": 11670, "computer_name": "CLIENT1", "task": "Service State Event", "opcode": "ServiceStop", "process": {"pid": 712, "thread": {"id": 1020}}, "user": {"name": "LOCAL SERVICE", "domain": "NT AUTHORITY", "type": "Well Known Group", "identifier": "<pseudonym:88300c8916832c3352893b38edeeb13dae715dc9604444fc4d9bdd509aba6c1d>"}, "event_data": {"DwordVal": "1"}, "channel": "System"}}
{"@timestamp": "2019-08-02T09:54:29.583Z", "@metadata": {"beat": "winlogbeat", "type": "_doc", "version": "7.2.0", "topic": "wineventlog_raw"}, "log": {"level": "information"}, "message": "The Windows Search service entered the stopped state.", "winlog": {"computer_name": "CLIENT1", "process": {"thread": {"id": 2680}, "pid": 440}, "event_data": {"param1": "Windows Search", "param2": "stopped", "Binary": "57005300650061007200630068002F0031000000"}, "provider_name": "Service Control Manager", "channel": "System", "api": "wineventlog", "keywords": ["Classic"], "event_id": 7036, "record_id": 11699, "task": "", "provider_guid": "{555908d1-a6d7-4695-8e1e-26931d2012f4}"}, "event": {"kind": "event", "code": 7036, "created": "2019-08-05T08:54:04.922Z"}, "ecs": {"version": "1.0.0"}, "host": {"architecture": "x86", "os": {"build": "7601.0", "platform": "windows", "version": "6.1", "family": "windows", "name": "Windows 7 Professional", "kernel": "6.1.7601.18741 (win7sp1_gdr.150202-1526)"}, "id": "19fc45ac-5890-4f96-81b1-50ed111c0ce4", "hostname": "CLIENT1", "name": "CLIENT1"}, "agent": {"id": "0b755aca-0a9a-454a-9800-1979901962a0", "version": "7.2.0", "type": "winlogbeat", "ephemeral_id": "33f6eec2-a7ba-4caa-97b3-ea43b4f5e172", "hostname": "CLIENT1"}}
{"@timestamp": "2019-08-05T08:53:32.609Z", "@metadata": {"beat": "winlogbeat", "type": "_doc", "version": "7.2.0", "topic": "wineventlog_raw"}, "log": {"level": "information"}, "host": {"os": {"platform": "windows", "version": "6.1", "family": "windows", "name": "Windows 7 Professional", "kernel": "6.1.7601.18741 (win7sp1_gdr.150202-1526)", "build": "7601.0"}, "id": "19fc45ac-5890-4f96-81b1-50ed111c0ce4", "name": "CLIENT1", "hostname": "CLIENT1", "architecture": "x86"}, "agent": {"id": "0b755aca-0a9a-454a-9800-1979901962a0", "version": "7.2.0", "type": "winlogbeat", "ephemeral_id": "33f6eec2-a7ba-4caa-97b3-ea43b4f5e172", "hostname": "CLIENT1"}, "ecs": {"version": "1.0.0"}, "message": "The User Profile Service service entered the running state.", "winlog": {"record_id": 11716, "process": {"pid": 436, "thread": {"id": 516}}, "event_id": 7036, "api": "wineventlog", "event_data": {"param1": "User Profile Service", "param2": "running", "Binary": "500072006F0066005300760063002F0034000000"}, "channel": "System", "provider_name": "Service Control Manager", "task": "", "computer_name": "CLIENT1", "keywords": ["Classic"], "provider_guid": "{555908d1-a6d7-4695-8e1e-26931d2012f4}"}, "event": {"code": 7036, "created": "2019-08-05T08:54:04.923Z", "kind": "event"}}
{"@timestamp": "2019-08-02T09:49:17.000Z", "@metadata": {"beat": "winlogbeat", "type": "_doc", "version": "7.2.0", "topic": "wineventlog_raw"}, "winlog": {"task": "", "api": "wineventlog", "computer_name": "CLIENT1", "event_id": 902, "provider_name": "Microsoft-Windows-Security-SPP", "event_data": {"param1": "6.1.7601.17514"}, "channel": "Application", "keywords": ["Classic"], "provider_guid": "{E23B33B0-C8C9-472C-A5F9-F2BDFEA0F156}", "record_id": 2921}, "event": {"created": "2019-08-05T08:54:06.439Z", "kind": "event", "code": 902}, "log": {"level": "information"}, "message": "The Software Protection service has started.\n6.1.7601.17514", "ecs": {"version": "1.0.0"}, "host": {"name": "CLIENT1", "os": {"version": "6.1", "family": "windows", "name": "Windows 7 Professional", "kernel": "6.1.7601.18741 (win7sp1_gdr.150202-1526)", "build": "7601.0", "platform": "windows"}, "id": "19fc45ac-5890-4f96-81b1-50ed111c0ce4", "hostname": "CLIENT1", "architecture": "x86"}, "agent": {"id": "0b755aca-0a9a-454a-9800-1979901962a0", "version": "7.2.0", "type": "winlogbeat", "ephemeral_id": "33f6eec2-a7ba-4caa-97b3-ea43b4f5e172", "hostname": "CLIENT1"}}
{"@timestamp": "2019-07-30T14:38:15.037Z", "@metadata": {"beat": "winlogbeat", "type": "_doc", "version": "7.2.0", "topic": "wineventlog_raw"}, "ecs": {"version": "1.0.0"}, "host": {"name": "CLIENT1", "os": {"build": "7601.0", "platform": "windows", "version": "6.1", "family": "windows", "name": "Windows 7 Professional", "kernel": "6.1.7601.18741 (win7sp1_gdr.150202-1526)"}, "id": "19fc45ac-5890-4f96-81b1-50ed111c0ce4", "hostname": "CLIENT1", "architecture": "x86"}, "agent": {"type": "winlogbeat", "ephemeral_id": "de845cd9-5141-4c92-ad32-27a4518307e9", "hostname": "CLIENT1", "id": "0b755aca-0a9a-454a-9800-1979901962a0", "version": "7.2.0"}, "winlog": {"computer_name": "CLIENT1", "event_data": {"param1": "Windows Time", "param2": "stopped", "Binary": "570033003200540069006D0065002F0031000000"}, "channel": "System", "process": {"pid": 436, "thread": {"id": 2808}}, "keywords": ["Classic"], "event_id": 7036, "record_id": 11575, "task": "", "api": "wineventlog", "provider_guid": "{555908d1-a6d7-4695-8e1e-26931d2012f4}", "provider_name": "Service Control Manager"}, "event": {"kind": "event", "code": 7036, "created": "2019-08-02T09:55:11.996Z"}, "log": {"level": "information"}, "message": "The Windows Time service entered the stopped state."}
{"@timestamp": "2019-07-30T14:38:18.258Z", "@metadata": {"beat": "winlogbeat", "type": "_doc", "version": "7.2.0", "topic": "wineventlog_raw"}, "event": {"kind": "event", "code": 7036, "created": "2019-08-02T09:55:11.996Z"}, "log": {"level": "information"}, "message": "The Microsoft FTP Service service entered the stopped state.", "agent": {"type": "winlogbeat", "ephemeral_id": "de845cd9-5141-4c92-ad32-27a4518307e9", "hostname": "CLIENT1", "id": "0b755aca-0a9a-454a-9800-1979901962a0", "version": "7.2.0"}, "ecs": {"version": "1.0.0"}, "host": {"name": "CLIENT1", "os": {"name": "Windows 7 Professional", "kernel": "6.1.7601.18741 (win7sp1_gdr.150202-1526)", "build": "7601.0", "platform": "windows", "version": "6.1", "family": "windows"}, "id": "19fc45ac-5890-4f96-81b1-50ed111c0ce4", "hostname": "CLIENT1", "architecture": "x86"}, "winlog": {"api": "wineventlog", "record_id": 11584, "task": "", "process": {"pid": 436, "thread": {"id": 2808}}, "event_id": 7036, "provider_name": "Service Control Manager", "channel": "System", "provider_guid": "{555908d1-a6d7-4695-8e1e-26931d2012f4}", "event_data": {"Binary": "6600740070007300760063002F0031000000", "param1": "Microsoft FTP Service", "param2": "stopped"}, "computer_name": "CLIENT1", "keywords": ["Classic"]}}
{"@timestamp": "2019-08-02T09:46:19.421Z", "@metadata": {"beat": "winlogbeat", "type": "_doc", "version": "7.2.0", "topic": "wineventlog_raw"}, "event": {"created": "2019-08-02T09:55:11.997Z", "kind": "event", "code": 7036}, "log": {"level": "information"}, "message": "The Remote Procedure Call (RPC) service entered the running state.", "host": {"name": "CLIENT1", "id": "19fc45ac-5890-4f96-81b1-50ed111c0ce4", "hostname": "CLIENT1", "architecture": "x86", "os": {"platform": "windows", "version": "6.1", "family": "windows", "name": "Windows 7 Professional", "kernel": "6.1.7601.18741 (win7sp1_gdr.150202-1526)", "build": "7601.0"}}, "agent": {"type": "winlogbeat", "ephemeral_id": "de845cd9-5141-4c92-ad32-27a4518307e9", "hostname": "CLIENT1", "id": "0b755aca-0a9a-454a-9800-1979901962a0", "version": "7.2.0"}, "ecs": {"version": "1.0.0"}, "winlog": {"computer_name": "CLIENT1", "keywords": ["Classic"], "channel": "System", "provider_guid": "{555908d1-a6d7-4695-8e1e-26931d2012f4}", "task": "", "api": "wineventlog", "record_id": 11595, "event_data": {"param1": "Remote Procedure Call (RPC)", "param2": "running", "Binary": "520070006300530073002F0034000000"}, "process": {"pid": 440, "thread": {"id": 528}}, "event_id": 7036, "provider_name": "Service Control Manager"}}
{"@timestamp": "2019-08-02T09:46:24.109Z", "@metadata": {"beat": "winlogbeat", "type": "_doc", "version": "7.2.0", "topic": "wineventlog_raw"}, "log": {"level": "information"}, "message": "The Offline Files service entered the running state.", "agent": {"version": "7.2.0", "type": "winlogbeat", "ephemeral_id": "de845cd9-5141-4c92-ad32-27a4518307e9", "hostname": "CLIENT1", "id": "0b755aca-0a9a-454a-9800-1979901962a0"}, "ecs": {"version": "1.0.0"}, "host": {"id": "19fc45ac-5890-4f96-81b1-50ed111c0ce4", "hostname": "CLIENT1", "name": "CLIENT1", "architecture": "x86", "os": {"kernel": "6.1.7601.18741 (win7sp1_gdr.150202-1526)", "build": "7601.0", "platform": "windows", "version": "6.1", "family": "windows", "name": "Windows 7 Professional"}}, "winlog": {"event_id": 7036, "provider_guid": "{555908d1-a6d7-4695-8e1e-26931d2012f4}", "channel": "System", "provider_name": "Service Control Manager", "computer_name": "CLIENT1", "event_data": {"Binary": "43007300630053006500720076006900630065002F0034000000", "param1": "Offline Files", "param2": "running"}, "task": "", "api": "wineventlog", "record_id": 11604, "keywords": ["Classic"], "process": {"pid": 440, "thread": {"id": 520}}}, "event": {"code": 7036, "created": "2019-08-02T09:55:11.997Z", "kind": "event"}}
{"@timestamp": "2019-08-02T09:46:37.000Z", "@metadata": {"beat": "winlogbeat", "type": "_doc", "version": "7.2.0", "topic": "wineventlog_raw"}, "winlog": {"record_id": 11621, "keywords": ["Classic"], "process": {"pid": 440, "thread": {"id": 524}}, "provider_name": "Service Control Manager", "event_id": 7036, "api": "wineventlog", "computer_name": "CLIENT1", "provider_guid": "{555908d1-a6d7-4695-8e1e-26931d2012f4}", "event_data": {"param1": "Cryptographic Services", "param2": "running", "Binary": "430072007900700074005300760063002F0034000000"}, "channel": "System", "task": ""}, "ecs": {"version": "1.0.0"}, "host": {"hostname": "CLIENT1", "name": "CLIENT1", "architecture": "x86", "os": {"build": "7601.0", "platform": "windows", "version": "6.1", "family": "windows", "name": "Windows 7 Professional", "kernel": "6.1.7601.18741 (win7sp1_gdr.150202-1526)"}, "id": "19fc45ac-5890-4f96-81b1-50ed111c0ce4"}, "agent": {"id": "0b755aca-0a9a-454a-9800-1979901962a0", "version": "7.2.0", "type": "winlogbeat", "ephemeral_id": "de845cd9-5141-4c92-ad32-27a4518307e9", "hostname": "CLIENT1"}, "event": {"created": "2019-08-02T09:55:11.998Z", "kind": "event", "code": 7036}, "log": {"level": "information"}, "message": "The Cryptographic Services service entered the running state."}
{"@timestamp": "2019-08-02T09:46:40.234Z", "@metadata": {"beat": "winlogbeat", "type": "_doc", "version": "7.2.0", "topic": "wineventlog_raw"}, "event": {"kind": "event", "code": 7036, "created": "2019-08-02T09:55:11.998Z"}, "log": {"level": "information"}, "message": "The NetTime service entered the running state.", "agent": {"ephemeral_id": "de845cd9-5141-4c92-ad32-27a4518307e9", "hostname": "CLIENT1", "id": "0b755aca-0a9a-454a-9800-1979901962a0", "version": "7.2.0", "type": "winlogbeat"}, "ecs": {"version": "1.0.0"}, "host": {"name": "CLIENT1", "hostname": "CLIENT1", "architecture": "x86", "os": {"name": "Windows 7 Professional", "kernel": "6.1.7601.18741 (win7sp1_gdr.150202-1526)", "build": "7601.0", "platform": "windows", "version": "6.1", "family": "windows"}, "id": "19fc45ac-5890-4f96-81b1-50ed111c0ce4"}, "winlog": {"event_id": 7036, "task": "", "provider_guid": "{555908d1-a6d7-4695-8e1e-26931d2012f4}", "channel": "System", "record_id": 11625, "process": {"pid": 440, "thread": {"id": 524}}, "provider_name": "Service Control Manager", "keywords": ["Classic"], "event_data": {"param1": "NetTime", "param2": "running", "Binary": "4E0065007400540069006D0065005300760063002F0034000000"}, "api": "wineventlog", "computer_name": "CLIENT1"}}
{"@timestamp": "2019-08-02T09:46:53.958Z", "@metadata": {"beat": "winlogbeat", "type": "_doc", "version": "7.2.0", "topic": "wineventlog_raw"}, "event": {"code": 7036, "created": "2019-08-02T09:55:11.999Z", "kind": "event"}, "log": {"level": "information"}, "message": "The Server service entered the running state.", "host": {"os": {"name": "Windows 7 Professional", "kernel": "6.1.7601.18741 (win7sp1_gdr.150202-1526)", "build": "7601.0", "platform": "windows", "version": "6.1", "family": "windows"}, "id": "19fc45ac-5890-4f96-81b1-50ed111c0ce4", "hostname": "CLIENT1", "architecture": "x86", "name": "CLIENT1"}, "agent": {"type": "winlogbeat", "ephemeral_id": "de845cd9-5141-4c92-ad32-27a4518307e9", "hostname": "CLIENT1", "id": "0b755aca-0a9a-454a-9800-1979901962a0", "version": "7.2.0"}, "ecs": {"version": "1.0.0"}, "winlog": {"process": {"thread": {"id": 520}, "pid": 440}, "event_data": {"param1": "Server", "param2": "running", "Binary": "4C0061006E006D0061006E005300650072007600650072002F0034000000"}, "event_id": 7036, "computer_name": "CLIENT1", "provider_guid": "{555908d1-a6d7-4695-8e1e-26931d2012f4}", "channel": "System", "provider_name": "Service Control Manager", "api": "wineventlog", "record_id": 11633, "task": "", "keywords": ["Classic"]}}
