{"pseudonym": "cd1a3afeeac92cb813605e21e464de7db0ca53fa0190d3a1372a46f60ddd0712", "origin": "oU6kNLTuYSQiqT5ucdwCpuxQAH7EArgxl3rmYnsHE6BZc1K5fS+nXeHeGJwlM1iBTcn0vPQScvn9rnx/LhK4Hc9wG60hY63TofC1hpil/aOTzCyiECcLctIVac3XAzrT8dht1w07sDHiR0djQzJF6tuN3Jd6PWyAb0bzG56fb7XyWKjDmNiEApmgQq1yCP5NTb/9ZyA5cPBD7znPC5AQdiB1zoK0dq55qdNM0n8rGXVQ/FYQHEZS5hvkBxv6CU/IssqKwMQugbYyoy3hsJ7ngdE3zP7v71cO4lfWn80uXylYoAJTXsAc3/hTarI21LWVCN57rpC/MN+VXOFPg1mYth6WU4+U9WLd/MX+yACfdqE="}
{"@timestamp": "2019-08-02T11:55:01.669Z", "@metadata": {"beat": "winlogbeat", "type": "_doc", "version": "7.2.0", "topic": "wineventlog_raw"}, "ecs": {"version": "1.0.0"}, "host": {"name": "CLIENT1", "id": "19fc45ac-5890-4f96-81b1-50ed111c0ce4", "hostname": "CLIENT1", "architecture": "x86", "os": {"name": "Windows 7 Professional", "kernel": "6.1.7601.18741 (win7sp1_gdr.150202-1526)", "build": "7601.0", "platform": "windows", "version": "6.1", "family": "windows"}}, "agent": {"id": "0b755aca-0a9a-454a-9800-1979901962a0", "version": "7.2.0", "type": "winlogbeat", "ephemeral_id": "de845cd9-5141-4c92-ad32-27a4518307e9", "hostname": "CLIENT1"}, "winlog": {"keywords": ["Time"], "computer_name": "CLIENT1", "opcode": "Info", "provider_name": "Microsoft-Windows-Kernel-General", "user": {"domain": "NT AUTHORITY", "type": "User", "identifier": "<pseudonym:cd1a3afeeac92cb813605e21e464de7db0ca53fa0190d3a1372a46f60ddd0712>", "name": "SYSTEM"}, "event_id": 1, "task": "", "api": "wineventlog", "provider_guid": "{A68CA8B7-004F-D7B6-A698-07E2DE0F1F5D}", "channel": "System", "record_id": 11815, "process": {"thread": {"id": 1504}, "pid": 1460}, "event_data": {"NewTime": "2019-08-02T11:55:01.669000000Z", "OldTime": "2019-08-02T11:55:02.159771000Z"}}, "event": {"kind": "event", "code": 1, "created": "2019-08-02T11:55:02.673Z"}, "log": {"level": "information"}, "message": "The system time has changed to \u200e2019\u200e-\u200e08\u200e-\u200e02T11:55:01.669000000Z from \u200e2019\u200e-\u200e08\u200e-\u200e02T11:55:02.159771000Z."}
{"pseudonym": "cd1a3afeeac92cb813605e21e464de7db0ca53fa0190d3a1372a46f60ddd0712", "origin": "TRTsgMjC5qWew0+sIFMi22SzaX12qF8rVwiI7Z7Wnx1zRtZN7NiP0YaApy1UIAehCMwsqCvG2uMBYqaRsOlJlhLwYsaC3CABc3Q6LUB7fzJRs4civwEwngWBth8YHkaOWY88My17H9cYLuLK+61cbWXlneH6XYe+8UixGPAG9AK96vcaLkHI0JweqV0zjq4ebPQpAf0HrxffwndAaGqnTMXTR2zP6Y9MHlAh5emNSiAzcwVSNjkTIpBJrdcoLFY5eZ1y+4Jtb6ESibC+p2JlZ4fNHTQH3ybmFQgSYX1PQp/b/HlAc/Yf7tKdyrzyyYTnBe7+D715P9pg/500/MHFITBMtT/TbONBHb695exPh2I="}
{"@timestamp": "2019-08-02T12:40:01.317Z", "@metadata": {"beat": "winlogbeat", "type": "_doc", "version": "7.2.0", "topic": "wineventlog_raw"}, "host": {"os": {"version": "6.1", "family": "windows", "name": "Windows 7 Professional", "kernel": "6.1.7601.18741 (win7sp1_gdr.150202-1526)", "build": "7601.0", "platform": "windows"}, "id": "19fc45ac-5890-4f96-81b1-50ed111c0ce4", "name": "CLIENT1", "hostname": "CLIENT1", "architecture": "x86"}, "agent": {"type": "winlogbeat", "ephemeral_id": "de845cd9-5141-4c92-ad32-27a4518307e9", "hostname": "CLIENT1", "id": "0b755aca-0a9a-454a-9800-1979901962a0", "version": "7.2.0"}, "ecs": {"version": "1.0.0"}, "winlog": {"keywords": ["Time"], "opcode": "Info", "provider_name": "Microsoft-Windows-Kernel-General", "process": {"pid": 1460, "thread": {"id": 1504}}, "event_data": {"NewTime": "2019-08-02T12:40:01.317000000Z", "OldTime": "2019-08-02T12:40:01.708970300Z"}, "user": {"domain": "NT AUTHORITY", "type": "User", "identifier": "<pseudonym:cd1a3afeeac92cb813605e21e464de7db0ca53fa0190d3a1372a46f60ddd0712>", "name": "SYSTEM"}, "task": "", "api": "wineventlog", "event_id": 1, "channel": "System", "computer_name": "CLIENT1", "record_id": 11826, "provider_guid": "{A68CA8B7-004F-D7B6-A698-07E2DE0F1F5D}"}, "event": {"created": "2019-08-02T12:40:02.317Z", "kind": "event", "code": 1}, "log": {"level": "information"}, "message": "The system time has changed to \u200e2019\u200e-\u200e08\u200e-\u200e02T12:40:01.317000000Z from \u200e2019\u200e-\u200e08\u200e-\u200e02T12:40:01.708970300Z."}
{"pseudonym": "cd1a3afeeac92cb813605e21e464de7db0ca53fa0190d3a1372a46f60ddd0712", "origin": "s6fNlL+GovLmQvUkQDTaQUyV/ENG9W8ZxLUb2D92w2WJBf78GP12Y+U1Mz/5sDaxPmkhw4MVuReRbWtNNkI5IuGD7iYHVp5MaZNG8/EqUp+4MGpvHZD67v6+uhkk1JbpBH2mA0nxXzhEAO/ri7Qil1pbH1FdYS9dRmgsuiOhTnfPfmST1FAU8686KZ5FkoLRynR85hqE4FMHa0fER+nJhnN+Fdo3OedDVi+D7p+Dfw0ghRvptLUPyaHmFsSFZxtQRXJeib7lCfAINfm6OolToIkUzudwH/6zTPA0Aa6/vZ2890rLgtoXAYxXDSWt6rxehQAdY/Gdk0P2pKC4ICHGlLZsyG/HzZ3tWEITkJnuTzQ="}
{"@timestamp": "2019-08-02T14:10:07.041Z", "@metadata": {"beat": "winlogbeat", "type": "_doc", "version": "7.2.0", "topic": "wineventlog_raw"}, "host": {"architecture": "x86", "os": {"version": "6.1", "family": "windows", "name": "Windows 7 Professional", "kernel": "6.1.7601.18741 (win7sp1_gdr.150202-1526)", "build": "7601.0", "platform": "windows"}, "id": "19fc45ac-5890-4f96-81b1-50ed111c0ce4", "name": "CLIENT1", "hostname": "CLIENT1"}, "agent": {"ephemeral_id": "de845cd9-5141-4c92-ad32-27a4518307e9", "hostname": "CLIENT1", "id": "0b755aca-0a9a-454a-9800-1979901962a0", "version": "7.2.0", "type": "winlogbeat"}, "ecs": {"version": "1.0.0"}, "winlog": {"event_id": 1, "provider_name": "Microsoft-Windows-Kernel-General", "record_id": 11848, "task": "", "computer_name": "CLIENT1", "keywords": ["Time"], "provider_guid": "{A68CA8B7-004F-D7B6-A698-07E2DE0F1F5D}", "process": {"pid": 1460, "thread": {"id": 1504}}, "channel": "System", "event_data": {"NewTime": "2019-08-02T14:10:07.041000000Z", "OldTime": "2019-08-02T14:10:07.405505900Z"}, "api": "wineventlog", "user": {"identifier": "<pseudonym:cd1a3afeeac92cb813605e21e464de7db0ca53fa0190d3a1372a46f60ddd0712>", "name": "SYSTEM", "domain": "NT AUTHORITY", "type": "User"}, "opcode": "Info"}, "event": {"kind": "event", "code": 1, "created": "2019-08-02T14:10:09.050Z"}, "log": {"level": "information"}, "message": "The system time has changed to \u200e2019\u200e-\u200e08\u200e-\u200e02T14:10:07.041000000Z from \u200e2019\u200e-\u200e08\u200e-\u200e02T14:10:07.405505900Z."}
{"pseudonym": "721ee97a0013594c778a3fb491ef5099c0d8a8409174db1192de74509fb8b99a", "origin": "siMt2+St5dGDlTnDfRuOXbF+Whfr6GHRGlX1XKbQPc9Kk2YOJx4acId53nY6lUEDo+FOTT3muj0J90IGVb1mvrGPIOOpilPLgieRKJe/Q/4dDbw1O7463FDKJJKxxsxYB4VX7HqaqC840bNFImrYvchLfRVjsMIQ7Ui1AAtPP/iYgUjAnfOIJyrzwvkNZHnbQc9QeV52dd8vEvraC4yw54ZHGDXY4ZxW1tc+ul/vzRzNyiBDfqgSshvek0UfQiENkxZ5RUAk/D1q/7BL20pkPOZ1KA5LLvUP943vHugbCI7sXherN2Mt6tb9DrRzg8EtxEtKXB/9yGg5i77CYotkMoeDCMGdpRxBnzXKt91WGN4LK7SNXQ=="}
{"pseudonym": "88300c8916832c3352893b38edeeb13dae715dc9604444fc4d9bdd509aba6c1d", "origin": "Or6ByvfAZzMfQf+Utp3PnXDc9L8VJB9iz3MaX/CbUnozyc5AmX6VdIdmEavr2CpnQ3PseGbn5T199mEteKca3+rP7BUoYAQFFxBSKf6dMm1hZsNAhtow3IzUbQinEFBoenoPjHNQDu7bJ9a/2DjDmUCD5G7R1ndqQjer0Ye0wiXtJ6uDDLNxrmjda4KEKrv5ioyGlFd3GPjvujYfX+vDWj5HjEnM/KRkRI700xoMGj11TNf+Yn2cAILMJbUTFn7gihPxvPJMSX07DeYLurNzP3zhE/SEkqVw4MQqsmBNhorCDiUG2ZezNa/q7qKG50Kmxbm9ZzE/1LWA1uZgjILqHvaGF7G3Q8tv+IeN7EF1ZWY="}
{"@timestamp": "2019-07-30T14:38:14.997Z", "@metadata": {"beat": "winlogbeat", "type": "_doc", "version": "7.2.0", "topic": "wineventlog_raw"}, "ecs": {"version": "1.0.0"}, "host": {"hostname": "CLIENT1", "architecture": "x86", "os": {"kernel": "6.1.7601.18741 (win7sp1_gdr.150202-1526)", "build": "7601.0", "platform": "windows", "version": "6.1", "family": "windows", "name": "Windows 7 Professional"}, "name": "CLIENT1", "id": "19fc45ac-5890-4f96-81b1-50ed111c0ce4"}, "agent": {"type": "winlogbeat", "ephemeral_id": "33f6eec2-a7ba-4caa-97b3-ea43b4f5e172", "hostname": "CLIENT1", "id": "0b755aca-0a9a-454a-9800-1979901962a0", "version": "7.2.0"}, "winlog": {"task": "Security State Change", "api": "wineventlog", "opcode": "Info", "channel": "Security", "computer_name": "CLIENT1", "keywords": ["Audit Success"], "process": {"pid": 4, "thread": {"id": 48}}, "record_id": 4639, "provider_name": "Microsoft-Windows-Security-Auditing", "provider_guid": "{54849625-5478-4994-A5BA-3E3B0328C30D}", "version": 1, "event_data": {"SubjectUserName": "<pseudonym:721ee97a0013594c778a3fb491ef5099c0d8a8409174db1192de74509fb8b99a>", "SubjectDomainName": "NT AUTHORITY", "SubjectLogonId": "0x3e5", "PreviousTime": "2019-07-30T14:38:14.997355200Z", "NewTime": "2019-07-30T14:38:14.997000000Z", "ProcessId": "0x3a8", "ProcessName": "C:\\Windows\\System32\\svchost.exe", "SubjectUserSid": "<pseudonym:88300c8916832c3352893b38edeeb13dae715dc9604444fc4d9bdd509aba6c1d>"}, "event_id": 4616}, "event": {"kind": "event", "code": 4616, "action": "Security State Change", "created": "2019-08-05T08:54:03.452Z"}, "log": {"level": "information"}, "message": "The system time was changed.\n\nSubject:\n\tSecurity ID:\t\tS-1-5-19\n\tAccount Name:\t\tLOCAL SERVICE\n\tAccount Domain:\t\tNT AUTHORITY\n\tLogon ID:\t\t0x3e5\n\nProcess Information:\n\tProcess ID:\t0x3a8\n\tName:\t\tC:\\Windows\\System32\\svchost.exe\n\nPrevious Time:\t\t\u200e2019\u200e-\u200e07\u200e-\u200e30T14:38:14.997355200Z\nNew Time:\t\t\u200e2019\u200e-\u200e07\u200e-\u200e30T14:38:14.997000000Z\n\nThis event is generated when the system time is changed. It is normal for the Windows Time Service, which runs with System privilege, to change the system time on a regular basis. Other system time changes may be indicative of attempts to tamper with the computer."}
{"@timestamp": "2019-08-02T09:46:16.625Z", "@metadata": {"beat": "winlogbeat", "type": "_doc", "version": "7.2.0", "topic": "wineventlog_raw"}, "agent": {"id": "0b755aca-0a9a-454a-9800-1979901962a0", "version": "7.2.0", "type": "winlogbeat", "ephemeral_id": "33f6eec2-a7ba-4caa-97b3-ea43b4f5e172", "hostname": "CLIENT1"}, "winlog": {"task": "Security State Change", "record_id": 4640, "opcode": "Info", "channel": "Security", "computer_name": "CLIENT1", "event_id": 4608, "keywords": ["Audit Success"], "provider_guid": "{54849625-5478-4994-A5BA-3E3B0328C30D}", "provider_name": "Microsoft-Windows-Security-Auditing", "api": "wineventlog", "process": {"pid": 448, "thread": {"id": 452}}}, "event": {"action": "Security State Change", "created": "2019-08-05T08:54:03.452Z", "kind": "event", "code": 4608}, "log": {"level": "information"}, "message": "Windows is starting up.\n\nThis event is logged when LSASS.EXE starts and the auditing subsystem is initialized.", "ecs": {"version": "1.0.0"}, "host": {"architecture": "x86", "os": {"name": "Windows 7 Professional", "kernel": "6.1.7601.18741 (win7sp1_gdr.150202-1526)", "build": "7601.0", "platform": "windows", "version": "6.1", "family": "windows"}, "id": "19fc45ac-5890-4f96-81b1-50ed111c0ce4", "name": "CLIENT1", "hostname": "CLIENT1"}}
{"pseudonym": "e887f3a09fdddf7c81a563b81f90ed9499d86badaa6173d1aa197a2b544d13b1", "origin": "iUqn/k3Mkj5QO6CNKyjqyyfXi2/YZWX/4nT9m2u/QD5fM34eIhzvyjubLY28m2O7VGjRwrS2JHfhY9PYekoqFhGmfablDywFur3V02P/aF1qvw1PbhDfLW3XlT1mOTQhhExvNCBU2zHHdG9UwlO3MaAUqd6y9iLw3VBIEHBLJP+bKvv72a7g7ju1s8CP96lVvJhSqS+BERPPJ7cQCwSULuW6ih2wnxjjCGZk9/f5lp0t4e6cQToKtsKZ2mAUe+nAbPJjO5nVDFedpy2GVwCzZ+YfgG1egh9gN41wBL746kJVkGxuatf5cBJkeGGqXW3EwY8I/yG9D/0hH71HuSbRpCsfAPR3KyPuXsXvOa4xY3s="}
{"pseudonym": "387dddca7f9c9fa71c41295d7790d3bcd791cfe79b2dd4843551dfd0bf47acf2", "origin": "gfPpwBJMmtDjiZVlNUdPWvGEygk+mZ/k1BFYPLKvSCkYQ1axKCx7i6RY43FO6IIi8ET+U9iq23k/8N+DvoOIY4TyzWGOfXgzTLhhdkzcCukUOlYXMzHfsTLMLztHN2UgyhX0w58sv8Or9g264N3iCucVPsD6VzdctE8A0rsoo6ddeiKxhmxt0F7GamK37YiDBEyBUGnCDK6gHMJbSGLagXtqUQJiromS+PWIv1l0K397w0VwQGaRLvoKdcC5I+8Uu2a75Lfr2nDvgM01fein6gjEMsifCT131yuNGkwiqDMWkcYsPLwHKHK2hS4H/mdIjdnUmf9CnHxYOOftErD5pmHhUPgT26O511LjYzqr"}
{"pseudonym": "cd1a3afeeac92cb813605e21e464de7db0ca53fa0190d3a1372a46f60ddd0712", "origin": "aVNpoBSl7QYwlPW3TCmsk3sX5b/IebkBLhO7SafMHDuyrbvGEyVzgOfp+P3JFSPsj5PK0QcKiKT8l0mqflDuzvstPDnOulU0UMkWsO3b+fgGd8s2RlNfc2+55dsrdT64og97Ebjjs4njIEb/7LuqhlmRwRC2zShpkbhypb9hU+m7JgpKBROO9A97dWryjL2PfrHzGJoee9xD3gblWBluy3fmEKV0BYWV/V7mRTvqR0e9+leoB9w/Y3mJ+fhMXK0g1nM6mn0GTdSChqwi5+p7cVEVj8VPYS3id5kT5aWFMaZ5QyZe2U43OFqhXt911HB56uReODh9YU47xPJfOtlTg3AAw6aEdtugdpPflCRpOSI="}
{"pseudonym": "91d121bc503735a145e0e9869d792d26f6b22784210a0daf5b63840be2abf69a", "origin": "j+ZUpTdq+n3CAkkbwK7VdOvyU0NrEy/1M0VXETdFtffajAjIOPeRUA9byfuUEruXvf6HeiEO4cFq4POuBSYwH/dWgEYaWkWFdF6edPJg0MY01VInKFn3QYXHiv9hgWLGwJs/7BPFRG1Wbq35mwsPAYsBbUXpR/6u4VFRPzJm4OILOyFlpF/vJR7t3nMxmkaYT5jx/9By3q6NG5VILYwmOTW5Z8aoa+vGP3I3PsPb2yrpk09fUUuG85Fp1Q3+B6KrJi91INyJsDWswNwMlhHNgVjH6Za7blRulXPOuC/9dL7WIVTriQbndRyjOJR8WHj1qjOG9idQ/m+xE9fbwI11Skz5sdgaov55nw=="}
{"@timestamp": "2019-08-02T09:46:20.531Z", "@metadata": {"beat": "winlogbeat", "type": "_doc", "version": "7.2.0", "topic": "wineventlog_raw"}, "agent": {"ephemeral_id": "33f6eec2-a7ba-4caa-97b3-ea43b4f5e172", "hostname": "CLIENT1", "id": "0b755aca-0a9a-454a-9800-1979901962a0", "version": "7.2.0", "type": "winlogbeat"}, "event": {"kind": "event", "code": 4624, "action": "Logon", "created": "2019-08-05T08:54:03.703Z", "category": "authentication", "type": "authentication_success"}, "log": {"level": "information"}, "message": "An account was successfully logged on.\n\nSubject:\n\tSecurity ID:\t\tS-1-5-18\n\tAccount Name:\t\tCLIENT1$\n\tAccount Domain:\t\tWORKGROUP\n\tLogon ID:\t\t0x3e7\n\nLogon Type:\t\t\t5\n\nNew Logon:\n\tSecurity ID:\t\tS-1-5-18\n\tAccount Name:\t\tSYSTEM\n\tAccount Domain:\t\tNT AUTHORITY\n\tLogon ID:\t\t0x3e7\n\tLogon GUID:\t\t{00000000-0000-0000-0000-000000000000}\n\nProcess Information:\n\tProcess ID:\t\t0x1b8\n\tProcess Name:\t\tC:\\Windows\\System32\\services.exe\n\nNetwork Information:\n\tWorkstation Name:\t\n\tSource Network Address:\t-\n\tSource Port:\t\t-\n\nDetailed Authentication Information:\n\tLogon Process:\t\tAdvapi  \n\tAuthentication Package:\tNegotiate\n\tTransited Services:\t-\n\tPackage Name (NTLM only):\t-\n\tKey Length:\t\t0\n\nThis event is generated when a logon session is created. It is generated on the computer that was accessed.\n\nThe subject fields indicate the account on the local system which requested the logon. This is most commonly a service such as the Server service, or a local process such as Winlogon.exe or Services.exe.\n\nThe logon type field indicates the kind of logon that occurred. The most common types are 2 (interactive) and 3 (network).\n\nThe New Logon fields indicate the account for whom the new logon was created, i.e. the account that was logged on.\n\nThe network fields indicate where a remote logon request originated. Workstation name is not always available and may be left blank in some cases.\n\nThe authentication information fields provide detailed information about this specific logon request.\n\t- Logon GUID is a unique identifier that can be used to correlate this event with a KDC event.\n\t- Transited services indicate which intermediate services have participated in this logon request.\n\t- Package name indicates which sub-protocol was used among the NTLM protocols.\n\t- Key length indicates the length of the generated session key. This will be 0 if no session key was requested.", "user": {"id": "S-1-5-18", "name": "<pseudonym:387dddca7f9c9fa71c41295d7790d3bcd791cfe79b2dd4843551dfd0bf47acf2>", "domain": "NT AUTHORITY"}, "winlog": {"task": "Logon", "record_id": 4651, "computer_name": "CLIENT1", "process": {"pid": 448, "thread": {"id": 504}}, "event_data": {"TransmittedServices": "-", "KeyLength": "0", "LogonProcessName": "Advapi  ", "TargetLogonId": "0x3e7", "SubjectDomainName": "WORKGROUP", "IpPort": "-", "SubjectUserSid": "<pseudonym:cd1a3afeeac92cb813605e21e464de7db0ca53fa0190d3a1372a46f60ddd0712>", "LogonGuid": "{00000000-0000-0000-0000-000000000000}", "AuthenticationPackageName": "Negotiate", "IpAddress": "<pseudonym:91d121bc503735a145e0e9869d792d26f6b22784210a0daf5b63840be2abf69a>", "SubjectLogonId": "0x3e7", "LmPackageName": "-", "SubjectUserName": "<pseudonym:e887f3a09fdddf7c81a563b81f90ed9499d86badaa6173d1aa197a2b544d13b1>", "LogonType": "5"}, "channel": "Security", "event_id": 4624, "opcode": "Info", "provider_name": "Microsoft-Windows-Security-Auditing", "keywords": ["Audit Success"], "provider_guid": "{54849625-5478-4994-A5BA-3E3B0328C30D}", "api": "wineventlog"}, "process": {"pid": 440, "executable": "C:\\Windows\\System32\\services.exe", "name": "services.exe"}, "ecs": {"version": "1.0.0"}, "host": {"name": "CLIENT1", "hostname": "CLIENT1", "architecture": "x86", "os": {"build": "7601.0", "platform": "windows", "version": "6.1", "family": "windows", "name": "Windows 7 Professional", "kernel": "6.1.7601.18741 (win7sp1_gdr.150202-1526)"}, "id": "19fc45ac-5890-4f96-81b1-50ed111c0ce4"}}
{"@timestamp": "2019-08-05T08:53:43.843Z", "@metadata": {"beat": "winlogbeat", "type": "_doc", "version": "7.2.0", "topic": "wineventlog_raw"}, "agent": {"id": "0b755aca-0a9a-454a-9800-1979901962a0", "version": "7.2.0", "type": "winlogbeat", "ephemeral_id": "33f6eec2-a7ba-4caa-97b3-ea43b4f5e172", "hostname": "CLIENT1"}, "winlog": {"computer_name": "CLIENT1", "provider_guid": "{54849625-5478-4994-A5BA-3E3B0328C30D}", "event_id": 5033, "task": "Other System Events", "process": {"pid": 4, "thread": {"id": 60}}, "provider_name": "Microsoft-Windows-Security-Auditing", "record_id": 4686, "api": "wineventlog", "channel": "Security", "keywords": ["Audit Success"], "opcode": "Info"}, "event": {"created": "2019-08-05T08:54:03.704Z", "kind": "event", "code": 5033, "action": "Other System Events"}, "log": {"level": "information"}, "message": "The Windows Firewall Driver started successfully.", "ecs": {"version": "1.0.0"}, "host": {"name": "CLIENT1", "id": "19fc45ac-5890-4f96-81b1-50ed111c0ce4", "hostname": "CLIENT1", "architecture": "x86", "os": {"family": "windows", "name": "Windows 7 Professional", "kernel": "6.1.7601.18741 (win7sp1_gdr.150202-1526)", "build": "7601.0", "platform": "windows", "version": "6.1"}}}
{"pseudonym": "88300c8916832c3352893b38edeeb13dae715dc9604444fc4d9bdd509aba6c1d", "origin": "GW/2oopRiFFW+ihrUTNvDs2md8bWtN2e5Z241WkkAa+iuUzBUoZ8GQesDx7CjsO5Whknz3OfYVLFJje6ndsCJ6VNhiBcOKmnvi7t1sRnH+oK0psLFdy6QLoQJwAc0mEglXPwAmx93TWIWV73cjzWmCR+hpHCRUqv3a8pO9boXhJRKbgVKWZ3DGZyrkra5BVJJkFUAPGgWCqPnR9DUL1D8sZ8+T85pXROSbElccfi/gtTgmY5YtLsHGqw3kD1vTiJ7OyXiHGOXc6qOmmyytBnT+BMKB9O84ZUikzUN81PdvGB8v48EyQI5zY/FdlD7SK2wTAkvZGmHRgmw4TIZHfo2Hm5UGmW2o4FVOCK2SxwEe4="}
{"@timestamp": "2019-07-30T14:38:12.486Z", "@metadata": {"beat": "winlogbeat", "type": "_doc", "version": "7.2.0", "topic": "wineventlog_raw"}, "ecs": {"version": "1.0.0"}, "host": {"name": "CLIENT1", "id": "19fc45ac-5890-4f96-81b1-50ed111c0ce4", "hostname": "CLIENT1", "architecture": "x86", "os": {"build": "7601.0", "platform": "windows", "version": "6.1", "family": "windows", "name": "Windows 7 Professional", "kernel": "6.1.7601.18741 (win7sp1_gdr.150202-1526)"}}, "winlog": {"provider_name": "Microsoft-Windows-Dhcp-Client", "opcode": "ServiceStop", "event_id": 50037, "record_id": 11555, "process": {"pid": 708, "thread": {"id": 1016}}, "provider_guid": "{15A7A4F8-0072-4EAB-ABAD-F98A4D666AED}", "channel": "System", "api": "wineventlog", "computer_name": "CLIENT1", "task": "Service State Event", "event_data": {"DwordVal": "1"}, "user": {"domain": "NT AUTHORITY", "type": "Well Known Group", "identifier": "<pseudonym:88300c8916832c3352893b38edeeb13dae715dc9604444fc4d9bdd509aba6c1d>", "name": "LOCAL SERVICE"}}, "event": {"action": "Service State Event", "created": "2019-08-05T08:54:04.776Z", "kind": "event", "code": 50037}, "log": {"level": "information"}, "message": "DHCPv4 client service is stopped. ShutDown Flag value is 1", "agent": {"version": "7.2.0", "type": "winlogbeat", "ephemeral_id": "33f6eec2-a7ba-4caa-97b3-ea43b4f5e172", "hostname": "CLIENT1", "id": "0b755aca-0a9a-454a-9800-1979901962a0"}}
{"@timestamp": "2019-07-30T14:38:14.071Z", "@metadata": {"beat": "winlogbeat", "type": "_doc", "version": "7.2.0", "topic": "wineventlog_raw"}, "ecs": {"version": "1.0.0"}, "event": {"created": "2019-08-05T08:54:04.777Z", "kind": "event", "code": 7036}, "log": {"level": "information"}, "message": "The Plug and Play service entered the stopped state.", "winlog": {"event_id": 7036, "process": {"thread": {"id": 2808}, "pid": 436}, "provider_name": "Service Control Manager", "record_id": 11563, "task": "", "keywords": ["Classic"], "api": "wineventlog", "computer_name": "CLIENT1", "provider_guid": "{555908d1-a6d7-4695-8e1e-26931d2012f4}", "channel": "System", "event_data": {"Binary": "50006C007500670050006C00610079002F0031000000", "param1": "Plug and Play", "param2": "stopped"}}, "host": {"architecture": "x86", "os": {"kernel": "6.1.7601.18741 (win7sp1_gdr.150202-1526)", "build": "7601.0", "platform": "windows", "version": "6.1", "family": "windows", "name": "Windows 7 Professional"}, "name": "CLIENT1", "id": "19fc45ac-5890-4f96-81b1-50ed111c0ce4", "hostname": "CLIENT1"}, "agent": {"version": "7.2.0", "type": "winlogbeat", "ephemeral_id": "33f6eec2-a7ba-4caa-97b3-ea43b4f5e172", "hostname": "CLIENT1", "id": "0b755aca-0a9a-454a-9800-1979901962a0"}}
{"@timestamp": "2019-08-02T09:46:24.187Z", "@metadata": {"beat": "winlogbeat", "type": "_doc", "version": "7.2.0", "topic": "wineventlog_raw"}, "ecs": {"version": "1.0.0"}, "host": {"name": "CLIENT1", "hostname": "CLIENT1", "architecture": "x86", "os": {"family": "windows", "name": "Windows 7 Professional", "kernel": "6.1.7601.18741 (win7sp1_gdr.150202-1526)", "build": "7601.0", "platform": "windows", "version": "6.1"}, "id": "19fc45ac-5890-4f96-81b1-50ed111c0ce4"}, "agent": {"version": "7.2.0", "type": "winlogbeat", "ephemeral_id": "33f6eec2-a7ba-4caa-97b3-ea43b4f5e172", "hostname": "CLIENT1", "id": "0b755aca-0a9a-454a-9800-1979901962a0"}, "event": {"created": "2019-08-05T08:54:04.777Z", "kind": "event", "code": 7036}, "log": {"level": "information"}, "message": "The System Event Notification Service service entered the running state.", "winlog": {"computer_name": "CLIENT1", "keywords": ["Classic"], "process": {"pid": 440, "thread": {"id": 520}}, "event_id": 7036, "provider_name": "Service Control Manager", "channel": "System", "event_data": {"param1": "System Event Notification Service", "param2": "running", "Binary": "530045004E0053002F0034000000"}, "record_id": 11605, "task": "", "api": "wineventlog", "provider_guid": "{555908d1-a6d7-4695-8e1e-26931d2012f4}"}}
{"@timestamp": "2019-08-02T09:47:51.654Z", "@metadata": {"beat": "winlogbeat", "type": "_doc", "version": "7.2.0", "topic": "wineventlog_raw"}, "ecs": {"version": "1.0.0"}, "host": {"architecture": "x86", "os": {"version": "6.1", "family": "windows", "name": "Windows 7 Professional", "kernel": "6.1.7601.18741 (win7sp1_gdr.150202-1526)", "build": "7601.0", "platform": "windows"}, "id": "19fc45ac-5890-4f96-81b1-50ed111c0ce4", "name": "CLIENT1", "hostname": "CLIENT1"}, "agent": {"version": "7.2.0", "type": "winlogbeat", "ephemeral_id": "33f6eec2-a7ba-4caa-97b3-ea43b4f5e172", "hostname": "CLIENT1", "id": "0b755aca-0a9a-454a-9800-1979901962a0"}, "winlog": {"process": {"pid": 440, "thread": {"id": 1792}}, "provider_name": "Service Control Manager", "provider_guid": "{555908d1-a6d7-4695-8e1e-26931d2012f4}", "channel": "System", "record_id": 11647, "event_data": {"param2": "running", "Binary": "46006F006E007400430061006300680065002F0034000000", "param1": "Windows Font Cache Service"}, "api": "wineventlog", "computer_name": "CLIENT1", "keywords": ["Classic"], "event_id": 7036, "task": ""}, "event": {"kind": "event", "code": 7036, "created": "2019-08-05T08:54:04.822Z"}, "log": {"level": "information"}, "message": "The Windows Font Cache Service service entered the running state."}
{"@timestamp": "2019-08-02T09:54:01.000Z", "@metadata": {"beat": "winlogbeat", "type": "_doc", "version": "7.2.0", "topic": "wineventlog_raw"}, "agent": {"id": "0b755aca-0a9a-454a-9800-1979901962a0", "version": "7.2.0", "type": "winlogbeat", "ephemeral_id": "33f6eec2-a7ba-4caa-97b3-ea43b4f5e172", "hostname": "CLIENT1"}, "winlog": {"record_id": 11665, "channel": "System", "event_id": 14205, "task": "", "api": "wineventlog", "keywords": ["Classic"], "provider_name": "Microsoft-Windows-WMPNSS-Service", "provider_guid": "{6A2DC7C1-930A-4FB5-BB44-80B30AEBED6C}", "computer_name": "CLIENT1", "event_data": {"ServiceName": "WMPNetworkSvc"}}, "event": {"kind": "event", "code": 14205, "created": "2019-08-05T08:54:04.921Z"}, "log": {"level": "information"}, "message": "Service 'WMPNetworkSvc' stopped.", "ecs": {"version": "1.0.0"}, "host": {"name": "CLIENT1", "id": "19fc45ac-5890-4f96-81b1-50ed111c0ce4", "hostname": "CLIENT1", "architecture": "x86", "os": {"version": "6.1", "family": "windows", "name": "Windows 7 Professional", "kernel": "6.1.7601.18741 (win7sp1_gdr.150202-1526)", "build": "7601.0", "platform": "windows"}}}
{"@timestamp": "2019-08-02T09:54:22.102Z", "@metadata": {"beat": "winlogbeat", "type": "_doc", "version": "7.2.0", "topic": "wineventlog_raw"}, "winlog": {"keywords": ["Classic"], "provider_guid": "{555908d1-a6d7-4695-8e1e-26931d2012f4}", "provider_name": "Service Control Manager", "record_id": 11679, "api": "wineventlog", "process": {"pid": 440, "thread": {"id": 2680}}, "channel": "System", "event_id": 7036, "task": "", "computer_name": "CLIENT1", "event_data": {"param2": "stopped", "Binary": "50006C007500670050006C00610079002F0031000000", "param1": "Plug and Play"}}, "event": {"kind": "event", "code": 7036, "created": "2019-08-05T08:54:04.922Z"}, "log": {"level": "information"}, "message": "The Plug and Play service entered the stopped state.", "agent": {"version": "7.2.0", "type": "winlogbeat", "ephemeral_id": "33f6eec2-a7ba-4caa-97b3-ea43b4f5e172", "hostname": "CLIENT1", "id": "0b755aca-0a9a-454a-9800-1979901962a0"}, "ecs": {"version": "1.0.0"}, "host": {"name": "CLIENT1", "hostname": "CLIENT1", "architecture": "x86", "os": {"name": "Windows 7 Professional", "kernel": "6.1.7601.18741 (win7sp1_gdr.150202-1526)", "build": "7601.0", "platform": "windows", "version": "6.1", "family": "windows"}, "id": "19fc45ac-5890-4f96-81b1-50ed111c0ce4"}}
{"pseudonym": "cd1a3afeeac92cb813605e21e464de7db0ca53fa0190d3a1372a46f60ddd0712", "origin": "iGdhbmpnNISeEJ3h889IoRVV8nMzjAEbe/gG4mR2PO8rajrQDSwJJ+RkEk9rSs0NOSylQTtqmIvlPv0jDDfkMZTCgLC7rzIADoM0MLe11Ca0H4vZ7r/KYppvGbVMjySs7Ap3hSN9NoONcyVwIgbMmE1aoA77G4dnOhN0tci7oRIMaSaTLLSaIpBT9IU+gQ15BoJexWB+aCa6keCBFPu+BFEAg2TM3TGkxbl7OhrjBDo3cx2ew8VKoucsnEHeUtRWHesPhAqzNVYXDZUsjKgZ7uCXeqM0wXxzgRxdVvI83Ho6MmP3zWnqIPOSfDhbbdv4DHCIJbo4q9Ajag0dXO1TCY/TI7DvZOlebgPxIywo+Tw="}
{"@timestamp": "2019-08-05T08:52:35.640Z", "@metadata": {"beat": "winlogbeat", "type": "_doc", "version": "7.2.0", "topic": "wineventlog_raw"}, "winlog": {"user": {"identifier": "<pseudonym:cd1a3afeeac92cb813605e21e464de7db0ca53fa0190d3a1372a46f60ddd0712>", "name": "SYSTEM", "domain": "NT AUTHORITY", "type": "User"}, "event_data": {"DeviceTime": "2009-07-14T01:21:51.000000000Z", "FinalStatus": "0x0", "DeviceVersionMajor": "6", "DeviceVersionMinor": "1", "DeviceNameLength": "8", "DeviceName": "FileInfo"}, "channel": "System", "api": "wineventlog", "computer_name": "CLIENT1", "opcode": "Info", "event_id": 6, "record_id": 11702, "provider_guid": "{F3C5E28E-63F6-49C7-A204-E48A1BC4B09D}", "process": {"pid": 4, "thread": {"id": 8}}, "provider_name": "Microsoft-Windows-FilterManager", "task": ""}, "event": {"kind": "event", "code": 6, "created": "2019-08-05T08:54:04.922Z"}, "log": {"level": "information"}, "message": "File System Filter 'FileInfo' (6.1, \u200e2009\u200e-\u200e07\u200e-\u200e14T01:21:51.000000000Z) has successfully loaded and registered with Filter Manager.", "agent": {"id": "0b755aca-0a9a-454a-9800-1979901962a0", "version": "7.2.0", "type": "winlogbeat", "ephemeral_id": "33f6eec2-a7ba-4caa-97b3-ea43b4f5e172", "hostname": "CLIENT1"}, "ecs": {"version": "1.0.0"}, "host": {"name": "CLIENT1", "os": {"kernel": "6.1.7601.18741 (win7sp1_gdr.150202-1526)", "build": "7601.0", "platform": "windows", "version": "6.1", "family": "windows", "name": "Windows 7 Professional"}, "id": "19fc45ac-5890-4f96-81b1-50ed111c0ce4", "hostname": "CLIENT1", "architecture": "x86"}}
{"@timestamp": "2019-08-05T08:53:48.031Z", "@metadata": {"beat": "winlogbeat", "type": "_doc", "version": "7.2.0", "topic": "wineventlog_raw"}, "ecs": {"version": "1.0.0"}, "host": {"architecture": "x86", "os": {"kernel": "6.1.7601.18741 (win7sp1_gdr.150202-1526)", "build": "7601.0", "platform": "windows", "version": "6.1", "family": "windows", "name": "Windows 7 Professional"}, "name": "CLIENT1", "id": "19fc45ac-5890-4f96-81b1-50ed111c0ce4", "hostname": "CLIENT1"}, "agent": {"hostname": "CLIENT1", "id": "0b755aca-0a9a-454a-9800-1979901962a0", "version": "7.2.0", "type": "winlogbeat", "ephemeral_id": "33f6eec2-a7ba-4caa-97b3-ea43b4f5e172"}, "message": "The ImDisk Virtual Disk Driver Helper service entered the running state.", "winlog": {"task": "", "keywords": ["Classic"], "event_data": {"Binary": "49006D00440073006B005300760063002F0034000000", "param1": "ImDisk Virtual Disk Driver Helper", "param2": "running"}, "process": {"pid": 436, "thread": {"id": 512}}, "provider_name": "Service Control Manager", "computer_name": "CLIENT1", "provider_guid": "{555908d1-a6d7-4695-8e1e-26931d2012f4}", "channel": "System", "event_id": 7036, "record_id": 11738, "api": "wineventlog"}, "event": {"kind": "event", "code": 7036, "created": "2019-08-05T08:54:04.923Z"}, "log": {"level": "information"}}
{"@timestamp": "2019-08-02T09:47:29.000Z", "@metadata": {"beat": "winlogbeat", "type": "_doc", "version": "7.2.0", "topic": "wineventlog_raw"}, "message": "Windows license validated.", "ecs": {"version": "1.0.0"}, "host": {"name": "CLIENT1", "id": "19fc45ac-5890-4f96-81b1-50ed111c0ce4", "hostname": "CLIENT1", "architecture": "x86", "os": {"platform": "windows", "version": "6.1", "family": "windows", "name": "Windows 7 Professional", "kernel": "6.1.7601.18741 (win7sp1_gdr.150202-1526)", "build": "7601.0"}}, "agent": {"hostname": "CLIENT1", "id": "0b755aca-0a9a-454a-9800-1979901962a0", "version": "7.2.0", "type": "winlogbeat", "ephemeral_id": "33f6eec2-a7ba-4caa-97b3-ea43b4f5e172"}, "winlog": {"computer_name": "CLIENT1", "event_id": 4101, "provider_name": "Microsoft-Windows-Winlogon", "task": "", "event_data": {"param1": "0x00000000", "param2": "0x00000001"}, "channel": "Application", "api": "wineventlog", "keywords": ["Classic"], "record_id": 2907, "provider_guid": "{DBE9B383-7CF3-4331-91CC-A3CB16A3B538}"}, "event": {"kind": "event", "code": 4101, "created": "2019-08-05T08:54:06.439Z"}, "log": {"level": "information"}}
{"@timestamp": "2019-08-02T09:48:55.000Z", "@metadata": {"beat": "winlogbeat", "type": "_doc", "version": "7.2.0", "topic": "wineventlog_raw"}, "agent": {"type": "winlogbeat", "ephemeral_id": "33f6eec2-a7ba-4caa-97b3-ea43b4f5e172", "hostname": "CLIENT1", "id": "0b755aca-0a9a-454a-9800-1979901962a0", "version": "7.2.0"}, "ecs": {"version": "1.0.0"}, "winlog": {"record_id": 2916, "keywords": ["Classic"], "task": "", "api": "wineventlog", "event_id": 900, "computer_name": "CLIENT1", "provider_guid": "{E23B33B0-C8C9-472C-A5F9-F2BDFEA0F156}", "channel": "Application", "provider_name": "Microsoft-Windows-Security-SPP"}, "event": {"kind": "event", "code": 900, "created": "2019-08-05T08:54:06.439Z"}, "log": {"level": "information"}, "message": "The Software Protection service is starting.", "host": {"name": "CLIENT1", "id": "19fc45ac-5890-4f96-81b1-50ed111c0ce4", "hostname": "CLIENT1", "architecture": "x86", "os": {"family": "windows", "name": "Windows 7 Professional", "kernel": "6.1.7601.18741 (win7sp1_gdr.150202-1526)", "build": "7601.0", "platform": "windows", "version": "6.1"}}}
{"@timestamp": "2019-08-05T08:55:55.000Z", "@metadata": {"beat": "winlogbeat", "type": "_doc", "version": "7.2.0", "topic": "wineventlog_raw"}, "winlog": {"task": "Logging/Recovery", "api": "wineventlog", "keywords": ["Classic"], "channel": "Application", "provider_name": "ESENT", "opcode": "Info", "record_id": 2943, "computer_name": "CLIENT1", "event_id": 302, "event_data": {"param3": "Windows: ", "param1": "Windows", "param2": "1524"}}, "event": {"kind": "event", "code": 302, "action": "Logging/Recovery", "created": "2019-08-05T08:55:55.805Z"}, "log": {"level": "information"}, "message": "Windows (1524) Windows: The database engine has successfully completed recovery steps.", "host": {"os": {"family": "windows", "name": "Windows 7 Professional", "kernel": "6.1.7601.18741 (win7sp1_gdr.150202-1526)", "build": "7601.0", "platform": "windows", "version": "6.1"}, "id": "19fc45ac-5890-4f96-81b1-50ed111c0ce4", "hostname": "CLIENT1", "name": "CLIENT1", "architecture": "x86"}, "agent": {"type": "winlogbeat", "ephemeral_id": "33f6eec2-a7ba-4caa-97b3-ea43b4f5e172", "hostname": "CLIENT1", "id": "0b755aca-0a9a-454a-9800-1979901962a0", "version": "7.2.0"}, "ecs": {"version": "1.0.0"}}
{"@timestamp": "2019-08-05T08:56:00.018Z", "@metadata": {"beat": "winlogbeat", "type": "_doc", "version": "7.2.0", "topic": "wineventlog_raw"}, "ecs": {"version": "1.0.0"}, "host": {"name": "CLIENT1", "os": {"build": "7601.0", "platform": "windows", "version": "6.1", "family": "windows", "name": "Windows 7 Professional", "kernel": "6.1.7601.18741 (win7sp1_gdr.150202-1526)"}, "id": "19fc45ac-5890-4f96-81b1-50ed111c0ce4", "hostname": "CLIENT1", "architecture": "x86"}, "agent": {"ephemeral_id": "33f6eec2-a7ba-4caa-97b3-ea43b4f5e172", "hostname": "CLIENT1", "id": "0b755aca-0a9a-454a-9800-1979901962a0", "version": "7.2.0", "type": "winlogbeat"}, "winlog": {"api": "wineventlog", "keywords": ["Classic"], "computer_name": "CLIENT1", "provider_guid": "{555908d1-a6d7-4695-8e1e-26931d2012f4}", "process": {"pid": 436, "thread": {"id": 1760}}, "channel": "System", "event_id": 7036, "task": "", "provider_name": "Service Control Manager", "record_id": 11763, "event_data": {"param1": "SSDP Discovery", "param2": "running", "Binary": "53005300440050005300520056002F0034000000"}}, "event": {"kind": "event", "code": 7036, "created": "2019-08-05T08:56:00.504Z"}, "log": {"level": "information"}, "message": "The SSDP Discovery service entered the running state."}
{"pseudonym": "cd1a3afeeac92cb813605e21e464de7db0ca53fa0190d3a1372a46f60ddd0712", "origin": "DpHquF46MuB/V1QX57GCumiu3os3ZnCToGMlBCi7iuwZ69bIkBfqk352olqAvFr3VRqTiUPrzW+ekdhb999APXPKm/PzzA+XNwq6tSIYDNDD9t7yoSows92AsMijzY9TtJkZeiYEBViQ8evE7t/qKaSCQg9IlgS05UUL0IXE+4D6Yx2IwWRi+OyLy0TjN5cKGWrHLCr35WOTSJRqsMJrs84lvEFbyUOkzf8qQBcSva0pOOKeMv5J8iM7OW039AeTTnvzGefKgPx4TuRhGjx5bYuuU3MdhbmtUXBkUW98qkHYrJIc3BWubZQ8wObFQB/gybu/wjAuRBBvSLY6oEsvCKOzEOVPBGT45IHkQeTPpkI="}
{"@timestamp": "2019-07-30T14:37:42.861Z", "@metadata": {"beat": "winlogbeat", "type": "_doc", "version": "7.2.0", "topic": "wineventlog_raw"}, "winlog": {"provider_name": "Microsoft-Windows-Kernel-General", "task": "", "opcode": "Info", "user": {"identifier": "<pseudonym:cd1a3afeeac92cb813605e21e464de7db0ca53fa0190d3a1372a46f60ddd0712>", "name": "SYSTEM", "domain": "NT AUTHORITY", "type": "User"}, "channel": "System", "event_id": 1, "provider_guid": "{A68CA8B7-004F-D7B6-A698-07E2DE0F1F5D}", "process": {"pid": 1460, "thread": {"id": 1504}}, "computer_name": "CLIENT1", "event_data": {"OldTime": "2019-07-30T14:37:43.494572200Z", "NewTime": "2019-07-30T14:37:42.861000000Z"}, "keywords": ["Time"], "record_id": 11545, "api": "wineventlog"}, "ecs": {"version": "1.0.0"}, "host": {"id": "19fc45ac-5890-4f96-81b1-50ed111c0ce4", "name": "CLIENT1", "hostname": "CLIENT1", "architecture": "x86", "os": {"platform": "windows", "version": "6.1", "family": "windows", "name": "Windows 7 Professional", "kernel": "6.1.7601.18741 (win7sp1_gdr.150202-1526)", "build": "7601.0"}}, "agent": {"id": "0b755aca-0a9a-454a-9800-1979901962a0", "version": "7.2.0", "type": "winlogbeat", "ephemeral_id": "de845cd9-5141-4c92-ad32-27a4518307e9", "hostname": "CLIENT1"}, "event": {"kind": "event", "code": 1, "created": "2019-08-02T09:55:11.995Z"}, "log": {"level": "information"}, "message": "The system time has changed to \u200e2019\u200e-\u200e07\u200e-\u200e30T14:37:42.861000000Z from \u200e2019\u200e-\u200e07\u200e-\u200e30T14:37:43.494572200Z."}
{"@timestamp": "2019-07-30T14:38:14.563Z", "@metadata": {"beat": "winlogbeat", "type": "_doc", "version": "7.2.0", "topic": "wineventlog_raw"}, "log": {"level": "information"}, "message": "The Power service entered the stopped state.", "ecs": {"version": "1.0.0"}, "host": {"name": "CLIENT1", "id": "19fc45ac-5890-4f96-81b1-50ed111c0ce4", "hostname": "CLIENT1", "architecture": "x86", "os": {"platform": "windows", "version": "6.1", "family": "windows", "name": "Windows 7 Professional", "kernel": "6.1.7601.18741 (win7sp1_gdr.150202-1526)", "build": "7601.0"}}, "agent": {"hostname": "CLIENT1", "id": "0b755aca-0a9a-454a-9800-1979901962a0", "version": "7.2.0", "type": "winlogbeat", "ephemeral_id": "de845cd9-5141-4c92-ad32-27a4518307e9"}, "winlog": {"task": "", "record_id": 11564, "process": {"thread": {"id": 2808}, "pid": 436}, "api": "wineventlog", "provider_guid": "{555908d1-a6d7-4695-8e1e-26931d2012f4}", "event_id": 7036, "provider_name": "Service Control Manager", "computer_name": "CLIENT1", "keywords": ["Classic"], "event_data": {"Binary": "50006F007700650072002F0031000000", "param1": "Power", "param2": "stopped"}, "channel": "System"}, "event": {"created": "2019-08-02T09:55:11.996Z", "kind": "event", "code": 7036}}
{"@timestamp": "2019-08-02T09:46:22.593Z", "@metadata": {"beat": "winlogbeat", "type": "_doc", "version": "7.2.0", "topic": "wineventlog_raw"}, "host": {"name": "CLIENT1", "architecture": "x86", "os": {"platform": "windows", "version": "6.1", "family": "windows", "name": "Windows 7 Professional", "kernel": "6.1.7601.18741 (win7sp1_gdr.150202-1526)", "build": "7601.0"}, "id": "19fc45ac-5890-4f96-81b1-50ed111c0ce4", "hostname": "CLIENT1"}, "winlog": {"channel": "System", "api": "wineventlog", "task": "", "provider_guid": "{555908d1-a6d7-4695-8e1e-26931d2012f4}", "event_data": {"param1": "Windows Audio", "param2": "running", "Binary": "41007500640069006F007300720076002F0034000000"}, "process": {"pid": 440, "thread": {"id": 528}}, "event_id": 7036, "provider_name": "Service Control Manager", "keywords": ["Classic"], "record_id": 11599, "computer_name": "CLIENT1"}, "event": {"code": 7036, "created": "2019-08-02T09:55:11.997Z", "kind": "event"}, "log": {"level": "information"}, "message": "The Windows Audio service entered the running state.", "agent": {"id": "0b755aca-0a9a-454a-9800-1979901962a0", "version": "7.2.0", "type": "winlogbeat", "ephemeral_id": "de845cd9-5141-4c92-ad32-27a4518307e9", "hostname": "CLIENT1"}, "ecs": {"version": "1.0.0"}}
{"@timestamp": "2019-08-02T09:46:52.902Z", "@metadata": {"beat": "winlogbeat", "type": "_doc", "version": "7.2.0", "topic": "wineventlog_raw"}, "host": {"name": "CLIENT1", "architecture": "x86", "os": {"family": "windows", "name": "Windows 7 Professional", "kernel": "6.1.7601.18741 (win7sp1_gdr.150202-1526)", "build": "7601.0", "platform": "windows", "version": "6.1"}, "id": "19fc45ac-5890-4f96-81b1-50ed111c0ce4", "hostname": "CLIENT1"}, "log": {"level": "information"}, "message": "The IP Helper service entered the running state.", "winlog": {"computer_name": "CLIENT1", "keywords": ["Classic"], "channel": "System", "event_data": {"param1": "IP Helper", "param2": "running", "Binary": "6900700068006C0070007300760063002F0034000000"}, "event_id": 7036, "task": "", "api": "wineventlog", "provider_guid": "{555908d1-a6d7-4695-8e1e-26931d2012f4}", "process": {"thread": {"id": 524}, "pid": 440}, "provider_name": "Service Control Manager", "record_id": 11632}, "event": {"kind": "event", "code": 7036, "created": "2019-08-02T09:55:11.999Z"}, "agent": {"id": "0b755aca-0a9a-454a-9800-1979901962a0", "version": "7.2.0", "type": "winlogbeat", "ephemeral_id": "de845cd9-5141-4c92-ad32-27a4518307e9", "hostname": "CLIENT1"}, "ecs": {"version": "1.0.0"}}
{"@timestamp": "2019-08-02T09:46:54.551Z", "@metadata": {"beat": "winlogbeat", "type": "_doc", "version": "7.2.0", "topic": "wineventlog_raw"}, "event": {"kind": "event", "code": 7036, "created": "2019-08-02T09:55:11.999Z"}, "log": {"level": "information"}, "host": {"architecture": "x86", "name": "CLIENT1", "os": {"version": "6.1", "family": "windows", "name": "Windows 7 Professional", "kernel": "6.1.7601.18741 (win7sp1_gdr.150202-1526)", "build": "7601.0", "platform": "windows"}, "id": "19fc45ac-5890-4f96-81b1-50ed111c0ce4", "hostname": "CLIENT1"}, "agent": {"hostname": "CLIENT1", "id": "0b755aca-0a9a-454a-9800-1979901962a0", "version": "7.2.0", "type": "winlogbeat", "ephemeral_id": "de845cd9-5141-4c92-ad32-27a4518307e9"}, "ecs": {"version": "1.0.0"}, "message": "The IPsec Policy Agent service entered the running state.", "winlog": {"provider_guid": "{555908d1-a6d7-4695-8e1e-26931d2012f4}", "event_id": 7036, "event_data": {"param1": "IPsec Policy Agent", "param2": "running", "Binary": "50006F006C006900630079004100670065006E0074002F0034000000"}, "record_id": 11637, "task": "", "api": "wineventlog", "computer_name": "CLIENT1", "keywords": ["Classic"], "channel": "System", "process": {"pid": 440, "thread": {"id": 1792}}, "provider_name": "Service Control Manager"}}
{"@timestamp": "2019-08-02T09:47:51.654Z", "@metadata": {"beat": "winlogbeat", "type": "_doc", "version": "7.2.0", "topic": "wineventlog_raw"}, "event": {"code": 7036, "created": "2019-08-02T09:55:12.049Z", "kind": "event"}, "log": {"level": "information"}, "message": "The Windows Font Cache Service service entered the running state.", "winlog": {"api": "wineventlog", "record_id": 11647, "event_data": {"param1": "Windows Font Cache Service", "param2": "running", "Binary": "46006F006E007400430061006300680065002F0034000000"}, "task": "", "process": {"thread": {"id": 1792}, "pid": 440}, "provider_name": "Service Control Manager", "computer_name": "CLIENT1", "provider_guid": "{555908d1-a6d7-4695-8e1e-26931d2012f4}", "channel": "System", "event_id": 7036, "keywords": ["Classic"]}, "agent": {"type": "winlogbeat", "ephemeral_id": "de845cd9-5141-4c92-ad32-27a4518307e9", "hostname": "CLIENT1", "id": "0b755aca-0a9a-454a-9800-1979901962a0", "version": "7.2.0"}, "ecs": {"version": "1.0.0"}, "host": {"name": "CLIENT1", "hostname": "CLIENT1", "architecture": "x86", "os": {"family": "windows", "name": "Windows 7 Professional", "kernel": "6.1.7601.18741 (win7sp1_gdr.150202-1526)", "build": "7601.0", "platform": "windows", "version": "6.1"}, "id": "19fc45ac-5890-4f96-81b1-50ed111c0ce4"}}
{"@timestamp": "2019-08-02T09:54:01.264Z", "@metadata": {"beat": "winlogbeat", "type": "_doc", "version": "7.2.0", "topic": "wineventlog_raw"}, "log": {"level": "information"}, "message": "The UPnP Device Host service entered the running state.", "host": {"name": "CLIENT1", "architecture": "x86", "os": {"version": "6.1", "family": "windows", "name": "Windows 7 Professional", "kernel": "6.1.7601.18741 (win7sp1_gdr.150202-1526)", "build": "7601.0", "platform": "windows"}, "id": "19fc45ac-5890-4f96-81b1-50ed111c0ce4", "hostname": "CLIENT1"}, "agent": {"hostname": "CLIENT1", "id": "0b755aca-0a9a-454a-9800-1979901962a0", "version": "7.2.0", "type": "winlogbeat", "ephemeral_id": "de845cd9-5141-4c92-ad32-27a4518307e9"}, "ecs": {"version": "1.0.0"}, "winlog": {"channel": "System", "event_id": 7036, "provider_name": "Service Control Manager", "record_id": 11666, "task": "", "computer_name": "CLIENT1", "keywords": ["Classic"], "event_data": {"Binary": "750070006E00700068006F00730074002F0034000000", "param1": "UPnP Device Host", "param2": "running"}, "provider_guid": "{555908d1-a6d7-4695-8e1e-26931d2012f4}", "api": "wineventlog", "process": {"pid": 440, "thread": {"id": 4048}}}, "event": {"created": "2019-08-02T09:55:12.089Z", "kind": "event", "code": 7036}}
{"@timestamp": "2019-08-02T09:54:56.000Z", "@metadata": {"beat": "winlogbeat", "type": "_doc", "version": "7.2.0", "topic": "wineventlog_raw"}, "message": "Microsoft (R) Windows (R) 6.01. 7601 Service Pack 1 Multiprocessor Free.", "winlog": {"api": "wineventlog", "provider_name": "EventLog", "record_id": 11676, "task": "", "keywords": ["Classic"], "event_data": {"param2": "7601", "param3": "Service Pack 1", "param4": "Multiprocessor Free", "param5": "17514", "param1": "6.01."}, "event_id": 6009, "computer_name": "CLIENT1", "channel": "System"}, "agent": {"type": "winlogbeat", "ephemeral_id": "de845cd9-5141-4c92-ad32-27a4518307e9", "hostname": "CLIENT1", "id": "0b755aca-0a9a-454a-9800-1979901962a0", "version": "7.2.0"}, "ecs": {"version": "1.0.0"}, "host": {"name": "CLIENT1", "id": "19fc45ac-5890-4f96-81b1-50ed111c0ce4", "hostname": "CLIENT1", "architecture": "x86", "os": {"version": "6.1", "family": "windows", "name": "Windows 7 Professional", "kernel": "6.1.7601.18741 (win7sp1_gdr.150202-1526)", "build": "7601.0", "platform": "windows"}}, "event": {"created": "2019-08-02T09:55:12.090Z", "kind": "event", "code": 6009}, "log": {"level": "information"}}
{"pseudonym": "cd1a3afeeac92cb813605e21e464de7db0ca53fa0190d3a1372a46f60ddd0712", "origin": "nh/lia/ZnuhRMNcS0MPLEQ+pUE55XI7SICKAbt5FzO2BCp5FJYPeLmdIW9XPe/EpqX/e3t50Mc9pw60avbp5RX8G6i08SFvnuZ3F/YZPKigadaOTn2nPECTJEu2xeFYHESuiElkcH6CCeetPc+Mi03jD3pZmOcqbPjsK4mzQssawCcSEGKLeqQi9wrppPKK61bC3KITTBI90ZjAkYaNfF+5k/bIFHgQHte0NP3KHUsUBTcKAdmMU61AB5oF3R+DLo66Czg/UuIJ+eFdLbeeB4zQ/T2b5cWCLVqAMvoXgVrCjvXklifjS5o9IXSrnVkZHeeM/LGmjPXPBYjOUrwm3uJF6nyYGX8YSVDZOtIkzYY0="}
{"@timestamp": "2019-08-02T09:54:44.609Z", "@metadata": {"beat": "winlogbeat", "type": "_doc", "version": "7.2.0", "topic": "wineventlog_raw"}, "message": "File System Filter 'FileInfo' (6.1, \u200e2009\u200e-\u200e07\u200e-\u200e14T01:21:51.000000000Z) has successfully loaded and registered with Filter Manager.", "winlog": {"task": "", "event_id": 6, "user": {"domain": "NT AUTHORITY", "type": "User", "identifier": "<pseudonym:cd1a3afeeac92cb813605e21e464de7db0ca53fa0190d3a1372a46f60ddd0712>", "name": "SYSTEM"}, "record_id": 11702, "api": "wineventlog", "computer_name": "CLIENT1", "opcode": "Info", "provider_guid": "{F3C5E28E-63F6-49C7-A204-E48A1BC4B09D}", "channel": "System", "event_data": {"DeviceVersionMajor": "6", "DeviceVersionMinor": "1", "DeviceNameLength": "8", "DeviceName": "FileInfo", "DeviceTime": "2009-07-14T01:21:51.000000000Z", "FinalStatus": "0x0"}, "provider_name": "Microsoft-Windows-FilterManager", "process": {"pid": 4, "thread": {"id": 8}}}, "ecs": {"version": "1.0.0"}, "host": {"hostname": "CLIENT1", "architecture": "x86", "os": {"name": "Windows 7 Professional", "kernel": "6.1.7601.18741 (win7sp1_gdr.150202-1526)", "build": "7601.0", "platform": "windows", "version": "6.1", "family": "windows"}, "id": "19fc45ac-5890-4f96-81b1-50ed111c0ce4", "name": "CLIENT1"}, "agent": {"version": "7.2.0", "type": "winlogbeat", "ephemeral_id": "de845cd9-5141-4c92-ad32-27a4518307e9", "hostname": "CLIENT1", "id": "0b755aca-0a9a-454a-9800-1979901962a0"}, "event": {"kind": "event", "code": 6, "created": "2019-08-02T09:55:12.091Z"}, "log": {"level": "information"}}
{"pseudonym": "cd1a3afeeac92cb813605e21e464de7db0ca53fa0190d3a1372a46f60ddd0712", "origin": "Qa8k3kTUbAdFkOt4+Jniprz/LBnh2UNFpxzg1L1sWz6SGD4VC885cZ1NdNdfrco+b/HvCXjCRsTO7jxqCErNE21h9cEvicMfsnZOvNN6lNaeYXyZS8VibeiuYv0/P9eP04BD9sQqwgQParU2QvdsEKUw3TIeLs/eM1plJUluZt03bclK+NgLa45cmWp+6hV7gDPLAuSbsj9i/BipG7pryR2PfMbz7hCNQpKlsoxT+Wo7Nq/bmscqzNLMOM0H+w3msOUGbur4GcdJ9Joio2LXaxAkwwNEZ/vlYg4Fr6B9NTchC8RUEqtusyTrIdJP/sC/fftGCBT5iAdxLA/PkHhaKuxg5XNPu6Dx7TwGBOj+n7I="}
{"@timestamp": "2019-08-02T09:54:55.046Z", "@metadata": {"beat": "winlogbeat", "type": "_doc", "version": "7.2.0", "topic": "wineventlog_raw"}, "winlog": {"opcode": "Info", "process": {"pid": 548, "thread": {"id": 564}}, "user_data": {"InstallSubsystemState": "true", "CachingSubsystemState": "true", "xml_name": "INFO_PNP_STATE"}, "event_id": 20010, "provider_name": "Microsoft-Windows-UserPnp", "computer_name": "CLIENT1", "channel": "System", "api": "wineventlog", "user": {"identifier": "<pseudonym:cd1a3afeeac92cb813605e21e464de7db0ca53fa0190d3a1372a46f60ddd0712>", "name": "SYSTEM", "domain": "NT AUTHORITY", "type": "User"}, "record_id": 11705, "task": "", "provider_guid": "{96F4A050-7E31-453C-88BE-9634F4E02139}"}, "event": {"code": 20010, "created": "2019-08-02T09:55:12.091Z", "kind": "event"}, "log": {"level": "information"}, "message": "One or more of the Plug and Play service's subsystems has changed state. \n\nPlugPlay install subsystem enabled: 'true' \nPlugPlay caching subsystem enabled: 'true' ", "host": {"architecture": "x86", "os": {"name": "Windows 7 Professional", "kernel": "6.1.7601.18741 (win7sp1_gdr.150202-1526)", "build": "7601.0", "platform": "windows", "version": "6.1", "family": "windows"}, "id": "19fc45ac-5890-4f96-81b1-50ed111c0ce4", "name": "CLIENT1", "hostname": "CLIENT1"}, "agent": {"ephemeral_id": "de845cd9-5141-4c92-ad32-27a4518307e9", "hostname": "CLIENT1", "id": "0b755aca-0a9a-454a-9800-1979901962a0", "version": "7.2.0", "type": "winlogbeat"}, "ecs": {"version": "1.0.0"}}
{"@timestamp": "2019-08-02T09:55:06.246Z", "@metadata": {"beat": "winlogbeat", "type": "_doc", "version": "7.2.0", "topic": "wineventlog_raw"}, "event": {"kind": "event", "code": 7036, "created": "2019-08-02T09:55:12.100Z"}, "ecs": {"version": "1.0.0"}, "host": {"name": "CLIENT1", "id": "19fc45ac-5890-4f96-81b1-50ed111c0ce4", "hostname": "CLIENT1", "architecture": "x86", "os": {"name": "Windows 7 Professional", "kernel": "6.1.7601.18741 (win7sp1_gdr.150202-1526)", "build": "7601.0", "platform": "windows", "version": "6.1", "family": "windows"}}, "agent": {"hostname": "CLIENT1", "id": "0b755aca-0a9a-454a-9800-1979901962a0", "version": "7.2.0", "type": "winlogbeat", "ephemeral_id": "de845cd9-5141-4c92-ad32-27a4518307e9"}, "log": {"level": "information"}, "message": "The Network Location Awareness service entered the running state.", "winlog": {"process": {"pid": 440, "thread": {"id": 524}}, "event_data": {"param2": "running", "Binary": "4E006C0061005300760063002F0034000000", "param1": "Network Location Awareness"}, "provider_name": "Service Control Manager", "record_id": 11742, "computer_name": "CLIENT1", "keywords": ["Classic"], "task": "", "api": "wineventlog", "provider_guid": "{555908d1-a6d7-4695-8e1e-26931d2012f4}", "event_id": 7036, "channel": "System"}}
