{"@timestamp": "2019-08-02T09:54:23.927Z", "@metadata": {"beat": "winlogbeat", "type": "_doc", "version": "7.2.0", "topic": "wineventlog_raw"}, "log": {"level": "information"}, "message": "The Windows Management Instrumentation service entered the stopped state.", "ecs": {"version": "1.0.0"}, "host": {"architecture": "x86", "os": {"family": "windows", "name": "Windows 7 Professional", "kernel": "6.1.7601.18741 (win7sp1_gdr.150202-1526)", "build": "7601.0", "platform": "windows", "version": "6.1"}, "id": "19fc45ac-5890-4f96-81b1-50ed111c0ce4", "hostname": "CLIENT1", "name": "CLIENT1"}, "agent": {"type": "winlogbeat", "ephemeral_id": "33f6eec2-a7ba-4caa-97b3-ea43b4f5e172", "hostname": "CLIENT1", "id": "0b755aca-0a9a-454a-9800-1979901962a0", "version": "7.2.0"}, "winlog": {"process": {"pid": 440, "thread": {"id": 2680}}, "event_id": 7036, "record_id": 11693, "computer_name": "CLIENT1", "keywords": ["Classic"], "provider_guid": "{555908d1-a6d7-4695-8e1e-26931d2012f4}", "task": "", "api": "wineventlog", "event_data": {"param2": "stopped", "Binary": "570069006E006D0067006D0074002F0031000000", "param1": "Windows Management Instrumentation"}, "channel": "System", "provider_name": "Service Control Manager"}, "event": {"created": "2019-08-05T08:54:04.922Z", "kind": "event", "code": 7036}}
{"@timestamp": "2019-08-05T08:53:25.953Z", "@metadata": {"beat": "winlogbeat", "type": "_doc", "version": "7.2.0", "topic": "wineventlog_raw"}, "ecs": {"version": "1.0.0"}, "winlog": {"channel": "System", "api": "wineventlog", "event_id": 7036, "provider_name": "Service Control Manager", "event_data": {"param1": "Plug and Play", "param2": "running", "Binary": "50006C007500670050006C00610079002F0034000000"}, "task": "", "keywords": ["Classic"], "provider_guid": "{555908d1-a6d7-4695-8e1e-26931d2012f4}", "process": {"pid": 436, "thread": {"id": 500}}, "record_id": 11704, "computer_name": "CLIENT1"}, "event": {"kind": "event", "code": 7036, "created": "2019-08-05T08:54:04.922Z"}, "log": {"level": "information"}, "message": "The Plug and Play service entered the running state.", "host": {"name": "CLIENT1", "hostname": "CLIENT1", "architecture": "x86", "os": {"name": "Windows 7 Professional", "kernel": "6.1.7601.18741 (win7sp1_gdr.150202-1526)", "build": "7601.0", "platform": "windows", "version": "6.1", "family": "windows"}, "id": "19fc45ac-5890-4f96-81b1-50ed111c0ce4"}, "agent": {"hostname": "CLIENT1", "id": "0b755aca-0a9a-454a-9800-1979901962a0", "version": "7.2.0", "type": "winlogbeat", "ephemeral_id": "33f6eec2-a7ba-4caa-97b3-ea43b4f5e172"}}
{"@timestamp": "2019-08-05T08:53:27.593Z", "@metadata": {"beat": "winlogbeat", "type": "_doc", "version": "7.2.0", "topic": "wineventlog_raw"}, "message": "The Remote Procedure Call (RPC) service entered the running state.", "winlog": {"keywords": ["Classic"], "event_id": 7036, "record_id": 11710, "task": "", "event_data": {"param1": "Remote Procedure Call (RPC)", "param2": "running", "Binary": "520070006300530073002F0034000000"}, "channel": "System", "provider_name": "Service Control Manager", "provider_guid": "{555908d1-a6d7-4695-8e1e-26931d2012f4}", "process": {"pid": 436, "thread": {"id": 516}}, "api": "wineventlog", "computer_name": "CLIENT1"}, "event": {"kind": "event", "code": 7036, "created": "2019-08-05T08:54:04.922Z"}, "ecs": {"version": "1.0.0"}, "host": {"name": "CLIENT1", "os": {"version": "6.1", "family": "windows", "name": "Windows 7 Professional", "kernel": "6.1.7601.18741 (win7sp1_gdr.150202-1526)", "build": "7601.0", "platform": "windows"}, "id": "19fc45ac-5890-4f96-81b1-50ed111c0ce4", "hostname": "CLIENT1", "architecture": "x86"}, "agent": {"ephemeral_id": "33f6eec2-a7ba-4caa-97b3-ea43b4f5e172", "hostname": "CLIENT1", "id": "0b755aca-0a9a-454a-9800-1979901962a0", "version": "7.2.0", "type": "winlogbeat"}, "log": {"level": "information"}}
{"@timestamp": "2019-08-05T08:53:31.062Z", "@metadata": {"beat": "winlogbeat", "type": "_doc", "version": "7.2.0", "topic": "wineventlog_raw"}, "message": "The Windows Audio service entered the running state.", "host": {"os": {"platform": "windows", "version": "6.1", "family": "windows", "name": "Windows 7 Professional", "kernel": "6.1.7601.18741 (win7sp1_gdr.150202-1526)", "build": "7601.0"}, "id": "19fc45ac-5890-4f96-81b1-50ed111c0ce4", "hostname": "CLIENT1", "architecture": "x86", "name": "CLIENT1"}, "agent": {"ephemeral_id": "33f6eec2-a7ba-4caa-97b3-ea43b4f5e172", "hostname": "CLIENT1", "id": "0b755aca-0a9a-454a-9800-1979901962a0", "version": "7.2.0", "type": "winlogbeat"}, "ecs": {"version": "1.0.0"}, "winlog": {"event_data": {"Binary": "41007500640069006F007300720076002F0034000000", "param1": "Windows Audio", "param2": "running"}, "record_id": 11714, "provider_name": "Service Control Manager", "provider_guid": "{555908d1-a6d7-4695-8e1e-26931d2012f4}", "process": {"thread": {"id": 516}, "pid": 436}, "task": "", "computer_name": "CLIENT1", "event_id": 7036, "api": "wineventlog", "keywords": ["Classic"], "channel": "System"}, "event": {"created": "2019-08-05T08:54:04.923Z", "kind": "event", "code": 7036}, "log": {"level": "information"}}
{"@timestamp": "2019-08-05T08:53:36.015Z", "@metadata": {"beat": "winlogbeat", "type": "_doc", "version": "7.2.0", "topic": "wineventlog_raw"}, "ecs": {"version": "1.0.0"}, "winlog": {"provider_name": "Service Control Manager", "api": "wineventlog", "computer_name": "CLIENT1", "provider_guid": "{555908d1-a6d7-4695-8e1e-26931d2012f4}", "event_id": 7036, "process": {"thread": {"id": 516}, "pid": 436}, "keywords": ["Classic"], "channel": "System", "record_id": 11729, "task": "", "event_data": {"Binary": "5300680065006C006C004800570044006500740065006300740069006F006E002F0034000000", "param1": "Shell Hardware Detection", "param2": "running"}}, "event": {"kind": "event", "code": 7036, "created": "2019-08-05T08:54:04.923Z"}, "log": {"level": "information"}, "message": "The Shell Hardware Detection service entered the running state.", "host": {"os": {"platform": "windows", "version": "6.1", "family": "windows", "name": "Windows 7 Professional", "kernel": "6.1.7601.18741 (win7sp1_gdr.150202-1526)", "build": "7601.0"}, "id": "19fc45ac-5890-4f96-81b1-50ed111c0ce4", "name": "CLIENT1", "hostname": "CLIENT1", "architecture": "x86"}, "agent": {"type": "winlogbeat", "ephemeral_id": "33f6eec2-a7ba-4caa-97b3-ea43b4f5e172", "hostname": "CLIENT1", "id": "0b755aca-0a9a-454a-9800-1979901962a0", "version": "7.2.0"}}
{"@timestamp": "2019-08-05T08:53:44.718Z", "@metadata": {"beat": "winlogbeat", "type": "_doc", "version": "7.2.0", "topic": "wineventlog_raw"}, "log": {"level": "information"}, "message": "The Workstation service entered the running state.", "winlog": {"record_id": 11734, "keywords": ["Classic"], "api": "wineventlog", "computer_name": "CLIENT1", "channel": "System", "task": "", "process": {"thread": {"id": 516}, "pid": 436}, "event_id": 7036, "provider_name": "Service Control Manager", "provider_guid": "{555908d1-a6d7-4695-8e1e-26931d2012f4}", "event_data": {"Binary": "4C0061006E006D0061006E0057006F0072006B00730074006100740069006F006E002F0034000000", "param1": "Workstation", "param2": "running"}}, "ecs": {"version": "1.0.0"}, "host": {"name": "CLIENT1", "architecture": "x86", "os": {"platform": "windows", "version": "6.1", "family": "windows", "name": "Windows 7 Professional", "kernel": "6.1.7601.18741 (win7sp1_gdr.150202-1526)", "build": "7601.0"}, "id": "19fc45ac-5890-4f96-81b1-50ed111c0ce4", "hostname": "CLIENT1"}, "agent": {"version": "7.2.0", "type": "winlogbeat", "ephemeral_id": "33f6eec2-a7ba-4caa-97b3-ea43b4f5e172", "hostname": "CLIENT1", "id": "0b755aca-0a9a-454a-9800-1979901962a0"}, "event": {"code": 7036, "created": "2019-08-05T08:54:04.923Z", "kind": "event"}}
{"@timestamp": "2019-08-02T09:49:11.000Z", "@metadata": {"beat": "winlogbeat", "type": "_doc", "version": "7.2.0", "topic": "wineventlog_raw"}, "winlog": {"record_id": 2920, "keywords": ["Classic"], "task": "", "event_data": {"param2": "\n1: 4de78642-0f7f-4b61-9392-8add86d70ae8, 1, 0 [(0 [0xC004F014, 0, 0], [(?)(?)(?)(?)(?)(?)])(1 )(2 )]\n2: 50e329f7-a5fa-46b2-85fd-f224e5da7764, 1, 0 [(0 [0xC004F014, 0, 0], [(?)(?)(?)(?)(?)(?)])(1 )(2 )]\n3: 5a79ecd8-d33f-406c-a619-7785899b5d59, 1, 0 [(0 [0xC004F014, 0, 0], [(?)(?)(?)(?)(?)(?)])(1 )(2 )]\n4: 770bc271-8dc1-467d-b574-73cbacbeccd1, 1, 0 [(0 [0xC004F014, 0, 0], [(?)(?)(?)(?)(?)(?)])(1 )(2 )]\n5: 90a61a0d-0b76-4bf1-a8b8-89061855a4c9, 1, 0 [(0 [0xC004F014, 0, 0], [(?)(?)(?)(?)(?)(?)])(1 )(2 )]\n6: 92f9d22a-65f5-49a7-90fe-06491b4fc379, 1, 0 [(0 [0xC004F014, 0, 0], [(?)(?)(?)(?)(?)(?)])(1 )(2 )]\n7: 9abf5984-9c16-46f2-ad1e-7fe15931a8dd, 1, 0 [(0 [0xC004F014, 0, 0], [(?)(?)(?)(?)(?)(?)])(1 )(2 )]\n8: 9ccffaf9-86a2-414e-b031-b2f777720e90, 1, 0 [(0 [0xC004F014, 0, 0], [(?)(?)(?)(?)(?)(?)])(1 )(2 )]\n9: b92e9980-b9d5-4821-9c94-140f632f6312, 1, 0 [(0 [0xC004F014, 0, 0], [(?)(?)(?)(?)(?)(?)])(1 )(2 )]\n10: c1027486-8ae8-4633-9cf9-9658ed80504d, 1, 0 [(0 [0xC004F014, 0, 0], [(?)(?)(?)(?)(?)(?)])(1 )(2 )]\n11: c1e88de3-96c4-4563-ad7d-775f65b1e670, 1, 0 [(0 [0xC004E003, 0, 0], [( 1 0xC004F00F 3 0 msft:rm/algorithm/hwid/4.0 0x00000000 0)(?)( 1 0xC004F00F 3 0 msft:rm/algorithm/hwid/4.0 0x00000000 0)(?)(?)(?)])(1 )(2 [0x00000000, 0, 0], [( 5 0xC004F009 30 0)( 5 0xC004F009 30 0)( 1 0x00000000 0 0 msft:rm/algorithm/flags/1.0 0x00000000 0)(?)(?)( 9 0x00000000 0xC004F00F)])]\n12: c33001fc-5e9c-4f27-8c05-e0154adb0db4, 1, 0 [(0 [0xC004F014, 0, 0], [(?)(?)(?)(?)(?)(?)])(1 )(2 )]\n13: cf3c5b35-35ff-4c95-9bbd-a188e47ad14c, 1, 0 [(0 [0xC004F014, 0, 0], [(?)(?)(?)(?)(?)(?)])(1 )(2 )]\n14: cff07cac-7534-4cc3-b3f3-99e1a0aa3c20, 1, 0 [(0 [0xC004F014, 0, 0], [(?)(?)(?)(?)(?)(?)])(1 )(2 )]\n15: d188820a-cb63-4bad-a9a2-40b843ee23b7, 1, 0 [(0 [0xC004F014, 0, 0], [(?)(?)(?)(?)(?)(?)])(1 )(2 )]\n16: d8e04254-f9a5-4729-ae86-886de6aa907c, 1, 0 [(0 [0xC004F014, 0, 0], [(?)(?)(?)(?)(?)(?)])(1 )(2 )]\n17: da22eadd-46dc-4056-a287-f5041c852470, 1, 0 [(0 [0xC004F014, 0, 0], [(?)(?)(?)(?)(?)(?)])(1 )(2 )]\n18: e120e868-3df2-464a-95a0-b52fa5ada4bf, 1, 0 [(0 [0xC004F014, 0, 0], [(?)(?)(?)(?)(?)(?)])(1 )(2 )]\n19: e838d943-63ed-4a0b-9fb1-47152908acc9, 1, 0 [(0 [0xC004F014, 0, 0], [(?)(?)(?)(?)(?)(?)])(1 )(2 )]\n20: 4a8149bb-7d61-49f4-8822-82c7bf88d64b, 1, 0 [(0 [0xC004F014, 0, 0], [(?)(?)(?)(?)(?)(?)])(1 )(2 )]\n21: afd5f68f-b70f-4000-a21d-28dbc8be8b07, 1, 0 [(0 [0xC004F014, 0, 0], [(?)(?)(?)(?)(?)(?)])(1 )(2 )]", "param1": "55c92734-d682-4d71-983e-d6ec3f16059f"}, "event_id": 1003, "provider_name": "Microsoft-Windows-Security-SPP", "provider_guid": "{E23B33B0-C8C9-472C-A5F9-F2BDFEA0F156}", "channel": "Application", "api": "wineventlog", "computer_name": "CLIENT1"}, "event": {"kind": "event", "code": 1003, "created": "2019-08-05T08:54:06.439Z"}, "log": {"level": "information"}, "message": "The Software Protection service has completed licensing status check.\nApplication Id=55c92734-d682-4d71-983e-d6ec3f16059f\nLicensing Status=\n1: 4de78642-0f7f-4b61-9392-8add86d70ae8, 1, 0 [(0 [0xC004F014, 0, 0], [(?)(?)(?)(?)(?)(?)])(1 )(2 )]\n2: 50e329f7-a5fa-46b2-85fd-f224e5da7764, 1, 0 [(0 [0xC004F014, 0, 0], [(?)(?)(?)(?)(?)(?)])(1 )(2 )]\n3: 5a79ecd8-d33f-406c-a619-7785899b5d59, 1, 0 [(0 [0xC004F014, 0, 0], [(?)(?)(?)(?)(?)(?)])(1 )(2 )]\n4: 770bc271-8dc1-467d-b574-73cbacbeccd1, 1, 0 [(0 [0xC004F014, 0, 0], [(?)(?)(?)(?)(?)(?)])(1 )(2 )]\n5: 90a61a0d-0b76-4bf1-a8b8-89061855a4c9, 1, 0 [(0 [0xC004F014, 0, 0], [(?)(?)(?)(?)(?)(?)])(1 )(2 )]\n6: 92f9d22a-65f5-49a7-90fe-06491b4fc379, 1, 0 [(0 [0xC004F014, 0, 0], [(?)(?)(?)(?)(?)(?)])(1 )(2 )]\n7: 9abf5984-9c16-46f2-ad1e-7fe15931a8dd, 1, 0 [(0 [0xC004F014, 0, 0], [(?)(?)(?)(?)(?)(?)])(1 )(2 )]\n8: 9ccffaf9-86a2-414e-b031-b2f777720e90, 1, 0 [(0 [0xC004F014, 0, 0], [(?)(?)(?)(?)(?)(?)])(1 )(2 )]\n9: b92e9980-b9d5-4821-9c94-140f632f6312, 1, 0 [(0 [0xC004F014, 0, 0], [(?)(?)(?)(?)(?)(?)])(1 )(2 )]\n10: c1027486-8ae8-4633-9cf9-9658ed80504d, 1, 0 [(0 [0xC004F014, 0, 0], [(?)(?)(?)(?)(?)(?)])(1 )(2 )]\n11: c1e88de3-96c4-4563-ad7d-775f65b1e670, 1, 0 [(0 [0xC004E003, 0, 0], [( 1 0xC004F00F 3 0 msft:rm/algorithm/hwid/4.0 0x00000000 0)(?)( 1 0xC004F00F 3 0 msft:rm/algorithm/hwid/4.0 0x00000000 0)(?)(?)(?)])(1 )(2 [0x00000000, 0, 0], [( 5 0xC004F009 30 0)( 5 0xC004F009 30 0)( 1 0x00000000 0 0 msft:rm/algorithm/flags/1.0 0x00000000 0)(?)(?)( 9 0x00000000 0xC004F00F)])]\n12: c33001fc-5e9c-4f27-8c05-e0154adb0db4, 1, 0 [(0 [0xC004F014, 0, 0], [(?)(?)(?)(?)(?)(?)])(1 )(2 )]\n13: cf3c5b35-35ff-4c95-9bbd-a188e47ad14c, 1, 0 [(0 [0xC004F014, 0, 0], [(?)(?)(?)(?)(?)(?)])(1 )(2 )]\n14: cff07cac-7534-4cc3-b3f3-99e1a0aa3c20, 1, 0 [(0 [0xC004F014, 0, 0], [(?)(?)(?)(?)(?)(?)])(1 )(2 )]\n15: d188820a-cb63-4bad-a9a2-40b843ee23b7, 1, 0 [(0 [0xC004F014, 0, 0], [(?)(?)(?)(?)(?)(?)])(1 )(2 )]\n16: d8e04254-f9a5-4729-ae86-886de6aa907c, 1, 0 [(0 [0xC004F014, 0, 0], [(?)(?)(?)(?)(?)(?)])(1 )(2 )]\n17: da22eadd-46dc-4056-a287-f5041c852470, 1, 0 [(0 [0xC004F014, 0, 0], [(?)(?)(?)(?)(?)(?)])(1 )(2 )]\n18: e120e868-3df2-464a-95a0-b52fa5ada4bf, 1, 0 [(0 [0xC004F014, 0, 0], [(?)(?)(?)(?)(?)(?)])(1 )(2 )]\n19: e838d943-63ed-4a0b-9fb1-47152908acc9, 1, 0 [(0 [0xC004F014, 0, 0], [(?)(?)(?)(?)(?)(?)])(1 )(2 )]\n20: 4a8149bb-7d61-49f4-8822-82c7bf88d64b, 1, 0 [(0 [0xC004F014, 0, 0], [(?)(?)(?)(?)(?)(?)])(1 )(2 )]\n21: afd5f68f-b70f-4000-a21d-28dbc8be8b07, 1, 0 [(0 [0xC004F014, 0, 0], [(?)(?)(?)(?)(?)(?)])(1 )(2 )]", "agent": {"type": "winlogbeat", "ephemeral_id": "33f6eec2-a7ba-4caa-97b3-ea43b4f5e172", "hostname": "CLIENT1", "id": "0b755aca-0a9a-454a-9800-1979901962a0", "version": "7.2.0"}, "ecs": {"version": "1.0.0"}, "host": {"name": "CLIENT1", "architecture": "x86", "os": {"family": "windows", "name": "Windows 7 Professional", "kernel": "6.1.7601.18741 (win7sp1_gdr.150202-1526)", "build": "7601.0", "platform": "windows", "version": "6.1"}, "id": "19fc45ac-5890-4f96-81b1-50ed111c0ce4", "hostname": "CLIENT1"}}
{"@timestamp": "2019-08-05T08:56:12.631Z", "@metadata": {"beat": "winlogbeat", "type": "_doc", "version": "7.2.0", "topic": "wineventlog_raw"}, "log": {"level": "information"}, "message": "The Windows Update service entered the running state.", "ecs": {"version": "1.0.0"}, "host": {"architecture": "x86", "name": "CLIENT1", "os": {"kernel": "6.1.7601.18741 (win7sp1_gdr.150202-1526)", "build": "7601.0", "platform": "windows", "version": "6.1", "family": "windows", "name": "Windows 7 Professional"}, "id": "19fc45ac-5890-4f96-81b1-50ed111c0ce4", "hostname": "CLIENT1"}, "agent": {"version": "7.2.0", "type": "winlogbeat", "ephemeral_id": "33f6eec2-a7ba-4caa-97b3-ea43b4f5e172", "hostname": "CLIENT1", "id": "0b755aca-0a9a-454a-9800-1979901962a0"}, "winlog": {"computer_name": "CLIENT1", "keywords": ["Classic"], "provider_guid": "{555908d1-a6d7-4695-8e1e-26931d2012f4}", "event_id": 7036, "event_data": {"param2": "running", "Binary": "770075006100750073006500720076002F0034000000", "param1": "Windows Update"}, "record_id": 11770, "provider_name": "Service Control Manager", "task": "", "api": "wineventlog", "process": {"thread": {"id": 1804}, "pid": 436}, "channel": "System"}, "event": {"code": 7036, "created": "2019-08-05T08:56:13.570Z", "kind": "event"}}
{"@timestamp": "2019-07-30T14:37:32.723Z", "@metadata": {"beat": "winlogbeat", "type": "_doc", "version": "7.2.0", "topic": "wineventlog_raw"}, "message": "The Diagnostic System Host service entered the stopped state.", "winlog": {"record_id": 11543, "provider_guid": "{555908d1-a6d7-4695-8e1e-26931d2012f4}", "process": {"pid": 436, "thread": {"id": 2860}}, "computer_name": "CLIENT1", "provider_name": "Service Control Manager", "api": "wineventlog", "keywords": ["Classic"], "task": "", "event_data": {"Binary": "570064006900530079007300740065006D0048006F00730074002F0031000000", "param1": "Diagnostic System Host", "param2": "stopped"}, "channel": "System", "event_id": 7036}, "event": {"kind": "event", "code": 7036, "created": "2019-08-02T09:55:11.995Z"}, "ecs": {"version": "1.0.0"}, "host": {"id": "19fc45ac-5890-4f96-81b1-50ed111c0ce4", "name": "CLIENT1", "hostname": "CLIENT1", "architecture": "x86", "os": {"platform": "windows", "version": "6.1", "family": "windows", "name": "Windows 7 Professional", "kernel": "6.1.7601.18741 (win7sp1_gdr.150202-1526)", "build": "7601.0"}}, "agent": {"type": "winlogbeat", "ephemeral_id": "de845cd9-5141-4c92-ad32-27a4518307e9", "hostname": "CLIENT1", "id": "0b755aca-0a9a-454a-9800-1979901962a0", "version": "7.2.0"}, "log": {"level": "information"}}
{"@timestamp": "2019-07-30T14:38:14.071Z", "@metadata": {"beat": "winlogbeat", "type": "_doc", "version": "7.2.0", "topic": "wineventlog_raw"}, "message": "The Plug and Play service entered the stopped state.", "agent": {"type": "winlogbeat", "ephemeral_id": "de845cd9-5141-4c92-ad32-27a4518307e9", "hostname": "CLIENT1", "id": "0b755aca-0a9a-454a-9800-1979901962a0", "version": "7.2.0"}, "ecs": {"version": "1.0.0"}, "host": {"hostname": "CLIENT1", "architecture": "x86", "name": "CLIENT1", "os": {"version": "6.1", "family": "windows", "name": "Windows 7 Professional", "kernel": "6.1.7601.18741 (win7sp1_gdr.150202-1526)", "build": "7601.0", "platform": "windows"}, "id": "19fc45ac-5890-4f96-81b1-50ed111c0ce4"}, "winlog": {"record_id": 11563, "task": "", "provider_guid": "{555908d1-a6d7-4695-8e1e-26931d2012f4}", "process": {"pid": 436, "thread": {"id": 2808}}, "channel": "System", "keywords": ["Classic"], "api": "wineventlog", "event_id": 7036, "event_data": {"param2": "stopped", "Binary": "50006C007500670050006C00610079002F0031000000", "param1": "Plug and Play"}, "provider_name": "Service Control Manager", "computer_name": "CLIENT1"}, "event": {"created": "2019-08-02T09:55:11.996Z", "kind": "event", "code": 7036}, "log": {"level": "information"}}
{"@timestamp": "2019-07-30T14:38:17.289Z", "@metadata": {"beat": "winlogbeat", "type": "_doc", "version": "7.2.0", "topic": "wineventlog_raw"}, "event": {"kind": "event", "code": 7036, "created": "2019-08-02T09:55:11.996Z"}, "host": {"architecture": "x86", "name": "CLIENT1", "os": {"name": "Windows 7 Professional", "kernel": "6.1.7601.18741 (win7sp1_gdr.150202-1526)", "build": "7601.0", "platform": "windows", "version": "6.1", "family": "windows"}, "id": "19fc45ac-5890-4f96-81b1-50ed111c0ce4", "hostname": "CLIENT1"}, "agent": {"version": "7.2.0", "type": "winlogbeat", "ephemeral_id": "de845cd9-5141-4c92-ad32-27a4518307e9", "hostname": "CLIENT1", "id": "0b755aca-0a9a-454a-9800-1979901962a0"}, "ecs": {"version": "1.0.0"}, "log": {"level": "information"}, "message": "The Windows Event Log service entered the stopped state.", "winlog": {"provider_name": "Service Control Manager", "provider_guid": "{555908d1-a6d7-4695-8e1e-26931d2012f4}", "process": {"thread": {"id": 2808}, "pid": 436}, "event_data": {"param1": "Windows Event Log", "param2": "stopped", "Binary": "6500760065006E0074006C006F0067002F0031000000"}, "keywords": ["Classic"], "api": "wineventlog", "computer_name": "CLIENT1", "record_id": 11582, "task": "", "channel": "System", "event_id": 7036}}
{"@timestamp": "2019-07-30T14:38:21.555Z", "@metadata": {"beat": "winlogbeat", "type": "_doc", "version": "7.2.0", "topic": "wineventlog_raw"}, "agent": {"type": "winlogbeat", "ephemeral_id": "de845cd9-5141-4c92-ad32-27a4518307e9", "hostname": "CLIENT1", "id": "0b755aca-0a9a-454a-9800-1979901962a0", "version": "7.2.0"}, "message": "The operating system is shutting down at system time \u200e2019\u200e-\u200e07\u200e-\u200e30T14:38:21.555593700Z.", "winlog": {"process": {"pid": 4, "thread": {"id": 40}}, "event_data": {"StopTime": "2019-07-30T14:38:21.555593700Z"}, "channel": "System", "provider_name": "Microsoft-Windows-Kernel-General", "record_id": 11585, "opcode": "Info", "provider_guid": "{A68CA8B7-004F-D7B6-A698-07E2DE0F1F5D}", "api": "wineventlog", "task": "", "computer_name": "CLIENT1", "event_id": 13}, "event": {"kind": "event", "code": 13, "created": "2019-08-02T09:55:11.997Z"}, "log": {"level": "information"}, "ecs": {"version": "1.0.0"}, "host": {"name": "CLIENT1", "hostname": "CLIENT1", "architecture": "x86", "os": {"name": "Windows 7 Professional", "kernel": "6.1.7601.18741 (win7sp1_gdr.150202-1526)", "build": "7601.0", "platform": "windows", "version": "6.1", "family": "windows"}, "id": "19fc45ac-5890-4f96-81b1-50ed111c0ce4"}}
{"@timestamp": "2019-08-02T09:53:59.674Z", "@metadata": {"beat": "winlogbeat", "type": "_doc", "version": "7.2.0", "topic": "wineventlog_raw"}, "host": {"name": "CLIENT1", "os": {"name": "Windows 7 Professional", "kernel": "6.1.7601.18741 (win7sp1_gdr.150202-1526)", "build": "7601.0", "platform": "windows", "version": "6.1", "family": "windows"}, "id": "19fc45ac-5890-4f96-81b1-50ed111c0ce4", "hostname": "CLIENT1", "architecture": "x86"}, "agent": {"id": "0b755aca-0a9a-454a-9800-1979901962a0", "version": "7.2.0", "type": "winlogbeat", "ephemeral_id": "de845cd9-5141-4c92-ad32-27a4518307e9", "hostname": "CLIENT1"}, "winlog": {"keywords": ["Classic"], "event_data": {"param1": "Group Policy Client", "param2": "stopped", "Binary": "670070007300760063002F0031000000"}, "process": {"pid": 440, "thread": {"id": 4048}}, "record_id": 11664, "task": "", "api": "wineventlog", "event_id": 7036, "provider_guid": "{555908d1-a6d7-4695-8e1e-26931d2012f4}", "channel": "System", "provider_name": "Service Control Manager", "computer_name": "CLIENT1"}, "event": {"kind": "event", "code": 7036, "created": "2019-08-02T09:55:12.089Z"}, "log": {"level": "information"}, "message": "The Group Policy Client service entered the stopped state.", "ecs": {"version": "1.0.0"}}
{"@timestamp": "2019-08-02T09:54:21.331Z", "@metadata": {"beat": "winlogbeat", "type": "_doc", "version": "7.2.0", "topic": "wineventlog_raw"}, "host": {"hostname": "CLIENT1", "architecture": "x86", "os": {"version": "6.1", "family": "windows", "name": "Windows 7 Professional", "kernel": "6.1.7601.18741 (win7sp1_gdr.150202-1526)", "build": "7601.0", "platform": "windows"}, "id": "19fc45ac-5890-4f96-81b1-50ed111c0ce4", "name": "CLIENT1"}, "agent": {"ephemeral_id": "de845cd9-5141-4c92-ad32-27a4518307e9", "hostname": "CLIENT1", "id": "0b755aca-0a9a-454a-9800-1979901962a0", "version": "7.2.0", "type": "winlogbeat"}, "winlog": {"computer_name": "CLIENT1", "keywords": ["Classic"], "event_data": {"param1": "Diagnostic Policy Service", "param2": "stopped", "Binary": "4400500053002F0031000000"}, "task": "", "channel": "System", "record_id": 11674, "api": "wineventlog", "event_id": 7036, "provider_name": "Service Control Manager", "provider_guid": "{555908d1-a6d7-4695-8e1e-26931d2012f4}", "process": {"pid": 440, "thread": {"id": 2680}}}, "event": {"kind": "event", "code": 7036, "created": "2019-08-02T09:55:12.090Z"}, "log": {"level": "information"}, "message": "The Diagnostic Policy Service service entered the stopped state.", "ecs": {"version": "1.0.0"}}
{"@timestamp": "2019-08-02T09:54:23.130Z", "@metadata": {"beat": "winlogbeat", "type": "_doc", "version": "7.2.0", "topic": "wineventlog_raw"}, "agent": {"id": "0b755aca-0a9a-454a-9800-1979901962a0", "version": "7.2.0", "type": "winlogbeat", "ephemeral_id": "de845cd9-5141-4c92-ad32-27a4518307e9", "hostname": "CLIENT1"}, "winlog": {"api": "wineventlog", "task": "", "computer_name": "CLIENT1", "process": {"pid": 440, "thread": {"id": 2680}}, "event_id": 7036, "record_id": 11690, "event_data": {"param1": "Windows Event Log", "param2": "stopped", "Binary": "6500760065006E0074006C006F0067002F0031000000"}, "provider_name": "Service Control Manager", "provider_guid": "{555908d1-a6d7-4695-8e1e-26931d2012f4}", "channel": "System", "keywords": ["Classic"]}, "event": {"created": "2019-08-02T09:55:12.090Z", "kind": "event", "code": 7036}, "log": {"level": "information"}, "message": "The Windows Event Log service entered the stopped state.", "ecs": {"version": "1.0.0"}, "host": {"architecture": "x86", "os": {"version": "6.1", "family": "windows", "name": "Windows 7 Professional", "kernel": "6.1.7601.18741 (win7sp1_gdr.150202-1526)", "build": "7601.0", "platform": "windows"}, "id": "19fc45ac-5890-4f96-81b1-50ed111c0ce4", "name": "CLIENT1", "hostname": "CLIENT1"}}
{"@timestamp": "2019-08-02T09:54:58.031Z", "@metadata": {"beat": "winlogbeat", "type": "_doc", "version": "7.2.0", "topic": "wineventlog_raw"}, "ecs": {"version": "1.0.0"}, "host": {"architecture": "x86", "os": {"name": "Windows 7 Professional", "kernel": "6.1.7601.18741 (win7sp1_gdr.150202-1526)", "build": "7601.0", "platform": "windows", "version": "6.1", "family": "windows"}, "id": "19fc45ac-5890-4f96-81b1-50ed111c0ce4", "hostname": "CLIENT1", "name": "CLIENT1"}, "winlog": {"computer_name": "CLIENT1", "channel": "System", "provider_guid": "{555908d1-a6d7-4695-8e1e-26931d2012f4}", "api": "wineventlog", "event_data": {"param1": "Offline Files", "param2": "running", "Binary": "43007300630053006500720076006900630065002F0034000000"}, "event_id": 7036, "record_id": 11717, "keywords": ["Classic"], "process": {"pid": 440, "thread": {"id": 528}}, "provider_name": "Service Control Manager", "task": ""}, "event": {"kind": "event", "code": 7036, "created": "2019-08-02T09:55:12.091Z"}, "log": {"level": "information"}, "message": "The Offline Files service entered the running state.", "agent": {"type": "winlogbeat", "ephemeral_id": "de845cd9-5141-4c92-ad32-27a4518307e9", "hostname": "CLIENT1", "id": "0b755aca-0a9a-454a-9800-1979901962a0", "version": "7.2.0"}}
{"@timestamp": "2019-08-02T09:55:01.687Z", "@metadata": {"beat": "winlogbeat", "type": "_doc", "version": "7.2.0", "topic": "wineventlog_raw"}, "log": {"level": "information"}, "ecs": {"version": "1.0.0"}, "host": {"name": "CLIENT1", "hostname": "CLIENT1", "architecture": "x86", "os": {"version": "6.1", "family": "windows", "name": "Windows 7 Professional", "kernel": "6.1.7601.18741 (win7sp1_gdr.150202-1526)", "build": "7601.0", "platform": "windows"}, "id": "19fc45ac-5890-4f96-81b1-50ed111c0ce4"}, "agent": {"id": "0b755aca-0a9a-454a-9800-1979901962a0", "version": "7.2.0", "type": "winlogbeat", "ephemeral_id": "de845cd9-5141-4c92-ad32-27a4518307e9", "hostname": "CLIENT1"}, "message": "The Windows Firewall service entered the running state.", "winlog": {"event_data": {"Binary": "4D00700073005300760063002F0034000000", "param1": "Windows Firewall", "param2": "running"}, "channel": "System", "task": "", "keywords": ["Classic"], "provider_name": "Service Control Manager", "record_id": 11733, "computer_name": "CLIENT1", "provider_guid": "{555908d1-a6d7-4695-8e1e-26931d2012f4}", "process": {"pid": 440, "thread": {"id": 524}}, "event_id": 7036, "api": "wineventlog"}, "event": {"kind": "event", "code": 7036, "created": "2019-08-02T09:55:12.092Z"}}
{"pseudonym": "721ee97a0013594c778a3fb491ef5099c0d8a8409174db1192de74509fb8b99a", "origin": "YRa2MDQNt2pOm7Lo+NQIQXcg7HbWLfKghH7XVmWayaYYOnX6eVKa7FYcH6r2hrN/YI3hH2Jx8EkHWwJw/jCcAieywXl52jnq/2ytCB41tbSeZa5y4DTpy8NRBNGVH6Eyp+SGFjHV6H5IqQ1Lf41e+yj85F4VB18mjIXfOgGrFetsSLbgP1oV8+V03/7Q8Ce89XfLtW0ukGW/va13mK+GOb+TXHFiMskcu150uzc38TCXJeLLCQPb4szZmt7G7VSD+BH95h59bXLYzr+QcTM8pQavrR5e1eRefb+FEwHF4+lwZKWeC6oOd0XjjZY2OKOE8W0XO5e84L3lKWzqNTHjDl7i76zd34PqJKnBQy2bdk603C04Yg=="}
{"pseudonym": "88300c8916832c3352893b38edeeb13dae715dc9604444fc4d9bdd509aba6c1d", "origin": "DyzdK3YrayFekTF7amuy2st0y1h4EGn6skZkR9r/mvCcd8UGWySwFYCNpQrOMLNAAGr6hzJzfmmuWDa/AOB4wowOK82yWEXvdkAPj1FA11z1R6p1keCkZQ6LyRSRZV9NPBugDFDTs8fxGH0hC4P7l2xl/CBAHVK6qC0WiubSwn5oIdvXOXOYysisknRAOJZ1zrXCEx/WX7OnnBfkPbyqtq9Eg4vCSu6gHbfE1+up0kYhMqcNUbXBjSmA+dx/smn1eIJM6BDQbEyrRIKR8RCwfaBzGlHcRVneGMgt35UcbOLl4POu0LVuA7zZ59igLuwee1+pQxcadFW5GrbkiMUJnJTic8NRyyDZU1l7IIGdAYY="}
{"@timestamp": "2019-08-02T09:46:19.421Z", "@metadata": {"beat": "winlogbeat", "type": "_doc", "version": "7.2.0", "topic": "wineventlog_raw"}, "message": "Special privileges assigned to new logon.\n\nSubject:\n\tSecurity ID:\t\tS-1-5-19\n\tAccount Name:\t\tLOCAL SERVICE\n\tAccount Domain:\t\tNT AUTHORITY\n\tLogon ID:\t\t0x3e5\n\nPrivileges:\t\tSeAssignPrimaryTokenPrivilege\n\t\t\tSeAuditPrivilege\n\t\t\tSeImpersonatePrivilege", "ecs": {"version": "1.0.0"}, "host": {"os": {"name": "Windows 7 Professional", "kernel": "6.1.7601.18741 (win7sp1_gdr.150202-1526)", "build": "7601.0", "platform": "windows", "version": "6.1", "family": "windows"}, "name": "CLIENT1", "id": "19fc45ac-5890-4f96-81b1-50ed111c0ce4", "hostname": "CLIENT1", "architecture": "x86"}, "agent": {"ephemeral_id": "de845cd9-5141-4c92-ad32-27a4518307e9", "hostname": "CLIENT1", "id": "0b755aca-0a9a-454a-9800-1979901962a0", "version": "7.2.0", "type": "winlogbeat"}, "winlog": {"computer_name": "CLIENT1", "keywords": ["Audit Success"], "event_id": 4672, "process": {"thread": {"id": 504}, "pid": 448}, "channel": "Security", "provider_name": "Microsoft-Windows-Security-Auditing", "record_id": 4648, "opcode": "Info", "provider_guid": "{54849625-5478-4994-A5BA-3E3B0328C30D}", "event_data": {"SubjectLogonId": "0x3e5", "PrivilegeList": "SeAssignPrimaryTokenPrivilege\n\t\t\tSeAuditPrivilege\n\t\t\tSeImpersonatePrivilege", "SubjectUserSid": "<pseudonym:88300c8916832c3352893b38edeeb13dae715dc9604444fc4d9bdd509aba6c1d>", "SubjectUserName": "<pseudonym:721ee97a0013594c778a3fb491ef5099c0d8a8409174db1192de74509fb8b99a>", "SubjectDomainName": "NT AUTHORITY"}, "task": "Special Logon", "api": "wineventlog"}, "event": {"kind": "event", "code": 4672, "action": "Special Logon", "created": "2019-08-02T09:55:12.134Z"}, "log": {"level": "information"}}
{"pseudonym": "e887f3a09fdddf7c81a563b81f90ed9499d86badaa6173d1aa197a2b544d13b1", "origin": "Atnjiv33ncIwEK/V7ikAZ8FmvTGhoGLMZQZSl0FqgD4lGx4BGjCdMDcK0RHd1qVotNA8wMBIzQjUG8bkkP0Yu3Yuz6JWu/3t1kSU4gA3JeyxkoPFK+AvB5TqCAqRsnBSZKUTgHzaluR8v8/snFqMUvdjoC9S4w+OKFApfvjWvH56DkSGvrnd7KFEb8/YdhnqHdmGasRxE/iHDaeelQpUw5LKm6tH5o9wwLthNweMEd2e47ap8aA9L9IU+BEI6obBXUCS4xp1JLSgglVOK/BdfWzpZ2k9oSVj7YGIuPKsvT//NbXjqNWNxLAA/VtMsXHD2mOoyy/b34bGBG7J1bLogVVBqD8zx3INSdyUKzLuhQ0="}
{"pseudonym": "387dddca7f9c9fa71c41295d7790d3bcd791cfe79b2dd4843551dfd0bf47acf2", "origin": "jjOxg2tvkfRtYjFQRp5OHrfm56qIwRDpk0qHuou/wP0Ey+JOKW29jZxmULdofh9d6d9FrygEtF81fXIpxm/iwIWUKANclDSdCWbMD4HmBtfP/K4iZf+uZgLcsWBPVQj5eBZfP2Z3CKi9oVNiCiSC3rHc+H2tVTX5d0tHRnaV2qmPFIgTViaiZ2VGLcvZyGMwbuM8A2+gCg6bp/UqwSU6EwTgxpGpoVav6pe8wyavQ6tioMzoH3NgrFDGA5m17Vf0fFyzAJ8Tbn9F+8yjO/QErVEzhrPHNuYrx1fAmD3VjYaWHOdTxzKW5vqq11pvsW67y6baGzrmheYJdL9eAqRvSp1gYjMj+yGn4YdLU6Bn"}
{"pseudonym": "cd1a3afeeac92cb813605e21e464de7db0ca53fa0190d3a1372a46f60ddd0712", "origin": "BFjQ0VLk4CD10wNecIg4oTAgO4PnH4NxDtJ2LlWzGgGULCtObgMM1HELwkhnZIcdkLJwDcPPmlNj0GHzeTcRMNrRvFF9bEue+6Arl0vseBQerSArMkI8N1kBcnMxxzfIde4a+9E7Rf8hbbUo5HWUBmzU9QiI4wvm4IQdvsoweU7BDRLhusJHXQ5bwOuz4GWzpLaLlnTuYt8vV1YmopneSkg1xU+FQU0FO8DpuDsed0SUHMbT5UJjpmHv6JZgS+smjd/tWcuSnd2vYsCxYv7KV6SHYVtKxTzu50a6PYxiyOpbubVz6egWBZvrZCoau+RDqH07y9L416uINf/F4qqz91IL9v6NSnXeCLAGN6jLZxM="}
{"pseudonym": "91d121bc503735a145e0e9869d792d26f6b22784210a0daf5b63840be2abf69a", "origin": "E5huQZOhDyWl9yz3WqvbApZWFE/kSAoAYf5QQerSNf6UPvSIPKwM8O+8z6SdS8e9gZC5yvLMYP6lc4pW8ru2W7BtfKZDH1WbTT4LTXy5edv96JeFLgcMlUnCXF2r1mFt723fNy2Qn1m5tYUVJDFE8iX2oLIx9a2zAG5/QlKka3X8zTpz6yiVmWxVPY+y0yVFC2C2fiAb5dW8Jefd+JnDwK5bcH8lUJFdqVtDFKlRi1uVLjrhbgz7wuLxuxqXG/beLc7/+S+f21X6fL7mbOo6LSDOwmtUDLr5ppoCXdqoNEWFM6VhX1MSZlbxliOpkyXerZ6R7ultHMpw8keDlXlspUEMmGEXW/lCGQ=="}
{"@timestamp": "2019-08-02T09:50:32.191Z", "@metadata": {"beat": "winlogbeat", "type": "_doc", "version": "7.2.0", "topic": "wineventlog_raw"}, "winlog": {"task": "Logon", "computer_name": "CLIENT1", "opcode": "Info", "event_id": 4624, "provider_guid": "{54849625-5478-4994-A5BA-3E3B0328C30D}", "keywords": ["Audit Success"], "record_id": 4667, "api": "wineventlog", "process": {"pid": 448, "thread": {"id": 504}}, "channel": "Security", "event_data": {"TargetLogonId": "0x3e7", "SubjectLogonId": "0x3e7", "KeyLength": "0", "SubjectDomainName": "WORKGROUP", "AuthenticationPackageName": "Negotiate", "LogonGuid": "{00000000-0000-0000-0000-000000000000}", "SubjectUserSid": "<pseudonym:cd1a3afeeac92cb813605e21e464de7db0ca53fa0190d3a1372a46f60ddd0712>", "LogonType": "5", "SubjectUserName": "<pseudonym:e887f3a09fdddf7c81a563b81f90ed9499d86badaa6173d1aa197a2b544d13b1>", "LogonProcessName": "Advapi  ", "IpAddress": "<pseudonym:91d121bc503735a145e0e9869d792d26f6b22784210a0daf5b63840be2abf69a>", "IpPort": "-", "TransmittedServices": "-", "LmPackageName": "-"}, "provider_name": "Microsoft-Windows-Security-Auditing"}, "log": {"level": "information"}, "host": {"hostname": "CLIENT1", "architecture": "x86", "name": "CLIENT1", "os": {"family": "windows", "name": "Windows 7 Professional", "kernel": "6.1.7601.18741 (win7sp1_gdr.150202-1526)", "build": "7601.0", "platform": "windows", "version": "6.1"}, "id": "19fc45ac-5890-4f96-81b1-50ed111c0ce4"}, "ecs": {"version": "1.0.0"}, "agent": {"ephemeral_id": "de845cd9-5141-4c92-ad32-27a4518307e9", "hostname": "CLIENT1", "id": "0b755aca-0a9a-454a-9800-1979901962a0", "version": "7.2.0", "type": "winlogbeat"}, "event": {"kind": "event", "code": 4624, "action": "Logon", "created": "2019-08-02T09:55:12.183Z", "type": "authentication_success", "category": "authentication"}, "message": "An account was successfully logged on.\n\nSubject:\n\tSecurity ID:\t\tS-1-5-18\n\tAccount Name:\t\tCLIENT1$\n\tAccount Domain:\t\tWORKGROUP\n\tLogon ID:\t\t0x3e7\n\nLogon Type:\t\t\t5\n\nNew Logon:\n\tSecurity ID:\t\tS-1-5-18\n\tAccount Name:\t\tSYSTEM\n\tAccount Domain:\t\tNT AUTHORITY\n\tLogon ID:\t\t0x3e7\n\tLogon GUID:\t\t{00000000-0000-0000-0000-000000000000}\n\nProcess Information:\n\tProcess ID:\t\t0x1b8\n\tProcess Name:\t\tC:\\Windows\\System32\\services.exe\n\nNetwork Information:\n\tWorkstation Name:\t\n\tSource Network Address:\t-\n\tSource Port:\t\t-\n\nDetailed Authentication Information:\n\tLogon Process:\t\tAdvapi  \n\tAuthentication Package:\tNegotiate\n\tTransited Services:\t-\n\tPackage Name (NTLM only):\t-\n\tKey Length:\t\t0\n\nThis event is generated when a logon session is created. It is generated on the computer that was accessed.\n\nThe subject fields indicate the account on the local system which requested the logon. This is most commonly a service such as the Server service, or a local process such as Winlogon.exe or Services.exe.\n\nThe logon type field indicates the kind of logon that occurred. The most common types are 2 (interactive) and 3 (network).\n\nThe New Logon fields indicate the account for whom the new logon was created, i.e. the account that was logged on.\n\nThe network fields indicate where a remote logon request originated. Workstation name is not always available and may be left blank in some cases.\n\nThe authentication information fields provide detailed information about this specific logon request.\n\t- Logon GUID is a unique identifier that can be used to correlate this event with a KDC event.\n\t- Transited services indicate which intermediate services have participated in this logon request.\n\t- Package name indicates which sub-protocol was used among the NTLM protocols.\n\t- Key length indicates the length of the generated session key. This will be 0 if no session key was requested.", "user": {"id": "S-1-5-18", "name": "<pseudonym:387dddca7f9c9fa71c41295d7790d3bcd791cfe79b2dd4843551dfd0bf47acf2>", "domain": "NT AUTHORITY"}, "process": {"pid": 440, "executable": "C:\\Windows\\System32\\services.exe", "name": "services.exe"}}
{"pseudonym": "e887f3a09fdddf7c81a563b81f90ed9499d86badaa6173d1aa197a2b544d13b1", "origin": "R7szxOJwq4gXL54iZuUJ6qUIH2llN8elrbsoTwMS5CEHUBF+Lw4qxhdsdsYGa+/Pec60Sv1TrHajawOMI/n7NIbI1ghYB3maxs6M34/hhPYyT9I58eyNyfUNTV9meaRBS+YrBd4VvYuee0jyCd7+kP3FAdjUiF51Xnuhz7m4XsAeUhxC5dJLwDHjrax5YoRTTIQ7wgRnAPvRgXWguf5icgFykhsVTBVtnnon7gmgJWrG1jn88EgdGlp6RML6OuY7o2vO5FzPEgxxNVHjZl+QRH+ierflrxF+nWwsfbGTI+SJfDkf4UuVcmODcBGhO9UpTiWKJL8RufNtH0Jw+ubti4r4vw+EVoneFn1yRymQ3Js="}
{"pseudonym": "721ee97a0013594c778a3fb491ef5099c0d8a8409174db1192de74509fb8b99a", "origin": "jLlfpQa9e81g7YIe94gleRvtEdhsabySDW8MH5Fm2oLibSYKnJltOWBr1XNaMVx2QnHrisrsfQWZlopVpROdE4CymlQadiz/wZ8bsIhVEZnzf4ffuoxtdyPjYSjvwq7leQ0p4rO7j59OhJe8RS6foubiZCAnlkTQAU+eYYupmJHcDCawKtulOnb5jd0exYYqJGoIhtby9ZCKHpd6banelIIjz8Hdd6BPD2KU3cPDPOxHOEZsSfTeQAqE6GgOA3eIbyYU9QGinyH7TKO8Oi3fEp6f5wuC6zFbc5JNZpS9qA83lJtYQTzjfeyDhj8LoG4uPnYbqTDoFB0E2BvpeNchJw7NEoVpLoKPS9zXNfWoTS1gL/hFYQ=="}
{"pseudonym": "cd1a3afeeac92cb813605e21e464de7db0ca53fa0190d3a1372a46f60ddd0712", "origin": "amMuf1ZCNHbB/gqglMJRsw2ZWsla0b/oJfxj6BwKEQNrPksrFV+7PoC90y9BQSNd6PSc0xdg+E6NFY+A6t2lGeOri9M6igidDDJJ3euazKJNn1Rn/PSBStm4/r+VoGJfFngAF+FDHvrYFIqlX6kS9JLeJ2yg7gITR0d2XlCGr/4OH3vI3G9g+0pESplGGZEhbuWZZUic3CTsG04SsM3lACZkfidIgoDop/9hP4/ScOZ2NqSFq5X2YgLQUqO2+D0q/JAE9zAl0Xm9narX0ufnYdCfAqb9t7LypaUNq7YzIuhKUkfTWi0/YlAZKLyMJMOE3Mx2aTOXHWsVR/pT8aumubBYmki2HC4oHygc5jx0w/Q="}
{"pseudonym": "91d121bc503735a145e0e9869d792d26f6b22784210a0daf5b63840be2abf69a", "origin": "pzWB8ayWpEOu3SOy+cwDBjsW5xn2DW3zVcm/o8Xyk16u2Fkh2CsdJ07C+68iqeDS7O7drxiZaFdpESb9B+aSpyuGgYK82+roySe+4/EJ1OwuE82LySFhF7vHVEUJbUzACgEBJ+rcGJat5PY5ZCwd2FsNBmVl4mR6ojEyU3QxiV+zlncrhBfyvtGnytQKsGdPwNiPZdZoMq/PqROIEySBxElzJ/ZjswVzX5C02FCUPGBhHSaf9+2u4tSbbTB8PkSA4Zr/ZVcX7qnx0H8n5B5OSBW0bJO6XzR1b+xrF4uWl4k7qbZqxRXVEoqcM16kXzgrd/o4+9Q9bPZCWTKn/+WKv2J/gfUyyn+jZA=="}
{"@timestamp": "2019-08-02T09:54:55.703Z", "@metadata": {"beat": "winlogbeat", "type": "_doc", "version": "7.2.0", "topic": "wineventlog_raw"}, "event": {"code": 4624, "action": "Logon", "created": "2019-08-02T09:55:12.184Z", "category": "authentication", "type": "authentication_success", "kind": "event"}, "user": {"id": "S-1-5-19", "name": "<pseudonym:721ee97a0013594c778a3fb491ef5099c0d8a8409174db1192de74509fb8b99a>", "domain": "NT AUTHORITY"}, "agent": {"hostname": "CLIENT1", "id": "0b755aca-0a9a-454a-9800-1979901962a0", "version": "7.2.0", "type": "winlogbeat", "ephemeral_id": "de845cd9-5141-4c92-ad32-27a4518307e9"}, "host": {"architecture": "x86", "os": {"build": "7601.0", "platform": "windows", "version": "6.1", "family": "windows", "name": "Windows 7 Professional", "kernel": "6.1.7601.18741 (win7sp1_gdr.150202-1526)"}, "id": "19fc45ac-5890-4f96-81b1-50ed111c0ce4", "name": "CLIENT1", "hostname": "CLIENT1"}, "winlog": {"event_data": {"TargetLogonId": "0x3e5", "IpPort": "-", "LogonGuid": "{00000000-0000-0000-0000-000000000000}", "SubjectUserName": "<pseudonym:e887f3a09fdddf7c81a563b81f90ed9499d86badaa6173d1aa197a2b544d13b1>", "LmPackageName": "-", "LogonProcessName": "Advapi  ", "LogonType": "5", "AuthenticationPackageName": "Negotiate", "IpAddress": "<pseudonym:91d121bc503735a145e0e9869d792d26f6b22784210a0daf5b63840be2abf69a>", "KeyLength": "0", "TransmittedServices": "-", "SubjectLogonId": "0x3e7", "SubjectUserSid": "<pseudonym:cd1a3afeeac92cb813605e21e464de7db0ca53fa0190d3a1372a46f60ddd0712>", "SubjectDomainName": "WORKGROUP"}, "task": "Logon", "keywords": ["Audit Success"], "process": {"pid": 448, "thread": {"id": 512}}, "channel": "Security", "provider_name": "Microsoft-Windows-Security-Auditing", "computer_name": "CLIENT1", "provider_guid": "{54849625-5478-4994-A5BA-3E3B0328C30D}", "event_id": 4624, "record_id": 4678, "api": "wineventlog", "opcode": "Info"}, "log": {"level": "information"}, "message": "An account was successfully logged on.\n\nSubject:\n\tSecurity ID:\t\tS-1-5-18\n\tAccount Name:\t\tCLIENT1$\n\tAccount Domain:\t\tWORKGROUP\n\tLogon ID:\t\t0x3e7\n\nLogon Type:\t\t\t5\n\nNew Logon:\n\tSecurity ID:\t\tS-1-5-19\n\tAccount Name:\t\tLOCAL SERVICE\n\tAccount Domain:\t\tNT AUTHORITY\n\tLogon ID:\t\t0x3e5\n\tLogon GUID:\t\t{00000000-0000-0000-0000-000000000000}\n\nProcess Information:\n\tProcess ID:\t\t0x1b8\n\tProcess Name:\t\tC:\\Windows\\System32\\services.exe\n\nNetwork Information:\n\tWorkstation Name:\t\n\tSource Network Address:\t-\n\tSource Port:\t\t-\n\nDetailed Authentication Information:\n\tLogon Process:\t\tAdvapi  \n\tAuthentication Package:\tNegotiate\n\tTransited Services:\t-\n\tPackage Name (NTLM only):\t-\n\tKey Length:\t\t0\n\nThis event is generated when a logon session is created. It is generated on the computer that was accessed.\n\nThe subject fields indicate the account on the local system which requested the logon. This is most commonly a service such as the Server service, or a local process such as Winlogon.exe or Services.exe.\n\nThe logon type field indicates the kind of logon that occurred. The most common types are 2 (interactive) and 3 (network).\n\nThe New Logon fields indicate the account for whom the new logon was created, i.e. the account that was logged on.\n\nThe network fields indicate where a remote logon request originated. Workstation name is not always available and may be left blank in some cases.\n\nThe authentication information fields provide detailed information about this specific logon request.\n\t- Logon GUID is a unique identifier that can be used to correlate this event with a KDC event.\n\t- Transited services indicate which intermediate services have participated in this logon request.\n\t- Package name indicates which sub-protocol was used among the NTLM protocols.\n\t- Key length indicates the length of the generated session key. This will be 0 if no session key was requested.", "process": {"pid": 440, "executable": "C:\\Windows\\System32\\services.exe", "name": "services.exe"}, "ecs": {"version": "1.0.0"}}
{"pseudonym": "e887f3a09fdddf7c81a563b81f90ed9499d86badaa6173d1aa197a2b544d13b1", "origin": "WamH4lEmYL5nJ6T2ksMizYHloSKlr3TcJf9aB3RcvhSQ1gwSE8x9dEAbeqQ5xKtB/SeQtKL/HxsxUWh5zxwJwBjzAG5yulL2G+vVmUvEdWztofa8pYG+kd++DyEms7NIv/gfZgfE7FhLQtry0pnurfV0Z5L6CoAZzC7RfFiPKUJGvOckGWigAsrA9daCnkZAyYEV7NlZhD2xZTwMViFtamstxBDNdZ7xzwru80/VJDSDhdyv5F0sp7amzbTV6E6N2gPycOKBQyUikBtPm8EIdy83ZySwbIP2KKdxprE5vGLhHTKDpq0ARK6Uzk90qQaX/2rmcABpV99MbRGPhVJMrAQPFtxmFMX10EoYSZqnJ9g="}
{"pseudonym": "387dddca7f9c9fa71c41295d7790d3bcd791cfe79b2dd4843551dfd0bf47acf2", "origin": "fe2G8SEDnA5mP/JzTDeemt89iyP4+z95wmd3S0/aGpUSF3vViRALRsU/4bcTubiQEkN6YnaR12uzgYmXOei5zPzzzG/2G5U2R8oVbujc7w1H+bP0UuGNL74+5IiMr6SXwxXexudNbHbsardY9ikiyW5UB5c/awJboUT2OyjMxAEtO6GDvyTi0TQim4C/ZOxAl39cw+Gc+3gV4fhcT0NnFPzZ+V10qvbF4ZYsMX9mQImtyVXOuBUh1m4ZSv3ZYDi1HpiPEzB7yHNtevjn6VfISf9ltd5k9WDrlQeDtcl2gFvSAZ0yXaZhJXP2hM46g86/wJZWTN8FO1pgbrWzUkRu/JsQ5Amm+b37j5bu3hiI"}
{"pseudonym": "cd1a3afeeac92cb813605e21e464de7db0ca53fa0190d3a1372a46f60ddd0712", "origin": "DVJcX/KERBZhrNWJmCMtznvbozqQ1pqllCK910ixdR+ISSBhb0au9vMcjl7Sje7X2aaV3il+hpM7MlXandqGi6BlgbKT9ptUDELPKM0kgQKXnztN/s2YZAkPfTKO7E5MF3Rf2IXW/IkVX2dQgwAl48BQ2JlIjUSvdcNOyfb+vfhuVUmxiRJhMV0r5xOXCCVXBmri40CvjN1ZN+LMwUe9l1gH2uvM1miUWSdkEzCqaYZUArVuiVF39Ir4n5kC+Jg6yq/AKHLFV7I9WV/MAf4QlztzHJoxiPHYeJ20qpRkd/QbDNRV0HUcaw4HYROHBqye+oDq3siQJchcSoGjg0fr7hWAQEj6jDst8ehAIRSYPhs="}
{"pseudonym": "91d121bc503735a145e0e9869d792d26f6b22784210a0daf5b63840be2abf69a", "origin": "ODF1nsP3pSGBQiGuvmxp3615Elr9FS7rKE66JhPTHq8fuOJTASympoCwi0f3txAEaJmXKhNyof4c6diMH318NWnnqiDTBNrBYP+1Q2H27AxkfBfSvcXicNLNOKw72AINxU2hMyGaHBMObTh9UeUFGlJKKz0yE5j5oxRYbe5z9ytq+uRjxqM5yYSyE55nVFeO0K3cD87uEZJSgyzVXzuMVTXobHUU48lwZSTJ+UCns3HGIAhJRdJuKoWevuhrCsPN0M6aN40ZZIGLIOpiLQFpQcTzXdaPWlY8BdwlkTurKhBY1euJ70Va4Qq9ZMjZ2cyU3yAn353lSyk4CyT1lMyyBPwsK4zMNvix2A=="}
{"@timestamp": "2019-08-02T09:55:00.765Z", "@metadata": {"beat": "winlogbeat", "type": "_doc", "version": "7.2.0", "topic": "wineventlog_raw"}, "message": "An account was successfully logged on.\n\nSubject:\n\tSecurity ID:\t\tS-1-5-18\n\tAccount Name:\t\tCLIENT1$\n\tAccount Domain:\t\tWORKGROUP\n\tLogon ID:\t\t0x3e7\n\nLogon Type:\t\t\t5\n\nNew Logon:\n\tSecurity ID:\t\tS-1-5-18\n\tAccount Name:\t\tSYSTEM\n\tAccount Domain:\t\tNT AUTHORITY\n\tLogon ID:\t\t0x3e7\n\tLogon GUID:\t\t{00000000-0000-0000-0000-000000000000}\n\nProcess Information:\n\tProcess ID:\t\t0x1b8\n\tProcess Name:\t\tC:\\Windows\\System32\\services.exe\n\nNetwork Information:\n\tWorkstation Name:\t\n\tSource Network Address:\t-\n\tSource Port:\t\t-\n\nDetailed Authentication Information:\n\tLogon Process:\t\tAdvapi  \n\tAuthentication Package:\tNegotiate\n\tTransited Services:\t-\n\tPackage Name (NTLM only):\t-\n\tKey Length:\t\t0\n\nThis event is generated when a logon session is created. It is generated on the computer that was accessed.\n\nThe subject fields indicate the account on the local system which requested the logon. This is most commonly a service such as the Server service, or a local process such as Winlogon.exe or Services.exe.\n\nThe logon type field indicates the kind of logon that occurred. The most common types are 2 (interactive) and 3 (network).\n\nThe New Logon fields indicate the account for whom the new logon was created, i.e. the account that was logged on.\n\nThe network fields indicate where a remote logon request originated. Workstation name is not always available and may be left blank in some cases.\n\nThe authentication information fields provide detailed information about this specific logon request.\n\t- Logon GUID is a unique identifier that can be used to correlate this event with a KDC event.\n\t- Transited services indicate which intermediate services have participated in this logon request.\n\t- Package name indicates which sub-protocol was used among the NTLM protocols.\n\t- Key length indicates the length of the generated session key. This will be 0 if no session key was requested.", "user": {"domain": "NT AUTHORITY", "id": "S-1-5-18", "name": "<pseudonym:387dddca7f9c9fa71c41295d7790d3bcd791cfe79b2dd4843551dfd0bf47acf2>"}, "host": {"id": "19fc45ac-5890-4f96-81b1-50ed111c0ce4", "hostname": "CLIENT1", "architecture": "x86", "name": "CLIENT1", "os": {"platform": "windows", "version": "6.1", "family": "windows", "name": "Windows 7 Professional", "kernel": "6.1.7601.18741 (win7sp1_gdr.150202-1526)", "build": "7601.0"}}, "winlog": {"provider_name": "Microsoft-Windows-Security-Auditing", "computer_name": "CLIENT1", "event_data": {"IpPort": "-", "SubjectDomainName": "WORKGROUP", "TransmittedServices": "-", "LogonType": "5", "LogonGuid": "{00000000-0000-0000-0000-000000000000}", "LmPackageName": "-", "IpAddress": "<pseudonym:91d121bc503735a145e0e9869d792d26f6b22784210a0daf5b63840be2abf69a>", "SubjectLogonId": "0x3e7", "LogonProcessName": "Advapi  ", "TargetLogonId": "0x3e7", "SubjectUserSid": "<pseudonym:cd1a3afeeac92cb813605e21e464de7db0ca53fa0190d3a1372a46f60ddd0712>", "KeyLength": "0", "AuthenticationPackageName": "Negotiate", "SubjectUserName": "<pseudonym:e887f3a09fdddf7c81a563b81f90ed9499d86badaa6173d1aa197a2b544d13b1>"}, "api": "wineventlog", "opcode": "Info", "provider_guid": "{54849625-5478-4994-A5BA-3E3B0328C30D}", "channel": "Security", "process": {"pid": 448, "thread": {"id": 512}}, "record_id": 4684, "event_id": 4624, "task": "Logon", "keywords": ["Audit Success"]}, "event": {"action": "Logon", "created": "2019-08-02T09:55:12.184Z", "kind": "event", "category": "authentication", "type": "authentication_success", "code": 4624}, "log": {"level": "information"}, "process": {"pid": 440, "executable": "C:\\Windows\\System32\\services.exe", "name": "services.exe"}, "ecs": {"version": "1.0.0"}, "agent": {"hostname": "CLIENT1", "id": "0b755aca-0a9a-454a-9800-1979901962a0", "version": "7.2.0", "type": "winlogbeat", "ephemeral_id": "de845cd9-5141-4c92-ad32-27a4518307e9"}}
{"@timestamp": "2019-08-02T09:55:58.735Z", "@metadata": {"beat": "winlogbeat", "type": "_doc", "version": "7.2.0", "topic": "wineventlog_raw"}, "winlog": {"api": "wineventlog", "computer_name": "CLIENT1", "task": "", "keywords": ["Classic"], "process": {"pid": 440, "thread": {"id": 1856}}, "event_id": 7036, "provider_guid": "{555908d1-a6d7-4695-8e1e-26931d2012f4}", "channel": "System", "provider_name": "Service Control Manager", "record_id": 11763, "event_data": {"param1": "SSDP Discovery", "param2": "running", "Binary": "53005300440050005300520056002F0034000000"}}, "event": {"created": "2019-08-02T09:56:00.406Z", "kind": "event", "code": 7036}, "log": {"level": "information"}, "message": "The SSDP Discovery service entered the running state.", "ecs": {"version": "1.0.0"}, "host": {"os": {"name": "Windows 7 Professional", "kernel": "6.1.7601.18741 (win7sp1_gdr.150202-1526)", "build": "7601.0", "platform": "windows", "version": "6.1", "family": "windows"}, "id": "19fc45ac-5890-4f96-81b1-50ed111c0ce4", "name": "CLIENT1", "hostname": "CLIENT1", "architecture": "x86"}, "agent": {"hostname": "CLIENT1", "id": "0b755aca-0a9a-454a-9800-1979901962a0", "version": "7.2.0", "type": "winlogbeat", "ephemeral_id": "de845cd9-5141-4c92-ad32-27a4518307e9"}}
