{"pseudonym": "e887f3a09fdddf7c81a563b81f90ed9499d86badaa6173d1aa197a2b544d13b1", "origin": "GyrHz8x4u9iPpwg2pFvx/pP6frwoUcFJd3CZ25culW1ccZqRf2pVMRWY6Qo6AnccCAcUlgr4EXh8tEGFdHL+/P0SYbQFI9CkscrbCDJPXOqnWR3DfLbx1DjHzhPMJ8I4UQZr3Lf+2RYFtTnwusbJrvNsqLGjcd1ebkZnJhvCRtOJWdspvHZiYEEKunO6Cwa8snV1ZdasbeSwEvUZPnXYdwivjPEkLw0NiIPZT3tdwcl27/4cOWBBM2P2ULJ3CfZ2KlW+E1gA6oGvlWcFOXK1oAp4t6B+7R2VXxvC5I2b8ZdF5YYuXXdjJ/CneBOMfsmDe0sT2UT5Fy5aY67b4KVb6v6HMHmki2aROuMT/ZAXQTc="}
{"pseudonym": "387dddca7f9c9fa71c41295d7790d3bcd791cfe79b2dd4843551dfd0bf47acf2", "origin": "Cqc09ozffz7+Y0kvHmhFbKWPnVSYKcKmJFgHrfN0UtV+nBZCuUPBR8ZT35S05h//ueNFSLvzLvKiBgHYYwB/FpT7ubOSoYGHCr67R8ur4DxtBVdJD53NETKfMMRRaXjfXhkTuyYpp61fIwlBddDZvRLoBJxVKv9wDGEsJ4bxCPUK7YBHGfqXg8FMbYIjNhzbEra6iuK/TRlbkw8HuQINjdcGXyNrN9EJc64TXwuI/ttXIg/tELxD6Xi3fqoyRBD50b0J/blTruayTQnOlDqBj3GBMKHCHco55kktk8Dp/ACdDzsuenEYiD9N2sMcQ9TulxdUELxda2qEYJLsKzBVAnBFJQfr86HnN8ocfbOL"}
{"pseudonym": "cd1a3afeeac92cb813605e21e464de7db0ca53fa0190d3a1372a46f60ddd0712", "origin": "i3uMOjUhPYy3qwUPS6sP/hsgRiaP+033R9XZpeDzcpbxRxzVp17xNDPuSObpxxkjaPNgHEiYMMTBOO7Ls6A1WBPe1tS0WdWvDiasSZtRROaYxOEr9XjA27FcY/n916qzhzh9Wo/aqfBAa0AWTLXQt4B6vrlP3dx0ixni9ffKWytXjbkOghIh2B/pqKUfScaOnKmFZ8qvvNhT6LLwv1kmxSiOzA65NdpBQlurjCA1DPM/kuc1sXL82t7kVDHKfMoI/X+1JU6zhohbIcjHdjj/abpCFXosz3nl8lv8qGy9wSzhjb1639AONCRqOrEb8ffelM1Rc3nOLufswaVaJ2E7eFZa5oWyxkEPZX4sBGugOkE="}
{"pseudonym": "91d121bc503735a145e0e9869d792d26f6b22784210a0daf5b63840be2abf69a", "origin": "buFqbbPx7VKQKtp05lmaSkQLcdD10vceauHujeb1IjE/Q51f4BkbxfB7ffZ1GvzXA94WPwLoazavf92798vsyKAMy9g1KSL8AUBRj1OZFUJ38hBZndPg9bISRqhLuIFXdGgnFnhYWXpBvAJ7kl8GTatjFzwVWtp1yWHsA4VNt+np3gN//B+uM8fO68NjdXX3aukSdf1aKUi9fzXxY1FzM8usQkv0Yxw/sOz1UakfVy4HHEL0QfGZFs1vACGWnw25hXM8WqugHBpwNQLtngN4dqyIvt9FRjoOiL/hQWIGV+uCvstsJOzo6A4r2Gr9kaktiRQbvD8qYaL4ptA5Bo3OmsdBI27qh+qwnA=="}
{"@timestamp": "2019-08-05T08:53:24.828Z", "@metadata": {"beat": "winlogbeat", "type": "_doc", "version": "7.2.0", "topic": "wineventlog_raw"}, "event": {"type": "authentication_success", "category": "authentication", "kind": "event", "code": 4624, "action": "Logon", "created": "2019-08-05T08:54:03.704Z"}, "log": {"level": "information"}, "user": {"id": "S-1-5-18", "name": "<pseudonym:387dddca7f9c9fa71c41295d7790d3bcd791cfe79b2dd4843551dfd0bf47acf2>", "domain": "NT AUTHORITY"}, "process": {"pid": 436, "executable": "C:\\Windows\\System32\\services.exe", "name": "services.exe"}, "agent": {"type": "winlogbeat", "ephemeral_id": "33f6eec2-a7ba-4caa-97b3-ea43b4f5e172", "hostname": "CLIENT1", "id": "0b755aca-0a9a-454a-9800-1979901962a0", "version": "7.2.0"}, "winlog": {"event_data": {"LogonProcessName": "Advapi  ", "AuthenticationPackageName": "Negotiate", "IpPort": "-", "TransmittedServices": "-", "TargetLogonId": "0x3e7", "SubjectLogonId": "0x3e7", "LmPackageName": "-", "LogonGuid": "{00000000-0000-0000-0000-000000000000}", "IpAddress": "<pseudonym:91d121bc503735a145e0e9869d792d26f6b22784210a0daf5b63840be2abf69a>", "SubjectUserSid": "<pseudonym:cd1a3afeeac92cb813605e21e464de7db0ca53fa0190d3a1372a46f60ddd0712>", "SubjectUserName": "<pseudonym:e887f3a09fdddf7c81a563b81f90ed9499d86badaa6173d1aa197a2b544d13b1>", "KeyLength": "0", "LogonType": "5", "SubjectDomainName": "WORKGROUP"}, "record_id": 4674, "opcode": "Info", "provider_name": "Microsoft-Windows-Security-Auditing", "keywords": ["Audit Success"], "task": "Logon", "api": "wineventlog", "provider_guid": "{54849625-5478-4994-A5BA-3E3B0328C30D}", "channel": "Security", "event_id": 4624, "process": {"pid": 444, "thread": {"id": 528}}, "computer_name": "CLIENT1"}, "message": "An account was successfully logged on.\n\nSubject:\n\tSecurity ID:\t\tS-1-5-18\n\tAccount Name:\t\tCLIENT1$\n\tAccount Domain:\t\tWORKGROUP\n\tLogon ID:\t\t0x3e7\n\nLogon Type:\t\t\t5\n\nNew Logon:\n\tSecurity ID:\t\tS-1-5-18\n\tAccount Name:\t\tSYSTEM\n\tAccount Domain:\t\tNT AUTHORITY\n\tLogon ID:\t\t0x3e7\n\tLogon GUID:\t\t{00000000-0000-0000-0000-000000000000}\n\nProcess Information:\n\tProcess ID:\t\t0x1b4\n\tProcess Name:\t\tC:\\Windows\\System32\\services.exe\n\nNetwork Information:\n\tWorkstation Name:\t\n\tSource Network Address:\t-\n\tSource Port:\t\t-\n\nDetailed Authentication Information:\n\tLogon Process:\t\tAdvapi  \n\tAuthentication Package:\tNegotiate\n\tTransited Services:\t-\n\tPackage Name (NTLM only):\t-\n\tKey Length:\t\t0\n\nThis event is generated when a logon session is created. It is generated on the computer that was accessed.\n\nThe subject fields indicate the account on the local system which requested the logon. This is most commonly a service such as the Server service, or a local process such as Winlogon.exe or Services.exe.\n\nThe logon type field indicates the kind of logon that occurred. The most common types are 2 (interactive) and 3 (network).\n\nThe New Logon fields indicate the account for whom the new logon was created, i.e. the account that was logged on.\n\nThe network fields indicate where a remote logon request originated. Workstation name is not always available and may be left blank in some cases.\n\nThe authentication information fields provide detailed information about this specific logon request.\n\t- Logon GUID is a unique identifier that can be used to correlate this event with a KDC event.\n\t- Transited services indicate which intermediate services have participated in this logon request.\n\t- Package name indicates which sub-protocol was used among the NTLM protocols.\n\t- Key length indicates the length of the generated session key. This will be 0 if no session key was requested.", "ecs": {"version": "1.0.0"}, "host": {"hostname": "CLIENT1", "architecture": "x86", "os": {"platform": "windows", "version": "6.1", "family": "windows", "name": "Windows 7 Professional", "kernel": "6.1.7601.18741 (win7sp1_gdr.150202-1526)", "build": "7601.0"}, "id": "19fc45ac-5890-4f96-81b1-50ed111c0ce4", "name": "CLIENT1"}}
{"pseudonym": "e887f3a09fdddf7c81a563b81f90ed9499d86badaa6173d1aa197a2b544d13b1", "origin": "hz0sDDHJl+BJBV6rzLLWpYIpGq/9UQ2sP3LHaolQ4JnpaxET0TsH6PfK18JRUqPrg4pVO2/Bq3HreEi/dAxzC+S72RbPfc386ALhKhLnpIs42du4+Yf88Y8UtiZJ6iMPlYZliaOFV6tkx/D1JP7luZ9kvbfkNtwXSxzKYt++ywqHH5vBQBCezthmkkL+gqlWKx7VcpPEwA/MwRlJ+DWDBW4dpsZErPN6hEkE1OAhPkeqj6DBZpxH4u6f5gDJOQkxPUJqOUqNjSriRkVNueZkmkm2jYazZmmKYyyUTwaYqSf/1gPd256+tM40MOFLz2AoHy/D4GszmhlrziSRIbeE/sSz9QFAogf4wFq0oshflbc="}
{"pseudonym": "387dddca7f9c9fa71c41295d7790d3bcd791cfe79b2dd4843551dfd0bf47acf2", "origin": "vyIVZDdyGdGa2RUAcTzXXROaf48Nu2tpsODtIjtvDbdDBz6A4OF5iX4573FxPZDXTWO49Wm3WBfMc7tRj2HU1TTGYJoqCTKqcmk/pxzT4Yqz6VvYuWYG3LJs20nyhwbjtK0kv2hrHHt+eAYYA57Y19H39mg712mZoHt3qOH46LYLkSrY0TmsGUV/xW8GbYzwQY9PqYN2xWNX96yyIa+6tnHjVFM7euI0A86oZNT9yCTBC+CzLu1UycPtmvY8CUENxxim2/EGZHm4JlGUdHTvAUqtejkXcJNh2OJjJTwvYfZ7U/0NoV3StKAokrb43wXoBUrQvw9rNKAQe1+qSRPgQQYZMv9QrJTOP00CPkaI"}
{"pseudonym": "cd1a3afeeac92cb813605e21e464de7db0ca53fa0190d3a1372a46f60ddd0712", "origin": "d+t70r2VQBkjo/t3tFL4Xp+LCQbT8eqZ9Gl7tbVynVFP976kCypyqJWygeL9hyh+KvWFBsXwjl6jtQF4pTP3/59ZzD1w8KK8G47vrA1Rk6ojtmy/t01kYrAp/qDr/lOyA7hRwEhIaRi7P6tNWoRwfkEo6sC+PLr5hV3vCym4GZQh8pX2fAPuKQBELVOWSNMJG/MsL8sssVUB8S0gWOGQXZgBcW/8NXY6UjpjCM1/3plBXfjOdiOwyKXxOvF8CrNEg7FDE1XYE/8CRwwkz/7WtdjfKdwS/WxTSu41/GZIRAbc8SU2f+8JuYWIwYAwXgdZSA8qP0lDZuyLO63FNMwbmNSIovoxIprLSChcaldu2xo="}
{"pseudonym": "91d121bc503735a145e0e9869d792d26f6b22784210a0daf5b63840be2abf69a", "origin": "TqszOPQJfwjIn64VdoZ8IHc9pMmQXqKj59rWVnFvDTesQRZAz07U4fmEu1pROUAme0D51AxkuAOAHJtnPDjeubZKjtDgzGcBt7T/BlWI0NgigcCkK+RW/7peAGjumlvYhidjRKsl6tjasTfUYenXfSpnhPkeIwOJk0F7hJ+dwEZbP7/sS/wGD5rUcqNhoowCg7Y4c7VxC9X3C82KXKHGr2Iun/twmC4Z/vhhHa/gJSiBOZ5UWLuWKtMGyfxf9H7FqmLKAXdCYjuQU6BhwZBmA6pcuLjnAytXE7UfC66PGngs4Qk4g3ahKDdCJbxAc83LcKEZswWlhG9xaSuqjOMO8/Gtx81zIWdluw=="}
{"@timestamp": "2019-08-05T08:53:28.687Z", "@metadata": {"beat": "winlogbeat", "type": "_doc", "version": "7.2.0", "topic": "wineventlog_raw"}, "user": {"id": "S-1-5-18", "name": "<pseudonym:387dddca7f9c9fa71c41295d7790d3bcd791cfe79b2dd4843551dfd0bf47acf2>", "domain": "NT AUTHORITY"}, "process": {"executable": "C:\\Windows\\System32\\services.exe", "name": "services.exe", "pid": 436}, "agent": {"version": "7.2.0", "type": "winlogbeat", "ephemeral_id": "33f6eec2-a7ba-4caa-97b3-ea43b4f5e172", "hostname": "CLIENT1", "id": "0b755aca-0a9a-454a-9800-1979901962a0"}, "winlog": {"task": "Logon", "api": "wineventlog", "keywords": ["Audit Success"], "event_data": {"KeyLength": "0", "LogonProcessName": "Advapi  ", "AuthenticationPackageName": "Negotiate", "SubjectUserName": "<pseudonym:e887f3a09fdddf7c81a563b81f90ed9499d86badaa6173d1aa197a2b544d13b1>", "IpAddress": "<pseudonym:91d121bc503735a145e0e9869d792d26f6b22784210a0daf5b63840be2abf69a>", "SubjectUserSid": "<pseudonym:cd1a3afeeac92cb813605e21e464de7db0ca53fa0190d3a1372a46f60ddd0712>", "SubjectLogonId": "0x3e7", "LogonGuid": "{00000000-0000-0000-0000-000000000000}", "SubjectDomainName": "WORKGROUP", "TransmittedServices": "-", "TargetLogonId": "0x3e7", "LogonType": "5", "LmPackageName": "-", "IpPort": "-"}, "channel": "Security", "process": {"pid": 444, "thread": {"id": 528}}, "event_id": 4624, "record_id": 4680, "computer_name": "CLIENT1", "opcode": "Info", "provider_guid": "{54849625-5478-4994-A5BA-3E3B0328C30D}", "provider_name": "Microsoft-Windows-Security-Auditing"}, "event": {"action": "Logon", "created": "2019-08-05T08:54:03.704Z", "kind": "event", "code": 4624, "category": "authentication", "type": "authentication_success"}, "log": {"level": "information"}, "message": "An account was successfully logged on.\n\nSubject:\n\tSecurity ID:\t\tS-1-5-18\n\tAccount Name:\t\tCLIENT1$\n\tAccount Domain:\t\tWORKGROUP\n\tLogon ID:\t\t0x3e7\n\nLogon Type:\t\t\t5\n\nNew Logon:\n\tSecurity ID:\t\tS-1-5-18\n\tAccount Name:\t\tSYSTEM\n\tAccount Domain:\t\tNT AUTHORITY\n\tLogon ID:\t\t0x3e7\n\tLogon GUID:\t\t{00000000-0000-0000-0000-000000000000}\n\nProcess Information:\n\tProcess ID:\t\t0x1b4\n\tProcess Name:\t\tC:\\Windows\\System32\\services.exe\n\nNetwork Information:\n\tWorkstation Name:\t\n\tSource Network Address:\t-\n\tSource Port:\t\t-\n\nDetailed Authentication Information:\n\tLogon Process:\t\tAdvapi  \n\tAuthentication Package:\tNegotiate\n\tTransited Services:\t-\n\tPackage Name (NTLM only):\t-\n\tKey Length:\t\t0\n\nThis event is generated when a logon session is created. It is generated on the computer that was accessed.\n\nThe subject fields indicate the account on the local system which requested the logon. This is most commonly a service such as the Server service, or a local process such as Winlogon.exe or Services.exe.\n\nThe logon type field indicates the kind of logon that occurred. The most common types are 2 (interactive) and 3 (network).\n\nThe New Logon fields indicate the account for whom the new logon was created, i.e. the account that was logged on.\n\nThe network fields indicate where a remote logon request originated. Workstation name is not always available and may be left blank in some cases.\n\nThe authentication information fields provide detailed information about this specific logon request.\n\t- Logon GUID is a unique identifier that can be used to correlate this event with a KDC event.\n\t- Transited services indicate which intermediate services have participated in this logon request.\n\t- Package name indicates which sub-protocol was used among the NTLM protocols.\n\t- Key length indicates the length of the generated session key. This will be 0 if no session key was requested.", "ecs": {"version": "1.0.0"}, "host": {"name": "CLIENT1", "hostname": "CLIENT1", "architecture": "x86", "os": {"family": "windows", "name": "Windows 7 Professional", "kernel": "6.1.7601.18741 (win7sp1_gdr.150202-1526)", "build": "7601.0", "platform": "windows", "version": "6.1"}, "id": "19fc45ac-5890-4f96-81b1-50ed111c0ce4"}}
{"@timestamp": "2019-07-30T14:38:15.031Z", "@metadata": {"beat": "winlogbeat", "type": "_doc", "version": "7.2.0", "topic": "wineventlog_raw"}, "agent": {"hostname": "CLIENT1", "id": "0b755aca-0a9a-454a-9800-1979901962a0", "version": "7.2.0", "type": "winlogbeat", "ephemeral_id": "33f6eec2-a7ba-4caa-97b3-ea43b4f5e172"}, "winlog": {"record_id": 11574, "process": {"pid": 436, "thread": {"id": 2808}}, "task": "", "computer_name": "CLIENT1", "provider_name": "Service Control Manager", "keywords": ["Classic"], "provider_guid": "{555908d1-a6d7-4695-8e1e-26931d2012f4}", "event_data": {"param1": "UPnP Device Host", "param2": "stopped", "Binary": "750070006E00700068006F00730074002F0031000000"}, "event_id": 7036, "api": "wineventlog", "channel": "System"}, "event": {"code": 7036, "created": "2019-08-05T08:54:04.777Z", "kind": "event"}, "log": {"level": "information"}, "message": "The UPnP Device Host service entered the stopped state.", "ecs": {"version": "1.0.0"}, "host": {"os": {"platform": "windows", "version": "6.1", "family": "windows", "name": "Windows 7 Professional", "kernel": "6.1.7601.18741 (win7sp1_gdr.150202-1526)", "build": "7601.0"}, "id": "19fc45ac-5890-4f96-81b1-50ed111c0ce4", "name": "CLIENT1", "hostname": "CLIENT1", "architecture": "x86"}}
{"@timestamp": "2019-07-30T14:38:16.039Z", "@metadata": {"beat": "winlogbeat", "type": "_doc", "version": "7.2.0", "topic": "wineventlog_raw"}, "ecs": {"version": "1.0.0"}, "event": {"kind": "event", "code": 7036, "created": "2019-08-05T08:54:04.777Z"}, "log": {"level": "information"}, "message": "The IKE and AuthIP IPsec Keying Modules service entered the stopped state.", "winlog": {"provider_guid": "{555908d1-a6d7-4695-8e1e-26931d2012f4}", "event_id": 7036, "provider_name": "Service Control Manager", "task": "", "api": "wineventlog", "process": {"thread": {"id": 2808}, "pid": 436}, "channel": "System", "event_data": {"param1": "IKE and AuthIP IPsec Keying Modules", "param2": "stopped", "Binary": "49004B0045004500580054002F0031000000"}, "record_id": 11578, "computer_name": "CLIENT1", "keywords": ["Classic"]}, "host": {"hostname": "CLIENT1", "architecture": "x86", "os": {"kernel": "6.1.7601.18741 (win7sp1_gdr.150202-1526)", "build": "7601.0", "platform": "windows", "version": "6.1", "family": "windows", "name": "Windows 7 Professional"}, "id": "19fc45ac-5890-4f96-81b1-50ed111c0ce4", "name": "CLIENT1"}, "agent": {"ephemeral_id": "33f6eec2-a7ba-4caa-97b3-ea43b4f5e172", "hostname": "CLIENT1", "id": "0b755aca-0a9a-454a-9800-1979901962a0", "version": "7.2.0", "type": "winlogbeat"}}
{"@timestamp": "2019-08-02T09:46:26.671Z", "@metadata": {"beat": "winlogbeat", "type": "_doc", "version": "7.2.0", "topic": "wineventlog_raw"}, "ecs": {"version": "1.0.0"}, "winlog": {"keywords": ["Classic"], "provider_guid": "{555908d1-a6d7-4695-8e1e-26931d2012f4}", "computer_name": "CLIENT1", "process": {"pid": 440, "thread": {"id": 528}}, "channel": "System", "task": "", "event_data": {"Binary": "5300680065006C006C004800570044006500740065006300740069006F006E002F0034000000", "param1": "Shell Hardware Detection", "param2": "running"}, "record_id": 11614, "api": "wineventlog", "event_id": 7036, "provider_name": "Service Control Manager"}, "event": {"kind": "event", "code": 7036, "created": "2019-08-05T08:54:04.777Z"}, "log": {"level": "information"}, "message": "The Shell Hardware Detection service entered the running state.", "host": {"hostname": "CLIENT1", "architecture": "x86", "os": {"kernel": "6.1.7601.18741 (win7sp1_gdr.150202-1526)", "build": "7601.0", "platform": "windows", "version": "6.1", "family": "windows", "name": "Windows 7 Professional"}, "name": "CLIENT1", "id": "19fc45ac-5890-4f96-81b1-50ed111c0ce4"}, "agent": {"id": "0b755aca-0a9a-454a-9800-1979901962a0", "version": "7.2.0", "type": "winlogbeat", "ephemeral_id": "33f6eec2-a7ba-4caa-97b3-ea43b4f5e172", "hostname": "CLIENT1"}}
{"@timestamp": "2019-08-02T09:46:41.906Z", "@metadata": {"beat": "winlogbeat", "type": "_doc", "version": "7.2.0", "topic": "wineventlog_raw"}, "message": "The Wazuh service entered the running state.", "winlog": {"provider_guid": "{555908d1-a6d7-4695-8e1e-26931d2012f4}", "channel": "System", "api": "wineventlog", "computer_name": "CLIENT1", "process": {"pid": 440, "thread": {"id": 524}}, "task": "", "event_id": 7036, "provider_name": "Service Control Manager", "record_id": 11627, "keywords": ["Classic"], "event_data": {"param2": "running", "Binary": "4F0073007300650063005300760063002F0034000000", "param1": "Wazuh"}}, "event": {"code": 7036, "created": "2019-08-05T08:54:04.777Z", "kind": "event"}, "log": {"level": "information"}, "ecs": {"version": "1.0.0"}, "host": {"os": {"kernel": "6.1.7601.18741 (win7sp1_gdr.150202-1526)", "build": "7601.0", "platform": "windows", "version": "6.1", "family": "windows", "name": "Windows 7 Professional"}, "id": "19fc45ac-5890-4f96-81b1-50ed111c0ce4", "name": "CLIENT1", "hostname": "CLIENT1", "architecture": "x86"}, "agent": {"ephemeral_id": "33f6eec2-a7ba-4caa-97b3-ea43b4f5e172", "hostname": "CLIENT1", "id": "0b755aca-0a9a-454a-9800-1979901962a0", "version": "7.2.0", "type": "winlogbeat"}}
{"@timestamp": "2019-08-02T09:50:32.969Z", "@metadata": {"beat": "winlogbeat", "type": "_doc", "version": "7.2.0", "topic": "wineventlog_raw"}, "event": {"kind": "event", "code": 7036, "created": "2019-08-05T08:54:04.921Z"}, "agent": {"type": "winlogbeat", "ephemeral_id": "33f6eec2-a7ba-4caa-97b3-ea43b4f5e172", "hostname": "CLIENT1", "id": "0b755aca-0a9a-454a-9800-1979901962a0", "version": "7.2.0"}, "ecs": {"version": "1.0.0"}, "host": {"architecture": "x86", "os": {"version": "6.1", "family": "windows", "name": "Windows 7 Professional", "kernel": "6.1.7601.18741 (win7sp1_gdr.150202-1526)", "build": "7601.0", "platform": "windows"}, "name": "CLIENT1", "id": "19fc45ac-5890-4f96-81b1-50ed111c0ce4", "hostname": "CLIENT1"}, "log": {"level": "information"}, "message": "The Windows Error Reporting Service service entered the running state.", "winlog": {"provider_name": "Service Control Manager", "task": "", "computer_name": "CLIENT1", "provider_guid": "{555908d1-a6d7-4695-8e1e-26931d2012f4}", "process": {"pid": 440, "thread": {"id": 4048}}, "event_data": {"param1": "Windows Error Reporting Service", "param2": "running", "Binary": "5700650072005300760063002F0034000000"}, "api": "wineventlog", "keywords": ["Classic"], "channel": "System", "event_id": 7036, "record_id": 11656}}
{"@timestamp": "2019-08-02T09:47:42.000Z", "@metadata": {"beat": "winlogbeat", "type": "_doc", "version": "7.2.0", "topic": "wineventlog_raw"}, "log": {"level": "information"}, "message": "Windows (2032) Windows: The database engine has successfully completed recovery steps.", "agent": {"ephemeral_id": "33f6eec2-a7ba-4caa-97b3-ea43b4f5e172", "hostname": "CLIENT1", "id": "0b755aca-0a9a-454a-9800-1979901962a0", "version": "7.2.0", "type": "winlogbeat"}, "ecs": {"version": "1.0.0"}, "host": {"name": "CLIENT1", "os": {"kernel": "6.1.7601.18741 (win7sp1_gdr.150202-1526)", "build": "7601.0", "platform": "windows", "version": "6.1", "family": "windows", "name": "Windows 7 Professional"}, "id": "19fc45ac-5890-4f96-81b1-50ed111c0ce4", "hostname": "CLIENT1", "architecture": "x86"}, "winlog": {"event_id": 302, "provider_name": "ESENT", "computer_name": "CLIENT1", "keywords": ["Classic"], "record_id": 2913, "event_data": {"param1": "Windows", "param2": "2032", "param3": "Windows: "}, "api": "wineventlog", "opcode": "Info", "task": "Logging/Recovery", "channel": "Application"}, "event": {"kind": "event", "code": 302, "action": "Logging/Recovery", "created": "2019-08-05T08:54:06.439Z"}}
{"@timestamp": "2019-08-05T08:54:06.986Z", "@metadata": {"beat": "winlogbeat", "type": "_doc", "version": "7.2.0", "topic": "wineventlog_raw"}, "winlog": {"api": "wineventlog", "channel": "System", "event_id": 7036, "computer_name": "CLIENT1", "keywords": ["Classic"], "provider_name": "Service Control Manager", "provider_guid": "{555908d1-a6d7-4695-8e1e-26931d2012f4}", "process": {"pid": 436, "thread": {"id": 1804}}, "event_data": {"param1": "Computer Browser", "param2": "running", "Binary": "420072006F0077007300650072002F0034000000"}, "record_id": 11750, "task": ""}, "event": {"code": 7036, "created": "2019-08-05T08:54:08.093Z", "kind": "event"}, "log": {"level": "information"}, "ecs": {"version": "1.0.0"}, "host": {"architecture": "x86", "os": {"platform": "windows", "version": "6.1", "family": "windows", "name": "Windows 7 Professional", "kernel": "6.1.7601.18741 (win7sp1_gdr.150202-1526)", "build": "7601.0"}, "id": "19fc45ac-5890-4f96-81b1-50ed111c0ce4", "name": "CLIENT1", "hostname": "CLIENT1"}, "agent": {"id": "0b755aca-0a9a-454a-9800-1979901962a0", "version": "7.2.0", "type": "winlogbeat", "ephemeral_id": "33f6eec2-a7ba-4caa-97b3-ea43b4f5e172", "hostname": "CLIENT1"}, "message": "The Computer Browser service entered the running state."}
{"@timestamp": "2019-08-05T08:55:39.000Z", "@metadata": {"beat": "winlogbeat", "type": "_doc", "version": "7.2.0", "topic": "wineventlog_raw"}, "host": {"hostname": "CLIENT1", "name": "CLIENT1", "architecture": "x86", "os": {"platform": "windows", "version": "6.1", "family": "windows", "name": "Windows 7 Professional", "kernel": "6.1.7601.18741 (win7sp1_gdr.150202-1526)", "build": "7601.0"}, "id": "19fc45ac-5890-4f96-81b1-50ed111c0ce4"}, "log": {"level": "information"}, "message": "Initialization status for service objects.\nC:\\Windows\\system32\\sppwinob.dll, msft:spp/windowsfunctionality/agent/7.0, 0x00000000, 0x00000000\nC:\\Windows\\system32\\sppobjs.dll, msft:rm/algorithm/phone/1.0, 0x00000000, 0x00000000\nC:\\Windows\\system32\\sppobjs.dll, msft:rm/algorithm/pkey/2005, 0x00000000, 0x00000000\nC:\\Windows\\system32\\sppobjs.dll, msft:spp/TaskScheduler/1.0, 0x00000000, 0x00000000\nC:\\Windows\\system32\\sppobjs.dll, msft:spp/volume/services/kms/1.0, 0x00000000, 0x00000000\nC:\\Windows\\system32\\sppobjs.dll, msft:spp/volume/services/kms/licenserenewal/1.0, 0x00000000, 0x00000000", "winlog": {"provider_guid": "{E23B33B0-C8C9-472C-A5F9-F2BDFEA0F156}", "event_data": {"param1": "C:\\Windows\\system32\\sppwinob.dll, msft:spp/windowsfunctionality/agent/7.0, 0x00000000, 0x00000000\nC:\\Windows\\system32\\sppobjs.dll, msft:rm/algorithm/phone/1.0, 0x00000000, 0x00000000\nC:\\Windows\\system32\\sppobjs.dll, msft:rm/algorithm/pkey/2005, 0x00000000, 0x00000000\nC:\\Windows\\system32\\sppobjs.dll, msft:spp/TaskScheduler/1.0, 0x00000000, 0x00000000\nC:\\Windows\\system32\\sppobjs.dll, msft:spp/volume/services/kms/1.0, 0x00000000, 0x00000000\nC:\\Windows\\system32\\sppobjs.dll, msft:spp/volume/services/kms/licenserenewal/1.0, 0x00000000, 0x00000000"}, "event_id": 1066, "api": "wineventlog", "channel": "Application", "task": "", "computer_name": "CLIENT1", "keywords": ["Classic"], "provider_name": "Microsoft-Windows-Security-SPP", "record_id": 2934}, "event": {"kind": "event", "code": 1066, "created": "2019-08-05T08:55:40.743Z"}, "agent": {"ephemeral_id": "33f6eec2-a7ba-4caa-97b3-ea43b4f5e172", "hostname": "CLIENT1", "id": "0b755aca-0a9a-454a-9800-1979901962a0", "version": "7.2.0", "type": "winlogbeat"}, "ecs": {"version": "1.0.0"}}
{"@timestamp": "2019-08-05T08:55:54.000Z", "@metadata": {"beat": "winlogbeat", "type": "_doc", "version": "7.2.0", "topic": "wineventlog_raw"}, "winlog": {"task": "General", "keywords": ["Classic"], "opcode": "Info", "record_id": 2940, "computer_name": "CLIENT1", "provider_name": "ESENT", "event_data": {"param3": "Windows: ", "param4": "0", "param5": "6", "param6": "01", "param7": "7601", "param8": "0000", "param1": "Windows", "param2": "1524"}, "channel": "Application", "event_id": 102, "api": "wineventlog"}, "ecs": {"version": "1.0.0"}, "host": {"id": "19fc45ac-5890-4f96-81b1-50ed111c0ce4", "name": "CLIENT1", "hostname": "CLIENT1", "architecture": "x86", "os": {"family": "windows", "name": "Windows 7 Professional", "kernel": "6.1.7601.18741 (win7sp1_gdr.150202-1526)", "build": "7601.0", "platform": "windows", "version": "6.1"}}, "agent": {"type": "winlogbeat", "ephemeral_id": "33f6eec2-a7ba-4caa-97b3-ea43b4f5e172", "hostname": "CLIENT1", "id": "0b755aca-0a9a-454a-9800-1979901962a0", "version": "7.2.0"}, "event": {"created": "2019-08-05T08:55:54.800Z", "kind": "event", "code": 102, "action": "General"}, "log": {"level": "information"}, "message": "Windows (1524) Windows: The database engine (6.01.7601.0000) started a new instance (0)."}
{"@timestamp": "2019-08-05T08:55:56.652Z", "@metadata": {"beat": "winlogbeat", "type": "_doc", "version": "7.2.0", "topic": "wineventlog_raw"}, "winlog": {"task": "", "provider_guid": "{555908d1-a6d7-4695-8e1e-26931d2012f4}", "event_data": {"param1": "Windows Search", "param2": "running", "Binary": "57005300650061007200630068002F0034000000"}, "channel": "System", "event_id": 7036, "keywords": ["Classic"], "provider_name": "Service Control Manager", "record_id": 11761, "process": {"pid": 436, "thread": {"id": 1760}}, "api": "wineventlog", "computer_name": "CLIENT1"}, "event": {"kind": "event", "code": 7036, "created": "2019-08-05T08:55:58.489Z"}, "ecs": {"version": "1.0.0"}, "host": {"name": "CLIENT1", "architecture": "x86", "os": {"version": "6.1", "family": "windows", "name": "Windows 7 Professional", "kernel": "6.1.7601.18741 (win7sp1_gdr.150202-1526)", "build": "7601.0", "platform": "windows"}, "id": "19fc45ac-5890-4f96-81b1-50ed111c0ce4", "hostname": "CLIENT1"}, "agent": {"id": "0b755aca-0a9a-454a-9800-1979901962a0", "version": "7.2.0", "type": "winlogbeat", "ephemeral_id": "33f6eec2-a7ba-4caa-97b3-ea43b4f5e172", "hostname": "CLIENT1"}, "log": {"level": "information"}, "message": "The Windows Search service entered the running state."}
{"@timestamp": "2019-08-02T09:48:55.855Z", "@metadata": {"beat": "winlogbeat", "type": "_doc", "version": "7.2.0", "topic": "wineventlog_raw"}, "ecs": {"version": "1.0.0"}, "host": {"name": "CLIENT1", "hostname": "CLIENT1", "architecture": "x86", "os": {"platform": "windows", "version": "6.1", "family": "windows", "name": "Windows 7 Professional", "kernel": "6.1.7601.18741 (win7sp1_gdr.150202-1526)", "build": "7601.0"}, "id": "19fc45ac-5890-4f96-81b1-50ed111c0ce4"}, "agent": {"hostname": "CLIENT1", "id": "0b755aca-0a9a-454a-9800-1979901962a0", "version": "7.2.0", "type": "winlogbeat", "ephemeral_id": "de845cd9-5141-4c92-ad32-27a4518307e9"}, "message": "The Windows Time service entered the running state.", "winlog": {"keywords": ["Classic"], "provider_guid": "{555908d1-a6d7-4695-8e1e-26931d2012f4}", "api": "wineventlog", "computer_name": "CLIENT1", "event_data": {"param1": "Windows Time", "param2": "running", "Binary": "570033003200540069006D0065002F0034000000"}, "task": "", "provider_name": "Service Control Manager", "process": {"pid": 440, "thread": {"id": 3492}}, "channel": "System", "event_id": 7036, "record_id": 11651}, "event": {"created": "2019-08-02T09:55:12.089Z", "kind": "event", "code": 7036}, "log": {"level": "information"}}
{"@timestamp": "2019-08-02T09:54:22.980Z", "@metadata": {"beat": "winlogbeat", "type": "_doc", "version": "7.2.0", "topic": "wineventlog_raw"}, "winlog": {"provider_name": "Service Control Manager", "api": "wineventlog", "computer_name": "CLIENT1", "event_id": 7036, "task": "", "process": {"pid": 440, "thread": {"id": 2680}}, "event_data": {"param1": "Cryptographic Services", "param2": "stopped", "Binary": "430072007900700074005300760063002F0031000000"}, "record_id": 11686, "channel": "System", "keywords": ["Classic"], "provider_guid": "{555908d1-a6d7-4695-8e1e-26931d2012f4}"}, "event": {"created": "2019-08-02T09:55:12.090Z", "kind": "event", "code": 7036}, "log": {"level": "information"}, "message": "The Cryptographic Services service entered the stopped state.", "host": {"name": "CLIENT1", "os": {"name": "Windows 7 Professional", "kernel": "6.1.7601.18741 (win7sp1_gdr.150202-1526)", "build": "7601.0", "platform": "windows", "version": "6.1", "family": "windows"}, "id": "19fc45ac-5890-4f96-81b1-50ed111c0ce4", "hostname": "CLIENT1", "architecture": "x86"}, "agent": {"type": "winlogbeat", "ephemeral_id": "de845cd9-5141-4c92-ad32-27a4518307e9", "hostname": "CLIENT1", "id": "0b755aca-0a9a-454a-9800-1979901962a0", "version": "7.2.0"}, "ecs": {"version": "1.0.0"}}
{"@timestamp": "2019-08-02T09:54:55.343Z", "@metadata": {"beat": "winlogbeat", "type": "_doc", "version": "7.2.0", "topic": "wineventlog_raw"}, "log": {"level": "information"}, "message": "The Power service entered the running state.", "winlog": {"api": "wineventlog", "process": {"pid": 440, "thread": {"id": 528}}, "channel": "System", "event_id": 7036, "task": "", "keywords": ["Classic"], "provider_guid": "{555908d1-a6d7-4695-8e1e-26931d2012f4}", "record_id": 11706, "event_data": {"param1": "Power", "param2": "running", "Binary": "50006F007700650072002F0034000000"}, "computer_name": "CLIENT1", "provider_name": "Service Control Manager"}, "event": {"created": "2019-08-02T09:55:12.091Z", "kind": "event", "code": 7036}, "host": {"architecture": "x86", "os": {"version": "6.1", "family": "windows", "name": "Windows 7 Professional", "kernel": "6.1.7601.18741 (win7sp1_gdr.150202-1526)", "build": "7601.0", "platform": "windows"}, "id": "19fc45ac-5890-4f96-81b1-50ed111c0ce4", "name": "CLIENT1", "hostname": "CLIENT1"}, "agent": {"type": "winlogbeat", "ephemeral_id": "de845cd9-5141-4c92-ad32-27a4518307e9", "hostname": "CLIENT1", "id": "0b755aca-0a9a-454a-9800-1979901962a0", "version": "7.2.0"}, "ecs": {"version": "1.0.0"}}
{"@timestamp": "2019-08-02T09:54:57.765Z", "@metadata": {"beat": "winlogbeat", "type": "_doc", "version": "7.2.0", "topic": "wineventlog_raw"}, "log": {"level": "information"}, "host": {"hostname": "CLIENT1", "architecture": "x86", "os": {"name": "Windows 7 Professional", "kernel": "6.1.7601.18741 (win7sp1_gdr.150202-1526)", "build": "7601.0", "platform": "windows", "version": "6.1", "family": "windows"}, "id": "19fc45ac-5890-4f96-81b1-50ed111c0ce4", "name": "CLIENT1"}, "agent": {"id": "0b755aca-0a9a-454a-9800-1979901962a0", "version": "7.2.0", "type": "winlogbeat", "ephemeral_id": "de845cd9-5141-4c92-ad32-27a4518307e9", "hostname": "CLIENT1"}, "ecs": {"version": "1.0.0"}, "message": "The User Profile Service service entered the running state.", "winlog": {"task": "", "event_data": {"param1": "User Profile Service", "param2": "running", "Binary": "500072006F0066005300760063002F0034000000"}, "record_id": 11716, "api": "wineventlog", "computer_name": "CLIENT1", "provider_name": "Service Control Manager", "event_id": 7036, "keywords": ["Classic"], "provider_guid": "{555908d1-a6d7-4695-8e1e-26931d2012f4}", "process": {"thread": {"id": 528}, "pid": 440}, "channel": "System"}, "event": {"code": 7036, "created": "2019-08-02T09:55:12.091Z", "kind": "event"}}
{"@timestamp": "2019-08-02T09:54:58.875Z", "@metadata": {"beat": "winlogbeat", "type": "_doc", "version": "7.2.0", "topic": "wineventlog_raw"}, "event": {"created": "2019-08-02T09:55:12.091Z", "kind": "event", "code": 7036}, "log": {"level": "information"}, "message": "The DNS Client service entered the running state.", "host": {"name": "CLIENT1", "hostname": "CLIENT1", "architecture": "x86", "os": {"platform": "windows", "version": "6.1", "family": "windows", "name": "Windows 7 Professional", "kernel": "6.1.7601.18741 (win7sp1_gdr.150202-1526)", "build": "7601.0"}, "id": "19fc45ac-5890-4f96-81b1-50ed111c0ce4"}, "agent": {"type": "winlogbeat", "ephemeral_id": "de845cd9-5141-4c92-ad32-27a4518307e9", "hostname": "CLIENT1", "id": "0b755aca-0a9a-454a-9800-1979901962a0", "version": "7.2.0"}, "ecs": {"version": "1.0.0"}, "winlog": {"channel": "System", "event_id": 7036, "event_data": {"param1": "DNS Client", "param2": "running", "Binary": "44006E007300630061006300680065002F0034000000"}, "provider_guid": "{555908d1-a6d7-4695-8e1e-26931d2012f4}", "process": {"pid": 440, "thread": {"id": 520}}, "record_id": 11728, "task": "", "computer_name": "CLIENT1", "keywords": ["Classic"], "provider_name": "Service Control Manager", "api": "wineventlog"}}
{"pseudonym": "e887f3a09fdddf7c81a563b81f90ed9499d86badaa6173d1aa197a2b544d13b1", "origin": "BA9c9eC2aTewsnRfr4SctGAO7pwbTpfgTW2fyt1yQtqWUScfv6lEzkX0J4YDz5didgt9EDG97zqI8OqYN87HZMxQPopRT+8DFdCGyrxqQ0VBSZqP1BsGGvL/gGZ0YFfvO8tbAr8EE8Ga0DD0QyuHtLjKF0GGLbT8EvXn8CDRRwjZGxwdcwMBnMkM5cRqCwWM8fRu+848IIkDniI/OrZRKkbnfZZClF/oXxCJ9xAQhd6b76OV0qTolgEnI1v77YjPTOqr6JZlZQ2kZ4VUq9s575JIjpPn7li4QxgWaMD10DxVdTNfkdOUudHiZ6mSdpa6u6ExnLi3wBcT76pJBLnUGD8sfvwCOo/vOXU+VGoVVz4="}
{"pseudonym": "39594bac43459d3d48dcd9d2ed9f617e6235f0bd79fb35ed6274e27347ba11c4", "origin": "WOmfoNXWHRb1ETmxuXCpjCeXBw5wK3SyTYohlJQ0mx6xuDaZ7UjedW+LRhGJe+f8pWzOw6qHvFsVZIZJ1GzjTWAPAOjbVcdShX5gmiun0U38LMD6ghZvbQCCU5PI6Lsgd4dfFN3pm8bKBHxnA9M/oaJZPFhEX0eHz5Vl00iXsmNJNHBB3nqVviR6dV37via49XWWf1MFcJ1dQecJCZzh2fIExpcmvf9LT81pPYbU0bsq3Rh3RvgbS4nLUNUwFY1nFhl1Z8UlrX0pnoPIv/jSwL60SA1xx8/ITM6aBxaZ7cmcJHEoZ7mWuThUZ9+6kqoPP6dpwgLh/f/E+L1YLXbxdM+d4UUJeaUuGjm0YYNir+82Ny7nr5K4"}
{"pseudonym": "cd1a3afeeac92cb813605e21e464de7db0ca53fa0190d3a1372a46f60ddd0712", "origin": "Dcq0dmiZDiBLsRLGGrFq5jb4Fu9wflxUSXvInl+BHVEmFlRJzRrcy7EUVYdmPpabeahNK3+ITMXWXbUpLNDxZdhlD+jIgsqOiDUOg1pNGqt0qcPOtKzuZFCyd6ldVwckcL7G6ceYGHbe6ynXVzD5jzs43ALS7K/ZbAXBDQcoiTs6sDG86Fk8oTRX7HNOFdslTZyNWwxhk+2iYCQaTsEzFxxHwTBHRASG1/l1Tw9VD+4EDvDkkxw8IWFGxcLV6FIwbEdHA9kfTX6lCmL3e/StKhEx3OdtmNJY/WPeFCW96mIeoPfrJQ2hcHjJ/oE7SpDxR4dH+BrOAlFCfeq2Xt/94URcPQjGtgeLBrKeMlcesxA="}
{"pseudonym": "91d121bc503735a145e0e9869d792d26f6b22784210a0daf5b63840be2abf69a", "origin": "CMim0eytdQ2hZuKM6hK72Dx2/fKBx3FUayu1p/nrj8tPJbBVRnTby0wSGQ8pVYKj+u+dCHJFE80WhrAcDMJg8X5hL9uo6yPOv/HCD3WO9syduiwVbLBMuxbBQIiRTFEhpiAobw329KQmN3BIQPQq79xLQGtkWpcWN0ZUQJQG2/jWTOek4JDuzs13uVpC3JC0JPG6BASZmJJ+lKrisK9N6ahpbxfZlyqLBUmNhHeMtwGm5HaG2CokHjgyR7RWirZ5OcrO1dbE4ae5uHV3nPtXD4LNAz/sut/kc/N/TrwDXAhak425zk0AwTbd4lPT2bAl14a38ple7JxGbvXvHjnxwxzSMCZoC5pXbQ=="}
{"@timestamp": "2019-08-02T09:46:19.046Z", "@metadata": {"beat": "winlogbeat", "type": "_doc", "version": "7.2.0", "topic": "wineventlog_raw"}, "log": {"level": "information"}, "message": "An account was successfully logged on.\n\nSubject:\n\tSecurity ID:\t\tS-1-5-18\n\tAccount Name:\t\tCLIENT1$\n\tAccount Domain:\t\tWORKGROUP\n\tLogon ID:\t\t0x3e7\n\nLogon Type:\t\t\t5\n\nNew Logon:\n\tSecurity ID:\t\tS-1-5-20\n\tAccount Name:\t\tNETWORK SERVICE\n\tAccount Domain:\t\tNT AUTHORITY\n\tLogon ID:\t\t0x3e4\n\tLogon GUID:\t\t{00000000-0000-0000-0000-000000000000}\n\nProcess Information:\n\tProcess ID:\t\t0x1b8\n\tProcess Name:\t\tC:\\Windows\\System32\\services.exe\n\nNetwork Information:\n\tWorkstation Name:\t\n\tSource Network Address:\t-\n\tSource Port:\t\t-\n\nDetailed Authentication Information:\n\tLogon Process:\t\tAdvapi  \n\tAuthentication Package:\tNegotiate\n\tTransited Services:\t-\n\tPackage Name (NTLM only):\t-\n\tKey Length:\t\t0\n\nThis event is generated when a logon session is created. It is generated on the computer that was accessed.\n\nThe subject fields indicate the account on the local system which requested the logon. This is most commonly a service such as the Server service, or a local process such as Winlogon.exe or Services.exe.\n\nThe logon type field indicates the kind of logon that occurred. The most common types are 2 (interactive) and 3 (network).\n\nThe New Logon fields indicate the account for whom the new logon was created, i.e. the account that was logged on.\n\nThe network fields indicate where a remote logon request originated. Workstation name is not always available and may be left blank in some cases.\n\nThe authentication information fields provide detailed information about this specific logon request.\n\t- Logon GUID is a unique identifier that can be used to correlate this event with a KDC event.\n\t- Transited services indicate which intermediate services have participated in this logon request.\n\t- Package name indicates which sub-protocol was used among the NTLM protocols.\n\t- Key length indicates the length of the generated session key. This will be 0 if no session key was requested.", "event": {"code": 4624, "action": "Logon", "created": "2019-08-02T09:55:12.133Z", "category": "authentication", "type": "authentication_success", "kind": "event"}, "ecs": {"version": "1.0.0"}, "host": {"hostname": "CLIENT1", "architecture": "x86", "os": {"version": "6.1", "family": "windows", "name": "Windows 7 Professional", "kernel": "6.1.7601.18741 (win7sp1_gdr.150202-1526)", "build": "7601.0", "platform": "windows"}, "name": "CLIENT1", "id": "19fc45ac-5890-4f96-81b1-50ed111c0ce4"}, "agent": {"version": "7.2.0", "type": "winlogbeat", "ephemeral_id": "de845cd9-5141-4c92-ad32-27a4518307e9", "hostname": "CLIENT1", "id": "0b755aca-0a9a-454a-9800-1979901962a0"}, "winlog": {"keywords": ["Audit Success"], "provider_guid": "{54849625-5478-4994-A5BA-3E3B0328C30D}", "event_data": {"SubjectUserSid": "<pseudonym:cd1a3afeeac92cb813605e21e464de7db0ca53fa0190d3a1372a46f60ddd0712>", "LogonGuid": "{00000000-0000-0000-0000-000000000000}", "LogonType": "5", "SubjectUserName": "<pseudonym:e887f3a09fdddf7c81a563b81f90ed9499d86badaa6173d1aa197a2b544d13b1>", "AuthenticationPackageName": "Negotiate", "SubjectLogonId": "0x3e7", "SubjectDomainName": "WORKGROUP", "KeyLength": "0", "TransmittedServices": "-", "IpPort": "-", "LogonProcessName": "Advapi  ", "TargetLogonId": "0x3e4", "LmPackageName": "-", "IpAddress": "<pseudonym:91d121bc503735a145e0e9869d792d26f6b22784210a0daf5b63840be2abf69a>"}, "computer_name": "CLIENT1", "opcode": "Info", "event_id": 4624, "provider_name": "Microsoft-Windows-Security-Auditing", "record_id": 4645, "channel": "Security", "process": {"pid": 448, "thread": {"id": 504}}, "api": "wineventlog", "task": "Logon"}, "user": {"id": "S-1-5-20", "name": "<pseudonym:39594bac43459d3d48dcd9d2ed9f617e6235f0bd79fb35ed6274e27347ba11c4>", "domain": "NT AUTHORITY"}, "process": {"pid": 440, "executable": "C:\\Windows\\System32\\services.exe", "name": "services.exe"}}
{"@timestamp": "2019-08-02T09:46:39.000Z", "@metadata": {"beat": "winlogbeat", "type": "_doc", "version": "7.2.0", "topic": "wineventlog_raw"}, "event": {"created": "2019-08-02T09:55:12.181Z", "kind": "event", "code": 0}, "log": {"level": "information"}, "agent": {"type": "winlogbeat", "ephemeral_id": "de845cd9-5141-4c92-ad32-27a4518307e9", "hostname": "CLIENT1", "id": "0b755aca-0a9a-454a-9800-1979901962a0", "version": "7.2.0"}, "ecs": {"version": "1.0.0"}, "host": {"os": {"version": "6.1", "family": "windows", "name": "Windows 7 Professional", "kernel": "6.1.7601.18741 (win7sp1_gdr.150202-1526)", "build": "7601.0", "platform": "windows"}, "id": "19fc45ac-5890-4f96-81b1-50ed111c0ce4", "name": "CLIENT1", "hostname": "CLIENT1", "architecture": "x86"}, "winlog": {"computer_name": "CLIENT1", "event_data": {"param1": "Service started"}, "channel": "Application", "event_id": 0, "provider_name": "FreeSSHDService", "record_id": 2904, "task": "", "api": "wineventlog"}}
{"pseudonym": "e887f3a09fdddf7c81a563b81f90ed9499d86badaa6173d1aa197a2b544d13b1", "origin": "VY7zaLKHZLm0aUD6IjQjt5zstFbOM/7PH5gPlljvgeiSMTNj9Jxkh05Vfp58AptRzJ+nQPrgyfyWQTfUQlWnEeVqVRmu8eXM7DxsSEOk0JzufVg5NcFY5i9hID00TsZ29oNoTw8HcboU0XBeC+ISlAgIe73sKGGn2lA88UXavKjt1LqKeOv+rTYd7QnQICTLYZx/JaBhfimPp5/dn8mWbEZjCORrnwrrygi52FkQRAhRoHUHoNPk7W0pfxu2cLdAByHL4NdqyxyZ+0xjIYnbMaZ4GAKcGJONHtlXeOzouMFbsmuMakXkfv5KnHE0RexYGH9XjVup6BedsNj1pw1NdOWlFczrZzqgHMP8th+9XnM="}
{"pseudonym": "387dddca7f9c9fa71c41295d7790d3bcd791cfe79b2dd4843551dfd0bf47acf2", "origin": "uElSPAcmoo8D2Fb+y3vczIwFjlqysY0ZuGYuTH4Gt4FTg9n5Bt1NDc3lI3L/HZWqqJw1P744vSVmlJ5byCF2lhd8MmAUOCkODZ8AUe9jme4vhowZYQZqRgj6XFkwB2mMdOs16TjwQfvOTUGY/J8mT5p/fIZspNBRrDpVx8bMH38F/U5J4+8Jp5OlY0LraTHESnMtfxOaUX7Zpr42iQE9VZKbCItUw3Y1MiGOE1hDG0okbqXKH34mEAzrDE/HiGe8naCwvZYLK/wjBQpFxORMBBIz3fNGke0zSUsMF3m3b4GJ6rZzewhOeXaUlX/jh4GvrRH8g/f2NaCUWl03a0lbV2fsnYM6AWy/TIhDXC9p"}
{"pseudonym": "cd1a3afeeac92cb813605e21e464de7db0ca53fa0190d3a1372a46f60ddd0712", "origin": "JURj5kppy90jKvgR80kSk4danlWuXc/BpCoYPTnmhcKzOAUTizRonyA1zoHHasQ9XMdTnpxXKGJ505u7tWpSijAipYWrZbyVcgOe1Jq9T241cm1vy3o+ECZBhKtNTcz8bzqCFhospI3A3+6/jh5Uan9HcwldwbE9ELbRei1N3YngoOoxKf45k5ErM4Fc+m0nhiVvTlpL5QLx0Y/EWEh+qbd+wtnX6z2wd4vmDbxhPw+PGU9nihR4XAVCvDju+cULfkfuafAvDcH1HFkd5RzbIdMWNTIwX0FbDOhJ+CVD/cyIZhhcnCNLD6jTYjHpSINxxcek5n+XQIPDJ1Co45AUYh2RcPX0Ppb4Q2JWs/fPK2A="}
{"pseudonym": "91d121bc503735a145e0e9869d792d26f6b22784210a0daf5b63840be2abf69a", "origin": "eHcR/AA50lZZHsGK7gAbgVcdqemmdB3TTSlQAWSy+ZAnFH6J7s0abFLX3Ds4KEsRH9JoD7hg9NZO0mawf2DPO7zDZ+kWRtyHUYx6N/LMD886f3mrrcnrqJjtKKM9g2mIQB6XroN+H4W1MMNKt7SddgujJj+TPXAkIC4JyCQMKNWHYe+ooKMRZ89NIZCZ0FbBNfohJ9jhZTEgj+LQq4Fi1eI/GdVSpg1R6oCvZ8DqZz/njKdXw76U4kNehvkHXlQElYfMbus7M6d8CecT5atXCCr+iZbxxDXxUvS4NFqyjOeVnX5YrentsnQ/sAgZVNLlhoPURneHbQASkPJvaUMf3GinccGkLGlgMg=="}
{"@timestamp": "2019-08-02T09:48:55.871Z", "@metadata": {"beat": "winlogbeat", "type": "_doc", "version": "7.2.0", "topic": "wineventlog_raw"}, "event": {"kind": "event", "code": 4624, "action": "Logon", "created": "2019-08-02T09:55:12.183Z", "type": "authentication_success", "category": "authentication"}, "log": {"level": "information"}, "message": "An account was successfully logged on.\n\nSubject:\n\tSecurity ID:\t\tS-1-5-18\n\tAccount Name:\t\tCLIENT1$\n\tAccount Domain:\t\tWORKGROUP\n\tLogon ID:\t\t0x3e7\n\nLogon Type:\t\t\t5\n\nNew Logon:\n\tSecurity ID:\t\tS-1-5-18\n\tAccount Name:\t\tSYSTEM\n\tAccount Domain:\t\tNT AUTHORITY\n\tLogon ID:\t\t0x3e7\n\tLogon GUID:\t\t{00000000-0000-0000-0000-000000000000}\n\nProcess Information:\n\tProcess ID:\t\t0x1b8\n\tProcess Name:\t\tC:\\Windows\\System32\\services.exe\n\nNetwork Information:\n\tWorkstation Name:\t\n\tSource Network Address:\t-\n\tSource Port:\t\t-\n\nDetailed Authentication Information:\n\tLogon Process:\t\tAdvapi  \n\tAuthentication Package:\tNegotiate\n\tTransited Services:\t-\n\tPackage Name (NTLM only):\t-\n\tKey Length:\t\t0\n\nThis event is generated when a logon session is created. It is generated on the computer that was accessed.\n\nThe subject fields indicate the account on the local system which requested the logon. This is most commonly a service such as the Server service, or a local process such as Winlogon.exe or Services.exe.\n\nThe logon type field indicates the kind of logon that occurred. The most common types are 2 (interactive) and 3 (network).\n\nThe New Logon fields indicate the account for whom the new logon was created, i.e. the account that was logged on.\n\nThe network fields indicate where a remote logon request originated. Workstation name is not always available and may be left blank in some cases.\n\nThe authentication information fields provide detailed information about this specific logon request.\n\t- Logon GUID is a unique identifier that can be used to correlate this event with a KDC event.\n\t- Transited services indicate which intermediate services have participated in this logon request.\n\t- Package name indicates which sub-protocol was used among the NTLM protocols.\n\t- Key length indicates the length of the generated session key. This will be 0 if no session key was requested.", "process": {"pid": 440, "executable": "C:\\Windows\\System32\\services.exe", "name": "services.exe"}, "host": {"name": "CLIENT1", "hostname": "CLIENT1", "architecture": "x86", "os": {"family": "windows", "name": "Windows 7 Professional", "kernel": "6.1.7601.18741 (win7sp1_gdr.150202-1526)", "build": "7601.0", "platform": "windows", "version": "6.1"}, "id": "19fc45ac-5890-4f96-81b1-50ed111c0ce4"}, "winlog": {"keywords": ["Audit Success"], "opcode": "Info", "provider_guid": "{54849625-5478-4994-A5BA-3E3B0328C30D}", "event_data": {"IpAddress": "<pseudonym:91d121bc503735a145e0e9869d792d26f6b22784210a0daf5b63840be2abf69a>", "SubjectLogonId": "0x3e7", "SubjectUserSid": "<pseudonym:cd1a3afeeac92cb813605e21e464de7db0ca53fa0190d3a1372a46f60ddd0712>", "LogonProcessName": "Advapi  ", "LmPackageName": "-", "SubjectUserName": "<pseudonym:e887f3a09fdddf7c81a563b81f90ed9499d86badaa6173d1aa197a2b544d13b1>", "LogonGuid": "{00000000-0000-0000-0000-000000000000}", "IpPort": "-", "TransmittedServices": "-", "KeyLength": "0", "LogonType": "5", "SubjectDomainName": "WORKGROUP", "TargetLogonId": "0x3e7", "AuthenticationPackageName": "Negotiate"}, "channel": "Security", "task": "Logon", "api": "wineventlog", "event_id": 4624, "provider_name": "Microsoft-Windows-Security-Auditing", "process": {"thread": {"id": 504}, "pid": 448}, "computer_name": "CLIENT1", "record_id": 4665}, "user": {"id": "S-1-5-18", "name": "<pseudonym:387dddca7f9c9fa71c41295d7790d3bcd791cfe79b2dd4843551dfd0bf47acf2>", "domain": "NT AUTHORITY"}, "ecs": {"version": "1.0.0"}, "agent": {"ephemeral_id": "de845cd9-5141-4c92-ad32-27a4518307e9", "hostname": "CLIENT1", "id": "0b755aca-0a9a-454a-9800-1979901962a0", "version": "7.2.0", "type": "winlogbeat"}}
{"pseudonym": "f119e812403f34bc9c93a15392e371bd51bfd51f59deda80c5caac2a6f172b3c", "origin": "EwSz48ITXqN/TvBkh1PgQwaobEncrTcZZzggIGtcwYv0ww7JKYMMbtZwxQhVB1/Zru6WD7Wc8Fs8AzWzOW4NJ+CogqfPgMQocJV0BOQFJgpGCO54kv5YcEfs57aNGej70920zFOzvtbS5F6T4mZ+69Qdi1xwXw/GB7dbniVqQ02H905tOny22cnnilGiKz82RYNAn4It4x5zpLlmrvQsxkXq/i0QBium0aKDN/YZSbelipfWHzlEEtpe6vbZal+nepwX6UbPH/EBP1dcko/IgdJVY/kVykB3o7guk59UhP/UNWDr4CZlhZXgHTSHT6xKAgN2NL0wIAVJEa+NTfk4sdaMCrLQ+XbKzGLq6dk0"}
{"pseudonym": "2246ce99b75c4aebaf0cd5d095e35cdb0cbf0f8adaf28ed864467242b621c30c", "origin": "GBnNw1YquqWn9fUfzb5xPRBZzlLbrMf4Spj+NUXJCfpoFkWCWhKArbOJSI/wHY9X2r0PseBTxT+Cv8RpCHTYTGPCMftdPdSZMtnkWG9LoOHoFw+IAuG/Z8K7l5MXr1iaZG8sg8k2Ov8mg1mb0BkfW2H7tJmP6hfoLmV7TGLzLhgwIhgWASMrseFeF++v0ZT6F+0bYanbErvTBS9Sr2aVHu4FE8rNLy5YD9DuVsnsPoe6nIerrSfyhIMdO0Q7uLagos2n1ZTphMPWCqHWXTIRJ+jt+yA7SuJBjW4afQILk4AUunYcImulw1K7Ag1aD+63VKtKrABJqmbiOqt8aq8kUFhiNUnJJ+QxBR29bOnIhkMEuvubqCNDsB1XIbmW3twxnsZIlYTD3plFZJ14C2v5MQ/y4cZw"}
{"@timestamp": "2019-08-02T09:53:55.821Z", "@metadata": {"beat": "winlogbeat", "type": "_doc", "version": "7.2.0", "topic": "wineventlog_raw"}, "agent": {"type": "winlogbeat", "ephemeral_id": "de845cd9-5141-4c92-ad32-27a4518307e9", "hostname": "CLIENT1", "id": "0b755aca-0a9a-454a-9800-1979901962a0", "version": "7.2.0"}, "ecs": {"version": "1.0.0"}, "event": {"action": "Logoff", "created": "2019-08-02T09:55:12.183Z", "kind": "event", "code": 4647}, "log": {"level": "information"}, "message": "User initiated logoff:\n\nSubject:\n\tSecurity ID:\t\tS-1-5-21-1918032094-2382968797-800248713-1000\n\tAccount Name:\t\tbreach\n\tAccount Domain:\t\tCLIENT1\n\tLogon ID:\t\t0x1f189\n\nThis event is generated when a logoff is initiated. No further user-initiated activity can occur. This event can be interpreted as a logoff event.", "winlog": {"event_data": {"TargetUserSid": "<pseudonym:2246ce99b75c4aebaf0cd5d095e35cdb0cbf0f8adaf28ed864467242b621c30c>", "TargetUserName": "<pseudonym:f119e812403f34bc9c93a15392e371bd51bfd51f59deda80c5caac2a6f172b3c>", "TargetDomainName": "CLIENT1", "TargetLogonId": "0x1f189"}, "keywords": ["Audit Success"], "opcode": "Info", "record_id": 4669, "event_id": 4647, "provider_name": "Microsoft-Windows-Security-Auditing", "task": "Logoff", "api": "wineventlog", "computer_name": "CLIENT1", "provider_guid": "{54849625-5478-4994-A5BA-3E3B0328C30D}", "channel": "Security", "process": {"pid": 448, "thread": {"id": 2700}}}, "host": {"architecture": "x86", "os": {"build": "7601.0", "platform": "windows", "version": "6.1", "family": "windows", "name": "Windows 7 Professional", "kernel": "6.1.7601.18741 (win7sp1_gdr.150202-1526)"}, "id": "19fc45ac-5890-4f96-81b1-50ed111c0ce4", "name": "CLIENT1", "hostname": "CLIENT1"}}
