{"pseudonym": "cd1a3afeeac92cb813605e21e464de7db0ca53fa0190d3a1372a46f60ddd0712", "origin": "eC6JgQDwDJeWF01sorgVsJ7kUrL3he9bb8Gi4BZziI1USTSET5ldBaeKSTCk8VPffKiQod5XxOJixPVOZQsiBLyRqSVfqKep+HcUwt3gJufyJyb4anrC9sy1WoJIjj9S8Y+V0vZY/vncZVO88mFH8i64rO0G6/dNpc5sn8eJ8GVk9i/U/EdeDX1+9yehk8qBUYTIKLnmsOwroQ4Mx4bcu1VBYxSQx9TRE/kbbpguahEzPIoB3/+3y/Ac6rYK2+YIemxBHjt/BnYha7Pj5sOTLP0DZVDwUVPcIypYWmr9jZbgyK0gsQ9zaX1VQ7RdhWMWdmsnDO681bIOoFwQWI5PJpoINukKRU3SHQ+hsXgigvY="}
{"@timestamp": "2019-08-02T11:50:01.763Z", "@metadata": {"beat": "winlogbeat", "type": "_doc", "version": "7.2.0", "topic": "wineventlog_raw"}, "event": {"kind": "event", "code": 1, "created": "2019-08-02T11:50:03.767Z"}, "log": {"level": "information"}, "message": "The system time has changed to \u200e2019\u200e-\u200e08\u200e-\u200e02T11:50:01.763000000Z from \u200e2019\u200e-\u200e08\u200e-\u200e02T11:50:02.417187500Z.", "ecs": {"version": "1.0.0"}, "host": {"id": "19fc45ac-5890-4f96-81b1-50ed111c0ce4", "hostname": "CLIENT1", "architecture": "x86", "name": "CLIENT1", "os": {"kernel": "6.1.7601.18741 (win7sp1_gdr.150202-1526)", "build": "7601.0", "platform": "windows", "version": "6.1", "family": "windows", "name": "Windows 7 Professional"}}, "agent": {"type": "winlogbeat", "ephemeral_id": "de845cd9-5141-4c92-ad32-27a4518307e9", "hostname": "CLIENT1", "id": "0b755aca-0a9a-454a-9800-1979901962a0", "version": "7.2.0"}, "winlog": {"api": "wineventlog", "process": {"pid": 1460, "thread": {"id": 1504}}, "event_data": {"NewTime": "2019-08-02T11:50:01.763000000Z", "OldTime": "2019-08-02T11:50:02.417187500Z"}, "channel": "System", "record_id": 11814, "opcode": "Info", "event_id": 1, "task": "", "provider_name": "Microsoft-Windows-Kernel-General", "keywords": ["Time"], "provider_guid": "{A68CA8B7-004F-D7B6-A698-07E2DE0F1F5D}", "computer_name": "CLIENT1", "user": {"type": "User", "identifier": "<pseudonym:cd1a3afeeac92cb813605e21e464de7db0ca53fa0190d3a1372a46f60ddd0712>", "name": "SYSTEM", "domain": "NT AUTHORITY"}}}
{"pseudonym": "cd1a3afeeac92cb813605e21e464de7db0ca53fa0190d3a1372a46f60ddd0712", "origin": "fARs7izJDP1M/hN/xfbjMiQxx1gRtzJlK8cLaaZ+BBSwDWaSdfxPxTE/MUQbyzM1ae3PJfvkS8RsNr2cPePztwwI0GiRqrJSXNrjisxYQ20/vdKF7fV5ZRWRK4wmGQ0D5tf0z4y4mVkv0Gw7HlBKtkGwa9EnKTEB5IZ7cEki59T29SfJLrYTcriyg0pB/DHT+ViOZ+FyHlnAaqTlqB6PB5AKhT7gZdZj2D9WsIGAZq+pVSMa7GJaasXdCXfPvxyagnFnEaMhu8FXEal3SzHZohthmYXBVfZa4z1ZCIQm/bKhoESRZNVggxKepC9VBMlnMlwtCGOa4JHTFCdPUWFOYnsaPGjKaovZFTJSfaPjseA="}
{"@timestamp": "2019-08-02T12:05:00.573Z", "@metadata": {"beat": "winlogbeat", "type": "_doc", "version": "7.2.0", "topic": "wineventlog_raw"}, "winlog": {"event_data": {"NewTime": "2019-08-02T12:05:00.573000000Z", "OldTime": "2019-08-02T12:05:01.687984500Z"}, "channel": "System", "event_id": 1, "provider_name": "Microsoft-Windows-Kernel-General", "api": "wineventlog", "computer_name": "CLIENT1", "opcode": "Info", "keywords": ["Time"], "provider_guid": "{A68CA8B7-004F-D7B6-A698-07E2DE0F1F5D}", "user": {"domain": "NT AUTHORITY", "type": "User", "identifier": "<pseudonym:cd1a3afeeac92cb813605e21e464de7db0ca53fa0190d3a1372a46f60ddd0712>", "name": "SYSTEM"}, "process": {"pid": 1460, "thread": {"id": 1504}}, "record_id": 11819, "task": ""}, "event": {"code": 1, "created": "2019-08-02T12:05:03.574Z", "kind": "event"}, "log": {"level": "information"}, "message": "The system time has changed to \u200e2019\u200e-\u200e08\u200e-\u200e02T12:05:00.573000000Z from \u200e2019\u200e-\u200e08\u200e-\u200e02T12:05:01.687984500Z.", "ecs": {"version": "1.0.0"}, "host": {"name": "CLIENT1", "os": {"family": "windows", "name": "Windows 7 Professional", "kernel": "6.1.7601.18741 (win7sp1_gdr.150202-1526)", "build": "7601.0", "platform": "windows", "version": "6.1"}, "id": "19fc45ac-5890-4f96-81b1-50ed111c0ce4", "hostname": "CLIENT1", "architecture": "x86"}, "agent": {"hostname": "CLIENT1", "id": "0b755aca-0a9a-454a-9800-1979901962a0", "version": "7.2.0", "type": "winlogbeat", "ephemeral_id": "de845cd9-5141-4c92-ad32-27a4518307e9"}}
{"pseudonym": "cd1a3afeeac92cb813605e21e464de7db0ca53fa0190d3a1372a46f60ddd0712", "origin": "LWAvUAOzlciuzcyjpHdM77nlILuJ6PAdFBJSRhuYis6mxFSBKKbSOUTg7weoueZcwap4/99gCqNTItsEezkYm/gRJtbmIY3fRe85JCyW0/23p/Ok/KqvEYuBamxsJKoK7rZLyu2LXyZhdl7peIYfGvkW4UvkmRazFITlU8JckkP45pbYI8v1tNz2GXSPnWQZKSxQi3+vUqhhinwMQRPUaLdV5XLicEYt3/eZmm2D6RkFvSvnC0ejn4wSgJAPRWx4JU61BJ0hweCnk9w9tyNfkHp5oYpFG6sgZgq1IDfrhOI4D54PbkJdEzMaaSrkvpvIhwMVJXQJvRkf6BMPhvxyRKk4ogpc2Fgbqp6mf9OQu7s="}
{"@timestamp": "2019-08-02T12:10:00.466Z", "@metadata": {"beat": "winlogbeat", "type": "_doc", "version": "7.2.0", "topic": "wineventlog_raw"}, "event": {"created": "2019-08-02T12:10:01.470Z", "kind": "event", "code": 1}, "log": {"level": "information"}, "agent": {"type": "winlogbeat", "ephemeral_id": "de845cd9-5141-4c92-ad32-27a4518307e9", "hostname": "CLIENT1", "id": "0b755aca-0a9a-454a-9800-1979901962a0", "version": "7.2.0"}, "ecs": {"version": "1.0.0"}, "host": {"id": "19fc45ac-5890-4f96-81b1-50ed111c0ce4", "name": "CLIENT1", "hostname": "CLIENT1", "architecture": "x86", "os": {"version": "6.1", "family": "windows", "name": "Windows 7 Professional", "kernel": "6.1.7601.18741 (win7sp1_gdr.150202-1526)", "build": "7601.0", "platform": "windows"}}, "message": "The system time has changed to \u200e2019\u200e-\u200e08\u200e-\u200e02T12:10:00.466000000Z from \u200e2019\u200e-\u200e08\u200e-\u200e02T12:10:00.996872600Z.", "winlog": {"process": {"pid": 1460, "thread": {"id": 1504}}, "user": {"name": "SYSTEM", "domain": "NT AUTHORITY", "type": "User", "identifier": "<pseudonym:cd1a3afeeac92cb813605e21e464de7db0ca53fa0190d3a1372a46f60ddd0712>"}, "event_data": {"NewTime": "2019-08-02T12:10:00.466000000Z", "OldTime": "2019-08-02T12:10:00.996872600Z"}, "computer_name": "CLIENT1", "provider_name": "Microsoft-Windows-Kernel-General", "keywords": ["Time"], "channel": "System", "record_id": 11820, "task": "", "opcode": "Info", "provider_guid": "{A68CA8B7-004F-D7B6-A698-07E2DE0F1F5D}", "event_id": 1, "api": "wineventlog"}}
{"pseudonym": "e887f3a09fdddf7c81a563b81f90ed9499d86badaa6173d1aa197a2b544d13b1", "origin": "Q/goPjPtr6EFHjpdYGiwOreoesKSzcgBmWQf5Aa7VxdG4jxlZSFwWjpRj0sfcxceogJEmA+HF6TRPMdrQnKHvLGD9gvXswMfsIGLLNDPhViV1UbNxwaaaTCHUb9U+7Wj5fe1fKUKekES1xCf0eF5qoDvDRMlkwnSAQbP/Zppd7xk+tuMdRyN7/K1udltEsG3s88T0uKs8BYE2fILH461bVrMiBDjhEh9rsu8k8oW5Aq9diCplBR77gCri2nZgJ5qK51nvpu6r8zMby0PkBaLP/idUImL0qHK1dOXCIahmT2z/4xW6hTJ2aApcQHf+0KU+IFu63f9nEwe7//XUr09u8JW3hZDA6cKJUuOpLscFQ0="}
{"pseudonym": "cd1a3afeeac92cb813605e21e464de7db0ca53fa0190d3a1372a46f60ddd0712", "origin": "FDfcodtVr2x1U79eCqNT4xdnGqyzaw49cn9lXAabq/c/GtcBrgnl8C/FckerUvQGCnNwJ2hLW7/27fvxdGkMb0yQ417Uhu6arFMzjHBPera3DREp8MqeXxNWB8WpXjNJejOpuSLb2F74CtcQEriHfTIr9Upx1NmI/QCn3x/H4hGBBLsUhcVlF0tho1QWZfOrrNxNfnbeuNVMRei1mMBadISlOZj2vyNB6/69Ggca5o6cZOkPe7MilWlsjO/kNG69TSQc776uRhmjEnOGdO+YxCF++n3iik5Kaheq3ruD6CPopZgJ3quE07VTCzY+Jc0RgE0n0ZJm+OL9W0kotLlNCQP+zWlH4Yok2JSTAoe9OIQ="}
{"@timestamp": "2019-08-02T13:35:04.072Z", "@metadata": {"beat": "winlogbeat", "type": "_doc", "version": "7.2.0", "topic": "wineventlog_raw"}, "winlog": {"process": {"pid": 4, "thread": {"id": 64}}, "event_data": {"SubjectUserSid": "<pseudonym:cd1a3afeeac92cb813605e21e464de7db0ca53fa0190d3a1372a46f60ddd0712>", "SubjectUserName": "<pseudonym:e887f3a09fdddf7c81a563b81f90ed9499d86badaa6173d1aa197a2b544d13b1>", "SubjectDomainName": "WORKGROUP", "SubjectLogonId": "0x3e7", "PreviousTime": "2019-08-02T13:35:04.220963600Z", "NewTime": "2019-08-02T13:35:04.072000000Z", "ProcessId": "0x5b4", "ProcessName": "C:\\Program Files\\NetTime\\NetTimeService.exe"}, "provider_guid": "{54849625-5478-4994-A5BA-3E3B0328C30D}", "channel": "Security", "event_id": 4616, "version": 1, "api": "wineventlog", "computer_name": "CLIENT1", "keywords": ["Audit Success"], "record_id": 4750, "task": "Security State Change", "opcode": "Info", "provider_name": "Microsoft-Windows-Security-Auditing"}, "event": {"kind": "event", "code": 4616, "action": "Security State Change", "created": "2019-08-02T13:35:05.074Z"}, "log": {"level": "information"}, "message": "The system time was changed.\n\nSubject:\n\tSecurity ID:\t\tS-1-5-18\n\tAccount Name:\t\tCLIENT1$\n\tAccount Domain:\t\tWORKGROUP\n\tLogon ID:\t\t0x3e7\n\nProcess Information:\n\tProcess ID:\t0x5b4\n\tName:\t\tC:\\Program Files\\NetTime\\NetTimeService.exe\n\nPrevious Time:\t\t\u200e2019\u200e-\u200e08\u200e-\u200e02T13:35:04.220963600Z\nNew Time:\t\t\u200e2019\u200e-\u200e08\u200e-\u200e02T13:35:04.072000000Z\n\nThis event is generated when the system time is changed. It is normal for the Windows Time Service, which runs with System privilege, to change the system time on a regular basis. Other system time changes may be indicative of attempts to tamper with the computer.", "agent": {"type": "winlogbeat", "ephemeral_id": "de845cd9-5141-4c92-ad32-27a4518307e9", "hostname": "CLIENT1", "id": "0b755aca-0a9a-454a-9800-1979901962a0", "version": "7.2.0"}, "ecs": {"version": "1.0.0"}, "host": {"name": "CLIENT1", "hostname": "CLIENT1", "architecture": "x86", "os": {"platform": "windows", "version": "6.1", "family": "windows", "name": "Windows 7 Professional", "kernel": "6.1.7601.18741 (win7sp1_gdr.150202-1526)", "build": "7601.0"}, "id": "19fc45ac-5890-4f96-81b1-50ed111c0ce4"}}
{"pseudonym": "e887f3a09fdddf7c81a563b81f90ed9499d86badaa6173d1aa197a2b544d13b1", "origin": "riUwchiXrRrZmEZmCXv4mKLLT2q7yY8X1VYdYEC2L07CGaYwJsR0h/YLfLh51WPZv62hNLeCD6Ji2UIj6rZKeS1Gf198J/oihhY5vDKbrNK5ETGycLR2+zuuIbPRNGWjBIQf/6NVH3Sjy8SYsxMalEbs6qO7KH2+GW+K8Q3mu5i83GQIdQt06wdLWjcOMICqc7lem5bvmJCvclROmPozz5dbHVjPOroJz7sVrJeNUr1t//mhD25iotwc9avCG9GD+MCZPcdTF979LfngSSVFt0GyL+xGKdYH84smtyJZ0itdoJyFmENxlQkOrVKF3Jo4DjPTl1XXZCRoF9NGwv4i1HhCeX1oK416kIHIhkIqtrA="}
{"pseudonym": "cd1a3afeeac92cb813605e21e464de7db0ca53fa0190d3a1372a46f60ddd0712", "origin": "CQj1YMxL9kvwFmu1iesymRmiiwlPiUCkymnlnhloF+UsjnZtH99xOIvBdT4V1EuySiuQejQCU/B5qoace6wrqcn2yLrA1vgHi6Yn8a02KY1jBg4lECcAKsFLcPEF+F/z2RJ+vh2JiVI4Buy7UaS92uAqvcAz7/LVIQlZQC3IlTng8UxOTgJcyePueq9cRsRfNwpdjNqq08tp4IRlPdAlZ07sW3Ug5uPuDcGwHYeDMneNjY2+sB9lH80/decU1igah7A6uTFSVRNgTcbEccLn/jYdqvFG0WvxA5yw6AN5owgIC85rN89eyAI/luPbEmAGUb0hX3GzI5FpD0ZuPrekMzqX81b9GR224opFQFnZato="}
{"@timestamp": "2019-08-02T13:40:04.731Z", "@metadata": {"beat": "winlogbeat", "type": "_doc", "version": "7.2.0", "topic": "wineventlog_raw"}, "agent": {"version": "7.2.0", "type": "winlogbeat", "ephemeral_id": "de845cd9-5141-4c92-ad32-27a4518307e9", "hostname": "CLIENT1", "id": "0b755aca-0a9a-454a-9800-1979901962a0"}, "winlog": {"keywords": ["Audit Success"], "process": {"pid": 4, "thread": {"id": 64}}, "event_id": 4616, "provider_name": "Microsoft-Windows-Security-Auditing", "computer_name": "CLIENT1", "opcode": "Info", "channel": "Security", "provider_guid": "{54849625-5478-4994-A5BA-3E3B0328C30D}", "version": 1, "event_data": {"SubjectUserName": "<pseudonym:e887f3a09fdddf7c81a563b81f90ed9499d86badaa6173d1aa197a2b544d13b1>", "SubjectDomainName": "WORKGROUP", "SubjectLogonId": "0x3e7", "PreviousTime": "2019-08-02T13:40:04.857508300Z", "NewTime": "2019-08-02T13:40:04.731000000Z", "ProcessId": "0x5b4", "ProcessName": "C:\\Program Files\\NetTime\\NetTimeService.exe", "SubjectUserSid": "<pseudonym:cd1a3afeeac92cb813605e21e464de7db0ca53fa0190d3a1372a46f60ddd0712>"}, "api": "wineventlog", "record_id": 4751, "task": "Security State Change"}, "event": {"action": "Security State Change", "created": "2019-08-02T13:40:05.730Z", "kind": "event", "code": 4616}, "log": {"level": "information"}, "message": "The system time was changed.\n\nSubject:\n\tSecurity ID:\t\tS-1-5-18\n\tAccount Name:\t\tCLIENT1$\n\tAccount Domain:\t\tWORKGROUP\n\tLogon ID:\t\t0x3e7\n\nProcess Information:\n\tProcess ID:\t0x5b4\n\tName:\t\tC:\\Program Files\\NetTime\\NetTimeService.exe\n\nPrevious Time:\t\t\u200e2019\u200e-\u200e08\u200e-\u200e02T13:40:04.857508300Z\nNew Time:\t\t\u200e2019\u200e-\u200e08\u200e-\u200e02T13:40:04.731000000Z\n\nThis event is generated when the system time is changed. It is normal for the Windows Time Service, which runs with System privilege, to change the system time on a regular basis. Other system time changes may be indicative of attempts to tamper with the computer.", "ecs": {"version": "1.0.0"}, "host": {"name": "CLIENT1", "hostname": "CLIENT1", "architecture": "x86", "os": {"name": "Windows 7 Professional", "kernel": "6.1.7601.18741 (win7sp1_gdr.150202-1526)", "build": "7601.0", "platform": "windows", "version": "6.1", "family": "windows"}, "id": "19fc45ac-5890-4f96-81b1-50ed111c0ce4"}}
{"pseudonym": "cd1a3afeeac92cb813605e21e464de7db0ca53fa0190d3a1372a46f60ddd0712", "origin": "Ux/p5wrzKxq6bQLovUTEd/b0rnGFYSBfqk3RWqruGynfVBz/R8aQ7GDYk2fPJxOUwOiT7Fnszk1Kgb73oFGgzWkFflUXZbMIjQ1cti2Vok12bSS4cmbkr7EGYUZGE15J1m4gsJ8RmfOVPjKSNNStmaNy/BC4u3PydwhRyVFSKXn/ZPPkc2rtEmIjzb+kqvpEuwMVdnEV8tG5xCSO70Uv7/NtXcuQV1+BIsIdxY//CouKb36vvUrTtacwLV1X5wCxJPzTQKnl79IhqgxqDA3RycwnboAI1nhU8+AYAV1Y7ME8f0/anEdgdhryzXbkDfvgI+tpg8CSHOLO2WwwFaVfqCjOigsKdQLdrqlKnYlATDM="}
{"@timestamp": "2019-08-02T13:40:04.731Z", "@metadata": {"beat": "winlogbeat", "type": "_doc", "version": "7.2.0", "topic": "wineventlog_raw"}, "log": {"level": "information"}, "message": "The system time has changed to \u200e2019\u200e-\u200e08\u200e-\u200e02T13:40:04.731000000Z from \u200e2019\u200e-\u200e08\u200e-\u200e02T13:40:04.857508300Z.", "winlog": {"provider_guid": "{A68CA8B7-004F-D7B6-A698-07E2DE0F1F5D}", "process": {"thread": {"id": 1504}, "pid": 1460}, "opcode": "Info", "provider_name": "Microsoft-Windows-Kernel-General", "record_id": 11840, "computer_name": "CLIENT1", "channel": "System", "task": "", "api": "wineventlog", "event_data": {"NewTime": "2019-08-02T13:40:04.731000000Z", "OldTime": "2019-08-02T13:40:04.857508300Z"}, "event_id": 1, "keywords": ["Time"], "user": {"name": "SYSTEM", "domain": "NT AUTHORITY", "type": "User", "identifier": "<pseudonym:cd1a3afeeac92cb813605e21e464de7db0ca53fa0190d3a1372a46f60ddd0712>"}}, "event": {"kind": "event", "code": 1, "created": "2019-08-02T13:40:05.730Z"}, "ecs": {"version": "1.0.0"}, "host": {"architecture": "x86", "name": "CLIENT1", "os": {"version": "6.1", "family": "windows", "name": "Windows 7 Professional", "kernel": "6.1.7601.18741 (win7sp1_gdr.150202-1526)", "build": "7601.0", "platform": "windows"}, "id": "19fc45ac-5890-4f96-81b1-50ed111c0ce4", "hostname": "CLIENT1"}, "agent": {"type": "winlogbeat", "ephemeral_id": "de845cd9-5141-4c92-ad32-27a4518307e9", "hostname": "CLIENT1", "id": "0b755aca-0a9a-454a-9800-1979901962a0", "version": "7.2.0"}}
{"pseudonym": "cd1a3afeeac92cb813605e21e464de7db0ca53fa0190d3a1372a46f60ddd0712", "origin": "e7hERidJMN2djUCMTWhJKJazY72GkYJ5na3C7XmkDZBC5fz8mBTDCuMtHR3mb4E9xFrENjt8N1haWPFjcMaXw8EMiC4ZSdQ4eEHPCqJyyaLphlOR8NZAq9TENG0TsRX1TE7ERbksQyOZZ+/JL74VhV2O6HqzewjnE7Z4+xQL9Ie2FEx1AEk5Z5uz5UrTbPFCZjFytirQfuUGL0TpYw/pJ8c7u3d4zCvqk7PmFYHIX7Bf93rhPKym4Q+5Ug7WR9+mM/G9iMUo0OrLid6DyvtQuAfLBtDPtXHVcjl5leHqRdpKqrKF8px3EUMfanfZXtKpS/4Qi+EqE6YRUinrlxix+8jPHnu6xuthPJhIFrdIhu4="}
{"@timestamp": "2019-08-02T14:30:08.439Z", "@metadata": {"beat": "winlogbeat", "type": "_doc", "version": "7.2.0", "topic": "wineventlog_raw"}, "winlog": {"opcode": "Info", "event_data": {"NewTime": "2019-08-02T14:30:08.439000000Z", "OldTime": "2019-08-02T14:30:08.549437900Z"}, "record_id": 11852, "process": {"pid": 1460, "thread": {"id": 1504}}, "user": {"identifier": "<pseudonym:cd1a3afeeac92cb813605e21e464de7db0ca53fa0190d3a1372a46f60ddd0712>", "name": "SYSTEM", "domain": "NT AUTHORITY", "type": "User"}, "provider_name": "Microsoft-Windows-Kernel-General", "computer_name": "CLIENT1", "api": "wineventlog", "provider_guid": "{A68CA8B7-004F-D7B6-A698-07E2DE0F1F5D}", "event_id": 1, "task": "", "channel": "System", "keywords": ["Time"]}, "event": {"created": "2019-08-02T14:30:09.438Z", "kind": "event", "code": 1}, "log": {"level": "information"}, "message": "The system time has changed to \u200e2019\u200e-\u200e08\u200e-\u200e02T14:30:08.439000000Z from \u200e2019\u200e-\u200e08\u200e-\u200e02T14:30:08.549437900Z.", "agent": {"version": "7.2.0", "type": "winlogbeat", "ephemeral_id": "de845cd9-5141-4c92-ad32-27a4518307e9", "hostname": "CLIENT1", "id": "0b755aca-0a9a-454a-9800-1979901962a0"}, "ecs": {"version": "1.0.0"}, "host": {"name": "CLIENT1", "architecture": "x86", "os": {"name": "Windows 7 Professional", "kernel": "6.1.7601.18741 (win7sp1_gdr.150202-1526)", "build": "7601.0", "platform": "windows", "version": "6.1", "family": "windows"}, "id": "19fc45ac-5890-4f96-81b1-50ed111c0ce4", "hostname": "CLIENT1"}}
{"pseudonym": "39594bac43459d3d48dcd9d2ed9f617e6235f0bd79fb35ed6274e27347ba11c4", "origin": "t5KzFOYVBXBvPKwTRrJ4AwpbeUbXx5aIfQjExXFmJfrWgmSMRWfebKQmdr5vQqEYW8GjourXS7KW1Gya5v3O8WAsGMJiVdgtj3yhPWBsnQVcTFMAGELw8M62z5dpnjCstXppTI3JLoueVHCF3NtNOKt9vD0+zP2v0LwZyjA2wZgN3QVyBYGzC7NUADrbtPpLME+wydoo7v5cU+3EnyzQr1MLCUAs4WluE41MrtDII0Z5MO0Gdp7lCinf1lo030dg3BwaOpZIzDZ3EFqK1O8QFlJzZoSNGWb7SEfYl4BsjGLl4X3X4tRSSCb1B/cRS5Zd1ejqM2g2mLzZ2JMV/AH5EZBbAE51AmPzPFhUdaeu/Lwljt65WTZl"}
{"pseudonym": "878d4216e77e6ff24d3368f00684abc1bbf738c11387cdcf8f211eeacd8651e4", "origin": "OFXbaWCfERZSI6ogO7tyxydRcZb7vzYUNw6u6jQF+jI2AVeuFf+S8VbI2+mvrGVLb4TdB2x8kADYSY7s0Y5hAqTA5EurtawkRiJNi78XXKRe351aHSRbCcn7BZLu1ghfvmquNa7dbJqoAgy5NLZZkOtC3s2MIyi3UbsDiUkAikSvaF5I82BI4O/k5V6/5273aWIMgm8RIU30WBTbybjatDu4btjA6v/MZjoiF7IdxVGbf6lnSRp5D4F64tiUa5SV0w0n22S3oNQBzhsMKtKufgJkr/v6H44u/NI5BA6UGVeRY/l3tJi6Hk8b3e+QNyJP7paNgFLqfLfxURK70CPbtQVhtydnmiT+h1ZkDgYg47Q="}
{"@timestamp": "2019-08-02T09:46:19.046Z", "@metadata": {"beat": "winlogbeat", "type": "_doc", "version": "7.2.0", "topic": "wineventlog_raw"}, "log": {"level": "information"}, "message": "Special privileges assigned to new logon.\n\nSubject:\n\tSecurity ID:\t\tS-1-5-20\n\tAccount Name:\t\tNETWORK SERVICE\n\tAccount Domain:\t\tNT AUTHORITY\n\tLogon ID:\t\t0x3e4\n\nPrivileges:\t\tSeAssignPrimaryTokenPrivilege\n\t\t\tSeAuditPrivilege\n\t\t\tSeImpersonatePrivilege", "agent": {"type": "winlogbeat", "ephemeral_id": "33f6eec2-a7ba-4caa-97b3-ea43b4f5e172", "hostname": "CLIENT1", "id": "0b755aca-0a9a-454a-9800-1979901962a0", "version": "7.2.0"}, "ecs": {"version": "1.0.0"}, "host": {"name": "CLIENT1", "hostname": "CLIENT1", "architecture": "x86", "os": {"version": "6.1", "family": "windows", "name": "Windows 7 Professional", "kernel": "6.1.7601.18741 (win7sp1_gdr.150202-1526)", "build": "7601.0", "platform": "windows"}, "id": "19fc45ac-5890-4f96-81b1-50ed111c0ce4"}, "winlog": {"task": "Special Logon", "provider_guid": "{54849625-5478-4994-A5BA-3E3B0328C30D}", "event_id": 4672, "record_id": 4646, "keywords": ["Audit Success"], "event_data": {"SubjectUserSid": "<pseudonym:878d4216e77e6ff24d3368f00684abc1bbf738c11387cdcf8f211eeacd8651e4>", "SubjectUserName": "<pseudonym:39594bac43459d3d48dcd9d2ed9f617e6235f0bd79fb35ed6274e27347ba11c4>", "SubjectDomainName": "NT AUTHORITY", "SubjectLogonId": "0x3e4", "PrivilegeList": "SeAssignPrimaryTokenPrivilege\n\t\t\tSeAuditPrivilege\n\t\t\tSeImpersonatePrivilege"}, "opcode": "Info", "process": {"pid": 448, "thread": {"id": 504}}, "api": "wineventlog", "computer_name": "CLIENT1", "provider_name": "Microsoft-Windows-Security-Auditing", "channel": "Security"}, "event": {"kind": "event", "code": 4672, "action": "Special Logon", "created": "2019-08-05T08:54:03.703Z"}}
{"@timestamp": "2019-08-05T08:53:23.718Z", "@metadata": {"beat": "winlogbeat", "type": "_doc", "version": "7.2.0", "topic": "wineventlog_raw"}, "agent": {"type": "winlogbeat", "ephemeral_id": "33f6eec2-a7ba-4caa-97b3-ea43b4f5e172", "hostname": "CLIENT1", "id": "0b755aca-0a9a-454a-9800-1979901962a0", "version": "7.2.0"}, "winlog": {"task": "Audit Policy Change", "keywords": ["Audit Success"], "opcode": "Info", "event_data": {"PuaCount": "0", "PuaPolicyId": "0x6164"}, "api": "wineventlog", "provider_guid": "{54849625-5478-4994-A5BA-3E3B0328C30D}", "process": {"thread": {"id": 504}, "pid": 444}, "channel": "Security", "event_id": 4902, "provider_name": "Microsoft-Windows-Security-Auditing", "record_id": 4673, "computer_name": "CLIENT1"}, "event": {"kind": "event", "code": 4902, "action": "Audit Policy Change", "created": "2019-08-05T08:54:03.704Z"}, "log": {"level": "information"}, "message": "The Per-user audit policy table was created.\n\nNumber of Elements:\t0\nPolicy ID:\t0x6164", "ecs": {"version": "1.0.0"}, "host": {"name": "CLIENT1", "hostname": "CLIENT1", "architecture": "x86", "os": {"kernel": "6.1.7601.18741 (win7sp1_gdr.150202-1526)", "build": "7601.0", "platform": "windows", "version": "6.1", "family": "windows", "name": "Windows 7 Professional"}, "id": "19fc45ac-5890-4f96-81b1-50ed111c0ce4"}}
{"@timestamp": "2019-08-02T09:46:22.578Z", "@metadata": {"beat": "winlogbeat", "type": "_doc", "version": "7.2.0", "topic": "wineventlog_raw"}, "message": "The Windows Audio Endpoint Builder service entered the running state.", "host": {"id": "19fc45ac-5890-4f96-81b1-50ed111c0ce4", "name": "CLIENT1", "hostname": "CLIENT1", "architecture": "x86", "os": {"kernel": "6.1.7601.18741 (win7sp1_gdr.150202-1526)", "build": "7601.0", "platform": "windows", "version": "6.1", "family": "windows", "name": "Windows 7 Professional"}}, "agent": {"type": "winlogbeat", "ephemeral_id": "33f6eec2-a7ba-4caa-97b3-ea43b4f5e172", "hostname": "CLIENT1", "id": "0b755aca-0a9a-454a-9800-1979901962a0", "version": "7.2.0"}, "ecs": {"version": "1.0.0"}, "winlog": {"task": "", "api": "wineventlog", "process": {"pid": 440, "thread": {"id": 520}}, "computer_name": "CLIENT1", "keywords": ["Classic"], "provider_guid": "{555908d1-a6d7-4695-8e1e-26931d2012f4}", "provider_name": "Service Control Manager", "channel": "System", "event_id": 7036, "event_data": {"param1": "Windows Audio Endpoint Builder", "param2": "running", "Binary": "41007500640069006F0045006E00640070006F0069006E0074004200750069006C006400650072002F0034000000"}, "record_id": 11598}, "event": {"kind": "event", "code": 7036, "created": "2019-08-05T08:54:04.777Z"}, "log": {"level": "information"}}
{"@timestamp": "2019-08-02T09:46:43.703Z", "@metadata": {"beat": "winlogbeat", "type": "_doc", "version": "7.2.0", "topic": "wineventlog_raw"}, "log": {"level": "information"}, "message": "The Microsoft FTP Service service entered the running state.", "winlog": {"channel": "System", "process": {"pid": 440, "thread": {"id": 524}}, "event_id": 7036, "task": "", "computer_name": "CLIENT1", "provider_guid": "{555908d1-a6d7-4695-8e1e-26931d2012f4}", "record_id": 11628, "api": "wineventlog", "keywords": ["Classic"], "event_data": {"param1": "Microsoft FTP Service", "param2": "running", "Binary": "6600740070007300760063002F0034000000"}, "provider_name": "Service Control Manager"}, "host": {"name": "CLIENT1", "architecture": "x86", "os": {"build": "7601.0", "platform": "windows", "version": "6.1", "family": "windows", "name": "Windows 7 Professional", "kernel": "6.1.7601.18741 (win7sp1_gdr.150202-1526)"}, "id": "19fc45ac-5890-4f96-81b1-50ed111c0ce4", "hostname": "CLIENT1"}, "agent": {"hostname": "CLIENT1", "id": "0b755aca-0a9a-454a-9800-1979901962a0", "version": "7.2.0", "type": "winlogbeat", "ephemeral_id": "33f6eec2-a7ba-4caa-97b3-ea43b4f5e172"}, "ecs": {"version": "1.0.0"}, "event": {"kind": "event", "code": 7036, "created": "2019-08-05T08:54:04.777Z"}}
{"@timestamp": "2019-08-02T09:49:07.904Z", "@metadata": {"beat": "winlogbeat", "type": "_doc", "version": "7.2.0", "topic": "wineventlog_raw"}, "winlog": {"channel": "System", "record_id": 11654, "computer_name": "CLIENT1", "api": "wineventlog", "keywords": ["Classic"], "provider_guid": "{555908d1-a6d7-4695-8e1e-26931d2012f4}", "task": "", "process": {"pid": 440, "thread": {"id": 1792}}, "event_data": {"param1": "Windows Update", "param2": "running", "Binary": "770075006100750073006500720076002F0034000000"}, "event_id": 7036, "provider_name": "Service Control Manager"}, "ecs": {"version": "1.0.0"}, "host": {"os": {"name": "Windows 7 Professional", "kernel": "6.1.7601.18741 (win7sp1_gdr.150202-1526)", "build": "7601.0", "platform": "windows", "version": "6.1", "family": "windows"}, "id": "19fc45ac-5890-4f96-81b1-50ed111c0ce4", "name": "CLIENT1", "hostname": "CLIENT1", "architecture": "x86"}, "agent": {"hostname": "CLIENT1", "id": "0b755aca-0a9a-454a-9800-1979901962a0", "version": "7.2.0", "type": "winlogbeat", "ephemeral_id": "33f6eec2-a7ba-4caa-97b3-ea43b4f5e172"}, "event": {"created": "2019-08-05T08:54:04.921Z", "kind": "event", "code": 7036}, "log": {"level": "information"}, "message": "The Windows Update service entered the running state."}
{"@timestamp": "2019-08-05T08:54:03.914Z", "@metadata": {"beat": "winlogbeat", "type": "_doc", "version": "7.2.0", "topic": "wineventlog_raw"}, "ecs": {"version": "1.0.0"}, "host": {"name": "CLIENT1", "architecture": "x86", "os": {"platform": "windows", "version": "6.1", "family": "windows", "name": "Windows 7 Professional", "kernel": "6.1.7601.18741 (win7sp1_gdr.150202-1526)", "build": "7601.0"}, "id": "19fc45ac-5890-4f96-81b1-50ed111c0ce4", "hostname": "CLIENT1"}, "winlog": {"keywords": ["Classic"], "task": "", "api": "wineventlog", "computer_name": "CLIENT1", "process": {"pid": 436, "thread": {"id": 512}}, "event_data": {"Binary": "6900700068006C0070007300760063002F0034000000", "param1": "IP Helper", "param2": "running"}, "event_id": 7036, "record_id": 11748, "provider_name": "Service Control Manager", "channel": "System", "provider_guid": "{555908d1-a6d7-4695-8e1e-26931d2012f4}"}, "event": {"kind": "event", "code": 7036, "created": "2019-08-05T08:54:05.065Z"}, "log": {"level": "information"}, "message": "The IP Helper service entered the running state.", "agent": {"ephemeral_id": "33f6eec2-a7ba-4caa-97b3-ea43b4f5e172", "hostname": "CLIENT1", "id": "0b755aca-0a9a-454a-9800-1979901962a0", "version": "7.2.0", "type": "winlogbeat"}}
{"@timestamp": "2019-08-02T09:47:41.000Z", "@metadata": {"beat": "winlogbeat", "type": "_doc", "version": "7.2.0", "topic": "wineventlog_raw"}, "log": {"level": "information"}, "message": "Windows (2032) Windows: The database engine has begun replaying logfile C:\\ProgramData\\Microsoft\\Search\\Data\\Applications\\Windows\\MSS.log.", "agent": {"type": "winlogbeat", "ephemeral_id": "33f6eec2-a7ba-4caa-97b3-ea43b4f5e172", "hostname": "CLIENT1", "id": "0b755aca-0a9a-454a-9800-1979901962a0", "version": "7.2.0"}, "ecs": {"version": "1.0.0"}, "host": {"os": {"build": "7601.0", "platform": "windows", "version": "6.1", "family": "windows", "name": "Windows 7 Professional", "kernel": "6.1.7601.18741 (win7sp1_gdr.150202-1526)"}, "id": "19fc45ac-5890-4f96-81b1-50ed111c0ce4", "hostname": "CLIENT1", "name": "CLIENT1", "architecture": "x86"}, "winlog": {"computer_name": "CLIENT1", "opcode": "Info", "event_id": 301, "task": "Logging/Recovery", "api": "wineventlog", "event_data": {"param3": "Windows: ", "param4": "C:\\ProgramData\\Microsoft\\Search\\Data\\Applications\\Windows\\MSS.log", "param1": "Windows", "param2": "2032"}, "channel": "Application", "keywords": ["Classic"], "provider_name": "ESENT", "record_id": 2912}, "event": {"kind": "event", "code": 301, "action": "Logging/Recovery", "created": "2019-08-05T08:54:06.439Z"}}
{"pseudonym": "cd1a3afeeac92cb813605e21e464de7db0ca53fa0190d3a1372a46f60ddd0712", "origin": "GAIZJueShpLCUhRBwG9VVpUGNSHQ2Hh6Mxa2EnRnUqOqpaLqZmcBk6NMWi/f4FER4Pz0SSC8Lwu8zD1b+YbVJdPxbX5xozcARmpqc/qSVPjydNs+OtSxCVVJ/t1/Kg+42tjp1pygV0PDbHF/3J3NosDX6Zta7u7ljZR4CsKeLyYe1detI2OW0lfO2vDBZGxP1t8YNGUBMAopSSJ1lHzmRt9y3EC0EN9UYUu4PTk0qZg0OJDJJeiTgOW/zG0ygn/+4eq6lPDS8HLC/i8DOcf9FRCXfCi5QmGHgcJhWzO4nhH+s2lHmVzVDI+5j++YPmgZ5kr8K2Q+D8cc+QjalXllQnJIhdCuYFZJueuj3XU2Lj0="}
{"@timestamp": "2019-08-02T09:48:06.597Z", "@metadata": {"beat": "winlogbeat", "type": "_doc", "version": "7.2.0", "topic": "wineventlog_raw"}, "event": {"kind": "event", "code": 10, "created": "2019-08-05T08:54:06.439Z"}, "log": {"level": "error"}, "message": "Event filter with query \"SELECT * FROM __InstanceModificationEvent WITHIN 60 WHERE TargetInstance ISA \"Win32_Processor\" AND TargetInstance.LoadPercentage > 99\" could not be reactivated in namespace \"//./root/CIMV2\" because of error 0x80041003. Events cannot be delivered through this filter until the problem is corrected.", "ecs": {"version": "1.0.0"}, "host": {"name": "CLIENT1", "hostname": "CLIENT1", "architecture": "x86", "os": {"kernel": "6.1.7601.18741 (win7sp1_gdr.150202-1526)", "build": "7601.0", "platform": "windows", "version": "6.1", "family": "windows", "name": "Windows 7 Professional"}, "id": "19fc45ac-5890-4f96-81b1-50ed111c0ce4"}, "agent": {"id": "0b755aca-0a9a-454a-9800-1979901962a0", "version": "7.2.0", "type": "winlogbeat", "ephemeral_id": "33f6eec2-a7ba-4caa-97b3-ea43b4f5e172", "hostname": "CLIENT1"}, "winlog": {"opcode": "Info", "computer_name": "CLIENT1", "user": {"identifier": "<pseudonym:cd1a3afeeac92cb813605e21e464de7db0ca53fa0190d3a1372a46f60ddd0712>", "name": "SYSTEM", "domain": "NT AUTHORITY", "type": "User"}, "process": {"pid": 772, "thread": {"id": 3084}}, "version": 2, "channel": "Application", "api": "wineventlog", "event_id": 10, "user_data": {"Query": "SELECT * FROM __InstanceModificationEvent WITHIN 60 WHERE TargetInstance ISA \"Win32_Processor\" AND TargetInstance.LoadPercentage > 99", "Namespace": "//./root/CIMV2", "Error": "0x80041003", "xml_name": "data_0x8000003F"}, "task": "", "provider_name": "Microsoft-Windows-WMI", "provider_guid": "{1EDEEE53-0AFE-4609-B846-D8C0B2075B1F}", "activity_id": "{00000000-8084-0000-00D3-1D1B1749D501}", "record_id": 2915}}
{"pseudonym": "cd1a3afeeac92cb813605e21e464de7db0ca53fa0190d3a1372a46f60ddd0712", "origin": "hI5Kn39jkMw0BmWDzfh0eWwWckXu+3iBkY9qYwV7CsjEBFziQTaB7pqTzJrmZFoy7YLHrP6Zdpbaa+QJ6eanFsmi6ly9CE74nT/F/mmcgx6gUPy4J9VSI0bx7RHqmT/VtM3tXw0Wn8dfRGkbCi1Z2yCNaGwQZ4Z57248USo81ic5taw2ZkOMJ8fgUfW4qSNqszGuSOSveoudMmcb/+88iowNHqFEJsX9/HuNg+5bySR+nTnWp+oqr55Z80xUsRwUdQj9Bs/P8s2ZPcjNxniynwXhIshtqTpoV/5Pdgt5hHcj8+wm5M8S7CdGMK3bcPx0qqnReVm0zt3XCygUbt1q7BIoxLfcRkLtQ5hzOn/Zyuk="}
{"@timestamp": "2019-08-05T08:53:32.609Z", "@metadata": {"beat": "winlogbeat", "type": "_doc", "version": "7.2.0", "topic": "wineventlog_raw"}, "log": {"level": "information"}, "message": "The User Profile Service has started successfully.  ", "host": {"name": "CLIENT1", "os": {"version": "6.1", "family": "windows", "name": "Windows 7 Professional", "kernel": "6.1.7601.18741 (win7sp1_gdr.150202-1526)", "build": "7601.0", "platform": "windows"}, "id": "19fc45ac-5890-4f96-81b1-50ed111c0ce4", "hostname": "CLIENT1", "architecture": "x86"}, "agent": {"version": "7.2.0", "type": "winlogbeat", "ephemeral_id": "33f6eec2-a7ba-4caa-97b3-ea43b4f5e172", "hostname": "CLIENT1", "id": "0b755aca-0a9a-454a-9800-1979901962a0"}, "ecs": {"version": "1.0.0"}, "winlog": {"provider_guid": "{89B1E9F0-5AFF-44A6-9B44-0A07A7CE5845}", "user": {"type": "User", "identifier": "<pseudonym:cd1a3afeeac92cb813605e21e464de7db0ca53fa0190d3a1372a46f60ddd0712>", "name": "SYSTEM", "domain": "NT AUTHORITY"}, "provider_name": "Microsoft-Windows-User Profiles Service", "task": "", "opcode": "Info", "channel": "Application", "event_id": 1531, "computer_name": "CLIENT1", "process": {"pid": 772, "thread": {"id": 904}}, "record_id": 2926, "api": "wineventlog"}, "event": {"kind": "event", "code": 1531, "created": "2019-08-05T08:54:06.439Z"}}
{"pseudonym": "cd1a3afeeac92cb813605e21e464de7db0ca53fa0190d3a1372a46f60ddd0712", "origin": "R3ZDw/UTvKxVhlCL6emAm30/2WXlTo4YmPAsJws00FQ2uKkE1lCZk3IlOwlgUZxvNnp/ReLI0XBbPcOK/tGzZyX5DpnfaNXA0h3+ZgFXv7ZNremIVdQGkownTghk7ehvuj3g8MzC8funXb46+18CjbvvVHhOktA3qQRHmeE/RnB9PkuagBMWhe8twuSFBZdMAbE6D3y7pHzLm1WKsgeSdvVZYMZdNMq6OSyytbhTRtWxQx2Cx6vtaVgwjWVI/8jxNbbSIILvd3XX6X18L2d6lregbXK+fXkTZ9ZSvUyoq2bICYMQgz4g+R9SVEVRUnyVrsgmwV+MIxglNjMG10cxuVX4sq4syHUANLHn7hajnoU="}
{"@timestamp": "2019-08-05T08:54:10.947Z", "@metadata": {"beat": "winlogbeat", "type": "_doc", "version": "7.2.0", "topic": "wineventlog_raw"}, "ecs": {"version": "1.0.0"}, "log": {"level": "information"}, "message": "Windows Management Instrumentation Service subsystems initialized successfully", "winlog": {"record_id": 2930, "computer_name": "CLIENT1", "channel": "Application", "version": 2, "user": {"type": "User", "identifier": "<pseudonym:cd1a3afeeac92cb813605e21e464de7db0ca53fa0190d3a1372a46f60ddd0712>", "name": "SYSTEM", "domain": "NT AUTHORITY"}, "provider_name": "Microsoft-Windows-WMI", "api": "wineventlog", "process": {"pid": 772, "thread": {"id": 1112}}, "event_id": 5617, "task": "", "opcode": "Info", "provider_guid": "{1EDEEE53-0AFE-4609-B846-D8C0B2075B1F}"}, "event": {"code": 5617, "created": "2019-08-05T08:54:11.464Z", "kind": "event"}, "host": {"name": "CLIENT1", "architecture": "x86", "os": {"build": "7601.0", "platform": "windows", "version": "6.1", "family": "windows", "name": "Windows 7 Professional", "kernel": "6.1.7601.18741 (win7sp1_gdr.150202-1526)"}, "id": "19fc45ac-5890-4f96-81b1-50ed111c0ce4", "hostname": "CLIENT1"}, "agent": {"version": "7.2.0", "type": "winlogbeat", "ephemeral_id": "33f6eec2-a7ba-4caa-97b3-ea43b4f5e172", "hostname": "CLIENT1", "id": "0b755aca-0a9a-454a-9800-1979901962a0"}}
{"pseudonym": "e887f3a09fdddf7c81a563b81f90ed9499d86badaa6173d1aa197a2b544d13b1", "origin": "IKQP8CFuBMRVgMOTkrBGWrqLsCvqwBNi59fdM/x7rEveB0FKv2KzWeUDY19n++URoTmyqOoF9VrIHNvXsIkhbbc8HRl1xwiPN/6AtHhSnPhXqfMEgi5eLSbG18L12/dWpM+dC90P8hSkqOkhPq0+yaDbMavhFxXJowdrB5CjjG1oNVnTzuTb1GC2YN6sbJYSS3vafgZPo0TRtGjDuh4T5JM+2YQ/5m3pCQd2qU8AvqtgP6uxX56mNjBXriR8cb/56OXV0FaZcKRYwKPULI6AZr4MGrPuW3t4wZ+tSTccy6+1JAMqv1D7F4pMXP7pYSj7JytP2eTaf37XnvOMThXyux8knh+cctCYK+7eVhaZNxA="}
{"pseudonym": "387dddca7f9c9fa71c41295d7790d3bcd791cfe79b2dd4843551dfd0bf47acf2", "origin": "fYLYJHQ0fTYolw3nKXXgUDkx5sCSFvGBV02QmNQuQbUjDTrIDIKhFM9hi1C+JP9TMqT/uXtR6lclSLWFE1uS79/lHm/MDt1TcptWXXdwGrQpOF9iiXrD1lPQk8f6DmXpDca51F1dJzw9ZdCInue3O+k8rnHndg6qBXxnRsJWK+1PMmwbUidvyOCasvvINgOVuo/19boHVCp5sh1c4etaqLTzupysN4thef1vXoBKpqTpk55PvcTrgpFQ9Vmqlh+nTqJBwT4MO5gM0BLvjx2weCRyol/VWXlAhDFn+5ExH3G3ZNQugbqoHYQvHcpdzMPwn3GG3MD725DMYPcKjN2g9QQX2XCgs/qb44RrAHHp"}
{"pseudonym": "cd1a3afeeac92cb813605e21e464de7db0ca53fa0190d3a1372a46f60ddd0712", "origin": "B3HqRYn8SzWupnIjpOt1uUAGPF99Yhnd+bGEJ4THEygkmuPOURCcwWBclRQOGzKeHjpFxAGRk1Ef2tXo+etWI94Jzli487upYjonoDpMJ3wViD+lChiCgiLL2vEdFihVdzQZCyhA/IDNf1A035YjwBl215V1etALbLfdWOwcGD4F18ZLK69AnEUuiWBb3X7GhrtU7ShkYxvD2sSSm3Y6WTKEqIWalq0l8DS5kGETz3mCWxi6aNf1wru6Aq0EYu4fTG90aNtGUJznCr7CWf5ASSwKZ6nbnCtC529VdNpGAAWW2J+dAJsPEgZIiVqF0r4JZMOG/ql5yKbucqx08nmRNb5G5dtny3XqxYFDr4TBrhA="}
{"pseudonym": "91d121bc503735a145e0e9869d792d26f6b22784210a0daf5b63840be2abf69a", "origin": "J2u0S8ZaB6dESofDn1ReBcauVDlpoV1fTuNeK6aMP1BUg8U2SYFQ7uLAwYPklpdFlRtoB7CQR/A20NVElQI0Ec5UqXF8HPLymA1mNWux7EsChOOj/JscUq7hLzExnZfUS9NP8nRBQgxRxOd4gB5OinqDK+BNQwBHgYL4pac5rfqLUxhO6ENk3ormvttWoTx8RmobaGH/o725DrUDnLkxTgOScNyAl2I/fiATsku2KsctKeBU4FiqJBdnXhqlJjAbIBC2VyehUamOOga6+cRCUlcW1GosifWiJ8lcE7A9dLwQ3eX0VwXaU4B4J9BCPKXA/3/TNCK/dWnD7ag5QVxfgYgDEbwmv8Q1IQ=="}
{"@timestamp": "2019-08-05T08:55:53.202Z", "@metadata": {"beat": "winlogbeat", "type": "_doc", "version": "7.2.0", "topic": "wineventlog_raw"}, "message": "An account was successfully logged on.\n\nSubject:\n\tSecurity ID:\t\tS-1-5-18\n\tAccount Name:\t\tCLIENT1$\n\tAccount Domain:\t\tWORKGROUP\n\tLogon ID:\t\t0x3e7\n\nLogon Type:\t\t\t5\n\nNew Logon:\n\tSecurity ID:\t\tS-1-5-18\n\tAccount Name:\t\tSYSTEM\n\tAccount Domain:\t\tNT AUTHORITY\n\tLogon ID:\t\t0x3e7\n\tLogon GUID:\t\t{00000000-0000-0000-0000-000000000000}\n\nProcess Information:\n\tProcess ID:\t\t0x1b4\n\tProcess Name:\t\tC:\\Windows\\System32\\services.exe\n\nNetwork Information:\n\tWorkstation Name:\t\n\tSource Network Address:\t-\n\tSource Port:\t\t-\n\nDetailed Authentication Information:\n\tLogon Process:\t\tAdvapi  \n\tAuthentication Package:\tNegotiate\n\tTransited Services:\t-\n\tPackage Name (NTLM only):\t-\n\tKey Length:\t\t0\n\nThis event is generated when a logon session is created. It is generated on the computer that was accessed.\n\nThe subject fields indicate the account on the local system which requested the logon. This is most commonly a service such as the Server service, or a local process such as Winlogon.exe or Services.exe.\n\nThe logon type field indicates the kind of logon that occurred. The most common types are 2 (interactive) and 3 (network).\n\nThe New Logon fields indicate the account for whom the new logon was created, i.e. the account that was logged on.\n\nThe network fields indicate where a remote logon request originated. Workstation name is not always available and may be left blank in some cases.\n\nThe authentication information fields provide detailed information about this specific logon request.\n\t- Logon GUID is a unique identifier that can be used to correlate this event with a KDC event.\n\t- Transited services indicate which intermediate services have participated in this logon request.\n\t- Package name indicates which sub-protocol was used among the NTLM protocols.\n\t- Key length indicates the length of the generated session key. This will be 0 if no session key was requested.", "process": {"pid": 436, "executable": "C:\\Windows\\System32\\services.exe", "name": "services.exe"}, "agent": {"hostname": "CLIENT1", "id": "0b755aca-0a9a-454a-9800-1979901962a0", "version": "7.2.0", "type": "winlogbeat", "ephemeral_id": "33f6eec2-a7ba-4caa-97b3-ea43b4f5e172"}, "user": {"id": "S-1-5-18", "name": "<pseudonym:387dddca7f9c9fa71c41295d7790d3bcd791cfe79b2dd4843551dfd0bf47acf2>", "domain": "NT AUTHORITY"}, "host": {"name": "CLIENT1", "id": "19fc45ac-5890-4f96-81b1-50ed111c0ce4", "hostname": "CLIENT1", "architecture": "x86", "os": {"version": "6.1", "family": "windows", "name": "Windows 7 Professional", "kernel": "6.1.7601.18741 (win7sp1_gdr.150202-1526)", "build": "7601.0", "platform": "windows"}}, "ecs": {"version": "1.0.0"}, "log": {"level": "information"}, "winlog": {"event_id": 4624, "api": "wineventlog", "computer_name": "CLIENT1", "opcode": "Info", "channel": "Security", "process": {"pid": 444, "thread": {"id": 524}}, "task": "Logon", "provider_guid": "{54849625-5478-4994-A5BA-3E3B0328C30D}", "provider_name": "Microsoft-Windows-Security-Auditing", "record_id": 4695, "keywords": ["Audit Success"], "event_data": {"KeyLength": "0", "SubjectLogonId": "0x3e7", "LogonProcessName": "Advapi  ", "LmPackageName": "-", "AuthenticationPackageName": "Negotiate", "SubjectUserSid": "<pseudonym:cd1a3afeeac92cb813605e21e464de7db0ca53fa0190d3a1372a46f60ddd0712>", "TransmittedServices": "-", "SubjectUserName": "<pseudonym:e887f3a09fdddf7c81a563b81f90ed9499d86badaa6173d1aa197a2b544d13b1>", "TargetLogonId": "0x3e7", "IpAddress": "<pseudonym:91d121bc503735a145e0e9869d792d26f6b22784210a0daf5b63840be2abf69a>", "IpPort": "-", "LogonGuid": "{00000000-0000-0000-0000-000000000000}", "SubjectDomainName": "WORKGROUP", "LogonType": "5"}}, "event": {"type": "authentication_success", "kind": "event", "code": 4624, "action": "Logon", "created": "2019-08-05T08:55:54.111Z", "category": "authentication"}}
{"@timestamp": "2019-08-05T08:56:02.971Z", "@metadata": {"beat": "winlogbeat", "type": "_doc", "version": "7.2.0", "topic": "wineventlog_raw"}, "agent": {"id": "0b755aca-0a9a-454a-9800-1979901962a0", "version": "7.2.0", "type": "winlogbeat", "ephemeral_id": "33f6eec2-a7ba-4caa-97b3-ea43b4f5e172", "hostname": "CLIENT1"}, "winlog": {"provider_guid": "{555908d1-a6d7-4695-8e1e-26931d2012f4}", "event_data": {"param1": "Windows Font Cache Service", "param2": "running", "Binary": "46006F006E007400430061006300680065002F0034000000"}, "task": "", "api": "wineventlog", "computer_name": "CLIENT1", "event_id": 7036, "record_id": 11764, "process": {"pid": 436, "thread": {"id": 1400}}, "channel": "System", "provider_name": "Service Control Manager", "keywords": ["Classic"]}, "event": {"code": 7036, "created": "2019-08-05T08:56:03.519Z", "kind": "event"}, "log": {"level": "information"}, "message": "The Windows Font Cache Service service entered the running state.", "ecs": {"version": "1.0.0"}, "host": {"id": "19fc45ac-5890-4f96-81b1-50ed111c0ce4", "hostname": "CLIENT1", "architecture": "x86", "name": "CLIENT1", "os": {"name": "Windows 7 Professional", "kernel": "6.1.7601.18741 (win7sp1_gdr.150202-1526)", "build": "7601.0", "platform": "windows", "version": "6.1", "family": "windows"}}}
{"pseudonym": "387dddca7f9c9fa71c41295d7790d3bcd791cfe79b2dd4843551dfd0bf47acf2", "origin": "P8dyaKdW6nHh9hkx9+mXy+V7WwItX57QxdG31xPtV2orSbrVKL0lDXiWnJulDKPMsG3HF/R7pmCuCuARoTynl4h1vt7Fp8S5POSAvYR4L4AG7hOn/cIe58B4AKay+tqVl9OiKyM7/bZkucTETPU1NyTC4ebZxDDlU6bf1OEOSaIWGE8b7oXFJxSnVxoakQAa/KZdhJsm+go6i2pZOhpr5LheGE3c2wKU41c4EkBL91iVh1ZCMP/5cxfyPeQ5IvpX/+wkseuXRW+LrOvjmeIr/UqOphTNjhGXz9SUTSdn4nw+/KQ/LOTcMLFNi0wv8molG5zl0cfiRQycsjnCZg26UC3P5M2VQJkRe35hkRRp"}
{"pseudonym": "cd1a3afeeac92cb813605e21e464de7db0ca53fa0190d3a1372a46f60ddd0712", "origin": "fNfOIS1dLxMXkTvAPmQ+NOiBcrosQt7OYuOVHduQSIa7oZtDdHn3oagCnge/XafcbGkASAuIHpT/OUpJILg8fzRrR7PAytJX6lJMcNbZAv2ImN/ieqwdt8bh3JZxwVEgnWWlaLjgLvWvN3pxzT0NCJxa94vBcB6+NugdueDUSgJqnnfXS6Kw8kV/YREAivjERC47Sy6HrjFL3dGwbJuLN9ugzQ6V0fBdxx+MN/9CtvUhVwxtdc0xCpj2yf5FH/NeoWlRC20/HXbF2VW0LLQvxea+r2I/Oq3FSysOCLzxWnnTYFP4sIJrj6lkwUWPAe01VIfMVIUIzFs3MAo9FjUXGu645DFupQkEyuBfgPu1fvQ="}
{"@timestamp": "2019-08-05T08:56:10.311Z", "@metadata": {"beat": "winlogbeat", "type": "_doc", "version": "7.2.0", "topic": "wineventlog_raw"}, "log": {"level": "information"}, "message": "Special privileges assigned to new logon.\n\nSubject:\n\tSecurity ID:\t\tS-1-5-18\n\tAccount Name:\t\tSYSTEM\n\tAccount Domain:\t\tNT AUTHORITY\n\tLogon ID:\t\t0x3e7\n\nPrivileges:\t\tSeAssignPrimaryTokenPrivilege\n\t\t\tSeTcbPrivilege\n\t\t\tSeSecurityPrivilege\n\t\t\tSeTakeOwnershipPrivilege\n\t\t\tSeLoadDriverPrivilege\n\t\t\tSeBackupPrivilege\n\t\t\tSeRestorePrivilege\n\t\t\tSeDebugPrivilege\n\t\t\tSeAuditPrivilege\n\t\t\tSeSystemEnvironmentPrivilege\n\t\t\tSeImpersonatePrivilege", "agent": {"hostname": "CLIENT1", "id": "0b755aca-0a9a-454a-9800-1979901962a0", "version": "7.2.0", "type": "winlogbeat", "ephemeral_id": "33f6eec2-a7ba-4caa-97b3-ea43b4f5e172"}, "ecs": {"version": "1.0.0"}, "host": {"name": "CLIENT1", "hostname": "CLIENT1", "architecture": "x86", "os": {"version": "6.1", "family": "windows", "name": "Windows 7 Professional", "kernel": "6.1.7601.18741 (win7sp1_gdr.150202-1526)", "build": "7601.0", "platform": "windows"}, "id": "19fc45ac-5890-4f96-81b1-50ed111c0ce4"}, "winlog": {"keywords": ["Audit Success"], "process": {"pid": 444, "thread": {"id": 524}}, "channel": "Security", "event_id": 4672, "provider_guid": "{54849625-5478-4994-A5BA-3E3B0328C30D}", "event_data": {"PrivilegeList": "SeAssignPrimaryTokenPrivilege\n\t\t\tSeTcbPrivilege\n\t\t\tSeSecurityPrivilege\n\t\t\tSeTakeOwnershipPrivilege\n\t\t\tSeLoadDriverPrivilege\n\t\t\tSeBackupPrivilege\n\t\t\tSeRestorePrivilege\n\t\t\tSeDebugPrivilege\n\t\t\tSeAuditPrivilege\n\t\t\tSeSystemEnvironmentPrivilege\n\t\t\tSeImpersonatePrivilege", "SubjectUserSid": "<pseudonym:cd1a3afeeac92cb813605e21e464de7db0ca53fa0190d3a1372a46f60ddd0712>", "SubjectUserName": "<pseudonym:387dddca7f9c9fa71c41295d7790d3bcd791cfe79b2dd4843551dfd0bf47acf2>", "SubjectDomainName": "NT AUTHORITY", "SubjectLogonId": "0x3e7"}, "api": "wineventlog", "computer_name": "CLIENT1", "task": "Special Logon", "opcode": "Info", "record_id": 4698, "provider_name": "Microsoft-Windows-Security-Auditing"}, "event": {"action": "Special Logon", "created": "2019-08-05T08:56:11.204Z", "kind": "event", "code": 4672}}
{"pseudonym": "2246ce99b75c4aebaf0cd5d095e35cdb0cbf0f8adaf28ed864467242b621c30c", "origin": "JqDLYsKg1lixTgM/ss7GdwAO/tn5ofaIL9sZCbWVxojgXN2Mdyrwr8YTG++2Q6pNTQk+1hGN23cpHcqbXEoBn076XuZQLidEQRH3dW8ybJuhj4VDh6QW3IxrSxaO6pOV7oWcedD2jj1D0AlDJqY8WTcvcIgfbbYU6IGLzPlKR30g7YZb8CwxXnKlGTHI1WxO1ElhdTAokKHWjN8Q4BAqPJdTTZp9Zg0ylNYKnEi1k2h+cTCyIQ0MAMwZm0zkrkZKz57906g97FOtvLbiSbUZm7f8x4QTo5NnZw9HmfbPBfcHNBFX0QPuGjMJzASEJaYI4sxJm5clHUDItude9dNNdqIi+DVZ6fG7T3cP7HpKoIUDHVQCRVG0dl/HOZxddiOo1YWZdubEPtm58UIwpalO0MuivW0s"}
{"@timestamp": "2019-07-30T14:37:49.000Z", "@metadata": {"beat": "winlogbeat", "type": "_doc", "version": "7.2.0", "topic": "wineventlog_raw"}, "agent": {"ephemeral_id": "de845cd9-5141-4c92-ad32-27a4518307e9", "hostname": "CLIENT1", "id": "0b755aca-0a9a-454a-9800-1979901962a0", "version": "7.2.0", "type": "winlogbeat"}, "ecs": {"version": "1.0.0"}, "host": {"architecture": "x86", "os": {"name": "Windows 7 Professional", "kernel": "6.1.7601.18741 (win7sp1_gdr.150202-1526)", "build": "7601.0", "platform": "windows", "version": "6.1", "family": "windows"}, "name": "CLIENT1", "id": "19fc45ac-5890-4f96-81b1-50ed111c0ce4", "hostname": "CLIENT1"}, "message": "The process C:\\Windows\\system32\\winlogon.exe (CLIENT1) has initiated the power off of computer CLIENT1 on behalf of user CLIENT1\\breach for the following reason: No title for this reason could be found\n Reason Code: 0x500ff\n Shutdown Type: power off\n Comment: ", "winlog": {"user": {"identifier": "<pseudonym:2246ce99b75c4aebaf0cd5d095e35cdb0cbf0f8adaf28ed864467242b621c30c>", "name": "breach", "domain": "CLIENT1", "type": "User"}, "keywords": ["Classic"], "provider_name": "USER32", "computer_name": "CLIENT1", "channel": "System", "api": "wineventlog", "event_data": {"param4": "0x500ff", "param5": "power off", "param7": "CLIENT1\\breach", "Binary": "FF00050000000000000000000000000000000000000000000000000000000000", "param1": "C:\\Windows\\system32\\winlogon.exe (CLIENT1)", "param2": "CLIENT1", "param3": "No title for this reason could be found"}, "record_id": 11546, "task": "", "event_id": 1074}, "event": {"kind": "event", "code": 1074, "created": "2019-08-02T09:55:11.995Z"}, "log": {"level": "information"}}
{"@timestamp": "2019-07-30T14:38:14.825Z", "@metadata": {"beat": "winlogbeat", "type": "_doc", "version": "7.2.0", "topic": "wineventlog_raw"}, "ecs": {"version": "1.0.0"}, "host": {"architecture": "x86", "os": {"name": "Windows 7 Professional", "kernel": "6.1.7601.18741 (win7sp1_gdr.150202-1526)", "build": "7601.0", "platform": "windows", "version": "6.1", "family": "windows"}, "id": "19fc45ac-5890-4f96-81b1-50ed111c0ce4", "name": "CLIENT1", "hostname": "CLIENT1"}, "agent": {"type": "winlogbeat", "ephemeral_id": "de845cd9-5141-4c92-ad32-27a4518307e9", "hostname": "CLIENT1", "id": "0b755aca-0a9a-454a-9800-1979901962a0", "version": "7.2.0"}, "winlog": {"provider_guid": "{555908d1-a6d7-4695-8e1e-26931d2012f4}", "computer_name": "CLIENT1", "process": {"pid": 436, "thread": {"id": 2808}}, "event_data": {"Binary": "5500780053006D0073002F0031000000", "param1": "Desktop Window Manager Session Manager", "param2": "stopped"}, "api": "wineventlog", "channel": "System", "keywords": ["Classic"], "event_id": 7036, "provider_name": "Service Control Manager", "task": "", "record_id": 11566}, "event": {"kind": "event", "code": 7036, "created": "2019-08-02T09:55:11.996Z"}, "log": {"level": "information"}, "message": "The Desktop Window Manager Session Manager service entered the stopped state."}
{"@timestamp": "2019-07-30T14:38:16.039Z", "@metadata": {"beat": "winlogbeat", "type": "_doc", "version": "7.2.0", "topic": "wineventlog_raw"}, "log": {"level": "information"}, "message": "The IKE and AuthIP IPsec Keying Modules service entered the stopped state.", "winlog": {"api": "wineventlog", "record_id": 11578, "computer_name": "CLIENT1", "process": {"thread": {"id": 2808}, "pid": 436}, "event_data": {"param1": "IKE and AuthIP IPsec Keying Modules", "param2": "stopped", "Binary": "49004B0045004500580054002F0031000000"}, "channel": "System", "provider_name": "Service Control Manager", "task": "", "event_id": 7036, "keywords": ["Classic"], "provider_guid": "{555908d1-a6d7-4695-8e1e-26931d2012f4}"}, "ecs": {"version": "1.0.0"}, "host": {"id": "19fc45ac-5890-4f96-81b1-50ed111c0ce4", "hostname": "CLIENT1", "architecture": "x86", "name": "CLIENT1", "os": {"family": "windows", "name": "Windows 7 Professional", "kernel": "6.1.7601.18741 (win7sp1_gdr.150202-1526)", "build": "7601.0", "platform": "windows", "version": "6.1"}}, "agent": {"ephemeral_id": "de845cd9-5141-4c92-ad32-27a4518307e9", "hostname": "CLIENT1", "id": "0b755aca-0a9a-454a-9800-1979901962a0", "version": "7.2.0", "type": "winlogbeat"}, "event": {"created": "2019-08-02T09:55:11.996Z", "kind": "event", "code": 7036}}
{"@timestamp": "2019-07-30T14:38:16.227Z", "@metadata": {"beat": "winlogbeat", "type": "_doc", "version": "7.2.0", "topic": "wineventlog_raw"}, "agent": {"hostname": "CLIENT1", "id": "0b755aca-0a9a-454a-9800-1979901962a0", "version": "7.2.0", "type": "winlogbeat", "ephemeral_id": "de845cd9-5141-4c92-ad32-27a4518307e9"}, "ecs": {"version": "1.0.0"}, "winlog": {"event_data": {"param1": "Windows Management Instrumentation", "param2": "stopped", "Binary": "570069006E006D0067006D0074002F0031000000"}, "channel": "System", "task": "", "provider_guid": "{555908d1-a6d7-4695-8e1e-26931d2012f4}", "provider_name": "Service Control Manager", "computer_name": "CLIENT1", "keywords": ["Classic"], "process": {"thread": {"id": 2808}, "pid": 436}, "event_id": 7036, "record_id": 11579, "api": "wineventlog"}, "event": {"code": 7036, "created": "2019-08-02T09:55:11.996Z", "kind": "event"}, "log": {"level": "information"}, "message": "The Windows Management Instrumentation service entered the stopped state.", "host": {"id": "19fc45ac-5890-4f96-81b1-50ed111c0ce4", "name": "CLIENT1", "hostname": "CLIENT1", "architecture": "x86", "os": {"build": "7601.0", "platform": "windows", "version": "6.1", "family": "windows", "name": "Windows 7 Professional", "kernel": "6.1.7601.18741 (win7sp1_gdr.150202-1526)"}}}
