{"@timestamp": "2019-08-02T09:46:23.953Z", "@metadata": {"beat": "winlogbeat", "type": "_doc", "version": "7.2.0", "topic": "wineventlog_raw"}, "event": {"code": 7036, "created": "2019-08-02T09:55:11.997Z", "kind": "event"}, "log": {"level": "information"}, "message": "The COM+ Event System service entered the running state.", "agent": {"id": "0b755aca-0a9a-454a-9800-1979901962a0", "version": "7.2.0", "type": "winlogbeat", "ephemeral_id": "de845cd9-5141-4c92-ad32-27a4518307e9", "hostname": "CLIENT1"}, "ecs": {"version": "1.0.0"}, "host": {"name": "CLIENT1", "id": "19fc45ac-5890-4f96-81b1-50ed111c0ce4", "hostname": "CLIENT1", "architecture": "x86", "os": {"platform": "windows", "version": "6.1", "family": "windows", "name": "Windows 7 Professional", "kernel": "6.1.7601.18741 (win7sp1_gdr.150202-1526)", "build": "7601.0"}}, "winlog": {"api": "wineventlog", "event_id": 7036, "provider_name": "Service Control Manager", "computer_name": "CLIENT1", "process": {"thread": {"id": 520}, "pid": 440}, "channel": "System", "record_id": 11603, "task": "", "event_data": {"param1": "COM+ Event System", "param2": "running", "Binary": "4500760065006E007400530079007300740065006D002F0034000000"}, "keywords": ["Classic"], "provider_guid": "{555908d1-a6d7-4695-8e1e-26931d2012f4}"}}
{"@timestamp": "2019-08-02T09:46:24.531Z", "@metadata": {"beat": "winlogbeat", "type": "_doc", "version": "7.2.0", "topic": "wineventlog_raw"}, "ecs": {"version": "1.0.0"}, "message": "The Security Accounts Manager service entered the running state.", "winlog": {"channel": "System", "task": "", "record_id": 11607, "computer_name": "CLIENT1", "process": {"pid": 440, "thread": {"id": 528}}, "event_id": 7036, "keywords": ["Classic"], "api": "wineventlog", "provider_guid": "{555908d1-a6d7-4695-8e1e-26931d2012f4}", "event_data": {"param1": "Security Accounts Manager", "param2": "running", "Binary": "530061006D00530073002F0034000000"}, "provider_name": "Service Control Manager"}, "event": {"kind": "event", "code": 7036, "created": "2019-08-02T09:55:11.997Z"}, "log": {"level": "information"}, "host": {"name": "CLIENT1", "architecture": "x86", "os": {"build": "7601.0", "platform": "windows", "version": "6.1", "family": "windows", "name": "Windows 7 Professional", "kernel": "6.1.7601.18741 (win7sp1_gdr.150202-1526)"}, "id": "19fc45ac-5890-4f96-81b1-50ed111c0ce4", "hostname": "CLIENT1"}, "agent": {"hostname": "CLIENT1", "id": "0b755aca-0a9a-454a-9800-1979901962a0", "version": "7.2.0", "type": "winlogbeat", "ephemeral_id": "de845cd9-5141-4c92-ad32-27a4518307e9"}}
{"@timestamp": "2019-08-02T09:46:39.687Z", "@metadata": {"beat": "winlogbeat", "type": "_doc", "version": "7.2.0", "topic": "wineventlog_raw"}, "host": {"name": "CLIENT1", "architecture": "x86", "os": {"platform": "windows", "version": "6.1", "family": "windows", "name": "Windows 7 Professional", "kernel": "6.1.7601.18741 (win7sp1_gdr.150202-1526)", "build": "7601.0"}, "id": "19fc45ac-5890-4f96-81b1-50ed111c0ce4", "hostname": "CLIENT1"}, "log": {"level": "information"}, "message": "The IKE and AuthIP IPsec Keying Modules service entered the running state.", "winlog": {"api": "wineventlog", "event_data": {"param2": "running", "Binary": "49004B0045004500580054002F0034000000", "param1": "IKE and AuthIP IPsec Keying Modules"}, "channel": "System", "process": {"thread": {"id": 524}, "pid": 440}, "task": "", "computer_name": "CLIENT1", "keywords": ["Classic"], "provider_name": "Service Control Manager", "record_id": 11624, "provider_guid": "{555908d1-a6d7-4695-8e1e-26931d2012f4}", "event_id": 7036}, "event": {"kind": "event", "code": 7036, "created": "2019-08-02T09:55:11.998Z"}, "agent": {"version": "7.2.0", "type": "winlogbeat", "ephemeral_id": "de845cd9-5141-4c92-ad32-27a4518307e9", "hostname": "CLIENT1", "id": "0b755aca-0a9a-454a-9800-1979901962a0"}, "ecs": {"version": "1.0.0"}}
{"@timestamp": "2019-08-02T09:47:49.175Z", "@metadata": {"beat": "winlogbeat", "type": "_doc", "version": "7.2.0", "topic": "wineventlog_raw"}, "event": {"code": 7036, "created": "2019-08-02T09:55:12.049Z", "kind": "event"}, "log": {"level": "information"}, "message": "The SSDP Discovery service entered the running state.", "winlog": {"api": "wineventlog", "event_data": {"param1": "SSDP Discovery", "param2": "running", "Binary": "53005300440050005300520056002F0034000000"}, "task": "", "process": {"pid": 440, "thread": {"id": 1752}}, "event_id": 7036, "provider_name": "Service Control Manager", "record_id": 11646, "channel": "System", "computer_name": "CLIENT1", "keywords": ["Classic"], "provider_guid": "{555908d1-a6d7-4695-8e1e-26931d2012f4}"}, "ecs": {"version": "1.0.0"}, "host": {"hostname": "CLIENT1", "architecture": "x86", "os": {"name": "Windows 7 Professional", "kernel": "6.1.7601.18741 (win7sp1_gdr.150202-1526)", "build": "7601.0", "platform": "windows", "version": "6.1", "family": "windows"}, "id": "19fc45ac-5890-4f96-81b1-50ed111c0ce4", "name": "CLIENT1"}, "agent": {"id": "0b755aca-0a9a-454a-9800-1979901962a0", "version": "7.2.0", "type": "winlogbeat", "ephemeral_id": "de845cd9-5141-4c92-ad32-27a4518307e9", "hostname": "CLIENT1"}}
{"pseudonym": "2246ce99b75c4aebaf0cd5d095e35cdb0cbf0f8adaf28ed864467242b621c30c", "origin": "YQBPuZbGfNgNbCE8hCTrluqC4nJh1Ya8x5K+olF9kpaBWAZ0t1qlVT5rzA4siJCVd6Tw5q4E04YLUqP+TOcfpRtCezR+mbT9779cwfk6BS43OXfIfsdutbh1p0S/OGNKJgklwVGCsKzf5W+48B7HNqBxF/kScRfYVTYEGgzTTvVP5Y8YNthsE/NIj5mvr5mf4lvXebjuZwe3EvZvxcDVk7Oof4+FtczxgLs12oOpIQUjWk6QCOsIdhe1kh+LYSufhKMsneAZvy9QHyZy8XtfR70d+w0rYAerirofqnhMlDm+871S1SKarobnjelxCTsMgaDSOCjypY6HrXhQu8Idd50E8HZcKmsq8Jy2SCcHRMGSKWG4/XHWtuLng8V/pdc1eg9yCv7PgBS8tfFovKs7T90bqfx5"}
{"@timestamp": "2019-08-02T09:53:47.000Z", "@metadata": {"beat": "winlogbeat", "type": "_doc", "version": "7.2.0", "topic": "wineventlog_raw"}, "host": {"architecture": "x86", "name": "CLIENT1", "os": {"kernel": "6.1.7601.18741 (win7sp1_gdr.150202-1526)", "build": "7601.0", "platform": "windows", "version": "6.1", "family": "windows", "name": "Windows 7 Professional"}, "id": "19fc45ac-5890-4f96-81b1-50ed111c0ce4", "hostname": "CLIENT1"}, "agent": {"type": "winlogbeat", "ephemeral_id": "de845cd9-5141-4c92-ad32-27a4518307e9", "hostname": "CLIENT1", "id": "0b755aca-0a9a-454a-9800-1979901962a0", "version": "7.2.0"}, "event": {"code": 1074, "created": "2019-08-02T09:55:12.089Z", "kind": "event"}, "log": {"level": "information"}, "message": "The process Explorer.EXE has initiated the power off of computer CLIENT1 on behalf of user CLIENT1\\breach for the following reason: Other (Unplanned)\n Reason Code: 0x0\n Shutdown Type: power off\n Comment: ", "winlog": {"record_id": 11659, "keywords": ["Classic"], "provider_name": "USER32", "task": "", "channel": "System", "event_data": {"param3": "Other (Unplanned)", "param4": "0x0", "param5": "power off", "param7": "CLIENT1\\breach", "Binary": "0000000000000000000000000000000000000000000000000000000000000000", "param1": "Explorer.EXE", "param2": "CLIENT1"}, "api": "wineventlog", "computer_name": "CLIENT1", "event_id": 1074, "user": {"identifier": "<pseudonym:2246ce99b75c4aebaf0cd5d095e35cdb0cbf0f8adaf28ed864467242b621c30c>", "name": "breach", "domain": "CLIENT1", "type": "User"}}, "ecs": {"version": "1.0.0"}}
{"@timestamp": "2019-08-02T09:54:20.994Z", "@metadata": {"beat": "winlogbeat", "type": "_doc", "version": "7.2.0", "topic": "wineventlog_raw"}, "winlog": {"task": "", "event_data": {"param2": "stopped", "Binary": "570064006900530079007300740065006D0048006F00730074002F0031000000", "param1": "Diagnostic System Host"}, "event_id": 7036, "provider_name": "Service Control Manager", "api": "wineventlog", "computer_name": "CLIENT1", "process": {"thread": {"id": 2680}, "pid": 440}, "channel": "System", "record_id": 11672, "keywords": ["Classic"], "provider_guid": "{555908d1-a6d7-4695-8e1e-26931d2012f4}"}, "event": {"kind": "event", "code": 7036, "created": "2019-08-02T09:55:12.090Z"}, "log": {"level": "information"}, "message": "The Diagnostic System Host service entered the stopped state.", "host": {"name": "CLIENT1", "hostname": "CLIENT1", "architecture": "x86", "os": {"name": "Windows 7 Professional", "kernel": "6.1.7601.18741 (win7sp1_gdr.150202-1526)", "build": "7601.0", "platform": "windows", "version": "6.1", "family": "windows"}, "id": "19fc45ac-5890-4f96-81b1-50ed111c0ce4"}, "agent": {"id": "0b755aca-0a9a-454a-9800-1979901962a0", "version": "7.2.0", "type": "winlogbeat", "ephemeral_id": "de845cd9-5141-4c92-ad32-27a4518307e9", "hostname": "CLIENT1"}, "ecs": {"version": "1.0.0"}}
{"@timestamp": "2019-08-02T09:54:22.551Z", "@metadata": {"beat": "winlogbeat", "type": "_doc", "version": "7.2.0", "topic": "wineventlog_raw"}, "log": {"level": "information"}, "message": "The Desktop Window Manager Session Manager service entered the stopped state.", "host": {"id": "19fc45ac-5890-4f96-81b1-50ed111c0ce4", "hostname": "CLIENT1", "name": "CLIENT1", "architecture": "x86", "os": {"build": "7601.0", "platform": "windows", "version": "6.1", "family": "windows", "name": "Windows 7 Professional", "kernel": "6.1.7601.18741 (win7sp1_gdr.150202-1526)"}}, "agent": {"id": "0b755aca-0a9a-454a-9800-1979901962a0", "version": "7.2.0", "type": "winlogbeat", "ephemeral_id": "de845cd9-5141-4c92-ad32-27a4518307e9", "hostname": "CLIENT1"}, "ecs": {"version": "1.0.0"}, "winlog": {"event_data": {"param2": "stopped", "Binary": "5500780053006D0073002F0031000000", "param1": "Desktop Window Manager Session Manager"}, "task": "", "process": {"pid": 440, "thread": {"id": 2680}}, "channel": "System", "event_id": 7036, "provider_name": "Service Control Manager", "record_id": 11682, "api": "wineventlog", "computer_name": "CLIENT1", "keywords": ["Classic"], "provider_guid": "{555908d1-a6d7-4695-8e1e-26931d2012f4}"}, "event": {"kind": "event", "code": 7036, "created": "2019-08-02T09:55:12.090Z"}}
{"@timestamp": "2019-08-02T09:54:55.046Z", "@metadata": {"beat": "winlogbeat", "type": "_doc", "version": "7.2.0", "topic": "wineventlog_raw"}, "ecs": {"version": "1.0.0"}, "host": {"hostname": "CLIENT1", "name": "CLIENT1", "architecture": "x86", "os": {"family": "windows", "name": "Windows 7 Professional", "kernel": "6.1.7601.18741 (win7sp1_gdr.150202-1526)", "build": "7601.0", "platform": "windows", "version": "6.1"}, "id": "19fc45ac-5890-4f96-81b1-50ed111c0ce4"}, "agent": {"version": "7.2.0", "type": "winlogbeat", "ephemeral_id": "de845cd9-5141-4c92-ad32-27a4518307e9", "hostname": "CLIENT1", "id": "0b755aca-0a9a-454a-9800-1979901962a0"}, "winlog": {"keywords": ["Classic"], "process": {"thread": {"id": 520}, "pid": 440}, "event_data": {"param1": "Plug and Play", "param2": "running", "Binary": "50006C007500670050006C00610079002F0034000000"}, "provider_guid": "{555908d1-a6d7-4695-8e1e-26931d2012f4}", "provider_name": "Service Control Manager", "record_id": 11704, "api": "wineventlog", "computer_name": "CLIENT1", "channel": "System", "event_id": 7036, "task": ""}, "event": {"kind": "event", "code": 7036, "created": "2019-08-02T09:55:12.091Z"}, "log": {"level": "information"}, "message": "The Plug and Play service entered the running state."}
{"@timestamp": "2019-08-02T09:54:58.921Z", "@metadata": {"beat": "winlogbeat", "type": "_doc", "version": "7.2.0", "topic": "wineventlog_raw"}, "event": {"kind": "event", "code": 7036, "created": "2019-08-02T09:55:12.091Z"}, "log": {"level": "information"}, "message": "The Shell Hardware Detection service entered the running state.", "winlog": {"event_id": 7036, "record_id": 11729, "process": {"pid": 440, "thread": {"id": 520}}, "event_data": {"param1": "Shell Hardware Detection", "param2": "running", "Binary": "5300680065006C006C004800570044006500740065006300740069006F006E002F0034000000"}, "provider_guid": "{555908d1-a6d7-4695-8e1e-26931d2012f4}", "provider_name": "Service Control Manager", "task": "", "computer_name": "CLIENT1", "channel": "System", "api": "wineventlog", "keywords": ["Classic"]}, "ecs": {"version": "1.0.0"}, "host": {"name": "CLIENT1", "architecture": "x86", "os": {"family": "windows", "name": "Windows 7 Professional", "kernel": "6.1.7601.18741 (win7sp1_gdr.150202-1526)", "build": "7601.0", "platform": "windows", "version": "6.1"}, "id": "19fc45ac-5890-4f96-81b1-50ed111c0ce4", "hostname": "CLIENT1"}, "agent": {"version": "7.2.0", "type": "winlogbeat", "ephemeral_id": "de845cd9-5141-4c92-ad32-27a4518307e9", "hostname": "CLIENT1", "id": "0b755aca-0a9a-454a-9800-1979901962a0"}}
{"@timestamp": "2019-08-02T09:55:00.531Z", "@metadata": {"beat": "winlogbeat", "type": "_doc", "version": "7.2.0", "topic": "wineventlog_raw"}, "message": "The Task Scheduler service entered the running state.", "winlog": {"event_id": 7036, "channel": "System", "record_id": 11730, "computer_name": "CLIENT1", "process": {"pid": 440, "thread": {"id": 528}}, "event_data": {"param1": "Task Scheduler", "param2": "running", "Binary": "5300630068006500640075006C0065002F0034000000"}, "task": "", "provider_name": "Service Control Manager", "api": "wineventlog", "keywords": ["Classic"], "provider_guid": "{555908d1-a6d7-4695-8e1e-26931d2012f4}"}, "event": {"created": "2019-08-02T09:55:12.091Z", "kind": "event", "code": 7036}, "log": {"level": "information"}, "ecs": {"version": "1.0.0"}, "host": {"architecture": "x86", "os": {"name": "Windows 7 Professional", "kernel": "6.1.7601.18741 (win7sp1_gdr.150202-1526)", "build": "7601.0", "platform": "windows", "version": "6.1", "family": "windows"}, "name": "CLIENT1", "id": "19fc45ac-5890-4f96-81b1-50ed111c0ce4", "hostname": "CLIENT1"}, "agent": {"type": "winlogbeat", "ephemeral_id": "de845cd9-5141-4c92-ad32-27a4518307e9", "hostname": "CLIENT1", "id": "0b755aca-0a9a-454a-9800-1979901962a0", "version": "7.2.0"}}
{"@timestamp": "2019-08-02T09:55:01.750Z", "@metadata": {"beat": "winlogbeat", "type": "_doc", "version": "7.2.0", "topic": "wineventlog_raw"}, "message": "The Workstation service entered the running state.", "host": {"os": {"version": "6.1", "family": "windows", "name": "Windows 7 Professional", "kernel": "6.1.7601.18741 (win7sp1_gdr.150202-1526)", "build": "7601.0", "platform": "windows"}, "name": "CLIENT1", "id": "19fc45ac-5890-4f96-81b1-50ed111c0ce4", "hostname": "CLIENT1", "architecture": "x86"}, "agent": {"version": "7.2.0", "type": "winlogbeat", "ephemeral_id": "de845cd9-5141-4c92-ad32-27a4518307e9", "hostname": "CLIENT1", "id": "0b755aca-0a9a-454a-9800-1979901962a0"}, "ecs": {"version": "1.0.0"}, "winlog": {"api": "wineventlog", "channel": "System", "record_id": 11734, "computer_name": "CLIENT1", "provider_guid": "{555908d1-a6d7-4695-8e1e-26931d2012f4}", "event_data": {"param1": "Workstation", "param2": "running", "Binary": "4C0061006E006D0061006E0057006F0072006B00730074006100740069006F006E002F0034000000"}, "provider_name": "Service Control Manager", "keywords": ["Classic"], "process": {"pid": 440, "thread": {"id": 524}}, "event_id": 7036, "task": ""}, "event": {"created": "2019-08-02T09:55:12.092Z", "kind": "event", "code": 7036}, "log": {"level": "information"}}
{"@timestamp": "2019-08-02T09:48:57.000Z", "@metadata": {"beat": "winlogbeat", "type": "_doc", "version": "7.2.0", "topic": "wineventlog_raw"}, "winlog": {"task": "", "channel": "Application", "provider_guid": "{E23B33B0-C8C9-472C-A5F9-F2BDFEA0F156}", "record_id": 2917, "api": "wineventlog", "computer_name": "CLIENT1", "keywords": ["Classic"], "event_id": 1066, "event_data": {"param1": "C:\\Windows\\system32\\sppwinob.dll, msft:spp/windowsfunctionality/agent/7.0, 0x00000000, 0x00000000\nC:\\Windows\\system32\\sppobjs.dll, msft:rm/algorithm/phone/1.0, 0x00000000, 0x00000000\nC:\\Windows\\system32\\sppobjs.dll, msft:rm/algorithm/pkey/2005, 0x00000000, 0x00000000\nC:\\Windows\\system32\\sppobjs.dll, msft:spp/TaskScheduler/1.0, 0x00000000, 0x00000000\nC:\\Windows\\system32\\sppobjs.dll, msft:spp/volume/services/kms/1.0, 0x00000000, 0x00000000\nC:\\Windows\\system32\\sppobjs.dll, msft:spp/volume/services/kms/licenserenewal/1.0, 0x00000000, 0x00000000"}, "provider_name": "Microsoft-Windows-Security-SPP"}, "event": {"code": 1066, "created": "2019-08-02T09:55:12.182Z", "kind": "event"}, "log": {"level": "information"}, "message": "Initialization status for service objects.\nC:\\Windows\\system32\\sppwinob.dll, msft:spp/windowsfunctionality/agent/7.0, 0x00000000, 0x00000000\nC:\\Windows\\system32\\sppobjs.dll, msft:rm/algorithm/phone/1.0, 0x00000000, 0x00000000\nC:\\Windows\\system32\\sppobjs.dll, msft:rm/algorithm/pkey/2005, 0x00000000, 0x00000000\nC:\\Windows\\system32\\sppobjs.dll, msft:spp/TaskScheduler/1.0, 0x00000000, 0x00000000\nC:\\Windows\\system32\\sppobjs.dll, msft:spp/volume/services/kms/1.0, 0x00000000, 0x00000000\nC:\\Windows\\system32\\sppobjs.dll, msft:spp/volume/services/kms/licenserenewal/1.0, 0x00000000, 0x00000000", "ecs": {"version": "1.0.0"}, "host": {"name": "CLIENT1", "architecture": "x86", "os": {"build": "7601.0", "platform": "windows", "version": "6.1", "family": "windows", "name": "Windows 7 Professional", "kernel": "6.1.7601.18741 (win7sp1_gdr.150202-1526)"}, "id": "19fc45ac-5890-4f96-81b1-50ed111c0ce4", "hostname": "CLIENT1"}, "agent": {"id": "0b755aca-0a9a-454a-9800-1979901962a0", "version": "7.2.0", "type": "winlogbeat", "ephemeral_id": "de845cd9-5141-4c92-ad32-27a4518307e9", "hostname": "CLIENT1"}}
{"pseudonym": "cd1a3afeeac92cb813605e21e464de7db0ca53fa0190d3a1372a46f60ddd0712", "origin": "H76QSBR+XpdA7WIgYEvsM5xM8LoWWW22NQonlgFK8BPoT0jT0NxNpug160DkQIzONHaQV4gkRIQKUvauQp7DKT8pWcQLKGJr9cm6+q33iQieLNUcscFhqg/Ve1Kfjbp3u9ALs2D/jOCxpNyFRCGWoVU/buh8q3ABhRofYc9CiT1Nrv+26G6Xo/hr6Q0FRubafuXi0jPG6mtLWyq8LYcpavIQKFyPVM75GPODfPvzgVLPL2tfUgB9OwTd8Idnnq1mg6MmqjmSR7eE3kXSka8Z8aoNw+fIucmT/AwA1Sxj+T4jeRbgclRNgH+oJP6pBoH5cbqBOXT85TvfWrGBJwK8x/Cp9zleyxf1XvR6zAdp7yk="}
{"@timestamp": "2019-08-02T09:55:09.931Z", "@metadata": {"beat": "winlogbeat", "type": "_doc", "version": "7.2.0", "topic": "wineventlog_raw"}, "ecs": {"version": "1.0.0"}, "host": {"os": {"family": "windows", "name": "Windows 7 Professional", "kernel": "6.1.7601.18741 (win7sp1_gdr.150202-1526)", "build": "7601.0", "platform": "windows", "version": "6.1"}, "id": "19fc45ac-5890-4f96-81b1-50ed111c0ce4", "hostname": "CLIENT1", "name": "CLIENT1", "architecture": "x86"}, "agent": {"ephemeral_id": "de845cd9-5141-4c92-ad32-27a4518307e9", "hostname": "CLIENT1", "id": "0b755aca-0a9a-454a-9800-1979901962a0", "version": "7.2.0", "type": "winlogbeat"}, "winlog": {"opcode": "Info", "event_id": 5615, "version": 2, "provider_guid": "{1EDEEE53-0AFE-4609-B846-D8C0B2075B1F}", "user": {"name": "SYSTEM", "domain": "NT AUTHORITY", "type": "User", "identifier": "<pseudonym:cd1a3afeeac92cb813605e21e464de7db0ca53fa0190d3a1372a46f60ddd0712>"}, "channel": "Application", "provider_name": "Microsoft-Windows-WMI", "task": "", "process": {"pid": 776, "thread": {"id": 1664}}, "api": "wineventlog", "record_id": 2929, "computer_name": "CLIENT1"}, "event": {"code": 5615, "created": "2019-08-02T09:55:12.183Z", "kind": "event"}, "log": {"level": "information"}, "message": "Windows Management Instrumentation Service started sucessfully"}
{"@timestamp": "2019-08-02T09:55:37.000Z", "@metadata": {"beat": "winlogbeat", "type": "_doc", "version": "7.2.0", "topic": "wineventlog_raw"}, "winlog": {"keywords": ["Classic"], "record_id": 2933, "computer_name": "CLIENT1", "provider_guid": "{E23B33B0-C8C9-472C-A5F9-F2BDFEA0F156}", "channel": "Application", "provider_name": "Microsoft-Windows-Security-SPP", "event_data": {"param1": "C:\\Windows\\system32\\sppwinob.dll, msft:spp/windowsfunctionality/agent/7.0, 0x00000000, 0x00000000\nC:\\Windows\\system32\\sppobjs.dll, msft:rm/algorithm/phone/1.0, 0x00000000, 0x00000000\nC:\\Windows\\system32\\sppobjs.dll, msft:rm/algorithm/pkey/2005, 0x00000000, 0x00000000\nC:\\Windows\\system32\\sppobjs.dll, msft:spp/TaskScheduler/1.0, 0x00000000, 0x00000000\nC:\\Windows\\system32\\sppobjs.dll, msft:spp/volume/services/kms/1.0, 0x00000000, 0x00000000\nC:\\Windows\\system32\\sppobjs.dll, msft:spp/volume/services/kms/licenserenewal/1.0, 0x00000000, 0x00000000"}, "event_id": 1066, "task": "", "api": "wineventlog"}, "event": {"kind": "event", "code": 1066, "created": "2019-08-02T09:55:38.340Z"}, "log": {"level": "information"}, "message": "Initialization status for service objects.\nC:\\Windows\\system32\\sppwinob.dll, msft:spp/windowsfunctionality/agent/7.0, 0x00000000, 0x00000000\nC:\\Windows\\system32\\sppobjs.dll, msft:rm/algorithm/phone/1.0, 0x00000000, 0x00000000\nC:\\Windows\\system32\\sppobjs.dll, msft:rm/algorithm/pkey/2005, 0x00000000, 0x00000000\nC:\\Windows\\system32\\sppobjs.dll, msft:spp/TaskScheduler/1.0, 0x00000000, 0x00000000\nC:\\Windows\\system32\\sppobjs.dll, msft:spp/volume/services/kms/1.0, 0x00000000, 0x00000000\nC:\\Windows\\system32\\sppobjs.dll, msft:spp/volume/services/kms/licenserenewal/1.0, 0x00000000, 0x00000000", "host": {"name": "CLIENT1", "hostname": "CLIENT1", "architecture": "x86", "os": {"version": "6.1", "family": "windows", "name": "Windows 7 Professional", "kernel": "6.1.7601.18741 (win7sp1_gdr.150202-1526)", "build": "7601.0", "platform": "windows"}, "id": "19fc45ac-5890-4f96-81b1-50ed111c0ce4"}, "agent": {"ephemeral_id": "de845cd9-5141-4c92-ad32-27a4518307e9", "hostname": "CLIENT1", "id": "0b755aca-0a9a-454a-9800-1979901962a0", "version": "7.2.0", "type": "winlogbeat"}, "ecs": {"version": "1.0.0"}}
{"pseudonym": "e887f3a09fdddf7c81a563b81f90ed9499d86badaa6173d1aa197a2b544d13b1", "origin": "DYQZlNU9Lf+7CEFY/sOrNEdopCQFVmrZv8RrbB51Y+u4IfmBeGNTq2h3mx/Ft52Ak6DL6JZuIEP1r4bvy+3IAP9jnSCESKanL6xyZsKxZYxI7Q2HwILbU3pEdB4hjkggA+JUGRpVnKbJCkHp/cddNfOqZltOQREeIP6gBIO3eP/nV3J7p2dQCEGXYoXkEYBGE29/Z4VIKpU2VvmsRdkQ6b1MwPNjXbaDrfS5gR0rGWXwblD/LL350/UmDV2kodf2ih7GJ621Y3JMqUX29TZ8Ga9OAE+MFf8OCG276N0sQ6XIhMeKIPC6k/pwwbY7Y4LlpwQAfZBDx2VLDwngOSxw4cbssiOUPnNdwuuHPSij0hg="}
{"pseudonym": "387dddca7f9c9fa71c41295d7790d3bcd791cfe79b2dd4843551dfd0bf47acf2", "origin": "EC3E5ElvLyVRlUnSdOAuOo/YeQs7BMyf5LyeIErDrmLyhFKf9W8vQRADpzn9vXE0p2yTVQNEIJJf4A3h9v9bJ1LwnJf51NZYM2nS7oTXhAEouYOD5bpuo3bolo/yDzq2GaZQxJBE+1z5/IF3xxX6IGGsZpYPBzPqaQkRa7DupyloFbLC/UOtsdSKduxUtIBHVAXcm6hkCyVS9nksN7Kj+lM7dJn1O6cbASbLHU8FR+tvaT/BY2I1qkHuXswT3WYy02zd1pvhit0qwoyZrerWk0fy8X/TDimrsFu6toAtNmIRL4xCJfN1TImnDsoyzzdsh3EiSNOSevyoEIc3vOVnV3XvBne9MBBRBeTOY3+T"}
{"pseudonym": "cd1a3afeeac92cb813605e21e464de7db0ca53fa0190d3a1372a46f60ddd0712", "origin": "JREjcPNgxZVTD5i63vy5Ya6rWH3kglGjPXFbNdUR/xDiqea3z8e17q35jRonXGyAslEsRFRsPD/9fKicS5Cas3NsF1n04yUBmPut7CiLy+HKqZIxCmMSNukHSgRpt9Nss6nATw9nRkh08Iwi84zY4lgzXO4RYcA12+SZPoitqzPP9uF5WXfJEdCNcIMmC3S9SbsTT/oXRH5X23GOzllTzrY/54KcVj0lxQwWWykWG5K1uQqwVExLm5PEQkVKu5T8sHmfsOLG//aPf6edu7cdSqoUaUwH5f3Akq/q9GUEUqQO4hcOvkFEekGATw77NWvkPGFdJWjU3RN9RJq4u35Sp0ktpJ4xUGZ6ncc2C2pLZJ8="}
{"pseudonym": "91d121bc503735a145e0e9869d792d26f6b22784210a0daf5b63840be2abf69a", "origin": "LJJ5ynxEFlp0FjqVzWI3FoAaHCDpEXMD39ChFM0PnNEJVkSXj5VVnTcaMHEEL2CwrIjXzlfMl6QOf+titBLeRRDn+d8mA9xz2Tg+i9AzsjuXdPRrZhk4OAyZTYsvuw1ny71HaJKAjo17nnjB82K5eTpr13CmlNzhjvnE4K2p41U0oWmsOutSqbLolKIoyWb59pj6SqAAu0G05kQD3kCG4GzADJIVa3joNZUr0uAYLomXRWEiV5WUZEWnWYX0DqdHc5noZZgzyeolj63ZlH8/cp56zDjIg2ppXnlZp0G0N0jmKFFyfn99BoJSwcT5fi9TVgNOnjZe1VazMdkQDMzq8AP3c3P11PgbAQ=="}
{"@timestamp": "2019-08-02T09:55:51.715Z", "@metadata": {"beat": "winlogbeat", "type": "_doc", "version": "7.2.0", "topic": "wineventlog_raw"}, "message": "An account was successfully logged on.\n\nSubject:\n\tSecurity ID:\t\tS-1-5-18\n\tAccount Name:\t\tCLIENT1$\n\tAccount Domain:\t\tWORKGROUP\n\tLogon ID:\t\t0x3e7\n\nLogon Type:\t\t\t5\n\nNew Logon:\n\tSecurity ID:\t\tS-1-5-18\n\tAccount Name:\t\tSYSTEM\n\tAccount Domain:\t\tNT AUTHORITY\n\tLogon ID:\t\t0x3e7\n\tLogon GUID:\t\t{00000000-0000-0000-0000-000000000000}\n\nProcess Information:\n\tProcess ID:\t\t0x1b8\n\tProcess Name:\t\tC:\\Windows\\System32\\services.exe\n\nNetwork Information:\n\tWorkstation Name:\t\n\tSource Network Address:\t-\n\tSource Port:\t\t-\n\nDetailed Authentication Information:\n\tLogon Process:\t\tAdvapi  \n\tAuthentication Package:\tNegotiate\n\tTransited Services:\t-\n\tPackage Name (NTLM only):\t-\n\tKey Length:\t\t0\n\nThis event is generated when a logon session is created. It is generated on the computer that was accessed.\n\nThe subject fields indicate the account on the local system which requested the logon. This is most commonly a service such as the Server service, or a local process such as Winlogon.exe or Services.exe.\n\nThe logon type field indicates the kind of logon that occurred. The most common types are 2 (interactive) and 3 (network).\n\nThe New Logon fields indicate the account for whom the new logon was created, i.e. the account that was logged on.\n\nThe network fields indicate where a remote logon request originated. Workstation name is not always available and may be left blank in some cases.\n\nThe authentication information fields provide detailed information about this specific logon request.\n\t- Logon GUID is a unique identifier that can be used to correlate this event with a KDC event.\n\t- Transited services indicate which intermediate services have participated in this logon request.\n\t- Package name indicates which sub-protocol was used among the NTLM protocols.\n\t- Key length indicates the length of the generated session key. This will be 0 if no session key was requested.", "user": {"id": "S-1-5-18", "name": "<pseudonym:387dddca7f9c9fa71c41295d7790d3bcd791cfe79b2dd4843551dfd0bf47acf2>", "domain": "NT AUTHORITY"}, "process": {"pid": 440, "executable": "C:\\Windows\\System32\\services.exe", "name": "services.exe"}, "host": {"name": "CLIENT1", "hostname": "CLIENT1", "architecture": "x86", "os": {"version": "6.1", "family": "windows", "name": "Windows 7 Professional", "kernel": "6.1.7601.18741 (win7sp1_gdr.150202-1526)", "build": "7601.0", "platform": "windows"}, "id": "19fc45ac-5890-4f96-81b1-50ed111c0ce4"}, "ecs": {"version": "1.0.0"}, "winlog": {"task": "Logon", "api": "wineventlog", "event_data": {"LogonType": "5", "TransmittedServices": "-", "SubjectUserName": "<pseudonym:e887f3a09fdddf7c81a563b81f90ed9499d86badaa6173d1aa197a2b544d13b1>", "TargetLogonId": "0x3e7", "IpPort": "-", "SubjectUserSid": "<pseudonym:cd1a3afeeac92cb813605e21e464de7db0ca53fa0190d3a1372a46f60ddd0712>", "SubjectLogonId": "0x3e7", "AuthenticationPackageName": "Negotiate", "IpAddress": "<pseudonym:91d121bc503735a145e0e9869d792d26f6b22784210a0daf5b63840be2abf69a>", "LogonProcessName": "Advapi  ", "LogonGuid": "{00000000-0000-0000-0000-000000000000}", "SubjectDomainName": "WORKGROUP", "KeyLength": "0", "LmPackageName": "-"}, "keywords": ["Audit Success"], "process": {"thread": {"id": 496}, "pid": 448}, "provider_name": "Microsoft-Windows-Security-Auditing", "event_id": 4624, "channel": "Security", "provider_guid": "{54849625-5478-4994-A5BA-3E3B0328C30D}", "record_id": 4695, "computer_name": "CLIENT1", "opcode": "Info"}, "log": {"level": "information"}, "agent": {"type": "winlogbeat", "ephemeral_id": "de845cd9-5141-4c92-ad32-27a4518307e9", "hostname": "CLIENT1", "id": "0b755aca-0a9a-454a-9800-1979901962a0", "version": "7.2.0"}, "event": {"action": "Logon", "created": "2019-08-02T09:55:54.382Z", "kind": "event", "code": 4624, "category": "authentication", "type": "authentication_success"}}
{"@timestamp": "2019-08-02T09:57:13.359Z", "@metadata": {"beat": "winlogbeat", "type": "_doc", "version": "7.2.0", "topic": "wineventlog_raw"}, "host": {"hostname": "CLIENT1", "name": "CLIENT1", "architecture": "x86", "os": {"kernel": "6.1.7601.18741 (win7sp1_gdr.150202-1526)", "build": "7601.0", "platform": "windows", "version": "6.1", "family": "windows", "name": "Windows 7 Professional"}, "id": "19fc45ac-5890-4f96-81b1-50ed111c0ce4"}, "agent": {"hostname": "CLIENT1", "id": "0b755aca-0a9a-454a-9800-1979901962a0", "version": "7.2.0", "type": "winlogbeat", "ephemeral_id": "de845cd9-5141-4c92-ad32-27a4518307e9"}, "event": {"created": "2019-08-02T09:57:15.113Z", "kind": "event", "code": 7036}, "log": {"level": "information"}, "message": "The Windows Defender service entered the running state.", "winlog": {"record_id": 11771, "event_data": {"param1": "Windows Defender", "param2": "running", "Binary": "570069006E0044006500660065006E0064002F0034000000"}, "channel": "System", "api": "wineventlog", "keywords": ["Classic"], "task": "", "event_id": 7036, "provider_name": "Service Control Manager", "computer_name": "CLIENT1", "provider_guid": "{555908d1-a6d7-4695-8e1e-26931d2012f4}", "process": {"pid": 440, "thread": {"id": 1856}}}, "ecs": {"version": "1.0.0"}}
{"@timestamp": "2019-08-02T09:59:57.357Z", "@metadata": {"beat": "winlogbeat", "type": "_doc", "version": "7.2.0", "topic": "wineventlog_raw"}, "log": {"level": "information"}, "message": "The Multimedia Class Scheduler service entered the stopped state.", "winlog": {"event_data": {"param2": "stopped", "Binary": "4D004D004300530053002F0031000000", "param1": "Multimedia Class Scheduler"}, "channel": "System", "event_id": 7036, "provider_name": "Service Control Manager", "api": "wineventlog", "task": "", "keywords": ["Classic"], "process": {"thread": {"id": 1856}, "pid": 440}, "computer_name": "CLIENT1", "provider_guid": "{555908d1-a6d7-4695-8e1e-26931d2012f4}", "record_id": 11777}, "ecs": {"version": "1.0.0"}, "host": {"name": "CLIENT1", "id": "19fc45ac-5890-4f96-81b1-50ed111c0ce4", "hostname": "CLIENT1", "architecture": "x86", "os": {"version": "6.1", "family": "windows", "name": "Windows 7 Professional", "kernel": "6.1.7601.18741 (win7sp1_gdr.150202-1526)", "build": "7601.0", "platform": "windows"}}, "agent": {"hostname": "CLIENT1", "id": "0b755aca-0a9a-454a-9800-1979901962a0", "version": "7.2.0", "type": "winlogbeat", "ephemeral_id": "de845cd9-5141-4c92-ad32-27a4518307e9"}, "event": {"kind": "event", "code": 7036, "created": "2019-08-02T09:59:58.406Z"}}
{"pseudonym": "e887f3a09fdddf7c81a563b81f90ed9499d86badaa6173d1aa197a2b544d13b1", "origin": "EL9kyHD7OxnKrvHl5+VdHmenk5mkEHItvvZV4vVNlkY33WdIBlKGD7K3mVq59uZdKzvPxYXnfDvt2MRT8ZWFNgc4HKIamhCaWt6gVH01JJD3fofjw9nnYmCixwxOTxxo/AV4jkOvrbASn/gSZ41BmVPJ/7lBMaYZyqhzti56EWIl0XM5NWLdsraNpX2O1aYkly+48YOIhWBljwB1FSh0svMfJ5ISFXaJx7wrw8eXzH/aN/0gsUPSm0HHRKXKEymrcoev9y/FuTJb7p2s5wl3keClVIGGxUQM8FcdPx00uPept+b0jlunoL5j0AgrRbhBvEZ07slYNi/t1Y3NiEznZHsDjiiLaJT8Ok0BuRFaHiE="}
{"pseudonym": "cd1a3afeeac92cb813605e21e464de7db0ca53fa0190d3a1372a46f60ddd0712", "origin": "n/tuQwFyhY1Rl0VZYAxSiM+KjgnZgB09nrDNYcvbn56LxKz7hT8ANhuacOLtO9H15746g8yMrt0519RiVi6Asu0rI54Aww4aTCVdgwZ/IRNWo4orOUhQaFXO5et0CPPM5KoqUjr8lKVXb3/IMtK98q8BTcQMUU+ug6Had2jvsCjCBGaMylunBU1sqnqnUEPqXtAdJtvh7X4PPnx4tdtSAXTzbvkdm0JlmI7ABTpa8mcKMpMrsg7ybSMdETv9pGKKqnmAWtZ6kb0Wj4BK3Zgp6PJlGB1pA/rGWo7+f3zYtJTxQdsyZyxKbspoxw2I0C7Fr2slc9uzX9YwKlQBMEtt80eo3nK27H1wH1NQ1oh4Hh4="}
{"@timestamp": "2019-08-02T10:25:05.131Z", "@metadata": {"beat": "winlogbeat", "type": "_doc", "version": "7.2.0", "topic": "wineventlog_raw"}, "message": "The system time was changed.\n\nSubject:\n\tSecurity ID:\t\tS-1-5-18\n\tAccount Name:\t\tCLIENT1$\n\tAccount Domain:\t\tWORKGROUP\n\tLogon ID:\t\t0x3e7\n\nProcess Information:\n\tProcess ID:\t0x5b4\n\tName:\t\tC:\\Program Files\\NetTime\\NetTimeService.exe\n\nPrevious Time:\t\t\u200e2019\u200e-\u200e08\u200e-\u200e02T10:25:05.910867900Z\nNew Time:\t\t\u200e2019\u200e-\u200e08\u200e-\u200e02T10:25:05.131000000Z\n\nThis event is generated when the system time is changed. It is normal for the Windows Time Service, which runs with System privilege, to change the system time on a regular basis. Other system time changes may be indicative of attempts to tamper with the computer.", "ecs": {"version": "1.0.0"}, "host": {"name": "CLIENT1", "architecture": "x86", "os": {"name": "Windows 7 Professional", "kernel": "6.1.7601.18741 (win7sp1_gdr.150202-1526)", "build": "7601.0", "platform": "windows", "version": "6.1", "family": "windows"}, "id": "19fc45ac-5890-4f96-81b1-50ed111c0ce4", "hostname": "CLIENT1"}, "agent": {"version": "7.2.0", "type": "winlogbeat", "ephemeral_id": "de845cd9-5141-4c92-ad32-27a4518307e9", "hostname": "CLIENT1", "id": "0b755aca-0a9a-454a-9800-1979901962a0"}, "winlog": {"task": "Security State Change", "keywords": ["Audit Success"], "opcode": "Info", "record_id": 4705, "computer_name": "CLIENT1", "provider_guid": "{54849625-5478-4994-A5BA-3E3B0328C30D}", "event_data": {"SubjectUserSid": "<pseudonym:cd1a3afeeac92cb813605e21e464de7db0ca53fa0190d3a1372a46f60ddd0712>", "SubjectUserName": "<pseudonym:e887f3a09fdddf7c81a563b81f90ed9499d86badaa6173d1aa197a2b544d13b1>", "SubjectDomainName": "WORKGROUP", "SubjectLogonId": "0x3e7", "PreviousTime": "2019-08-02T10:25:05.910867900Z", "NewTime": "2019-08-02T10:25:05.131000000Z", "ProcessId": "0x5b4", "ProcessName": "C:\\Program Files\\NetTime\\NetTimeService.exe"}, "channel": "Security", "version": 1, "event_id": 4616, "process": {"pid": 4, "thread": {"id": 60}}, "provider_name": "Microsoft-Windows-Security-Auditing", "api": "wineventlog"}, "event": {"code": 4616, "action": "Security State Change", "created": "2019-08-02T10:25:05.507Z", "kind": "event"}, "log": {"level": "information"}}
{"pseudonym": "e887f3a09fdddf7c81a563b81f90ed9499d86badaa6173d1aa197a2b544d13b1", "origin": "cYZmwUhIOjsboFhKgS3FclcX5YnL9t40PCAROBFTBDk/8yrKxe1oJSoZoGlD644jyV6xbyW3tYT4XFZh8zFRoTGDqEWM2vBn0fwjKTCEtJUeLNjTpx+ggL10PUrOAoEp06U/o/Y4lKC8ulKCx69Ag6Cxq7RkihEFgjIlx1Uh9Bg82riD+QPR4/w05CwsJq/iNteuv91DVoTqt2snPVHiJpZq5oaKyodQSug2ulPoasEeBnec7hGMbRPU6KVNp4jlh+8OP3vzEDhRYsOjSLDNGX2AB8x5+pjJMKGnlq/AbePE9XLbAGd+n6nnmg9IawgWhQRtJ4XcQlnrlo70nuOt0Y9DpUNriIa+KaSCsNsG2gI="}
{"pseudonym": "cd1a3afeeac92cb813605e21e464de7db0ca53fa0190d3a1372a46f60ddd0712", "origin": "b3ydnCjZezi6zL5aue2bJTbjIUSGxSQizcWyYI13KXfnq601i0StnDuFaWs2Js8tNwXbnfxjrKekHtibe+XUVWy8aOaq8vX43D2zh2onWiq9gfT5TDPSx4Ls7AdyTwK7x4Tv7pWR5Jq7zP2l9FI0jVCQprgyJ3po/VnaVqvTrvRHC75ECU/3E8oLi6Z4PKhC2C1CZPynFj8Tf6HSsQ/vnt0jyTpoDpqgW2JTZwrKOdTylburBw0DNKHHrASGjisekt/uEh1huK+lFNmpZODD2lvtWG/SDhxnyAjBf5vHxf9v5+3ensacJMF/Sik58/DLOl+C7DAIIbmkQjGa2W5oXwo4X2CAppDl+7/AGLEJvTk="}
{"@timestamp": "2019-08-02T11:00:03.429Z", "@metadata": {"beat": "winlogbeat", "type": "_doc", "version": "7.2.0", "topic": "wineventlog_raw"}, "ecs": {"version": "1.0.0"}, "host": {"name": "CLIENT1", "os": {"platform": "windows", "version": "6.1", "family": "windows", "name": "Windows 7 Professional", "kernel": "6.1.7601.18741 (win7sp1_gdr.150202-1526)", "build": "7601.0"}, "id": "19fc45ac-5890-4f96-81b1-50ed111c0ce4", "hostname": "CLIENT1", "architecture": "x86"}, "agent": {"type": "winlogbeat", "ephemeral_id": "de845cd9-5141-4c92-ad32-27a4518307e9", "hostname": "CLIENT1", "id": "0b755aca-0a9a-454a-9800-1979901962a0", "version": "7.2.0"}, "winlog": {"channel": "Security", "event_id": 4616, "computer_name": "CLIENT1", "version": 1, "record_id": 4719, "opcode": "Info", "provider_guid": "{54849625-5478-4994-A5BA-3E3B0328C30D}", "event_data": {"NewTime": "2019-08-02T11:00:03.429000000Z", "ProcessId": "0x5b4", "ProcessName": "C:\\Program Files\\NetTime\\NetTimeService.exe", "SubjectUserSid": "<pseudonym:cd1a3afeeac92cb813605e21e464de7db0ca53fa0190d3a1372a46f60ddd0712>", "SubjectUserName": "<pseudonym:e887f3a09fdddf7c81a563b81f90ed9499d86badaa6173d1aa197a2b544d13b1>", "SubjectDomainName": "WORKGROUP", "SubjectLogonId": "0x3e7", "PreviousTime": "2019-08-02T11:00:04.022376900Z"}, "provider_name": "Microsoft-Windows-Security-Auditing", "process": {"pid": 4, "thread": {"id": 60}}, "task": "Security State Change", "api": "wineventlog", "keywords": ["Audit Success"]}, "event": {"action": "Security State Change", "created": "2019-08-02T11:00:05.619Z", "kind": "event", "code": 4616}, "log": {"level": "information"}, "message": "The system time was changed.\n\nSubject:\n\tSecurity ID:\t\tS-1-5-18\n\tAccount Name:\t\tCLIENT1$\n\tAccount Domain:\t\tWORKGROUP\n\tLogon ID:\t\t0x3e7\n\nProcess Information:\n\tProcess ID:\t0x5b4\n\tName:\t\tC:\\Program Files\\NetTime\\NetTimeService.exe\n\nPrevious Time:\t\t\u200e2019\u200e-\u200e08\u200e-\u200e02T11:00:04.022376900Z\nNew Time:\t\t\u200e2019\u200e-\u200e08\u200e-\u200e02T11:00:03.429000000Z\n\nThis event is generated when the system time is changed. It is normal for the Windows Time Service, which runs with System privilege, to change the system time on a regular basis. Other system time changes may be indicative of attempts to tamper with the computer."}
{"pseudonym": "cd1a3afeeac92cb813605e21e464de7db0ca53fa0190d3a1372a46f60ddd0712", "origin": "U+r13zMSmj27Ek2VX5SRLKwAJhMXw8A8RtIhnhaU8mTkd8jv2tpRInMDHCcizk2losSKG8vuj5cdHrQdLLMxQvO+f6etks5GZ+p7eJked5krIGJ8ofcViSz9o1PKn6PTOfTc9LrwDVBtTH43NBDpFRYCjokkB1M8cMQJuMfSvYUsizIb6o5qrkz12Z853EsT/XAjeVU/o6Fn109czfWuBK324PnKLRZ+3u82CWoITR37JXqZXEIvvTRNvE6ZSEjwExdLIoo0tYhMSk8qvMl2Ozf0FhrnTKEGkzvLiqbmSnYg3JNg63/9CkgpQzVVLY4xywdDW8gn491lnm6BJGzrI/7w2fMXt1MfEZr5CoeSjx4="}
{"@timestamp": "2019-08-02T11:45:01.841Z", "@metadata": {"beat": "winlogbeat", "type": "_doc", "version": "7.2.0", "topic": "wineventlog_raw"}, "ecs": {"version": "1.0.0"}, "host": {"name": "CLIENT1", "hostname": "CLIENT1", "architecture": "x86", "os": {"build": "7601.0", "platform": "windows", "version": "6.1", "family": "windows", "name": "Windows 7 Professional", "kernel": "6.1.7601.18741 (win7sp1_gdr.150202-1526)"}, "id": "19fc45ac-5890-4f96-81b1-50ed111c0ce4"}, "agent": {"version": "7.2.0", "type": "winlogbeat", "ephemeral_id": "de845cd9-5141-4c92-ad32-27a4518307e9", "hostname": "CLIENT1", "id": "0b755aca-0a9a-454a-9800-1979901962a0"}, "log": {"level": "information"}, "message": "The system time has changed to \u200e2019\u200e-\u200e08\u200e-\u200e02T11:45:01.841000000Z from \u200e2019\u200e-\u200e08\u200e-\u200e02T11:45:02.591404000Z.", "winlog": {"record_id": 11813, "opcode": "Info", "process": {"pid": 1460, "thread": {"id": 1504}}, "keywords": ["Time"], "user": {"identifier": "<pseudonym:cd1a3afeeac92cb813605e21e464de7db0ca53fa0190d3a1372a46f60ddd0712>", "name": "SYSTEM", "domain": "NT AUTHORITY", "type": "User"}, "channel": "System", "event_id": 1, "task": "", "provider_guid": "{A68CA8B7-004F-D7B6-A698-07E2DE0F1F5D}", "event_data": {"NewTime": "2019-08-02T11:45:01.841000000Z", "OldTime": "2019-08-02T11:45:02.591404000Z"}, "provider_name": "Microsoft-Windows-Kernel-General", "api": "wineventlog", "computer_name": "CLIENT1"}, "event": {"kind": "event", "code": 1, "created": "2019-08-02T11:45:02.841Z"}}
{"pseudonym": "e887f3a09fdddf7c81a563b81f90ed9499d86badaa6173d1aa197a2b544d13b1", "origin": "gI6ngqN6rqaZVRlKu3I/LZdN4sI/6gdKGOwj5/dnJrUMwGeQ/Y4I06DYeLYD7YbfLAxp9F8rAyQ3ZjHAce9rnitgp774p0IEsrfwibq60gieG9BZKA+eQZtLy0WjjTFrErSDjzDYF4hMdygfBFUQNdz7xSTZPRXleu5bG7ammB3kZcUYXigLGOOfWgwlc/jW/7ElnruQJ62E1y+qb0D2eodMFne0J2pRwBokXQH3ragzHh9175wj5mSdewGLjBhCZ+L7cfOp1w1sp1E9IZNJ2mu2WwPCsOV9/ixtUf1N7cVnuYINukXCfrL3KwnlBv3N0OOmRprkGMKeWUS+/JOAmAdTuWdPV3jE/dOH2yNw+vE="}
{"pseudonym": "cd1a3afeeac92cb813605e21e464de7db0ca53fa0190d3a1372a46f60ddd0712", "origin": "TDLoNoeMXcskOg0mnryBa7CYXlWsqhm4ZunaBasHRNVAEDKcoIfxzQvWuplZGjWTgpqNEwq2RrRwZDvOHAbGCGo19Cb32Np+PJyPr30DYdDYo8dWTEr3USeNvsJXCj2Mt24npbIP7USTEtbYg9y9ywvZ3KLxDiKZ16xwizX0c7TlEjnbU11+CgYejaPO2l9U7qO8QnXzRfqbxnGD2mPXWdAGQmfzUn89tSBjz7TBqGBXa2nXf0ZEti8WNcOiZv7vI5GFkXjs4mPFaNb+Zk3UktjV6WuQPQIf7MxJfA3X2kJVhyUSsmm7gy9kDbWx9uCikt5TugWNGMjt/2w/7A2PJ/cCb/5rXA7Kfhw1DO/RSAs="}
{"@timestamp": "2019-08-02T11:55:01.669Z", "@metadata": {"beat": "winlogbeat", "type": "_doc", "version": "7.2.0", "topic": "wineventlog_raw"}, "message": "The system time was changed.\n\nSubject:\n\tSecurity ID:\t\tS-1-5-18\n\tAccount Name:\t\tCLIENT1$\n\tAccount Domain:\t\tWORKGROUP\n\tLogon ID:\t\t0x3e7\n\nProcess Information:\n\tProcess ID:\t0x5b4\n\tName:\t\tC:\\Program Files\\NetTime\\NetTimeService.exe\n\nPrevious Time:\t\t\u200e2019\u200e-\u200e08\u200e-\u200e02T11:55:02.159771000Z\nNew Time:\t\t\u200e2019\u200e-\u200e08\u200e-\u200e02T11:55:01.669000000Z\n\nThis event is generated when the system time is changed. It is normal for the Windows Time Service, which runs with System privilege, to change the system time on a regular basis. Other system time changes may be indicative of attempts to tamper with the computer.", "winlog": {"keywords": ["Audit Success"], "computer_name": "CLIENT1", "provider_guid": "{54849625-5478-4994-A5BA-3E3B0328C30D}", "task": "Security State Change", "process": {"thread": {"id": 60}, "pid": 4}, "channel": "Security", "record_id": 4730, "version": 1, "opcode": "Info", "event_data": {"SubjectUserName": "<pseudonym:e887f3a09fdddf7c81a563b81f90ed9499d86badaa6173d1aa197a2b544d13b1>", "SubjectDomainName": "WORKGROUP", "SubjectLogonId": "0x3e7", "PreviousTime": "2019-08-02T11:55:02.159771000Z", "NewTime": "2019-08-02T11:55:01.669000000Z", "ProcessId": "0x5b4", "ProcessName": "C:\\Program Files\\NetTime\\NetTimeService.exe", "SubjectUserSid": "<pseudonym:cd1a3afeeac92cb813605e21e464de7db0ca53fa0190d3a1372a46f60ddd0712>"}, "event_id": 4616, "provider_name": "Microsoft-Windows-Security-Auditing", "api": "wineventlog"}, "event": {"created": "2019-08-02T11:55:02.929Z", "kind": "event", "code": 4616, "action": "Security State Change"}, "log": {"level": "information"}, "ecs": {"version": "1.0.0"}, "host": {"os": {"platform": "windows", "version": "6.1", "family": "windows", "name": "Windows 7 Professional", "kernel": "6.1.7601.18741 (win7sp1_gdr.150202-1526)", "build": "7601.0"}, "id": "19fc45ac-5890-4f96-81b1-50ed111c0ce4", "name": "CLIENT1", "hostname": "CLIENT1", "architecture": "x86"}, "agent": {"ephemeral_id": "de845cd9-5141-4c92-ad32-27a4518307e9", "hostname": "CLIENT1", "id": "0b755aca-0a9a-454a-9800-1979901962a0", "version": "7.2.0", "type": "winlogbeat"}}
{"pseudonym": "e887f3a09fdddf7c81a563b81f90ed9499d86badaa6173d1aa197a2b544d13b1", "origin": "s62at5MLc0/JV9XjGAu3hliLX1t1lKTs1SPgFC9K2dbJxSSD2aBLpNOjIfcuzZ1es674ZEs5ScmBFti57M7yXaIUZSEUIsAug6JvzyiVOkQwStVR2u2ITRGFxfx4/DzUzmpdRDs92ExwXw/DbYyY9nj9IHkoxy0+0tL+kEvYGhnmkp1t+lYA/WpcRLixToxbGtq81gj5adhry2poxHc4kgk662h7GOvlD3nT2yZKe7jhYc0HzCpvKooNJm2QNHB06U7S7btkgT9eWN8dSNDBzmF3n4rrFA9lZH7hP12TwgxP4T0bL1v1bS/cKKwL8Hxgbtbmih1VYS98cnlt4F1ustI0nj5s8O5o0sGjgULBUUE="}
{"pseudonym": "cd1a3afeeac92cb813605e21e464de7db0ca53fa0190d3a1372a46f60ddd0712", "origin": "qMOHajvANuYXb61Q9UlLef5sUxAqw8TXO/LcYSJzJY3sqMVCOToQLgBr9hC2t+zsHl6TV7rcVjXYyJ61Sip6hUsE5XveGdDkEwCjZMSGSAUZSOt6FLjB1t2OaJrHfUPEkUeLTJygbw2Mi6uAaS42azRVpotOJT0jDRcWqeVF4RqWYiv2nRP1PORFSpzSmNjVTnH7MBnfKJX1ukDdGx7+kqWTxOdXZ1EqKVjbIqZMXOaGVYfm89Pdx3oNnLNUOMV9pi4TATyRAL2sgW3jOhMYJvNiBJTe2m88BCeQ5us3oVNFdJZLNCtW4pb9Rc8Ls3YcPsX2U6e1Qle+Q7Tasw2PMwhbpYo8YXE0+vgn2VC9204="}
{"@timestamp": "2019-08-02T12:20:00.220Z", "@metadata": {"beat": "winlogbeat", "type": "_doc", "version": "7.2.0", "topic": "wineventlog_raw"}, "log": {"level": "information"}, "message": "The system time was changed.\n\nSubject:\n\tSecurity ID:\t\tS-1-5-18\n\tAccount Name:\t\tCLIENT1$\n\tAccount Domain:\t\tWORKGROUP\n\tLogon ID:\t\t0x3e7\n\nProcess Information:\n\tProcess ID:\t0x5b4\n\tName:\t\tC:\\Program Files\\NetTime\\NetTimeService.exe\n\nPrevious Time:\t\t\u200e2019\u200e-\u200e08\u200e-\u200e02T12:20:00.685589100Z\nNew Time:\t\t\u200e2019\u200e-\u200e08\u200e-\u200e02T12:20:00.220000000Z\n\nThis event is generated when the system time is changed. It is normal for the Windows Time Service, which runs with System privilege, to change the system time on a regular basis. Other system time changes may be indicative of attempts to tamper with the computer.", "agent": {"type": "winlogbeat", "ephemeral_id": "de845cd9-5141-4c92-ad32-27a4518307e9", "hostname": "CLIENT1", "id": "0b755aca-0a9a-454a-9800-1979901962a0", "version": "7.2.0"}, "ecs": {"version": "1.0.0"}, "host": {"name": "CLIENT1", "id": "19fc45ac-5890-4f96-81b1-50ed111c0ce4", "hostname": "CLIENT1", "architecture": "x86", "os": {"version": "6.1", "family": "windows", "name": "Windows 7 Professional", "kernel": "6.1.7601.18741 (win7sp1_gdr.150202-1526)", "build": "7601.0", "platform": "windows"}}, "winlog": {"version": 1, "keywords": ["Audit Success"], "channel": "Security", "record_id": 4735, "provider_guid": "{54849625-5478-4994-A5BA-3E3B0328C30D}", "process": {"pid": 4, "thread": {"id": 60}}, "event_data": {"SubjectUserSid": "<pseudonym:cd1a3afeeac92cb813605e21e464de7db0ca53fa0190d3a1372a46f60ddd0712>", "SubjectUserName": "<pseudonym:e887f3a09fdddf7c81a563b81f90ed9499d86badaa6173d1aa197a2b544d13b1>", "SubjectDomainName": "WORKGROUP", "SubjectLogonId": "0x3e7", "PreviousTime": "2019-08-02T12:20:00.685589100Z", "NewTime": "2019-08-02T12:20:00.220000000Z", "ProcessId": "0x5b4", "ProcessName": "C:\\Program Files\\NetTime\\NetTimeService.exe"}, "provider_name": "Microsoft-Windows-Security-Auditing", "task": "Security State Change", "api": "wineventlog", "computer_name": "CLIENT1", "opcode": "Info", "event_id": 4616}, "event": {"created": "2019-08-02T12:20:01.597Z", "kind": "event", "code": 4616, "action": "Security State Change"}}
{"pseudonym": "cd1a3afeeac92cb813605e21e464de7db0ca53fa0190d3a1372a46f60ddd0712", "origin": "K7Y1mkSAYrzcHK83Z6Mswx70Fq0E62/4seSkHbyqWMa7+3XLj0fcbtkfCF93UYqYZ+UdduLYtlQ0/57NNpXjvOxiqzPVpnz9Z+OnJkvekop86M4UXAOzM5Bfm6GQLkgzxOzmatTPNfYimqXX3QUAiXpThQ+iBlbzWmdwIe9QwtIU7iPD2UwnrHay10KiIBOqmsauU7UEtfOWN3xzQ8S+Xq5PuGp2cGBwFQ8vdK+XZ0pu3THCZwhE1KwfUjjCMVzEZiYGSElGUTTTgMSJ8akTfhb8o2M4Fy/cwFwIVNr//t9LuufkIfy0VkLESh1lZ2fCchTMIN+uzm7n2PvfPzfrGitirWq56bC09ddBBTBcvvI="}
{"@timestamp": "2019-08-02T13:00:01.708Z", "@metadata": {"beat": "winlogbeat", "type": "_doc", "version": "7.2.0", "topic": "wineventlog_raw"}, "host": {"architecture": "x86", "os": {"platform": "windows", "version": "6.1", "family": "windows", "name": "Windows 7 Professional", "kernel": "6.1.7601.18741 (win7sp1_gdr.150202-1526)", "build": "7601.0"}, "id": "19fc45ac-5890-4f96-81b1-50ed111c0ce4", "hostname": "CLIENT1", "name": "CLIENT1"}, "agent": {"version": "7.2.0", "type": "winlogbeat", "ephemeral_id": "de845cd9-5141-4c92-ad32-27a4518307e9", "hostname": "CLIENT1", "id": "0b755aca-0a9a-454a-9800-1979901962a0"}, "winlog": {"opcode": "Info", "api": "wineventlog", "computer_name": "CLIENT1", "keywords": ["Time"], "event_id": 1, "record_id": 11830, "provider_guid": "{A68CA8B7-004F-D7B6-A698-07E2DE0F1F5D}", "user": {"identifier": "<pseudonym:cd1a3afeeac92cb813605e21e464de7db0ca53fa0190d3a1372a46f60ddd0712>", "name": "SYSTEM", "domain": "NT AUTHORITY", "type": "User"}, "channel": "System", "provider_name": "Microsoft-Windows-Kernel-General", "task": "", "process": {"pid": 1460, "thread": {"id": 1504}}, "event_data": {"NewTime": "2019-08-02T13:00:01.708000000Z", "OldTime": "2019-08-02T13:00:01.869264800Z"}}, "event": {"code": 1, "created": "2019-08-02T13:00:03.722Z", "kind": "event"}, "log": {"level": "information"}, "message": "The system time has changed to \u200e2019\u200e-\u200e08\u200e-\u200e02T13:00:01.708000000Z from \u200e2019\u200e-\u200e08\u200e-\u200e02T13:00:01.869264800Z.", "ecs": {"version": "1.0.0"}}
{"@timestamp": "2019-08-02T13:02:00.144Z", "@metadata": {"beat": "winlogbeat", "type": "_doc", "version": "7.2.0", "topic": "wineventlog_raw"}, "message": "The Adobe Flash Player Update Service service entered the running state.", "ecs": {"version": "1.0.0"}, "host": {"name": "CLIENT1", "hostname": "CLIENT1", "architecture": "x86", "os": {"family": "windows", "name": "Windows 7 Professional", "kernel": "6.1.7601.18741 (win7sp1_gdr.150202-1526)", "build": "7601.0", "platform": "windows", "version": "6.1"}, "id": "19fc45ac-5890-4f96-81b1-50ed111c0ce4"}, "agent": {"id": "0b755aca-0a9a-454a-9800-1979901962a0", "version": "7.2.0", "type": "winlogbeat", "ephemeral_id": "de845cd9-5141-4c92-ad32-27a4518307e9", "hostname": "CLIENT1"}, "winlog": {"provider_name": "Service Control Manager", "provider_guid": "{555908d1-a6d7-4695-8e1e-26931d2012f4}", "task": "", "api": "wineventlog", "computer_name": "CLIENT1", "channel": "System", "process": {"pid": 440, "thread": {"id": 3040}}, "event_data": {"param1": "Adobe Flash Player Update Service", "param2": "running", "Binary": "410064006F006200650046006C0061007300680050006C0061007900650072005500700064006100740065005300760063002F0034000000"}, "keywords": ["Classic"], "event_id": 7036, "record_id": 11831}, "event": {"code": 7036, "created": "2019-08-02T13:02:01.976Z", "kind": "event"}, "log": {"level": "information"}}
