{"pseudonym": "39594bac43459d3d48dcd9d2ed9f617e6235f0bd79fb35ed6274e27347ba11c4", "origin": "pACijwDabE+0F5ORw6D9rfNBukCTinADS7p/wkrZ6G7K+ZFgyiunHFoIKGCzJlwM7I0VFML2we0vrHhxGyOeMXzTusM1ud/L7cwRbI2WBwJbNCyPONHgd7c3SfTJemB9fNyXeIZCVmkJqIqfEhefKq/gMEuubMa8YODiWTIbjSMx3KPymQJ/22oyk9peE0bJI3KJ2e3tptaHFIiUPSwpuoS2EojBD9xjLG00UFIXMtxyi9POxxrmHoM/RmX3Xqp+bpzfNS+NS5mK7ObMQ4ZZZcZU4JbDMb2hxz2WLVqgIPJYlBnlOOxrNelWuv/ik2ROCgO+VVAsZnuT4qzCARmJHKvQa0AiOom+IwMzaGLTgW+daVQfujwo"}
{"pseudonym": "878d4216e77e6ff24d3368f00684abc1bbf738c11387cdcf8f211eeacd8651e4", "origin": "TX0W+FHOpGqI8HGLzFsGxFbxxSKpWSmrnXlaxfn5BtbwgJjGlXNJfa+z5qhZruT7F63Zkp4L6PY6Ihu9OC5rzGMBiFMqK46s6pB+XrIjpWwGiLXHneCZtPit9r2w2bYKu8EiQK/rF2klzxVc5C4C0w0gftsB1W5A/T2gxOZu9Jr2DhW9gZi2CwD6TM+HyMcgMumWsIPCbfv27BPKhirWrey9PrFEOX492hiI5K6u53Ltg88mwErXqvw2FWYhXKHFCD+p/YOXmrgkmFa71fG9YJvL16gbYgHhs1b3SAlxnISAuJJfa7Fxk2lNwFRJ5EepwAFwuyjNApG0bPiLy/Klra+7xFsUzsTuQOq8iuhamk8="}
{"@timestamp": "2019-08-02T09:54:55.453Z", "@metadata": {"beat": "winlogbeat", "type": "_doc", "version": "7.2.0", "topic": "wineventlog_raw"}, "winlog": {"keywords": ["Audit Success"], "provider_guid": "{54849625-5478-4994-A5BA-3E3B0328C30D}", "channel": "Security", "event_id": 4672, "record_id": 4677, "opcode": "Info", "provider_name": "Microsoft-Windows-Security-Auditing", "api": "wineventlog", "event_data": {"SubjectUserSid": "<pseudonym:878d4216e77e6ff24d3368f00684abc1bbf738c11387cdcf8f211eeacd8651e4>", "SubjectUserName": "<pseudonym:39594bac43459d3d48dcd9d2ed9f617e6235f0bd79fb35ed6274e27347ba11c4>", "SubjectDomainName": "NT AUTHORITY", "SubjectLogonId": "0x3e4", "PrivilegeList": "SeAssignPrimaryTokenPrivilege\n\t\t\tSeAuditPrivilege\n\t\t\tSeImpersonatePrivilege"}, "computer_name": "CLIENT1", "task": "Special Logon", "process": {"pid": 448, "thread": {"id": 512}}}, "event": {"kind": "event", "code": 4672, "action": "Special Logon", "created": "2019-08-02T09:55:12.184Z"}, "log": {"level": "information"}, "message": "Special privileges assigned to new logon.\n\nSubject:\n\tSecurity ID:\t\tS-1-5-20\n\tAccount Name:\t\tNETWORK SERVICE\n\tAccount Domain:\t\tNT AUTHORITY\n\tLogon ID:\t\t0x3e4\n\nPrivileges:\t\tSeAssignPrimaryTokenPrivilege\n\t\t\tSeAuditPrivilege\n\t\t\tSeImpersonatePrivilege", "ecs": {"version": "1.0.0"}, "host": {"name": "CLIENT1", "os": {"build": "7601.0", "platform": "windows", "version": "6.1", "family": "windows", "name": "Windows 7 Professional", "kernel": "6.1.7601.18741 (win7sp1_gdr.150202-1526)"}, "id": "19fc45ac-5890-4f96-81b1-50ed111c0ce4", "hostname": "CLIENT1", "architecture": "x86"}, "agent": {"type": "winlogbeat", "ephemeral_id": "de845cd9-5141-4c92-ad32-27a4518307e9", "hostname": "CLIENT1", "id": "0b755aca-0a9a-454a-9800-1979901962a0", "version": "7.2.0"}}
{"@timestamp": "2019-08-02T09:55:01.578Z", "@metadata": {"beat": "winlogbeat", "type": "_doc", "version": "7.2.0", "topic": "wineventlog_raw"}, "winlog": {"event_id": 5033, "task": "Other System Events", "computer_name": "CLIENT1", "keywords": ["Audit Success"], "opcode": "Info", "provider_guid": "{54849625-5478-4994-A5BA-3E3B0328C30D}", "provider_name": "Microsoft-Windows-Security-Auditing", "api": "wineventlog", "record_id": 4686, "channel": "Security", "process": {"pid": 4, "thread": {"id": 60}}}, "event": {"kind": "event", "code": 5033, "action": "Other System Events", "created": "2019-08-02T09:55:12.184Z"}, "log": {"level": "information"}, "host": {"name": "CLIENT1", "hostname": "CLIENT1", "architecture": "x86", "os": {"kernel": "6.1.7601.18741 (win7sp1_gdr.150202-1526)", "build": "7601.0", "platform": "windows", "version": "6.1", "family": "windows", "name": "Windows 7 Professional"}, "id": "19fc45ac-5890-4f96-81b1-50ed111c0ce4"}, "agent": {"ephemeral_id": "de845cd9-5141-4c92-ad32-27a4518307e9", "hostname": "CLIENT1", "id": "0b755aca-0a9a-454a-9800-1979901962a0", "version": "7.2.0", "type": "winlogbeat"}, "ecs": {"version": "1.0.0"}, "message": "The Windows Firewall Driver started successfully."}
{"pseudonym": "e887f3a09fdddf7c81a563b81f90ed9499d86badaa6173d1aa197a2b544d13b1", "origin": "PHd71ZnaPQYv723d2dvMxGrtcsjiSegMLNfmOOlAIFJpPK5+3WSPvxU8l43x5thXAMJ1ak8Jo+zd8APnT4JrVbztJ85M2mtFNwK9Yg1f/60aCcOiMJstkaqKmjqa0+XKjejRg9QYYXz8YZOj2Nei2v0CrRm2cag0w4fT5i9gn6CpG0JNoqERBiaqN6+MmPvwzD2TuNt7C7Uy2WYrO4YEtzpjmIUGdqhRPE6aNH3LKW6Raw+HKWt6GQB1DcQiDTQE/uG0h2QqsKo3I/t6Zd9pjmPerKYh6xPLHPD2QsZFYVDXgF5DiPJWx0gpoBY5qtRPGGc7WctiVH65v6cBat/RT4lxZlBf76Cywddqhj1zr0M="}
{"pseudonym": "cd1a3afeeac92cb813605e21e464de7db0ca53fa0190d3a1372a46f60ddd0712", "origin": "BLhcY4Vcn+0NX2SYkDHchiclqwAhV5QhMJw3zpJX9UZ4ARS7xwAEfq8h+gmZWq80BGQDodEZiCGZa5Co3KsKSUc4BvsGdcsPDydcQMyBIbrBEATVN0OgZBlzth48rWBBaJb5FnoInG9JpOfWBNkfvSkzilRrFc7edJHzwJm/Xj1Phjdh7FFnuSUr+cmRop/3aRWrdJe4RZ4Rn0se7+vOGkwQF1gTEGxPzmN78Pjhy9lnsJgBU9cAi39G9mwaPpsJnjiLr4hye0FIMsOp/3YJBb5RQYS1a7+jc+BUXi51HnHtIJPkpXvjOnBJUbZ1ICdqFFWNwes0wtXpshmnA7I3SogvUrWVXqEtadoqs6oC7O0="}
{"@timestamp": "2019-08-02T09:55:05.418Z", "@metadata": {"beat": "winlogbeat", "type": "_doc", "version": "7.2.0", "topic": "wineventlog_raw"}, "host": {"hostname": "CLIENT1", "architecture": "x86", "name": "CLIENT1", "os": {"version": "6.1", "family": "windows", "name": "Windows 7 Professional", "kernel": "6.1.7601.18741 (win7sp1_gdr.150202-1526)", "build": "7601.0", "platform": "windows"}, "id": "19fc45ac-5890-4f96-81b1-50ed111c0ce4"}, "winlog": {"process": {"thread": {"id": 60}, "pid": 4}, "event_id": 4616, "provider_name": "Microsoft-Windows-Security-Auditing", "record_id": 4690, "computer_name": "CLIENT1", "task": "Security State Change", "api": "wineventlog", "provider_guid": "{54849625-5478-4994-A5BA-3E3B0328C30D}", "event_data": {"ProcessName": "C:\\Program Files\\NetTime\\NetTimeService.exe", "SubjectUserSid": "<pseudonym:cd1a3afeeac92cb813605e21e464de7db0ca53fa0190d3a1372a46f60ddd0712>", "SubjectUserName": "<pseudonym:e887f3a09fdddf7c81a563b81f90ed9499d86badaa6173d1aa197a2b544d13b1>", "SubjectDomainName": "WORKGROUP", "SubjectLogonId": "0x3e7", "PreviousTime": "2019-08-02T09:55:04.203125000Z", "NewTime": "2019-08-02T09:55:05.418000000Z", "ProcessId": "0x5b4"}, "keywords": ["Audit Success"], "opcode": "Info", "version": 1, "channel": "Security"}, "event": {"code": 4616, "action": "Security State Change", "created": "2019-08-02T09:55:12.184Z", "kind": "event"}, "log": {"level": "information"}, "message": "The system time was changed.\n\nSubject:\n\tSecurity ID:\t\tS-1-5-18\n\tAccount Name:\t\tCLIENT1$\n\tAccount Domain:\t\tWORKGROUP\n\tLogon ID:\t\t0x3e7\n\nProcess Information:\n\tProcess ID:\t0x5b4\n\tName:\t\tC:\\Program Files\\NetTime\\NetTimeService.exe\n\nPrevious Time:\t\t\u200e2019\u200e-\u200e08\u200e-\u200e02T09:55:04.203125000Z\nNew Time:\t\t\u200e2019\u200e-\u200e08\u200e-\u200e02T09:55:05.418000000Z\n\nThis event is generated when the system time is changed. It is normal for the Windows Time Service, which runs with System privilege, to change the system time on a regular basis. Other system time changes may be indicative of attempts to tamper with the computer.", "agent": {"type": "winlogbeat", "ephemeral_id": "de845cd9-5141-4c92-ad32-27a4518307e9", "hostname": "CLIENT1", "id": "0b755aca-0a9a-454a-9800-1979901962a0", "version": "7.2.0"}, "ecs": {"version": "1.0.0"}}
{"pseudonym": "cd1a3afeeac92cb813605e21e464de7db0ca53fa0190d3a1372a46f60ddd0712", "origin": "HoX/OMUfRwSwEbH/cxEgGi7/Ji/vWtuhs1XVnOQdPRw1YNBgATATcclGCADRPLYYTTeGqp5jtQR9hL2sxEcoz2NKDKCdJ7buVHNAc8ytx1io7RCCB/dmtFFQipua/EskbaYg2WAzehyVfQt6zTwM+8z/UPFtq9SwhvMpVHAhcilyLU9PPuFlOWQ+577+tHHXc1E8mrdlTJ8uMGRj0zYRbCykVSHDAyBxrQ6Rbf5CC8QxbrTFED24/8giJIoMblVM+9+NKcmrLapc0a49QI4x4lsuS9+ZqnSwMyTkvoKYGvXwbzkEOu1Bj/awPxMcUATi/Qw9j0b+kpAFa1li8/BYGQrUY0DiGCrB2T1ZSyuzDC0="}
{"@timestamp": "2019-08-02T09:57:03.923Z", "@metadata": {"beat": "winlogbeat", "type": "_doc", "version": "7.2.0", "topic": "wineventlog_raw"}, "event": {"kind": "event", "code": 201, "created": "2019-08-02T09:57:05.008Z"}, "ecs": {"version": "1.0.0"}, "host": {"os": {"version": "6.1", "family": "windows", "name": "Windows 7 Professional", "kernel": "6.1.7601.18741 (win7sp1_gdr.150202-1526)", "build": "7601.0", "platform": "windows"}, "id": "19fc45ac-5890-4f96-81b1-50ed111c0ce4", "hostname": "CLIENT1", "name": "CLIENT1", "architecture": "x86"}, "agent": {"id": "0b755aca-0a9a-454a-9800-1979901962a0", "version": "7.2.0", "type": "winlogbeat", "ephemeral_id": "de845cd9-5141-4c92-ad32-27a4518307e9", "hostname": "CLIENT1"}, "log": {"level": "information"}, "message": "The Program Compatibility Assistant service started successfully.", "winlog": {"record_id": 11765, "api": "wineventlog", "computer_name": "CLIENT1", "channel": "System", "opcode": "Info", "provider_guid": "{EEF54E71-0661-422D-9A98-82FD4940B820}", "provider_name": "Microsoft-Windows-Application-Experience", "event_id": 201, "task": "", "process": {"pid": 752, "thread": {"id": 3544}}, "user": {"identifier": "<pseudonym:cd1a3afeeac92cb813605e21e464de7db0ca53fa0190d3a1372a46f60ddd0712>", "name": "SYSTEM", "domain": "NT AUTHORITY", "type": "User"}}}
{"pseudonym": "cd1a3afeeac92cb813605e21e464de7db0ca53fa0190d3a1372a46f60ddd0712", "origin": "EripFhhOFPMZohC4+oMGxFkxw5iG5kmixNYOUYpUcGa7iNO98QajY+Ljdzg8Z4JS+smRKxX6/Fu/eu+KPxiLzX1yQLnS45YwtSQHGfqHwSiNYf++6tW0/4SfFYcV1M068Bni4gVOloxRAP2QE4b6DTMSfhd+pPqlnwzD9xCpC3zkw+so4xM4Bn8obBi71iziazBKJZok126qW2ZqkU1M83B1aGr5G/kFmhB/J/WFI21S2/HVLggYcl0qso3xL9EkT1AMYKS1amt2zLDVLSJarq4oiMxtgKSR+hVKu4ihzG0ceEHV3Ez/v1QIPGwVIkqzBG8fpq7IGd3yM1jjjcajP7LzXECZ6kTsDJVwEW1G9oU="}
{"@timestamp": "2019-08-02T10:05:05.894Z", "@metadata": {"beat": "winlogbeat", "type": "_doc", "version": "7.2.0", "topic": "wineventlog_raw"}, "ecs": {"version": "1.0.0"}, "host": {"name": "CLIENT1", "id": "19fc45ac-5890-4f96-81b1-50ed111c0ce4", "hostname": "CLIENT1", "architecture": "x86", "os": {"platform": "windows", "version": "6.1", "family": "windows", "name": "Windows 7 Professional", "kernel": "6.1.7601.18741 (win7sp1_gdr.150202-1526)", "build": "7601.0"}}, "agent": {"ephemeral_id": "de845cd9-5141-4c92-ad32-27a4518307e9", "hostname": "CLIENT1", "id": "0b755aca-0a9a-454a-9800-1979901962a0", "version": "7.2.0", "type": "winlogbeat"}, "winlog": {"provider_guid": "{A68CA8B7-004F-D7B6-A698-07E2DE0F1F5D}", "event_id": 1, "task": "", "opcode": "Info", "record_id": 11782, "process": {"pid": 1460, "thread": {"id": 1504}}, "event_data": {"NewTime": "2019-08-02T10:05:05.894000000Z", "OldTime": "2019-08-02T10:05:07.090630100Z"}, "channel": "System", "api": "wineventlog", "keywords": ["Time"], "provider_name": "Microsoft-Windows-Kernel-General", "computer_name": "CLIENT1", "user": {"domain": "NT AUTHORITY", "type": "User", "identifier": "<pseudonym:cd1a3afeeac92cb813605e21e464de7db0ca53fa0190d3a1372a46f60ddd0712>", "name": "SYSTEM"}}, "event": {"created": "2019-08-02T10:05:08.939Z", "kind": "event", "code": 1}, "log": {"level": "information"}, "message": "The system time has changed to \u200e2019\u200e-\u200e08\u200e-\u200e02T10:05:05.894000000Z from \u200e2019\u200e-\u200e08\u200e-\u200e02T10:05:07.090630100Z."}
{"pseudonym": "387dddca7f9c9fa71c41295d7790d3bcd791cfe79b2dd4843551dfd0bf47acf2", "origin": "sHqjXin4gh+ZsXI75Y+TCqJgxvr2OYc8/QxfH2Y0t8+OoIYnE1+H8nSZ5SwdHKmVHqg7xjPEKjcREgnZF6PMbgbdg8w6r/0hJw5Ei0j8uuf4nRLc5dJ9tq7E1hx+gPqsL0hpoUB11e+LMLiMuEexrFQLrs74mdvG2uC3EH1DPVM/WPIqBJ8EevZlzj8A9KdLF3GeBHRXvVAzYNGgilhYKL1/H1ibeso/bH4wehSGgEx/AYVNbpxt1+yQWrEHdVta2gP16spQT019l75k+epTaSFz/HzwS9b6Q4J0LNcsG5T5ecx8tZAPf1cb1rf9Q6yVdOfEznE8gBCg8KlDkMnFbEJEfg0yF2wleyZOzQqX"}
{"pseudonym": "cd1a3afeeac92cb813605e21e464de7db0ca53fa0190d3a1372a46f60ddd0712", "origin": "RExqx+fBv+ER8HBZkPTKfRFKKiM2wSBro+4KlaI0twLsLzjYomb6rsyQcnTQ38Yyh6KIpCSneLzQJgGAQAAtvBOAQPtJY4piOKcJY5stViwMfTFkGzGqbb4LnAOou2h3s+6UZfVMjo8PD2Pi45jEF1N9yfUVyyVmr5SMvXRfYn9r3+IkKg5RMe/FbLppl2OiiFJk5q+vFIR8aHozML3bRNa1oMlacNfTomfglpeGVaFoccXeoKwMKv/4h5ty8G1h/JXwXH8WeM1CphTau4RNfvMQHa/HbqXKQmvDGI+HITl4IDGaePoSuIRAdfhOgnYrPJyKMt0gpG0GhNIVESRrfH6zzLi+9PL1lBjPS8QRh5g="}
{"@timestamp": "2019-08-02T10:38:19.416Z", "@metadata": {"beat": "winlogbeat", "type": "_doc", "version": "7.2.0", "topic": "wineventlog_raw"}, "event": {"kind": "event", "code": 4672, "action": "Special Logon", "created": "2019-08-02T10:38:20.448Z"}, "log": {"level": "information"}, "message": "Special privileges assigned to new logon.\n\nSubject:\n\tSecurity ID:\t\tS-1-5-18\n\tAccount Name:\t\tSYSTEM\n\tAccount Domain:\t\tNT AUTHORITY\n\tLogon ID:\t\t0x3e7\n\nPrivileges:\t\tSeAssignPrimaryTokenPrivilege\n\t\t\tSeTcbPrivilege\n\t\t\tSeSecurityPrivilege\n\t\t\tSeTakeOwnershipPrivilege\n\t\t\tSeLoadDriverPrivilege\n\t\t\tSeBackupPrivilege\n\t\t\tSeRestorePrivilege\n\t\t\tSeDebugPrivilege\n\t\t\tSeAuditPrivilege\n\t\t\tSeSystemEnvironmentPrivilege\n\t\t\tSeImpersonatePrivilege", "ecs": {"version": "1.0.0"}, "host": {"name": "CLIENT1", "architecture": "x86", "os": {"platform": "windows", "version": "6.1", "family": "windows", "name": "Windows 7 Professional", "kernel": "6.1.7601.18741 (win7sp1_gdr.150202-1526)", "build": "7601.0"}, "id": "19fc45ac-5890-4f96-81b1-50ed111c0ce4", "hostname": "CLIENT1"}, "agent": {"version": "7.2.0", "type": "winlogbeat", "ephemeral_id": "de845cd9-5141-4c92-ad32-27a4518307e9", "hostname": "CLIENT1", "id": "0b755aca-0a9a-454a-9800-1979901962a0"}, "winlog": {"provider_name": "Microsoft-Windows-Security-Auditing", "api": "wineventlog", "computer_name": "CLIENT1", "channel": "Security", "event_id": 4672, "keywords": ["Audit Success"], "process": {"pid": 448, "thread": {"id": 1728}}, "task": "Special Logon", "opcode": "Info", "provider_guid": "{54849625-5478-4994-A5BA-3E3B0328C30D}", "event_data": {"SubjectUserSid": "<pseudonym:cd1a3afeeac92cb813605e21e464de7db0ca53fa0190d3a1372a46f60ddd0712>", "SubjectUserName": "<pseudonym:387dddca7f9c9fa71c41295d7790d3bcd791cfe79b2dd4843551dfd0bf47acf2>", "SubjectDomainName": "NT AUTHORITY", "SubjectLogonId": "0x3e7", "PrivilegeList": "SeAssignPrimaryTokenPrivilege\n\t\t\tSeTcbPrivilege\n\t\t\tSeSecurityPrivilege\n\t\t\tSeTakeOwnershipPrivilege\n\t\t\tSeLoadDriverPrivilege\n\t\t\tSeBackupPrivilege\n\t\t\tSeRestorePrivilege\n\t\t\tSeDebugPrivilege\n\t\t\tSeAuditPrivilege\n\t\t\tSeSystemEnvironmentPrivilege\n\t\t\tSeImpersonatePrivilege"}, "record_id": 4710}}
{"pseudonym": "e887f3a09fdddf7c81a563b81f90ed9499d86badaa6173d1aa197a2b544d13b1", "origin": "rXeaNsNeo9zoIlRE7ec3hosvjK08SUe3V1gcGt/B1Aw9DkLxkn8dbJP4CGRrSppG4HBid355XnJGPx8kfCWM8wM5VV8blFphWEZwzx/wLjiF4vWj4s9JYRk6wP7xpm4UbjaPdamNqsQg72PjVGti17x8rLXtCOn8CVWcC5/fAZ7+WxWvaSLz9gEtk77y5Iz47U1epCM9biZaplYsRFq5VciIHAI+SvYnv/tg2fioYKh7NuxJZKRwgaS7XCT9xmcg2AIKYyGaEfmixeOgTG4l5nIYFnMmIqYpKP+sIfIaChE3GpCcCyPqB944vcOntagA+luQzN9lUrrgj8O8KkBv4S/2/LBhEQbjU5wxa74zLMg="}
{"pseudonym": "387dddca7f9c9fa71c41295d7790d3bcd791cfe79b2dd4843551dfd0bf47acf2", "origin": "vVQ6ItixJ1WX/uamoaaIs+wm/t3bfHYTyVtYG4Rd4RPwfKpQ68smkTc8T48AZfEi6qAYqKCKu+BLeHw0JqoZQYVtKolbOHwvh1cC3HXfNQHXIRP3HKYkGqTiiqdxeh8MOvinqixxMiKMvRnLTdw30PvyRZcdJGFXOoasAaxeXtD+kfYfFwHsbw/h7SplyfswTMP0FHLkLceFWPWdonODY3AtjfQqoicEQrDjLEAix4RVCtmvcyTamasptJ1Us25CDnjUJMRoFU3UXrmeql4PVcRNNGmSWqb3uhEfJtADJ1GwAU+hZm3YMj9gRiRKOApkHg4CgeQ9iUWloT/yYaEArS3Fqf7cphnmX30rSdA8"}
{"pseudonym": "cd1a3afeeac92cb813605e21e464de7db0ca53fa0190d3a1372a46f60ddd0712", "origin": "WzJ2Kpmvc7AdtDeMnHqbqMM9Caf8xH+8hRP+e0Ye8gSybaK+OlWoBVhkGb/sY1TvoxFkDUSwcM01K3N1yuke1jUh+FbzivwL33HPn9YQeA1DPT0ideqhrXmk7+1uD/LvPUsoW/aBNb5A98yDY9tKR0rQrK4dRDz8soxl5yebmUGNKcojsKn99Y7AEBtrofEuSSSwblTcv9STtEgoqju+kdUPphXYt3sENLR7lqCFJJWwOjRqmAlKyBF5I7KclkoLC95RokT7xXc1/GtDSA9IltoIqwAtyDVQfMV9KElRQa2AmFis/BNTpcR0f4BKp0XmcP4nAtG8Kt39sSGpIZmku3r5/WpR/0U/kRinocONTHw="}
{"pseudonym": "91d121bc503735a145e0e9869d792d26f6b22784210a0daf5b63840be2abf69a", "origin": "Yyyp8cEQ4btHbGwCu5W7JuXO26Nfz1/cO4UKOzbHvwDvbT/qJuCO9JXA4+aHt3QvfZf5GDXvIbLwuDqQM1BHtSwb0qrGyuUJXyt0SJJuNfLcFZo84pju8fM7nowjWcn38t+A6fpvwgHPmGABZcjcyMNb8JOoYHOKFS33qQnk1jxRKec2Tcad5NnFuoj1wZQYLFSghwEIFQMmLU4f2PZY7oZzFQdXEZ0T2BlxAs223yzfePhgDu1kffqtOxOMqBxz80GcsIZg328gkQTOfPWxHp9bAd/iU3mvsUGJCCd1Wh5HwFkBftqW525FhZMg/jMPBW0KxenHYEWpM3mn8Cn1uu7Kfpedq3m7Tg=="}
{"@timestamp": "2019-08-02T10:45:10.070Z", "@metadata": {"beat": "winlogbeat", "type": "_doc", "version": "7.2.0", "topic": "wineventlog_raw"}, "message": "An account was successfully logged on.\n\nSubject:\n\tSecurity ID:\t\tS-1-5-18\n\tAccount Name:\t\tCLIENT1$\n\tAccount Domain:\t\tWORKGROUP\n\tLogon ID:\t\t0x3e7\n\nLogon Type:\t\t\t5\n\nNew Logon:\n\tSecurity ID:\t\tS-1-5-18\n\tAccount Name:\t\tSYSTEM\n\tAccount Domain:\t\tNT AUTHORITY\n\tLogon ID:\t\t0x3e7\n\tLogon GUID:\t\t{00000000-0000-0000-0000-000000000000}\n\nProcess Information:\n\tProcess ID:\t\t0x1b8\n\tProcess Name:\t\tC:\\Windows\\System32\\services.exe\n\nNetwork Information:\n\tWorkstation Name:\t\n\tSource Network Address:\t-\n\tSource Port:\t\t-\n\nDetailed Authentication Information:\n\tLogon Process:\t\tAdvapi  \n\tAuthentication Package:\tNegotiate\n\tTransited Services:\t-\n\tPackage Name (NTLM only):\t-\n\tKey Length:\t\t0\n\nThis event is generated when a logon session is created. It is generated on the computer that was accessed.\n\nThe subject fields indicate the account on the local system which requested the logon. This is most commonly a service such as the Server service, or a local process such as Winlogon.exe or Services.exe.\n\nThe logon type field indicates the kind of logon that occurred. The most common types are 2 (interactive) and 3 (network).\n\nThe New Logon fields indicate the account for whom the new logon was created, i.e. the account that was logged on.\n\nThe network fields indicate where a remote logon request originated. Workstation name is not always available and may be left blank in some cases.\n\nThe authentication information fields provide detailed information about this specific logon request.\n\t- Logon GUID is a unique identifier that can be used to correlate this event with a KDC event.\n\t- Transited services indicate which intermediate services have participated in this logon request.\n\t- Package name indicates which sub-protocol was used among the NTLM protocols.\n\t- Key length indicates the length of the generated session key. This will be 0 if no session key was requested.", "user": {"id": "S-1-5-18", "name": "<pseudonym:387dddca7f9c9fa71c41295d7790d3bcd791cfe79b2dd4843551dfd0bf47acf2>", "domain": "NT AUTHORITY"}, "agent": {"version": "7.2.0", "type": "winlogbeat", "ephemeral_id": "de845cd9-5141-4c92-ad32-27a4518307e9", "hostname": "CLIENT1", "id": "0b755aca-0a9a-454a-9800-1979901962a0"}, "ecs": {"version": "1.0.0"}, "host": {"hostname": "CLIENT1", "architecture": "x86", "name": "CLIENT1", "os": {"version": "6.1", "family": "windows", "name": "Windows 7 Professional", "kernel": "6.1.7601.18741 (win7sp1_gdr.150202-1526)", "build": "7601.0", "platform": "windows"}, "id": "19fc45ac-5890-4f96-81b1-50ed111c0ce4"}, "event": {"created": "2019-08-02T10:45:11.548Z", "category": "authentication", "type": "authentication_success", "kind": "event", "code": 4624, "action": "Logon"}, "log": {"level": "information"}, "winlog": {"event_id": 4624, "task": "Logon", "api": "wineventlog", "keywords": ["Audit Success"], "channel": "Security", "provider_name": "Microsoft-Windows-Security-Auditing", "event_data": {"LmPackageName": "-", "IpAddress": "<pseudonym:91d121bc503735a145e0e9869d792d26f6b22784210a0daf5b63840be2abf69a>", "TargetLogonId": "0x3e7", "TransmittedServices": "-", "SubjectLogonId": "0x3e7", "LogonProcessName": "Advapi  ", "KeyLength": "0", "SubjectUserName": "<pseudonym:e887f3a09fdddf7c81a563b81f90ed9499d86badaa6173d1aa197a2b544d13b1>", "IpPort": "-", "SubjectUserSid": "<pseudonym:cd1a3afeeac92cb813605e21e464de7db0ca53fa0190d3a1372a46f60ddd0712>", "LogonGuid": "{00000000-0000-0000-0000-000000000000}", "LogonType": "5", "SubjectDomainName": "WORKGROUP", "AuthenticationPackageName": "Negotiate"}, "computer_name": "CLIENT1", "process": {"thread": {"id": 1728}, "pid": 448}, "record_id": 4715, "opcode": "Info", "provider_guid": "{54849625-5478-4994-A5BA-3E3B0328C30D}"}, "process": {"pid": 440, "executable": "C:\\Windows\\System32\\services.exe", "name": "services.exe"}}
{"@timestamp": "2019-08-02T10:48:11.000Z", "@metadata": {"beat": "winlogbeat", "type": "_doc", "version": "7.2.0", "topic": "wineventlog_raw"}, "event": {"kind": "event", "code": 8224, "created": "2019-08-02T10:48:11.663Z"}, "agent": {"hostname": "CLIENT1", "id": "0b755aca-0a9a-454a-9800-1979901962a0", "version": "7.2.0", "type": "winlogbeat", "ephemeral_id": "de845cd9-5141-4c92-ad32-27a4518307e9"}, "ecs": {"version": "1.0.0"}, "host": {"name": "CLIENT1", "os": {"platform": "windows", "version": "6.1", "family": "windows", "name": "Windows 7 Professional", "kernel": "6.1.7601.18741 (win7sp1_gdr.150202-1526)", "build": "7601.0"}, "id": "19fc45ac-5890-4f96-81b1-50ed111c0ce4", "hostname": "CLIENT1", "architecture": "x86"}, "log": {"level": "information"}, "message": "The VSS service is shutting down due to idle timeout. ", "winlog": {"computer_name": "CLIENT1", "task": "", "channel": "Application", "record_id": 2947, "event_data": {"Binary": "2D20436F64653A2020434F525356434330303030303737332D2043616C6C3A2020434F525356434330303030303735352D205049443A202030303030333430382D205449443A202030303030333034382D20434D443A2020433A5C57696E646F77735C73797374656D33325C76737376632E6578652020202D20557365723A204E616D653A204E5420415554484F524954595C53595354454D2C205349443A532D312D352D313820"}, "api": "wineventlog", "keywords": ["Classic"], "opcode": "Info", "event_id": 8224, "provider_name": "VSS"}}
{"pseudonym": "e887f3a09fdddf7c81a563b81f90ed9499d86badaa6173d1aa197a2b544d13b1", "origin": "XrBft15zFmVqvaxVfk1+0l9PvH/vjOK4zp92XKd6oAFlb1cGWlB5cZWgveYlKfXr+ScLj6wCGT9UtS/mMb7JnOkFVkFuPRovIrnUgre2N+13EjIUYmeUXJHgc57GiUgRSLVlIKYVX7QZTbkx8MvR7P6iTiYyZfQ+vfbbGRS4J6Uqb3bbTACi0nFU4WjULIbtz8O2t8w3RwvAfQmpI5hJaQhfoxU47uuQcTAKDMZH2i4cZ2sWsOnK4z9Js0SGZvN1MtVbH5IX7/WyqjA8hxlEbH0NyvqN0TZC/vEgv/pDKHuypxUcjb4TIwxZL8sqi4p1DPb96d/1jWEgPRwi6wo1AQ6JlQl7c4ilPUesKDbMTc0="}
{"pseudonym": "cd1a3afeeac92cb813605e21e464de7db0ca53fa0190d3a1372a46f60ddd0712", "origin": "pC6YZw4DBL822sXY9FJo9sgrxWOc1nh/QCzl+BEMPj1FyDUbC3HQbP7yJLXtjqs8PiRQI7k0Po/88XZo2xxVdnfO1couGnLnmyGzmnGscGNvWnpOUIPe0UBZV2jC0Orrav5qhG7sOiimM90VGLsS/RvI639K1EToz6Lhw5MkMrK6H3YKbh0X/69lpTd4P8XGKj0iP4UiLkpiHN1/O/j5XONcDb9n7nQyGebCDf+iHAoB+pwob3MS8v/Mjb7EfpgQ+o1KIW+C7xu0UXQmhxw6QI6OOfRrptZy6ZbL5qY6sUQ97Vg8mMEgQ3spElYNKIOvZY3gNLSXF/uqnJ8SUVipLQE11IcXOF01hn91gPfJ/1g="}
{"@timestamp": "2019-08-02T10:50:04.055Z", "@metadata": {"beat": "winlogbeat", "type": "_doc", "version": "7.2.0", "topic": "wineventlog_raw"}, "winlog": {"api": "wineventlog", "provider_guid": "{54849625-5478-4994-A5BA-3E3B0328C30D}", "channel": "Security", "provider_name": "Microsoft-Windows-Security-Auditing", "event_id": 4616, "task": "Security State Change", "event_data": {"NewTime": "2019-08-02T10:50:04.055000000Z", "ProcessId": "0x5b4", "ProcessName": "C:\\Program Files\\NetTime\\NetTimeService.exe", "SubjectUserSid": "<pseudonym:cd1a3afeeac92cb813605e21e464de7db0ca53fa0190d3a1372a46f60ddd0712>", "SubjectUserName": "<pseudonym:e887f3a09fdddf7c81a563b81f90ed9499d86badaa6173d1aa197a2b544d13b1>", "SubjectDomainName": "WORKGROUP", "SubjectLogonId": "0x3e7", "PreviousTime": "2019-08-02T10:50:04.860447200Z"}, "record_id": 4717, "opcode": "Info", "version": 1, "computer_name": "CLIENT1", "keywords": ["Audit Success"], "process": {"pid": 4, "thread": {"id": 60}}}, "event": {"kind": "event", "code": 4616, "action": "Security State Change", "created": "2019-08-02T10:50:06.212Z"}, "ecs": {"version": "1.0.0"}, "host": {"name": "CLIENT1", "os": {"build": "7601.0", "platform": "windows", "version": "6.1", "family": "windows", "name": "Windows 7 Professional", "kernel": "6.1.7601.18741 (win7sp1_gdr.150202-1526)"}, "id": "19fc45ac-5890-4f96-81b1-50ed111c0ce4", "hostname": "CLIENT1", "architecture": "x86"}, "agent": {"type": "winlogbeat", "ephemeral_id": "de845cd9-5141-4c92-ad32-27a4518307e9", "hostname": "CLIENT1", "id": "0b755aca-0a9a-454a-9800-1979901962a0", "version": "7.2.0"}, "log": {"level": "information"}, "message": "The system time was changed.\n\nSubject:\n\tSecurity ID:\t\tS-1-5-18\n\tAccount Name:\t\tCLIENT1$\n\tAccount Domain:\t\tWORKGROUP\n\tLogon ID:\t\t0x3e7\n\nProcess Information:\n\tProcess ID:\t0x5b4\n\tName:\t\tC:\\Program Files\\NetTime\\NetTimeService.exe\n\nPrevious Time:\t\t\u200e2019\u200e-\u200e08\u200e-\u200e02T10:50:04.860447200Z\nNew Time:\t\t\u200e2019\u200e-\u200e08\u200e-\u200e02T10:50:04.055000000Z\n\nThis event is generated when the system time is changed. It is normal for the Windows Time Service, which runs with System privilege, to change the system time on a regular basis. Other system time changes may be indicative of attempts to tamper with the computer."}
{"@timestamp": "2019-08-02T12:01:59.968Z", "@metadata": {"beat": "winlogbeat", "type": "_doc", "version": "7.2.0", "topic": "wineventlog_raw"}, "message": "The Adobe Flash Player Update Service service entered the running state.", "winlog": {"channel": "System", "api": "wineventlog", "provider_name": "Service Control Manager", "keywords": ["Classic"], "provider_guid": "{555908d1-a6d7-4695-8e1e-26931d2012f4}", "process": {"pid": 440, "thread": {"id": 2564}}, "event_id": 7036, "task": "", "computer_name": "CLIENT1", "event_data": {"param2": "running", "Binary": "410064006F006200650046006C0061007300680050006C0061007900650072005500700064006100740065005300760063002F0034000000", "param1": "Adobe Flash Player Update Service"}, "record_id": 11817}, "event": {"code": 7036, "created": "2019-08-02T12:02:01.565Z", "kind": "event"}, "log": {"level": "information"}, "ecs": {"version": "1.0.0"}, "host": {"architecture": "x86", "os": {"family": "windows", "name": "Windows 7 Professional", "kernel": "6.1.7601.18741 (win7sp1_gdr.150202-1526)", "build": "7601.0", "platform": "windows", "version": "6.1"}, "id": "19fc45ac-5890-4f96-81b1-50ed111c0ce4", "hostname": "CLIENT1", "name": "CLIENT1"}, "agent": {"hostname": "CLIENT1", "id": "0b755aca-0a9a-454a-9800-1979901962a0", "version": "7.2.0", "type": "winlogbeat", "ephemeral_id": "de845cd9-5141-4c92-ad32-27a4518307e9"}}
{"pseudonym": "e887f3a09fdddf7c81a563b81f90ed9499d86badaa6173d1aa197a2b544d13b1", "origin": "T4W3ksxyjBOx5X7A8G0261OPAX/hv4+IPNw0KAJR/PnRvQYSlOaSXq4j63tfQCsDPJ844+0VEI97nKL2fg3rKI7gpyIPboRP7Awbx8onwvVC3kWkG2/RSmbT1HQQAYIDN/1MCrOxXYduc8qW/ik3HJ0vvYzbfV/O9nNN2AZzNa8/YlDKeLfWK6AOSEVb0ePh74uQ8TEFeEi5wCdGEu+F4lC1yMWei73MhZC3wjAh+tWUB7ctl6m4gWtXgQ0M/QGkGehENnIwVotvvztp4vb/6ndHn6VhTjcbpXPzyDqmm7Ad/D//0sqfENnCbaKpjpXzFRrQqztYL4tOaA+EXCp1U2qqhmlkLklTAdgsHcEFAjI="}
{"pseudonym": "cd1a3afeeac92cb813605e21e464de7db0ca53fa0190d3a1372a46f60ddd0712", "origin": "g9zEdXLYw4/skeDSafnnPq3FclANjZptF/iHe/CbwpDaIQSdQ0YtW8zOvz64EDKZreAUIIWQwWE2W6sCd8fxwQDOTRzg46ZwcUQFZn0PwMgndxBWnAC4K4TNde6Ph3XPAtpb8eZ7jIGgLDb/d9xyjmT+9ORuE3qqjc+AA1JYibHQvC2YyehLkmRd0MKdPB/NgXJJeBnQzWJQjmMGeiaLtNqNixW07WmP7uH7w+QkQiR08oRRLGRJS4viobkpmkbGt+3/Mfe/HgrEN2OzFUTtLCqShbV4weM1MdSq/P5re+oVACaiIElK1vmFseX8e6alvJ8DlRw/x+UpLQXFQD67H86RQhplmghbEMEqgq3WkUw="}
{"@timestamp": "2019-08-02T12:30:00.676Z", "@metadata": {"beat": "winlogbeat", "type": "_doc", "version": "7.2.0", "topic": "wineventlog_raw"}, "message": "The system time was changed.\n\nSubject:\n\tSecurity ID:\t\tS-1-5-18\n\tAccount Name:\t\tCLIENT1$\n\tAccount Domain:\t\tWORKGROUP\n\tLogon ID:\t\t0x3e7\n\nProcess Information:\n\tProcess ID:\t0x5b4\n\tName:\t\tC:\\Program Files\\NetTime\\NetTimeService.exe\n\nPrevious Time:\t\t\u200e2019\u200e-\u200e08\u200e-\u200e02T12:30:00.930594200Z\nNew Time:\t\t\u200e2019\u200e-\u200e08\u200e-\u200e02T12:30:00.676000000Z\n\nThis event is generated when the system time is changed. It is normal for the Windows Time Service, which runs with System privilege, to change the system time on a regular basis. Other system time changes may be indicative of attempts to tamper with the computer.", "ecs": {"version": "1.0.0"}, "host": {"name": "CLIENT1", "hostname": "CLIENT1", "architecture": "x86", "os": {"family": "windows", "name": "Windows 7 Professional", "kernel": "6.1.7601.18741 (win7sp1_gdr.150202-1526)", "build": "7601.0", "platform": "windows", "version": "6.1"}, "id": "19fc45ac-5890-4f96-81b1-50ed111c0ce4"}, "agent": {"type": "winlogbeat", "ephemeral_id": "de845cd9-5141-4c92-ad32-27a4518307e9", "hostname": "CLIENT1", "id": "0b755aca-0a9a-454a-9800-1979901962a0", "version": "7.2.0"}, "winlog": {"task": "Security State Change", "event_data": {"PreviousTime": "2019-08-02T12:30:00.930594200Z", "NewTime": "2019-08-02T12:30:00.676000000Z", "ProcessId": "0x5b4", "ProcessName": "C:\\Program Files\\NetTime\\NetTimeService.exe", "SubjectUserSid": "<pseudonym:cd1a3afeeac92cb813605e21e464de7db0ca53fa0190d3a1372a46f60ddd0712>", "SubjectUserName": "<pseudonym:e887f3a09fdddf7c81a563b81f90ed9499d86badaa6173d1aa197a2b544d13b1>", "SubjectDomainName": "WORKGROUP", "SubjectLogonId": "0x3e7"}, "channel": "Security", "event_id": 4616, "opcode": "Info", "provider_guid": "{54849625-5478-4994-A5BA-3E3B0328C30D}", "provider_name": "Microsoft-Windows-Security-Auditing", "computer_name": "CLIENT1", "process": {"pid": 4, "thread": {"id": 60}}, "record_id": 4737, "keywords": ["Audit Success"], "version": 1, "api": "wineventlog"}, "event": {"kind": "event", "code": 4616, "action": "Security State Change", "created": "2019-08-02T12:30:01.692Z"}, "log": {"level": "information"}}
{"pseudonym": "387dddca7f9c9fa71c41295d7790d3bcd791cfe79b2dd4843551dfd0bf47acf2", "origin": "UEb1e/n4f6T1MaohjVBx3axtn1ymCnBvXjMB/yEIjfEFlwcT6eNq1zUcBV46ra08K8N8IfnIEzEtEJTwQ7YOS/u0ZKNhycjPFxqHtEvYEedJv4HJ3j0yM1JD1FF3D42pZXZFGVyDoHBLxFBUPK0MY74aT26hGWJWnbN0joW7xUKF7Ux8Fs1wqc89HzHDT1smZiXtPwiipvOfJB6wRF98bLiNULwLF3Z0yQWmf2WrtURjj7VgJSlpfhmDr18fq/cbrxGjVNvQzso5vSO6fIrZZUJx7IRofjP7/Sr0aO+LWkLslZa9QoEmuC3cFO5kuXUSAg0np6s76TrOjKvuRJn+zr3n8JKEQ6zmMyOOp8IT"}
{"pseudonym": "cd1a3afeeac92cb813605e21e464de7db0ca53fa0190d3a1372a46f60ddd0712", "origin": "MZ5jSKLp3MId4lZQFZE8SE7PHaVGMARFqMQc7AEYeZL64ZktaIeVvfTmZ6SukQZGdu/LMMhhUp9jSZCWRcBx6Qnqn2GXy6O/knNdMiqAiiLwgrxMfkDZPVn+3vs51tkdo+5f+3nCSL4P+qbSyYFejJ8ptLD1OP+FAXlE0iD6R+MNvhDDkTEPfxvpsc9be4qCBVrRCeqo3pWTYOvQjUy8tKq/fXZAc43xTE8UgmurKBmDrwQDrykVAM9xaB5hjwR+Aa+eYHpbLmzq2wiOgZ1xrZ3rWMOHRpHA3nk0HR9NaLQhEaAcqmPgb8dTYwaAZhr7K6RNRxctsZvu5XVaVdQ815725joGX/O6X76S1uCruyA="}
{"@timestamp": "2019-08-02T09:46:20.531Z", "@metadata": {"beat": "winlogbeat", "type": "_doc", "version": "7.2.0", "topic": "wineventlog_raw"}, "message": "Special privileges assigned to new logon.\n\nSubject:\n\tSecurity ID:\t\tS-1-5-18\n\tAccount Name:\t\tSYSTEM\n\tAccount Domain:\t\tNT AUTHORITY\n\tLogon ID:\t\t0x3e7\n\nPrivileges:\t\tSeAssignPrimaryTokenPrivilege\n\t\t\tSeTcbPrivilege\n\t\t\tSeSecurityPrivilege\n\t\t\tSeTakeOwnershipPrivilege\n\t\t\tSeLoadDriverPrivilege\n\t\t\tSeBackupPrivilege\n\t\t\tSeRestorePrivilege\n\t\t\tSeDebugPrivilege\n\t\t\tSeAuditPrivilege\n\t\t\tSeSystemEnvironmentPrivilege\n\t\t\tSeImpersonatePrivilege", "ecs": {"version": "1.0.0"}, "host": {"id": "19fc45ac-5890-4f96-81b1-50ed111c0ce4", "hostname": "CLIENT1", "architecture": "x86", "name": "CLIENT1", "os": {"build": "7601.0", "platform": "windows", "version": "6.1", "family": "windows", "name": "Windows 7 Professional", "kernel": "6.1.7601.18741 (win7sp1_gdr.150202-1526)"}}, "agent": {"type": "winlogbeat", "ephemeral_id": "33f6eec2-a7ba-4caa-97b3-ea43b4f5e172", "hostname": "CLIENT1", "id": "0b755aca-0a9a-454a-9800-1979901962a0", "version": "7.2.0"}, "winlog": {"opcode": "Info", "provider_guid": "{54849625-5478-4994-A5BA-3E3B0328C30D}", "event_id": 4672, "process": {"pid": 448, "thread": {"id": 504}}, "event_data": {"SubjectLogonId": "0x3e7", "PrivilegeList": "SeAssignPrimaryTokenPrivilege\n\t\t\tSeTcbPrivilege\n\t\t\tSeSecurityPrivilege\n\t\t\tSeTakeOwnershipPrivilege\n\t\t\tSeLoadDriverPrivilege\n\t\t\tSeBackupPrivilege\n\t\t\tSeRestorePrivilege\n\t\t\tSeDebugPrivilege\n\t\t\tSeAuditPrivilege\n\t\t\tSeSystemEnvironmentPrivilege\n\t\t\tSeImpersonatePrivilege", "SubjectUserSid": "<pseudonym:cd1a3afeeac92cb813605e21e464de7db0ca53fa0190d3a1372a46f60ddd0712>", "SubjectUserName": "<pseudonym:387dddca7f9c9fa71c41295d7790d3bcd791cfe79b2dd4843551dfd0bf47acf2>", "SubjectDomainName": "NT AUTHORITY"}, "record_id": 4652, "task": "Special Logon", "api": "wineventlog", "provider_name": "Microsoft-Windows-Security-Auditing", "keywords": ["Audit Success"], "channel": "Security", "computer_name": "CLIENT1"}, "event": {"created": "2019-08-05T08:54:03.703Z", "kind": "event", "code": 4672, "action": "Special Logon"}, "log": {"level": "information"}}
{"@timestamp": "2019-08-05T08:53:47.625Z", "@metadata": {"beat": "winlogbeat", "type": "_doc", "version": "7.2.0", "topic": "wineventlog_raw"}, "winlog": {"api": "wineventlog", "keywords": ["Audit Success"], "provider_guid": "{54849625-5478-4994-A5BA-3E3B0328C30D}", "task": "Other System Events", "channel": "Security", "provider_name": "Microsoft-Windows-Security-Auditing", "computer_name": "CLIENT1", "opcode": "Info", "process": {"pid": 444, "thread": {"id": 528}}, "event_id": 5024, "record_id": 4687}, "event": {"kind": "event", "code": 5024, "action": "Other System Events", "created": "2019-08-05T08:54:03.704Z"}, "log": {"level": "information"}, "message": "The Windows Firewall service started successfully.", "ecs": {"version": "1.0.0"}, "host": {"name": "CLIENT1", "os": {"family": "windows", "name": "Windows 7 Professional", "kernel": "6.1.7601.18741 (win7sp1_gdr.150202-1526)", "build": "7601.0", "platform": "windows", "version": "6.1"}, "id": "19fc45ac-5890-4f96-81b1-50ed111c0ce4", "hostname": "CLIENT1", "architecture": "x86"}, "agent": {"hostname": "CLIENT1", "id": "0b755aca-0a9a-454a-9800-1979901962a0", "version": "7.2.0", "type": "winlogbeat", "ephemeral_id": "33f6eec2-a7ba-4caa-97b3-ea43b4f5e172"}}
{"@timestamp": "2019-07-30T14:38:16.352Z", "@metadata": {"beat": "winlogbeat", "type": "_doc", "version": "7.2.0", "topic": "wineventlog_raw"}, "ecs": {"version": "1.0.0"}, "host": {"name": "CLIENT1", "hostname": "CLIENT1", "architecture": "x86", "os": {"platform": "windows", "version": "6.1", "family": "windows", "name": "Windows 7 Professional", "kernel": "6.1.7601.18741 (win7sp1_gdr.150202-1526)", "build": "7601.0"}, "id": "19fc45ac-5890-4f96-81b1-50ed111c0ce4"}, "agent": {"ephemeral_id": "33f6eec2-a7ba-4caa-97b3-ea43b4f5e172", "hostname": "CLIENT1", "id": "0b755aca-0a9a-454a-9800-1979901962a0", "version": "7.2.0", "type": "winlogbeat"}, "winlog": {"process": {"pid": 436, "thread": {"id": 2808}}, "provider_name": "Service Control Manager", "computer_name": "CLIENT1", "task": "", "event_id": 7036, "record_id": 11580, "keywords": ["Classic"], "provider_guid": "{555908d1-a6d7-4695-8e1e-26931d2012f4}", "channel": "System", "api": "wineventlog", "event_data": {"param2": "stopped", "Binary": "7300700070007300760063002F0031000000", "param1": "Software Protection"}}, "event": {"kind": "event", "code": 7036, "created": "2019-08-05T08:54:04.777Z"}, "log": {"level": "information"}, "message": "The Software Protection service entered the stopped state."}
{"@timestamp": "2019-08-02T09:46:24.531Z", "@metadata": {"beat": "winlogbeat", "type": "_doc", "version": "7.2.0", "topic": "wineventlog_raw"}, "message": "The Security Accounts Manager service entered the running state.", "agent": {"type": "winlogbeat", "ephemeral_id": "33f6eec2-a7ba-4caa-97b3-ea43b4f5e172", "hostname": "CLIENT1", "id": "0b755aca-0a9a-454a-9800-1979901962a0", "version": "7.2.0"}, "ecs": {"version": "1.0.0"}, "host": {"name": "CLIENT1", "os": {"name": "Windows 7 Professional", "kernel": "6.1.7601.18741 (win7sp1_gdr.150202-1526)", "build": "7601.0", "platform": "windows", "version": "6.1", "family": "windows"}, "id": "19fc45ac-5890-4f96-81b1-50ed111c0ce4", "hostname": "CLIENT1", "architecture": "x86"}, "winlog": {"computer_name": "CLIENT1", "provider_name": "Service Control Manager", "event_id": 7036, "record_id": 11607, "api": "wineventlog", "provider_guid": "{555908d1-a6d7-4695-8e1e-26931d2012f4}", "process": {"pid": 440, "thread": {"id": 528}}, "channel": "System", "keywords": ["Classic"], "event_data": {"param1": "Security Accounts Manager", "param2": "running", "Binary": "530061006D00530073002F0034000000"}, "task": ""}, "event": {"kind": "event", "code": 7036, "created": "2019-08-05T08:54:04.777Z"}, "log": {"level": "information"}}
{"@timestamp": "2019-08-02T09:46:51.286Z", "@metadata": {"beat": "winlogbeat", "type": "_doc", "version": "7.2.0", "topic": "wineventlog_raw"}, "event": {"created": "2019-08-05T08:54:04.777Z", "kind": "event", "code": 7036}, "log": {"level": "information"}, "message": "The winlogbeat service entered the running state.", "winlog": {"provider_name": "Service Control Manager", "record_id": 11630, "computer_name": "CLIENT1", "event_id": 7036, "process": {"pid": 440, "thread": {"id": 524}}, "keywords": ["Classic"], "channel": "System", "api": "wineventlog", "task": "", "provider_guid": "{555908d1-a6d7-4695-8e1e-26931d2012f4}", "event_data": {"Binary": "770069006E006C006F00670062006500610074002F0034000000", "param1": "winlogbeat", "param2": "running"}}, "ecs": {"version": "1.0.0"}, "host": {"architecture": "x86", "os": {"version": "6.1", "family": "windows", "name": "Windows 7 Professional", "kernel": "6.1.7601.18741 (win7sp1_gdr.150202-1526)", "build": "7601.0", "platform": "windows"}, "id": "19fc45ac-5890-4f96-81b1-50ed111c0ce4", "name": "CLIENT1", "hostname": "CLIENT1"}, "agent": {"type": "winlogbeat", "ephemeral_id": "33f6eec2-a7ba-4caa-97b3-ea43b4f5e172", "hostname": "CLIENT1", "id": "0b755aca-0a9a-454a-9800-1979901962a0", "version": "7.2.0"}}
{"@timestamp": "2019-08-02T09:48:54.740Z", "@metadata": {"beat": "winlogbeat", "type": "_doc", "version": "7.2.0", "topic": "wineventlog_raw"}, "winlog": {"computer_name": "CLIENT1", "record_id": 11648, "task": "", "api": "wineventlog", "event_data": {"param1": "Microsoft .NET Framework NGEN v4.0.30319_X86", "param2": "running", "Binary": "63006C0072005F006F007000740069006D0069007A006100740069006F006E005F00760034002E0030002E00330030003300310039005F00330032002F0034000000"}, "process": {"thread": {"id": 3492}, "pid": 440}, "event_id": 7036, "provider_name": "Service Control Manager", "channel": "System", "provider_guid": "{555908d1-a6d7-4695-8e1e-26931d2012f4}", "keywords": ["Classic"]}, "event": {"created": "2019-08-05T08:54:04.823Z", "kind": "event", "code": 7036}, "log": {"level": "information"}, "message": "The Microsoft .NET Framework NGEN v4.0.30319_X86 service entered the running state.", "agent": {"hostname": "CLIENT1", "id": "0b755aca-0a9a-454a-9800-1979901962a0", "version": "7.2.0", "type": "winlogbeat", "ephemeral_id": "33f6eec2-a7ba-4caa-97b3-ea43b4f5e172"}, "ecs": {"version": "1.0.0"}, "host": {"hostname": "CLIENT1", "architecture": "x86", "os": {"kernel": "6.1.7601.18741 (win7sp1_gdr.150202-1526)", "build": "7601.0", "platform": "windows", "version": "6.1", "family": "windows", "name": "Windows 7 Professional"}, "name": "CLIENT1", "id": "19fc45ac-5890-4f96-81b1-50ed111c0ce4"}}
{"@timestamp": "2019-08-02T09:54:26.708Z", "@metadata": {"beat": "winlogbeat", "type": "_doc", "version": "7.2.0", "topic": "wineventlog_raw"}, "ecs": {"version": "1.0.0"}, "host": {"name": "CLIENT1", "id": "19fc45ac-5890-4f96-81b1-50ed111c0ce4", "hostname": "CLIENT1", "architecture": "x86", "os": {"version": "6.1", "family": "windows", "name": "Windows 7 Professional", "kernel": "6.1.7601.18741 (win7sp1_gdr.150202-1526)", "build": "7601.0", "platform": "windows"}}, "agent": {"version": "7.2.0", "type": "winlogbeat", "ephemeral_id": "33f6eec2-a7ba-4caa-97b3-ea43b4f5e172", "hostname": "CLIENT1", "id": "0b755aca-0a9a-454a-9800-1979901962a0"}, "winlog": {"event_data": {"Binary": "7300700070007300760063002F0031000000", "param1": "Software Protection", "param2": "stopped"}, "channel": "System", "record_id": 11697, "api": "wineventlog", "process": {"pid": 440, "thread": {"id": 2680}}, "computer_name": "CLIENT1", "keywords": ["Classic"], "provider_guid": "{555908d1-a6d7-4695-8e1e-26931d2012f4}", "event_id": 7036, "task": "", "provider_name": "Service Control Manager"}, "event": {"kind": "event", "code": 7036, "created": "2019-08-05T08:54:04.922Z"}, "log": {"level": "information"}, "message": "The Software Protection service entered the stopped state."}
{"@timestamp": "2019-08-05T08:53:28.968Z", "@metadata": {"beat": "winlogbeat", "type": "_doc", "version": "7.2.0", "topic": "wineventlog_raw"}, "log": {"level": "information"}, "message": "The Multimedia Class Scheduler service entered the running state.", "ecs": {"version": "1.0.0"}, "host": {"name": "CLIENT1", "hostname": "CLIENT1", "architecture": "x86", "os": {"build": "7601.0", "platform": "windows", "version": "6.1", "family": "windows", "name": "Windows 7 Professional", "kernel": "6.1.7601.18741 (win7sp1_gdr.150202-1526)"}, "id": "19fc45ac-5890-4f96-81b1-50ed111c0ce4"}, "agent": {"version": "7.2.0", "type": "winlogbeat", "ephemeral_id": "33f6eec2-a7ba-4caa-97b3-ea43b4f5e172", "hostname": "CLIENT1", "id": "0b755aca-0a9a-454a-9800-1979901962a0"}, "winlog": {"provider_name": "Service Control Manager", "event_data": {"Binary": "4D004D004300530053002F0034000000", "param1": "Multimedia Class Scheduler", "param2": "running"}, "record_id": 11712, "provider_guid": "{555908d1-a6d7-4695-8e1e-26931d2012f4}", "computer_name": "CLIENT1", "keywords": ["Classic"], "event_id": 7036, "api": "wineventlog", "process": {"thread": {"id": 500}, "pid": 436}, "channel": "System", "task": ""}, "event": {"created": "2019-08-05T08:54:04.923Z", "kind": "event", "code": 7036}}
{"@timestamp": "2019-08-05T08:53:47.000Z", "@metadata": {"beat": "winlogbeat", "type": "_doc", "version": "7.2.0", "topic": "wineventlog_raw"}, "event": {"created": "2019-08-05T08:54:06.439Z", "kind": "event", "code": 0}, "log": {"level": "information"}, "ecs": {"version": "1.0.0"}, "host": {"name": "CLIENT1", "os": {"family": "windows", "name": "Windows 7 Professional", "kernel": "6.1.7601.18741 (win7sp1_gdr.150202-1526)", "build": "7601.0", "platform": "windows", "version": "6.1"}, "id": "19fc45ac-5890-4f96-81b1-50ed111c0ce4", "hostname": "CLIENT1", "architecture": "x86"}, "agent": {"hostname": "CLIENT1", "id": "0b755aca-0a9a-454a-9800-1979901962a0", "version": "7.2.0", "type": "winlogbeat", "ephemeral_id": "33f6eec2-a7ba-4caa-97b3-ea43b4f5e172"}, "winlog": {"event_data": {"param1": "Service started"}, "channel": "Application", "event_id": 0, "provider_name": "FreeSSHDService", "record_id": 2928, "task": "", "api": "wineventlog", "computer_name": "CLIENT1"}}
{"@timestamp": "2019-08-05T08:54:07.237Z", "@metadata": {"beat": "winlogbeat", "type": "_doc", "version": "7.2.0", "topic": "wineventlog_raw"}, "message": "The Diagnostic System Host service entered the running state.", "host": {"name": "CLIENT1", "hostname": "CLIENT1", "architecture": "x86", "os": {"version": "6.1", "family": "windows", "name": "Windows 7 Professional", "kernel": "6.1.7601.18741 (win7sp1_gdr.150202-1526)", "build": "7601.0", "platform": "windows"}, "id": "19fc45ac-5890-4f96-81b1-50ed111c0ce4"}, "agent": {"version": "7.2.0", "type": "winlogbeat", "ephemeral_id": "33f6eec2-a7ba-4caa-97b3-ea43b4f5e172", "hostname": "CLIENT1", "id": "0b755aca-0a9a-454a-9800-1979901962a0"}, "ecs": {"version": "1.0.0"}, "winlog": {"process": {"pid": 436, "thread": {"id": 1804}}, "event_data": {"Binary": "570064006900530079007300740065006D0048006F00730074002F0034000000", "param1": "Diagnostic System Host", "param2": "running"}, "task": "", "computer_name": "CLIENT1", "channel": "System", "provider_name": "Service Control Manager", "api": "wineventlog", "keywords": ["Classic"], "provider_guid": "{555908d1-a6d7-4695-8e1e-26931d2012f4}", "event_id": 7036, "record_id": 11751}, "event": {"kind": "event", "code": 7036, "created": "2019-08-05T08:54:08.093Z"}, "log": {"level": "information"}}
{"@timestamp": "2019-08-05T08:54:07.237Z", "@metadata": {"beat": "winlogbeat", "type": "_doc", "version": "7.2.0", "topic": "wineventlog_raw"}, "ecs": {"version": "1.0.0"}, "host": {"os": {"name": "Windows 7 Professional", "kernel": "6.1.7601.18741 (win7sp1_gdr.150202-1526)", "build": "7601.0", "platform": "windows", "version": "6.1", "family": "windows"}, "id": "19fc45ac-5890-4f96-81b1-50ed111c0ce4", "name": "CLIENT1", "hostname": "CLIENT1", "architecture": "x86"}, "agent": {"ephemeral_id": "33f6eec2-a7ba-4caa-97b3-ea43b4f5e172", "hostname": "CLIENT1", "id": "0b755aca-0a9a-454a-9800-1979901962a0", "version": "7.2.0", "type": "winlogbeat"}, "winlog": {"provider_name": "Service Control Manager", "computer_name": "CLIENT1", "process": {"pid": 436, "thread": {"id": 1760}}, "task": "", "keywords": ["Classic"], "event_data": {"param1": "Diagnostic Service Host", "param2": "running", "Binary": "570064006900530065007200760069006300650048006F00730074002F0034000000"}, "channel": "System", "record_id": 11752, "api": "wineventlog", "event_id": 7036, "provider_guid": "{555908d1-a6d7-4695-8e1e-26931d2012f4}"}, "event": {"code": 7036, "created": "2019-08-05T08:54:08.093Z", "kind": "event"}, "log": {"level": "information"}, "message": "The Diagnostic Service Host service entered the running state."}
{"@timestamp": "2019-08-05T08:55:56.000Z", "@metadata": {"beat": "winlogbeat", "type": "_doc", "version": "7.2.0", "topic": "wineventlog_raw"}, "log": {"level": "information"}, "message": "The Windows Search Service started.", "winlog": {"event_data": {"ExtraInfo": ""}, "record_id": 2944, "task": "Search service", "provider_guid": "{CA4E628D-8567-4896-AB6B-835B221F373F}", "channel": "Application", "provider_name": "Microsoft-Windows-Search", "api": "wineventlog", "keywords": ["Classic"], "computer_name": "CLIENT1", "event_id": 1003}, "ecs": {"version": "1.0.0"}, "host": {"name": "CLIENT1", "id": "19fc45ac-5890-4f96-81b1-50ed111c0ce4", "hostname": "CLIENT1", "architecture": "x86", "os": {"platform": "windows", "version": "6.1", "family": "windows", "name": "Windows 7 Professional", "kernel": "6.1.7601.18741 (win7sp1_gdr.150202-1526)", "build": "7601.0"}}, "agent": {"ephemeral_id": "33f6eec2-a7ba-4caa-97b3-ea43b4f5e172", "hostname": "CLIENT1", "id": "0b755aca-0a9a-454a-9800-1979901962a0", "version": "7.2.0", "type": "winlogbeat"}, "event": {"kind": "event", "code": 1003, "action": "Search service", "created": "2019-08-05T08:55:56.808Z"}}
{"@timestamp": "2019-07-30T14:38:12.768Z", "@metadata": {"beat": "winlogbeat", "type": "_doc", "version": "7.2.0", "topic": "wineventlog_raw"}, "winlog": {"record_id": 4638, "opcode": "Info", "provider_guid": "{fc65ddd8-d6ef-4962-83d5-6e5cfe9ce148}", "computer_name": "CLIENT1", "keywords": ["Audit Success"], "channel": "Security", "task": "Service shutdown", "provider_name": "Microsoft-Windows-Eventlog", "event_id": 1100, "api": "wineventlog", "process": {"thread": {"id": 3840}, "pid": 708}}, "event": {"kind": "event", "code": 1100, "action": "Service shutdown", "created": "2019-08-02T09:55:11.925Z"}, "ecs": {"version": "1.0.0"}, "host": {"architecture": "x86", "os": {"name": "Windows 7 Professional", "kernel": "6.1.7601.18741 (win7sp1_gdr.150202-1526)", "build": "7601.0", "platform": "windows", "version": "6.1", "family": "windows"}, "id": "19fc45ac-5890-4f96-81b1-50ed111c0ce4", "name": "CLIENT1", "hostname": "CLIENT1"}, "agent": {"version": "7.2.0", "type": "winlogbeat", "ephemeral_id": "de845cd9-5141-4c92-ad32-27a4518307e9", "hostname": "CLIENT1", "id": "0b755aca-0a9a-454a-9800-1979901962a0"}, "log": {"level": "information"}, "message": "The event logging service has shut down."}
{"@timestamp": "2019-08-02T09:46:20.531Z", "@metadata": {"beat": "winlogbeat", "type": "_doc", "version": "7.2.0", "topic": "wineventlog_raw"}, "ecs": {"version": "1.0.0"}, "host": {"os": {"platform": "windows", "version": "6.1", "family": "windows", "name": "Windows 7 Professional", "kernel": "6.1.7601.18741 (win7sp1_gdr.150202-1526)", "build": "7601.0"}, "id": "19fc45ac-5890-4f96-81b1-50ed111c0ce4", "name": "CLIENT1", "hostname": "CLIENT1", "architecture": "x86"}, "winlog": {"keywords": ["Classic"], "event_data": {"param1": "Windows Event Log", "param2": "running", "Binary": "6500760065006E0074006C006F0067002F0034000000"}, "provider_guid": "{555908d1-a6d7-4695-8e1e-26931d2012f4}", "process": {"pid": 440, "thread": {"id": 520}}, "provider_name": "Service Control Manager", "record_id": 11596, "task": "", "api": "wineventlog", "event_id": 7036, "computer_name": "CLIENT1", "channel": "System"}, "event": {"kind": "event", "code": 7036, "created": "2019-08-02T09:55:11.997Z"}, "log": {"level": "information"}, "message": "The Windows Event Log service entered the running state.", "agent": {"ephemeral_id": "de845cd9-5141-4c92-ad32-27a4518307e9", "hostname": "CLIENT1", "id": "0b755aca-0a9a-454a-9800-1979901962a0", "version": "7.2.0", "type": "winlogbeat"}}
{"@timestamp": "2019-08-02T09:46:23.562Z", "@metadata": {"beat": "winlogbeat", "type": "_doc", "version": "7.2.0", "topic": "wineventlog_raw"}, "log": {"level": "information"}, "message": "The User Profile Service service entered the running state.", "ecs": {"version": "1.0.0"}, "host": {"hostname": "CLIENT1", "architecture": "x86", "name": "CLIENT1", "os": {"platform": "windows", "version": "6.1", "family": "windows", "name": "Windows 7 Professional", "kernel": "6.1.7601.18741 (win7sp1_gdr.150202-1526)", "build": "7601.0"}, "id": "19fc45ac-5890-4f96-81b1-50ed111c0ce4"}, "agent": {"ephemeral_id": "de845cd9-5141-4c92-ad32-27a4518307e9", "hostname": "CLIENT1", "id": "0b755aca-0a9a-454a-9800-1979901962a0", "version": "7.2.0", "type": "winlogbeat"}, "winlog": {"provider_guid": "{555908d1-a6d7-4695-8e1e-26931d2012f4}", "process": {"pid": 440, "thread": {"id": 528}}, "provider_name": "Service Control Manager", "keywords": ["Classic"], "task": "", "api": "wineventlog", "computer_name": "CLIENT1", "event_data": {"param1": "User Profile Service", "param2": "running", "Binary": "500072006F0066005300760063002F0034000000"}, "event_id": 7036, "record_id": 11601, "channel": "System"}, "event": {"kind": "event", "code": 7036, "created": "2019-08-02T09:55:11.997Z"}}
