{"pseudonym": "387dddca7f9c9fa71c41295d7790d3bcd791cfe79b2dd4843551dfd0bf47acf2", "origin": "XH4xlpYQEb1E6RaMPtEO/Taz6l++aRn4CFFvlC5IUbuFEi5jw3clfr/FDDGwxKTzgq0PYQtkWGWLYGBbzHCylSRSqd7y4DpPvu9mc4zls++pJwu84p2XrG98JwVYCjsUZbrlaEAqphooJLXGBB3hYPRlbYl/EsIi1CW72mn6qagvIPeG2z9d/eDa8Rsl1x1SgkqceXSYH3tryrWO7G3yNQfkwtwnNa43YAPGWd7e3ay/UlQwGOXxlfwZ3ywttyQh+G+66I9kvsYhKB4Ywo9uAfgYRe1T+AJhrL/j5nTznA3K3ozqy/0+Ll1Di1JPjhNi9X4+4oLcyu60tiyjMdkdT1GUDYDSE2v/uN7j7Ef9"}
{"pseudonym": "cd1a3afeeac92cb813605e21e464de7db0ca53fa0190d3a1372a46f60ddd0712", "origin": "eyb5BhYBEibiAX4+wpM/l5Ldi29WevdRwxIZ54DDXuBomxcHVPzqd0695kQi8mErT1dntv8yiOUS/so7UNFWdvfocSFf3KSVZnEkvZYcP1L/Qe+eErzE66E6FLsDGfmPVEfYPXMajJBFWWa5IbD0lz765vHa9DHE2/SZcuNm0keZ2DX+DYv8vyA3MlpzaW2304QWVN70nE3p+sZvbqqvIyBQ3k2+nJ4lyLTHVQ42gP6inWlN+t7J4e3ls+fE64Ib6frJIIgc9dEr97oua4xl9ickew8V3oqMOpnzRY3IVVsw/941hz20JIEUROA8yV861u3nnRIkm5eHC0qHh8gp1yG80o7meIFUolGz06hWoZg="}
{"@timestamp": "2019-08-02T09:54:56.156Z", "@metadata": {"beat": "winlogbeat", "type": "_doc", "version": "7.2.0", "topic": "wineventlog_raw"}, "winlog": {"task": "Special Logon", "keywords": ["Audit Success"], "provider_guid": "{54849625-5478-4994-A5BA-3E3B0328C30D}", "channel": "Security", "api": "wineventlog", "computer_name": "CLIENT1", "record_id": 4681, "process": {"pid": 448, "thread": {"id": 512}}, "provider_name": "Microsoft-Windows-Security-Auditing", "event_data": {"PrivilegeList": "SeAssignPrimaryTokenPrivilege\n\t\t\tSeTcbPrivilege\n\t\t\tSeSecurityPrivilege\n\t\t\tSeTakeOwnershipPrivilege\n\t\t\tSeLoadDriverPrivilege\n\t\t\tSeBackupPrivilege\n\t\t\tSeRestorePrivilege\n\t\t\tSeDebugPrivilege\n\t\t\tSeAuditPrivilege\n\t\t\tSeSystemEnvironmentPrivilege\n\t\t\tSeImpersonatePrivilege", "SubjectUserSid": "<pseudonym:cd1a3afeeac92cb813605e21e464de7db0ca53fa0190d3a1372a46f60ddd0712>", "SubjectUserName": "<pseudonym:387dddca7f9c9fa71c41295d7790d3bcd791cfe79b2dd4843551dfd0bf47acf2>", "SubjectDomainName": "NT AUTHORITY", "SubjectLogonId": "0x3e7"}, "event_id": 4672, "opcode": "Info"}, "event": {"kind": "event", "code": 4672, "action": "Special Logon", "created": "2019-08-02T09:55:12.184Z"}, "log": {"level": "information"}, "message": "Special privileges assigned to new logon.\n\nSubject:\n\tSecurity ID:\t\tS-1-5-18\n\tAccount Name:\t\tSYSTEM\n\tAccount Domain:\t\tNT AUTHORITY\n\tLogon ID:\t\t0x3e7\n\nPrivileges:\t\tSeAssignPrimaryTokenPrivilege\n\t\t\tSeTcbPrivilege\n\t\t\tSeSecurityPrivilege\n\t\t\tSeTakeOwnershipPrivilege\n\t\t\tSeLoadDriverPrivilege\n\t\t\tSeBackupPrivilege\n\t\t\tSeRestorePrivilege\n\t\t\tSeDebugPrivilege\n\t\t\tSeAuditPrivilege\n\t\t\tSeSystemEnvironmentPrivilege\n\t\t\tSeImpersonatePrivilege", "ecs": {"version": "1.0.0"}, "host": {"hostname": "CLIENT1", "architecture": "x86", "os": {"version": "6.1", "family": "windows", "name": "Windows 7 Professional", "kernel": "6.1.7601.18741 (win7sp1_gdr.150202-1526)", "build": "7601.0", "platform": "windows"}, "id": "19fc45ac-5890-4f96-81b1-50ed111c0ce4", "name": "CLIENT1"}, "agent": {"ephemeral_id": "de845cd9-5141-4c92-ad32-27a4518307e9", "hostname": "CLIENT1", "id": "0b755aca-0a9a-454a-9800-1979901962a0", "version": "7.2.0", "type": "winlogbeat"}}
{"pseudonym": "cd1a3afeeac92cb813605e21e464de7db0ca53fa0190d3a1372a46f60ddd0712", "origin": "sJP511fMm7pfcyVJ6XU9ChxIv/ziUeKbnVg1VZC2krl9GuWF9Np3Q+CTbtuN65w+DTkfgXKGdpY3TcbKCPgxbktb0gKS0H6eQJlacnPX/5fNjfrpC06xRyIXh/kBmD73rogUcRugwdzz87F4m35eCvLJnHeWZdbQD7fWXCT5Pd0T//rc3mMdP5lxbUsV+Qp19qDUxFbTlf28GOdSXdEtMzrTxs1AXJw2XrZmWghZ99wIYvq5TB3wNjejyeiZYsTsedTqiwxHOcTqVqitzb2tAmolRIrhxQw2Z+qSye0RQgUwyREWentJgkyVQv7AM5uwV/7AJw9ghRshmzHLd3SDzmrboqC9StuV6v9/+hHkEfI="}
{"@timestamp": "2019-08-02T09:55:13.598Z", "@metadata": {"beat": "winlogbeat", "type": "_doc", "version": "7.2.0", "topic": "wineventlog_raw"}, "event": {"kind": "event", "code": 5617, "created": "2019-08-02T09:55:16.282Z"}, "log": {"level": "information"}, "host": {"name": "CLIENT1", "hostname": "CLIENT1", "architecture": "x86", "os": {"family": "windows", "name": "Windows 7 Professional", "kernel": "6.1.7601.18741 (win7sp1_gdr.150202-1526)", "build": "7601.0", "platform": "windows", "version": "6.1"}, "id": "19fc45ac-5890-4f96-81b1-50ed111c0ce4"}, "agent": {"hostname": "CLIENT1", "id": "0b755aca-0a9a-454a-9800-1979901962a0", "version": "7.2.0", "type": "winlogbeat", "ephemeral_id": "de845cd9-5141-4c92-ad32-27a4518307e9"}, "ecs": {"version": "1.0.0"}, "message": "Windows Management Instrumentation Service subsystems initialized successfully", "winlog": {"user": {"type": "User", "identifier": "<pseudonym:cd1a3afeeac92cb813605e21e464de7db0ca53fa0190d3a1372a46f60ddd0712>", "name": "SYSTEM", "domain": "NT AUTHORITY"}, "record_id": 2930, "api": "wineventlog", "provider_guid": "{1EDEEE53-0AFE-4609-B846-D8C0B2075B1F}", "provider_name": "Microsoft-Windows-WMI", "channel": "Application", "process": {"pid": 776, "thread": {"id": 1124}}, "computer_name": "CLIENT1", "opcode": "Info", "version": 2, "event_id": 5617, "task": ""}}
{"pseudonym": "cd1a3afeeac92cb813605e21e464de7db0ca53fa0190d3a1372a46f60ddd0712", "origin": "nOAK3ypQ9eQcEdLRTdVNk15WygFLM/c0WIZbMndFJVPXkMQxuUfJxkKEyGwgL3eq+Xy6usEdEWeIqDAbXrp5rHdds9oV6SoMqOqwGsKJP7+iOIJrdz3nDRdagfvVXzUawcinQ/o2HV7uUIWFkaDAiHLVVXWdeWZ71OBcijhlmH0R0Qt8WStF4n+yUXnV++MzW6Vg7keqxAdkPNGJ7izWiasMPLxDGZ6BDNzYIV76nboFRBwSAGypIrwdo/tVXI8kU7FAGFCSKbejUTVWErIY43QWfY/csud93vZXFmaa4dkIqiqf3Xdfjjuk0v/+34lgcOKhkjJ+jclZblGUOvhaBDzG29OrVfth/l/4k3fQ1V8="}
{"@timestamp": "2019-08-02T10:25:05.131Z", "@metadata": {"beat": "winlogbeat", "type": "_doc", "version": "7.2.0", "topic": "wineventlog_raw"}, "agent": {"ephemeral_id": "de845cd9-5141-4c92-ad32-27a4518307e9", "hostname": "CLIENT1", "id": "0b755aca-0a9a-454a-9800-1979901962a0", "version": "7.2.0", "type": "winlogbeat"}, "ecs": {"version": "1.0.0"}, "host": {"name": "CLIENT1", "id": "19fc45ac-5890-4f96-81b1-50ed111c0ce4", "hostname": "CLIENT1", "architecture": "x86", "os": {"family": "windows", "name": "Windows 7 Professional", "kernel": "6.1.7601.18741 (win7sp1_gdr.150202-1526)", "build": "7601.0", "platform": "windows", "version": "6.1"}}, "winlog": {"channel": "System", "event_id": 1, "event_data": {"OldTime": "2019-08-02T10:25:05.910867900Z", "NewTime": "2019-08-02T10:25:05.131000000Z"}, "provider_name": "Microsoft-Windows-Kernel-General", "computer_name": "CLIENT1", "keywords": ["Time"], "process": {"pid": 1460, "thread": {"id": 1504}}, "user": {"identifier": "<pseudonym:cd1a3afeeac92cb813605e21e464de7db0ca53fa0190d3a1372a46f60ddd0712>", "name": "SYSTEM", "domain": "NT AUTHORITY", "type": "User"}, "record_id": 11787, "api": "wineventlog", "opcode": "Info", "task": "", "provider_guid": "{A68CA8B7-004F-D7B6-A698-07E2DE0F1F5D}"}, "event": {"created": "2019-08-02T10:25:06.211Z", "kind": "event", "code": 1}, "log": {"level": "information"}, "message": "The system time has changed to \u200e2019\u200e-\u200e08\u200e-\u200e02T10:25:05.131000000Z from \u200e2019\u200e-\u200e08\u200e-\u200e02T10:25:05.910867900Z."}
{"pseudonym": "e887f3a09fdddf7c81a563b81f90ed9499d86badaa6173d1aa197a2b544d13b1", "origin": "MCRYB/yQvd7FSTUGs+1DoV1bM5Biae5AUBitWQmWiRNJzAbMfuy39gPKUedC7s8TK8mEE8NxpEaEc75hio4bk8DccSEzyvYPOO43+1BpoXonovVSThcxLiE22zWpkBeFrm31UUqHol8+o9UpEjy/0TMS8VoUxx5OehYUEkh+wX2qj4v7wsnCziCFBBlL3AZqUy8zSplUlRPerLXJSJWML76ivoqFamlm4crge5J9kD0XsWKRiWvfDkT1TkG/psjGbWEyaEJohc3ojM1sSZINg6w2Ue/sB4Cugeco1+K1T51J4HyAut0+0JvWdIaHf7wziSWvP3je8uS+mSDF1gRT/f/ubRMrR1JTbI2t+Zx3grQ="}
{"pseudonym": "387dddca7f9c9fa71c41295d7790d3bcd791cfe79b2dd4843551dfd0bf47acf2", "origin": "jvVh7NCJc7CiE0A3+fzefwSTuWej9nhPQ6Ua8U6aqVtQ6OClmrMAFzsAZfCOitcXpyy+ZFEsni/M8VRlJeg3FonEDgDm3kVzj7EIVG1lW5qJKL5aYlEMTrzblEwIa3w3We7e61PUG0daEO0T6M0WCMoLNIzFjBtInyF7E70SXXcRuYgmcHU4nZqbU3PgF5MKyspH9BxsQJJDF4FcYqDo0bn50z/BFkuwZaQ33VWyNyCpjqc4IQbXpzoOH/5LcdKgGXpSz+XR5HhrvJjMHM7luL9upZH14wTZoGZyTuq0YEe1aqvZ4brhH9uaDLzcDfS31cu5uAoAOt4MqFJ2quifDjkTW0f/B7VHwkIlGiOl"}
{"pseudonym": "cd1a3afeeac92cb813605e21e464de7db0ca53fa0190d3a1372a46f60ddd0712", "origin": "uKRx5aLNGEg+8oThCarDLSqwbacJTjV9FxIZ7ujZJovVpoUIBjcJmBmHzXLr4wdWie05ySBBuO+8B/YAgEk51GzoWIrYgQk29vxiuU8NnykzXxTK0FUJz4A9ab986JERi+XXTg+8ZRUt/EI6yptviXSXz2uTIZKC5N6MRSVqb70+vy3B74V5wgXgk2SxEcoWv0rqOAbmCpPC66RmzbWN7R68ecrzqe7/X0NXl0e7aXOQZzmYd++k9TdPu/cJwB2pLyWIiRo8nt9O7rFNuIgtbf387Dkv4zNBpHCmoYZ4Ocmm6Y+mBuep+rJTicjqE4ruVTOceXIXNmSUwWvyP779qI1c4mP8eAgmDivtWYNmVOc="}
{"pseudonym": "91d121bc503735a145e0e9869d792d26f6b22784210a0daf5b63840be2abf69a", "origin": "qJP+bJLX+9An5ykhsZ73MaNe8DsQ46j5NPX2al+f9KMHNkTGb9kORKUvJM3I2rQ1lEuXpeD5vNRlpovNYIn8vj+gikOlOGbOLmaDKI0M2pfb/efZbGjMdmzB/Ak3prqA3rXbIcpA5Z/IAnNunxvuowVU8divhlP2s42J8hWIcwWGhmkA16+Ja26GZ8pWQ1wsJM2Bw0/3dD1VisxImbtT1kjz68vvc2n5b4gBjp+14rqZa4oaeKAkflOkjWIqxH9L2BZg2MV3WQzLCRbX9ctMUXsDHunu7Org90oSd7zo0iqphyUVqBXsUxJ18b5XQecWiUw0i0Ka2fz1Z+kxjyJhWxoRmkmP51qiCw=="}
{"@timestamp": "2019-08-02T10:38:19.416Z", "@metadata": {"beat": "winlogbeat", "type": "_doc", "version": "7.2.0", "topic": "wineventlog_raw"}, "ecs": {"version": "1.0.0"}, "winlog": {"opcode": "Info", "event_id": 4624, "provider_name": "Microsoft-Windows-Security-Auditing", "task": "Logon", "keywords": ["Audit Success"], "provider_guid": "{54849625-5478-4994-A5BA-3E3B0328C30D}", "api": "wineventlog", "computer_name": "CLIENT1", "process": {"thread": {"id": 1728}, "pid": 448}, "record_id": 4709, "event_data": {"LogonType": "5", "IpAddress": "<pseudonym:91d121bc503735a145e0e9869d792d26f6b22784210a0daf5b63840be2abf69a>", "TargetLogonId": "0x3e7", "AuthenticationPackageName": "Negotiate", "TransmittedServices": "-", "SubjectUserSid": "<pseudonym:cd1a3afeeac92cb813605e21e464de7db0ca53fa0190d3a1372a46f60ddd0712>", "SubjectUserName": "<pseudonym:e887f3a09fdddf7c81a563b81f90ed9499d86badaa6173d1aa197a2b544d13b1>", "LogonProcessName": "Advapi  ", "LogonGuid": "{00000000-0000-0000-0000-000000000000}", "LmPackageName": "-", "SubjectDomainName": "WORKGROUP", "SubjectLogonId": "0x3e7", "KeyLength": "0", "IpPort": "-"}, "channel": "Security"}, "message": "An account was successfully logged on.\n\nSubject:\n\tSecurity ID:\t\tS-1-5-18\n\tAccount Name:\t\tCLIENT1$\n\tAccount Domain:\t\tWORKGROUP\n\tLogon ID:\t\t0x3e7\n\nLogon Type:\t\t\t5\n\nNew Logon:\n\tSecurity ID:\t\tS-1-5-18\n\tAccount Name:\t\tSYSTEM\n\tAccount Domain:\t\tNT AUTHORITY\n\tLogon ID:\t\t0x3e7\n\tLogon GUID:\t\t{00000000-0000-0000-0000-000000000000}\n\nProcess Information:\n\tProcess ID:\t\t0x1b8\n\tProcess Name:\t\tC:\\Windows\\System32\\services.exe\n\nNetwork Information:\n\tWorkstation Name:\t\n\tSource Network Address:\t-\n\tSource Port:\t\t-\n\nDetailed Authentication Information:\n\tLogon Process:\t\tAdvapi  \n\tAuthentication Package:\tNegotiate\n\tTransited Services:\t-\n\tPackage Name (NTLM only):\t-\n\tKey Length:\t\t0\n\nThis event is generated when a logon session is created. It is generated on the computer that was accessed.\n\nThe subject fields indicate the account on the local system which requested the logon. This is most commonly a service such as the Server service, or a local process such as Winlogon.exe or Services.exe.\n\nThe logon type field indicates the kind of logon that occurred. The most common types are 2 (interactive) and 3 (network).\n\nThe New Logon fields indicate the account for whom the new logon was created, i.e. the account that was logged on.\n\nThe network fields indicate where a remote logon request originated. Workstation name is not always available and may be left blank in some cases.\n\nThe authentication information fields provide detailed information about this specific logon request.\n\t- Logon GUID is a unique identifier that can be used to correlate this event with a KDC event.\n\t- Transited services indicate which intermediate services have participated in this logon request.\n\t- Package name indicates which sub-protocol was used among the NTLM protocols.\n\t- Key length indicates the length of the generated session key. This will be 0 if no session key was requested.", "user": {"id": "S-1-5-18", "name": "<pseudonym:387dddca7f9c9fa71c41295d7790d3bcd791cfe79b2dd4843551dfd0bf47acf2>", "domain": "NT AUTHORITY"}, "process": {"executable": "C:\\Windows\\System32\\services.exe", "name": "services.exe", "pid": 440}, "host": {"name": "CLIENT1", "id": "19fc45ac-5890-4f96-81b1-50ed111c0ce4", "hostname": "CLIENT1", "architecture": "x86", "os": {"platform": "windows", "version": "6.1", "family": "windows", "name": "Windows 7 Professional", "kernel": "6.1.7601.18741 (win7sp1_gdr.150202-1526)", "build": "7601.0"}}, "agent": {"type": "winlogbeat", "ephemeral_id": "de845cd9-5141-4c92-ad32-27a4518307e9", "hostname": "CLIENT1", "id": "0b755aca-0a9a-454a-9800-1979901962a0", "version": "7.2.0"}, "event": {"kind": "event", "code": 4624, "action": "Logon", "created": "2019-08-02T10:38:20.448Z", "category": "authentication", "type": "authentication_success"}, "log": {"level": "information"}}
{"pseudonym": "e887f3a09fdddf7c81a563b81f90ed9499d86badaa6173d1aa197a2b544d13b1", "origin": "GdI6GS+PZA7Av7tQ4v9GURjnbUI6ikScelYc+Fd1C/dH/Ts+m3tTL2KhqvkHtgrr1V9mxi8L4Ofx+fzvKPtVvmork0VeirzsuyV4lKp9cUN5/cQ4U0gtgBgroLIV8S8vel+vG5IdMgtYgj+ty66Tku1AI5h6XGQ/XlBT6p69qJ/oGvaeuOc52xLKskIp9hz6byw0HHXmhqvmfcMKnnLfnSjnVKrcuVZffCwzIboix7/sJbt0KXSBMiCPhEROcedMbALihnPLu8NFRXK+3XGhdrDyLYy2yYCQZvbzZfgU60g0FnmN/y8FXoKkOjc+7ekzExXIb8f6LYhLs92YXKW5+Q+LKm/d7QW7H6SFjrXi2YE="}
{"pseudonym": "387dddca7f9c9fa71c41295d7790d3bcd791cfe79b2dd4843551dfd0bf47acf2", "origin": "Rzu4wF8LRS6qo2q/BV04XN/v51PFMqF90Othwf+rli7f/+z/MQ/dsef1HaIO24qgkIEIbswehZ+KzhgVPn7h+1KfHtn2I6mnZBQJDjGzSVgfwH0xqfnX/d/hbRhlmp+3pGNacdO3UjssjtxcQIP7sGLWJJp3RuxD7iRXiOU2hl+u3Pe/roMqFX+XrkoZjTOsgc6yqD+RidBZfYwKG8QsN6ARcKd2H6nFOD1FtJFVeZ9F9ezFLhmvpr5eUmuI2weEIEcIOH5FvlR0KVCcEfYQQRf7cxLcczqWWyY2rxX1WyncZJI3WD3auJxpJ+iU59ssZ4j9nagv/rcBP6Szxf8Q9Rzw6rI4eLxAfpkaCRIO"}
{"pseudonym": "cd1a3afeeac92cb813605e21e464de7db0ca53fa0190d3a1372a46f60ddd0712", "origin": "eLTYGZDKyxTSS1Na8s6L87YIU9vOnQVFIrJPd6Ub620RO0JSCP39Efg2jbca6pi7YspSDUQas0nyHEinAPawGzVaGE16LpWz5gzVUnOWkQN/uW3JMtC6bRuQ8K9lIPASnA/fkmV6Pn3WAsEtBJbfGyJicd62ZD6D5B5+tFklrV9e+LI+aLaE2Y5tTB4a5dEKJ2f/DlslMZGGSlPzyP9+OgU8YFN1rmuVdFIuJsU/Pt2u9kj+xtny2KF2PUGyNIn2RRhKLSRXfboSicp6xsiDiQE94U3mxMwM9W7OR8kAcEqWa+Bzhua/JWeQ6jLLENnSw39Nc1eQ5gY/eGFjKQGyzltLKPzxjxujg04yRickuMA="}
{"pseudonym": "91d121bc503735a145e0e9869d792d26f6b22784210a0daf5b63840be2abf69a", "origin": "TIKTLcRwa5y2Ih4yAk91TTKd9Sf4NyPJ2/oleI2CwIS/2ZbxF9EWfTuOa6llxSRIxHI3vmqG62bDCjdFrPuECQXXZ8A1mBFEwZzOHHNWoIDi0J3MWWuxG8jzHXkhd+WbooxlqT1DbvXtOyn82W5gY6m/0HmPFFkp5bg6vWJKXay28YBL5exM7GRR0EmPlPPmYTSH+pwC8bddwTcgH3CaruLEXJByOmSuncX2DZo5jdCyUWu8wwlCkniCghKdx89TwvneWKS+F2yZeEk8ssO1spitoI0E0P9SbWkDtn8Oxd2RSqPGsTKjaA5t/168SlW+jC1aaH91R1HZ7+n7fbfS76UAK0/LVdGqAg=="}
{"@timestamp": "2019-08-02T10:45:09.632Z", "@metadata": {"beat": "winlogbeat", "type": "_doc", "version": "7.2.0", "topic": "wineventlog_raw"}, "event": {"type": "authentication_success", "created": "2019-08-02T10:45:11.548Z", "kind": "event", "code": 4624, "action": "Logon", "category": "authentication"}, "log": {"level": "information"}, "user": {"name": "<pseudonym:387dddca7f9c9fa71c41295d7790d3bcd791cfe79b2dd4843551dfd0bf47acf2>", "domain": "NT AUTHORITY", "id": "S-1-5-18"}, "ecs": {"version": "1.0.0"}, "agent": {"ephemeral_id": "de845cd9-5141-4c92-ad32-27a4518307e9", "hostname": "CLIENT1", "id": "0b755aca-0a9a-454a-9800-1979901962a0", "version": "7.2.0", "type": "winlogbeat"}, "winlog": {"provider_name": "Microsoft-Windows-Security-Auditing", "task": "Logon", "event_data": {"KeyLength": "0", "SubjectUserName": "<pseudonym:e887f3a09fdddf7c81a563b81f90ed9499d86badaa6173d1aa197a2b544d13b1>", "IpAddress": "<pseudonym:91d121bc503735a145e0e9869d792d26f6b22784210a0daf5b63840be2abf69a>", "LogonProcessName": "Advapi  ", "LogonType": "5", "SubjectLogonId": "0x3e7", "AuthenticationPackageName": "Negotiate", "LmPackageName": "-", "LogonGuid": "{00000000-0000-0000-0000-000000000000}", "TransmittedServices": "-", "SubjectUserSid": "<pseudonym:cd1a3afeeac92cb813605e21e464de7db0ca53fa0190d3a1372a46f60ddd0712>", "SubjectDomainName": "WORKGROUP", "IpPort": "-", "TargetLogonId": "0x3e7"}, "event_id": 4624, "keywords": ["Audit Success"], "provider_guid": "{54849625-5478-4994-A5BA-3E3B0328C30D}", "opcode": "Info", "channel": "Security", "api": "wineventlog", "process": {"pid": 448, "thread": {"id": 1728}}, "record_id": 4713, "computer_name": "CLIENT1"}, "message": "An account was successfully logged on.\n\nSubject:\n\tSecurity ID:\t\tS-1-5-18\n\tAccount Name:\t\tCLIENT1$\n\tAccount Domain:\t\tWORKGROUP\n\tLogon ID:\t\t0x3e7\n\nLogon Type:\t\t\t5\n\nNew Logon:\n\tSecurity ID:\t\tS-1-5-18\n\tAccount Name:\t\tSYSTEM\n\tAccount Domain:\t\tNT AUTHORITY\n\tLogon ID:\t\t0x3e7\n\tLogon GUID:\t\t{00000000-0000-0000-0000-000000000000}\n\nProcess Information:\n\tProcess ID:\t\t0x1b8\n\tProcess Name:\t\tC:\\Windows\\System32\\services.exe\n\nNetwork Information:\n\tWorkstation Name:\t\n\tSource Network Address:\t-\n\tSource Port:\t\t-\n\nDetailed Authentication Information:\n\tLogon Process:\t\tAdvapi  \n\tAuthentication Package:\tNegotiate\n\tTransited Services:\t-\n\tPackage Name (NTLM only):\t-\n\tKey Length:\t\t0\n\nThis event is generated when a logon session is created. It is generated on the computer that was accessed.\n\nThe subject fields indicate the account on the local system which requested the logon. This is most commonly a service such as the Server service, or a local process such as Winlogon.exe or Services.exe.\n\nThe logon type field indicates the kind of logon that occurred. The most common types are 2 (interactive) and 3 (network).\n\nThe New Logon fields indicate the account for whom the new logon was created, i.e. the account that was logged on.\n\nThe network fields indicate where a remote logon request originated. Workstation name is not always available and may be left blank in some cases.\n\nThe authentication information fields provide detailed information about this specific logon request.\n\t- Logon GUID is a unique identifier that can be used to correlate this event with a KDC event.\n\t- Transited services indicate which intermediate services have participated in this logon request.\n\t- Package name indicates which sub-protocol was used among the NTLM protocols.\n\t- Key length indicates the length of the generated session key. This will be 0 if no session key was requested.", "process": {"executable": "C:\\Windows\\System32\\services.exe", "name": "services.exe", "pid": 440}, "host": {"name": "CLIENT1", "hostname": "CLIENT1", "architecture": "x86", "os": {"family": "windows", "name": "Windows 7 Professional", "kernel": "6.1.7601.18741 (win7sp1_gdr.150202-1526)", "build": "7601.0", "platform": "windows", "version": "6.1"}, "id": "19fc45ac-5890-4f96-81b1-50ed111c0ce4"}}
{"pseudonym": "cd1a3afeeac92cb813605e21e464de7db0ca53fa0190d3a1372a46f60ddd0712", "origin": "qTSIScNzyQkfyuEfWP5re3nrZrs/PRPqnsdn0EhthPEyKwxiyHMQlOgTYf4fD6ImFDkZqdgjtdKkf9qoL2IkZRunXnJmSw6QX0XnDnrw24a+y7yXyUMDdkpjsg+cR1gGbVT/+y9KB+SX8yWxDBub96XHezAreJmOlKkAMmSc23h6FHq4iSc8HIe6k29ZZhdiYbJQ58QEcTkuN3h4VkSxm/7PrNM1GEJVy+1z7hxANndKEgcfdSo/ZUdrjI5AwCmFPB2JR8CklC1WEi2M+2X9c1k1PEGyGalIR/y/PhyPnEun4SokfdB1PThtykR8Sdu/9QMN0GjUxySEqKAvJ8/+Ak1Drw9aoFzB4MgowgmoKhU="}
{"@timestamp": "2019-08-02T11:10:03.228Z", "@metadata": {"beat": "winlogbeat", "type": "_doc", "version": "7.2.0", "topic": "wineventlog_raw"}, "winlog": {"user": {"type": "User", "identifier": "<pseudonym:cd1a3afeeac92cb813605e21e464de7db0ca53fa0190d3a1372a46f60ddd0712>", "name": "SYSTEM", "domain": "NT AUTHORITY"}, "process": {"pid": 1460, "thread": {"id": 1504}}, "channel": "System", "provider_name": "Microsoft-Windows-Kernel-General", "keywords": ["Time"], "opcode": "Info", "provider_guid": "{A68CA8B7-004F-D7B6-A698-07E2DE0F1F5D}", "api": "wineventlog", "task": "", "computer_name": "CLIENT1", "event_data": {"NewTime": "2019-08-02T11:10:03.228000000Z", "OldTime": "2019-08-02T11:10:03.672912700Z"}, "record_id": 11806, "event_id": 1}, "event": {"kind": "event", "code": 1, "created": "2019-08-02T11:10:05.228Z"}, "log": {"level": "information"}, "host": {"hostname": "CLIENT1", "architecture": "x86", "os": {"kernel": "6.1.7601.18741 (win7sp1_gdr.150202-1526)", "build": "7601.0", "platform": "windows", "version": "6.1", "family": "windows", "name": "Windows 7 Professional"}, "id": "19fc45ac-5890-4f96-81b1-50ed111c0ce4", "name": "CLIENT1"}, "agent": {"ephemeral_id": "de845cd9-5141-4c92-ad32-27a4518307e9", "hostname": "CLIENT1", "id": "0b755aca-0a9a-454a-9800-1979901962a0", "version": "7.2.0", "type": "winlogbeat"}, "ecs": {"version": "1.0.0"}, "message": "The system time has changed to \u200e2019\u200e-\u200e08\u200e-\u200e02T11:10:03.228000000Z from \u200e2019\u200e-\u200e08\u200e-\u200e02T11:10:03.672912700Z."}
{"pseudonym": "e887f3a09fdddf7c81a563b81f90ed9499d86badaa6173d1aa197a2b544d13b1", "origin": "C1+rKBmmw3I8ODdlbpfzQeItIoZ2lM1EDXphPp/GC6FDPEwiYSc8SzzsvSup0WQCyXEhZymvox+TgVb/WXkou2MjLb2icqPj09Y6OoX735CL0A7nRXYPMZHWJ+JaVljIeSgWNincoZoN3BuqFOpSrGumzU6GqLI303m6m9ARMjBD7myxLmpmz/udvtYHRK45tddf77YhbnsTGz2YiL1UDWu62/wjJzR4xCL3kTypdrBmIxn2+05tsf6viGziAQkmwZfnYyDBq70gvN8L77/igLFvVgor8+zZ+iXCoMbgBPKGjiM/zYZs0CL5wjGq/1uLeKspG3HoN6fJ/Ryrih7E7rTokU6w9PCrWx7kx9C++ng="}
{"pseudonym": "cd1a3afeeac92cb813605e21e464de7db0ca53fa0190d3a1372a46f60ddd0712", "origin": "ESsdP0TVhrWDnP9gWLbsvtmObBG4bHI+uya1i6WrrsTy2gwea6VrULgdCIfFjf8QZltWj3XvKbCjRrjOzwNmaX/c4Rv1aPNCBtT02mYtd3m1vcmHKJnknCg6vsb2YrECN8lOc0NWVRO4cfkipQNkwKcAkOmlOK8Y6KILx9c3xB0EWY0Hnd9Ea54Udj2xvHhWOzjrClhhX6zxz7Hy7kkA38fTPMa7WXiSibP4OKr75+BLcrTkfB0SufGt3ZNkrfyr/B+GiUV9rVFlzbFpwhK0ipQ7Ba9PfhRNkO4HRE6RWue4Q92xPhI45W9dys/wtqSPFYHzLLORLgjkWwPg3wo2SSyjDkxBLsoIzYkeTfL0EJM="}
{"@timestamp": "2019-08-02T12:40:01.317Z", "@metadata": {"beat": "winlogbeat", "type": "_doc", "version": "7.2.0", "topic": "wineventlog_raw"}, "log": {"level": "information"}, "message": "The system time was changed.\n\nSubject:\n\tSecurity ID:\t\tS-1-5-18\n\tAccount Name:\t\tCLIENT1$\n\tAccount Domain:\t\tWORKGROUP\n\tLogon ID:\t\t0x3e7\n\nProcess Information:\n\tProcess ID:\t0x5b4\n\tName:\t\tC:\\Program Files\\NetTime\\NetTimeService.exe\n\nPrevious Time:\t\t\u200e2019\u200e-\u200e08\u200e-\u200e02T12:40:01.708970300Z\nNew Time:\t\t\u200e2019\u200e-\u200e08\u200e-\u200e02T12:40:01.317000000Z\n\nThis event is generated when the system time is changed. It is normal for the Windows Time Service, which runs with System privilege, to change the system time on a regular basis. Other system time changes may be indicative of attempts to tamper with the computer.", "host": {"name": "CLIENT1", "hostname": "CLIENT1", "architecture": "x86", "os": {"platform": "windows", "version": "6.1", "family": "windows", "name": "Windows 7 Professional", "kernel": "6.1.7601.18741 (win7sp1_gdr.150202-1526)", "build": "7601.0"}, "id": "19fc45ac-5890-4f96-81b1-50ed111c0ce4"}, "agent": {"type": "winlogbeat", "ephemeral_id": "de845cd9-5141-4c92-ad32-27a4518307e9", "hostname": "CLIENT1", "id": "0b755aca-0a9a-454a-9800-1979901962a0", "version": "7.2.0"}, "ecs": {"version": "1.0.0"}, "winlog": {"event_data": {"SubjectDomainName": "WORKGROUP", "SubjectLogonId": "0x3e7", "PreviousTime": "2019-08-02T12:40:01.708970300Z", "NewTime": "2019-08-02T12:40:01.317000000Z", "ProcessId": "0x5b4", "ProcessName": "C:\\Program Files\\NetTime\\NetTimeService.exe", "SubjectUserSid": "<pseudonym:cd1a3afeeac92cb813605e21e464de7db0ca53fa0190d3a1372a46f60ddd0712>", "SubjectUserName": "<pseudonym:e887f3a09fdddf7c81a563b81f90ed9499d86badaa6173d1aa197a2b544d13b1>"}, "provider_name": "Microsoft-Windows-Security-Auditing", "api": "wineventlog", "process": {"pid": 4, "thread": {"id": 60}}, "provider_guid": "{54849625-5478-4994-A5BA-3E3B0328C30D}", "task": "Security State Change", "computer_name": "CLIENT1", "opcode": "Info", "channel": "Security", "event_id": 4616, "record_id": 4739, "keywords": ["Audit Success"], "version": 1}, "event": {"action": "Security State Change", "created": "2019-08-02T12:40:02.317Z", "kind": "event", "code": 4616}}
{"pseudonym": "cd1a3afeeac92cb813605e21e464de7db0ca53fa0190d3a1372a46f60ddd0712", "origin": "sOJ0ExuKwZNY8ZXlYxrITxcR/YRKzLkyqBzaGisdQ8d//cwar3SFyfh/Dz9PoP/nzH/OEiC6T65mF0ZHI4lbb9Hos3vb4BbjNBVIJaIfpgto7qCg39v6Bd8u04oIZGhOsIFpy3nintUL3gGcxH/6hwht1qTtVQ4pJ2z8k4Npp/C1VRnwOw5br9ytiTQLm8/6zsjkB4y0zYZmJTPUzD7XOLKXtQvJum2hyH3Wj7hSt90wsYFjS/QLWYiMAdlwnUk922godVk6bI+OpSJMvubb8Im4ipiwAZAt6gus4EkNK6wo3jlkU2OsTrrRzuESUcsYBA8kkmFimrAqkBHpbDvW+4wAf0/3JDERbkoDEB+quyI="}
{"@timestamp": "2019-08-02T14:05:06.761Z", "@metadata": {"beat": "winlogbeat", "type": "_doc", "version": "7.2.0", "topic": "wineventlog_raw"}, "event": {"kind": "event", "code": 1, "created": "2019-08-02T14:05:07.765Z"}, "log": {"level": "information"}, "message": "The system time has changed to \u200e2019\u200e-\u200e08\u200e-\u200e02T14:05:06.761000000Z from \u200e2019\u200e-\u200e08\u200e-\u200e02T14:05:06.910522800Z.", "ecs": {"version": "1.0.0"}, "host": {"name": "CLIENT1", "os": {"name": "Windows 7 Professional", "kernel": "6.1.7601.18741 (win7sp1_gdr.150202-1526)", "build": "7601.0", "platform": "windows", "version": "6.1", "family": "windows"}, "id": "19fc45ac-5890-4f96-81b1-50ed111c0ce4", "hostname": "CLIENT1", "architecture": "x86"}, "agent": {"type": "winlogbeat", "ephemeral_id": "de845cd9-5141-4c92-ad32-27a4518307e9", "hostname": "CLIENT1", "id": "0b755aca-0a9a-454a-9800-1979901962a0", "version": "7.2.0"}, "winlog": {"opcode": "Info", "keywords": ["Time"], "provider_guid": "{A68CA8B7-004F-D7B6-A698-07E2DE0F1F5D}", "user": {"name": "SYSTEM", "domain": "NT AUTHORITY", "type": "User", "identifier": "<pseudonym:cd1a3afeeac92cb813605e21e464de7db0ca53fa0190d3a1372a46f60ddd0712>"}, "record_id": 11847, "api": "wineventlog", "task": "", "process": {"pid": 1460, "thread": {"id": 1504}}, "channel": "System", "computer_name": "CLIENT1", "event_data": {"NewTime": "2019-08-02T14:05:06.761000000Z", "OldTime": "2019-08-02T14:05:06.910522800Z"}, "event_id": 1, "provider_name": "Microsoft-Windows-Kernel-General"}}
{"pseudonym": "e887f3a09fdddf7c81a563b81f90ed9499d86badaa6173d1aa197a2b544d13b1", "origin": "nUn/7E6YIlQPNwCAYGyRsARYusQPwtk+mQRMavC3+5OBSJklNnPIJMVr+iM2jazdVff4RWbxYhTj2mgyLW5Do44OwdGYHLlK8PqClMZsvTUxpGUZSm8n8dIe/FrNk85cEKIWriZCLkXbLwFh/SYQS+7WW+DQQvBSfUauXheKcMk8nwG6eLhoZNHJdXgl43fn75UA2ENPFEzDEDq8+26FXrI/E0zvnlRKBI1wB9WJwfs4W/AGZO1tTGA27vZwNc+yqmVTOwx4dt02julyfAaicmtw1P1fRshz9ku2bp+vc0woLaUAzmzAAaWKrhRMarVNYJjup4ovg5t4o/0HF9O15/Z1R5IdYa/EPJCxA7bw/a0="}
{"pseudonym": "cd1a3afeeac92cb813605e21e464de7db0ca53fa0190d3a1372a46f60ddd0712", "origin": "ZpCgt/un6J3/6+bnvF2iRz/VtFhXLwJTNfX6mNvHYgixc/kWYXhYdcP/S245PQIxm8AVtPWXYZthyH5HGt8DoLO2kQncFtfOyMA/L5oFBjN7pQuApS31KGYmD2um8/sggmraFv18cZhTQiMdaJgHNllNgMHRxjjRerHtwRbUxAqPmLg6FGO526Bs7q2wZGdAMmd+DYNI2ibclUfibgtu12R0MNQzyz8aRX8oOtDiCtWbIJ2xe0SHjNLIvz4P3t6g5rKnSzt4IYzPBR+d7OeTK9A74VtT6tknz6Aanmodzjq3+tWer/2SvlEIqo9SX5QUTntOo77UKtjOIejN2WzK0GomDJBdelL54DS1nBVI8sE="}
{"@timestamp": "2019-08-02T14:30:08.439Z", "@metadata": {"beat": "winlogbeat", "type": "_doc", "version": "7.2.0", "topic": "wineventlog_raw"}, "winlog": {"event_id": 4616, "provider_name": "Microsoft-Windows-Security-Auditing", "record_id": 4761, "provider_guid": "{54849625-5478-4994-A5BA-3E3B0328C30D}", "version": 1, "event_data": {"ProcessName": "C:\\Program Files\\NetTime\\NetTimeService.exe", "SubjectUserSid": "<pseudonym:cd1a3afeeac92cb813605e21e464de7db0ca53fa0190d3a1372a46f60ddd0712>", "SubjectUserName": "<pseudonym:e887f3a09fdddf7c81a563b81f90ed9499d86badaa6173d1aa197a2b544d13b1>", "SubjectDomainName": "WORKGROUP", "SubjectLogonId": "0x3e7", "PreviousTime": "2019-08-02T14:30:08.549437900Z", "NewTime": "2019-08-02T14:30:08.439000000Z", "ProcessId": "0x5b4"}, "computer_name": "CLIENT1", "process": {"pid": 4, "thread": {"id": 60}}, "channel": "Security", "task": "Security State Change", "api": "wineventlog", "keywords": ["Audit Success"], "opcode": "Info"}, "host": {"name": "CLIENT1", "os": {"platform": "windows", "version": "6.1", "family": "windows", "name": "Windows 7 Professional", "kernel": "6.1.7601.18741 (win7sp1_gdr.150202-1526)", "build": "7601.0"}, "id": "19fc45ac-5890-4f96-81b1-50ed111c0ce4", "hostname": "CLIENT1", "architecture": "x86"}, "agent": {"ephemeral_id": "de845cd9-5141-4c92-ad32-27a4518307e9", "hostname": "CLIENT1", "id": "0b755aca-0a9a-454a-9800-1979901962a0", "version": "7.2.0", "type": "winlogbeat"}, "ecs": {"version": "1.0.0"}, "event": {"kind": "event", "code": 4616, "action": "Security State Change", "created": "2019-08-02T14:30:09.442Z"}, "log": {"level": "information"}, "message": "The system time was changed.\n\nSubject:\n\tSecurity ID:\t\tS-1-5-18\n\tAccount Name:\t\tCLIENT1$\n\tAccount Domain:\t\tWORKGROUP\n\tLogon ID:\t\t0x3e7\n\nProcess Information:\n\tProcess ID:\t0x5b4\n\tName:\t\tC:\\Program Files\\NetTime\\NetTimeService.exe\n\nPrevious Time:\t\t\u200e2019\u200e-\u200e08\u200e-\u200e02T14:30:08.549437900Z\nNew Time:\t\t\u200e2019\u200e-\u200e08\u200e-\u200e02T14:30:08.439000000Z\n\nThis event is generated when the system time is changed. It is normal for the Windows Time Service, which runs with System privilege, to change the system time on a regular basis. Other system time changes may be indicative of attempts to tamper with the computer."}
{"pseudonym": "e887f3a09fdddf7c81a563b81f90ed9499d86badaa6173d1aa197a2b544d13b1", "origin": "LN4o/C8oCABHHpCFFQcTqLIG/MRgvqE2G6aSXivAuIgEeaIUCmLd5c1IX7ISHLR0Ocs6u8ZON3wda28wZ39+mg6E3fr+fXRy0AaFVqVV+M+BXiTIc1hv1RTnVznzFFzoiTRXvpHhgIJD0VLDPSSGyCWtz2U8gqtoj+mhFRMDZMay8SFxMvcUExjXLyeA05PbTgMNq8bCKV41uauQKSBzW+t1b41Pljd7T+rBFZm2hL+QwFghHVi+DlrWm0GKUjbMwWTqA8fXL8h0It6wUmVB62okrs05sNXB3QeoTz+PQ+9sHXLTp+eWS95zNatzJyoqaPg82qyxCpe0qjfnIpksCI2XM6trOoCtk0mA9ySEcj8="}
{"pseudonym": "cd1a3afeeac92cb813605e21e464de7db0ca53fa0190d3a1372a46f60ddd0712", "origin": "f8oRUSIoJy6p8+hi15rYbKRb1osTHDhvIsJLcD2j/+FU5j+SEsDlHTjLD1JT144LvMRzBUEOFYlA8TLoIPm32nBItmlXoQh5KUb37dFyJ8leARukSH9JApOaf6X50EU0vYI2i2/DDs5MohOFL2HCapYPdb73qsKrL429zMrO3xvBS0NuVrRsfso9//AvUYKjGNigrPlV/PABPgYt23BCdSTrEpzNGCc0NevIhBsr8orGqJyWtz2351noBfuEZAQT6lM55W4GfL3iyC6SiZndMC7InSWFiykekfJpZHHQLuyyqKD+TUyXrysIrpWb09hsHgaiNLgqAQzMW/oCoymWORd3rSvJu9jdM7saLo5bvnA="}
{"@timestamp": "2019-08-02T14:35:08.636Z", "@metadata": {"beat": "winlogbeat", "type": "_doc", "version": "7.2.0", "topic": "wineventlog_raw"}, "event": {"kind": "event", "code": 4616, "action": "Security State Change", "created": "2019-08-02T14:35:10.636Z"}, "log": {"level": "information"}, "message": "The system time was changed.\n\nSubject:\n\tSecurity ID:\t\tS-1-5-18\n\tAccount Name:\t\tCLIENT1$\n\tAccount Domain:\t\tWORKGROUP\n\tLogon ID:\t\t0x3e7\n\nProcess Information:\n\tProcess ID:\t0x5b4\n\tName:\t\tC:\\Program Files\\NetTime\\NetTimeService.exe\n\nPrevious Time:\t\t\u200e2019\u200e-\u200e08\u200e-\u200e02T14:35:08.768157100Z\nNew Time:\t\t\u200e2019\u200e-\u200e08\u200e-\u200e02T14:35:08.636000000Z\n\nThis event is generated when the system time is changed. It is normal for the Windows Time Service, which runs with System privilege, to change the system time on a regular basis. Other system time changes may be indicative of attempts to tamper with the computer.", "agent": {"ephemeral_id": "de845cd9-5141-4c92-ad32-27a4518307e9", "hostname": "CLIENT1", "id": "0b755aca-0a9a-454a-9800-1979901962a0", "version": "7.2.0", "type": "winlogbeat"}, "ecs": {"version": "1.0.0"}, "host": {"id": "19fc45ac-5890-4f96-81b1-50ed111c0ce4", "name": "CLIENT1", "hostname": "CLIENT1", "architecture": "x86", "os": {"family": "windows", "name": "Windows 7 Professional", "kernel": "6.1.7601.18741 (win7sp1_gdr.150202-1526)", "build": "7601.0", "platform": "windows", "version": "6.1"}}, "winlog": {"task": "Security State Change", "api": "wineventlog", "computer_name": "CLIENT1", "opcode": "Info", "version": 1, "event_id": 4616, "event_data": {"ProcessId": "0x5b4", "ProcessName": "C:\\Program Files\\NetTime\\NetTimeService.exe", "SubjectUserSid": "<pseudonym:cd1a3afeeac92cb813605e21e464de7db0ca53fa0190d3a1372a46f60ddd0712>", "SubjectUserName": "<pseudonym:e887f3a09fdddf7c81a563b81f90ed9499d86badaa6173d1aa197a2b544d13b1>", "SubjectDomainName": "WORKGROUP", "SubjectLogonId": "0x3e7", "PreviousTime": "2019-08-02T14:35:08.768157100Z", "NewTime": "2019-08-02T14:35:08.636000000Z"}, "record_id": 4762, "provider_name": "Microsoft-Windows-Security-Auditing", "keywords": ["Audit Success"], "process": {"pid": 4, "thread": {"id": 60}}, "provider_guid": "{54849625-5478-4994-A5BA-3E3B0328C30D}", "channel": "Security"}}
{"pseudonym": "e887f3a09fdddf7c81a563b81f90ed9499d86badaa6173d1aa197a2b544d13b1", "origin": "veT2KzJQCYtOOfpiYRXqLRHvs5TfmX1w1vbCdZ9gsfz36cVpcgEQzidiLObt0l0Thl75CcQogFWp6G/qnLQuR17MPGIZsYVP2HOjF1zg7ImTQSRtHlWwFA3Ec0MzY76b8mqLeXm/QbacvSYkYGt3+/s469kaAmnyTKbEgDnshUIGt3TCC6CnNMY2ne1tNdsqEjpQ1HNyny45/iZla0hy4HZbA/aELhZbIeXmynwNK6MVf+CN49d53ViFd+HMKjRKjwpOsSKSOXhpvLC1JsV81VWL4GTxPbpdiBCHXoPAM7WaQrNjh6GK+AG19zvJlL+u8kgq157i0cuFPSOMZxd0Vd3RvY1Lc1KkrXs6G/DAimM="}
{"pseudonym": "387dddca7f9c9fa71c41295d7790d3bcd791cfe79b2dd4843551dfd0bf47acf2", "origin": "KtaqMKY2H6jDxuqaWiGZaUHbVRfgmemO4PiHhMDVnRNtLYbkqortk7iKwqhsTfDqwSOt0eMoZvXVm7UiqKOB0KTJfHdcK2cfa12dWw59ZykXTHa0HZT1IwF2BiV8JwyGbsI272WuQ232HkbtK9VXsW4R4Y3o1rWrE33VC5PGrXeLh166PjwzZHHsV6bx4q96HSuPEr2XR5OVcMhVZHeCXfOf2xroiaPbirYTKuoTO5bN2K+zu4WuicIvRZ7DXyMiEWMAID8vJ63YhlAw6zKTZWe0HN4MFfIvT19nWCMpk9YbiBXgOrO6V3zTI4n/3Kf/uUpMvbz9+1SEpPzSihhzk9izLJqoe64QxnIECVqj"}
{"pseudonym": "cd1a3afeeac92cb813605e21e464de7db0ca53fa0190d3a1372a46f60ddd0712", "origin": "hBABtZb11vza45YgdBeVJpK1UKK3iUUnUesNoltJnDB8NCAZSoP1YyDUTuk9olBsGXXV+lpgVSm63jJYVuS5H6YNsg5nlwEVqiP5bmnkJpzAFRWGpm5qJ2hxEbxdFUIPB4uyKolDrte8OpMa0Vpv2WhU3ZarkvZL2nxHi99skqFQifVd+/s2thuHBcjeoiNDBfJ6dduZEcLPfi6AStRw6zEEAMTUgPPXaTQca17nE0ijtM+867eL+IDGXH7hWtgWydWBUP79VvBEU2NlxMzIMnuTpkBZm48vdo3jfrWhYfEBI0/PrWNbxGKVp+HZrQFcXLog3NviwL3yUs67zaf6CXqGXb86IV1pMntSVlL7AUg="}
{"pseudonym": "91d121bc503735a145e0e9869d792d26f6b22784210a0daf5b63840be2abf69a", "origin": "XKNbWj65mjpLVdbtMCpFRJDqRowyS1vZeArC6aj81drGJvcMHfpuGwnhAD02/KpIbghCMww3BYa7Iv4kqdYUUJ4h41yQYlL/4kBEff40Kg/jk4YZrUKWrSRMzUCQmhCUhpemUgNF1A5zNRAVbwp/5eWXRrj2CslPFqC9j6hCaTjFG3TcVnZL7oVLI0LKy7Yckc2cR6POa8d+zXkbd7WChitjZJSwFng1EG6Im/maYDjPVIuWkAlC80lgd1nlv7zJnirPVWwGDAS542a67AgexSgHzz+ssai9xnJcl3dFuX+Qdyevu3WAjI4xUKPzy7qQDZzuFqkeabl+SF92bSWcJKq1zyx5lW3GZw=="}
{"@timestamp": "2019-08-02T09:46:31.859Z", "@metadata": {"beat": "winlogbeat", "type": "_doc", "version": "7.2.0", "topic": "wineventlog_raw"}, "event": {"kind": "event", "code": 4624, "action": "Logon", "created": "2019-08-05T08:54:03.703Z", "category": "authentication", "type": "authentication_success"}, "log": {"level": "information"}, "message": "An account was successfully logged on.\n\nSubject:\n\tSecurity ID:\t\tS-1-5-18\n\tAccount Name:\t\tCLIENT1$\n\tAccount Domain:\t\tWORKGROUP\n\tLogon ID:\t\t0x3e7\n\nLogon Type:\t\t\t5\n\nNew Logon:\n\tSecurity ID:\t\tS-1-5-18\n\tAccount Name:\t\tSYSTEM\n\tAccount Domain:\t\tNT AUTHORITY\n\tLogon ID:\t\t0x3e7\n\tLogon GUID:\t\t{00000000-0000-0000-0000-000000000000}\n\nProcess Information:\n\tProcess ID:\t\t0x1b8\n\tProcess Name:\t\tC:\\Windows\\System32\\services.exe\n\nNetwork Information:\n\tWorkstation Name:\t\n\tSource Network Address:\t-\n\tSource Port:\t\t-\n\nDetailed Authentication Information:\n\tLogon Process:\t\tAdvapi  \n\tAuthentication Package:\tNegotiate\n\tTransited Services:\t-\n\tPackage Name (NTLM only):\t-\n\tKey Length:\t\t0\n\nThis event is generated when a logon session is created. It is generated on the computer that was accessed.\n\nThe subject fields indicate the account on the local system which requested the logon. This is most commonly a service such as the Server service, or a local process such as Winlogon.exe or Services.exe.\n\nThe logon type field indicates the kind of logon that occurred. The most common types are 2 (interactive) and 3 (network).\n\nThe New Logon fields indicate the account for whom the new logon was created, i.e. the account that was logged on.\n\nThe network fields indicate where a remote logon request originated. Workstation name is not always available and may be left blank in some cases.\n\nThe authentication information fields provide detailed information about this specific logon request.\n\t- Logon GUID is a unique identifier that can be used to correlate this event with a KDC event.\n\t- Transited services indicate which intermediate services have participated in this logon request.\n\t- Package name indicates which sub-protocol was used among the NTLM protocols.\n\t- Key length indicates the length of the generated session key. This will be 0 if no session key was requested.", "winlog": {"task": "Logon", "computer_name": "CLIENT1", "keywords": ["Audit Success"], "channel": "Security", "process": {"pid": 448, "thread": {"id": 496}}, "provider_name": "Microsoft-Windows-Security-Auditing", "record_id": 4653, "opcode": "Info", "provider_guid": "{54849625-5478-4994-A5BA-3E3B0328C30D}", "event_data": {"LogonGuid": "{00000000-0000-0000-0000-000000000000}", "LmPackageName": "-", "SubjectUserName": "<pseudonym:e887f3a09fdddf7c81a563b81f90ed9499d86badaa6173d1aa197a2b544d13b1>", "LogonProcessName": "Advapi  ", "LogonType": "5", "SubjectLogonId": "0x3e7", "IpAddress": "<pseudonym:91d121bc503735a145e0e9869d792d26f6b22784210a0daf5b63840be2abf69a>", "IpPort": "-", "SubjectDomainName": "WORKGROUP", "AuthenticationPackageName": "Negotiate", "TargetLogonId": "0x3e7", "KeyLength": "0", "SubjectUserSid": "<pseudonym:cd1a3afeeac92cb813605e21e464de7db0ca53fa0190d3a1372a46f60ddd0712>", "TransmittedServices": "-"}, "api": "wineventlog", "event_id": 4624}, "process": {"name": "services.exe", "pid": 440, "executable": "C:\\Windows\\System32\\services.exe"}, "agent": {"hostname": "CLIENT1", "id": "0b755aca-0a9a-454a-9800-1979901962a0", "version": "7.2.0", "type": "winlogbeat", "ephemeral_id": "33f6eec2-a7ba-4caa-97b3-ea43b4f5e172"}, "user": {"id": "S-1-5-18", "name": "<pseudonym:387dddca7f9c9fa71c41295d7790d3bcd791cfe79b2dd4843551dfd0bf47acf2>", "domain": "NT AUTHORITY"}, "ecs": {"version": "1.0.0"}, "host": {"name": "CLIENT1", "id": "19fc45ac-5890-4f96-81b1-50ed111c0ce4", "hostname": "CLIENT1", "architecture": "x86", "os": {"kernel": "6.1.7601.18741 (win7sp1_gdr.150202-1526)", "build": "7601.0", "platform": "windows", "version": "6.1", "family": "windows", "name": "Windows 7 Professional"}}}
{"@timestamp": "2019-07-30T14:37:51.299Z", "@metadata": {"beat": "winlogbeat", "type": "_doc", "version": "7.2.0", "topic": "wineventlog_raw"}, "message": "The Group Policy Client service entered the stopped state.", "winlog": {"computer_name": "CLIENT1", "keywords": ["Classic"], "provider_name": "Service Control Manager", "process": {"thread": {"id": 3216}, "pid": 436}, "event_id": 7036, "record_id": 11549, "task": "", "api": "wineventlog", "provider_guid": "{555908d1-a6d7-4695-8e1e-26931d2012f4}", "event_data": {"param1": "Group Policy Client", "param2": "stopped", "Binary": "670070007300760063002F0031000000"}, "channel": "System"}, "event": {"kind": "event", "code": 7036, "created": "2019-08-05T08:54:04.776Z"}, "log": {"level": "information"}, "host": {"id": "19fc45ac-5890-4f96-81b1-50ed111c0ce4", "hostname": "CLIENT1", "name": "CLIENT1", "architecture": "x86", "os": {"version": "6.1", "family": "windows", "name": "Windows 7 Professional", "kernel": "6.1.7601.18741 (win7sp1_gdr.150202-1526)", "build": "7601.0", "platform": "windows"}}, "agent": {"type": "winlogbeat", "ephemeral_id": "33f6eec2-a7ba-4caa-97b3-ea43b4f5e172", "hostname": "CLIENT1", "id": "0b755aca-0a9a-454a-9800-1979901962a0", "version": "7.2.0"}, "ecs": {"version": "1.0.0"}}
{"@timestamp": "2019-07-30T14:38:13.744Z", "@metadata": {"beat": "winlogbeat", "type": "_doc", "version": "7.2.0", "topic": "wineventlog_raw"}, "winlog": {"record_id": 11560, "provider_guid": "{555908d1-a6d7-4695-8e1e-26931d2012f4}", "process": {"pid": 436, "thread": {"id": 2808}}, "channel": "System", "computer_name": "CLIENT1", "event_id": 7036, "provider_name": "Service Control Manager", "api": "wineventlog", "keywords": ["Classic"], "event_data": {"param1": "Windows Font Cache Service", "param2": "stopped", "Binary": "46006F006E007400430061006300680065002F0031000000"}, "task": ""}, "event": {"kind": "event", "code": 7036, "created": "2019-08-05T08:54:04.777Z"}, "log": {"level": "information"}, "message": "The Windows Font Cache Service service entered the stopped state.", "ecs": {"version": "1.0.0"}, "host": {"name": "CLIENT1", "os": {"platform": "windows", "version": "6.1", "family": "windows", "name": "Windows 7 Professional", "kernel": "6.1.7601.18741 (win7sp1_gdr.150202-1526)", "build": "7601.0"}, "id": "19fc45ac-5890-4f96-81b1-50ed111c0ce4", "hostname": "CLIENT1", "architecture": "x86"}, "agent": {"type": "winlogbeat", "ephemeral_id": "33f6eec2-a7ba-4caa-97b3-ea43b4f5e172", "hostname": "CLIENT1", "id": "0b755aca-0a9a-454a-9800-1979901962a0", "version": "7.2.0"}}
{"@timestamp": "2019-07-30T14:38:14.825Z", "@metadata": {"beat": "winlogbeat", "type": "_doc", "version": "7.2.0", "topic": "wineventlog_raw"}, "winlog": {"process": {"pid": 436, "thread": {"id": 2808}}, "task": "", "computer_name": "CLIENT1", "provider_guid": "{555908d1-a6d7-4695-8e1e-26931d2012f4}", "event_id": 7036, "provider_name": "Service Control Manager", "keywords": ["Classic"], "channel": "System", "record_id": 11566, "api": "wineventlog", "event_data": {"param1": "Desktop Window Manager Session Manager", "param2": "stopped", "Binary": "5500780053006D0073002F0031000000"}}, "event": {"kind": "event", "code": 7036, "created": "2019-08-05T08:54:04.777Z"}, "log": {"level": "information"}, "message": "The Desktop Window Manager Session Manager service entered the stopped state.", "ecs": {"version": "1.0.0"}, "host": {"os": {"build": "7601.0", "platform": "windows", "version": "6.1", "family": "windows", "name": "Windows 7 Professional", "kernel": "6.1.7601.18741 (win7sp1_gdr.150202-1526)"}, "id": "19fc45ac-5890-4f96-81b1-50ed111c0ce4", "name": "CLIENT1", "hostname": "CLIENT1", "architecture": "x86"}, "agent": {"id": "0b755aca-0a9a-454a-9800-1979901962a0", "version": "7.2.0", "type": "winlogbeat", "ephemeral_id": "33f6eec2-a7ba-4caa-97b3-ea43b4f5e172", "hostname": "CLIENT1"}}
{"@timestamp": "2019-07-30T14:38:17.836Z", "@metadata": {"beat": "winlogbeat", "type": "_doc", "version": "7.2.0", "topic": "wineventlog_raw"}, "log": {"level": "information"}, "message": "The kernel power manager has initiated a shutdown transition.", "winlog": {"opcode": "Info", "task": "", "event_id": 109, "provider_name": "Microsoft-Windows-Kernel-Power", "record_id": 11583, "channel": "System", "api": "wineventlog", "computer_name": "CLIENT1", "process": {"pid": 340, "thread": {"id": 344}}, "event_data": {"ShutdownReason": "0", "ShutdownActionType": "6", "ShutdownEventCode": "0"}, "provider_guid": "{331C3B3A-2005-44C2-AC5E-77220C37D6B4}"}, "event": {"created": "2019-08-05T08:54:04.777Z", "kind": "event", "code": 109}, "ecs": {"version": "1.0.0"}, "host": {"name": "CLIENT1", "id": "19fc45ac-5890-4f96-81b1-50ed111c0ce4", "hostname": "CLIENT1", "architecture": "x86", "os": {"version": "6.1", "family": "windows", "name": "Windows 7 Professional", "kernel": "6.1.7601.18741 (win7sp1_gdr.150202-1526)", "build": "7601.0", "platform": "windows"}}, "agent": {"type": "winlogbeat", "ephemeral_id": "33f6eec2-a7ba-4caa-97b3-ea43b4f5e172", "hostname": "CLIENT1", "id": "0b755aca-0a9a-454a-9800-1979901962a0", "version": "7.2.0"}}
{"pseudonym": "88300c8916832c3352893b38edeeb13dae715dc9604444fc4d9bdd509aba6c1d", "origin": "TZyYe66+uAKsi1WlUo8aL2N83WiL4zzTN38xqvGftCpiO5eS8Ik4UGrRHr7aqiLUFYAZT21yz/ByW1bD9Amvwwc0T8rKjBlxd/NRDOPUt62OE+lIT+ntUbVWKHvNP4F+hJvVWRe4hxtDqs80OxTN6ubQeIVcdg+NB7oHWODoidzRgnyssVzsImGixF4Ril3fQGef6EE20DB0TdtfHg/6BCUwy6aeH01zjjKS+Y+coeyoA2E4MfGh0gYaj9x/4yNlbG9CdltQT9VPleIt7DMwKJMAIXsUYVLJR9Vp7wIzxf7+ThO7CuRt+KL0DWbA+uyS3TZaUq2KkiAwgGmowo7Ol2+UJx3NbOmJm466oDReXNA="}
{"@timestamp": "2019-08-02T09:46:26.343Z", "@metadata": {"beat": "winlogbeat", "type": "_doc", "version": "7.2.0", "topic": "wineventlog_raw"}, "event": {"action": "Service State Event", "created": "2019-08-05T08:54:04.777Z", "kind": "event", "code": 50036}, "log": {"level": "information"}, "message": "DHCPv4 client service is started", "agent": {"version": "7.2.0", "type": "winlogbeat", "ephemeral_id": "33f6eec2-a7ba-4caa-97b3-ea43b4f5e172", "hostname": "CLIENT1", "id": "0b755aca-0a9a-454a-9800-1979901962a0"}, "ecs": {"version": "1.0.0"}, "host": {"name": "CLIENT1", "hostname": "CLIENT1", "architecture": "x86", "os": {"name": "Windows 7 Professional", "kernel": "6.1.7601.18741 (win7sp1_gdr.150202-1526)", "build": "7601.0", "platform": "windows", "version": "6.1", "family": "windows"}, "id": "19fc45ac-5890-4f96-81b1-50ed111c0ce4"}, "winlog": {"computer_name": "CLIENT1", "record_id": 11610, "task": "Service State Event", "provider_guid": "{15A7A4F8-0072-4EAB-ABAD-F98A4D666AED}", "user": {"domain": "NT AUTHORITY", "type": "Well Known Group", "identifier": "<pseudonym:88300c8916832c3352893b38edeeb13dae715dc9604444fc4d9bdd509aba6c1d>", "name": "LOCAL SERVICE"}, "channel": "System", "event_id": 50036, "provider_name": "Microsoft-Windows-Dhcp-Client", "process": {"pid": 712, "thread": {"id": 1020}}, "opcode": "ServiceStart", "api": "wineventlog"}}
{"@timestamp": "2019-08-02T09:46:41.593Z", "@metadata": {"beat": "winlogbeat", "type": "_doc", "version": "7.2.0", "topic": "wineventlog_raw"}, "event": {"created": "2019-08-05T08:54:04.777Z", "kind": "event", "code": 7036}, "log": {"level": "information"}, "message": "The Network Location Awareness service entered the running state.", "winlog": {"record_id": 11626, "api": "wineventlog", "process": {"pid": 440, "thread": {"id": 524}}, "computer_name": "CLIENT1", "keywords": ["Classic"], "event_id": 7036, "provider_name": "Service Control Manager", "event_data": {"param1": "Network Location Awareness", "param2": "running", "Binary": "4E006C0061005300760063002F0034000000"}, "channel": "System", "provider_guid": "{555908d1-a6d7-4695-8e1e-26931d2012f4}", "task": ""}, "agent": {"type": "winlogbeat", "ephemeral_id": "33f6eec2-a7ba-4caa-97b3-ea43b4f5e172", "hostname": "CLIENT1", "id": "0b755aca-0a9a-454a-9800-1979901962a0", "version": "7.2.0"}, "ecs": {"version": "1.0.0"}, "host": {"name": "CLIENT1", "id": "19fc45ac-5890-4f96-81b1-50ed111c0ce4", "hostname": "CLIENT1", "architecture": "x86", "os": {"platform": "windows", "version": "6.1", "family": "windows", "name": "Windows 7 Professional", "kernel": "6.1.7601.18741 (win7sp1_gdr.150202-1526)", "build": "7601.0"}}}
{"@timestamp": "2019-08-02T09:46:55.243Z", "@metadata": {"beat": "winlogbeat", "type": "_doc", "version": "7.2.0", "topic": "wineventlog_raw"}, "winlog": {"provider_guid": "{555908d1-a6d7-4695-8e1e-26931d2012f4}", "event_id": 7036, "record_id": 11640, "api": "wineventlog", "keywords": ["Classic"], "provider_name": "Service Control Manager", "computer_name": "CLIENT1", "process": {"pid": 440, "thread": {"id": 1792}}, "channel": "System", "task": "", "event_data": {"Binary": "570069006E0048007400740070004100750074006F00500072006F00780079005300760063002F0034000000", "param1": "WinHTTP Web Proxy Auto-Discovery Service", "param2": "running"}}, "event": {"kind": "event", "code": 7036, "created": "2019-08-05T08:54:04.822Z"}, "log": {"level": "information"}, "message": "The WinHTTP Web Proxy Auto-Discovery Service service entered the running state.", "ecs": {"version": "1.0.0"}, "host": {"name": "CLIENT1", "hostname": "CLIENT1", "architecture": "x86", "os": {"platform": "windows", "version": "6.1", "family": "windows", "name": "Windows 7 Professional", "kernel": "6.1.7601.18741 (win7sp1_gdr.150202-1526)", "build": "7601.0"}, "id": "19fc45ac-5890-4f96-81b1-50ed111c0ce4"}, "agent": {"ephemeral_id": "33f6eec2-a7ba-4caa-97b3-ea43b4f5e172", "hostname": "CLIENT1", "id": "0b755aca-0a9a-454a-9800-1979901962a0", "version": "7.2.0", "type": "winlogbeat"}}
{"@timestamp": "2019-08-02T09:48:55.855Z", "@metadata": {"beat": "winlogbeat", "type": "_doc", "version": "7.2.0", "topic": "wineventlog_raw"}, "event": {"created": "2019-08-05T08:54:04.921Z", "kind": "event", "code": 7036}, "log": {"level": "information"}, "message": "The Windows Time service entered the running state.", "winlog": {"record_id": 11651, "process": {"thread": {"id": 3492}, "pid": 440}, "task": "", "api": "wineventlog", "computer_name": "CLIENT1", "keywords": ["Classic"], "provider_guid": "{555908d1-a6d7-4695-8e1e-26931d2012f4}", "channel": "System", "event_id": 7036, "provider_name": "Service Control Manager", "event_data": {"param1": "Windows Time", "param2": "running", "Binary": "570033003200540069006D0065002F0034000000"}}, "ecs": {"version": "1.0.0"}, "host": {"name": "CLIENT1", "hostname": "CLIENT1", "architecture": "x86", "os": {"build": "7601.0", "platform": "windows", "version": "6.1", "family": "windows", "name": "Windows 7 Professional", "kernel": "6.1.7601.18741 (win7sp1_gdr.150202-1526)"}, "id": "19fc45ac-5890-4f96-81b1-50ed111c0ce4"}, "agent": {"hostname": "CLIENT1", "id": "0b755aca-0a9a-454a-9800-1979901962a0", "version": "7.2.0", "type": "winlogbeat", "ephemeral_id": "33f6eec2-a7ba-4caa-97b3-ea43b4f5e172"}}
