{"pseudonym": "387dddca7f9c9fa71c41295d7790d3bcd791cfe79b2dd4843551dfd0bf47acf2", "origin": "o4hqyDkzfjRnMkvtZB59cLZuqAX0YEl2EoP4l9rexFOVKJ8WWoMX3fVz/qcoqZQpDbS+lcwQQluv2cnxxQYTGCfdHflLl2UJmcmE8t6HIuFFj6GQ85OVKdgDmlnuAHZEic7RGfd0b4gTH3eoBA+SItyXKnqqIZqV90EzHbm4vk9UvMKNSm/0YNJTiC0WNe2H8U136Ae6lvlGPW4gBxyxDCf94qrmhExMIfdL6PvQIQiMzzPa/yQTRH+KOWmVNpa1P5b+RD/JdS/ikxEvBN0ERYRMzOB8Nn84ccbI5iYsE1XBNgEpVWLh2BSZ8JuTOW+FhFeNJD0ySvzqiTmnLZCdYUd/aLHOAv+eFjEQu/5/"}
{"pseudonym": "cd1a3afeeac92cb813605e21e464de7db0ca53fa0190d3a1372a46f60ddd0712", "origin": "MJfYSzYdT2m5pimcncoz/83316qY1zMkHFXrZ3YjNPwPvI0byPFDkfRoggrQmqQql1Bgvjqtq3aHLuqPjSGs+sYFB2XcOhHC7OnjrJ3BX2vy+aUcD8Y2+7565AJXtEOsqOSNEwtpSYqS7F8eBTusYKMRnI29wLb6BgpNJahRJhG0lg0zYAScJohH983nPqC/kQBrlZG2zGB9RdUl5Br58crnl6pZrUpIAMZEndaJ/lsq4bgzkijSKEcx0rPsSSALEIbSaoRls/dzhdmOacpAnLAXB3oBIXPDfJKg7vs1J3iykT764FDjFhraUIt6kDU7uYENcdjFro9KlksXysTDWcPtpdvTo0iqamD2r6CopNM="}
{"@timestamp": "2019-08-05T08:53:28.703Z", "@metadata": {"beat": "winlogbeat", "type": "_doc", "version": "7.2.0", "topic": "wineventlog_raw"}, "message": "Special privileges assigned to new logon.\n\nSubject:\n\tSecurity ID:\t\tS-1-5-18\n\tAccount Name:\t\tSYSTEM\n\tAccount Domain:\t\tNT AUTHORITY\n\tLogon ID:\t\t0x3e7\n\nPrivileges:\t\tSeAssignPrimaryTokenPrivilege\n\t\t\tSeTcbPrivilege\n\t\t\tSeSecurityPrivilege\n\t\t\tSeTakeOwnershipPrivilege\n\t\t\tSeLoadDriverPrivilege\n\t\t\tSeBackupPrivilege\n\t\t\tSeRestorePrivilege\n\t\t\tSeDebugPrivilege\n\t\t\tSeAuditPrivilege\n\t\t\tSeSystemEnvironmentPrivilege\n\t\t\tSeImpersonatePrivilege", "winlog": {"provider_guid": "{54849625-5478-4994-A5BA-3E3B0328C30D}", "event_data": {"SubjectUserName": "<pseudonym:387dddca7f9c9fa71c41295d7790d3bcd791cfe79b2dd4843551dfd0bf47acf2>", "SubjectDomainName": "NT AUTHORITY", "SubjectLogonId": "0x3e7", "PrivilegeList": "SeAssignPrimaryTokenPrivilege\n\t\t\tSeTcbPrivilege\n\t\t\tSeSecurityPrivilege\n\t\t\tSeTakeOwnershipPrivilege\n\t\t\tSeLoadDriverPrivilege\n\t\t\tSeBackupPrivilege\n\t\t\tSeRestorePrivilege\n\t\t\tSeDebugPrivilege\n\t\t\tSeAuditPrivilege\n\t\t\tSeSystemEnvironmentPrivilege\n\t\t\tSeImpersonatePrivilege", "SubjectUserSid": "<pseudonym:cd1a3afeeac92cb813605e21e464de7db0ca53fa0190d3a1372a46f60ddd0712>"}, "api": "wineventlog", "keywords": ["Audit Success"], "channel": "Security", "provider_name": "Microsoft-Windows-Security-Auditing", "task": "Special Logon", "computer_name": "CLIENT1", "process": {"thread": {"id": 528}, "pid": 444}, "event_id": 4672, "record_id": 4683, "opcode": "Info"}, "agent": {"hostname": "CLIENT1", "id": "0b755aca-0a9a-454a-9800-1979901962a0", "version": "7.2.0", "type": "winlogbeat", "ephemeral_id": "33f6eec2-a7ba-4caa-97b3-ea43b4f5e172"}, "ecs": {"version": "1.0.0"}, "host": {"name": "CLIENT1", "hostname": "CLIENT1", "architecture": "x86", "os": {"kernel": "6.1.7601.18741 (win7sp1_gdr.150202-1526)", "build": "7601.0", "platform": "windows", "version": "6.1", "family": "windows", "name": "Windows 7 Professional"}, "id": "19fc45ac-5890-4f96-81b1-50ed111c0ce4"}, "event": {"action": "Special Logon", "created": "2019-08-05T08:54:03.704Z", "kind": "event", "code": 4672}, "log": {"level": "information"}}
{"pseudonym": "88300c8916832c3352893b38edeeb13dae715dc9604444fc4d9bdd509aba6c1d", "origin": "IPpcIMJsTvIurfCnV2YEGSp/tvtd+qfXMxygEFaP97WKaerZJrqNa76YjWv6UKIqMD7WcNL4O0uCff0H4fgxjN/UHtpPjeCqm7P6+vROo1RNRIMUbNC2cKUGxopuDRdKyP4rni4XjLZ8fSrGRyoFXwGPtCOawqub857BjitrVg4PqNdPAR7WK5DJsdg8fYYwzA2oHWNM96MkcZHcTnvMRj19Dk0s/eaBMqgoD/4WkMKHgB7EnUKBGkwH0T499yL2235IzxXvEMl2IPhAxog91ySHTXAUcxsRVRSzMhHyWO2dnBILeZJaohm+Bk0QyROTSmmpir4+9cNm20jWzZgfQbOE0TM+9TgSaGgB7S8nQ7g="}
{"@timestamp": "2019-07-30T14:38:12.439Z", "@metadata": {"beat": "winlogbeat", "type": "_doc", "version": "7.2.0", "topic": "wineventlog_raw"}, "host": {"id": "19fc45ac-5890-4f96-81b1-50ed111c0ce4", "hostname": "CLIENT1", "architecture": "x86", "name": "CLIENT1", "os": {"platform": "windows", "version": "6.1", "family": "windows", "name": "Windows 7 Professional", "kernel": "6.1.7601.18741 (win7sp1_gdr.150202-1526)", "build": "7601.0"}}, "winlog": {"provider_guid": "{6A1F2B00-6A90-4C38-95A5-5CAB3B056778}", "provider_name": "Microsoft-Windows-DHCPv6-Client", "task": "Service State Event", "user": {"name": "LOCAL SERVICE", "domain": "NT AUTHORITY", "type": "Well Known Group", "identifier": "<pseudonym:88300c8916832c3352893b38edeeb13dae715dc9604444fc4d9bdd509aba6c1d>"}, "event_data": {"DwordVal": "1"}, "api": "wineventlog", "opcode": "ServiceStop", "event_id": 51047, "record_id": 11554, "computer_name": "CLIENT1", "process": {"pid": 708, "thread": {"id": 1064}}, "channel": "System"}, "event": {"kind": "event", "code": 51047, "action": "Service State Event", "created": "2019-08-05T08:54:04.776Z"}, "log": {"level": "information"}, "message": "DHCPv6 client service is stopped. ShutDown Flag value is 1", "agent": {"ephemeral_id": "33f6eec2-a7ba-4caa-97b3-ea43b4f5e172", "hostname": "CLIENT1", "id": "0b755aca-0a9a-454a-9800-1979901962a0", "version": "7.2.0", "type": "winlogbeat"}, "ecs": {"version": "1.0.0"}}
{"@timestamp": "2019-08-02T09:46:20.000Z", "@metadata": {"beat": "winlogbeat", "type": "_doc", "version": "7.2.0", "topic": "wineventlog_raw"}, "agent": {"type": "winlogbeat", "ephemeral_id": "33f6eec2-a7ba-4caa-97b3-ea43b4f5e172", "hostname": "CLIENT1", "id": "0b755aca-0a9a-454a-9800-1979901962a0", "version": "7.2.0"}, "ecs": {"version": "1.0.0"}, "host": {"hostname": "CLIENT1", "name": "CLIENT1", "architecture": "x86", "os": {"kernel": "6.1.7601.18741 (win7sp1_gdr.150202-1526)", "build": "7601.0", "platform": "windows", "version": "6.1", "family": "windows", "name": "Windows 7 Professional"}, "id": "19fc45ac-5890-4f96-81b1-50ed111c0ce4"}, "event": {"created": "2019-08-05T08:54:04.777Z", "kind": "event", "code": 6009}, "log": {"level": "information"}, "message": "Microsoft (R) Windows (R) 6.01. 7601 Service Pack 1 Multiprocessor Free.", "winlog": {"keywords": ["Classic"], "computer_name": "CLIENT1", "event_id": 6009, "provider_name": "EventLog", "task": "", "channel": "System", "record_id": 11570, "api": "wineventlog", "event_data": {"param1": "6.01.", "param2": "7601", "param3": "Service Pack 1", "param4": "Multiprocessor Free", "param5": "17514"}}}
{"@timestamp": "2019-08-02T09:46:51.833Z", "@metadata": {"beat": "winlogbeat", "type": "_doc", "version": "7.2.0", "topic": "wineventlog_raw"}, "log": {"level": "information"}, "message": "The Windows Management Instrumentation service entered the running state.", "winlog": {"event_data": {"param1": "Windows Management Instrumentation", "param2": "running", "Binary": "570069006E006D0067006D0074002F0034000000"}, "api": "wineventlog", "record_id": 11631, "keywords": ["Classic"], "provider_guid": "{555908d1-a6d7-4695-8e1e-26931d2012f4}", "channel": "System", "event_id": 7036, "provider_name": "Service Control Manager", "computer_name": "CLIENT1", "process": {"thread": {"id": 524}, "pid": 440}, "task": ""}, "host": {"name": "CLIENT1", "os": {"version": "6.1", "family": "windows", "name": "Windows 7 Professional", "kernel": "6.1.7601.18741 (win7sp1_gdr.150202-1526)", "build": "7601.0", "platform": "windows"}, "id": "19fc45ac-5890-4f96-81b1-50ed111c0ce4", "hostname": "CLIENT1", "architecture": "x86"}, "agent": {"type": "winlogbeat", "ephemeral_id": "33f6eec2-a7ba-4caa-97b3-ea43b4f5e172", "hostname": "CLIENT1", "id": "0b755aca-0a9a-454a-9800-1979901962a0", "version": "7.2.0"}, "ecs": {"version": "1.0.0"}, "event": {"code": 7036, "created": "2019-08-05T08:54:04.777Z", "kind": "event"}}
{"@timestamp": "2019-08-02T09:46:54.128Z", "@metadata": {"beat": "winlogbeat", "type": "_doc", "version": "7.2.0", "topic": "wineventlog_raw"}, "event": {"kind": "event", "code": 7036, "created": "2019-08-05T08:54:04.777Z"}, "log": {"level": "information"}, "message": "The Diagnostic Service Host service entered the running state.", "ecs": {"version": "1.0.0"}, "host": {"os": {"kernel": "6.1.7601.18741 (win7sp1_gdr.150202-1526)", "build": "7601.0", "platform": "windows", "version": "6.1", "family": "windows", "name": "Windows 7 Professional"}, "id": "19fc45ac-5890-4f96-81b1-50ed111c0ce4", "name": "CLIENT1", "hostname": "CLIENT1", "architecture": "x86"}, "agent": {"hostname": "CLIENT1", "id": "0b755aca-0a9a-454a-9800-1979901962a0", "version": "7.2.0", "type": "winlogbeat", "ephemeral_id": "33f6eec2-a7ba-4caa-97b3-ea43b4f5e172"}, "winlog": {"computer_name": "CLIENT1", "keywords": ["Classic"], "event_data": {"param2": "running", "Binary": "570064006900530065007200760069006300650048006F00730074002F0034000000", "param1": "Diagnostic Service Host"}, "record_id": 11635, "task": "", "process": {"pid": 440, "thread": {"id": 1792}}, "provider_name": "Service Control Manager", "channel": "System", "event_id": 7036, "api": "wineventlog", "provider_guid": "{555908d1-a6d7-4695-8e1e-26931d2012f4}"}}
{"@timestamp": "2019-08-02T09:49:29.626Z", "@metadata": {"beat": "winlogbeat", "type": "_doc", "version": "7.2.0", "topic": "wineventlog_raw"}, "winlog": {"api": "wineventlog", "task": "", "event_data": {"param2": "stopped", "Binary": "57005000440042007500730045006E0075006D002F0031000000", "param1": "Portable Device Enumerator Service"}, "event_id": 7036, "record_id": 11655, "channel": "System", "provider_name": "Service Control Manager", "computer_name": "CLIENT1", "provider_guid": "{555908d1-a6d7-4695-8e1e-26931d2012f4}", "process": {"thread": {"id": 1792}, "pid": 440}, "keywords": ["Classic"]}, "ecs": {"version": "1.0.0"}, "host": {"name": "CLIENT1", "architecture": "x86", "os": {"build": "7601.0", "platform": "windows", "version": "6.1", "family": "windows", "name": "Windows 7 Professional", "kernel": "6.1.7601.18741 (win7sp1_gdr.150202-1526)"}, "id": "19fc45ac-5890-4f96-81b1-50ed111c0ce4", "hostname": "CLIENT1"}, "agent": {"version": "7.2.0", "type": "winlogbeat", "ephemeral_id": "33f6eec2-a7ba-4caa-97b3-ea43b4f5e172", "hostname": "CLIENT1", "id": "0b755aca-0a9a-454a-9800-1979901962a0"}, "event": {"kind": "event", "code": 7036, "created": "2019-08-05T08:54:04.921Z"}, "log": {"level": "information"}, "message": "The Portable Device Enumerator Service service entered the stopped state."}
{"@timestamp": "2019-08-02T09:54:01.264Z", "@metadata": {"beat": "winlogbeat", "type": "_doc", "version": "7.2.0", "topic": "wineventlog_raw"}, "log": {"level": "information"}, "message": "The UPnP Device Host service entered the running state.", "host": {"name": "CLIENT1", "hostname": "CLIENT1", "architecture": "x86", "os": {"family": "windows", "name": "Windows 7 Professional", "kernel": "6.1.7601.18741 (win7sp1_gdr.150202-1526)", "build": "7601.0", "platform": "windows", "version": "6.1"}, "id": "19fc45ac-5890-4f96-81b1-50ed111c0ce4"}, "agent": {"type": "winlogbeat", "ephemeral_id": "33f6eec2-a7ba-4caa-97b3-ea43b4f5e172", "hostname": "CLIENT1", "id": "0b755aca-0a9a-454a-9800-1979901962a0", "version": "7.2.0"}, "ecs": {"version": "1.0.0"}, "winlog": {"event_id": 7036, "channel": "System", "computer_name": "CLIENT1", "process": {"pid": 440, "thread": {"id": 4048}}, "event_data": {"Binary": "750070006E00700068006F00730074002F0034000000", "param1": "UPnP Device Host", "param2": "running"}, "provider_guid": "{555908d1-a6d7-4695-8e1e-26931d2012f4}", "provider_name": "Service Control Manager", "record_id": 11666, "task": "", "api": "wineventlog", "keywords": ["Classic"]}, "event": {"code": 7036, "created": "2019-08-05T08:54:04.921Z", "kind": "event"}}
{"@timestamp": "2019-08-02T09:54:23.037Z", "@metadata": {"beat": "winlogbeat", "type": "_doc", "version": "7.2.0", "topic": "wineventlog_raw"}, "host": {"hostname": "CLIENT1", "architecture": "x86", "os": {"kernel": "6.1.7601.18741 (win7sp1_gdr.150202-1526)", "build": "7601.0", "platform": "windows", "version": "6.1", "family": "windows", "name": "Windows 7 Professional"}, "id": "19fc45ac-5890-4f96-81b1-50ed111c0ce4", "name": "CLIENT1"}, "agent": {"ephemeral_id": "33f6eec2-a7ba-4caa-97b3-ea43b4f5e172", "hostname": "CLIENT1", "id": "0b755aca-0a9a-454a-9800-1979901962a0", "version": "7.2.0", "type": "winlogbeat"}, "log": {"level": "information"}, "message": "The IPsec Policy Agent service entered the stopped state.", "winlog": {"computer_name": "CLIENT1", "keywords": ["Classic"], "event_data": {"Binary": "50006F006C006900630079004100670065006E0074002F0031000000", "param1": "IPsec Policy Agent", "param2": "stopped"}, "event_id": 7036, "record_id": 11688, "task": "", "api": "wineventlog", "provider_guid": "{555908d1-a6d7-4695-8e1e-26931d2012f4}", "process": {"pid": 440, "thread": {"id": 2680}}, "channel": "System", "provider_name": "Service Control Manager"}, "event": {"code": 7036, "created": "2019-08-05T08:54:04.922Z", "kind": "event"}, "ecs": {"version": "1.0.0"}}
{"pseudonym": "cd1a3afeeac92cb813605e21e464de7db0ca53fa0190d3a1372a46f60ddd0712", "origin": "fQXqv6hYplyPDbrrwtD1GXi5vPDfLC9ZY/YGubf6r0pX3cRmLgkkv3xjh3XSNdGQc1hqZx2uS6blcaz4xWtAGsuSiXhY6Q8dbCkHQ/4Ii1Hji3qqxWW7oLPvTNQ0hA/FozC/4Uxar5ZLmLzQC6IXwJ8KoRKoEIdKoE/scOf7aD5L7ML8kz79ysULQbrb85raIAXKfCn9TAIAV54mGUrOtU3M2hEAhoT+L/GQ9OOoX/la1wnxuwHm0G32uoR+0PhI8iq8ubxYvCrJrU98SwPocRYD6E4C7snrqdqNtTOHXgUwMjzZ2Z8b5gm+vR489dH+bA3reuuVPwjiJT371rLwG/VFdSw4KeXh7ZH3bxQPBTQ="}
{"@timestamp": "2019-08-05T08:53:25.953Z", "@metadata": {"beat": "winlogbeat", "type": "_doc", "version": "7.2.0", "topic": "wineventlog_raw"}, "message": "One or more of the Plug and Play service's subsystems has changed state. \n\nPlugPlay install subsystem enabled: 'true' \nPlugPlay caching subsystem enabled: 'true' ", "ecs": {"version": "1.0.0"}, "host": {"name": "CLIENT1", "hostname": "CLIENT1", "architecture": "x86", "os": {"platform": "windows", "version": "6.1", "family": "windows", "name": "Windows 7 Professional", "kernel": "6.1.7601.18741 (win7sp1_gdr.150202-1526)", "build": "7601.0"}, "id": "19fc45ac-5890-4f96-81b1-50ed111c0ce4"}, "agent": {"ephemeral_id": "33f6eec2-a7ba-4caa-97b3-ea43b4f5e172", "hostname": "CLIENT1", "id": "0b755aca-0a9a-454a-9800-1979901962a0", "version": "7.2.0", "type": "winlogbeat"}, "winlog": {"opcode": "Info", "provider_name": "Microsoft-Windows-UserPnp", "record_id": 11705, "task": "", "process": {"pid": 544, "thread": {"id": 560}}, "user": {"identifier": "<pseudonym:cd1a3afeeac92cb813605e21e464de7db0ca53fa0190d3a1372a46f60ddd0712>", "name": "SYSTEM", "domain": "NT AUTHORITY", "type": "User"}, "channel": "System", "api": "wineventlog", "computer_name": "CLIENT1", "provider_guid": "{96F4A050-7E31-453C-88BE-9634F4E02139}", "event_id": 20010, "user_data": {"InstallSubsystemState": "true", "CachingSubsystemState": "true", "xml_name": "INFO_PNP_STATE"}}, "event": {"code": 20010, "created": "2019-08-05T08:54:04.922Z", "kind": "event"}, "log": {"level": "information"}}
{"pseudonym": "88300c8916832c3352893b38edeeb13dae715dc9604444fc4d9bdd509aba6c1d", "origin": "FOtUgpIo73FGL3C6vJPALWGEZ6x/5YkG9TCf6D/Dvv2JjABXzay0tmmrlfcAQUTAEwIlbTjZhts8i+97s6n1qm7Yc/bIrJOjdSMsEOy+xkiODrB5AxpF/NrbaPlmIedHFIR042F8lyttQzxjAB08FOoYV9wPaLGfu0Q2y6KcigFvVMsolSUs0G+Jz9KYUu2BXj35v4IZ8ohLgQ2EOPb/Zr17K/hmQQ5A4ieVdXEH+mmFmdkhhE7ZnbZSKnKAKheG1+yZqKcCnV6pXdxLjBD6LQl0+Gojj637l3Ebo4eLN2C2AS3Gy+ITB9caybunkk/NFc3rC9UnKZIlSnOHEXd6mr7gvVSMppxIh4DYDDENKa0="}
{"@timestamp": "2019-08-05T08:53:35.687Z", "@metadata": {"beat": "winlogbeat", "type": "_doc", "version": "7.2.0", "topic": "wineventlog_raw"}, "winlog": {"computer_name": "CLIENT1", "event_id": 51046, "record_id": 11726, "task": "Service State Event", "opcode": "ServiceStart", "provider_guid": "{6A1F2B00-6A90-4C38-95A5-5CAB3B056778}", "process": {"pid": 712, "thread": {"id": 1048}}, "provider_name": "Microsoft-Windows-DHCPv6-Client", "channel": "System", "api": "wineventlog", "user": {"name": "LOCAL SERVICE", "domain": "NT AUTHORITY", "type": "Well Known Group", "identifier": "<pseudonym:88300c8916832c3352893b38edeeb13dae715dc9604444fc4d9bdd509aba6c1d>"}}, "event": {"kind": "event", "code": 51046, "action": "Service State Event", "created": "2019-08-05T08:54:04.923Z"}, "log": {"level": "information"}, "message": "DHCPv6 client service is started", "agent": {"version": "7.2.0", "type": "winlogbeat", "ephemeral_id": "33f6eec2-a7ba-4caa-97b3-ea43b4f5e172", "hostname": "CLIENT1", "id": "0b755aca-0a9a-454a-9800-1979901962a0"}, "ecs": {"version": "1.0.0"}, "host": {"architecture": "x86", "os": {"kernel": "6.1.7601.18741 (win7sp1_gdr.150202-1526)", "build": "7601.0", "platform": "windows", "version": "6.1", "family": "windows", "name": "Windows 7 Professional"}, "name": "CLIENT1", "id": "19fc45ac-5890-4f96-81b1-50ed111c0ce4", "hostname": "CLIENT1"}}
{"@timestamp": "2019-08-05T08:53:35.828Z", "@metadata": {"beat": "winlogbeat", "type": "_doc", "version": "7.2.0", "topic": "wineventlog_raw"}, "host": {"hostname": "CLIENT1", "architecture": "x86", "os": {"platform": "windows", "version": "6.1", "family": "windows", "name": "Windows 7 Professional", "kernel": "6.1.7601.18741 (win7sp1_gdr.150202-1526)", "build": "7601.0"}, "id": "19fc45ac-5890-4f96-81b1-50ed111c0ce4", "name": "CLIENT1"}, "agent": {"version": "7.2.0", "type": "winlogbeat", "ephemeral_id": "33f6eec2-a7ba-4caa-97b3-ea43b4f5e172", "hostname": "CLIENT1", "id": "0b755aca-0a9a-454a-9800-1979901962a0"}, "log": {"level": "information"}, "message": "The DNS Client service entered the running state.", "winlog": {"record_id": 11728, "process": {"pid": 436, "thread": {"id": 516}}, "event_data": {"Binary": "44006E007300630061006300680065002F0034000000", "param1": "DNS Client", "param2": "running"}, "api": "wineventlog", "computer_name": "CLIENT1", "provider_guid": "{555908d1-a6d7-4695-8e1e-26931d2012f4}", "event_id": 7036, "channel": "System", "provider_name": "Service Control Manager", "task": "", "keywords": ["Classic"]}, "event": {"kind": "event", "code": 7036, "created": "2019-08-05T08:54:04.923Z"}, "ecs": {"version": "1.0.0"}}
{"@timestamp": "2019-08-05T08:53:43.390Z", "@metadata": {"beat": "winlogbeat", "type": "_doc", "version": "7.2.0", "topic": "wineventlog_raw"}, "event": {"code": 7036, "created": "2019-08-05T08:54:04.923Z", "kind": "event"}, "log": {"level": "information"}, "ecs": {"version": "1.0.0"}, "host": {"name": "CLIENT1", "os": {"build": "7601.0", "platform": "windows", "version": "6.1", "family": "windows", "name": "Windows 7 Professional", "kernel": "6.1.7601.18741 (win7sp1_gdr.150202-1526)"}, "id": "19fc45ac-5890-4f96-81b1-50ed111c0ce4", "hostname": "CLIENT1", "architecture": "x86"}, "agent": {"id": "0b755aca-0a9a-454a-9800-1979901962a0", "version": "7.2.0", "type": "winlogbeat", "ephemeral_id": "33f6eec2-a7ba-4caa-97b3-ea43b4f5e172", "hostname": "CLIENT1"}, "message": "The Base Filtering Engine service entered the running state.", "winlog": {"record_id": 11732, "task": "", "process": {"pid": 436, "thread": {"id": 516}}, "event_data": {"param1": "Base Filtering Engine", "param2": "running", "Binary": "4200460045002F0034000000"}, "event_id": 7036, "provider_guid": "{555908d1-a6d7-4695-8e1e-26931d2012f4}", "api": "wineventlog", "keywords": ["Classic"], "computer_name": "CLIENT1", "channel": "System", "provider_name": "Service Control Manager"}}
{"@timestamp": "2019-08-02T09:47:45.000Z", "@metadata": {"beat": "winlogbeat", "type": "_doc", "version": "7.2.0", "topic": "wineventlog_raw"}, "winlog": {"record_id": 2914, "keywords": ["Classic"], "computer_name": "CLIENT1", "event_data": {"ExtraInfo": ""}, "provider_guid": "{CA4E628D-8567-4896-AB6B-835B221F373F}", "event_id": 1003, "api": "wineventlog", "channel": "Application", "provider_name": "Microsoft-Windows-Search", "task": "Search service"}, "event": {"action": "Search service", "created": "2019-08-05T08:54:06.439Z", "kind": "event", "code": 1003}, "log": {"level": "information"}, "message": "The Windows Search Service started.", "ecs": {"version": "1.0.0"}, "host": {"architecture": "x86", "os": {"kernel": "6.1.7601.18741 (win7sp1_gdr.150202-1526)", "build": "7601.0", "platform": "windows", "version": "6.1", "family": "windows", "name": "Windows 7 Professional"}, "name": "CLIENT1", "id": "19fc45ac-5890-4f96-81b1-50ed111c0ce4", "hostname": "CLIENT1"}, "agent": {"ephemeral_id": "33f6eec2-a7ba-4caa-97b3-ea43b4f5e172", "hostname": "CLIENT1", "id": "0b755aca-0a9a-454a-9800-1979901962a0", "version": "7.2.0", "type": "winlogbeat"}}
{"@timestamp": "2019-08-05T08:55:39.236Z", "@metadata": {"beat": "winlogbeat", "type": "_doc", "version": "7.2.0", "topic": "wineventlog_raw"}, "log": {"level": "information"}, "message": "The Software Protection service entered the running state.", "ecs": {"version": "1.0.0"}, "host": {"name": "CLIENT1", "hostname": "CLIENT1", "architecture": "x86", "os": {"platform": "windows", "version": "6.1", "family": "windows", "name": "Windows 7 Professional", "kernel": "6.1.7601.18741 (win7sp1_gdr.150202-1526)", "build": "7601.0"}, "id": "19fc45ac-5890-4f96-81b1-50ed111c0ce4"}, "agent": {"type": "winlogbeat", "ephemeral_id": "33f6eec2-a7ba-4caa-97b3-ea43b4f5e172", "hostname": "CLIENT1", "id": "0b755aca-0a9a-454a-9800-1979901962a0", "version": "7.2.0"}, "winlog": {"keywords": ["Classic"], "provider_guid": "{555908d1-a6d7-4695-8e1e-26931d2012f4}", "event_id": 7036, "task": "", "event_data": {"param1": "Software Protection", "param2": "running", "Binary": "7300700070007300760063002F0034000000"}, "record_id": 11758, "api": "wineventlog", "channel": "System", "computer_name": "CLIENT1", "provider_name": "Service Control Manager", "process": {"pid": 436, "thread": {"id": 1760}}}, "event": {"kind": "event", "code": 7036, "created": "2019-08-05T08:55:40.414Z"}}
{"pseudonym": "cd1a3afeeac92cb813605e21e464de7db0ca53fa0190d3a1372a46f60ddd0712", "origin": "t3HvOnV6eJvNXjA/GwKin9VPQoFOC5Tpxl3WRQeFwOQvskcYC7fPIIB++Qdca4tq5FHKHJJ8/09KJcGCfkozBoh5Fv+oXm5waJGd/SvHh3HytT61gwdZyazXKohwymCdHkbpICCxaBo3Rv7FzhhG6XkqvpCwoceF0gwuVbSvwfz/iwH25TcnH+cANkJ3MJKMvodyEKa6OHeDSJFChssCPCoD8hx9wkzJBhqYJy919Wey9jR22/u4Jz90OHaHJ5l3BaPcNd2ZbmRidFL5ddttT5a5b0SHytG1sJ+OI/b4ZihsTjTNLVktbEHN3ZLysdMrv75LPEoBxMcCNr4A4ntm/oVnHo7PkkZevFEYwFvwIi8="}
{"@timestamp": "2019-07-30T14:32:42.956Z", "@metadata": {"beat": "winlogbeat", "type": "_doc", "version": "7.2.0", "topic": "wineventlog_raw"}, "event": {"code": 1, "created": "2019-08-02T09:55:11.995Z", "kind": "event"}, "log": {"level": "information"}, "message": "The system time has changed to \u200e2019\u200e-\u200e07\u200e-\u200e30T14:32:42.956000000Z from \u200e2019\u200e-\u200e07\u200e-\u200e30T14:32:43.696626600Z.", "ecs": {"version": "1.0.0"}, "host": {"architecture": "x86", "os": {"name": "Windows 7 Professional", "kernel": "6.1.7601.18741 (win7sp1_gdr.150202-1526)", "build": "7601.0", "platform": "windows", "version": "6.1", "family": "windows"}, "name": "CLIENT1", "id": "19fc45ac-5890-4f96-81b1-50ed111c0ce4", "hostname": "CLIENT1"}, "agent": {"id": "0b755aca-0a9a-454a-9800-1979901962a0", "version": "7.2.0", "type": "winlogbeat", "ephemeral_id": "de845cd9-5141-4c92-ad32-27a4518307e9", "hostname": "CLIENT1"}, "winlog": {"computer_name": "CLIENT1", "event_data": {"NewTime": "2019-07-30T14:32:42.956000000Z", "OldTime": "2019-07-30T14:32:43.696626600Z"}, "opcode": "Info", "process": {"pid": 1460, "thread": {"id": 1504}}, "event_id": 1, "channel": "System", "task": "", "provider_guid": "{A68CA8B7-004F-D7B6-A698-07E2DE0F1F5D}", "user": {"domain": "NT AUTHORITY", "type": "User", "identifier": "<pseudonym:cd1a3afeeac92cb813605e21e464de7db0ca53fa0190d3a1372a46f60ddd0712>", "name": "SYSTEM"}, "provider_name": "Microsoft-Windows-Kernel-General", "record_id": 11542, "api": "wineventlog", "keywords": ["Time"]}}
{"@timestamp": "2019-07-30T14:37:51.705Z", "@metadata": {"beat": "winlogbeat", "type": "_doc", "version": "7.2.0", "topic": "wineventlog_raw"}, "agent": {"id": "0b755aca-0a9a-454a-9800-1979901962a0", "version": "7.2.0", "type": "winlogbeat", "ephemeral_id": "de845cd9-5141-4c92-ad32-27a4518307e9", "hostname": "CLIENT1"}, "ecs": {"version": "1.0.0"}, "winlog": {"provider_guid": "{555908d1-a6d7-4695-8e1e-26931d2012f4}", "event_data": {"param1": "UPnP Device Host", "param2": "running", "Binary": "750070006E00700068006F00730074002F0034000000"}, "task": "", "computer_name": "CLIENT1", "event_id": 7036, "api": "wineventlog", "channel": "System", "provider_name": "Service Control Manager", "record_id": 11551, "keywords": ["Classic"], "process": {"pid": 436, "thread": {"id": 3216}}}, "event": {"code": 7036, "created": "2019-08-02T09:55:11.995Z", "kind": "event"}, "log": {"level": "information"}, "message": "The UPnP Device Host service entered the running state.", "host": {"name": "CLIENT1", "hostname": "CLIENT1", "architecture": "x86", "os": {"platform": "windows", "version": "6.1", "family": "windows", "name": "Windows 7 Professional", "kernel": "6.1.7601.18741 (win7sp1_gdr.150202-1526)", "build": "7601.0"}, "id": "19fc45ac-5890-4f96-81b1-50ed111c0ce4"}}
{"pseudonym": "88300c8916832c3352893b38edeeb13dae715dc9604444fc4d9bdd509aba6c1d", "origin": "cpP5phhzhgk9ro3VQ/A2Eu9zzF+lzCe05cTOxsBGCjEmjh5QZCexpPv2OChHI9EOy2bb33guxG2iS6HYhD8S/iFy8STuBBHsVN7urMj5zs8hon9PHY2YwbD4t1mAbf3ODUjkWPbGAIUFZvSlmmdM5dpNUsrmlOYAzzurhV7pmgeqSIlHThS/QrdCIFtGFX0WtVhFa8t25dlJvCO5iU9Mb4a/GNBkNdoLHOju4LbRDQARUxgHEhDwUbh1iCsEbDyzxmfoHsFF5VTWbHCVHvksZVWNHLW1IYlcUJcK+X04QcOO+cK55OROW8Fajk9BZD7/L2yJBaSleHx0hCHHCcASVJKq2WEZl+U46S1lHyboCo4="}
{"@timestamp": "2019-07-30T14:38:12.439Z", "@metadata": {"beat": "winlogbeat", "type": "_doc", "version": "7.2.0", "topic": "wineventlog_raw"}, "message": "DHCPv6 client service is stopped. ShutDown Flag value is 1", "winlog": {"event_data": {"DwordVal": "1"}, "process": {"pid": 708, "thread": {"id": 1064}}, "event_id": 51047, "api": "wineventlog", "opcode": "ServiceStop", "channel": "System", "provider_name": "Microsoft-Windows-DHCPv6-Client", "task": "Service State Event", "user": {"identifier": "<pseudonym:88300c8916832c3352893b38edeeb13dae715dc9604444fc4d9bdd509aba6c1d>", "name": "LOCAL SERVICE", "domain": "NT AUTHORITY", "type": "Well Known Group"}, "provider_guid": "{6A1F2B00-6A90-4C38-95A5-5CAB3B056778}", "record_id": 11554, "computer_name": "CLIENT1"}, "host": {"id": "19fc45ac-5890-4f96-81b1-50ed111c0ce4", "hostname": "CLIENT1", "architecture": "x86", "os": {"build": "7601.0", "platform": "windows", "version": "6.1", "family": "windows", "name": "Windows 7 Professional", "kernel": "6.1.7601.18741 (win7sp1_gdr.150202-1526)"}, "name": "CLIENT1"}, "agent": {"type": "winlogbeat", "ephemeral_id": "de845cd9-5141-4c92-ad32-27a4518307e9", "hostname": "CLIENT1", "id": "0b755aca-0a9a-454a-9800-1979901962a0", "version": "7.2.0"}, "ecs": {"version": "1.0.0"}, "event": {"kind": "event", "code": 51047, "action": "Service State Event", "created": "2019-08-02T09:55:11.995Z"}, "log": {"level": "information"}}
{"@timestamp": "2019-07-30T14:38:12.564Z", "@metadata": {"beat": "winlogbeat", "type": "_doc", "version": "7.2.0", "topic": "wineventlog_raw"}, "host": {"hostname": "CLIENT1", "architecture": "x86", "name": "CLIENT1", "os": {"version": "6.1", "family": "windows", "name": "Windows 7 Professional", "kernel": "6.1.7601.18741 (win7sp1_gdr.150202-1526)", "build": "7601.0", "platform": "windows"}, "id": "19fc45ac-5890-4f96-81b1-50ed111c0ce4"}, "winlog": {"event_id": 7036, "computer_name": "CLIENT1", "provider_name": "Service Control Manager", "api": "wineventlog", "provider_guid": "{555908d1-a6d7-4695-8e1e-26931d2012f4}", "channel": "System", "task": "", "keywords": ["Classic"], "record_id": 11556, "process": {"pid": 436, "thread": {"id": 2808}}, "event_data": {"param1": "DHCP Client", "param2": "stopped", "Binary": "44006800630070002F0031000000"}}, "event": {"created": "2019-08-02T09:55:11.995Z", "kind": "event", "code": 7036}, "log": {"level": "information"}, "message": "The DHCP Client service entered the stopped state.", "agent": {"id": "0b755aca-0a9a-454a-9800-1979901962a0", "version": "7.2.0", "type": "winlogbeat", "ephemeral_id": "de845cd9-5141-4c92-ad32-27a4518307e9", "hostname": "CLIENT1"}, "ecs": {"version": "1.0.0"}}
{"@timestamp": "2019-08-02T09:46:20.000Z", "@metadata": {"beat": "winlogbeat", "type": "_doc", "version": "7.2.0", "topic": "wineventlog_raw"}, "winlog": {"api": "wineventlog", "keywords": ["Classic"], "channel": "System", "provider_name": "EventLog", "task": "", "event_data": {"Binary": "31002E003100000030000000570069006E0064006F0077007300200037002000500072006F00660065007300730069006F006E0061006C00000036002E0031002E00370036003000310020004200750069006C006400200037003600300031002000530065007200760069006300650020005000610063006B002000310000004D0075006C0074006900700072006F0063006500730073006F00720020004600720065006500000037003600300031002E00770069006E0037007300700031005F006700640072002E003100350030003200300032002D00310035003200360000003500360066003300660039006200620000004E006F007400200041007600610069006C00610062006C00650000004E006F007400200041007600610069006C00610062006C006500000030000000310000003500310032000000340030003900000043004C00490045004E005400310000000000", "param5": "13", "param6": "60", "param7": "-60 W. Europe Standard Time"}, "event_id": 6013, "record_id": 11572, "computer_name": "CLIENT1"}, "event": {"code": 6013, "created": "2019-08-02T09:55:11.996Z", "kind": "event"}, "log": {"level": "information"}, "message": "The system uptime is 13 seconds.", "agent": {"hostname": "CLIENT1", "id": "0b755aca-0a9a-454a-9800-1979901962a0", "version": "7.2.0", "type": "winlogbeat", "ephemeral_id": "de845cd9-5141-4c92-ad32-27a4518307e9"}, "ecs": {"version": "1.0.0"}, "host": {"name": "CLIENT1", "architecture": "x86", "os": {"kernel": "6.1.7601.18741 (win7sp1_gdr.150202-1526)", "build": "7601.0", "platform": "windows", "version": "6.1", "family": "windows", "name": "Windows 7 Professional"}, "id": "19fc45ac-5890-4f96-81b1-50ed111c0ce4", "hostname": "CLIENT1"}}
{"@timestamp": "2019-07-30T14:38:15.571Z", "@metadata": {"beat": "winlogbeat", "type": "_doc", "version": "7.2.0", "topic": "wineventlog_raw"}, "message": "The SSDP Discovery service entered the stopped state.", "winlog": {"event_id": 7036, "computer_name": "CLIENT1", "provider_name": "Service Control Manager", "record_id": 11577, "task": "", "keywords": ["Classic"], "process": {"pid": 436, "thread": {"id": 2808}}, "channel": "System", "api": "wineventlog", "event_data": {"param2": "stopped", "Binary": "53005300440050005300520056002F0031000000", "param1": "SSDP Discovery"}, "provider_guid": "{555908d1-a6d7-4695-8e1e-26931d2012f4}"}, "event": {"code": 7036, "created": "2019-08-02T09:55:11.996Z", "kind": "event"}, "ecs": {"version": "1.0.0"}, "host": {"name": "CLIENT1", "hostname": "CLIENT1", "architecture": "x86", "os": {"platform": "windows", "version": "6.1", "family": "windows", "name": "Windows 7 Professional", "kernel": "6.1.7601.18741 (win7sp1_gdr.150202-1526)", "build": "7601.0"}, "id": "19fc45ac-5890-4f96-81b1-50ed111c0ce4"}, "agent": {"version": "7.2.0", "type": "winlogbeat", "ephemeral_id": "de845cd9-5141-4c92-ad32-27a4518307e9", "hostname": "CLIENT1", "id": "0b755aca-0a9a-454a-9800-1979901962a0"}, "log": {"level": "information"}}
{"@timestamp": "2019-08-02T09:46:22.578Z", "@metadata": {"beat": "winlogbeat", "type": "_doc", "version": "7.2.0", "topic": "wineventlog_raw"}, "event": {"kind": "event", "code": 7036, "created": "2019-08-02T09:55:11.997Z"}, "log": {"level": "information"}, "message": "The Windows Audio Endpoint Builder service entered the running state.", "ecs": {"version": "1.0.0"}, "host": {"os": {"family": "windows", "name": "Windows 7 Professional", "kernel": "6.1.7601.18741 (win7sp1_gdr.150202-1526)", "build": "7601.0", "platform": "windows", "version": "6.1"}, "id": "19fc45ac-5890-4f96-81b1-50ed111c0ce4", "name": "CLIENT1", "hostname": "CLIENT1", "architecture": "x86"}, "agent": {"ephemeral_id": "de845cd9-5141-4c92-ad32-27a4518307e9", "hostname": "CLIENT1", "id": "0b755aca-0a9a-454a-9800-1979901962a0", "version": "7.2.0", "type": "winlogbeat"}, "winlog": {"api": "wineventlog", "keywords": ["Classic"], "event_data": {"Binary": "41007500640069006F0045006E00640070006F0069006E0074004200750069006C006400650072002F0034000000", "param1": "Windows Audio Endpoint Builder", "param2": "running"}, "provider_name": "Service Control Manager", "task": "", "computer_name": "CLIENT1", "provider_guid": "{555908d1-a6d7-4695-8e1e-26931d2012f4}", "process": {"pid": 440, "thread": {"id": 520}}, "channel": "System", "event_id": 7036, "record_id": 11598}}
{"@timestamp": "2019-08-02T09:46:54.899Z", "@metadata": {"beat": "winlogbeat", "type": "_doc", "version": "7.2.0", "topic": "wineventlog_raw"}, "event": {"kind": "event", "code": 7036, "created": "2019-08-02T09:55:11.999Z"}, "log": {"level": "information"}, "message": "The Network List Service service entered the running state.", "ecs": {"version": "1.0.0"}, "host": {"name": "CLIENT1", "os": {"name": "Windows 7 Professional", "kernel": "6.1.7601.18741 (win7sp1_gdr.150202-1526)", "build": "7601.0", "platform": "windows", "version": "6.1", "family": "windows"}, "id": "19fc45ac-5890-4f96-81b1-50ed111c0ce4", "hostname": "CLIENT1", "architecture": "x86"}, "agent": {"version": "7.2.0", "type": "winlogbeat", "ephemeral_id": "de845cd9-5141-4c92-ad32-27a4518307e9", "hostname": "CLIENT1", "id": "0b755aca-0a9a-454a-9800-1979901962a0"}, "winlog": {"record_id": 11639, "computer_name": "CLIENT1", "event_id": 7036, "provider_guid": "{555908d1-a6d7-4695-8e1e-26931d2012f4}", "channel": "System", "process": {"pid": 440, "thread": {"id": 1752}}, "api": "wineventlog", "event_data": {"param2": "running", "Binary": "6E0065007400700072006F0066006D002F0034000000", "param1": "Network List Service"}, "provider_name": "Service Control Manager", "task": "", "keywords": ["Classic"]}}
{"@timestamp": "2019-08-02T09:46:55.243Z", "@metadata": {"beat": "winlogbeat", "type": "_doc", "version": "7.2.0", "topic": "wineventlog_raw"}, "winlog": {"computer_name": "CLIENT1", "provider_name": "Service Control Manager", "api": "wineventlog", "process": {"thread": {"id": 1792}, "pid": 440}, "event_data": {"param1": "WinHTTP Web Proxy Auto-Discovery Service", "param2": "running", "Binary": "570069006E0048007400740070004100750074006F00500072006F00780079005300760063002F0034000000"}, "channel": "System", "record_id": 11640, "keywords": ["Classic"], "event_id": 7036, "task": "", "provider_guid": "{555908d1-a6d7-4695-8e1e-26931d2012f4}"}, "event": {"kind": "event", "code": 7036, "created": "2019-08-02T09:55:12.049Z"}, "log": {"level": "information"}, "message": "The WinHTTP Web Proxy Auto-Discovery Service service entered the running state.", "ecs": {"version": "1.0.0"}, "host": {"name": "CLIENT1", "os": {"family": "windows", "name": "Windows 7 Professional", "kernel": "6.1.7601.18741 (win7sp1_gdr.150202-1526)", "build": "7601.0", "platform": "windows", "version": "6.1"}, "id": "19fc45ac-5890-4f96-81b1-50ed111c0ce4", "hostname": "CLIENT1", "architecture": "x86"}, "agent": {"hostname": "CLIENT1", "id": "0b755aca-0a9a-454a-9800-1979901962a0", "version": "7.2.0", "type": "winlogbeat", "ephemeral_id": "de845cd9-5141-4c92-ad32-27a4518307e9"}}
{"@timestamp": "2019-08-02T09:54:23.115Z", "@metadata": {"beat": "winlogbeat", "type": "_doc", "version": "7.2.0", "topic": "wineventlog_raw"}, "log": {"level": "information"}, "message": "The SSDP Discovery service entered the stopped state.", "agent": {"ephemeral_id": "de845cd9-5141-4c92-ad32-27a4518307e9", "hostname": "CLIENT1", "id": "0b755aca-0a9a-454a-9800-1979901962a0", "version": "7.2.0", "type": "winlogbeat"}, "ecs": {"version": "1.0.0"}, "host": {"id": "19fc45ac-5890-4f96-81b1-50ed111c0ce4", "name": "CLIENT1", "hostname": "CLIENT1", "architecture": "x86", "os": {"name": "Windows 7 Professional", "kernel": "6.1.7601.18741 (win7sp1_gdr.150202-1526)", "build": "7601.0", "platform": "windows", "version": "6.1", "family": "windows"}}, "winlog": {"task": "", "event_data": {"param2": "stopped", "Binary": "53005300440050005300520056002F0031000000", "param1": "SSDP Discovery"}, "record_id": 11689, "keywords": ["Classic"], "provider_name": "Service Control Manager", "api": "wineventlog", "provider_guid": "{555908d1-a6d7-4695-8e1e-26931d2012f4}", "process": {"pid": 440, "thread": {"id": 2680}}, "channel": "System", "event_id": 7036, "computer_name": "CLIENT1"}, "event": {"kind": "event", "code": 7036, "created": "2019-08-02T09:55:12.090Z"}}
{"@timestamp": "2019-08-02T09:54:58.171Z", "@metadata": {"beat": "winlogbeat", "type": "_doc", "version": "7.2.0", "topic": "wineventlog_raw"}, "message": "The System Event Notification Service service entered the running state.", "winlog": {"process": {"pid": 440, "thread": {"id": 528}}, "event_data": {"param1": "System Event Notification Service", "param2": "running", "Binary": "530045004E0053002F0034000000"}, "channel": "System", "provider_name": "Service Control Manager", "provider_guid": "{555908d1-a6d7-4695-8e1e-26931d2012f4}", "computer_name": "CLIENT1", "api": "wineventlog", "keywords": ["Classic"], "event_id": 7036, "record_id": 11720, "task": ""}, "agent": {"ephemeral_id": "de845cd9-5141-4c92-ad32-27a4518307e9", "hostname": "CLIENT1", "id": "0b755aca-0a9a-454a-9800-1979901962a0", "version": "7.2.0", "type": "winlogbeat"}, "ecs": {"version": "1.0.0"}, "host": {"name": "CLIENT1", "os": {"family": "windows", "name": "Windows 7 Professional", "kernel": "6.1.7601.18741 (win7sp1_gdr.150202-1526)", "build": "7601.0", "platform": "windows", "version": "6.1"}, "id": "19fc45ac-5890-4f96-81b1-50ed111c0ce4", "hostname": "CLIENT1", "architecture": "x86"}, "event": {"kind": "event", "code": 7036, "created": "2019-08-02T09:55:12.091Z"}, "log": {"level": "information"}}
{"@timestamp": "2019-08-02T09:54:58.281Z", "@metadata": {"beat": "winlogbeat", "type": "_doc", "version": "7.2.0", "topic": "wineventlog_raw"}, "host": {"id": "19fc45ac-5890-4f96-81b1-50ed111c0ce4", "hostname": "CLIENT1", "name": "CLIENT1", "architecture": "x86", "os": {"version": "6.1", "family": "windows", "name": "Windows 7 Professional", "kernel": "6.1.7601.18741 (win7sp1_gdr.150202-1526)", "build": "7601.0", "platform": "windows"}}, "winlog": {"event_data": {"param1": "Security Accounts Manager", "param2": "running", "Binary": "530061006D00530073002F0034000000"}, "event_id": 7036, "record_id": 11722, "task": "", "api": "wineventlog", "channel": "System", "provider_guid": "{555908d1-a6d7-4695-8e1e-26931d2012f4}", "process": {"pid": 440, "thread": {"id": 528}}, "computer_name": "CLIENT1", "provider_name": "Service Control Manager", "keywords": ["Classic"]}, "event": {"code": 7036, "created": "2019-08-02T09:55:12.091Z", "kind": "event"}, "log": {"level": "information"}, "message": "The Security Accounts Manager service entered the running state.", "agent": {"type": "winlogbeat", "ephemeral_id": "de845cd9-5141-4c92-ad32-27a4518307e9", "hostname": "CLIENT1", "id": "0b755aca-0a9a-454a-9800-1979901962a0", "version": "7.2.0"}, "ecs": {"version": "1.0.0"}}
{"@timestamp": "2019-07-30T14:37:46.000Z", "@metadata": {"beat": "winlogbeat", "type": "_doc", "version": "7.2.0", "topic": "wineventlog_raw"}, "host": {"architecture": "x86", "os": {"version": "6.1", "family": "windows", "name": "Windows 7 Professional", "kernel": "6.1.7601.18741 (win7sp1_gdr.150202-1526)", "build": "7601.0", "platform": "windows"}, "name": "CLIENT1", "id": "19fc45ac-5890-4f96-81b1-50ed111c0ce4", "hostname": "CLIENT1"}, "agent": {"type": "winlogbeat", "ephemeral_id": "de845cd9-5141-4c92-ad32-27a4518307e9", "hostname": "CLIENT1", "id": "0b755aca-0a9a-454a-9800-1979901962a0", "version": "7.2.0"}, "message": "The Desktop Window Manager has exited with code (0x40010004)", "winlog": {"event_id": 9009, "record_id": 2899, "computer_name": "CLIENT1", "channel": "Application", "api": "wineventlog", "provider_name": "Desktop Window Manager", "keywords": ["Classic"], "event_data": {"param1": "0x40010004"}, "task": ""}, "event": {"kind": "event", "code": 9009, "created": "2019-08-02T09:55:11.115Z"}, "log": {"level": "information"}, "ecs": {"version": "1.0.0"}}
{"pseudonym": "e887f3a09fdddf7c81a563b81f90ed9499d86badaa6173d1aa197a2b544d13b1", "origin": "UmrEsl0S0qVRNeXZJq1CcpifQMlXmIz9aqu2FLpouXVBfSD1DACSSkfPVP0ovc5LuM/GXmDafX30C98+5rCzAH4J0dPnhenNmaOdmMekSg6HlDJK8k80eeCrtFYU2Df+PmVZrhSbaGvgRnz5b9WiRwUv9Sjj1KFB8g42KabmU895Wz1lraurOKtEHMNsPGLGeuUIoz+m8DsE1pOPQf8r4HVH5t8g66DFNJSVx9BN5Dot5pfmBNZO+0pBNUClhCEO0R/Yqa5Tx/loxZNTR23e+ch1sICpJMOxI3cWLbhBg5JOO8Q/dLyubpRGoJ7N01MBmfTA3Yhb4eY20WR7AiGq18Bn+rAQhWpDhwqsp7WJht4="}
{"pseudonym": "721ee97a0013594c778a3fb491ef5099c0d8a8409174db1192de74509fb8b99a", "origin": "SdA98UYO/D+P3ytwABagZ9EXGeM1oA45ki0gakbgQ9Xen1Sjihg4aCvylOkzYKtd1F8zfQorXzYWGaFd5xTygjV5Yn3GROY1T2Wq7s6WK6I07JvFVYkjIBji/B74w+lfRFCozB2vJjZbsjX9SOYG2yODrZ1TmMAVJBmsciJB/ONfhEQJ2FH/dlOCw+7E396uQGKeu4weO2rJaJxttj5MkAzk7dkZ6DOdr1Jw7r9w5wP5xO3dE5cQuks3IVz7v29K6SxS2vayQ+RCVOi2mQ0m5XFp0FHW2BwOL1nnIDOcTbQPT+YuCem8Z7c/vp/BY7ysDnanLuUklI4qe64wyS6toovGA+mKiKSlcvLSqC5WHhnYCdSf+w=="}
{"pseudonym": "cd1a3afeeac92cb813605e21e464de7db0ca53fa0190d3a1372a46f60ddd0712", "origin": "N0sb7vdDOxYnyWUa+jEfHXKztL3AgbHACBB34G6SGsKqsjMj7/c4AIwIlYHGKmUmxPtXdZuB4ZR3PDeKf6i5q2okKrQ92N8oWoFLetefnfwvW4kWz02zrqmCAjvL+5z9p/sAGeN0ZMTH4iMzf5a75M4PaUFoo739U3xsKm1/Vna3ue2IBYr0UXRwgWn3tbFbd8X34Clx3KJCqfvWiE8Dh7ee5iH2/qRfasrsnYXJ5FlQnnWLACcXrH3ursSRFy3wPOwtfHtSc+Ah2cKADBhDOgv/GhfCnj5UPeFAXfVTTFbVV/0GRDl+yfwan9AfHI91FF1U2mq8z8c75gYDCsnAE4Gy9DSmucU8ZoFMA11qcs4="}
{"pseudonym": "91d121bc503735a145e0e9869d792d26f6b22784210a0daf5b63840be2abf69a", "origin": "tRnAd+MICa0shsTMoBIHUJkxaBlGZpFi+2UyfmnVAZPZa+AURu6EyOJ+VSop7oE4JXQTAa7eDhMQXGr9ciEzV7W7BUp73KA2nnYWZ4tljmcizIPpQ499YUaJAlJAlXcf8MEY2sJBoWagf4G/0DQ7d9zirFJgrKz1fdSzrOBO+qwgmTl21iDRDwV3Ep2AiKnvo7a7pYFW0NGeNWKt8WeE5Lf2AXkuMM+kOE9nKlr4uESpKoExFOJiJ+3r7Ntg0F9BFfOwmvUg9rKXXYNpnquxNuWMW5b9fz8fFfaBTC7lcMIjJm9+7BtGIRh20gvp6u6/1FMvJeQ+YePVSbhk3xIS7bHXVmG0kSmabw=="}
{"@timestamp": "2019-08-02T09:46:19.421Z", "@metadata": {"beat": "winlogbeat", "type": "_doc", "version": "7.2.0", "topic": "wineventlog_raw"}, "message": "An account was successfully logged on.\n\nSubject:\n\tSecurity ID:\t\tS-1-5-18\n\tAccount Name:\t\tCLIENT1$\n\tAccount Domain:\t\tWORKGROUP\n\tLogon ID:\t\t0x3e7\n\nLogon Type:\t\t\t5\n\nNew Logon:\n\tSecurity ID:\t\tS-1-5-19\n\tAccount Name:\t\tLOCAL SERVICE\n\tAccount Domain:\t\tNT AUTHORITY\n\tLogon ID:\t\t0x3e5\n\tLogon GUID:\t\t{00000000-0000-0000-0000-000000000000}\n\nProcess Information:\n\tProcess ID:\t\t0x1b8\n\tProcess Name:\t\tC:\\Windows\\System32\\services.exe\n\nNetwork Information:\n\tWorkstation Name:\t\n\tSource Network Address:\t-\n\tSource Port:\t\t-\n\nDetailed Authentication Information:\n\tLogon Process:\t\tAdvapi  \n\tAuthentication Package:\tNegotiate\n\tTransited Services:\t-\n\tPackage Name (NTLM only):\t-\n\tKey Length:\t\t0\n\nThis event is generated when a logon session is created. It is generated on the computer that was accessed.\n\nThe subject fields indicate the account on the local system which requested the logon. This is most commonly a service such as the Server service, or a local process such as Winlogon.exe or Services.exe.\n\nThe logon type field indicates the kind of logon that occurred. The most common types are 2 (interactive) and 3 (network).\n\nThe New Logon fields indicate the account for whom the new logon was created, i.e. the account that was logged on.\n\nThe network fields indicate where a remote logon request originated. Workstation name is not always available and may be left blank in some cases.\n\nThe authentication information fields provide detailed information about this specific logon request.\n\t- Logon GUID is a unique identifier that can be used to correlate this event with a KDC event.\n\t- Transited services indicate which intermediate services have participated in this logon request.\n\t- Package name indicates which sub-protocol was used among the NTLM protocols.\n\t- Key length indicates the length of the generated session key. This will be 0 if no session key was requested.", "user": {"id": "S-1-5-19", "name": "<pseudonym:721ee97a0013594c778a3fb491ef5099c0d8a8409174db1192de74509fb8b99a>", "domain": "NT AUTHORITY"}, "winlog": {"task": "Logon", "api": "wineventlog", "event_id": 4624, "record_id": 4647, "provider_guid": "{54849625-5478-4994-A5BA-3E3B0328C30D}", "event_data": {"IpAddress": "<pseudonym:91d121bc503735a145e0e9869d792d26f6b22784210a0daf5b63840be2abf69a>", "SubjectUserName": "<pseudonym:e887f3a09fdddf7c81a563b81f90ed9499d86badaa6173d1aa197a2b544d13b1>", "TargetLogonId": "0x3e5", "LogonGuid": "{00000000-0000-0000-0000-000000000000}", "SubjectDomainName": "WORKGROUP", "AuthenticationPackageName": "Negotiate", "KeyLength": "0", "SubjectLogonId": "0x3e7", "IpPort": "-", "LogonType": "5", "LogonProcessName": "Advapi  ", "SubjectUserSid": "<pseudonym:cd1a3afeeac92cb813605e21e464de7db0ca53fa0190d3a1372a46f60ddd0712>", "TransmittedServices": "-", "LmPackageName": "-"}, "process": {"pid": 448, "thread": {"id": 504}}, "computer_name": "CLIENT1", "keywords": ["Audit Success"], "opcode": "Info", "channel": "Security", "provider_name": "Microsoft-Windows-Security-Auditing"}, "log": {"level": "information"}, "process": {"executable": "C:\\Windows\\System32\\services.exe", "name": "services.exe", "pid": 440}, "host": {"name": "CLIENT1", "hostname": "CLIENT1", "architecture": "x86", "os": {"platform": "windows", "version": "6.1", "family": "windows", "name": "Windows 7 Professional", "kernel": "6.1.7601.18741 (win7sp1_gdr.150202-1526)", "build": "7601.0"}, "id": "19fc45ac-5890-4f96-81b1-50ed111c0ce4"}, "agent": {"ephemeral_id": "de845cd9-5141-4c92-ad32-27a4518307e9", "hostname": "CLIENT1", "id": "0b755aca-0a9a-454a-9800-1979901962a0", "version": "7.2.0", "type": "winlogbeat"}, "ecs": {"version": "1.0.0"}, "event": {"kind": "event", "code": 4624, "action": "Logon", "created": "2019-08-02T09:55:12.133Z", "category": "authentication", "type": "authentication_success"}}
{"pseudonym": "387dddca7f9c9fa71c41295d7790d3bcd791cfe79b2dd4843551dfd0bf47acf2", "origin": "uXqhhV3KQkvGUS9A0ev+b02YlpzGNqlM2v1k2IckSsI4NGH20bM1yShLbREsnvKRzVFCjrXRwVdXWVk2E7Fj8rIZ+tdzCHUClk33+uc26GGM8dBcYMKpFXr2es3XXT85AR+SVosyS26DuTozPNZ1I3tLqlHl1L+U0NZLr5xH8Js0QYZtz/1sjj0xtQ2LmRDS5SxzLAL+T1n5N2JzV710ZG1KQsCzvZK36IQsR75vUgFoVor/hUJkzv39eTCtVrmwyZAUqBctGRwWnzqXXjK3ytgDEKNku5gUDSTJiILn8y4Dg9o6pxagae54whyYgCvLLLObO9LAfZ65ksK3sF0YqRqAY0sVccWMuIhOgCjF"}
{"pseudonym": "cd1a3afeeac92cb813605e21e464de7db0ca53fa0190d3a1372a46f60ddd0712", "origin": "RKvAWQm10TAtd6BhQkTJ+iyqWcN9VfvhpPo1eFHpikGiqVBkRhuQnAXLa4K5PfT5EX+XPaPX5mo+oGqNXH06xq5YpuDoVWDu790OjGdt2raK2OZSt+DI+pKjAwL2Hnknafkd8F7vard1uG+0VRHhMQfi+ZpJxJzKCH+nOqjkyDxPyZMecr7QMMuhyPnbEViSeBkBbXrnfXgYL5NB+ZWJU91IN+W5Cam0mIN3DQ+IEW9mc87+u5ICK6pSyG6VDMJU6o1miZv6jVVNEgTFHkwoScLLRpvwTwbp2RuNDdKqZIeKBdiu4o786doWqFWL91ZZFzpor133pX+5YLwnkh9fwd/9HIzJLYypS19ILXR2Su4="}
{"@timestamp": "2019-08-02T09:46:20.531Z", "@metadata": {"beat": "winlogbeat", "type": "_doc", "version": "7.2.0", "topic": "wineventlog_raw"}, "event": {"action": "Special Logon", "created": "2019-08-02T09:55:12.135Z", "kind": "event", "code": 4672}, "log": {"level": "information"}, "host": {"name": "CLIENT1", "hostname": "CLIENT1", "architecture": "x86", "os": {"kernel": "6.1.7601.18741 (win7sp1_gdr.150202-1526)", "build": "7601.0", "platform": "windows", "version": "6.1", "family": "windows", "name": "Windows 7 Professional"}, "id": "19fc45ac-5890-4f96-81b1-50ed111c0ce4"}, "agent": {"type": "winlogbeat", "ephemeral_id": "de845cd9-5141-4c92-ad32-27a4518307e9", "hostname": "CLIENT1", "id": "0b755aca-0a9a-454a-9800-1979901962a0", "version": "7.2.0"}, "ecs": {"version": "1.0.0"}, "message": "Special privileges assigned to new logon.\n\nSubject:\n\tSecurity ID:\t\tS-1-5-18\n\tAccount Name:\t\tSYSTEM\n\tAccount Domain:\t\tNT AUTHORITY\n\tLogon ID:\t\t0x3e7\n\nPrivileges:\t\tSeAssignPrimaryTokenPrivilege\n\t\t\tSeTcbPrivilege\n\t\t\tSeSecurityPrivilege\n\t\t\tSeTakeOwnershipPrivilege\n\t\t\tSeLoadDriverPrivilege\n\t\t\tSeBackupPrivilege\n\t\t\tSeRestorePrivilege\n\t\t\tSeDebugPrivilege\n\t\t\tSeAuditPrivilege\n\t\t\tSeSystemEnvironmentPrivilege\n\t\t\tSeImpersonatePrivilege", "winlog": {"event_id": 4672, "provider_name": "Microsoft-Windows-Security-Auditing", "task": "Special Logon", "opcode": "Info", "provider_guid": "{54849625-5478-4994-A5BA-3E3B0328C30D}", "event_data": {"SubjectUserSid": "<pseudonym:cd1a3afeeac92cb813605e21e464de7db0ca53fa0190d3a1372a46f60ddd0712>", "SubjectUserName": "<pseudonym:387dddca7f9c9fa71c41295d7790d3bcd791cfe79b2dd4843551dfd0bf47acf2>", "SubjectDomainName": "NT AUTHORITY", "SubjectLogonId": "0x3e7", "PrivilegeList": "SeAssignPrimaryTokenPrivilege\n\t\t\tSeTcbPrivilege\n\t\t\tSeSecurityPrivilege\n\t\t\tSeTakeOwnershipPrivilege\n\t\t\tSeLoadDriverPrivilege\n\t\t\tSeBackupPrivilege\n\t\t\tSeRestorePrivilege\n\t\t\tSeDebugPrivilege\n\t\t\tSeAuditPrivilege\n\t\t\tSeSystemEnvironmentPrivilege\n\t\t\tSeImpersonatePrivilege"}, "computer_name": "CLIENT1", "process": {"pid": 448, "thread": {"id": 504}}, "channel": "Security", "api": "wineventlog", "keywords": ["Audit Success"], "record_id": 4650}}
