{"@timestamp": "2019-08-02T09:54:22.980Z", "@metadata": {"beat": "winlogbeat", "type": "_doc", "version": "7.2.0", "topic": "wineventlog_raw"}, "message": "The Cryptographic Services service entered the stopped state.", "ecs": {"version": "1.0.0"}, "host": {"hostname": "CLIENT1", "architecture": "x86", "os": {"platform": "windows", "version": "6.1", "family": "windows", "name": "Windows 7 Professional", "kernel": "6.1.7601.18741 (win7sp1_gdr.150202-1526)", "build": "7601.0"}, "id": "19fc45ac-5890-4f96-81b1-50ed111c0ce4", "name": "CLIENT1"}, "agent": {"type": "winlogbeat", "ephemeral_id": "33f6eec2-a7ba-4caa-97b3-ea43b4f5e172", "hostname": "CLIENT1", "id": "0b755aca-0a9a-454a-9800-1979901962a0", "version": "7.2.0"}, "winlog": {"channel": "System", "provider_name": "Service Control Manager", "computer_name": "CLIENT1", "task": "", "keywords": ["Classic"], "provider_guid": "{555908d1-a6d7-4695-8e1e-26931d2012f4}", "process": {"pid": 440, "thread": {"id": 2680}}, "event_data": {"param2": "stopped", "Binary": "430072007900700074005300760063002F0031000000", "param1": "Cryptographic Services"}, "api": "wineventlog", "event_id": 7036, "record_id": 11686}, "event": {"created": "2019-08-05T08:54:04.922Z", "kind": "event", "code": 7036}, "log": {"level": "information"}}
{"pseudonym": "cd1a3afeeac92cb813605e21e464de7db0ca53fa0190d3a1372a46f60ddd0712", "origin": "GhlRyOFpG2VocgJ45pAOVEAa1FuYUI2jYjNBfRWYoh3z1RJ47EHggXhnrimQWnotKefImcxYacNlYMDoSTib9FTyVAiJbqSjmzVXtclOxohyafYxRj92MeFwlSpHwhmHrjHKnlDKGQU67+1QcxF6x+abRAroanZ13PKZQZeRWd3wcJf5HoP3fky1ZP7C2BECoAvBxe4NWTw68o+URFols4sPMYTk2vxIQX+3AdJM0a/1PhX+tdCY1tz9sNvHf9kHH1wK4y5kc1eBNuKs35jHfWnjq37wvLtKWJYKF7inX8TkcRujNQ5RpXxJ5VHqaoODkOurWCa+aFDC5Sp+U4ckuuk88uEqdQc4LmGcywg6hyE="}
{"@timestamp": "2019-08-05T08:53:27.015Z", "@metadata": {"beat": "winlogbeat", "type": "_doc", "version": "7.2.0", "topic": "wineventlog_raw"}, "host": {"name": "CLIENT1", "os": {"version": "6.1", "family": "windows", "name": "Windows 7 Professional", "kernel": "6.1.7601.18741 (win7sp1_gdr.150202-1526)", "build": "7601.0", "platform": "windows"}, "id": "19fc45ac-5890-4f96-81b1-50ed111c0ce4", "hostname": "CLIENT1", "architecture": "x86"}, "agent": {"ephemeral_id": "33f6eec2-a7ba-4caa-97b3-ea43b4f5e172", "hostname": "CLIENT1", "id": "0b755aca-0a9a-454a-9800-1979901962a0", "version": "7.2.0", "type": "winlogbeat"}, "winlog": {"provider_name": "Microsoft-Windows-FilterManager", "opcode": "Info", "process": {"pid": 4, "thread": {"id": 68}}, "channel": "System", "provider_guid": "{F3C5E28E-63F6-49C7-A204-E48A1BC4B09D}", "user": {"domain": "NT AUTHORITY", "type": "User", "identifier": "<pseudonym:cd1a3afeeac92cb813605e21e464de7db0ca53fa0190d3a1372a46f60ddd0712>", "name": "SYSTEM"}, "event_data": {"DeviceVersionMinor": "1", "DeviceNameLength": "5", "DeviceName": "luafv", "DeviceTime": "2009-07-14T01:15:44.000000000Z", "FinalStatus": "0x0", "DeviceVersionMajor": "6"}, "record_id": 11707, "task": "", "event_id": 6, "api": "wineventlog", "computer_name": "CLIENT1"}, "event": {"kind": "event", "code": 6, "created": "2019-08-05T08:54:04.922Z"}, "log": {"level": "information"}, "message": "File System Filter 'luafv' (6.1, \u200e2009\u200e-\u200e07\u200e-\u200e14T01:15:44.000000000Z) has successfully loaded and registered with Filter Manager.", "ecs": {"version": "1.0.0"}}
{"@timestamp": "2019-08-05T08:53:28.687Z", "@metadata": {"beat": "winlogbeat", "type": "_doc", "version": "7.2.0", "topic": "wineventlog_raw"}, "ecs": {"version": "1.0.0"}, "host": {"architecture": "x86", "name": "CLIENT1", "os": {"platform": "windows", "version": "6.1", "family": "windows", "name": "Windows 7 Professional", "kernel": "6.1.7601.18741 (win7sp1_gdr.150202-1526)", "build": "7601.0"}, "id": "19fc45ac-5890-4f96-81b1-50ed111c0ce4", "hostname": "CLIENT1"}, "event": {"created": "2019-08-05T08:54:04.922Z", "kind": "event", "code": 7036}, "log": {"level": "information"}, "message": "The Windows Event Log service entered the running state.", "winlog": {"process": {"pid": 436, "thread": {"id": 500}}, "channel": "System", "provider_guid": "{555908d1-a6d7-4695-8e1e-26931d2012f4}", "event_data": {"param1": "Windows Event Log", "param2": "running", "Binary": "6500760065006E0074006C006F0067002F0034000000"}, "provider_name": "Service Control Manager", "record_id": 11711, "task": "", "api": "wineventlog", "computer_name": "CLIENT1", "keywords": ["Classic"], "event_id": 7036}, "agent": {"type": "winlogbeat", "ephemeral_id": "33f6eec2-a7ba-4caa-97b3-ea43b4f5e172", "hostname": "CLIENT1", "id": "0b755aca-0a9a-454a-9800-1979901962a0", "version": "7.2.0"}}
{"@timestamp": "2019-08-05T08:53:48.187Z", "@metadata": {"beat": "winlogbeat", "type": "_doc", "version": "7.2.0", "topic": "wineventlog_raw"}, "winlog": {"provider_guid": "{555908d1-a6d7-4695-8e1e-26931d2012f4}", "task": "", "event_data": {"Binary": "49004B0045004500580054002F0034000000", "param1": "IKE and AuthIP IPsec Keying Modules", "param2": "running"}, "channel": "System", "event_id": 7036, "record_id": 11739, "api": "wineventlog", "provider_name": "Service Control Manager", "computer_name": "CLIENT1", "keywords": ["Classic"], "process": {"pid": 436, "thread": {"id": 512}}}, "event": {"kind": "event", "code": 7036, "created": "2019-08-05T08:54:04.923Z"}, "log": {"level": "information"}, "message": "The IKE and AuthIP IPsec Keying Modules service entered the running state.", "host": {"name": "CLIENT1", "id": "19fc45ac-5890-4f96-81b1-50ed111c0ce4", "hostname": "CLIENT1", "architecture": "x86", "os": {"kernel": "6.1.7601.18741 (win7sp1_gdr.150202-1526)", "build": "7601.0", "platform": "windows", "version": "6.1", "family": "windows", "name": "Windows 7 Professional"}}, "agent": {"id": "0b755aca-0a9a-454a-9800-1979901962a0", "version": "7.2.0", "type": "winlogbeat", "ephemeral_id": "33f6eec2-a7ba-4caa-97b3-ea43b4f5e172", "hostname": "CLIENT1"}, "ecs": {"version": "1.0.0"}}
{"pseudonym": "91d121bc503735a145e0e9869d792d26f6b22784210a0daf5b63840be2abf69a", "origin": "SA3UC/3scrG+CZKvGr6ksfKEn2t+hQoQaXVEeEzdBe/HKFI7z6Y+PksUn83x7j8k60WH4XC5JXDufijeBOpCme0Z9SZRuQDrZeRqwhCb+7bGr+TBWhGPJQxIauyhXF0pV6zbYZKZ4Wya3zvK+pWvr05WBE/y5dgqgh8M2+fI2d6B1aclFw2olaNdEe/Eoj3tSvRSj9a8DJxRjxqektaylxfEQwEnlEz6yxjzLnL2qtfIm2cZ2GM4YLZ5glnFJM0W2EtPk7oSVX2Xk1luWCLaDfAZ5mXZ5aZ2NAWSc0Yd8D3KBsi88rluJ2NZKVl0CqsHhKtY2Z9VafvtNLF68dwE9UPgBen3iEiAIA=="}
{"pseudonym": "0a9c916a1c62614052ce38685fcd44542130ac1c6073e5b7a9a2cba0a2f994ad", "origin": "dbw7pRxBevpcey+aH3pTMXHFAyh2pyHbP1jdtlo0ln/1y5MkeDB+OQScNWzkss3Wygo2CkIQJj7x7vTkb4gVfMgdkBS5N/P/kI3wYk4YnF8eM00KjgKxviTzHSyAONEzQzBaMCP3WrJ/7yiYrKP5+4x7tk3pMKYLWFW0wyj7Joc4Mj0iYWHRPuhDg7zFul4grFVmQjxotwNy7dJEpWLn2TqaKLbzwB1R5iaHdWMvQ09iVXVvEE9LdBt98oej/7IEt3phBO1V9jB69nGfE8F2F1RsK0lrNOm9+IANzWmh64d2iN/pI+tEPTzVqwQkvX8mlpWBFimORVwqWxxH4YDkR7066L6RHMSGPmFaCSSBE/0/Pow+KyC6"}
{"pseudonym": "23248c71f7404e59aa79c6213a048486a57db314bcd3c62428d54a30e0d5a409", "origin": "hfr5L/nl4Kp1OY9CBZ2yPyfNGyWRApaJwcUg/Akyk40+v1J7FDSyRkvzrtXmif5qW1zwtggjRYFN2WuR3MEe/Gke0Y3Bna6/ZcOzhHK3sBnVg+oiIFbDYmfgFdxAP6LHXLdu204AgoBVKjsZKjqDymiA+Jby+rMp7A85MaOSb++8CpeOuUzGq/p22FlTx6UDHOyyWoAE96vj07dGJAIAIIJn9tiDeZR0Acg+cVbQNkHzV5TaDQtwyxO+IGnbAHi8t+as5eBjzc022BB4/DXBkRs/kt8OhaacZWiGbCkVQ/bthtMHKfyn68WO0RYGCKtvXdOCzmrl0Bs/t7CLCMkdP0IjfXAbQo/0ayRkIuJuXw=="}
{"pseudonym": "91d121bc503735a145e0e9869d792d26f6b22784210a0daf5b63840be2abf69a", "origin": "mRzyQFkhbahYlTc16lolkko+duoij+YQhQE0YuVNAyiAxuzTwxpNqCKTWVkAVbxnqjbqJjaSp6RJguS52+LMhb/gBjGjtPJH7q/XXZdz+2JfgAWWx5t0g3JDQddO/i+tYIDf8eY8L/6idnFXwK89jJcDpRZNqHp6ubqc5a9zYSHR9gleA9ZfxF0jUw+xstNRWsweWQfYL99UnhrCoMJXjD0lNC94Xh9FEI9U8KNxf+W9RxiZRzfGL7kLQht0vEGmd5MD3vxtl7OlIldoVJ/sXtiICpakseegfuascD0Ujr6dlfx9lmN/YxDYgCmfg2q9knj0rD+jiGEewC+VYbwFTj0AYUERvz4lfA=="}
{"@timestamp": "2019-08-05T08:54:06.754Z", "@metadata": {"beat": "winlogbeat", "type": "_doc", "version": "7.2.0", "topic": "wineventlog_raw"}, "log": {"level": "information"}, "process": {"pid": 0, "executable": "-", "name": "-"}, "host": {"name": "CLIENT1", "os": {"kernel": "6.1.7601.18741 (win7sp1_gdr.150202-1526)", "build": "7601.0", "platform": "windows", "version": "6.1", "family": "windows", "name": "Windows 7 Professional"}, "id": "19fc45ac-5890-4f96-81b1-50ed111c0ce4", "hostname": "CLIENT1", "architecture": "x86"}, "agent": {"version": "7.2.0", "type": "winlogbeat", "ephemeral_id": "33f6eec2-a7ba-4caa-97b3-ea43b4f5e172", "hostname": "CLIENT1", "id": "0b755aca-0a9a-454a-9800-1979901962a0"}, "ecs": {"version": "1.0.0"}, "winlog": {"event_id": 4624, "record_id": 4691, "api": "wineventlog", "channel": "Security", "event_data": {"SubjectUserName": "<pseudonym:91d121bc503735a145e0e9869d792d26f6b22784210a0daf5b63840be2abf69a>", "TransmittedServices": "-", "LmPackageName": "NTLM V1", "AuthenticationPackageName": "NTLM", "KeyLength": "0", "LogonGuid": "{00000000-0000-0000-0000-000000000000}", "LogonProcessName": "NtLmSsp ", "TargetLogonId": "0x15688", "IpAddress": "<pseudonym:91d121bc503735a145e0e9869d792d26f6b22784210a0daf5b63840be2abf69a>", "LogonType": "3", "SubjectDomainName": "-", "SubjectUserSid": "<pseudonym:23248c71f7404e59aa79c6213a048486a57db314bcd3c62428d54a30e0d5a409>", "SubjectLogonId": "0x0", "IpPort": "-"}, "provider_guid": "{54849625-5478-4994-A5BA-3E3B0328C30D}", "process": {"pid": 444, "thread": {"id": 492}}, "provider_name": "Microsoft-Windows-Security-Auditing", "task": "Logon", "computer_name": "CLIENT1", "keywords": ["Audit Success"], "opcode": "Info"}, "message": "An account was successfully logged on.\n\nSubject:\n\tSecurity ID:\t\tS-1-0-0\n\tAccount Name:\t\t-\n\tAccount Domain:\t\t-\n\tLogon ID:\t\t0x0\n\nLogon Type:\t\t\t3\n\nNew Logon:\n\tSecurity ID:\t\tS-1-5-7\n\tAccount Name:\t\tANONYMOUS LOGON\n\tAccount Domain:\t\tNT AUTHORITY\n\tLogon ID:\t\t0x15688\n\tLogon GUID:\t\t{00000000-0000-0000-0000-000000000000}\n\nProcess Information:\n\tProcess ID:\t\t0x0\n\tProcess Name:\t\t-\n\nNetwork Information:\n\tWorkstation Name:\t\n\tSource Network Address:\t-\n\tSource Port:\t\t-\n\nDetailed Authentication Information:\n\tLogon Process:\t\tNtLmSsp \n\tAuthentication Package:\tNTLM\n\tTransited Services:\t-\n\tPackage Name (NTLM only):\tNTLM V1\n\tKey Length:\t\t0\n\nThis event is generated when a logon session is created. It is generated on the computer that was accessed.\n\nThe subject fields indicate the account on the local system which requested the logon. This is most commonly a service such as the Server service, or a local process such as Winlogon.exe or Services.exe.\n\nThe logon type field indicates the kind of logon that occurred. The most common types are 2 (interactive) and 3 (network).\n\nThe New Logon fields indicate the account for whom the new logon was created, i.e. the account that was logged on.\n\nThe network fields indicate where a remote logon request originated. Workstation name is not always available and may be left blank in some cases.\n\nThe authentication information fields provide detailed information about this specific logon request.\n\t- Logon GUID is a unique identifier that can be used to correlate this event with a KDC event.\n\t- Transited services indicate which intermediate services have participated in this logon request.\n\t- Package name indicates which sub-protocol was used among the NTLM protocols.\n\t- Key length indicates the length of the generated session key. This will be 0 if no session key was requested.", "user": {"id": "S-1-5-7", "name": "<pseudonym:0a9c916a1c62614052ce38685fcd44542130ac1c6073e5b7a9a2cba0a2f994ad>", "domain": "NT AUTHORITY"}, "event": {"action": "Logon", "created": "2019-08-05T08:54:08.768Z", "type": "authentication_success", "category": "authentication", "kind": "event", "code": 4624}}
{"@timestamp": "2019-08-05T08:54:07.922Z", "@metadata": {"beat": "winlogbeat", "type": "_doc", "version": "7.2.0", "topic": "wineventlog_raw"}, "log": {"level": "information"}, "ecs": {"version": "1.0.0"}, "host": {"name": "CLIENT1", "hostname": "CLIENT1", "architecture": "x86", "os": {"version": "6.1", "family": "windows", "name": "Windows 7 Professional", "kernel": "6.1.7601.18741 (win7sp1_gdr.150202-1526)", "build": "7601.0", "platform": "windows"}, "id": "19fc45ac-5890-4f96-81b1-50ed111c0ce4"}, "agent": {"type": "winlogbeat", "ephemeral_id": "33f6eec2-a7ba-4caa-97b3-ea43b4f5e172", "hostname": "CLIENT1", "id": "0b755aca-0a9a-454a-9800-1979901962a0", "version": "7.2.0"}, "message": "The Portable Device Enumerator Service service entered the running state.", "winlog": {"provider_guid": "{555908d1-a6d7-4695-8e1e-26931d2012f4}", "channel": "System", "event_id": 7036, "process": {"pid": 436, "thread": {"id": 1760}}, "api": "wineventlog", "provider_name": "Service Control Manager", "task": "", "event_data": {"param1": "Portable Device Enumerator Service", "param2": "running", "Binary": "57005000440042007500730045006E0075006D002F0034000000"}, "keywords": ["Classic"], "record_id": 11754, "computer_name": "CLIENT1"}, "event": {"kind": "event", "code": 7036, "created": "2019-08-05T08:54:09.097Z"}}
{"pseudonym": "387dddca7f9c9fa71c41295d7790d3bcd791cfe79b2dd4843551dfd0bf47acf2", "origin": "NwXrTj4lGt2ys8llh0evJ/zPSE8T6Q+UGIOIljU37HJGPqERC4h68g9/MSvUQoKH7kfvsxyzUUP8dbhbBuBqAPgVWYG882/D+T4h5M6+PsMnE/jCHG0Z2GaqL0qYBxyHt1o68XfbQReZdn9LyJtg6Vny0O79BGM4IN38ztqjU7UfBJUoD+S8UibEs+7xgHUz/Nf9Oeqayy0sP3ixVMv2hoc2LzlgZynUrnszmxcyc7QtlzU1sXeRVcJW2FTfx/NQHLbYQGhCjie47CldHHFUHQYxZeC1OiFcBCeRp89a/p5GoIMQHoCVCubwIualFWRpNd2uT9Fo1AQFqB15AKkoBrBXbHoDe9KOEjOn4m/k"}
{"pseudonym": "cd1a3afeeac92cb813605e21e464de7db0ca53fa0190d3a1372a46f60ddd0712", "origin": "jhg/x0PCSRMxbPZ5SAGXfJyZQnh4NBWBRHzy0gIaBGIRFTPXEMutvJ2OfSlmuGX/r21I1ZYSZde7eLsujteI6JPGwC9czdlrdsrFtLj5EjyPsqfaQvt71/eZzx1/ZX0dTKkyBCP5nGkjC9rldYsfY1S2AZ+5M6dt+VvuagZrpYCc0F5rrSF6ojYFzr8vfyJNRhttTBaXkutZYNOmzFy200n2qejzsCSIvwxV+ZdVllQh81u44l1TT83TPKC5982ZzpJnyOSUK92qw+2/E17WNLs7BKPkCGKiyFsOaAqwvnGI3YCRUyBJLvS8HzlETyxX72G9CMQCX7MjSZKjQAPHNr0+JOE/FI99cv/tk9GvjQs="}
{"@timestamp": "2019-08-05T08:55:53.202Z", "@metadata": {"beat": "winlogbeat", "type": "_doc", "version": "7.2.0", "topic": "wineventlog_raw"}, "host": {"name": "CLIENT1", "hostname": "CLIENT1", "architecture": "x86", "os": {"build": "7601.0", "platform": "windows", "version": "6.1", "family": "windows", "name": "Windows 7 Professional", "kernel": "6.1.7601.18741 (win7sp1_gdr.150202-1526)"}, "id": "19fc45ac-5890-4f96-81b1-50ed111c0ce4"}, "agent": {"ephemeral_id": "33f6eec2-a7ba-4caa-97b3-ea43b4f5e172", "hostname": "CLIENT1", "id": "0b755aca-0a9a-454a-9800-1979901962a0", "version": "7.2.0", "type": "winlogbeat"}, "winlog": {"api": "wineventlog", "computer_name": "CLIENT1", "keywords": ["Audit Success"], "channel": "Security", "opcode": "Info", "event_data": {"SubjectLogonId": "0x3e7", "PrivilegeList": "SeAssignPrimaryTokenPrivilege\n\t\t\tSeTcbPrivilege\n\t\t\tSeSecurityPrivilege\n\t\t\tSeTakeOwnershipPrivilege\n\t\t\tSeLoadDriverPrivilege\n\t\t\tSeBackupPrivilege\n\t\t\tSeRestorePrivilege\n\t\t\tSeDebugPrivilege\n\t\t\tSeAuditPrivilege\n\t\t\tSeSystemEnvironmentPrivilege\n\t\t\tSeImpersonatePrivilege", "SubjectUserSid": "<pseudonym:cd1a3afeeac92cb813605e21e464de7db0ca53fa0190d3a1372a46f60ddd0712>", "SubjectUserName": "<pseudonym:387dddca7f9c9fa71c41295d7790d3bcd791cfe79b2dd4843551dfd0bf47acf2>", "SubjectDomainName": "NT AUTHORITY"}, "provider_guid": "{54849625-5478-4994-A5BA-3E3B0328C30D}", "task": "Special Logon", "event_id": 4672, "process": {"pid": 444, "thread": {"id": 524}}, "provider_name": "Microsoft-Windows-Security-Auditing", "record_id": 4696}, "event": {"action": "Special Logon", "created": "2019-08-05T08:55:54.111Z", "kind": "event", "code": 4672}, "log": {"level": "information"}, "message": "Special privileges assigned to new logon.\n\nSubject:\n\tSecurity ID:\t\tS-1-5-18\n\tAccount Name:\t\tSYSTEM\n\tAccount Domain:\t\tNT AUTHORITY\n\tLogon ID:\t\t0x3e7\n\nPrivileges:\t\tSeAssignPrimaryTokenPrivilege\n\t\t\tSeTcbPrivilege\n\t\t\tSeSecurityPrivilege\n\t\t\tSeTakeOwnershipPrivilege\n\t\t\tSeLoadDriverPrivilege\n\t\t\tSeBackupPrivilege\n\t\t\tSeRestorePrivilege\n\t\t\tSeDebugPrivilege\n\t\t\tSeAuditPrivilege\n\t\t\tSeSystemEnvironmentPrivilege\n\t\t\tSeImpersonatePrivilege", "ecs": {"version": "1.0.0"}}
{"pseudonym": "f119e812403f34bc9c93a15392e371bd51bfd51f59deda80c5caac2a6f172b3c", "origin": "RsNTYR9aCe8bc4wLht6h8Ir+hjQBFyZqJN7vH7kaI3f1bzU9Vv/bQvVlPPu0RPyEbEig9jvGtZBEMP1aSK98jRebUPvYfVDM5fp0xFBChClHab9jRSv7ItBR2+L6kqcm4+YN3a7aqNGGVaTtbpeCBoFDrY5u0E1Q+eLoD6ejCaFHP+D55lEdBJnC9//Vf3aqf2CqxK5H3urBAwLvxCvU8VOA+nKojLQRalLaalJfdIQxBMyzfCt6Lvg7GJ+JpOf0mn+jI99KnDniyOCsN1i7Zoyh9dJ3mwd8jsChQ/UsoB1TOXoq89vgFiCJa2jkI6WjGQ8fvSIvq7ZPnRdnkkUf0BfyEimr2sYNlEET87Ud"}
{"pseudonym": "2246ce99b75c4aebaf0cd5d095e35cdb0cbf0f8adaf28ed864467242b621c30c", "origin": "uNjoYY5TsbpbxA4KQMYvB4Y+dUOz2b36KRyrX2sGy2w6O74auzY57xMOlDv8e0x3Vuvop9t41bV9i/FUJlaGPPwNyEUdQ+XBxO6IzrWGXxROTB1xJXH8hI0CsK+I+2ZPgcULpXA0EE6J/6/WfqSIgGojl2Oh1M1oeafX7bkLgfaO1aQIYUJdsZB+yEOoLw+rflZag836BAdWQZx1GmtKKp3RmFLXfquMCgLXU4WxMbR9lR6xLvPP/zU+wHQbE9geBwF+bYkBVR1f/50Mnf1Z5BhEkggKjtjBYgwUZOAyLUdbsnNrfk0qQzD2QY+RQvKt61K17tjDqSxqXNKtFUu7qaiVyM1w38xEN0YKZ0Xq2HZxsMnrMPtHWx/eKOHIUjJlOJ5mWX8w+9mp2gyaUzLOg+5IAx/R"}
{"@timestamp": "2019-07-30T14:37:46.445Z", "@metadata": {"beat": "winlogbeat", "type": "_doc", "version": "7.2.0", "topic": "wineventlog_raw"}, "host": {"id": "19fc45ac-5890-4f96-81b1-50ed111c0ce4", "hostname": "CLIENT1", "architecture": "x86", "os": {"platform": "windows", "version": "6.1", "family": "windows", "name": "Windows 7 Professional", "kernel": "6.1.7601.18741 (win7sp1_gdr.150202-1526)", "build": "7601.0"}, "name": "CLIENT1"}, "agent": {"version": "7.2.0", "type": "winlogbeat", "ephemeral_id": "de845cd9-5141-4c92-ad32-27a4518307e9", "hostname": "CLIENT1", "id": "0b755aca-0a9a-454a-9800-1979901962a0"}, "winlog": {"provider_name": "Microsoft-Windows-Security-Auditing", "record_id": 4637, "task": "Logoff", "opcode": "Info", "process": {"thread": {"id": 2988}, "pid": 444}, "event_data": {"TargetDomainName": "CLIENT1", "TargetLogonId": "0x1be63", "TargetUserSid": "<pseudonym:2246ce99b75c4aebaf0cd5d095e35cdb0cbf0f8adaf28ed864467242b621c30c>", "TargetUserName": "<pseudonym:f119e812403f34bc9c93a15392e371bd51bfd51f59deda80c5caac2a6f172b3c>"}, "api": "wineventlog", "event_id": 4647, "channel": "Security", "keywords": ["Audit Success"], "provider_guid": "{54849625-5478-4994-A5BA-3E3B0328C30D}", "computer_name": "CLIENT1"}, "event": {"kind": "event", "code": 4647, "action": "Logoff", "created": "2019-08-02T09:55:11.925Z"}, "log": {"level": "information"}, "message": "User initiated logoff:\n\nSubject:\n\tSecurity ID:\t\tS-1-5-21-1918032094-2382968797-800248713-1000\n\tAccount Name:\t\tbreach\n\tAccount Domain:\t\tCLIENT1\n\tLogon ID:\t\t0x1be63\n\nThis event is generated when a logoff is initiated. No further user-initiated activity can occur. This event can be interpreted as a logoff event.", "ecs": {"version": "1.0.0"}}
{"@timestamp": "2019-07-30T14:30:13.020Z", "@metadata": {"beat": "winlogbeat", "type": "_doc", "version": "7.2.0", "topic": "wineventlog_raw"}, "log": {"level": "information"}, "message": "The SPP Notification Service service entered the running state.", "winlog": {"keywords": ["Classic"], "provider_name": "Service Control Manager", "record_id": 11541, "process": {"pid": 436, "thread": {"id": 1808}}, "channel": "System", "task": "", "computer_name": "CLIENT1", "provider_guid": "{555908d1-a6d7-4695-8e1e-26931d2012f4}", "api": "wineventlog", "event_data": {"param2": "running", "Binary": "730070007000750069006E006F0074006900660079002F0034000000", "param1": "SPP Notification Service"}, "event_id": 7036}, "event": {"kind": "event", "code": 7036, "created": "2019-08-02T09:55:11.995Z"}, "ecs": {"version": "1.0.0"}, "host": {"id": "19fc45ac-5890-4f96-81b1-50ed111c0ce4", "hostname": "CLIENT1", "architecture": "x86", "name": "CLIENT1", "os": {"version": "6.1", "family": "windows", "name": "Windows 7 Professional", "kernel": "6.1.7601.18741 (win7sp1_gdr.150202-1526)", "build": "7601.0", "platform": "windows"}}, "agent": {"version": "7.2.0", "type": "winlogbeat", "ephemeral_id": "de845cd9-5141-4c92-ad32-27a4518307e9", "hostname": "CLIENT1", "id": "0b755aca-0a9a-454a-9800-1979901962a0"}}
{"@timestamp": "2019-07-30T14:37:52.379Z", "@metadata": {"beat": "winlogbeat", "type": "_doc", "version": "7.2.0", "topic": "wineventlog_raw"}, "winlog": {"channel": "System", "provider_name": "Service Control Manager", "record_id": 11552, "task": "", "computer_name": "CLIENT1", "event_data": {"param1": "Windows Media Player Network Sharing Service", "param2": "stopped", "Binary": "57004D0050004E006500740077006F0072006B005300760063002F0031000000"}, "keywords": ["Classic"], "provider_guid": "{555908d1-a6d7-4695-8e1e-26931d2012f4}", "process": {"pid": 436, "thread": {"id": 3216}}, "event_id": 7036, "api": "wineventlog"}, "event": {"code": 7036, "created": "2019-08-02T09:55:11.995Z", "kind": "event"}, "log": {"level": "information"}, "message": "The Windows Media Player Network Sharing Service service entered the stopped state.", "host": {"hostname": "CLIENT1", "architecture": "x86", "name": "CLIENT1", "os": {"platform": "windows", "version": "6.1", "family": "windows", "name": "Windows 7 Professional", "kernel": "6.1.7601.18741 (win7sp1_gdr.150202-1526)", "build": "7601.0"}, "id": "19fc45ac-5890-4f96-81b1-50ed111c0ce4"}, "agent": {"version": "7.2.0", "type": "winlogbeat", "ephemeral_id": "de845cd9-5141-4c92-ad32-27a4518307e9", "hostname": "CLIENT1", "id": "0b755aca-0a9a-454a-9800-1979901962a0"}, "ecs": {"version": "1.0.0"}}
{"@timestamp": "2019-07-30T14:38:13.000Z", "@metadata": {"beat": "winlogbeat", "type": "_doc", "version": "7.2.0", "topic": "wineventlog_raw"}, "message": "The Event log service was stopped.", "winlog": {"api": "wineventlog", "computer_name": "CLIENT1", "provider_name": "EventLog", "event_data": {"Binary": "01000000FBFFFFFF"}, "event_id": 6006, "task": "", "keywords": ["Classic"], "record_id": 11559, "channel": "System"}, "event": {"kind": "event", "code": 6006, "created": "2019-08-02T09:55:11.995Z"}, "log": {"level": "information"}, "ecs": {"version": "1.0.0"}, "host": {"hostname": "CLIENT1", "architecture": "x86", "os": {"platform": "windows", "version": "6.1", "family": "windows", "name": "Windows 7 Professional", "kernel": "6.1.7601.18741 (win7sp1_gdr.150202-1526)", "build": "7601.0"}, "id": "19fc45ac-5890-4f96-81b1-50ed111c0ce4", "name": "CLIENT1"}, "agent": {"type": "winlogbeat", "ephemeral_id": "de845cd9-5141-4c92-ad32-27a4518307e9", "hostname": "CLIENT1", "id": "0b755aca-0a9a-454a-9800-1979901962a0", "version": "7.2.0"}}
{"@timestamp": "2019-07-30T14:38:14.954Z", "@metadata": {"beat": "winlogbeat", "type": "_doc", "version": "7.2.0", "topic": "wineventlog_raw"}, "message": "The Distributed Link Tracking Client service entered the stopped state.", "ecs": {"version": "1.0.0"}, "host": {"name": "CLIENT1", "architecture": "x86", "os": {"platform": "windows", "version": "6.1", "family": "windows", "name": "Windows 7 Professional", "kernel": "6.1.7601.18741 (win7sp1_gdr.150202-1526)", "build": "7601.0"}, "id": "19fc45ac-5890-4f96-81b1-50ed111c0ce4", "hostname": "CLIENT1"}, "agent": {"type": "winlogbeat", "ephemeral_id": "de845cd9-5141-4c92-ad32-27a4518307e9", "hostname": "CLIENT1", "id": "0b755aca-0a9a-454a-9800-1979901962a0", "version": "7.2.0"}, "winlog": {"task": "", "api": "wineventlog", "computer_name": "CLIENT1", "keywords": ["Classic"], "process": {"pid": 436, "thread": {"id": 2808}}, "channel": "System", "event_data": {"param1": "Distributed Link Tracking Client", "param2": "stopped", "Binary": "540072006B0057006B0073002F0031000000"}, "provider_name": "Service Control Manager", "provider_guid": "{555908d1-a6d7-4695-8e1e-26931d2012f4}", "event_id": 7036, "record_id": 11569}, "event": {"kind": "event", "code": 7036, "created": "2019-08-02T09:55:11.996Z"}, "log": {"level": "information"}}
{"@timestamp": "2019-08-02T09:46:20.765Z", "@metadata": {"beat": "winlogbeat", "type": "_doc", "version": "7.2.0", "topic": "wineventlog_raw"}, "agent": {"hostname": "CLIENT1", "id": "0b755aca-0a9a-454a-9800-1979901962a0", "version": "7.2.0", "type": "winlogbeat", "ephemeral_id": "de845cd9-5141-4c92-ad32-27a4518307e9"}, "event": {"kind": "event", "code": 7036, "created": "2019-08-02T09:55:11.997Z"}, "log": {"level": "information"}, "message": "The Multimedia Class Scheduler service entered the running state.", "winlog": {"keywords": ["Classic"], "provider_guid": "{555908d1-a6d7-4695-8e1e-26931d2012f4}", "channel": "System", "provider_name": "Service Control Manager", "api": "wineventlog", "event_data": {"Binary": "4D004D004300530053002F0034000000", "param1": "Multimedia Class Scheduler", "param2": "running"}, "event_id": 7036, "record_id": 11597, "task": "", "computer_name": "CLIENT1", "process": {"thread": {"id": 520}, "pid": 440}}, "ecs": {"version": "1.0.0"}, "host": {"hostname": "CLIENT1", "architecture": "x86", "name": "CLIENT1", "os": {"version": "6.1", "family": "windows", "name": "Windows 7 Professional", "kernel": "6.1.7601.18741 (win7sp1_gdr.150202-1526)", "build": "7601.0", "platform": "windows"}, "id": "19fc45ac-5890-4f96-81b1-50ed111c0ce4"}}
{"@timestamp": "2019-08-02T09:46:41.593Z", "@metadata": {"beat": "winlogbeat", "type": "_doc", "version": "7.2.0", "topic": "wineventlog_raw"}, "event": {"code": 7036, "created": "2019-08-02T09:55:11.998Z", "kind": "event"}, "log": {"level": "information"}, "message": "The Network Location Awareness service entered the running state.", "ecs": {"version": "1.0.0"}, "host": {"id": "19fc45ac-5890-4f96-81b1-50ed111c0ce4", "name": "CLIENT1", "hostname": "CLIENT1", "architecture": "x86", "os": {"name": "Windows 7 Professional", "kernel": "6.1.7601.18741 (win7sp1_gdr.150202-1526)", "build": "7601.0", "platform": "windows", "version": "6.1", "family": "windows"}}, "agent": {"hostname": "CLIENT1", "id": "0b755aca-0a9a-454a-9800-1979901962a0", "version": "7.2.0", "type": "winlogbeat", "ephemeral_id": "de845cd9-5141-4c92-ad32-27a4518307e9"}, "winlog": {"event_id": 7036, "keywords": ["Classic"], "channel": "System", "record_id": 11626, "provider_name": "Service Control Manager", "event_data": {"param1": "Network Location Awareness", "param2": "running", "Binary": "4E006C0061005300760063002F0034000000"}, "task": "", "api": "wineventlog", "provider_guid": "{555908d1-a6d7-4695-8e1e-26931d2012f4}", "computer_name": "CLIENT1", "process": {"pid": 440, "thread": {"id": 524}}}}
{"@timestamp": "2019-08-02T09:46:54.128Z", "@metadata": {"beat": "winlogbeat", "type": "_doc", "version": "7.2.0", "topic": "wineventlog_raw"}, "host": {"os": {"name": "Windows 7 Professional", "kernel": "6.1.7601.18741 (win7sp1_gdr.150202-1526)", "build": "7601.0", "platform": "windows", "version": "6.1", "family": "windows"}, "name": "CLIENT1", "id": "19fc45ac-5890-4f96-81b1-50ed111c0ce4", "hostname": "CLIENT1", "architecture": "x86"}, "winlog": {"channel": "System", "event_id": 7036, "keywords": ["Classic"], "process": {"thread": {"id": 1792}, "pid": 440}, "task": "", "event_data": {"param2": "running", "Binary": "570064006900530065007200760069006300650048006F00730074002F0034000000", "param1": "Diagnostic Service Host"}, "provider_name": "Service Control Manager", "computer_name": "CLIENT1", "provider_guid": "{555908d1-a6d7-4695-8e1e-26931d2012f4}", "record_id": 11635, "api": "wineventlog"}, "event": {"kind": "event", "code": 7036, "created": "2019-08-02T09:55:11.999Z"}, "log": {"level": "information"}, "message": "The Diagnostic Service Host service entered the running state.", "agent": {"version": "7.2.0", "type": "winlogbeat", "ephemeral_id": "de845cd9-5141-4c92-ad32-27a4518307e9", "hostname": "CLIENT1", "id": "0b755aca-0a9a-454a-9800-1979901962a0"}, "ecs": {"version": "1.0.0"}}
{"@timestamp": "2019-08-02T09:48:54.740Z", "@metadata": {"beat": "winlogbeat", "type": "_doc", "version": "7.2.0", "topic": "wineventlog_raw"}, "agent": {"type": "winlogbeat", "ephemeral_id": "de845cd9-5141-4c92-ad32-27a4518307e9", "hostname": "CLIENT1", "id": "0b755aca-0a9a-454a-9800-1979901962a0", "version": "7.2.0"}, "event": {"created": "2019-08-02T09:55:12.049Z", "kind": "event", "code": 7036}, "log": {"level": "information"}, "message": "The Microsoft .NET Framework NGEN v4.0.30319_X86 service entered the running state.", "winlog": {"provider_name": "Service Control Manager", "task": "", "api": "wineventlog", "keywords": ["Classic"], "provider_guid": "{555908d1-a6d7-4695-8e1e-26931d2012f4}", "channel": "System", "process": {"pid": 440, "thread": {"id": 3492}}, "event_data": {"param2": "running", "Binary": "63006C0072005F006F007000740069006D0069007A006100740069006F006E005F00760034002E0030002E00330030003300310039005F00330032002F0034000000", "param1": "Microsoft .NET Framework NGEN v4.0.30319_X86"}, "record_id": 11648, "computer_name": "CLIENT1", "event_id": 7036}, "ecs": {"version": "1.0.0"}, "host": {"os": {"version": "6.1", "family": "windows", "name": "Windows 7 Professional", "kernel": "6.1.7601.18741 (win7sp1_gdr.150202-1526)", "build": "7601.0", "platform": "windows"}, "id": "19fc45ac-5890-4f96-81b1-50ed111c0ce4", "hostname": "CLIENT1", "name": "CLIENT1", "architecture": "x86"}}
{"@timestamp": "2019-08-02T09:48:56.736Z", "@metadata": {"beat": "winlogbeat", "type": "_doc", "version": "7.2.0", "topic": "wineventlog_raw"}, "event": {"kind": "event", "code": 7036, "created": "2019-08-02T09:55:12.089Z"}, "log": {"level": "information"}, "message": "The Windows Defender service entered the running state.", "agent": {"version": "7.2.0", "type": "winlogbeat", "ephemeral_id": "de845cd9-5141-4c92-ad32-27a4518307e9", "hostname": "CLIENT1", "id": "0b755aca-0a9a-454a-9800-1979901962a0"}, "ecs": {"version": "1.0.0"}, "host": {"architecture": "x86", "os": {"platform": "windows", "version": "6.1", "family": "windows", "name": "Windows 7 Professional", "kernel": "6.1.7601.18741 (win7sp1_gdr.150202-1526)", "build": "7601.0"}, "id": "19fc45ac-5890-4f96-81b1-50ed111c0ce4", "name": "CLIENT1", "hostname": "CLIENT1"}, "winlog": {"process": {"pid": 440, "thread": {"id": 3492}}, "event_data": {"param1": "Windows Defender", "param2": "running", "Binary": "570069006E0044006500660065006E0064002F0034000000"}, "record_id": 11652, "computer_name": "CLIENT1", "provider_name": "Service Control Manager", "keywords": ["Classic"], "provider_guid": "{555908d1-a6d7-4695-8e1e-26931d2012f4}", "channel": "System", "event_id": 7036, "task": "", "api": "wineventlog"}}
{"@timestamp": "2019-08-02T09:49:29.626Z", "@metadata": {"beat": "winlogbeat", "type": "_doc", "version": "7.2.0", "topic": "wineventlog_raw"}, "log": {"level": "information"}, "message": "The Portable Device Enumerator Service service entered the stopped state.", "ecs": {"version": "1.0.0"}, "host": {"hostname": "CLIENT1", "name": "CLIENT1", "architecture": "x86", "os": {"family": "windows", "name": "Windows 7 Professional", "kernel": "6.1.7601.18741 (win7sp1_gdr.150202-1526)", "build": "7601.0", "platform": "windows", "version": "6.1"}, "id": "19fc45ac-5890-4f96-81b1-50ed111c0ce4"}, "agent": {"version": "7.2.0", "type": "winlogbeat", "ephemeral_id": "de845cd9-5141-4c92-ad32-27a4518307e9", "hostname": "CLIENT1", "id": "0b755aca-0a9a-454a-9800-1979901962a0"}, "winlog": {"provider_name": "Service Control Manager", "record_id": 11655, "task": "", "api": "wineventlog", "event_data": {"param2": "stopped", "Binary": "57005000440042007500730045006E0075006D002F0031000000", "param1": "Portable Device Enumerator Service"}, "process": {"thread": {"id": 1792}, "pid": 440}, "channel": "System", "event_id": 7036, "computer_name": "CLIENT1", "keywords": ["Classic"], "provider_guid": "{555908d1-a6d7-4695-8e1e-26931d2012f4}"}, "event": {"kind": "event", "code": 7036, "created": "2019-08-02T09:55:12.089Z"}}
{"@timestamp": "2019-08-02T09:54:56.312Z", "@metadata": {"beat": "winlogbeat", "type": "_doc", "version": "7.2.0", "topic": "wineventlog_raw"}, "agent": {"ephemeral_id": "de845cd9-5141-4c92-ad32-27a4518307e9", "hostname": "CLIENT1", "id": "0b755aca-0a9a-454a-9800-1979901962a0", "version": "7.2.0", "type": "winlogbeat"}, "ecs": {"version": "1.0.0"}, "host": {"name": "CLIENT1", "hostname": "CLIENT1", "architecture": "x86", "os": {"name": "Windows 7 Professional", "kernel": "6.1.7601.18741 (win7sp1_gdr.150202-1526)", "build": "7601.0", "platform": "windows", "version": "6.1", "family": "windows"}, "id": "19fc45ac-5890-4f96-81b1-50ed111c0ce4"}, "winlog": {"record_id": 11712, "task": "", "provider_name": "Service Control Manager", "provider_guid": "{555908d1-a6d7-4695-8e1e-26931d2012f4}", "process": {"pid": 440, "thread": {"id": 520}}, "event_data": {"Binary": "4D004D004300530053002F0034000000", "param1": "Multimedia Class Scheduler", "param2": "running"}, "event_id": 7036, "computer_name": "CLIENT1", "keywords": ["Classic"], "channel": "System", "api": "wineventlog"}, "event": {"kind": "event", "code": 7036, "created": "2019-08-02T09:55:12.091Z"}, "log": {"level": "information"}, "message": "The Multimedia Class Scheduler service entered the running state."}
{"@timestamp": "2019-08-02T09:55:04.046Z", "@metadata": {"beat": "winlogbeat", "type": "_doc", "version": "7.2.0", "topic": "wineventlog_raw"}, "agent": {"type": "winlogbeat", "ephemeral_id": "de845cd9-5141-4c92-ad32-27a4518307e9", "hostname": "CLIENT1", "id": "0b755aca-0a9a-454a-9800-1979901962a0", "version": "7.2.0"}, "winlog": {"event_id": 7036, "task": "", "record_id": 11740, "keywords": ["Classic"], "process": {"pid": 440, "thread": {"id": 524}}, "event_data": {"param2": "running", "Binary": "4E0065007400540069006D0065005300760063002F0034000000", "param1": "NetTime"}, "provider_guid": "{555908d1-a6d7-4695-8e1e-26931d2012f4}", "channel": "System", "provider_name": "Service Control Manager", "api": "wineventlog", "computer_name": "CLIENT1"}, "event": {"code": 7036, "created": "2019-08-02T09:55:12.099Z", "kind": "event"}, "log": {"level": "information"}, "message": "The NetTime service entered the running state.", "ecs": {"version": "1.0.0"}, "host": {"name": "CLIENT1", "hostname": "CLIENT1", "architecture": "x86", "os": {"platform": "windows", "version": "6.1", "family": "windows", "name": "Windows 7 Professional", "kernel": "6.1.7601.18741 (win7sp1_gdr.150202-1526)", "build": "7601.0"}, "id": "19fc45ac-5890-4f96-81b1-50ed111c0ce4"}}
{"pseudonym": "e887f3a09fdddf7c81a563b81f90ed9499d86badaa6173d1aa197a2b544d13b1", "origin": "KCR7SZRO1y9Qkh6y3ZlP1mtjy6F1v3/ycXgEr+U4hSaWreuUu0KVeGV2NEayEB6M83A3lYVelcboYdn59TH+Nd9it9w5nZy+t9LIBwIiJfZxIoVUnVvCC2NCuiRZa1f0kUWKHz2Q6sJi/6C0+wX5Fho8h9aYTB45+FdAJnkqRGDgFiEo51BJNBB+4qvyBZ++FVFIVvEPsc26xG2v7HflFkVtAI22feEv6z5wxW7UfGLEjNlQDtftqMRrFS62FpjUcETMmLvHR7yFv2jnZE0ynABIxo8spIKlco06mC1IyAq2akJ9QF1xPgFx94XDn3cNqqMjTFXu7W6dQkpLWN1x9vfGPdLAXaq1097/oCHIOJA="}
{"pseudonym": "387dddca7f9c9fa71c41295d7790d3bcd791cfe79b2dd4843551dfd0bf47acf2", "origin": "pKrg9Amzd1SWwGRGTU0wrB8yR/9RLEKEmFz1hKMrZ7pjfkgpC2QH6SVl6GQYkFXebj3NNKMA9Rk35hCQgHrkjy8FSJsPsHhMjFZt12wWJrgG4nnkIngTJhkeflzR036ZjOPWqLvdyfLKQADefQPDpI6eBbhXLmd2t5+ZFQ8DAbW/CuplENOjiRpJV89bwv6eA+7NrmVr8++NfJtOsQJ+M/ZnCUUUcWzIlZ5XYoWT0lR0asBQXmk20yJvJZtQEr2PJROpYATYGT8LG9lhmovxrzqSwcmg8SieogzPcJw6Vgy0MHaQI343oH9NGwyEM8g6JsaKYpGZveX+c5qok1fTbnEPXFfmoArA+w567oJD"}
{"pseudonym": "cd1a3afeeac92cb813605e21e464de7db0ca53fa0190d3a1372a46f60ddd0712", "origin": "WZl0p6gD+r+Evj6YOZg2xSe8azZch7N/mGkdBz4HIAjjb29vTB0RZOxnZDqEoeOLhkBPrg8QvpuDNSjGAKi3akuOdy2m1tb3y2kN7ZqeFuHfjyKMU2B0wNRIwOzLkSl0NjW/tpSFg3B/+Z6yD9FQ4Whnk0IkrHhrAgpsiHG4frhldUfAK9pttY1s51+YPE2BVco+cWGjlR6lkfnLhp/i/E04KNkfkrL8xVkLoKSWUZyBICSWp/A/sTxlZAGnamp4LeHBC66WJKEy+dTnpupO4Wz/b+Jvadp+/bI+aB7rlPw9NRTTprBkEM4aix1xKN6w2UfwPKvmBPcBbcvkTI+JtVrNMsnRyt0AD4g4bmZ8sM8="}
{"pseudonym": "91d121bc503735a145e0e9869d792d26f6b22784210a0daf5b63840be2abf69a", "origin": "Rq3q65Vy/aa4vANKiFLET5aklLqEmSHCtCH8QJaTU2eSi+rOzA+v0mU2YWWBZqmL9lN+T25CrP6PuAU+aswXdS0B+GdDYmE31o35KU5iluBkXtr+mPOxkiZcy80KvSficPAsx5mqkE7tDIZnWExppHqfIpDl5WS4BpPRSujKlNgEG16w67j7Onwh2m41chkHL6sYyF4FqAN25+ByKIA+N5yqvjJfl9EmuoymBrdFNh8fb+EtQ3N0T4UB2MIc5mpb46Mf77bEqJh/1PUldJdrSnl4AWdWVgx0SUBsV4v7qhFcnrpmUCWct42xxMzI1Z7K+uAyxmA6yVR86hEUwJ5FpGugc54YlzF6jg=="}
{"@timestamp": "2019-08-02T09:54:56.156Z", "@metadata": {"beat": "winlogbeat", "type": "_doc", "version": "7.2.0", "topic": "wineventlog_raw"}, "message": "An account was successfully logged on.\n\nSubject:\n\tSecurity ID:\t\tS-1-5-18\n\tAccount Name:\t\tCLIENT1$\n\tAccount Domain:\t\tWORKGROUP\n\tLogon ID:\t\t0x3e7\n\nLogon Type:\t\t\t5\n\nNew Logon:\n\tSecurity ID:\t\tS-1-5-18\n\tAccount Name:\t\tSYSTEM\n\tAccount Domain:\t\tNT AUTHORITY\n\tLogon ID:\t\t0x3e7\n\tLogon GUID:\t\t{00000000-0000-0000-0000-000000000000}\n\nProcess Information:\n\tProcess ID:\t\t0x1b8\n\tProcess Name:\t\tC:\\Windows\\System32\\services.exe\n\nNetwork Information:\n\tWorkstation Name:\t\n\tSource Network Address:\t-\n\tSource Port:\t\t-\n\nDetailed Authentication Information:\n\tLogon Process:\t\tAdvapi  \n\tAuthentication Package:\tNegotiate\n\tTransited Services:\t-\n\tPackage Name (NTLM only):\t-\n\tKey Length:\t\t0\n\nThis event is generated when a logon session is created. It is generated on the computer that was accessed.\n\nThe subject fields indicate the account on the local system which requested the logon. This is most commonly a service such as the Server service, or a local process such as Winlogon.exe or Services.exe.\n\nThe logon type field indicates the kind of logon that occurred. The most common types are 2 (interactive) and 3 (network).\n\nThe New Logon fields indicate the account for whom the new logon was created, i.e. the account that was logged on.\n\nThe network fields indicate where a remote logon request originated. Workstation name is not always available and may be left blank in some cases.\n\nThe authentication information fields provide detailed information about this specific logon request.\n\t- Logon GUID is a unique identifier that can be used to correlate this event with a KDC event.\n\t- Transited services indicate which intermediate services have participated in this logon request.\n\t- Package name indicates which sub-protocol was used among the NTLM protocols.\n\t- Key length indicates the length of the generated session key. This will be 0 if no session key was requested.", "process": {"executable": "C:\\Windows\\System32\\services.exe", "name": "services.exe", "pid": 440}, "host": {"os": {"platform": "windows", "version": "6.1", "family": "windows", "name": "Windows 7 Professional", "kernel": "6.1.7601.18741 (win7sp1_gdr.150202-1526)", "build": "7601.0"}, "id": "19fc45ac-5890-4f96-81b1-50ed111c0ce4", "hostname": "CLIENT1", "architecture": "x86", "name": "CLIENT1"}, "agent": {"ephemeral_id": "de845cd9-5141-4c92-ad32-27a4518307e9", "hostname": "CLIENT1", "id": "0b755aca-0a9a-454a-9800-1979901962a0", "version": "7.2.0", "type": "winlogbeat"}, "ecs": {"version": "1.0.0"}, "winlog": {"event_data": {"IpAddress": "<pseudonym:91d121bc503735a145e0e9869d792d26f6b22784210a0daf5b63840be2abf69a>", "SubjectDomainName": "WORKGROUP", "SubjectLogonId": "0x3e7", "LogonType": "5", "LogonProcessName": "Advapi  ", "AuthenticationPackageName": "Negotiate", "SubjectUserSid": "<pseudonym:cd1a3afeeac92cb813605e21e464de7db0ca53fa0190d3a1372a46f60ddd0712>", "LogonGuid": "{00000000-0000-0000-0000-000000000000}", "KeyLength": "0", "TargetLogonId": "0x3e7", "TransmittedServices": "-", "IpPort": "-", "LmPackageName": "-", "SubjectUserName": "<pseudonym:e887f3a09fdddf7c81a563b81f90ed9499d86badaa6173d1aa197a2b544d13b1>"}, "keywords": ["Audit Success"], "provider_guid": "{54849625-5478-4994-A5BA-3E3B0328C30D}", "provider_name": "Microsoft-Windows-Security-Auditing", "computer_name": "CLIENT1", "api": "wineventlog", "opcode": "Info", "process": {"pid": 448, "thread": {"id": 512}}, "event_id": 4624, "record_id": 4680, "task": "Logon", "channel": "Security"}, "event": {"code": 4624, "action": "Logon", "created": "2019-08-02T09:55:12.184Z", "category": "authentication", "type": "authentication_success", "kind": "event"}, "log": {"level": "information"}, "user": {"id": "S-1-5-18", "name": "<pseudonym:387dddca7f9c9fa71c41295d7790d3bcd791cfe79b2dd4843551dfd0bf47acf2>", "domain": "NT AUTHORITY"}}
{"@timestamp": "2019-08-02T09:55:52.000Z", "@metadata": {"beat": "winlogbeat", "type": "_doc", "version": "7.2.0", "topic": "wineventlog_raw"}, "host": {"name": "CLIENT1", "architecture": "x86", "os": {"kernel": "6.1.7601.18741 (win7sp1_gdr.150202-1526)", "build": "7601.0", "platform": "windows", "version": "6.1", "family": "windows", "name": "Windows 7 Professional"}, "id": "19fc45ac-5890-4f96-81b1-50ed111c0ce4", "hostname": "CLIENT1"}, "agent": {"id": "0b755aca-0a9a-454a-9800-1979901962a0", "version": "7.2.0", "type": "winlogbeat", "ephemeral_id": "de845cd9-5141-4c92-ad32-27a4518307e9", "hostname": "CLIENT1"}, "winlog": {"record_id": 2939, "computer_name": "CLIENT1", "event_id": 102, "channel": "Application", "provider_name": "ESENT", "api": "wineventlog", "keywords": ["Classic"], "opcode": "Info", "task": "General", "event_data": {"param4": "0", "param5": "6", "param6": "01", "param7": "7601", "param8": "0000", "param1": "Windows", "param2": "2052", "param3": "Windows: "}}, "event": {"kind": "event", "code": 102, "action": "General", "created": "2019-08-02T09:55:53.374Z"}, "log": {"level": "information"}, "message": "Windows (2052) Windows: The database engine (6.01.7601.0000) started a new instance (0).", "ecs": {"version": "1.0.0"}}
{"@timestamp": "2019-08-02T09:55:55.000Z", "@metadata": {"beat": "winlogbeat", "type": "_doc", "version": "7.2.0", "topic": "wineventlog_raw"}, "ecs": {"version": "1.0.0"}, "host": {"name": "CLIENT1", "architecture": "x86", "os": {"name": "Windows 7 Professional", "kernel": "6.1.7601.18741 (win7sp1_gdr.150202-1526)", "build": "7601.0", "platform": "windows", "version": "6.1", "family": "windows"}, "id": "19fc45ac-5890-4f96-81b1-50ed111c0ce4", "hostname": "CLIENT1"}, "event": {"code": 1003, "action": "Search service", "created": "2019-08-02T09:55:55.393Z", "kind": "event"}, "log": {"level": "information"}, "message": "The Windows Search Service started.", "winlog": {"event_data": {"ExtraInfo": ""}, "api": "wineventlog", "channel": "Application", "record_id": 2943, "task": "Search service", "provider_name": "Microsoft-Windows-Search", "event_id": 1003, "computer_name": "CLIENT1", "keywords": ["Classic"], "provider_guid": "{CA4E628D-8567-4896-AB6B-835B221F373F}"}, "agent": {"version": "7.2.0", "type": "winlogbeat", "ephemeral_id": "de845cd9-5141-4c92-ad32-27a4518307e9", "hostname": "CLIENT1", "id": "0b755aca-0a9a-454a-9800-1979901962a0"}}
{"@timestamp": "2019-08-02T09:57:11.711Z", "@metadata": {"beat": "winlogbeat", "type": "_doc", "version": "7.2.0", "topic": "wineventlog_raw"}, "log": {"level": "information"}, "message": "The Microsoft .NET Framework NGEN v4.0.30319_X86 service entered the stopped state.", "ecs": {"version": "1.0.0"}, "host": {"name": "CLIENT1", "id": "19fc45ac-5890-4f96-81b1-50ed111c0ce4", "hostname": "CLIENT1", "architecture": "x86", "os": {"platform": "windows", "version": "6.1", "family": "windows", "name": "Windows 7 Professional", "kernel": "6.1.7601.18741 (win7sp1_gdr.150202-1526)", "build": "7601.0"}}, "agent": {"hostname": "CLIENT1", "id": "0b755aca-0a9a-454a-9800-1979901962a0", "version": "7.2.0", "type": "winlogbeat", "ephemeral_id": "de845cd9-5141-4c92-ad32-27a4518307e9"}, "winlog": {"record_id": 11768, "task": "", "event_data": {"param1": "Microsoft .NET Framework NGEN v4.0.30319_X86", "param2": "stopped", "Binary": "63006C0072005F006F007000740069006D0069007A006100740069006F006E005F00760034002E0030002E00330030003300310039005F00330032002F0031000000"}, "channel": "System", "provider_name": "Service Control Manager", "keywords": ["Classic"], "event_id": 7036, "api": "wineventlog", "provider_guid": "{555908d1-a6d7-4695-8e1e-26931d2012f4}", "process": {"pid": 440, "thread": {"id": 1856}}, "computer_name": "CLIENT1"}, "event": {"created": "2019-08-02T09:57:13.108Z", "kind": "event", "code": 7036}}
{"pseudonym": "e887f3a09fdddf7c81a563b81f90ed9499d86badaa6173d1aa197a2b544d13b1", "origin": "rihqXQvYtIxWyyUOBnSEqDoIFHhe3f92sJbnxeoeb93arEzi/km8Obtc1xLvF0RQIhx84PiY0DAqCkaINQDqLtGqbIsKb5KPhemivK+KorTP8OQNy0/O3e/Sd/jQXZ7arWON4j64ckmEJIHVYGdkMXI/Q76aeBLceGMcHmjiEvbAHvus9DPcIEfoVXTQR2ciQSkjXaTGWLJVyod5WS0jX2z5xU6Q2v6LS1D238wj24ikygJhR+TnsO58B10DiZmIyiHp4gzjpa3u7hRu3M75vmo4/8DWEGrJ3tDE0YZmSTkkswkMvHxH+tYhsOXS6QsuWVQtDGacMUMFATIx83IAYGj6cNeqUJfOM4HkXcVGXqQ="}
{"pseudonym": "cd1a3afeeac92cb813605e21e464de7db0ca53fa0190d3a1372a46f60ddd0712", "origin": "jRxq4PZQKL2j1u1WrBfBgsHfJCPWDlXtfzc2BDAcgQFLg+3x5dZnhjA+f2zoNTHQTAlTPWhuvvFWyG9/FJTHhilMtK39d5d8szSXo8/7B2iWhuegMA0kAGWVWWnJl8yn452CmTQlWm1LgDgdlw+8Ki01CSgafQWDiSypjZ2LZmEMBr2iS0XIAsJuroFCgy6nYLa7iQn0ruDjKreDcVta16szHn96zXADHJUO5ToBLL/+M5EIqiHWqZfAsSzE41wm4xgKT4heRnHSbDDLjI4Rlzi8g2BLU5dpbRb6G8LeAMmvYu+D2af6i6EMqCHODNIdix2V5mLZacovIlHqF9PIDCOTOr+MhgOSdIoo8Imivdg="}
{"@timestamp": "2019-08-02T10:15:05.451Z", "@metadata": {"beat": "winlogbeat", "type": "_doc", "version": "7.2.0", "topic": "wineventlog_raw"}, "log": {"level": "information"}, "message": "The system time was changed.\n\nSubject:\n\tSecurity ID:\t\tS-1-5-18\n\tAccount Name:\t\tCLIENT1$\n\tAccount Domain:\t\tWORKGROUP\n\tLogon ID:\t\t0x3e7\n\nProcess Information:\n\tProcess ID:\t0x5b4\n\tName:\t\tC:\\Program Files\\NetTime\\NetTimeService.exe\n\nPrevious Time:\t\t\u200e2019\u200e-\u200e08\u200e-\u200e02T10:15:06.124132000Z\nNew Time:\t\t\u200e2019\u200e-\u200e08\u200e-\u200e02T10:15:05.451000000Z\n\nThis event is generated when the system time is changed. It is normal for the Windows Time Service, which runs with System privilege, to change the system time on a regular basis. Other system time changes may be indicative of attempts to tamper with the computer.", "agent": {"id": "0b755aca-0a9a-454a-9800-1979901962a0", "version": "7.2.0", "type": "winlogbeat", "ephemeral_id": "de845cd9-5141-4c92-ad32-27a4518307e9", "hostname": "CLIENT1"}, "ecs": {"version": "1.0.0"}, "host": {"os": {"version": "6.1", "family": "windows", "name": "Windows 7 Professional", "kernel": "6.1.7601.18741 (win7sp1_gdr.150202-1526)", "build": "7601.0", "platform": "windows"}, "id": "19fc45ac-5890-4f96-81b1-50ed111c0ce4", "hostname": "CLIENT1", "name": "CLIENT1", "architecture": "x86"}, "winlog": {"opcode": "Info", "version": 1, "task": "Security State Change", "process": {"pid": 4, "thread": {"id": 60}}, "keywords": ["Audit Success"], "record_id": 4702, "computer_name": "CLIENT1", "event_data": {"ProcessId": "0x5b4", "ProcessName": "C:\\Program Files\\NetTime\\NetTimeService.exe", "SubjectUserSid": "<pseudonym:cd1a3afeeac92cb813605e21e464de7db0ca53fa0190d3a1372a46f60ddd0712>", "SubjectUserName": "<pseudonym:e887f3a09fdddf7c81a563b81f90ed9499d86badaa6173d1aa197a2b544d13b1>", "SubjectDomainName": "WORKGROUP", "SubjectLogonId": "0x3e7", "PreviousTime": "2019-08-02T10:15:06.124132000Z", "NewTime": "2019-08-02T10:15:05.451000000Z"}, "channel": "Security", "event_id": 4616, "api": "wineventlog", "provider_guid": "{54849625-5478-4994-A5BA-3E3B0328C30D}", "provider_name": "Microsoft-Windows-Security-Auditing"}, "event": {"created": "2019-08-02T10:15:07.859Z", "kind": "event", "code": 4616, "action": "Security State Change"}}
{"@timestamp": "2019-08-02T10:25:30.580Z", "@metadata": {"beat": "winlogbeat", "type": "_doc", "version": "7.2.0", "topic": "wineventlog_raw"}, "message": "The SPP Notification Service service entered the running state.", "host": {"hostname": "CLIENT1", "architecture": "x86", "os": {"family": "windows", "name": "Windows 7 Professional", "kernel": "6.1.7601.18741 (win7sp1_gdr.150202-1526)", "build": "7601.0", "platform": "windows", "version": "6.1"}, "id": "19fc45ac-5890-4f96-81b1-50ed111c0ce4", "name": "CLIENT1"}, "agent": {"id": "0b755aca-0a9a-454a-9800-1979901962a0", "version": "7.2.0", "type": "winlogbeat", "ephemeral_id": "de845cd9-5141-4c92-ad32-27a4518307e9", "hostname": "CLIENT1"}, "ecs": {"version": "1.0.0"}, "winlog": {"computer_name": "CLIENT1", "channel": "System", "provider_guid": "{555908d1-a6d7-4695-8e1e-26931d2012f4}", "process": {"thread": {"id": 1000}, "pid": 440}, "event_data": {"param1": "SPP Notification Service", "param2": "running", "Binary": "730070007000750069006E006F0074006900660079002F0034000000"}, "provider_name": "Service Control Manager", "record_id": 11788, "api": "wineventlog", "event_id": 7036, "keywords": ["Classic"], "task": ""}, "event": {"created": "2019-08-02T10:25:32.301Z", "kind": "event", "code": 7036}, "log": {"level": "information"}}
{"@timestamp": "2019-08-02T10:41:23.701Z", "@metadata": {"beat": "winlogbeat", "type": "_doc", "version": "7.2.0", "topic": "wineventlog_raw"}, "event": {"code": 7036, "created": "2019-08-02T10:41:24.766Z", "kind": "event"}, "agent": {"hostname": "CLIENT1", "id": "0b755aca-0a9a-454a-9800-1979901962a0", "version": "7.2.0", "type": "winlogbeat", "ephemeral_id": "de845cd9-5141-4c92-ad32-27a4518307e9"}, "ecs": {"version": "1.0.0"}, "host": {"id": "19fc45ac-5890-4f96-81b1-50ed111c0ce4", "name": "CLIENT1", "hostname": "CLIENT1", "architecture": "x86", "os": {"version": "6.1", "family": "windows", "name": "Windows 7 Professional", "kernel": "6.1.7601.18741 (win7sp1_gdr.150202-1526)", "build": "7601.0", "platform": "windows"}}, "log": {"level": "information"}, "message": "The Disk Defragmenter service entered the stopped state.", "winlog": {"task": "", "provider_guid": "{555908d1-a6d7-4695-8e1e-26931d2012f4}", "event_data": {"param1": "Disk Defragmenter", "param2": "stopped", "Binary": "6400650066007200610067007300760063002F0031000000"}, "provider_name": "Service Control Manager", "channel": "System", "record_id": 11794, "process": {"pid": 440, "thread": {"id": 2284}}, "computer_name": "CLIENT1", "event_id": 7036, "api": "wineventlog", "keywords": ["Classic"]}}
