{"@timestamp": "2019-08-02T09:47:29.000Z", "@metadata": {"beat": "winlogbeat", "type": "_doc", "version": "7.2.0", "topic": "wineventlog_raw"}, "ecs": {"version": "1.0.0"}, "host": {"architecture": "x86", "os": {"name": "Windows 7 Professional", "kernel": "6.1.7601.18741 (win7sp1_gdr.150202-1526)", "build": "7601.0", "platform": "windows", "version": "6.1", "family": "windows"}, "name": "CLIENT1", "id": "19fc45ac-5890-4f96-81b1-50ed111c0ce4", "hostname": "CLIENT1"}, "winlog": {"record_id": 2907, "task": "", "event_id": 4101, "computer_name": "CLIENT1", "provider_guid": "{DBE9B383-7CF3-4331-91CC-A3CB16A3B538}", "channel": "Application", "api": "wineventlog", "keywords": ["Classic"], "event_data": {"param1": "0x00000000", "param2": "0x00000001"}, "provider_name": "Microsoft-Windows-Winlogon"}, "event": {"kind": "event", "code": 4101, "created": "2019-08-02T09:55:12.182Z"}, "log": {"level": "information"}, "message": "Windows license validated.", "agent": {"type": "winlogbeat", "ephemeral_id": "de845cd9-5141-4c92-ad32-27a4518307e9", "hostname": "CLIENT1", "id": "0b755aca-0a9a-454a-9800-1979901962a0", "version": "7.2.0"}}
{"pseudonym": "cd1a3afeeac92cb813605e21e464de7db0ca53fa0190d3a1372a46f60ddd0712", "origin": "hwAT9FHLEGzdciYSpFuZuoqexQ6t/T76na2NIyu6afm6ggiuRKQZEERaIIUWDst4eadT8eRV++ictmQYk14H5YIWs7ubJpGz2tmj7IR5Ax8wUq6/7mTBpWqzhZovmlCjQRI+X3WP6kxFP/neIJOA1BTUv2x6p5ZsKLifoT83ZnurvgMIXLjKH2BCLCLdnCj4xazeaEYE9tgeK1do7ClbRidIaTbQS+tv0ltjNVlAK/snFrtva3cOrFDyd/KWHQH3u0ln2KaXskDdpProHv0Z8qwxjkTnamr4Udy/YrYDKosAVltlUwFGGnijUEBJ6JrVVuhm5IIgJXWtHoxlvAxD8hknu6bOMsQAhUhTAzpqgT4="}
{"@timestamp": "2019-08-02T09:54:23.521Z", "@metadata": {"beat": "winlogbeat", "type": "_doc", "version": "7.2.0", "topic": "wineventlog_raw"}, "message": "The User Profile Service has stopped.  ", "winlog": {"provider_guid": "{89B1E9F0-5AFF-44A6-9B44-0A07A7CE5845}", "process": {"pid": 772, "thread": {"id": 908}}, "opcode": "Info", "user": {"identifier": "<pseudonym:cd1a3afeeac92cb813605e21e464de7db0ca53fa0190d3a1372a46f60ddd0712>", "name": "SYSTEM", "domain": "NT AUTHORITY", "type": "User"}, "api": "wineventlog", "computer_name": "CLIENT1", "channel": "Application", "provider_name": "Microsoft-Windows-User Profiles Service", "record_id": 2925, "task": "", "event_id": 1532}, "event": {"kind": "event", "code": 1532, "created": "2019-08-02T09:55:12.182Z"}, "log": {"level": "information"}, "agent": {"hostname": "CLIENT1", "id": "0b755aca-0a9a-454a-9800-1979901962a0", "version": "7.2.0", "type": "winlogbeat", "ephemeral_id": "de845cd9-5141-4c92-ad32-27a4518307e9"}, "ecs": {"version": "1.0.0"}, "host": {"os": {"platform": "windows", "version": "6.1", "family": "windows", "name": "Windows 7 Professional", "kernel": "6.1.7601.18741 (win7sp1_gdr.150202-1526)", "build": "7601.0"}, "id": "19fc45ac-5890-4f96-81b1-50ed111c0ce4", "name": "CLIENT1", "hostname": "CLIENT1", "architecture": "x86"}}
{"pseudonym": "e887f3a09fdddf7c81a563b81f90ed9499d86badaa6173d1aa197a2b544d13b1", "origin": "j/5jmIt/NFlLr0BOBWhX+g1Ie4VhdMibF5aL2cMarDM96kOo7wFjiiSFE42lwU+8dJNlQxgpWjfrolM5gkDVhGFrNhEV+bH6KEhXft++lHsAYG0/cKdhjL7tM26vUcD99Qr2QFXh4rTOdvIxGZgpTsNdS1oIj5Oa3SK6P98NUgIRG5sL8BhoThOMMEfSzzoz2Vx9htj1//+OEiP+QVbRx4oLdojAKuH98FrimUD7bvJrYp86LjYxHXdeV5f4B+r0/e1nFvIq5/owSFH+uRauRIu7fCP0ByGp6IMgFWzLum+18sZKEsJPLunaMl2yAFpV+jnllUbCr1JcdLWr0do9bU4yMFw7Yj7PSe4xD99btg8="}
{"pseudonym": "f119e812403f34bc9c93a15392e371bd51bfd51f59deda80c5caac2a6f172b3c", "origin": "BUQmnD216YStTfIOqqdLs5rPndHbKrL0UTVSbg94FyTGCurvUVOCsL1byJnCwmpkiWbN/8ZByIpWtSfNAsT+qZBEMHUS18O9A/3ddBa+Ks63gQIC9efVH17ZHDQbisa+Mh4bXOWGVxo3/tmEQdcPkHLoUEzGNNiG39zPNHeBtIlZZRhLQz69iTLL40rjeKFOKSae9WCooWStGy91vBUd9WBh4Ke0u0ee+sHjvQ5ULe7DO0olMgbXpRUaiNRUw3pfqTPUJBhke9FTN9w/nF8EctdD0BiOF4DkXWx9Yzibgu1+iEnEAkeY8HmsXKPdYSg/Mo8tpmwStFcimPfhAZijzKwVTUTnsCQy0IbJ8HVA"}
{"pseudonym": "cd1a3afeeac92cb813605e21e464de7db0ca53fa0190d3a1372a46f60ddd0712", "origin": "R6gwywUJUTsUdZjRgUTE1jDZ18ZM8QVuhW50OcUUjD7hkmiaVXsWtzFO/FO59aVk1Mk0+cRESYTeveE9oG38b9e+lVYjA/RGAhPCvp1D/fdASuCw4jci+JRWToj0IL3JR+Oc0cshU6INHuXE8rFbTC6LLChw38cRrrgMOnEj7USwu+SZ+OyFicvC3NRdRvgV3vaAaSl1jk1Hwk4je7300m99IW30xJdqIWF5+3JrY5cUdhSUbN36aWFs5TG66pGTIVLSClViXSdkSjLpRjUx6Dn5I67+y5FK088hM7o7Us7MqDi6hb4wTSiwUYo5XptD7C5PEHBxg7m2UMKPXeI/+XtEUD5XVXi+YS1mdxC4Ayk="}
{"@timestamp": "2019-08-02T09:47:28.599Z", "@metadata": {"beat": "winlogbeat", "type": "_doc", "version": "7.2.0", "topic": "wineventlog_raw"}, "log": {"level": "information"}, "message": "A logon was attempted using explicit credentials.\n\nSubject:\n\tSecurity ID:\t\tS-1-5-18\n\tAccount Name:\t\tCLIENT1$\n\tAccount Domain:\t\tWORKGROUP\n\tLogon ID:\t\t0x3e7\n\tLogon GUID:\t\t{00000000-0000-0000-0000-000000000000}\n\nAccount Whose Credentials Were Used:\n\tAccount Name:\t\tbreach\n\tAccount Domain:\t\tCLIENT1\n\tLogon GUID:\t\t{00000000-0000-0000-0000-000000000000}\n\nTarget Server:\n\tTarget Server Name:\tlocalhost\n\tAdditional Information:\tlocalhost\n\nProcess Information:\n\tProcess ID:\t\t0x17c\n\tProcess Name:\t\tC:\\Windows\\System32\\winlogon.exe\n\nNetwork Information:\n\tNetwork Address:\t127.0.0.1\n\tPort:\t\t\t0\n\nThis event is generated when a process attempts to log on an account by explicitly specifying that account\u2019s credentials.  This most commonly occurs in batch-type configurations such as scheduled tasks, or when using the RUNAS command.", "user": {"name": "<pseudonym:f119e812403f34bc9c93a15392e371bd51bfd51f59deda80c5caac2a6f172b3c>", "domain": "CLIENT1"}, "process": {"pid": 380, "executable": "C:\\Windows\\System32\\winlogon.exe", "name": "winlogon.exe"}, "source": {"ip": "127.0.0.1", "port": 0}, "agent": {"ephemeral_id": "de845cd9-5141-4c92-ad32-27a4518307e9", "hostname": "CLIENT1", "id": "0b755aca-0a9a-454a-9800-1979901962a0", "version": "7.2.0", "type": "winlogbeat"}, "event": {"created": "2019-08-02T09:55:12.183Z", "kind": "event", "code": 4648, "action": "Logon", "category": "authentication", "type": "authentication_success"}, "ecs": {"version": "1.0.0"}, "host": {"name": "CLIENT1", "architecture": "x86", "os": {"name": "Windows 7 Professional", "kernel": "6.1.7601.18741 (win7sp1_gdr.150202-1526)", "build": "7601.0", "platform": "windows", "version": "6.1", "family": "windows"}, "id": "19fc45ac-5890-4f96-81b1-50ed111c0ce4", "hostname": "CLIENT1"}, "winlog": {"event_id": 4648, "keywords": ["Audit Success"], "provider_guid": "{54849625-5478-4994-A5BA-3E3B0328C30D}", "process": {"pid": 448, "thread": {"id": 496}}, "provider_name": "Microsoft-Windows-Security-Auditing", "task": "Logon", "computer_name": "CLIENT1", "event_data": {"TargetLogonGuid": "{00000000-0000-0000-0000-000000000000}", "TargetServerName": "localhost", "LogonGuid": "{00000000-0000-0000-0000-000000000000}", "SubjectUserName": "<pseudonym:e887f3a09fdddf7c81a563b81f90ed9499d86badaa6173d1aa197a2b544d13b1>", "SubjectUserSid": "<pseudonym:cd1a3afeeac92cb813605e21e464de7db0ca53fa0190d3a1372a46f60ddd0712>", "SubjectLogonId": "0x3e7", "SubjectDomainName": "WORKGROUP", "TargetInfo": "localhost"}, "channel": "Security", "record_id": 4660, "api": "wineventlog", "opcode": "Info"}}
{"pseudonym": "387dddca7f9c9fa71c41295d7790d3bcd791cfe79b2dd4843551dfd0bf47acf2", "origin": "qiFtLr/cqc7FAzEIRU5KlYBsWI9NFle4wnKbQwSjm7cQk9IaIDeUmq2tDGfPm4sqhf2WrpWoQluanvVLYRvL2Ux0C8SYFrlIRkiwdQMf1DnmztWdGY6W2TFVP3tNmg6sxn5FzGbhVWAz71drM1dO/Mn9phRdaiobBPsce6UO3pJ1+L0KDGUKypcAaiICei2O3C4ZEZmW3ZRieZGGDGIpySPO967cvL+4cmy4ohXxb1Q0cHjacpL8uuQTEQbDgi06r3GnnZ5nc9p6+y5rsmWTM8ooAEAIZI0F6j7/djIgZy39gBBv7z8P3ONO99bm2SLPHaIOfPsR6Z+Ra/IDYe7++IlmVO8WtnQbFXq3qBrY"}
{"pseudonym": "cd1a3afeeac92cb813605e21e464de7db0ca53fa0190d3a1372a46f60ddd0712", "origin": "NN9f3wLYa0XCtWBEb4ufihJjNRd1Ixj0HGm0j4ndniUsRk8nWeoi1yE9/kY0n1SZDTCYEXw6haEsjjTJnjWdyE6a4SpCrcNCuWpFT5z2/YLPZfdo6Bza51bSR1qO7E0YSnFGP8MwggwqEofbQ/JSHIqAxJQLReGmJa5pSVRes1YbrI3FnzdPszmZC8YIS2n5rGr5s1o8Jq0ihicGCBFZCwKIqWwv9jpBNwdALQBGywCqAqxU6TYSdG7MG6hpZoQE/tihj8xAv/SW6Ry+ZC0Io40I4Yygopup0fpmwsGkfXeETGsGCvZwV0uloP+gOQTP5H37Qcl21zVxjXi8Xt22NEyubdmNq8G6n5zd1Xqc6bQ="}
{"@timestamp": "2019-08-02T09:48:55.871Z", "@metadata": {"beat": "winlogbeat", "type": "_doc", "version": "7.2.0", "topic": "wineventlog_raw"}, "message": "Special privileges assigned to new logon.\n\nSubject:\n\tSecurity ID:\t\tS-1-5-18\n\tAccount Name:\t\tSYSTEM\n\tAccount Domain:\t\tNT AUTHORITY\n\tLogon ID:\t\t0x3e7\n\nPrivileges:\t\tSeAssignPrimaryTokenPrivilege\n\t\t\tSeTcbPrivilege\n\t\t\tSeSecurityPrivilege\n\t\t\tSeTakeOwnershipPrivilege\n\t\t\tSeLoadDriverPrivilege\n\t\t\tSeBackupPrivilege\n\t\t\tSeRestorePrivilege\n\t\t\tSeDebugPrivilege\n\t\t\tSeAuditPrivilege\n\t\t\tSeSystemEnvironmentPrivilege\n\t\t\tSeImpersonatePrivilege", "agent": {"type": "winlogbeat", "ephemeral_id": "de845cd9-5141-4c92-ad32-27a4518307e9", "hostname": "CLIENT1", "id": "0b755aca-0a9a-454a-9800-1979901962a0", "version": "7.2.0"}, "ecs": {"version": "1.0.0"}, "host": {"id": "19fc45ac-5890-4f96-81b1-50ed111c0ce4", "hostname": "CLIENT1", "name": "CLIENT1", "architecture": "x86", "os": {"platform": "windows", "version": "6.1", "family": "windows", "name": "Windows 7 Professional", "kernel": "6.1.7601.18741 (win7sp1_gdr.150202-1526)", "build": "7601.0"}}, "winlog": {"computer_name": "CLIENT1", "keywords": ["Audit Success"], "event_id": 4672, "task": "Special Logon", "channel": "Security", "record_id": 4666, "provider_guid": "{54849625-5478-4994-A5BA-3E3B0328C30D}", "process": {"pid": 448, "thread": {"id": 504}}, "opcode": "Info", "event_data": {"SubjectUserName": "<pseudonym:387dddca7f9c9fa71c41295d7790d3bcd791cfe79b2dd4843551dfd0bf47acf2>", "SubjectDomainName": "NT AUTHORITY", "SubjectLogonId": "0x3e7", "PrivilegeList": "SeAssignPrimaryTokenPrivilege\n\t\t\tSeTcbPrivilege\n\t\t\tSeSecurityPrivilege\n\t\t\tSeTakeOwnershipPrivilege\n\t\t\tSeLoadDriverPrivilege\n\t\t\tSeBackupPrivilege\n\t\t\tSeRestorePrivilege\n\t\t\tSeDebugPrivilege\n\t\t\tSeAuditPrivilege\n\t\t\tSeSystemEnvironmentPrivilege\n\t\t\tSeImpersonatePrivilege", "SubjectUserSid": "<pseudonym:cd1a3afeeac92cb813605e21e464de7db0ca53fa0190d3a1372a46f60ddd0712>"}, "provider_name": "Microsoft-Windows-Security-Auditing", "api": "wineventlog"}, "event": {"code": 4672, "action": "Special Logon", "created": "2019-08-02T09:55:12.183Z", "kind": "event"}, "log": {"level": "information"}}
{"@timestamp": "2019-08-02T09:54:52.937Z", "@metadata": {"beat": "winlogbeat", "type": "_doc", "version": "7.2.0", "topic": "wineventlog_raw"}, "message": "Windows is starting up.\n\nThis event is logged when LSASS.EXE starts and the auditing subsystem is initialized.", "host": {"name": "CLIENT1", "id": "19fc45ac-5890-4f96-81b1-50ed111c0ce4", "hostname": "CLIENT1", "architecture": "x86", "os": {"name": "Windows 7 Professional", "kernel": "6.1.7601.18741 (win7sp1_gdr.150202-1526)", "build": "7601.0", "platform": "windows", "version": "6.1", "family": "windows"}}, "agent": {"id": "0b755aca-0a9a-454a-9800-1979901962a0", "version": "7.2.0", "type": "winlogbeat", "ephemeral_id": "de845cd9-5141-4c92-ad32-27a4518307e9", "hostname": "CLIENT1"}, "ecs": {"version": "1.0.0"}, "winlog": {"provider_name": "Microsoft-Windows-Security-Auditing", "computer_name": "CLIENT1", "task": "Security State Change", "channel": "Security", "record_id": 4671, "api": "wineventlog", "opcode": "Info", "provider_guid": "{54849625-5478-4994-A5BA-3E3B0328C30D}", "keywords": ["Audit Success"], "process": {"pid": 448, "thread": {"id": 452}}, "event_id": 4608}, "event": {"created": "2019-08-02T09:55:12.183Z", "kind": "event", "code": 4608, "action": "Security State Change"}, "log": {"level": "information"}}
{"@timestamp": "2019-08-02T09:54:53.937Z", "@metadata": {"beat": "winlogbeat", "type": "_doc", "version": "7.2.0", "topic": "wineventlog_raw"}, "message": "The Per-user audit policy table was created.\n\nNumber of Elements:\t0\nPolicy ID:\t0x5dfb", "agent": {"id": "0b755aca-0a9a-454a-9800-1979901962a0", "version": "7.2.0", "type": "winlogbeat", "ephemeral_id": "de845cd9-5141-4c92-ad32-27a4518307e9", "hostname": "CLIENT1"}, "ecs": {"version": "1.0.0"}, "host": {"name": "CLIENT1", "hostname": "CLIENT1", "architecture": "x86", "os": {"name": "Windows 7 Professional", "kernel": "6.1.7601.18741 (win7sp1_gdr.150202-1526)", "build": "7601.0", "platform": "windows", "version": "6.1", "family": "windows"}, "id": "19fc45ac-5890-4f96-81b1-50ed111c0ce4"}, "winlog": {"process": {"pid": 448, "thread": {"id": 500}}, "api": "wineventlog", "computer_name": "CLIENT1", "keywords": ["Audit Success"], "opcode": "Info", "task": "Audit Policy Change", "event_data": {"PuaCount": "0", "PuaPolicyId": "0x5dfb"}, "provider_guid": "{54849625-5478-4994-A5BA-3E3B0328C30D}", "event_id": 4902, "provider_name": "Microsoft-Windows-Security-Auditing", "record_id": 4673, "channel": "Security"}, "event": {"action": "Audit Policy Change", "created": "2019-08-02T09:55:12.183Z", "kind": "event", "code": 4902}, "log": {"level": "information"}}
{"pseudonym": "e887f3a09fdddf7c81a563b81f90ed9499d86badaa6173d1aa197a2b544d13b1", "origin": "GRVAtOyYX8uj7C6AH6MVtdDwugHPk9r+H6FJfYXkIQ8GDXpfk5aUlMHpKxBxD4GU78wXDy5C7I8/N2GH217s6unbNKmTT7vfGElgXe8EhvKf6pk44ZmZRKfRktIDdp4fP/2+8qZS5ffMHxvfNxeBWkgCG7vzm3xQH6zdKNR0zbe6qodLilxLOzpgCcdzYp7cxnsCsXk3gfF15EC46wFThw87t78SaOVV/MStoVgsybfeZqHCSoO9jLD/BPP66k+aeqfGHL0Ljo/kO0mZloQIJyW5dx3Bc0IKK3ezO/fiBLMd2JWcdmMrXPAG5MuC9jYY9vcXQWxty51AjGmKOIjj/OOHc/xvpfM27rAYmfNoraw="}
{"pseudonym": "387dddca7f9c9fa71c41295d7790d3bcd791cfe79b2dd4843551dfd0bf47acf2", "origin": "uborOHau77U/83LWQPDzE685SjtrSmqPdGb5TGzRWNK2bHY297C/qHkyHDBbYCB4olxvKyfnh+7hc5ZqP7QpOJ00Q7sSLrypgUjL2b4qnXtd08mEoBcBWka6qD1HFl0kvM70VQGhCrkAeUD0Gk25qwAG76ByJ7lLIJHCV4UwXHsqZBAQ7ri8l2L3mu/+ib2QcgY0cgxzJC69flvzbew6eZG9ptsiiR8xEJzMKOfV9/lAwj2m0k479zmSXLuHHIsnjr+96+ffW0j2nOposAXziAjgiMjLgfxe0RX0+WZmGZ8qm1dAnHHkKcTHgbOVf4UHHag0WU0tLUn/ffxinLKkndZpv04IyeycHkn9wO7F"}
{"pseudonym": "cd1a3afeeac92cb813605e21e464de7db0ca53fa0190d3a1372a46f60ddd0712", "origin": "IpAUdICcwuSMOgt9hhUwJ6y8wdpt1hnHlIYRGEFOXR1fkk6NP9wZeWhU/589+jErihjDrFMERdQ/lENEs42Wpv4Bg8npTb5PhUxQd+ApZIDo1bT+C8c8afEA0bAxyH0fbDdJw4JDvR3wcD6PixAdcaYmkw3mZEP5QraLQ8/pv4hNvkxhfj5Riba4u3MYQwyOfcRIy4ljmRgMsPh8NCf0TpbHdQ5hCQvK3eJVQhR5amefagbHJQUILn7L5FyXqeO+jhFFjTOpd51jhFsEOhDpa4Yw2ATnZ04fayqQK0Es8IMajvmd6vADBkL7U0e7rClIgqCroH0lEOyl7e71LLsAEMfUEKwZhi2Gca14+frr6eQ="}
{"pseudonym": "91d121bc503735a145e0e9869d792d26f6b22784210a0daf5b63840be2abf69a", "origin": "rw7nUwJi7jwAAXOP+8f5Z7U2dDseQroXwThbyh17yNu3OXdIMWwteJ6ULvbYLmp9Dc0mxn7Uypq/8COY4aATIkX4QzElPJl83VCuCRn1PMWEx8phDLYaOpS/xRiQR7SWp8xS9pMniCSF+/4IoAjwj3sQ8JFeTu664eVJglaTWXjrfywvWcIl6kTNZuXcp8V+EcIZOGvxTwuwLd2s+IqO9JrYVbUIzbQ81j2U1aybko+TOO5nqKLBY7X2vb3CRAPXkUDNyDsoSchvvfc3BPiUqcRchsKts3ReTkvclBQpk1VzeJQ5d3TL7K0MGLaCgTvskzBzLCmv/jOo+u4HF3y4FRyVNw+VE9gGjw=="}
{"@timestamp": "2019-08-02T09:54:56.156Z", "@metadata": {"beat": "winlogbeat", "type": "_doc", "version": "7.2.0", "topic": "wineventlog_raw"}, "message": "An account was successfully logged on.\n\nSubject:\n\tSecurity ID:\t\tS-1-5-18\n\tAccount Name:\t\tCLIENT1$\n\tAccount Domain:\t\tWORKGROUP\n\tLogon ID:\t\t0x3e7\n\nLogon Type:\t\t\t5\n\nNew Logon:\n\tSecurity ID:\t\tS-1-5-18\n\tAccount Name:\t\tSYSTEM\n\tAccount Domain:\t\tNT AUTHORITY\n\tLogon ID:\t\t0x3e7\n\tLogon GUID:\t\t{00000000-0000-0000-0000-000000000000}\n\nProcess Information:\n\tProcess ID:\t\t0x1b8\n\tProcess Name:\t\tC:\\Windows\\System32\\services.exe\n\nNetwork Information:\n\tWorkstation Name:\t\n\tSource Network Address:\t-\n\tSource Port:\t\t-\n\nDetailed Authentication Information:\n\tLogon Process:\t\tAdvapi  \n\tAuthentication Package:\tNegotiate\n\tTransited Services:\t-\n\tPackage Name (NTLM only):\t-\n\tKey Length:\t\t0\n\nThis event is generated when a logon session is created. It is generated on the computer that was accessed.\n\nThe subject fields indicate the account on the local system which requested the logon. This is most commonly a service such as the Server service, or a local process such as Winlogon.exe or Services.exe.\n\nThe logon type field indicates the kind of logon that occurred. The most common types are 2 (interactive) and 3 (network).\n\nThe New Logon fields indicate the account for whom the new logon was created, i.e. the account that was logged on.\n\nThe network fields indicate where a remote logon request originated. Workstation name is not always available and may be left blank in some cases.\n\nThe authentication information fields provide detailed information about this specific logon request.\n\t- Logon GUID is a unique identifier that can be used to correlate this event with a KDC event.\n\t- Transited services indicate which intermediate services have participated in this logon request.\n\t- Package name indicates which sub-protocol was used among the NTLM protocols.\n\t- Key length indicates the length of the generated session key. This will be 0 if no session key was requested.", "winlog": {"record_id": 4682, "computer_name": "CLIENT1", "api": "wineventlog", "keywords": ["Audit Success"], "opcode": "Info", "channel": "Security", "event_id": 4624, "process": {"thread": {"id": 512}, "pid": 448}, "task": "Logon", "event_data": {"LmPackageName": "-", "AuthenticationPackageName": "Negotiate", "LogonGuid": "{00000000-0000-0000-0000-000000000000}", "SubjectDomainName": "WORKGROUP", "LogonProcessName": "Advapi  ", "SubjectLogonId": "0x3e7", "IpPort": "-", "SubjectUserName": "<pseudonym:e887f3a09fdddf7c81a563b81f90ed9499d86badaa6173d1aa197a2b544d13b1>", "IpAddress": "<pseudonym:91d121bc503735a145e0e9869d792d26f6b22784210a0daf5b63840be2abf69a>", "LogonType": "5", "SubjectUserSid": "<pseudonym:cd1a3afeeac92cb813605e21e464de7db0ca53fa0190d3a1372a46f60ddd0712>", "TargetLogonId": "0x3e7", "KeyLength": "0", "TransmittedServices": "-"}, "provider_name": "Microsoft-Windows-Security-Auditing", "provider_guid": "{54849625-5478-4994-A5BA-3E3B0328C30D}"}, "event": {"kind": "event", "code": 4624, "action": "Logon", "created": "2019-08-02T09:55:12.184Z", "type": "authentication_success", "category": "authentication"}, "user": {"id": "S-1-5-18", "name": "<pseudonym:387dddca7f9c9fa71c41295d7790d3bcd791cfe79b2dd4843551dfd0bf47acf2>", "domain": "NT AUTHORITY"}, "host": {"hostname": "CLIENT1", "name": "CLIENT1", "architecture": "x86", "os": {"kernel": "6.1.7601.18741 (win7sp1_gdr.150202-1526)", "build": "7601.0", "platform": "windows", "version": "6.1", "family": "windows", "name": "Windows 7 Professional"}, "id": "19fc45ac-5890-4f96-81b1-50ed111c0ce4"}, "agent": {"version": "7.2.0", "type": "winlogbeat", "ephemeral_id": "de845cd9-5141-4c92-ad32-27a4518307e9", "hostname": "CLIENT1", "id": "0b755aca-0a9a-454a-9800-1979901962a0"}, "log": {"level": "information"}, "process": {"pid": 440, "executable": "C:\\Windows\\System32\\services.exe", "name": "services.exe"}, "ecs": {"version": "1.0.0"}}
{"pseudonym": "e887f3a09fdddf7c81a563b81f90ed9499d86badaa6173d1aa197a2b544d13b1", "origin": "pZsIWjOtuhRk7Evcao+9Tyu3i4qraNVLwk2NS86TNrjsftrh5cXHq8iw2cj6+6jQVJq7FeYAoG9UE8eq+lV3VdDchxgc628j0+4g+ojjod22QINbO7Ojft268enKp1+eGrk4eRPKM5JDOJpLRAqvFvnjLMTf+0ftYO1JLLI4pdiPHoMO7FZSr/905uBWCBVe6YwsTXLQIqGcD/LDR4UlRx/OHKHpU3vYQqNpTQpSBhFFdE+6qRAC/8a/w7RPkvqEltuZqWiGCuHwCVOQBBcKQ8ODnbdTpKrYUj4vQYr5uFCXNjaE0OGbNynoHcm86JlxjU6A+MxwB+7HJa2H5EY1irFs9fprOJq2V9CkKmOhye8="}
{"pseudonym": "387dddca7f9c9fa71c41295d7790d3bcd791cfe79b2dd4843551dfd0bf47acf2", "origin": "Ns9kiKkSuOLkPrHa8QAc182+ewIkgRt5YnVrSNqh57zhJcBsO5liRH3RiUUgTvwd+XUtfNc4x2UOAug5C4QHIlf8SZ++rGPQMQw7DAgfQHmmNi773jZuk5XB5VY3D3nnTNx+rPxAryIdf4NYQzzwU3vp9QWC/JvEGhuR17S3KjtG5fRMiVFrRaiqSRGb+nCujB4EkwIoc5avgMz95Z5Vf3AIeZE+USbscfHY8f5OgnWcafepDOyHxcW1bgQHGXMcnlc/HT9mW0C+JCJVe/flM2mLKfTlAXLcg5BUS+PXcSKtkllzG5al0Bdvm6lk8p2gBg03bGLZ7v2Iw5jWNro0N+RSsTxxHl52MDEG8Br9"}
{"pseudonym": "cd1a3afeeac92cb813605e21e464de7db0ca53fa0190d3a1372a46f60ddd0712", "origin": "HlNSFrej5CanGUOit/2seqaNhM9h8YiH9jVjNSjKikqMTqzzF5YlPTbOHFzr7mZ9UgPf2s3W+UhpcA3dWos9Rdm/DA88kDVNmFsd/rEJUgWlkZkfEU5RelF9He/BGAWyNwPF2GFV+kacxOKxk0v1bdnKursXhp6ASoDUl+HFicvmg5CIUFJZFvys/j5wjmBFYlxYYJhnSTlC1chWiQhT+u61y3BKA6p9QdUA7PUlGyqgfEIucoEFVbCDKCOpOdeS0c93fbVwlTpfk1H68TJUjsVmedx2sFPDbPLAbzjbjHidbni1ChdFZgYJx9W4hup6P5H059bdiY1ZN1MBNkvN6mxv7v1z0NRQtqYN03EFTC0="}
{"pseudonym": "91d121bc503735a145e0e9869d792d26f6b22784210a0daf5b63840be2abf69a", "origin": "ZybzWyjGQd0hYCIo63+/862UlDNS0q/6mQi2wkumZJFcGTcsXSj9Za4V05J672uBU7IxMVc8J+jSkJ21G1Xq5Edo02xQRc9x7d7s2O+VegYZIonPoe1HNGTcqd7T+NbrcKnzSD1A7V1mvj4si+7iDm8GiJALr0KQRPOL9V6H62I4aiO5jmD3QgeE9LGKnYopIrqyTrZ4zpLe6fsbrJCCocVg4aEEytoD7/NclIgHauBhhx+VALSjVkMoUsiO3qdSICM/rKho+JqOycN7GIZDUFx2+W57/pVWK1Fw8xo4HVuKw5KzIRiKJf7AGqit6xzLM9wmoe8BfQW5MsBTxqFnECydrSl3QDeUCg=="}
{"@timestamp": "2019-08-02T09:57:12.212Z", "@metadata": {"beat": "winlogbeat", "type": "_doc", "version": "7.2.0", "topic": "wineventlog_raw"}, "process": {"pid": 440, "executable": "C:\\Windows\\System32\\services.exe", "name": "services.exe"}, "host": {"hostname": "CLIENT1", "architecture": "x86", "os": {"version": "6.1", "family": "windows", "name": "Windows 7 Professional", "kernel": "6.1.7601.18741 (win7sp1_gdr.150202-1526)", "build": "7601.0", "platform": "windows"}, "id": "19fc45ac-5890-4f96-81b1-50ed111c0ce4", "name": "CLIENT1"}, "agent": {"hostname": "CLIENT1", "id": "0b755aca-0a9a-454a-9800-1979901962a0", "version": "7.2.0", "type": "winlogbeat", "ephemeral_id": "de845cd9-5141-4c92-ad32-27a4518307e9"}, "winlog": {"event_data": {"KeyLength": "0", "IpAddress": "<pseudonym:91d121bc503735a145e0e9869d792d26f6b22784210a0daf5b63840be2abf69a>", "LogonGuid": "{00000000-0000-0000-0000-000000000000}", "SubjectLogonId": "0x3e7", "SubjectDomainName": "WORKGROUP", "SubjectUserName": "<pseudonym:e887f3a09fdddf7c81a563b81f90ed9499d86badaa6173d1aa197a2b544d13b1>", "IpPort": "-", "LogonProcessName": "Advapi  ", "LmPackageName": "-", "AuthenticationPackageName": "Negotiate", "TransmittedServices": "-", "TargetLogonId": "0x3e7", "LogonType": "5", "SubjectUserSid": "<pseudonym:cd1a3afeeac92cb813605e21e464de7db0ca53fa0190d3a1372a46f60ddd0712>"}, "provider_name": "Microsoft-Windows-Security-Auditing", "record_id": 4697, "keywords": ["Audit Success"], "task": "Logon", "provider_guid": "{54849625-5478-4994-A5BA-3E3B0328C30D}", "process": {"thread": {"id": 3528}, "pid": 448}, "computer_name": "CLIENT1", "opcode": "Info", "event_id": 4624, "channel": "Security", "api": "wineventlog"}, "log": {"level": "information"}, "message": "An account was successfully logged on.\n\nSubject:\n\tSecurity ID:\t\tS-1-5-18\n\tAccount Name:\t\tCLIENT1$\n\tAccount Domain:\t\tWORKGROUP\n\tLogon ID:\t\t0x3e7\n\nLogon Type:\t\t\t5\n\nNew Logon:\n\tSecurity ID:\t\tS-1-5-18\n\tAccount Name:\t\tSYSTEM\n\tAccount Domain:\t\tNT AUTHORITY\n\tLogon ID:\t\t0x3e7\n\tLogon GUID:\t\t{00000000-0000-0000-0000-000000000000}\n\nProcess Information:\n\tProcess ID:\t\t0x1b8\n\tProcess Name:\t\tC:\\Windows\\System32\\services.exe\n\nNetwork Information:\n\tWorkstation Name:\t\n\tSource Network Address:\t-\n\tSource Port:\t\t-\n\nDetailed Authentication Information:\n\tLogon Process:\t\tAdvapi  \n\tAuthentication Package:\tNegotiate\n\tTransited Services:\t-\n\tPackage Name (NTLM only):\t-\n\tKey Length:\t\t0\n\nThis event is generated when a logon session is created. It is generated on the computer that was accessed.\n\nThe subject fields indicate the account on the local system which requested the logon. This is most commonly a service such as the Server service, or a local process such as Winlogon.exe or Services.exe.\n\nThe logon type field indicates the kind of logon that occurred. The most common types are 2 (interactive) and 3 (network).\n\nThe New Logon fields indicate the account for whom the new logon was created, i.e. the account that was logged on.\n\nThe network fields indicate where a remote logon request originated. Workstation name is not always available and may be left blank in some cases.\n\nThe authentication information fields provide detailed information about this specific logon request.\n\t- Logon GUID is a unique identifier that can be used to correlate this event with a KDC event.\n\t- Transited services indicate which intermediate services have participated in this logon request.\n\t- Package name indicates which sub-protocol was used among the NTLM protocols.\n\t- Key length indicates the length of the generated session key. This will be 0 if no session key was requested.", "event": {"category": "authentication", "type": "authentication_success", "kind": "event", "code": 4624, "action": "Logon", "created": "2019-08-02T09:57:13.091Z"}, "user": {"name": "<pseudonym:387dddca7f9c9fa71c41295d7790d3bcd791cfe79b2dd4843551dfd0bf47acf2>", "domain": "NT AUTHORITY", "id": "S-1-5-18"}, "ecs": {"version": "1.0.0"}}
{"@timestamp": "2019-08-02T09:57:11.711Z", "@metadata": {"beat": "winlogbeat", "type": "_doc", "version": "7.2.0", "topic": "wineventlog_raw"}, "host": {"hostname": "CLIENT1", "architecture": "x86", "os": {"build": "7601.0", "platform": "windows", "version": "6.1", "family": "windows", "name": "Windows 7 Professional", "kernel": "6.1.7601.18741 (win7sp1_gdr.150202-1526)"}, "id": "19fc45ac-5890-4f96-81b1-50ed111c0ce4", "name": "CLIENT1"}, "event": {"code": 7036, "created": "2019-08-02T09:57:13.108Z", "kind": "event"}, "log": {"level": "information"}, "message": "The Microsoft .NET Framework NGEN v4.0.30319_X86 service entered the running state.", "winlog": {"task": "", "api": "wineventlog", "provider_guid": "{555908d1-a6d7-4695-8e1e-26931d2012f4}", "event_id": 7036, "record_id": 11767, "channel": "System", "process": {"pid": 440, "thread": {"id": 1856}}, "computer_name": "CLIENT1", "keywords": ["Classic"], "provider_name": "Service Control Manager", "event_data": {"param2": "running", "Binary": "63006C0072005F006F007000740069006D0069007A006100740069006F006E005F00760034002E0030002E00330030003300310039005F00330032002F0034000000", "param1": "Microsoft .NET Framework NGEN v4.0.30319_X86"}}, "agent": {"hostname": "CLIENT1", "id": "0b755aca-0a9a-454a-9800-1979901962a0", "version": "7.2.0", "type": "winlogbeat", "ephemeral_id": "de845cd9-5141-4c92-ad32-27a4518307e9"}, "ecs": {"version": "1.0.0"}}
{"@timestamp": "2019-08-02T09:57:12.150Z", "@metadata": {"beat": "winlogbeat", "type": "_doc", "version": "7.2.0", "topic": "wineventlog_raw"}, "ecs": {"version": "1.0.0"}, "host": {"os": {"build": "7601.0", "platform": "windows", "version": "6.1", "family": "windows", "name": "Windows 7 Professional", "kernel": "6.1.7601.18741 (win7sp1_gdr.150202-1526)"}, "id": "19fc45ac-5890-4f96-81b1-50ed111c0ce4", "name": "CLIENT1", "hostname": "CLIENT1", "architecture": "x86"}, "agent": {"ephemeral_id": "de845cd9-5141-4c92-ad32-27a4518307e9", "hostname": "CLIENT1", "id": "0b755aca-0a9a-454a-9800-1979901962a0", "version": "7.2.0", "type": "winlogbeat"}, "message": "The Windows Time service entered the running state.", "winlog": {"api": "wineventlog", "keywords": ["Classic"], "provider_guid": "{555908d1-a6d7-4695-8e1e-26931d2012f4}", "record_id": 11770, "computer_name": "CLIENT1", "event_data": {"param1": "Windows Time", "param2": "running", "Binary": "570033003200540069006D0065002F0034000000"}, "provider_name": "Service Control Manager", "event_id": 7036, "process": {"thread": {"id": 1856}, "pid": 440}, "channel": "System", "task": ""}, "event": {"code": 7036, "created": "2019-08-02T09:57:13.108Z", "kind": "event"}, "log": {"level": "information"}}
{"pseudonym": "e887f3a09fdddf7c81a563b81f90ed9499d86badaa6173d1aa197a2b544d13b1", "origin": "cGbaTMKlLQlnh4Zx2tuzlwLpOUITU5I7Tws1SpTHY2/snKEJXAkD0Jk6Rzal25tza1+ww8gbR5hJd+y6L9t2OaAblPj1eUDnpaCTZJa9+TgZFNdSZdLFkXU2Z/tuelMLeBHFzyXffHgRhJrAArVZpScBLnLcj7MgJFdLk6yNaZJtR8RHP8EupEDooF6gvR/AeqmUqIGICrtxoUERqPUnmIUmwmo2Vmw9uscJSSWIM5aXN4i4IxSII1W69UHX7sH2/qVCfv3UfNASef9DVT2iINSlCIwmnpeKWFvKUtB0t47LtYt/EIe5xVSp7IlrjZQ8RA9HGyjCOd8WQcI48GdT1JC9K9s07eI///hOMB0zn/Y="}
{"pseudonym": "cd1a3afeeac92cb813605e21e464de7db0ca53fa0190d3a1372a46f60ddd0712", "origin": "EiQh7HdUs0BT2URT8jEhYbG8sqyZlI/AHybnxaWM3aAchvu5yopKkDw3OAYo066RaedkCmwgWt+9MspgSkT1XBcWC/vXPvCMMyO36UY+xU0W0d1sNtu9z1DWOwULqktIelY49SOKM029RZpDzWnn1J9CQ3VV4nZ/BO/yueGNSsEIutDYAyTqbaBiuGZfWUVI+ymPWlghgBAdsxNlxLgfKNZST98dd0wrz2D0ctMFRTu+ngt101+3H90ghhbKl0lmSeEA2kOK6yXC7GthR55nXsmqVoci7a4ZD3Z2oHOm8G7+qhjA9vpJctbCupJIkCZXy97cN1IymFLB2JjnywWn4qFJryrGWtWOUKf8xrCqlgo="}
{"@timestamp": "2019-08-02T10:30:04.798Z", "@metadata": {"beat": "winlogbeat", "type": "_doc", "version": "7.2.0", "topic": "wineventlog_raw"}, "ecs": {"version": "1.0.0"}, "host": {"name": "CLIENT1", "hostname": "CLIENT1", "architecture": "x86", "os": {"platform": "windows", "version": "6.1", "family": "windows", "name": "Windows 7 Professional", "kernel": "6.1.7601.18741 (win7sp1_gdr.150202-1526)", "build": "7601.0"}, "id": "19fc45ac-5890-4f96-81b1-50ed111c0ce4"}, "winlog": {"task": "Security State Change", "provider_guid": "{54849625-5478-4994-A5BA-3E3B0328C30D}", "keywords": ["Audit Success"], "event_data": {"ProcessName": "C:\\Program Files\\NetTime\\NetTimeService.exe", "SubjectUserSid": "<pseudonym:cd1a3afeeac92cb813605e21e464de7db0ca53fa0190d3a1372a46f60ddd0712>", "SubjectUserName": "<pseudonym:e887f3a09fdddf7c81a563b81f90ed9499d86badaa6173d1aa197a2b544d13b1>", "SubjectDomainName": "WORKGROUP", "SubjectLogonId": "0x3e7", "PreviousTime": "2019-08-02T10:30:05.731478300Z", "NewTime": "2019-08-02T10:30:04.798000000Z", "ProcessId": "0x5b4"}, "provider_name": "Microsoft-Windows-Security-Auditing", "record_id": 4706, "opcode": "Info", "version": 1, "channel": "Security", "event_id": 4616, "process": {"pid": 4, "thread": {"id": 60}}, "api": "wineventlog", "computer_name": "CLIENT1"}, "event": {"kind": "event", "code": 4616, "action": "Security State Change", "created": "2019-08-02T10:30:05.143Z"}, "log": {"level": "information"}, "message": "The system time was changed.\n\nSubject:\n\tSecurity ID:\t\tS-1-5-18\n\tAccount Name:\t\tCLIENT1$\n\tAccount Domain:\t\tWORKGROUP\n\tLogon ID:\t\t0x3e7\n\nProcess Information:\n\tProcess ID:\t0x5b4\n\tName:\t\tC:\\Program Files\\NetTime\\NetTimeService.exe\n\nPrevious Time:\t\t\u200e2019\u200e-\u200e08\u200e-\u200e02T10:30:05.731478300Z\nNew Time:\t\t\u200e2019\u200e-\u200e08\u200e-\u200e02T10:30:04.798000000Z\n\nThis event is generated when the system time is changed. It is normal for the Windows Time Service, which runs with System privilege, to change the system time on a regular basis. Other system time changes may be indicative of attempts to tamper with the computer.", "agent": {"ephemeral_id": "de845cd9-5141-4c92-ad32-27a4518307e9", "hostname": "CLIENT1", "id": "0b755aca-0a9a-454a-9800-1979901962a0", "version": "7.2.0", "type": "winlogbeat"}}
{"@timestamp": "2019-08-02T10:51:10.209Z", "@metadata": {"beat": "winlogbeat", "type": "_doc", "version": "7.2.0", "topic": "wineventlog_raw"}, "message": "The Microsoft Software Shadow Copy Provider service entered the stopped state.", "host": {"name": "CLIENT1", "hostname": "CLIENT1", "architecture": "x86", "os": {"name": "Windows 7 Professional", "kernel": "6.1.7601.18741 (win7sp1_gdr.150202-1526)", "build": "7601.0", "platform": "windows", "version": "6.1", "family": "windows"}, "id": "19fc45ac-5890-4f96-81b1-50ed111c0ce4"}, "agent": {"type": "winlogbeat", "ephemeral_id": "de845cd9-5141-4c92-ad32-27a4518307e9", "hostname": "CLIENT1", "id": "0b755aca-0a9a-454a-9800-1979901962a0", "version": "7.2.0"}, "ecs": {"version": "1.0.0"}, "winlog": {"api": "wineventlog", "keywords": ["Classic"], "provider_guid": "{555908d1-a6d7-4695-8e1e-26931d2012f4}", "channel": "System", "event_id": 7036, "process": {"pid": 440, "thread": {"id": 3176}}, "task": "", "computer_name": "CLIENT1", "event_data": {"Binary": "730077007000720076002F0031000000", "param1": "Microsoft Software Shadow Copy Provider", "param2": "stopped"}, "provider_name": "Service Control Manager", "record_id": 11800}, "event": {"kind": "event", "code": 7036, "created": "2019-08-02T10:51:11.180Z"}, "log": {"level": "information"}}
{"pseudonym": "cd1a3afeeac92cb813605e21e464de7db0ca53fa0190d3a1372a46f60ddd0712", "origin": "L+CoLdvkdvFC/PTa/7ftzqKOb1BR52BxrSc9yScVH9KKq9+GBxoj4vY/2ncTvg83X0+Phi46vwe9uO5BbK/tD/Wy3w47l5emrJZFKTmIG9NcN999hIk4Fgl5azBHgn8nPT5T2HUswX2c5FqYjGHP4ByVCkIx+aMlKZfyXsBNj+OuOUgcv32aUWSrHJ1ee4n9oXB0GujT/GfT85yLH/vLEHJ17ANXZSVJPXOCbI7gNiihJiHwfZYgTzYPgT+cHpRyLL+SP2fW1JeLO99yB6tL48CzIdd1nn8wp0rZjhC0istxVL462iOvjSDKTwoqCnGSC7EiXJftOghb1x8qhsKiFcpvl9k2E1CkEnFO1as6Stc="}
{"@timestamp": "2019-08-02T10:55:03.507Z", "@metadata": {"beat": "winlogbeat", "type": "_doc", "version": "7.2.0", "topic": "wineventlog_raw"}, "message": "The system time has changed to \u200e2019\u200e-\u200e08\u200e-\u200e02T10:55:03.507000000Z from \u200e2019\u200e-\u200e08\u200e-\u200e02T10:55:04.526744700Z.", "ecs": {"version": "1.0.0"}, "host": {"name": "CLIENT1", "os": {"platform": "windows", "version": "6.1", "family": "windows", "name": "Windows 7 Professional", "kernel": "6.1.7601.18741 (win7sp1_gdr.150202-1526)", "build": "7601.0"}, "id": "19fc45ac-5890-4f96-81b1-50ed111c0ce4", "hostname": "CLIENT1", "architecture": "x86"}, "agent": {"type": "winlogbeat", "ephemeral_id": "de845cd9-5141-4c92-ad32-27a4518307e9", "hostname": "CLIENT1", "id": "0b755aca-0a9a-454a-9800-1979901962a0", "version": "7.2.0"}, "winlog": {"provider_name": "Microsoft-Windows-Kernel-General", "keywords": ["Time"], "user": {"identifier": "<pseudonym:cd1a3afeeac92cb813605e21e464de7db0ca53fa0190d3a1372a46f60ddd0712>", "name": "SYSTEM", "domain": "NT AUTHORITY", "type": "User"}, "event_data": {"NewTime": "2019-08-02T10:55:03.507000000Z", "OldTime": "2019-08-02T10:55:04.526744700Z"}, "channel": "System", "record_id": 11801, "provider_guid": "{A68CA8B7-004F-D7B6-A698-07E2DE0F1F5D}", "event_id": 1, "task": "", "opcode": "Info", "process": {"pid": 1460, "thread": {"id": 1504}}, "api": "wineventlog", "computer_name": "CLIENT1"}, "event": {"created": "2019-08-02T10:55:07.512Z", "kind": "event", "code": 1}, "log": {"level": "information"}}
{"pseudonym": "cd1a3afeeac92cb813605e21e464de7db0ca53fa0190d3a1372a46f60ddd0712", "origin": "ps88EvYnTbX0hwAyD/3VBKfCzuriXRwM0gSJLWxs0LTfrNTFoj8HUH3R1WywHdOuf22ELwi+yznK8TjuHGFLBqQpIVkBPq2l2nEk4UDHgBquY7UW1tqd+1yGLLprD7EdXtHiFMq1LjNOJuoWpgxQxpNp/jX6Kif8vRCNy1KjeOB/PQD6PJum4nX1odUJ17Zq4xMdB4ExAm8c7jcQVdQwgWIDrvMDcREk5cY/QtjqzI0BZzZV0MKglVxe8geqVXgZMjgVeUTfM8KgPKdDpJlXwesE1jyMV5ewszC52W9wSDmAOugn/eeXzT9ke7605MO4m9DRhvfDMhGQGlQjQuolA/qdE7SNubZijskRX9P5Gas="}
{"@timestamp": "2019-08-02T11:00:03.429Z", "@metadata": {"beat": "winlogbeat", "type": "_doc", "version": "7.2.0", "topic": "wineventlog_raw"}, "ecs": {"version": "1.0.0"}, "host": {"name": "CLIENT1", "os": {"version": "6.1", "family": "windows", "name": "Windows 7 Professional", "kernel": "6.1.7601.18741 (win7sp1_gdr.150202-1526)", "build": "7601.0", "platform": "windows"}, "id": "19fc45ac-5890-4f96-81b1-50ed111c0ce4", "hostname": "CLIENT1", "architecture": "x86"}, "agent": {"version": "7.2.0", "type": "winlogbeat", "ephemeral_id": "de845cd9-5141-4c92-ad32-27a4518307e9", "hostname": "CLIENT1", "id": "0b755aca-0a9a-454a-9800-1979901962a0"}, "winlog": {"computer_name": "CLIENT1", "provider_name": "Microsoft-Windows-Kernel-General", "provider_guid": "{A68CA8B7-004F-D7B6-A698-07E2DE0F1F5D}", "process": {"thread": {"id": 1504}, "pid": 1460}, "user": {"identifier": "<pseudonym:cd1a3afeeac92cb813605e21e464de7db0ca53fa0190d3a1372a46f60ddd0712>", "name": "SYSTEM", "domain": "NT AUTHORITY", "type": "User"}, "channel": "System", "record_id": 11802, "event_id": 1, "task": "", "api": "wineventlog", "keywords": ["Time"], "opcode": "Info", "event_data": {"NewTime": "2019-08-02T11:00:03.429000000Z", "OldTime": "2019-08-02T11:00:04.022376900Z"}}, "event": {"code": 1, "created": "2019-08-02T11:00:05.431Z", "kind": "event"}, "log": {"level": "information"}, "message": "The system time has changed to \u200e2019\u200e-\u200e08\u200e-\u200e02T11:00:03.429000000Z from \u200e2019\u200e-\u200e08\u200e-\u200e02T11:00:04.022376900Z."}
{"pseudonym": "e887f3a09fdddf7c81a563b81f90ed9499d86badaa6173d1aa197a2b544d13b1", "origin": "WSVw16m7oT+TY3yAo3VHAwz3CnYKRVNBOcUC97U4fCgCLvWID8hN5WeJljsea9QOTrXc3rwAnnNMg4FKOyMs9YgVkw2v484yTOO/Q4UqCbPbJx0X/MO1+gYO+Sg/66CPiRk0C/VPPn6lpAp0ix2nLn+ZhtrF7LD9/nQ2ovQZAhU3fugtltwsoEVcpVXOtg1aa6BATyqaJu4UqZpOLloDaPEBrIS2r6PLPXKxAEdLnpFKzRjSS4KMDBcYkUT4mG0K8RbeG+jaA16t5syq2ihbT7dUvMrOhHoAjSI0rEUYhglqsi/1xZLEu0Q5JTRdepDRjelY1bI6rgDdUU+0F0bVArabh9634BzLkQd5BMtDOUE="}
{"pseudonym": "cd1a3afeeac92cb813605e21e464de7db0ca53fa0190d3a1372a46f60ddd0712", "origin": "YvAMSSKrSF9Da9NfbitYXV4qsQFijgffa+84WaU0mmXWFTvT0uR4tUg1lhVdjydJJZKqlZf5UPpOeavxRpxtjEZWTiztUvMZZF7GqfB0z4PW/WM6DItNZd4BMysC70C09AdZsi3jwX4IPZ7SPBQfUYZp+1jFSUt03+fvWOSmXdFL6jaJXd0Naw1OD1wfR0BzwN1MdUGnvTdw8J3iugaZwzmF1HdGfQbuqLt4+q/c0m7oNLMy4u1QZGLLjm0Od0ECReFGGSloCZA+uyGNcCXrifzcb0jldoERwZJWB5dLabcqOji4NCPiMPakJ+MnKQDWSzeWKRVGcalqKc1KAYJYznnZuVZUGqU3Wq6RQQb+Wn0="}
{"@timestamp": "2019-08-02T11:05:03.274Z", "@metadata": {"beat": "winlogbeat", "type": "_doc", "version": "7.2.0", "topic": "wineventlog_raw"}, "agent": {"type": "winlogbeat", "ephemeral_id": "de845cd9-5141-4c92-ad32-27a4518307e9", "hostname": "CLIENT1", "id": "0b755aca-0a9a-454a-9800-1979901962a0", "version": "7.2.0"}, "event": {"action": "Security State Change", "created": "2019-08-02T11:05:05.432Z", "kind": "event", "code": 4616}, "log": {"level": "information"}, "message": "The system time was changed.\n\nSubject:\n\tSecurity ID:\t\tS-1-5-18\n\tAccount Name:\t\tCLIENT1$\n\tAccount Domain:\t\tWORKGROUP\n\tLogon ID:\t\t0x3e7\n\nProcess Information:\n\tProcess ID:\t0x5b4\n\tName:\t\tC:\\Program Files\\NetTime\\NetTimeService.exe\n\nPrevious Time:\t\t\u200e2019\u200e-\u200e08\u200e-\u200e02T11:05:03.958401300Z\nNew Time:\t\t\u200e2019\u200e-\u200e08\u200e-\u200e02T11:05:03.274000000Z\n\nThis event is generated when the system time is changed. It is normal for the Windows Time Service, which runs with System privilege, to change the system time on a regular basis. Other system time changes may be indicative of attempts to tamper with the computer.", "winlog": {"event_id": 4616, "record_id": 4720, "api": "wineventlog", "channel": "Security", "computer_name": "CLIENT1", "keywords": ["Audit Success"], "opcode": "Info", "provider_guid": "{54849625-5478-4994-A5BA-3E3B0328C30D}", "provider_name": "Microsoft-Windows-Security-Auditing", "event_data": {"ProcessName": "C:\\Program Files\\NetTime\\NetTimeService.exe", "SubjectUserSid": "<pseudonym:cd1a3afeeac92cb813605e21e464de7db0ca53fa0190d3a1372a46f60ddd0712>", "SubjectUserName": "<pseudonym:e887f3a09fdddf7c81a563b81f90ed9499d86badaa6173d1aa197a2b544d13b1>", "SubjectDomainName": "WORKGROUP", "SubjectLogonId": "0x3e7", "PreviousTime": "2019-08-02T11:05:03.958401300Z", "NewTime": "2019-08-02T11:05:03.274000000Z", "ProcessId": "0x5b4"}, "task": "Security State Change", "version": 1, "process": {"pid": 4, "thread": {"id": 60}}}, "ecs": {"version": "1.0.0"}, "host": {"name": "CLIENT1", "hostname": "CLIENT1", "architecture": "x86", "os": {"platform": "windows", "version": "6.1", "family": "windows", "name": "Windows 7 Professional", "kernel": "6.1.7601.18741 (win7sp1_gdr.150202-1526)", "build": "7601.0"}, "id": "19fc45ac-5890-4f96-81b1-50ed111c0ce4"}}
{"pseudonym": "e887f3a09fdddf7c81a563b81f90ed9499d86badaa6173d1aa197a2b544d13b1", "origin": "uWVqNt0u/iXo1Ig2cK5FJSzd9JQszepXV8Va6AMofaryC0zkR/WCZvVCraMVlk/lVOekW1OUoptXCuTmg786wsrxkXyFUe1A/L342iBgluxHXmhGkoI3zbRNW7bMsMAN/rlQkoWOBR8h5EGdxCDuMuxzvhyQTmMEK3QAm9Jdxp7+gYh1qCZYTnfz0MBdgVewhu6jvwcnPgC7TZnLkXuxQ1rAFqBVRc1R4CSkt7cOvTfYb9KtCsjqMaGVRGQXKWuY2NDbZujaAgk9yqSU3GUKeLkH45e/RoIo5nDSkvk7sOeg620IH4V96IqjSpEt8Ax/YyYxZaNu8s0U73ijPVgL1KihAS0Mivlk7etBmURL/bc="}
{"pseudonym": "cd1a3afeeac92cb813605e21e464de7db0ca53fa0190d3a1372a46f60ddd0712", "origin": "ja9hop6t9d75nc71TP84oE+pw/JndGemkrcGi8T47Av13ZsAoRUGm7v0F6xvQtAIs0B/1lHE9y0YF6r5iXJoUx3Py8rujmOpnzbNZ2AcGqhSeLsIWwDDrpl30pZeicR2TDLEmNXyaFSoJbbOSmvmVy9lzggyZGiq1jgqSPvn1/Wx60pLe/lNjN6Z2sF+Qso4yQoIeQIK4PomEm7gDdRCVSucIKC4ti2p135pbApUqfXB+oJZWUC1jox9BKTC4EEYorlg8DgrGBsNrfkpzRNWZ5ma7PzGcw8Hrl3QEGCadFH8ea85C6fDCkOfJSQz79j3LWQGsvaYhRV+vx1QPU42HE0tPLz0dQuYPFi1/O1mJew="}
{"@timestamp": "2019-08-02T11:30:02.277Z", "@metadata": {"beat": "winlogbeat", "type": "_doc", "version": "7.2.0", "topic": "wineventlog_raw"}, "message": "The system time was changed.\n\nSubject:\n\tSecurity ID:\t\tS-1-5-18\n\tAccount Name:\t\tCLIENT1$\n\tAccount Domain:\t\tWORKGROUP\n\tLogon ID:\t\t0x3e7\n\nProcess Information:\n\tProcess ID:\t0x5b4\n\tName:\t\tC:\\Program Files\\NetTime\\NetTimeService.exe\n\nPrevious Time:\t\t\u200e2019\u200e-\u200e08\u200e-\u200e02T11:30:03.182359400Z\nNew Time:\t\t\u200e2019\u200e-\u200e08\u200e-\u200e02T11:30:02.275000000Z\n\nThis event is generated when the system time is changed. It is normal for the Windows Time Service, which runs with System privilege, to change the system time on a regular basis. Other system time changes may be indicative of attempts to tamper with the computer.", "ecs": {"version": "1.0.0"}, "host": {"os": {"kernel": "6.1.7601.18741 (win7sp1_gdr.150202-1526)", "build": "7601.0", "platform": "windows", "version": "6.1", "family": "windows", "name": "Windows 7 Professional"}, "id": "19fc45ac-5890-4f96-81b1-50ed111c0ce4", "name": "CLIENT1", "hostname": "CLIENT1", "architecture": "x86"}, "agent": {"version": "7.2.0", "type": "winlogbeat", "ephemeral_id": "de845cd9-5141-4c92-ad32-27a4518307e9", "hostname": "CLIENT1", "id": "0b755aca-0a9a-454a-9800-1979901962a0"}, "winlog": {"provider_name": "Microsoft-Windows-Security-Auditing", "record_id": 4725, "opcode": "Info", "version": 1, "event_data": {"SubjectDomainName": "WORKGROUP", "SubjectLogonId": "0x3e7", "PreviousTime": "2019-08-02T11:30:03.182359400Z", "NewTime": "2019-08-02T11:30:02.275000000Z", "ProcessId": "0x5b4", "ProcessName": "C:\\Program Files\\NetTime\\NetTimeService.exe", "SubjectUserSid": "<pseudonym:cd1a3afeeac92cb813605e21e464de7db0ca53fa0190d3a1372a46f60ddd0712>", "SubjectUserName": "<pseudonym:e887f3a09fdddf7c81a563b81f90ed9499d86badaa6173d1aa197a2b544d13b1>"}, "event_id": 4616, "api": "wineventlog", "task": "Security State Change", "computer_name": "CLIENT1", "keywords": ["Audit Success"], "provider_guid": "{54849625-5478-4994-A5BA-3E3B0328C30D}", "process": {"pid": 4, "thread": {"id": 60}}, "channel": "Security"}, "event": {"action": "Security State Change", "created": "2019-08-02T11:30:04.532Z", "kind": "event", "code": 4616}, "log": {"level": "information"}}
{"pseudonym": "e887f3a09fdddf7c81a563b81f90ed9499d86badaa6173d1aa197a2b544d13b1", "origin": "RYevjDn6lI6p0vhmk4Wjhd5Vkj1hrtNwzuAUzKGePrmvB80HeR1xVDO/Zabze+5j1QfjYO77+4GaS9pBNkWfmr7+NrEw+xg+CTUHKFFSE2Wfyyf7d0XWIjFJ5zfXvsGC2Lpt3Twp+tbjFZQKe8Er1JeWUdYIs6MpiG8QT2uGeWW4WkYNJmvJyMEPbQy1kVeLiAreDvsvJKxtXQuBNu82p+ZTGs6Xq1HtBeULTCFYRljKoYVjMS+5r7YqJqTglJH1f4lVlmTI4f44mapYcqxNIQWQDAd6te/vQr9edwUByupdXlkVo1FQ7YPxFU4B6UXrSXQf+hl0Yiv8Darqog2anaZRHgh8Aa5FMpQ+OIwZ7Q4="}
{"pseudonym": "cd1a3afeeac92cb813605e21e464de7db0ca53fa0190d3a1372a46f60ddd0712", "origin": "nvPusxeZABH8Seh0tQ3vYpx9M/NYsQkDf62kadeYkE2uGAhYx4pPL4Ut4v8aVeFcsdE6Hv1PvaFC6sk0Ve95tzjvGaKbDibo+g2Krsd8XHkNyFKHRGRrOTBI6AaovbY3VLxWxjxnAwC6NnFqNV8j7fqkZBlbR2ubKWSLg9HcvPAo4/pCZ6xA35T87fdjqUKhNR4flCgxh7U5mb9CDDWIW4PrTCsr9yxacZs/qpyMOjElZOAYEbD89hXy6QtBSXxzXF9rv+iMaXUQ2vr8aSwzXrMe5H2Lknui6FI2MmVoyu4aGyqlVbsW9sdK0zOeFBjYJ2GvxK+GvYzi3Q+wWnOx3owshDtusqPLBScja6OwrBw="}
{"@timestamp": "2019-08-02T12:15:00.343Z", "@metadata": {"beat": "winlogbeat", "type": "_doc", "version": "7.2.0", "topic": "wineventlog_raw"}, "host": {"architecture": "x86", "os": {"kernel": "6.1.7601.18741 (win7sp1_gdr.150202-1526)", "build": "7601.0", "platform": "windows", "version": "6.1", "family": "windows", "name": "Windows 7 Professional"}, "id": "19fc45ac-5890-4f96-81b1-50ed111c0ce4", "name": "CLIENT1", "hostname": "CLIENT1"}, "agent": {"ephemeral_id": "de845cd9-5141-4c92-ad32-27a4518307e9", "hostname": "CLIENT1", "id": "0b755aca-0a9a-454a-9800-1979901962a0", "version": "7.2.0", "type": "winlogbeat"}, "message": "The system time was changed.\n\nSubject:\n\tSecurity ID:\t\tS-1-5-18\n\tAccount Name:\t\tCLIENT1$\n\tAccount Domain:\t\tWORKGROUP\n\tLogon ID:\t\t0x3e7\n\nProcess Information:\n\tProcess ID:\t0x5b4\n\tName:\t\tC:\\Program Files\\NetTime\\NetTimeService.exe\n\nPrevious Time:\t\t\u200e2019\u200e-\u200e08\u200e-\u200e02T12:15:00.830873200Z\nNew Time:\t\t\u200e2019\u200e-\u200e08\u200e-\u200e02T12:15:00.343000000Z\n\nThis event is generated when the system time is changed. It is normal for the Windows Time Service, which runs with System privilege, to change the system time on a regular basis. Other system time changes may be indicative of attempts to tamper with the computer.", "winlog": {"version": 1, "event_id": 4616, "task": "Security State Change", "api": "wineventlog", "computer_name": "CLIENT1", "process": {"pid": 4, "thread": {"id": 60}}, "channel": "Security", "provider_name": "Microsoft-Windows-Security-Auditing", "keywords": ["Audit Success"], "opcode": "Info", "provider_guid": "{54849625-5478-4994-A5BA-3E3B0328C30D}", "record_id": 4734, "event_data": {"PreviousTime": "2019-08-02T12:15:00.830873200Z", "NewTime": "2019-08-02T12:15:00.343000000Z", "ProcessId": "0x5b4", "ProcessName": "C:\\Program Files\\NetTime\\NetTimeService.exe", "SubjectUserSid": "<pseudonym:cd1a3afeeac92cb813605e21e464de7db0ca53fa0190d3a1372a46f60ddd0712>", "SubjectUserName": "<pseudonym:e887f3a09fdddf7c81a563b81f90ed9499d86badaa6173d1aa197a2b544d13b1>", "SubjectDomainName": "WORKGROUP", "SubjectLogonId": "0x3e7"}}, "event": {"created": "2019-08-02T12:15:02.704Z", "kind": "event", "code": 4616, "action": "Security State Change"}, "log": {"level": "information"}, "ecs": {"version": "1.0.0"}}
{"pseudonym": "e887f3a09fdddf7c81a563b81f90ed9499d86badaa6173d1aa197a2b544d13b1", "origin": "NEtc+YUVrbtpVnsZvBXGqxjxDw47cYsCjfkNhWMDInCaV8NTrmCl7rklm1/KONql6noP9UG/MHCrW9T2nz3Rwe2irfxAcyhb7np1gN8bqOUG0iiJda5mfZmd8pkwtehq++TKfVf154H0ruPDJx0S6nC07GH8Kp0T9Dg8gIO42hDEUw/bbtifXX35xTcnpJUB4bk4pztcKe+azJ6+FRwKK/uXScRTdpqlStXd7n+UUCD7lAxmx3f4Ro5WBy4kj4OlB82EyAFCl6RXlB5sqLf9F6ToC9DPUoVvEPAPjgTr/o7hSzfFq3qgpBJY0l0Uq+x4qOHGuVXOpXPF3puuyvz04KgaWocH66X+kLr7o6Xu5Kk="}
{"pseudonym": "cd1a3afeeac92cb813605e21e464de7db0ca53fa0190d3a1372a46f60ddd0712", "origin": "Famie0bV1BYLd+ssRQJnKkMLUqFGhqCWDCrwalTm5SUnTBECK6HkxS1HzbTckxX4jccj2ErCtNIHzkS6SRWTSxYN9As2cjXpGdfLeN9fdgmpIxXwkuaHFOo9aGZuIs8uqyUUo8r5LGgpZd5HDV1Q5wEnAilSkDrf/JQEkrZ8kJOOxHJowGDdBSz32kVLNw2gLmkkZwogOxNKTcfJz0VzSVvcTGGMVbetqu+r73/B81p0XVw1KF6hj9zPR5e5POyohFeQr5kiNJETBAndI/kd9lBR09qh7IUshQbc87AB7SuXYW5xQG7un3h0zamlHVNEaWJgbW8vIdHXr3qNgPP7pRzc2B62+hlPkRV5XNRTMME="}
{"@timestamp": "2019-08-02T12:35:01.098Z", "@metadata": {"beat": "winlogbeat", "type": "_doc", "version": "7.2.0", "topic": "wineventlog_raw"}, "message": "The system time was changed.\n\nSubject:\n\tSecurity ID:\t\tS-1-5-18\n\tAccount Name:\t\tCLIENT1$\n\tAccount Domain:\t\tWORKGROUP\n\tLogon ID:\t\t0x3e7\n\nProcess Information:\n\tProcess ID:\t0x5b4\n\tName:\t\tC:\\Program Files\\NetTime\\NetTimeService.exe\n\nPrevious Time:\t\t\u200e2019\u200e-\u200e08\u200e-\u200e02T12:35:01.334310200Z\nNew Time:\t\t\u200e2019\u200e-\u200e08\u200e-\u200e02T12:35:01.098000000Z\n\nThis event is generated when the system time is changed. It is normal for the Windows Time Service, which runs with System privilege, to change the system time on a regular basis. Other system time changes may be indicative of attempts to tamper with the computer.", "agent": {"type": "winlogbeat", "ephemeral_id": "de845cd9-5141-4c92-ad32-27a4518307e9", "hostname": "CLIENT1", "id": "0b755aca-0a9a-454a-9800-1979901962a0", "version": "7.2.0"}, "ecs": {"version": "1.0.0"}, "host": {"name": "CLIENT1", "id": "19fc45ac-5890-4f96-81b1-50ed111c0ce4", "hostname": "CLIENT1", "architecture": "x86", "os": {"version": "6.1", "family": "windows", "name": "Windows 7 Professional", "kernel": "6.1.7601.18741 (win7sp1_gdr.150202-1526)", "build": "7601.0", "platform": "windows"}}, "winlog": {"provider_name": "Microsoft-Windows-Security-Auditing", "keywords": ["Audit Success"], "opcode": "Info", "provider_guid": "{54849625-5478-4994-A5BA-3E3B0328C30D}", "task": "Security State Change", "computer_name": "CLIENT1", "version": 1, "event_id": 4616, "api": "wineventlog", "record_id": 4738, "process": {"pid": 4, "thread": {"id": 60}}, "event_data": {"ProcessId": "0x5b4", "ProcessName": "C:\\Program Files\\NetTime\\NetTimeService.exe", "SubjectUserSid": "<pseudonym:cd1a3afeeac92cb813605e21e464de7db0ca53fa0190d3a1372a46f60ddd0712>", "SubjectUserName": "<pseudonym:e887f3a09fdddf7c81a563b81f90ed9499d86badaa6173d1aa197a2b544d13b1>", "SubjectDomainName": "WORKGROUP", "SubjectLogonId": "0x3e7", "PreviousTime": "2019-08-02T12:35:01.334310200Z", "NewTime": "2019-08-02T12:35:01.098000000Z"}, "channel": "Security"}, "event": {"created": "2019-08-02T12:35:03.113Z", "kind": "event", "code": 4616, "action": "Security State Change"}, "log": {"level": "information"}}
