{"pseudonym": "e887f3a09fdddf7c81a563b81f90ed9499d86badaa6173d1aa197a2b544d13b1", "origin": "NwRXGYfxbcxEGv5IogtYUf0TsnG2KNduguTqBbzTsLJ6+02xXrAhJFPhKWTzLEWCNGXbPmZIs9zT/GvJ5iy1Q80TsGS2S8wdFVgKIiECZ8wXoXcbR808M77tluSTBd2UIqLhImEa/BzCeLXyku4Z1xPYiZkqZ/Af5AazHEm7jrDW7yhtP6MJxpGGZkDshPxhzLE+JwfjZBFjM79GN4PMDpcKZb+jDZ2SODIA83hod5OE6btyJaOO0xamcjDVUzyz5FhihqfPqv6rEckMJCZLo9xw82iuGf78fNmsPxQgYLKmdqYox/0bwKwih4BpwAHxvsmMd86IPeY0gCsL8xSb5leOrMwk/SwRe1hOdv5ki6A="}
{"pseudonym": "cd1a3afeeac92cb813605e21e464de7db0ca53fa0190d3a1372a46f60ddd0712", "origin": "PnBqcQM7h2OFqEb1sMgjUdcMCxzM5/bjY14qeTUp2EXVzVE5ztTcvAWZEO5R/vW2t2uX9Y87i2dbs/ZL4gywMnlm5yFCB53kzweePCXuag3xrh1mGFOaW6j1WptkRFjhHKz3V3dOGwcaPiuR2s13BUmkq2o4K9zmxnmJ81Fr+ckY5Cf+HNTBZDX1YrCsvC2U7CUwOkW4N+LVxpU+6VDSEc1k3wU8BkBVzes6IWNX0gTvWr5vvdgNKEvu9RXai/hVtZ/e4MlArmP59bAFNH5QczkXPyuqyq5yulC9Gn+ZdgWdirjE2+i0mVsSMkQzldKjt4L1SXn/7imr6iPzC2u6IH25pPlwtEHc/th9pLaZWU8="}
{"@timestamp": "2019-07-30T14:27:43.143Z", "@metadata": {"beat": "winlogbeat", "type": "_doc", "version": "7.2.0", "topic": "wineventlog_raw"}, "message": "The system time was changed.\n\nSubject:\n\tSecurity ID:\t\tS-1-5-18\n\tAccount Name:\t\tCLIENT1$\n\tAccount Domain:\t\tWORKGROUP\n\tLogon ID:\t\t0x3e7\n\nProcess Information:\n\tProcess ID:\t0x5b4\n\tName:\t\tC:\\Program Files\\NetTime\\NetTimeService.exe\n\nPrevious Time:\t\t\u200e2019\u200e-\u200e07\u200e-\u200e30T14:27:43.947698800Z\nNew Time:\t\t\u200e2019\u200e-\u200e07\u200e-\u200e30T14:27:43.143000000Z\n\nThis event is generated when the system time is changed. It is normal for the Windows Time Service, which runs with System privilege, to change the system time on a regular basis. Other system time changes may be indicative of attempts to tamper with the computer.", "winlog": {"opcode": "Info", "event_data": {"PreviousTime": "2019-07-30T14:27:43.947698800Z", "NewTime": "2019-07-30T14:27:43.143000000Z", "ProcessId": "0x5b4", "ProcessName": "C:\\Program Files\\NetTime\\NetTimeService.exe", "SubjectUserSid": "<pseudonym:cd1a3afeeac92cb813605e21e464de7db0ca53fa0190d3a1372a46f60ddd0712>", "SubjectUserName": "<pseudonym:e887f3a09fdddf7c81a563b81f90ed9499d86badaa6173d1aa197a2b544d13b1>", "SubjectDomainName": "WORKGROUP", "SubjectLogonId": "0x3e7"}, "channel": "Security", "record_id": 4634, "task": "Security State Change", "provider_guid": "{54849625-5478-4994-A5BA-3E3B0328C30D}", "process": {"pid": 4, "thread": {"id": 60}}, "keywords": ["Audit Success"], "api": "wineventlog", "computer_name": "CLIENT1", "event_id": 4616, "provider_name": "Microsoft-Windows-Security-Auditing", "version": 1}, "event": {"code": 4616, "action": "Security State Change", "created": "2019-08-05T08:54:03.452Z", "kind": "event"}, "log": {"level": "information"}, "ecs": {"version": "1.0.0"}, "host": {"id": "19fc45ac-5890-4f96-81b1-50ed111c0ce4", "name": "CLIENT1", "hostname": "CLIENT1", "architecture": "x86", "os": {"kernel": "6.1.7601.18741 (win7sp1_gdr.150202-1526)", "build": "7601.0", "platform": "windows", "version": "6.1", "family": "windows", "name": "Windows 7 Professional"}}, "agent": {"hostname": "CLIENT1", "id": "0b755aca-0a9a-454a-9800-1979901962a0", "version": "7.2.0", "type": "winlogbeat", "ephemeral_id": "33f6eec2-a7ba-4caa-97b3-ea43b4f5e172"}}
{"pseudonym": "e887f3a09fdddf7c81a563b81f90ed9499d86badaa6173d1aa197a2b544d13b1", "origin": "oXYdXeu1sl6Tb8FE2xt43FgUcGFfuJYC99P+X5T0H0Y/tbqGDxAZ3beF1MsXkM71FHsi+PE0fpea0h4S/ZcIw6F3CkWgSEXcxAbIHK+gxvSUOKyE9LY1xydeg+0WZMgHbs6ii9kE2CII6cf1kbIgKnWZv+rL6wFvbugUKmc7nLYhDykEp4PkoE/VayI0Z6hdiznvfQbEWL8kJlQNtuoST1MMmfNnAp4AvPw8hO9c5YmcXJwu/ts0Z4FgyniuxsG4DqAqaxmUpkfqj1eWcXEntkNSW4KXKlC3uPTP6CDJXK/prkxICxEhxgbgR/wz7mM6eUrS1vNJrZ1+tSbnABpEPQcHwx1kDiqs257+vGjn51k="}
{"pseudonym": "387dddca7f9c9fa71c41295d7790d3bcd791cfe79b2dd4843551dfd0bf47acf2", "origin": "Mg+PAmW+hY14d/hc+U7zDnMBzKr7zMp7zG//ricBOuSqvO7GD4Vasjv5544VxxJ98hkCaZIy34jArzVszmU0WiC43v8LlrCTwRiEkYZ5U54GU5p8NlPwAZdSnSLTyTjUVkg4AkdXsryMy8nEROLf9QCbNlHXx3yrO8w3ki0MB9pohVWiPlLWfcq2xlHerIz2SqsNIgTvwnHp+Zx0/WoRFRFeVoMEPaGsyN2X5WSGEXXmH5VqoM5d8ukKO8sDkTKblJiEyP0DS9iz9uP4GR3PDSJb3BVAgYzIdxEg+2l3csxoL9OU0j6dZGV8hF22BVqYoSLEfTwP2BHx4vP5HeVJZkri03SfJ64z/Br7ZkQP"}
{"pseudonym": "cd1a3afeeac92cb813605e21e464de7db0ca53fa0190d3a1372a46f60ddd0712", "origin": "f5fV3mP4km0GpRmmsm78YTDeGa+MrzzSWvdUOUE4pozYSP0StddpHhMiMqSPylxgUz+S+ZBSQA0DlHrmNVhJGnQRVBZNugF3Lrh4tkD3xGeKIeCLwxlj+WKTFyPLIy9njN/VPZ0edHllvI5i+w498tBeYMGoXBzUaND0BCu7AYsMuOJCKa55GcYSnONEubaz+2D8sPnrxGuEf4IdC+xlqUOzoj5nuA1MyE5PrsFx0syhT7z8xjDsTDi404k3euTj/Hnxdm1MaK3etPPnV1q2Mok+Z8t1p1j4X+rK/mslP6kszMp/sT+O+7GaLMsyE1eE52oQyrR+Q9GoP9mxE5bo7wpY63SmsKJl+NZ+QzoQsH0="}
{"pseudonym": "91d121bc503735a145e0e9869d792d26f6b22784210a0daf5b63840be2abf69a", "origin": "tLBZXBGj7CpNdwmef6oLBEpX8afjotD1i/RkcsOMG80kTPBmOqC2v3Xy8mkhlsiQaCKjpO2dr5XHZCG73JRP7wpcIHOLVVW5qzky2WyrfUDPtw84IBJZ2IiWxqw1onjild8g8oBsbA8F4wPynP+FZN3cC+FV7xXw8g8LhoaPJJx3bjcnAyWoeFgRy7PF15xWTWAvmmsAXLTUh3VTt+x6t0lPltrAEDMKsnMagxzRhSktsUz93nUtJhzkK/DWyFCSWKLUHMJWK65aJv/KM57REGcL4e1W0ZaokzTuQvl0tQUlbd+iSPqjhh0ocwajw8sCt/B0nyyTrLPFrUB8ysBwnPduXdTjZGXF0w=="}
{"@timestamp": "2019-08-02T09:46:39.046Z", "@metadata": {"beat": "winlogbeat", "type": "_doc", "version": "7.2.0", "topic": "wineventlog_raw"}, "event": {"action": "Logon", "created": "2019-08-05T08:54:03.703Z", "kind": "event", "category": "authentication", "type": "authentication_success", "code": 4624}, "user": {"id": "S-1-5-18", "name": "<pseudonym:387dddca7f9c9fa71c41295d7790d3bcd791cfe79b2dd4843551dfd0bf47acf2>", "domain": "NT AUTHORITY"}, "ecs": {"version": "1.0.0"}, "host": {"name": "CLIENT1", "os": {"family": "windows", "name": "Windows 7 Professional", "kernel": "6.1.7601.18741 (win7sp1_gdr.150202-1526)", "build": "7601.0", "platform": "windows", "version": "6.1"}, "id": "19fc45ac-5890-4f96-81b1-50ed111c0ce4", "hostname": "CLIENT1", "architecture": "x86"}, "winlog": {"api": "wineventlog", "provider_name": "Microsoft-Windows-Security-Auditing", "computer_name": "CLIENT1", "opcode": "Info", "process": {"pid": 448, "thread": {"id": 504}}, "event_data": {"SubjectLogonId": "0x3e7", "TargetLogonId": "0x3e7", "IpAddress": "<pseudonym:91d121bc503735a145e0e9869d792d26f6b22784210a0daf5b63840be2abf69a>", "LogonType": "5", "IpPort": "-", "SubjectDomainName": "WORKGROUP", "TransmittedServices": "-", "KeyLength": "0", "SubjectUserName": "<pseudonym:e887f3a09fdddf7c81a563b81f90ed9499d86badaa6173d1aa197a2b544d13b1>", "SubjectUserSid": "<pseudonym:cd1a3afeeac92cb813605e21e464de7db0ca53fa0190d3a1372a46f60ddd0712>", "LmPackageName": "-", "AuthenticationPackageName": "Negotiate", "LogonGuid": "{00000000-0000-0000-0000-000000000000}", "LogonProcessName": "Advapi  "}, "channel": "Security", "task": "Logon", "keywords": ["Audit Success"], "event_id": 4624, "provider_guid": "{54849625-5478-4994-A5BA-3E3B0328C30D}", "record_id": 4656}, "log": {"level": "information"}, "message": "An account was successfully logged on.\n\nSubject:\n\tSecurity ID:\t\tS-1-5-18\n\tAccount Name:\t\tCLIENT1$\n\tAccount Domain:\t\tWORKGROUP\n\tLogon ID:\t\t0x3e7\n\nLogon Type:\t\t\t5\n\nNew Logon:\n\tSecurity ID:\t\tS-1-5-18\n\tAccount Name:\t\tSYSTEM\n\tAccount Domain:\t\tNT AUTHORITY\n\tLogon ID:\t\t0x3e7\n\tLogon GUID:\t\t{00000000-0000-0000-0000-000000000000}\n\nProcess Information:\n\tProcess ID:\t\t0x1b8\n\tProcess Name:\t\tC:\\Windows\\System32\\services.exe\n\nNetwork Information:\n\tWorkstation Name:\t\n\tSource Network Address:\t-\n\tSource Port:\t\t-\n\nDetailed Authentication Information:\n\tLogon Process:\t\tAdvapi  \n\tAuthentication Package:\tNegotiate\n\tTransited Services:\t-\n\tPackage Name (NTLM only):\t-\n\tKey Length:\t\t0\n\nThis event is generated when a logon session is created. It is generated on the computer that was accessed.\n\nThe subject fields indicate the account on the local system which requested the logon. This is most commonly a service such as the Server service, or a local process such as Winlogon.exe or Services.exe.\n\nThe logon type field indicates the kind of logon that occurred. The most common types are 2 (interactive) and 3 (network).\n\nThe New Logon fields indicate the account for whom the new logon was created, i.e. the account that was logged on.\n\nThe network fields indicate where a remote logon request originated. Workstation name is not always available and may be left blank in some cases.\n\nThe authentication information fields provide detailed information about this specific logon request.\n\t- Logon GUID is a unique identifier that can be used to correlate this event with a KDC event.\n\t- Transited services indicate which intermediate services have participated in this logon request.\n\t- Package name indicates which sub-protocol was used among the NTLM protocols.\n\t- Key length indicates the length of the generated session key. This will be 0 if no session key was requested.", "process": {"pid": 440, "executable": "C:\\Windows\\System32\\services.exe", "name": "services.exe"}, "agent": {"version": "7.2.0", "type": "winlogbeat", "ephemeral_id": "33f6eec2-a7ba-4caa-97b3-ea43b4f5e172", "hostname": "CLIENT1", "id": "0b755aca-0a9a-454a-9800-1979901962a0"}}
{"pseudonym": "e887f3a09fdddf7c81a563b81f90ed9499d86badaa6173d1aa197a2b544d13b1", "origin": "sAsRTKDNvZXvBVfnmOEazuEcTmkZ57kwcYXNa6zvhA4BcrLUNQQscG1LuX7esPZ3xIs6VmYLQelMbv02U+jqTEB80a13pJZoT1w2Kh0CbG6Uz8pt/VnSR2Y6kuUrLKJR9D0kUnHvLYC6o18DVbShRPq7QuEFdJKqRRF+jIzGTZkVUnkekdfWPjMUUEeCtAGdD2/tcp3Btvq/iTmK3KNXlaETcyPstjyNB/7sWm1NY7WV/JXIDCDUi20Iirp8w3JtGehHZtqNKMQQSrXAvneElQZ/fgxkgQdhF/6+np7iqu6l1XAdccq59Z+mvG+eqhDctDBKzxRj7gWiwdCYoBw85bqM0+eGxkr+wXKfMSP1Wuk="}
{"pseudonym": "cd1a3afeeac92cb813605e21e464de7db0ca53fa0190d3a1372a46f60ddd0712", "origin": "D/I8E7DBUoR/arDd8OpDdfk5XF5jdmPgIrA7+qo4p1O2p0pV3rp1iHRC9eCLfwZ8v0ewhUsD/72iq/9y8vn9Aib3zFIGu8qkyM5wlQfsG4apbkfJGc4jSo0zi8kComwmxZeJzlZJCkhCpElOlwR4CrPC4p1o1k15RjkHWfLYMj7raejSZzs7K6KmRVHFIx6NLkJDZip9MQKAOK7dhrl2diD+ieXnCudNJGhaKnEpQ8P3TYS5Po0skIaSHwKZAR5Utvpx4HDm4J9z6l+H9nBZv2Mc8BggwMktyczC1axOzfphqUbPwR2jL9mmc4PJV/ByyRMrXSY4Qx50mIp9GP9UehPxSUabLDsiwIT78wWk/08="}
{"@timestamp": "2019-08-05T08:53:51.257Z", "@metadata": {"beat": "winlogbeat", "type": "_doc", "version": "7.2.0", "topic": "wineventlog_raw"}, "host": {"name": "CLIENT1", "architecture": "x86", "os": {"build": "7601.0", "platform": "windows", "version": "6.1", "family": "windows", "name": "Windows 7 Professional", "kernel": "6.1.7601.18741 (win7sp1_gdr.150202-1526)"}, "id": "19fc45ac-5890-4f96-81b1-50ed111c0ce4", "hostname": "CLIENT1"}, "winlog": {"keywords": ["Audit Success"], "provider_guid": "{54849625-5478-4994-A5BA-3E3B0328C30D}", "process": {"thread": {"id": 44}, "pid": 4}, "event_id": 4616, "opcode": "Info", "channel": "Security", "provider_name": "Microsoft-Windows-Security-Auditing", "api": "wineventlog", "version": 1, "event_data": {"ProcessName": "C:\\Program Files\\NetTime\\NetTimeService.exe", "SubjectUserSid": "<pseudonym:cd1a3afeeac92cb813605e21e464de7db0ca53fa0190d3a1372a46f60ddd0712>", "SubjectUserName": "<pseudonym:e887f3a09fdddf7c81a563b81f90ed9499d86badaa6173d1aa197a2b544d13b1>", "SubjectDomainName": "WORKGROUP", "SubjectLogonId": "0x3e7", "PreviousTime": "2019-08-05T08:53:49.390625000Z", "NewTime": "2019-08-05T08:53:51.257000000Z", "ProcessId": "0x58c"}, "record_id": 4690, "task": "Security State Change", "computer_name": "CLIENT1"}, "event": {"created": "2019-08-05T08:54:03.704Z", "kind": "event", "code": 4616, "action": "Security State Change"}, "log": {"level": "information"}, "message": "The system time was changed.\n\nSubject:\n\tSecurity ID:\t\tS-1-5-18\n\tAccount Name:\t\tCLIENT1$\n\tAccount Domain:\t\tWORKGROUP\n\tLogon ID:\t\t0x3e7\n\nProcess Information:\n\tProcess ID:\t0x58c\n\tName:\t\tC:\\Program Files\\NetTime\\NetTimeService.exe\n\nPrevious Time:\t\t\u200e2019\u200e-\u200e08\u200e-\u200e05T08:53:49.390625000Z\nNew Time:\t\t\u200e2019\u200e-\u200e08\u200e-\u200e05T08:53:51.257000000Z\n\nThis event is generated when the system time is changed. It is normal for the Windows Time Service, which runs with System privilege, to change the system time on a regular basis. Other system time changes may be indicative of attempts to tamper with the computer.", "agent": {"ephemeral_id": "33f6eec2-a7ba-4caa-97b3-ea43b4f5e172", "hostname": "CLIENT1", "id": "0b755aca-0a9a-454a-9800-1979901962a0", "version": "7.2.0", "type": "winlogbeat"}, "ecs": {"version": "1.0.0"}}
{"@timestamp": "2019-07-30T14:37:50.655Z", "@metadata": {"beat": "winlogbeat", "type": "_doc", "version": "7.2.0", "topic": "wineventlog_raw"}, "message": "The Windows Update service entered the stopped state.", "ecs": {"version": "1.0.0"}, "host": {"id": "19fc45ac-5890-4f96-81b1-50ed111c0ce4", "hostname": "CLIENT1", "architecture": "x86", "name": "CLIENT1", "os": {"platform": "windows", "version": "6.1", "family": "windows", "name": "Windows 7 Professional", "kernel": "6.1.7601.18741 (win7sp1_gdr.150202-1526)", "build": "7601.0"}}, "agent": {"id": "0b755aca-0a9a-454a-9800-1979901962a0", "version": "7.2.0", "type": "winlogbeat", "ephemeral_id": "33f6eec2-a7ba-4caa-97b3-ea43b4f5e172", "hostname": "CLIENT1"}, "winlog": {"provider_name": "Service Control Manager", "computer_name": "CLIENT1", "api": "wineventlog", "process": {"pid": 436, "thread": {"id": 3216}}, "keywords": ["Classic"], "record_id": 11548, "task": "", "provider_guid": "{555908d1-a6d7-4695-8e1e-26931d2012f4}", "event_data": {"param1": "Windows Update", "param2": "stopped", "Binary": "770075006100750073006500720076002F0031000000"}, "channel": "System", "event_id": 7036}, "event": {"kind": "event", "code": 7036, "created": "2019-08-05T08:54:04.776Z"}, "log": {"level": "information"}}
{"@timestamp": "2019-07-30T14:37:52.379Z", "@metadata": {"beat": "winlogbeat", "type": "_doc", "version": "7.2.0", "topic": "wineventlog_raw"}, "message": "The Windows Media Player Network Sharing Service service entered the stopped state.", "winlog": {"computer_name": "CLIENT1", "provider_guid": "{555908d1-a6d7-4695-8e1e-26931d2012f4}", "keywords": ["Classic"], "event_id": 7036, "task": "", "api": "wineventlog", "process": {"pid": 436, "thread": {"id": 3216}}, "event_data": {"param1": "Windows Media Player Network Sharing Service", "param2": "stopped", "Binary": "57004D0050004E006500740077006F0072006B005300760063002F0031000000"}, "channel": "System", "provider_name": "Service Control Manager", "record_id": 11552}, "event": {"kind": "event", "code": 7036, "created": "2019-08-05T08:54:04.776Z"}, "log": {"level": "information"}, "ecs": {"version": "1.0.0"}, "host": {"hostname": "CLIENT1", "architecture": "x86", "name": "CLIENT1", "os": {"name": "Windows 7 Professional", "kernel": "6.1.7601.18741 (win7sp1_gdr.150202-1526)", "build": "7601.0", "platform": "windows", "version": "6.1", "family": "windows"}, "id": "19fc45ac-5890-4f96-81b1-50ed111c0ce4"}, "agent": {"id": "0b755aca-0a9a-454a-9800-1979901962a0", "version": "7.2.0", "type": "winlogbeat", "ephemeral_id": "33f6eec2-a7ba-4caa-97b3-ea43b4f5e172", "hostname": "CLIENT1"}}
{"@timestamp": "2019-07-30T14:38:12.689Z", "@metadata": {"beat": "winlogbeat", "type": "_doc", "version": "7.2.0", "topic": "wineventlog_raw"}, "message": "The Diagnostic Policy Service service entered the stopped state.", "winlog": {"provider_name": "Service Control Manager", "record_id": 11557, "computer_name": "CLIENT1", "channel": "System", "task": "", "event_data": {"param2": "stopped", "Binary": "4400500053002F0031000000", "param1": "Diagnostic Policy Service"}, "event_id": 7036, "api": "wineventlog", "provider_guid": "{555908d1-a6d7-4695-8e1e-26931d2012f4}", "keywords": ["Classic"], "process": {"pid": 436, "thread": {"id": 2808}}}, "event": {"created": "2019-08-05T08:54:04.776Z", "kind": "event", "code": 7036}, "ecs": {"version": "1.0.0"}, "host": {"id": "19fc45ac-5890-4f96-81b1-50ed111c0ce4", "name": "CLIENT1", "hostname": "CLIENT1", "architecture": "x86", "os": {"family": "windows", "name": "Windows 7 Professional", "kernel": "6.1.7601.18741 (win7sp1_gdr.150202-1526)", "build": "7601.0", "platform": "windows", "version": "6.1"}}, "agent": {"hostname": "CLIENT1", "id": "0b755aca-0a9a-454a-9800-1979901962a0", "version": "7.2.0", "type": "winlogbeat", "ephemeral_id": "33f6eec2-a7ba-4caa-97b3-ea43b4f5e172"}, "log": {"level": "information"}}
{"@timestamp": "2019-08-02T09:46:23.953Z", "@metadata": {"beat": "winlogbeat", "type": "_doc", "version": "7.2.0", "topic": "wineventlog_raw"}, "winlog": {"process": {"pid": 440, "thread": {"id": 520}}, "channel": "System", "provider_name": "Service Control Manager", "api": "wineventlog", "keywords": ["Classic"], "provider_guid": "{555908d1-a6d7-4695-8e1e-26931d2012f4}", "event_id": 7036, "task": "", "event_data": {"Binary": "4500760065006E007400530079007300740065006D002F0034000000", "param1": "COM+ Event System", "param2": "running"}, "record_id": 11603, "computer_name": "CLIENT1"}, "event": {"kind": "event", "code": 7036, "created": "2019-08-05T08:54:04.777Z"}, "log": {"level": "information"}, "message": "The COM+ Event System service entered the running state.", "agent": {"type": "winlogbeat", "ephemeral_id": "33f6eec2-a7ba-4caa-97b3-ea43b4f5e172", "hostname": "CLIENT1", "id": "0b755aca-0a9a-454a-9800-1979901962a0", "version": "7.2.0"}, "ecs": {"version": "1.0.0"}, "host": {"name": "CLIENT1", "architecture": "x86", "os": {"family": "windows", "name": "Windows 7 Professional", "kernel": "6.1.7601.18741 (win7sp1_gdr.150202-1526)", "build": "7601.0", "platform": "windows", "version": "6.1"}, "id": "19fc45ac-5890-4f96-81b1-50ed111c0ce4", "hostname": "CLIENT1"}}
{"@timestamp": "2019-08-02T09:46:26.515Z", "@metadata": {"beat": "winlogbeat", "type": "_doc", "version": "7.2.0", "topic": "wineventlog_raw"}, "message": "The DNS Client service entered the running state.", "winlog": {"provider_guid": "{555908d1-a6d7-4695-8e1e-26931d2012f4}", "keywords": ["Classic"], "process": {"pid": 440, "thread": {"id": 528}}, "provider_name": "Service Control Manager", "api": "wineventlog", "computer_name": "CLIENT1", "task": "", "event_id": 7036, "record_id": 11611, "channel": "System", "event_data": {"param1": "DNS Client", "param2": "running", "Binary": "44006E007300630061006300680065002F0034000000"}}, "event": {"kind": "event", "code": 7036, "created": "2019-08-05T08:54:04.777Z"}, "host": {"name": "CLIENT1", "architecture": "x86", "os": {"platform": "windows", "version": "6.1", "family": "windows", "name": "Windows 7 Professional", "kernel": "6.1.7601.18741 (win7sp1_gdr.150202-1526)", "build": "7601.0"}, "id": "19fc45ac-5890-4f96-81b1-50ed111c0ce4", "hostname": "CLIENT1"}, "agent": {"type": "winlogbeat", "ephemeral_id": "33f6eec2-a7ba-4caa-97b3-ea43b4f5e172", "hostname": "CLIENT1", "id": "0b755aca-0a9a-454a-9800-1979901962a0", "version": "7.2.0"}, "ecs": {"version": "1.0.0"}, "log": {"level": "information"}}
{"pseudonym": "88300c8916832c3352893b38edeeb13dae715dc9604444fc4d9bdd509aba6c1d", "origin": "evCFGf3yveGHbFdmBO1ISzs8U4Ka0my7pKHL7BCYsokVtZhp9RAfZ+7LgRs4yI00EolHcf7Nphrm2f4Vb9J+EIhptmfbRVCUaXOiUzbbALZMv8nm4Umtxdz+f9vgOhAT3VtPrXX1P7BptBRmNl2BR1MqkiBE5yOiFzjFNQo+E45oaqx5/+O4mn3UfN/xlZRPEATSaQNsIWJLg1woJJERzVH6qeRrRI2PAQAgQJP1f7jImoh41UBPt1+LIjLq+YQmo86WDHQmZtRDT8xaVV7p7uHdFwRuR/Zy/X5D1o45aENE59WL9ieNY2oTlkMz6jEQskh6sOF/Fh5E1ed8+h3kn95cOHKYLXPnYS6GEoCIgPk="}
{"@timestamp": "2019-08-02T09:46:26.578Z", "@metadata": {"beat": "winlogbeat", "type": "_doc", "version": "7.2.0", "topic": "wineventlog_raw"}, "ecs": {"version": "1.0.0"}, "event": {"kind": "event", "code": 51046, "action": "Service State Event", "created": "2019-08-05T08:54:04.777Z"}, "log": {"level": "information"}, "message": "DHCPv6 client service is started", "winlog": {"task": "Service State Event", "provider_name": "Microsoft-Windows-DHCPv6-Client", "computer_name": "CLIENT1", "channel": "System", "record_id": 11612, "api": "wineventlog", "process": {"pid": 712, "thread": {"id": 1068}}, "event_id": 51046, "opcode": "ServiceStart", "provider_guid": "{6A1F2B00-6A90-4C38-95A5-5CAB3B056778}", "user": {"identifier": "<pseudonym:88300c8916832c3352893b38edeeb13dae715dc9604444fc4d9bdd509aba6c1d>", "name": "LOCAL SERVICE", "domain": "NT AUTHORITY", "type": "Well Known Group"}}, "host": {"hostname": "CLIENT1", "name": "CLIENT1", "architecture": "x86", "os": {"kernel": "6.1.7601.18741 (win7sp1_gdr.150202-1526)", "build": "7601.0", "platform": "windows", "version": "6.1", "family": "windows", "name": "Windows 7 Professional"}, "id": "19fc45ac-5890-4f96-81b1-50ed111c0ce4"}, "agent": {"version": "7.2.0", "type": "winlogbeat", "ephemeral_id": "33f6eec2-a7ba-4caa-97b3-ea43b4f5e172", "hostname": "CLIENT1", "id": "0b755aca-0a9a-454a-9800-1979901962a0"}}
{"@timestamp": "2019-08-02T09:46:40.234Z", "@metadata": {"beat": "winlogbeat", "type": "_doc", "version": "7.2.0", "topic": "wineventlog_raw"}, "agent": {"type": "winlogbeat", "ephemeral_id": "33f6eec2-a7ba-4caa-97b3-ea43b4f5e172", "hostname": "CLIENT1", "id": "0b755aca-0a9a-454a-9800-1979901962a0", "version": "7.2.0"}, "winlog": {"provider_name": "Service Control Manager", "keywords": ["Classic"], "provider_guid": "{555908d1-a6d7-4695-8e1e-26931d2012f4}", "process": {"pid": 440, "thread": {"id": 524}}, "api": "wineventlog", "channel": "System", "event_id": 7036, "record_id": 11625, "task": "", "computer_name": "CLIENT1", "event_data": {"Binary": "4E0065007400540069006D0065005300760063002F0034000000", "param1": "NetTime", "param2": "running"}}, "event": {"created": "2019-08-05T08:54:04.777Z", "kind": "event", "code": 7036}, "log": {"level": "information"}, "message": "The NetTime service entered the running state.", "ecs": {"version": "1.0.0"}, "host": {"name": "CLIENT1", "os": {"family": "windows", "name": "Windows 7 Professional", "kernel": "6.1.7601.18741 (win7sp1_gdr.150202-1526)", "build": "7601.0", "platform": "windows", "version": "6.1"}, "id": "19fc45ac-5890-4f96-81b1-50ed111c0ce4", "hostname": "CLIENT1", "architecture": "x86"}}
{"@timestamp": "2019-08-02T09:46:54.583Z", "@metadata": {"beat": "winlogbeat", "type": "_doc", "version": "7.2.0", "topic": "wineventlog_raw"}, "message": "The Portable Device Enumerator Service service entered the running state.", "ecs": {"version": "1.0.0"}, "host": {"os": {"build": "7601.0", "platform": "windows", "version": "6.1", "family": "windows", "name": "Windows 7 Professional", "kernel": "6.1.7601.18741 (win7sp1_gdr.150202-1526)"}, "name": "CLIENT1", "id": "19fc45ac-5890-4f96-81b1-50ed111c0ce4", "hostname": "CLIENT1", "architecture": "x86"}, "agent": {"version": "7.2.0", "type": "winlogbeat", "ephemeral_id": "33f6eec2-a7ba-4caa-97b3-ea43b4f5e172", "hostname": "CLIENT1", "id": "0b755aca-0a9a-454a-9800-1979901962a0"}, "winlog": {"computer_name": "CLIENT1", "provider_guid": "{555908d1-a6d7-4695-8e1e-26931d2012f4}", "event_data": {"param2": "running", "Binary": "57005000440042007500730045006E0075006D002F0034000000", "param1": "Portable Device Enumerator Service"}, "event_id": 7036, "api": "wineventlog", "keywords": ["Classic"], "provider_name": "Service Control Manager", "record_id": 11638, "channel": "System", "process": {"pid": 440, "thread": {"id": 1792}}, "task": ""}, "event": {"kind": "event", "code": 7036, "created": "2019-08-05T08:54:04.777Z"}, "log": {"level": "information"}}
{"pseudonym": "cd1a3afeeac92cb813605e21e464de7db0ca53fa0190d3a1372a46f60ddd0712", "origin": "iXig7KtyLIK7fEA/HlXMo6f876J2hh3gHoOkn3aTJspwoNlLrYe3E5A3LP6KgCYS1ZrUUYF8gth2E3aO7hVOwInteXojFKRM71t6a7rrMyDgiT2RB6KH4crrTHchJYN5vrd/QiBPV86JGxtIe++n1uWoEtvIQqasPga4tVHQ33Y4oyQfOVAYSsZN5+Zm7ibBnkEUyG7qLM5jt09uU/7PwGCBwKjxRSMw42IGJZf6dwJR8/YLDbie/vI+OrknRt6j1tceThpHoURolDEOrtc4HACsbxeJsK8PLuA79+omlZX8vmZq7eEjxnjEtzi8IjHAMjbvj5N3aCR9+LDdguz02LPNxiUhgHNK9wtmCotypc4="}
{"pseudonym": "2246ce99b75c4aebaf0cd5d095e35cdb0cbf0f8adaf28ed864467242b621c30c", "origin": "ofJPwBxWY9xws2rj9xBSwWmVKZbNAxLYN9SlV9GA0pFqHyKZS6FVLSZstchXWzrBmLh+92TOU7U/Vt4jIeBhrYfnMHOWmbKvsohamjVwLv3LutQFvkq1HTYkF1+a2z2ne7Qp2z/tqjR+cPvWIMpLF4PlFpJHA/pz2ci3WLsOUYjuRgVQjuzFCZHn5OG1ubjS/y+CbGDakoZq7A/YKeWvrOORhAjC9sg0Na6qQgyUnAMuMSp9+VTgzKOWElZWbzNX/n2EEzLzmKq9CMUzVynq4/wWyEOniV5Jtm8DtIiuS6MfGwooNvXrAl88wc9FOhYvFa7gWltePeWwipta85sTQRt/DIBEZK1cgy6KnWAdZ9o9qgj7DLtfFjBODiNEonk38DgT6X9tNNWkAH+qWi+Ks8UX2Nso"}
{"@timestamp": "2019-08-02T09:53:58.579Z", "@metadata": {"beat": "winlogbeat", "type": "_doc", "version": "7.2.0", "topic": "wineventlog_raw"}, "event": {"code": 7002, "created": "2019-08-05T08:54:04.921Z", "kind": "event"}, "log": {"level": "information"}, "message": "User Logoff Notification for Customer Experience Improvement Program", "winlog": {"computer_name": "CLIENT1", "event_data": {"TSId": "1", "UserSid": "<pseudonym:2246ce99b75c4aebaf0cd5d095e35cdb0cbf0f8adaf28ed864467242b621c30c>"}, "channel": "System", "activity_id": "{2698178D-FDAD-40AE-9D3C-1371703ADC5B}", "process": {"pid": 380, "thread": {"id": 408}}, "api": "wineventlog", "record_id": 11662, "opcode": "Info", "provider_name": "Microsoft-Windows-Winlogon", "task": "", "user": {"identifier": "<pseudonym:cd1a3afeeac92cb813605e21e464de7db0ca53fa0190d3a1372a46f60ddd0712>", "name": "SYSTEM", "domain": "NT AUTHORITY", "type": "User"}, "provider_guid": "{DBE9B383-7CF3-4331-91CC-A3CB16A3B538}", "event_id": 7002}, "ecs": {"version": "1.0.0"}, "host": {"id": "19fc45ac-5890-4f96-81b1-50ed111c0ce4", "hostname": "CLIENT1", "architecture": "x86", "name": "CLIENT1", "os": {"platform": "windows", "version": "6.1", "family": "windows", "name": "Windows 7 Professional", "kernel": "6.1.7601.18741 (win7sp1_gdr.150202-1526)", "build": "7601.0"}}, "agent": {"id": "0b755aca-0a9a-454a-9800-1979901962a0", "version": "7.2.0", "type": "winlogbeat", "ephemeral_id": "33f6eec2-a7ba-4caa-97b3-ea43b4f5e172", "hostname": "CLIENT1"}}
{"@timestamp": "2019-08-02T09:54:21.000Z", "@metadata": {"beat": "winlogbeat", "type": "_doc", "version": "7.2.0", "topic": "wineventlog_raw"}, "ecs": {"version": "1.0.0"}, "winlog": {"keywords": ["Classic"], "channel": "System", "provider_name": "EventLog", "record_id": 11668, "event_data": {"Binary": "0100000000000000"}, "event_id": 6006, "task": "", "api": "wineventlog", "computer_name": "CLIENT1"}, "event": {"kind": "event", "code": 6006, "created": "2019-08-05T08:54:04.921Z"}, "log": {"level": "information"}, "message": "The Event log service was stopped.", "host": {"name": "CLIENT1", "architecture": "x86", "os": {"platform": "windows", "version": "6.1", "family": "windows", "name": "Windows 7 Professional", "kernel": "6.1.7601.18741 (win7sp1_gdr.150202-1526)", "build": "7601.0"}, "id": "19fc45ac-5890-4f96-81b1-50ed111c0ce4", "hostname": "CLIENT1"}, "agent": {"hostname": "CLIENT1", "id": "0b755aca-0a9a-454a-9800-1979901962a0", "version": "7.2.0", "type": "winlogbeat", "ephemeral_id": "33f6eec2-a7ba-4caa-97b3-ea43b4f5e172"}}
{"@timestamp": "2019-08-02T09:54:25.833Z", "@metadata": {"beat": "winlogbeat", "type": "_doc", "version": "7.2.0", "topic": "wineventlog_raw"}, "host": {"name": "CLIENT1", "os": {"platform": "windows", "version": "6.1", "family": "windows", "name": "Windows 7 Professional", "kernel": "6.1.7601.18741 (win7sp1_gdr.150202-1526)", "build": "7601.0"}, "id": "19fc45ac-5890-4f96-81b1-50ed111c0ce4", "hostname": "CLIENT1", "architecture": "x86"}, "agent": {"id": "0b755aca-0a9a-454a-9800-1979901962a0", "version": "7.2.0", "type": "winlogbeat", "ephemeral_id": "33f6eec2-a7ba-4caa-97b3-ea43b4f5e172", "hostname": "CLIENT1"}, "winlog": {"process": {"pid": 340, "thread": {"id": 344}}, "provider_guid": "{331C3B3A-2005-44C2-AC5E-77220C37D6B4}", "record_id": 11696, "computer_name": "CLIENT1", "opcode": "Info", "channel": "System", "event_data": {"ShutdownEventCode": "0", "ShutdownReason": "0", "ShutdownActionType": "6"}, "event_id": 109, "provider_name": "Microsoft-Windows-Kernel-Power", "task": "", "api": "wineventlog"}, "event": {"code": 109, "created": "2019-08-05T08:54:04.922Z", "kind": "event"}, "log": {"level": "information"}, "message": "The kernel power manager has initiated a shutdown transition.", "ecs": {"version": "1.0.0"}}
{"@timestamp": "2019-08-05T08:53:35.734Z", "@metadata": {"beat": "winlogbeat", "type": "_doc", "version": "7.2.0", "topic": "wineventlog_raw"}, "event": {"kind": "event", "code": 7036, "created": "2019-08-05T08:54:04.923Z"}, "log": {"level": "information"}, "message": "The DHCP Client service entered the running state.", "winlog": {"keywords": ["Classic"], "event_id": 7036, "record_id": 11727, "api": "wineventlog", "computer_name": "CLIENT1", "event_data": {"param2": "running", "Binary": "44006800630070002F0034000000", "param1": "DHCP Client"}, "provider_guid": "{555908d1-a6d7-4695-8e1e-26931d2012f4}", "process": {"pid": 436, "thread": {"id": 516}}, "provider_name": "Service Control Manager", "task": "", "channel": "System"}, "ecs": {"version": "1.0.0"}, "host": {"hostname": "CLIENT1", "architecture": "x86", "name": "CLIENT1", "os": {"family": "windows", "name": "Windows 7 Professional", "kernel": "6.1.7601.18741 (win7sp1_gdr.150202-1526)", "build": "7601.0", "platform": "windows", "version": "6.1"}, "id": "19fc45ac-5890-4f96-81b1-50ed111c0ce4"}, "agent": {"type": "winlogbeat", "ephemeral_id": "33f6eec2-a7ba-4caa-97b3-ea43b4f5e172", "hostname": "CLIENT1", "id": "0b755aca-0a9a-454a-9800-1979901962a0", "version": "7.2.0"}}
{"@timestamp": "2019-08-05T08:53:40.000Z", "@metadata": {"beat": "winlogbeat", "type": "_doc", "version": "7.2.0", "topic": "wineventlog_raw"}, "winlog": {"record_id": 11730, "api": "wineventlog", "provider_name": "Service Control Manager", "task": "", "computer_name": "CLIENT1", "keywords": ["Classic"], "provider_guid": "{555908d1-a6d7-4695-8e1e-26931d2012f4}", "process": {"pid": 436, "thread": {"id": 516}}, "event_data": {"Binary": "5300630068006500640075006C0065002F0034000000", "param1": "Task Scheduler", "param2": "running"}, "event_id": 7036, "channel": "System"}, "event": {"created": "2019-08-05T08:54:04.923Z", "kind": "event", "code": 7036}, "log": {"level": "information"}, "message": "The Task Scheduler service entered the running state.", "ecs": {"version": "1.0.0"}, "host": {"hostname": "CLIENT1", "name": "CLIENT1", "architecture": "x86", "os": {"kernel": "6.1.7601.18741 (win7sp1_gdr.150202-1526)", "build": "7601.0", "platform": "windows", "version": "6.1", "family": "windows", "name": "Windows 7 Professional"}, "id": "19fc45ac-5890-4f96-81b1-50ed111c0ce4"}, "agent": {"ephemeral_id": "33f6eec2-a7ba-4caa-97b3-ea43b4f5e172", "hostname": "CLIENT1", "id": "0b755aca-0a9a-454a-9800-1979901962a0", "version": "7.2.0", "type": "winlogbeat"}}
{"pseudonym": "cd1a3afeeac92cb813605e21e464de7db0ca53fa0190d3a1372a46f60ddd0712", "origin": "vOufEvzYeVQPlD4gFkR7k7x7A3fj4HN4psOoRfWEIWWhlvIH0jHGzhPw5R4Wte9mrMflhYNRihV+QC4vHXsYy0Lzcjz71ErUkl2r2X+JXpAmOCCgaISm7j6qGd7lAOR9N52/30wQ7LMcK+w0h40ddtvoX5v5LAuzsr7NSVPWoH9VV7vyoLLW/Sy7TGCCfC0b6AqCyLQ4Ga1ewgnFMDH9ckp9+tLYctkyBIrDtTAtN+0q3oiT822Qog9T98ncO1QQBmp7BXyC3AjDVr/FW0o+XcJCv8/MgaXFkgoOsqBWHWa67mVFY3sL4GmLPg9SNmBaZVqBCSV+QYyGAATTBYY56ILuetWNTdMR6C4wKKZzqyw="}
{"@timestamp": "2019-08-02T09:46:23.562Z", "@metadata": {"beat": "winlogbeat", "type": "_doc", "version": "7.2.0", "topic": "wineventlog_raw"}, "agent": {"ephemeral_id": "33f6eec2-a7ba-4caa-97b3-ea43b4f5e172", "hostname": "CLIENT1", "id": "0b755aca-0a9a-454a-9800-1979901962a0", "version": "7.2.0", "type": "winlogbeat"}, "message": "The User Profile Service has started successfully.  ", "winlog": {"user": {"identifier": "<pseudonym:cd1a3afeeac92cb813605e21e464de7db0ca53fa0190d3a1372a46f60ddd0712>", "name": "SYSTEM", "domain": "NT AUTHORITY", "type": "User"}, "computer_name": "CLIENT1", "provider_name": "Microsoft-Windows-User Profiles Service", "opcode": "Info", "provider_guid": "{89B1E9F0-5AFF-44A6-9B44-0A07A7CE5845}", "process": {"thread": {"id": 908}, "pid": 772}, "record_id": 2903, "api": "wineventlog", "channel": "Application", "event_id": 1531, "task": ""}, "event": {"kind": "event", "code": 1531, "created": "2019-08-05T08:54:06.439Z"}, "log": {"level": "information"}, "ecs": {"version": "1.0.0"}, "host": {"name": "CLIENT1", "os": {"build": "7601.0", "platform": "windows", "version": "6.1", "family": "windows", "name": "Windows 7 Professional", "kernel": "6.1.7601.18741 (win7sp1_gdr.150202-1526)"}, "id": "19fc45ac-5890-4f96-81b1-50ed111c0ce4", "hostname": "CLIENT1", "architecture": "x86"}}
{"pseudonym": "cd1a3afeeac92cb813605e21e464de7db0ca53fa0190d3a1372a46f60ddd0712", "origin": "ci/nbHuGIY0ZiWTWJu3KQoGlynoK85CcZ4BL5o3G8eF3rnjqEQ7G+WwY3gAwz3obHh/uH70CGz7OGG1uv1afbt9akmTVNJ5maUqeIz8+i7DmUtSchx14HGuydUaXapwfZd93vMVDsdrJIf5l+chh1MFpZIJ/HQ2RxOfV3TKEj9RZANUIB9wps31pCNeHR+JPkspZEv/eargAYXU0Q2wnWgg4C1dDx4zESTeOyrebBHwSSX3kRF04M3UWoyfg8mcrMUDZzcFejhf1holcXXKpuzU24X4pHTi8xbQ8E52ZMY+O3Xkhas8Xl+h2X1nsHEkgG0DDWbR76Gnz6FYxG1odpoHim8h4e1aQ3lALIdBW3Uw="}
{"@timestamp": "2019-08-02T09:46:57.144Z", "@metadata": {"beat": "winlogbeat", "type": "_doc", "version": "7.2.0", "topic": "wineventlog_raw"}, "log": {"level": "information"}, "message": "Windows Management Instrumentation Service subsystems initialized successfully", "ecs": {"version": "1.0.0"}, "host": {"name": "CLIENT1", "os": {"platform": "windows", "version": "6.1", "family": "windows", "name": "Windows 7 Professional", "kernel": "6.1.7601.18741 (win7sp1_gdr.150202-1526)", "build": "7601.0"}, "id": "19fc45ac-5890-4f96-81b1-50ed111c0ce4", "hostname": "CLIENT1", "architecture": "x86"}, "agent": {"hostname": "CLIENT1", "id": "0b755aca-0a9a-454a-9800-1979901962a0", "version": "7.2.0", "type": "winlogbeat", "ephemeral_id": "33f6eec2-a7ba-4caa-97b3-ea43b4f5e172"}, "winlog": {"record_id": 2906, "task": "", "api": "wineventlog", "channel": "Application", "computer_name": "CLIENT1", "user": {"domain": "NT AUTHORITY", "type": "User", "identifier": "<pseudonym:cd1a3afeeac92cb813605e21e464de7db0ca53fa0190d3a1372a46f60ddd0712>", "name": "SYSTEM"}, "opcode": "Info", "process": {"pid": 772, "thread": {"id": 1664}}, "provider_guid": "{1EDEEE53-0AFE-4609-B846-D8C0B2075B1F}", "version": 2, "event_id": 5617, "provider_name": "Microsoft-Windows-WMI"}, "event": {"created": "2019-08-05T08:54:06.439Z", "kind": "event", "code": 5617}}
{"@timestamp": "2019-08-02T09:47:41.000Z", "@metadata": {"beat": "winlogbeat", "type": "_doc", "version": "7.2.0", "topic": "wineventlog_raw"}, "winlog": {"computer_name": "CLIENT1", "channel": "Application", "task": "Logging/Recovery", "keywords": ["Classic"], "event_id": 300, "provider_name": "ESENT", "record_id": 2911, "opcode": "Info", "event_data": {"param1": "Windows", "param2": "2032", "param3": "Windows: "}, "api": "wineventlog"}, "event": {"code": 300, "action": "Logging/Recovery", "created": "2019-08-05T08:54:06.439Z", "kind": "event"}, "log": {"level": "information"}, "message": "Windows (2032) Windows: The database engine is initiating recovery steps.", "host": {"name": "CLIENT1", "hostname": "CLIENT1", "architecture": "x86", "os": {"family": "windows", "name": "Windows 7 Professional", "kernel": "6.1.7601.18741 (win7sp1_gdr.150202-1526)", "build": "7601.0", "platform": "windows", "version": "6.1"}, "id": "19fc45ac-5890-4f96-81b1-50ed111c0ce4"}, "agent": {"id": "0b755aca-0a9a-454a-9800-1979901962a0", "version": "7.2.0", "type": "winlogbeat", "ephemeral_id": "33f6eec2-a7ba-4caa-97b3-ea43b4f5e172", "hostname": "CLIENT1"}, "ecs": {"version": "1.0.0"}}
{"@timestamp": "2019-08-02T09:49:00.000Z", "@metadata": {"beat": "winlogbeat", "type": "_doc", "version": "7.2.0", "topic": "wineventlog_raw"}, "log": {"level": "information"}, "message": "The Windows Security Center Service has started.", "ecs": {"version": "1.0.0"}, "host": {"id": "19fc45ac-5890-4f96-81b1-50ed111c0ce4", "hostname": "CLIENT1", "name": "CLIENT1", "architecture": "x86", "os": {"platform": "windows", "version": "6.1", "family": "windows", "name": "Windows 7 Professional", "kernel": "6.1.7601.18741 (win7sp1_gdr.150202-1526)", "build": "7601.0"}}, "agent": {"type": "winlogbeat", "ephemeral_id": "33f6eec2-a7ba-4caa-97b3-ea43b4f5e172", "hostname": "CLIENT1", "id": "0b755aca-0a9a-454a-9800-1979901962a0", "version": "7.2.0"}, "winlog": {"opcode": "Info", "event_id": 1, "provider_name": "SecurityCenter", "record_id": 2918, "computer_name": "CLIENT1", "channel": "Application", "api": "wineventlog", "task": "", "keywords": ["Classic"]}, "event": {"code": 1, "created": "2019-08-05T08:54:06.439Z", "kind": "event"}}
{"@timestamp": "2019-08-05T08:53:33.000Z", "@metadata": {"beat": "winlogbeat", "type": "_doc", "version": "7.2.0", "topic": "wineventlog_raw"}, "log": {"level": "information"}, "message": "The EventSystem sub system is suppressing duplicate event log entries for a duration of 86400 seconds.  The suppression timeout can be controlled by a REG_DWORD value named SuppressDuplicateDuration under the following registry key: HKLM\\Software\\Microsoft\\EventSystem\\EventLog.", "ecs": {"version": "1.0.0"}, "host": {"name": "CLIENT1", "os": {"version": "6.1", "family": "windows", "name": "Windows 7 Professional", "kernel": "6.1.7601.18741 (win7sp1_gdr.150202-1526)", "build": "7601.0", "platform": "windows"}, "id": "19fc45ac-5890-4f96-81b1-50ed111c0ce4", "hostname": "CLIENT1", "architecture": "x86"}, "agent": {"type": "winlogbeat", "ephemeral_id": "33f6eec2-a7ba-4caa-97b3-ea43b4f5e172", "hostname": "CLIENT1", "id": "0b755aca-0a9a-454a-9800-1979901962a0", "version": "7.2.0"}, "winlog": {"keywords": ["Classic"], "provider_guid": "{899daace-4868-4295-afcd-9eb8fb497561}", "task": "", "event_id": 4625, "provider_name": "Microsoft-Windows-EventSystem", "event_data": {"param1": "86400", "param2": "SuppressDuplicateDuration", "param3": "Software\\Microsoft\\EventSystem\\EventLog"}, "record_id": 2927, "api": "wineventlog", "channel": "Application", "computer_name": "CLIENT1"}, "event": {"kind": "event", "code": 4625, "created": "2019-08-05T08:54:06.439Z"}}
{"pseudonym": "cd1a3afeeac92cb813605e21e464de7db0ca53fa0190d3a1372a46f60ddd0712", "origin": "aoSKfH17TKks3wF7F0qCUWeDhjHMHq5GBwDZ7KHSmGdqp9BK071Uk7ZPZBxKT18IdlkvzxjFHrnnHXR0c29hWcT44HkW0Cx1fLF+gcQwpiD9xiLuVWCwK7tWpMGQ4TXCKL8CztlCpiLwTLMrm70h+FUU1MQC//BM6Vkxmmymo4HPYOlh+qpT0I448YqFkoww/4QfmBc09t2XEOdPJ/9m6IZYJ0MqghQPSeYicIlbWiX0BZJxGunry3JduBcdla/sQKfYctNDl4T8P92Ph/oCo4+nZqa4a2KbGbYxkp8w5hJdnHEI2nwn+gSSzbPBbl7VWNnlmjIhciiIeg1bnoQUU29OYJN8s8fHTt1IuquAYbM="}
{"@timestamp": "2019-07-30T14:27:43.143Z", "@metadata": {"beat": "winlogbeat", "type": "_doc", "version": "7.2.0", "topic": "wineventlog_raw"}, "event": {"kind": "event", "code": 1, "created": "2019-08-02T09:55:10.631Z"}, "agent": {"hostname": "CLIENT1", "id": "0b755aca-0a9a-454a-9800-1979901962a0", "version": "7.2.0", "type": "winlogbeat", "ephemeral_id": "de845cd9-5141-4c92-ad32-27a4518307e9"}, "ecs": {"version": "1.0.0"}, "host": {"name": "CLIENT1", "os": {"platform": "windows", "version": "6.1", "family": "windows", "name": "Windows 7 Professional", "kernel": "6.1.7601.18741 (win7sp1_gdr.150202-1526)", "build": "7601.0"}, "id": "19fc45ac-5890-4f96-81b1-50ed111c0ce4", "hostname": "CLIENT1", "architecture": "x86"}, "log": {"level": "information"}, "message": "The system time has changed to \u200e2019\u200e-\u200e07\u200e-\u200e30T14:27:43.143000000Z from \u200e2019\u200e-\u200e07\u200e-\u200e30T14:27:43.947698800Z.", "winlog": {"task": "", "channel": "System", "provider_name": "Microsoft-Windows-Kernel-General", "api": "wineventlog", "provider_guid": "{A68CA8B7-004F-D7B6-A698-07E2DE0F1F5D}", "user": {"identifier": "<pseudonym:cd1a3afeeac92cb813605e21e464de7db0ca53fa0190d3a1372a46f60ddd0712>", "name": "SYSTEM", "domain": "NT AUTHORITY", "type": "User"}, "event_id": 1, "keywords": ["Time"], "opcode": "Info", "process": {"pid": 1460, "thread": {"id": 1504}}, "record_id": 11540, "computer_name": "CLIENT1", "event_data": {"NewTime": "2019-07-30T14:27:43.143000000Z", "OldTime": "2019-07-30T14:27:43.947698800Z"}}}
{"pseudonym": "cd1a3afeeac92cb813605e21e464de7db0ca53fa0190d3a1372a46f60ddd0712", "origin": "dRlLhDFAVGls7TpLVGqQcHa7kE1NeXFJh3OL9GbFBAOxy6DWkAUU+CzXaZVpXZqjb6grf1l58k8AStcAwo1du2Ar65h9gzwK7J0lezoSB4YjsqypzqNHGrpoq2Hxek87ucSN9N9HQHH6hOWqeXm28xkFQ2rmfCJXrSAhp1Xi6b+mfJVH2IyvFGCFEYcZ5ZfalpLozAAJAhFz8ROxcC7rELhrvbPnY9x5HvIGiURiu5Jrh21o9Nr+twSJW3Ax720ikM98SbO8Rm37ALqrR9zmtL6pgkEGD0gUFNiEoeIlIxu2gPnDY2GreBH215eoRNEN7XzoetiiuSzWVhUMfMkmiL75NpdBtvON62pAwAWULdo="}
{"@timestamp": "2019-07-30T14:38:14.071Z", "@metadata": {"beat": "winlogbeat", "type": "_doc", "version": "7.2.0", "topic": "wineventlog_raw"}, "message": "One or more of the Plug and Play service's subsystems has changed state. \n\nPlugPlay install subsystem enabled: 'false' \nPlugPlay caching subsystem enabled: 'false' ", "winlog": {"task": "", "api": "wineventlog", "computer_name": "CLIENT1", "user_data": {"InstallSubsystemState": "false", "CachingSubsystemState": "false", "xml_name": "INFO_PNP_STATE"}, "record_id": 11562, "opcode": "Info", "process": {"thread": {"id": 2976}, "pid": 544}, "channel": "System", "event_id": 20010, "provider_name": "Microsoft-Windows-UserPnp", "provider_guid": "{96F4A050-7E31-453C-88BE-9634F4E02139}", "user": {"identifier": "<pseudonym:cd1a3afeeac92cb813605e21e464de7db0ca53fa0190d3a1372a46f60ddd0712>", "name": "SYSTEM", "domain": "NT AUTHORITY", "type": "User"}}, "event": {"kind": "event", "code": 20010, "created": "2019-08-02T09:55:11.996Z"}, "log": {"level": "information"}, "agent": {"type": "winlogbeat", "ephemeral_id": "de845cd9-5141-4c92-ad32-27a4518307e9", "hostname": "CLIENT1", "id": "0b755aca-0a9a-454a-9800-1979901962a0", "version": "7.2.0"}, "ecs": {"version": "1.0.0"}, "host": {"architecture": "x86", "os": {"build": "7601.0", "platform": "windows", "version": "6.1", "family": "windows", "name": "Windows 7 Professional", "kernel": "6.1.7601.18741 (win7sp1_gdr.150202-1526)"}, "id": "19fc45ac-5890-4f96-81b1-50ed111c0ce4", "hostname": "CLIENT1", "name": "CLIENT1"}}
{"@timestamp": "2019-07-30T14:38:14.710Z", "@metadata": {"beat": "winlogbeat", "type": "_doc", "version": "7.2.0", "topic": "wineventlog_raw"}, "host": {"hostname": "CLIENT1", "architecture": "x86", "name": "CLIENT1", "os": {"name": "Windows 7 Professional", "kernel": "6.1.7601.18741 (win7sp1_gdr.150202-1526)", "build": "7601.0", "platform": "windows", "version": "6.1", "family": "windows"}, "id": "19fc45ac-5890-4f96-81b1-50ed111c0ce4"}, "agent": {"id": "0b755aca-0a9a-454a-9800-1979901962a0", "version": "7.2.0", "type": "winlogbeat", "ephemeral_id": "de845cd9-5141-4c92-ad32-27a4518307e9", "hostname": "CLIENT1"}, "ecs": {"version": "1.0.0"}, "winlog": {"event_id": 7036, "keywords": ["Classic"], "channel": "System", "provider_name": "Service Control Manager", "process": {"pid": 436, "thread": {"id": 2808}}, "record_id": 11565, "provider_guid": "{555908d1-a6d7-4695-8e1e-26931d2012f4}", "event_data": {"param2": "stopped", "Binary": "730070007000750069006E006F0074006900660079002F0031000000", "param1": "SPP Notification Service"}, "task": "", "api": "wineventlog", "computer_name": "CLIENT1"}, "event": {"kind": "event", "code": 7036, "created": "2019-08-02T09:55:11.996Z"}, "log": {"level": "information"}, "message": "The SPP Notification Service service entered the stopped state."}
{"@timestamp": "2019-08-02T09:46:51.286Z", "@metadata": {"beat": "winlogbeat", "type": "_doc", "version": "7.2.0", "topic": "wineventlog_raw"}, "winlog": {"task": "", "channel": "System", "api": "wineventlog", "record_id": 11630, "process": {"pid": 440, "thread": {"id": 524}}, "event_data": {"param2": "running", "Binary": "770069006E006C006F00670062006500610074002F0034000000", "param1": "winlogbeat"}, "event_id": 7036, "computer_name": "CLIENT1", "provider_guid": "{555908d1-a6d7-4695-8e1e-26931d2012f4}", "provider_name": "Service Control Manager", "keywords": ["Classic"]}, "ecs": {"version": "1.0.0"}, "host": {"architecture": "x86", "os": {"platform": "windows", "version": "6.1", "family": "windows", "name": "Windows 7 Professional", "kernel": "6.1.7601.18741 (win7sp1_gdr.150202-1526)", "build": "7601.0"}, "name": "CLIENT1", "id": "19fc45ac-5890-4f96-81b1-50ed111c0ce4", "hostname": "CLIENT1"}, "agent": {"id": "0b755aca-0a9a-454a-9800-1979901962a0", "version": "7.2.0", "type": "winlogbeat", "ephemeral_id": "de845cd9-5141-4c92-ad32-27a4518307e9", "hostname": "CLIENT1"}, "event": {"created": "2019-08-02T09:55:11.998Z", "kind": "event", "code": 7036}, "log": {"level": "information"}, "message": "The winlogbeat service entered the running state."}
{"pseudonym": "88300c8916832c3352893b38edeeb13dae715dc9604444fc4d9bdd509aba6c1d", "origin": "VIvyqf8habQj815gN6wxNiCJ4oPLLCWU3G/hWF3OBNTOAQtFNWjNEFBVpL1SMgp/JwBy9xUZfuVk+R4YzcvKo/x1DXSlh2MsYumkp2XFl0zJaVoPdwSfINhdapK2iFfOU5V2HWrek8QGlYbPUZgt0w4dOwXhfagB0RSnWhY40EBXWShASO1gAZWB6AZy9DoN+4oNfzLKyRPF3BuGmgw4DAXO0vdIBI01dM1jDfBNUCnZvJnub/HuYQZUXS6etf4c/+cPWT3LzfR738SOpc8mUwXLG80WMgpizY9d5Eppc9OIqTEEGCqhrkcHi3/84djU/xrC5zOBonu2wuAI6mCY28CUksVuy3Wt0W59J3seekQ="}
{"@timestamp": "2019-08-02T09:54:20.659Z", "@metadata": {"beat": "winlogbeat", "type": "_doc", "version": "7.2.0", "topic": "wineventlog_raw"}, "agent": {"hostname": "CLIENT1", "id": "0b755aca-0a9a-454a-9800-1979901962a0", "version": "7.2.0", "type": "winlogbeat", "ephemeral_id": "de845cd9-5141-4c92-ad32-27a4518307e9"}, "ecs": {"version": "1.0.0"}, "host": {"os": {"build": "7601.0", "platform": "windows", "version": "6.1", "family": "windows", "name": "Windows 7 Professional", "kernel": "6.1.7601.18741 (win7sp1_gdr.150202-1526)"}, "id": "19fc45ac-5890-4f96-81b1-50ed111c0ce4", "hostname": "CLIENT1", "name": "CLIENT1", "architecture": "x86"}, "winlog": {"provider_name": "Microsoft-Windows-DHCPv6-Client", "api": "wineventlog", "computer_name": "CLIENT1", "provider_guid": "{6A1F2B00-6A90-4C38-95A5-5CAB3B056778}", "event_id": 51047, "task": "Service State Event", "channel": "System", "record_id": 11669, "process": {"pid": 712, "thread": {"id": 1068}}, "user": {"identifier": "<pseudonym:88300c8916832c3352893b38edeeb13dae715dc9604444fc4d9bdd509aba6c1d>", "name": "LOCAL SERVICE", "domain": "NT AUTHORITY", "type": "Well Known Group"}, "opcode": "ServiceStop", "event_data": {"DwordVal": "1"}}, "event": {"kind": "event", "code": 51047, "action": "Service State Event", "created": "2019-08-02T09:55:12.090Z"}, "log": {"level": "information"}, "message": "DHCPv6 client service is stopped. ShutDown Flag value is 1"}
{"pseudonym": "88300c8916832c3352893b38edeeb13dae715dc9604444fc4d9bdd509aba6c1d", "origin": "lVmKiW6WUXpWD8ebFYlf66mRoR7LoKqE1ZdxvykhRB6ubGj9NK6+bMihwT4AAKg26gsruPhDMpUnUjDKC8DDv/9hVyikfQrhGpdzp8A4msuTD8Z8w0UGkUy5hXGmIcRUjQAOPOYVc1UPrxXQ8pmJQUHNIDO4sK7529fAT8j0ESaU2qPgc4SJujGjY+ibeseqTJjWtvnGplrpliypi3IryKFRmm96Gt9FOvphrGeW7juun32r4wSHt/qqiYhaJAFd+8tO4nXHOp61DO1q0samkNzWQvsY3ziAeftJtiWoVh6GVWmlDOe5A4kY65hDfqPgNN8X8B0Tf0hfgM8Zh7luZPK0RAPpVKsGJ8WxLzH8RU0="}
{"@timestamp": "2019-08-02T09:54:20.690Z", "@metadata": {"beat": "winlogbeat", "type": "_doc", "version": "7.2.0", "topic": "wineventlog_raw"}, "winlog": {"task": "Service State Event", "computer_name": "CLIENT1", "process": {"pid": 712, "thread": {"id": 1020}}, "provider_name": "Microsoft-Windows-Dhcp-Client", "opcode": "ServiceStop", "provider_guid": "{15A7A4F8-0072-4EAB-ABAD-F98A4D666AED}", "event_data": {"DwordVal": "1"}, "channel": "System", "api": "wineventlog", "event_id": 50037, "record_id": 11670, "user": {"type": "Well Known Group", "identifier": "<pseudonym:88300c8916832c3352893b38edeeb13dae715dc9604444fc4d9bdd509aba6c1d>", "name": "LOCAL SERVICE", "domain": "NT AUTHORITY"}}, "event": {"code": 50037, "action": "Service State Event", "created": "2019-08-02T09:55:12.090Z", "kind": "event"}, "ecs": {"version": "1.0.0"}, "host": {"name": "CLIENT1", "hostname": "CLIENT1", "architecture": "x86", "os": {"version": "6.1", "family": "windows", "name": "Windows 7 Professional", "kernel": "6.1.7601.18741 (win7sp1_gdr.150202-1526)", "build": "7601.0", "platform": "windows"}, "id": "19fc45ac-5890-4f96-81b1-50ed111c0ce4"}, "agent": {"id": "0b755aca-0a9a-454a-9800-1979901962a0", "version": "7.2.0", "type": "winlogbeat", "ephemeral_id": "de845cd9-5141-4c92-ad32-27a4518307e9", "hostname": "CLIENT1"}, "log": {"level": "information"}, "message": "DHCPv4 client service is stopped. ShutDown Flag value is 1"}
{"@timestamp": "2019-08-02T09:54:22.703Z", "@metadata": {"beat": "winlogbeat", "type": "_doc", "version": "7.2.0", "topic": "wineventlog_raw"}, "winlog": {"task": "", "api": "wineventlog", "process": {"thread": {"id": 2680}, "pid": 440}, "channel": "System", "record_id": 11685, "event_id": 7036, "keywords": ["Classic"], "event_data": {"param1": "UPnP Device Host", "param2": "stopped", "Binary": "750070006E00700068006F00730074002F0031000000"}, "computer_name": "CLIENT1", "provider_guid": "{555908d1-a6d7-4695-8e1e-26931d2012f4}", "provider_name": "Service Control Manager"}, "event": {"kind": "event", "code": 7036, "created": "2019-08-02T09:55:12.090Z"}, "log": {"level": "information"}, "message": "The UPnP Device Host service entered the stopped state.", "ecs": {"version": "1.0.0"}, "host": {"name": "CLIENT1", "architecture": "x86", "os": {"platform": "windows", "version": "6.1", "family": "windows", "name": "Windows 7 Professional", "kernel": "6.1.7601.18741 (win7sp1_gdr.150202-1526)", "build": "7601.0"}, "id": "19fc45ac-5890-4f96-81b1-50ed111c0ce4", "hostname": "CLIENT1"}, "agent": {"type": "winlogbeat", "ephemeral_id": "de845cd9-5141-4c92-ad32-27a4518307e9", "hostname": "CLIENT1", "id": "0b755aca-0a9a-454a-9800-1979901962a0", "version": "7.2.0"}}
