{"@timestamp": "2019-08-02T09:46:35.500Z", "@metadata": {"beat": "winlogbeat", "type": "_doc", "version": "7.2.0", "topic": "wineventlog_raw"}, "event": {"created": "2019-08-02T09:55:11.998Z", "kind": "event", "code": 7036}, "log": {"level": "information"}, "message": "The Windows Firewall service entered the running state.", "ecs": {"version": "1.0.0"}, "host": {"name": "CLIENT1", "hostname": "CLIENT1", "architecture": "x86", "os": {"family": "windows", "name": "Windows 7 Professional", "kernel": "6.1.7601.18741 (win7sp1_gdr.150202-1526)", "build": "7601.0", "platform": "windows", "version": "6.1"}, "id": "19fc45ac-5890-4f96-81b1-50ed111c0ce4"}, "agent": {"ephemeral_id": "de845cd9-5141-4c92-ad32-27a4518307e9", "hostname": "CLIENT1", "id": "0b755aca-0a9a-454a-9800-1979901962a0", "version": "7.2.0", "type": "winlogbeat"}, "winlog": {"provider_name": "Service Control Manager", "provider_guid": "{555908d1-a6d7-4695-8e1e-26931d2012f4}", "api": "wineventlog", "computer_name": "CLIENT1", "event_id": 7036, "record_id": 11618, "task": "", "keywords": ["Classic"], "channel": "System", "process": {"thread": {"id": 524}, "pid": 440}, "event_data": {"param1": "Windows Firewall", "param2": "running", "Binary": "4D00700073005300760063002F0034000000"}}}
{"@timestamp": "2019-08-02T09:46:54.128Z", "@metadata": {"beat": "winlogbeat", "type": "_doc", "version": "7.2.0", "topic": "wineventlog_raw"}, "ecs": {"version": "1.0.0"}, "host": {"name": "CLIENT1", "hostname": "CLIENT1", "architecture": "x86", "os": {"name": "Windows 7 Professional", "kernel": "6.1.7601.18741 (win7sp1_gdr.150202-1526)", "build": "7601.0", "platform": "windows", "version": "6.1", "family": "windows"}, "id": "19fc45ac-5890-4f96-81b1-50ed111c0ce4"}, "agent": {"id": "0b755aca-0a9a-454a-9800-1979901962a0", "version": "7.2.0", "type": "winlogbeat", "ephemeral_id": "de845cd9-5141-4c92-ad32-27a4518307e9", "hostname": "CLIENT1"}, "winlog": {"computer_name": "CLIENT1", "process": {"pid": 440, "thread": {"id": 1792}}, "task": "", "keywords": ["Classic"], "event_data": {"param1": "Diagnostic System Host", "param2": "running", "Binary": "570064006900530079007300740065006D0048006F00730074002F0034000000"}, "channel": "System", "event_id": 7036, "provider_guid": "{555908d1-a6d7-4695-8e1e-26931d2012f4}", "provider_name": "Service Control Manager", "record_id": 11634, "api": "wineventlog"}, "event": {"created": "2019-08-02T09:55:11.999Z", "kind": "event", "code": 7036}, "log": {"level": "information"}, "message": "The Diagnostic System Host service entered the running state."}
{"@timestamp": "2019-08-02T09:54:01.000Z", "@metadata": {"beat": "winlogbeat", "type": "_doc", "version": "7.2.0", "topic": "wineventlog_raw"}, "ecs": {"version": "1.0.0"}, "host": {"architecture": "x86", "name": "CLIENT1", "os": {"family": "windows", "name": "Windows 7 Professional", "kernel": "6.1.7601.18741 (win7sp1_gdr.150202-1526)", "build": "7601.0", "platform": "windows", "version": "6.1"}, "id": "19fc45ac-5890-4f96-81b1-50ed111c0ce4", "hostname": "CLIENT1"}, "winlog": {"provider_name": "Microsoft-Windows-WMPNSS-Service", "task": "", "provider_guid": "{6A2DC7C1-930A-4FB5-BB44-80B30AEBED6C}", "event_data": {"ServiceName": "WMPNetworkSvc"}, "api": "wineventlog", "record_id": 11665, "computer_name": "CLIENT1", "keywords": ["Classic"], "channel": "System", "event_id": 14205}, "event": {"kind": "event", "code": 14205, "created": "2019-08-02T09:55:12.089Z"}, "log": {"level": "information"}, "message": "Service 'WMPNetworkSvc' stopped.", "agent": {"type": "winlogbeat", "ephemeral_id": "de845cd9-5141-4c92-ad32-27a4518307e9", "hostname": "CLIENT1", "id": "0b755aca-0a9a-454a-9800-1979901962a0", "version": "7.2.0"}}
{"@timestamp": "2019-08-02T09:55:01.343Z", "@metadata": {"beat": "winlogbeat", "type": "_doc", "version": "7.2.0", "topic": "wineventlog_raw"}, "winlog": {"record_id": 11731, "task": "", "computer_name": "CLIENT1", "process": {"pid": 440, "thread": {"id": 524}}, "event_data": {"param2": "running", "Binary": "530070006F006F006C00650072002F0034000000", "param1": "Print Spooler"}, "api": "wineventlog", "keywords": ["Classic"], "provider_name": "Service Control Manager", "provider_guid": "{555908d1-a6d7-4695-8e1e-26931d2012f4}", "channel": "System", "event_id": 7036}, "event": {"created": "2019-08-02T09:55:12.092Z", "kind": "event", "code": 7036}, "host": {"architecture": "x86", "name": "CLIENT1", "os": {"version": "6.1", "family": "windows", "name": "Windows 7 Professional", "kernel": "6.1.7601.18741 (win7sp1_gdr.150202-1526)", "build": "7601.0", "platform": "windows"}, "id": "19fc45ac-5890-4f96-81b1-50ed111c0ce4", "hostname": "CLIENT1"}, "agent": {"type": "winlogbeat", "ephemeral_id": "de845cd9-5141-4c92-ad32-27a4518307e9", "hostname": "CLIENT1", "id": "0b755aca-0a9a-454a-9800-1979901962a0", "version": "7.2.0"}, "ecs": {"version": "1.0.0"}, "log": {"level": "information"}, "message": "The Print Spooler service entered the running state."}
{"@timestamp": "2019-08-02T09:55:11.381Z", "@metadata": {"beat": "winlogbeat", "type": "_doc", "version": "7.2.0", "topic": "wineventlog_raw"}, "log": {"level": "information"}, "message": "The Computer Browser service entered the running state.", "ecs": {"version": "1.0.0"}, "host": {"architecture": "x86", "os": {"platform": "windows", "version": "6.1", "family": "windows", "name": "Windows 7 Professional", "kernel": "6.1.7601.18741 (win7sp1_gdr.150202-1526)", "build": "7601.0"}, "id": "19fc45ac-5890-4f96-81b1-50ed111c0ce4", "hostname": "CLIENT1", "name": "CLIENT1"}, "agent": {"hostname": "CLIENT1", "id": "0b755aca-0a9a-454a-9800-1979901962a0", "version": "7.2.0", "type": "winlogbeat", "ephemeral_id": "de845cd9-5141-4c92-ad32-27a4518307e9"}, "winlog": {"computer_name": "CLIENT1", "event_id": 7036, "event_data": {"Binary": "420072006F0077007300650072002F0034000000", "param1": "Computer Browser", "param2": "running"}, "provider_name": "Service Control Manager", "task": "", "keywords": ["Classic"], "provider_guid": "{555908d1-a6d7-4695-8e1e-26931d2012f4}", "process": {"thread": {"id": 1856}, "pid": 440}, "record_id": 11750, "api": "wineventlog", "channel": "System"}, "event": {"code": 7036, "created": "2019-08-02T09:55:12.100Z", "kind": "event"}}
{"pseudonym": "e887f3a09fdddf7c81a563b81f90ed9499d86badaa6173d1aa197a2b544d13b1", "origin": "rYAOVHWaHVUKtY+zT3uuoUAE8MO28IX909Hw+kpEjz1GI7UZrwRKHzccaJMVvS+GGhhzH5Gg5YahHmMAt3BUEcjIVrOobL+gSqJ6X9exh06nzddd0a6y7CoB/ZJrBEo0eaSkyepGlwi9eQuA8RxAW9HI5+C78ZQa3oLs4P1mqybHaq2rz/fzGp4TCvyXUzD4XGcaMh3NyvgNK1ewddAhil2HP073BpEnTFjfZPaoKYrGpPmvSIDtrbw/ReesW5faesBO0X8P9rUjD7hWDchoNiYkwlbMXX7OhSuNT68Qt/KR8EhGtSWwF+jbKaXStUP9WJg8xpuCqeEbFIyC3LEQQIhNaQRgbs8QCv1ZLVSdL8Y="}
{"pseudonym": "387dddca7f9c9fa71c41295d7790d3bcd791cfe79b2dd4843551dfd0bf47acf2", "origin": "o3IpxsscwFh/yzT3LKfpQlUCyLfhVAi6LPmnJAeIrdOwN9puMMGnoexOUqaDVlpuppLGbQSYIeajuD9R6NBsDOT/rb69RycLErQABz6ltEebyyvvOgZ0tsOTI5e4X6uSlqQr9oFGx/f3QgICsz3IbXNJS4cHgBSuoEcu5rRVReHc8K/auQHSDEOJ0z+FSKRvz7HaEgVJaxTqFt/hWBkDVSY+YK97K/vRQdv48Lt6FSC4U91MFszAPtcpd+jq/8VFSF5efIwly5A080LcIuPIBXo+cK3U2Vob1f0NKTy9ESsrZYJ0GJ1f0nRUHhaiPKl+zfkNLy/Mhi9Cj2/YpNaQq7bNX1f9OpKQ8lf3e9Jm"}
{"pseudonym": "cd1a3afeeac92cb813605e21e464de7db0ca53fa0190d3a1372a46f60ddd0712", "origin": "sDmXzgNsXHAWsqf15mvG09Wx1Shrb+/7dB2Nyamikwc3eVXaltCT6LKQfvQVvKFmciVsoxvKcRWBlN/DsVAORrlzppN4t0CosjkI+7PjrMhsG6B8+xjBJBLLWx7HjXGjHzzMmKatM5Dhm7jTgZQwMDxy728no/q7/+3bzInPSOlUywMni7+6nk3a7Anrrx0TvVCqoIa4QUdq2SRLx5xPG+weKU+wA8piDUkTvrzDXOQO4Jx/9RbWvi7QWk3n49HGblKo6fk4Thsl8AsqZuQag6bkny8xAqfEn+Nvn1Euzty2IkYuJ7iV4EVCxMVngQE9GWFNP6xO3jBRdgngCvjieBOKkeNJ/LWCX/1EtaKjTno="}
{"pseudonym": "91d121bc503735a145e0e9869d792d26f6b22784210a0daf5b63840be2abf69a", "origin": "ilWRltj5wtGJC+trlEfaMCvByqDLgPJwjcZYQH+iV9OtbmRNtptV4WulXoOSrcScHe0jn+QLmOUoE00bcHLeTImYmCphQ4X62bno1dUYOc6VfzdPWDW4BJndIICEZzilozwBNaCHJB0xea2ZrZhLmVR631BInC2fgLNMiUinzR04dwjNI5ZqEUXDQV73ClMwAkwY5cXovAy1pHLzGXrCcUdBj9ZnfbASRxQjzNO6fB/rHfszv7o7S75m+0oboXVui8wt8YT8wz3C94ZAtTYRnACbrt/N/JEiJx5W7Wx9oukCACc0FjueJvORqSiOVhL9Rau7wqHcs26/igWmIcW+cDBz+FMAr23YRA=="}
{"@timestamp": "2019-08-02T09:46:31.859Z", "@metadata": {"beat": "winlogbeat", "type": "_doc", "version": "7.2.0", "topic": "wineventlog_raw"}, "process": {"pid": 440, "executable": "C:\\Windows\\System32\\services.exe", "name": "services.exe"}, "agent": {"id": "0b755aca-0a9a-454a-9800-1979901962a0", "version": "7.2.0", "type": "winlogbeat", "ephemeral_id": "de845cd9-5141-4c92-ad32-27a4518307e9", "hostname": "CLIENT1"}, "winlog": {"provider_guid": "{54849625-5478-4994-A5BA-3E3B0328C30D}", "record_id": 4653, "event_id": 4624, "provider_name": "Microsoft-Windows-Security-Auditing", "api": "wineventlog", "opcode": "Info", "event_data": {"SubjectUserName": "<pseudonym:e887f3a09fdddf7c81a563b81f90ed9499d86badaa6173d1aa197a2b544d13b1>", "IpAddress": "<pseudonym:91d121bc503735a145e0e9869d792d26f6b22784210a0daf5b63840be2abf69a>", "AuthenticationPackageName": "Negotiate", "LogonGuid": "{00000000-0000-0000-0000-000000000000}", "TargetLogonId": "0x3e7", "LogonProcessName": "Advapi  ", "SubjectDomainName": "WORKGROUP", "IpPort": "-", "LmPackageName": "-", "TransmittedServices": "-", "KeyLength": "0", "LogonType": "5", "SubjectUserSid": "<pseudonym:cd1a3afeeac92cb813605e21e464de7db0ca53fa0190d3a1372a46f60ddd0712>", "SubjectLogonId": "0x3e7"}, "task": "Logon", "computer_name": "CLIENT1", "keywords": ["Audit Success"], "process": {"pid": 448, "thread": {"id": 496}}, "channel": "Security"}, "log": {"level": "information"}, "user": {"id": "S-1-5-18", "name": "<pseudonym:387dddca7f9c9fa71c41295d7790d3bcd791cfe79b2dd4843551dfd0bf47acf2>", "domain": "NT AUTHORITY"}, "host": {"hostname": "CLIENT1", "architecture": "x86", "os": {"platform": "windows", "version": "6.1", "family": "windows", "name": "Windows 7 Professional", "kernel": "6.1.7601.18741 (win7sp1_gdr.150202-1526)", "build": "7601.0"}, "id": "19fc45ac-5890-4f96-81b1-50ed111c0ce4", "name": "CLIENT1"}, "ecs": {"version": "1.0.0"}, "event": {"action": "Logon", "created": "2019-08-02T09:55:12.135Z", "category": "authentication", "type": "authentication_success", "kind": "event", "code": 4624}, "message": "An account was successfully logged on.\n\nSubject:\n\tSecurity ID:\t\tS-1-5-18\n\tAccount Name:\t\tCLIENT1$\n\tAccount Domain:\t\tWORKGROUP\n\tLogon ID:\t\t0x3e7\n\nLogon Type:\t\t\t5\n\nNew Logon:\n\tSecurity ID:\t\tS-1-5-18\n\tAccount Name:\t\tSYSTEM\n\tAccount Domain:\t\tNT AUTHORITY\n\tLogon ID:\t\t0x3e7\n\tLogon GUID:\t\t{00000000-0000-0000-0000-000000000000}\n\nProcess Information:\n\tProcess ID:\t\t0x1b8\n\tProcess Name:\t\tC:\\Windows\\System32\\services.exe\n\nNetwork Information:\n\tWorkstation Name:\t\n\tSource Network Address:\t-\n\tSource Port:\t\t-\n\nDetailed Authentication Information:\n\tLogon Process:\t\tAdvapi  \n\tAuthentication Package:\tNegotiate\n\tTransited Services:\t-\n\tPackage Name (NTLM only):\t-\n\tKey Length:\t\t0\n\nThis event is generated when a logon session is created. It is generated on the computer that was accessed.\n\nThe subject fields indicate the account on the local system which requested the logon. This is most commonly a service such as the Server service, or a local process such as Winlogon.exe or Services.exe.\n\nThe logon type field indicates the kind of logon that occurred. The most common types are 2 (interactive) and 3 (network).\n\nThe New Logon fields indicate the account for whom the new logon was created, i.e. the account that was logged on.\n\nThe network fields indicate where a remote logon request originated. Workstation name is not always available and may be left blank in some cases.\n\nThe authentication information fields provide detailed information about this specific logon request.\n\t- Logon GUID is a unique identifier that can be used to correlate this event with a KDC event.\n\t- Transited services indicate which intermediate services have participated in this logon request.\n\t- Package name indicates which sub-protocol was used among the NTLM protocols.\n\t- Key length indicates the length of the generated session key. This will be 0 if no session key was requested."}
{"pseudonym": "f119e812403f34bc9c93a15392e371bd51bfd51f59deda80c5caac2a6f172b3c", "origin": "mRS3/hchvuq4yX/ARLppFeGuKLJhxfTyRsFHqfpEIr5eVHlN2vB5w15QgzBRO6QIqURq7opOGJ6sMKLpSbLTdNs35PfI8WLDDiSWfo1dO0wE9d7vwiOvuD5ehLES11lBmKpd3jMRcWYbSfLyCWKJl7DGnQsDPoR3LTGe8nrSfQDloH1T8e2y/hjNKf5n+dXCYWh1XgBotSGIYPghlpvy6Ni45loYYHcLDoIdDgpWbYGP4A0d7Oyasxcok95fECM86KY19RrhTDbG0IFoLtQX0XW3RrC8FkKihrn10HIWVeybildOJmkbTu9HUXvbi4e64bCv5jLg4qO5JITqhkfOqTfPodZP9Ap3ET7xr0mP"}
{"pseudonym": "2246ce99b75c4aebaf0cd5d095e35cdb0cbf0f8adaf28ed864467242b621c30c", "origin": "vxFTOH74eVaaGs6Oe0IW/i/s6O3cZZJdp3RJryEe5pivqoxtwQk05Lr3c5MgnLFEZAGXfYrGmKUjDA47frUTYwJ8fNXqbrfcqEfj3mENHpbRjkEct45+mHYN1Xo2U+PusjUJjrReSrEnirWa0u0K5VvjijJXwneKSOfhsnFGRNP4qxvwfyj1fj6+qYXimeykkZRWG5MCpwOFMK+g6eKFo8MGbtIP21hts8pcEMb7pZv6MNPMK93Z2/izXFb0LphE2wC+5EbOCZVbh0OKU/Yl/J7/N+DuVFm0y4JB30CIOIG5QjVjkUdMKAKOPGgfaWt4CIZxVjpO18CikUFAjrpBy7WjvAPU73m6fEIgEW5MPDkRfSQND7w+fQ2xPRyQ2Hp7xYS5+l7uW3+2cS5tRPKuYZVFMKuc"}
{"@timestamp": "2019-08-02T09:55:34.644Z", "@metadata": {"beat": "winlogbeat", "type": "_doc", "version": "7.2.0", "topic": "wineventlog_raw"}, "winlog": {"keywords": ["Audit Success"], "provider_name": "Microsoft-Windows-Security-Auditing", "provider_guid": "{54849625-5478-4994-A5BA-3E3B0328C30D}", "process": {"pid": 448, "thread": {"id": 512}}, "event_id": 4672, "record_id": 4694, "computer_name": "CLIENT1", "event_data": {"SubjectUserName": "<pseudonym:f119e812403f34bc9c93a15392e371bd51bfd51f59deda80c5caac2a6f172b3c>", "SubjectDomainName": "CLIENT1", "SubjectLogonId": "0x1ab80", "PrivilegeList": "SeSecurityPrivilege\n\t\t\tSeTakeOwnershipPrivilege\n\t\t\tSeLoadDriverPrivilege\n\t\t\tSeBackupPrivilege\n\t\t\tSeRestorePrivilege\n\t\t\tSeDebugPrivilege\n\t\t\tSeSystemEnvironmentPrivilege\n\t\t\tSeImpersonatePrivilege", "SubjectUserSid": "<pseudonym:2246ce99b75c4aebaf0cd5d095e35cdb0cbf0f8adaf28ed864467242b621c30c>"}, "opcode": "Info", "channel": "Security", "task": "Special Logon", "api": "wineventlog"}, "event": {"created": "2019-08-02T09:55:36.334Z", "kind": "event", "code": 4672, "action": "Special Logon"}, "log": {"level": "information"}, "message": "Special privileges assigned to new logon.\n\nSubject:\n\tSecurity ID:\t\tS-1-5-21-1918032094-2382968797-800248713-1000\n\tAccount Name:\t\tbreach\n\tAccount Domain:\t\tCLIENT1\n\tLogon ID:\t\t0x1ab80\n\nPrivileges:\t\tSeSecurityPrivilege\n\t\t\tSeTakeOwnershipPrivilege\n\t\t\tSeLoadDriverPrivilege\n\t\t\tSeBackupPrivilege\n\t\t\tSeRestorePrivilege\n\t\t\tSeDebugPrivilege\n\t\t\tSeSystemEnvironmentPrivilege\n\t\t\tSeImpersonatePrivilege", "agent": {"type": "winlogbeat", "ephemeral_id": "de845cd9-5141-4c92-ad32-27a4518307e9", "hostname": "CLIENT1", "id": "0b755aca-0a9a-454a-9800-1979901962a0", "version": "7.2.0"}, "ecs": {"version": "1.0.0"}, "host": {"os": {"build": "7601.0", "platform": "windows", "version": "6.1", "family": "windows", "name": "Windows 7 Professional", "kernel": "6.1.7601.18741 (win7sp1_gdr.150202-1526)"}, "id": "19fc45ac-5890-4f96-81b1-50ed111c0ce4", "hostname": "CLIENT1", "name": "CLIENT1", "architecture": "x86"}}
{"@timestamp": "2019-08-02T09:55:37.000Z", "@metadata": {"beat": "winlogbeat", "type": "_doc", "version": "7.2.0", "topic": "wineventlog_raw"}, "winlog": {"channel": "Application", "provider_name": "Microsoft-Windows-Security-SPP", "record_id": 2934, "provider_guid": "{E23B33B0-C8C9-472C-A5F9-F2BDFEA0F156}", "keywords": ["Classic"], "task": "", "api": "wineventlog", "computer_name": "CLIENT1", "event_id": 1003, "event_data": {"param1": "55c92734-d682-4d71-983e-d6ec3f16059f", "param2": "\n1: 4de78642-0f7f-4b61-9392-8add86d70ae8, 1, 0 [(0 [0xC004F014, 0, 0], [(?)(?)(?)(?)(?)(?)])(1 )(2 )]\n2: 50e329f7-a5fa-46b2-85fd-f224e5da7764, 1, 0 [(0 [0xC004F014, 0, 0], [(?)(?)(?)(?)(?)(?)])(1 )(2 )]\n3: 5a79ecd8-d33f-406c-a619-7785899b5d59, 1, 0 [(0 [0xC004F014, 0, 0], [(?)(?)(?)(?)(?)(?)])(1 )(2 )]\n4: 770bc271-8dc1-467d-b574-73cbacbeccd1, 1, 0 [(0 [0xC004F014, 0, 0], [(?)(?)(?)(?)(?)(?)])(1 )(2 )]\n5: 90a61a0d-0b76-4bf1-a8b8-89061855a4c9, 1, 0 [(0 [0xC004F014, 0, 0], [(?)(?)(?)(?)(?)(?)])(1 )(2 )]\n6: 92f9d22a-65f5-49a7-90fe-06491b4fc379, 1, 0 [(0 [0xC004F014, 0, 0], [(?)(?)(?)(?)(?)(?)])(1 )(2 )]\n7: 9abf5984-9c16-46f2-ad1e-7fe15931a8dd, 1, 0 [(0 [0xC004F014, 0, 0], [(?)(?)(?)(?)(?)(?)])(1 )(2 )]\n8: 9ccffaf9-86a2-414e-b031-b2f777720e90, 1, 0 [(0 [0xC004F014, 0, 0], [(?)(?)(?)(?)(?)(?)])(1 )(2 )]\n9: b92e9980-b9d5-4821-9c94-140f632f6312, 1, 0 [(0 [0xC004F014, 0, 0], [(?)(?)(?)(?)(?)(?)])(1 )(2 )]\n10: c1027486-8ae8-4633-9cf9-9658ed80504d, 1, 0 [(0 [0xC004F014, 0, 0], [(?)(?)(?)(?)(?)(?)])(1 )(2 )]\n11: c1e88de3-96c4-4563-ad7d-775f65b1e670, 1, 1 [(0 [0xC004E003, 0, 0], [( 1 0xC004F00F 3 0 msft:rm/algorithm/hwid/4.0 0x00000000 0)(?)( 1 0xC004F00F 3 0 msft:rm/algorithm/hwid/4.0 0x00000000 0)(?)(?)(?)])(1 )(2 [0x00000000, 0, 0], [( 5 0xC004F009 30 0)( 5 0xC004F009 30 0)( 1 0x00000000 0 0 msft:rm/algorithm/flags/1.0 0x00000000 0)(?)(?)( 9 0x00000000 0xC004F00F)])]\n12: c33001fc-5e9c-4f27-8c05-e0154adb0db4, 1, 0 [(0 [0xC004F014, 0, 0], [(?)(?)(?)(?)(?)(?)])(1 )(2 )]\n13: cf3c5b35-35ff-4c95-9bbd-a188e47ad14c, 1, 0 [(0 [0xC004F014, 0, 0], [(?)(?)(?)(?)(?)(?)])(1 )(2 )]\n14: cff07cac-7534-4cc3-b3f3-99e1a0aa3c20, 1, 0 [(0 [0xC004F014, 0, 0], [(?)(?)(?)(?)(?)(?)])(1 )(2 )]\n15: d188820a-cb63-4bad-a9a2-40b843ee23b7, 1, 0 [(0 [0xC004F014, 0, 0], [(?)(?)(?)(?)(?)(?)])(1 )(2 )]\n16: d8e04254-f9a5-4729-ae86-886de6aa907c, 1, 0 [(0 [0xC004F014, 0, 0], [(?)(?)(?)(?)(?)(?)])(1 )(2 )]\n17: da22eadd-46dc-4056-a287-f5041c852470, 1, 0 [(0 [0xC004F014, 0, 0], [(?)(?)(?)(?)(?)(?)])(1 )(2 )]\n18: e120e868-3df2-464a-95a0-b52fa5ada4bf, 1, 0 [(0 [0xC004F014, 0, 0], [(?)(?)(?)(?)(?)(?)])(1 )(2 )]\n19: e838d943-63ed-4a0b-9fb1-47152908acc9, 1, 0 [(0 [0xC004F014, 0, 0], [(?)(?)(?)(?)(?)(?)])(1 )(2 )]\n20: 4a8149bb-7d61-49f4-8822-82c7bf88d64b, 1, 0 [(0 [0xC004F014, 0, 0], [(?)(?)(?)(?)(?)(?)])(1 )(2 )]\n21: afd5f68f-b70f-4000-a21d-28dbc8be8b07, 1, 0 [(0 [0xC004F014, 0, 0], [(?)(?)(?)(?)(?)(?)])(1 )(2 )]"}}, "event": {"kind": "event", "code": 1003, "created": "2019-08-02T09:55:38.340Z"}, "log": {"level": "information"}, "message": "The Software Protection service has completed licensing status check.\nApplication Id=55c92734-d682-4d71-983e-d6ec3f16059f\nLicensing Status=\n1: 4de78642-0f7f-4b61-9392-8add86d70ae8, 1, 0 [(0 [0xC004F014, 0, 0], [(?)(?)(?)(?)(?)(?)])(1 )(2 )]\n2: 50e329f7-a5fa-46b2-85fd-f224e5da7764, 1, 0 [(0 [0xC004F014, 0, 0], [(?)(?)(?)(?)(?)(?)])(1 )(2 )]\n3: 5a79ecd8-d33f-406c-a619-7785899b5d59, 1, 0 [(0 [0xC004F014, 0, 0], [(?)(?)(?)(?)(?)(?)])(1 )(2 )]\n4: 770bc271-8dc1-467d-b574-73cbacbeccd1, 1, 0 [(0 [0xC004F014, 0, 0], [(?)(?)(?)(?)(?)(?)])(1 )(2 )]\n5: 90a61a0d-0b76-4bf1-a8b8-89061855a4c9, 1, 0 [(0 [0xC004F014, 0, 0], [(?)(?)(?)(?)(?)(?)])(1 )(2 )]\n6: 92f9d22a-65f5-49a7-90fe-06491b4fc379, 1, 0 [(0 [0xC004F014, 0, 0], [(?)(?)(?)(?)(?)(?)])(1 )(2 )]\n7: 9abf5984-9c16-46f2-ad1e-7fe15931a8dd, 1, 0 [(0 [0xC004F014, 0, 0], [(?)(?)(?)(?)(?)(?)])(1 )(2 )]\n8: 9ccffaf9-86a2-414e-b031-b2f777720e90, 1, 0 [(0 [0xC004F014, 0, 0], [(?)(?)(?)(?)(?)(?)])(1 )(2 )]\n9: b92e9980-b9d5-4821-9c94-140f632f6312, 1, 0 [(0 [0xC004F014, 0, 0], [(?)(?)(?)(?)(?)(?)])(1 )(2 )]\n10: c1027486-8ae8-4633-9cf9-9658ed80504d, 1, 0 [(0 [0xC004F014, 0, 0], [(?)(?)(?)(?)(?)(?)])(1 )(2 )]\n11: c1e88de3-96c4-4563-ad7d-775f65b1e670, 1, 1 [(0 [0xC004E003, 0, 0], [( 1 0xC004F00F 3 0 msft:rm/algorithm/hwid/4.0 0x00000000 0)(?)( 1 0xC004F00F 3 0 msft:rm/algorithm/hwid/4.0 0x00000000 0)(?)(?)(?)])(1 )(2 [0x00000000, 0, 0], [( 5 0xC004F009 30 0)( 5 0xC004F009 30 0)( 1 0x00000000 0 0 msft:rm/algorithm/flags/1.0 0x00000000 0)(?)(?)( 9 0x00000000 0xC004F00F)])]\n12: c33001fc-5e9c-4f27-8c05-e0154adb0db4, 1, 0 [(0 [0xC004F014, 0, 0], [(?)(?)(?)(?)(?)(?)])(1 )(2 )]\n13: cf3c5b35-35ff-4c95-9bbd-a188e47ad14c, 1, 0 [(0 [0xC004F014, 0, 0], [(?)(?)(?)(?)(?)(?)])(1 )(2 )]\n14: cff07cac-7534-4cc3-b3f3-99e1a0aa3c20, 1, 0 [(0 [0xC004F014, 0, 0], [(?)(?)(?)(?)(?)(?)])(1 )(2 )]\n15: d188820a-cb63-4bad-a9a2-40b843ee23b7, 1, 0 [(0 [0xC004F014, 0, 0], [(?)(?)(?)(?)(?)(?)])(1 )(2 )]\n16: d8e04254-f9a5-4729-ae86-886de6aa907c, 1, 0 [(0 [0xC004F014, 0, 0], [(?)(?)(?)(?)(?)(?)])(1 )(2 )]\n17: da22eadd-46dc-4056-a287-f5041c852470, 1, 0 [(0 [0xC004F014, 0, 0], [(?)(?)(?)(?)(?)(?)])(1 )(2 )]\n18: e120e868-3df2-464a-95a0-b52fa5ada4bf, 1, 0 [(0 [0xC004F014, 0, 0], [(?)(?)(?)(?)(?)(?)])(1 )(2 )]\n19: e838d943-63ed-4a0b-9fb1-47152908acc9, 1, 0 [(0 [0xC004F014, 0, 0], [(?)(?)(?)(?)(?)(?)])(1 )(2 )]\n20: 4a8149bb-7d61-49f4-8822-82c7bf88d64b, 1, 0 [(0 [0xC004F014, 0, 0], [(?)(?)(?)(?)(?)(?)])(1 )(2 )]\n21: afd5f68f-b70f-4000-a21d-28dbc8be8b07, 1, 0 [(0 [0xC004F014, 0, 0], [(?)(?)(?)(?)(?)(?)])(1 )(2 )]", "ecs": {"version": "1.0.0"}, "host": {"id": "19fc45ac-5890-4f96-81b1-50ed111c0ce4", "hostname": "CLIENT1", "architecture": "x86", "name": "CLIENT1", "os": {"kernel": "6.1.7601.18741 (win7sp1_gdr.150202-1526)", "build": "7601.0", "platform": "windows", "version": "6.1", "family": "windows", "name": "Windows 7 Professional"}}, "agent": {"type": "winlogbeat", "ephemeral_id": "de845cd9-5141-4c92-ad32-27a4518307e9", "hostname": "CLIENT1", "id": "0b755aca-0a9a-454a-9800-1979901962a0", "version": "7.2.0"}}
{"@timestamp": "2019-08-02T09:55:42.000Z", "@metadata": {"beat": "winlogbeat", "type": "_doc", "version": "7.2.0", "topic": "wineventlog_raw"}, "winlog": {"record_id": 2936, "event_id": 4104, "task": "", "computer_name": "CLIENT1", "provider_name": "Microsoft-Windows-Winlogon", "api": "wineventlog", "provider_guid": "{DBE9B383-7CF3-4331-91CC-A3CB16A3B538}", "channel": "Application", "keywords": ["Classic"], "event_data": {"param1": "0x00000000", "param2": "0x00000000"}}, "event": {"code": 4104, "created": "2019-08-02T09:55:42.366Z", "kind": "event"}, "log": {"level": "information"}, "message": "Accessing Windows in Notification period.", "ecs": {"version": "1.0.0"}, "host": {"name": "CLIENT1", "hostname": "CLIENT1", "architecture": "x86", "os": {"platform": "windows", "version": "6.1", "family": "windows", "name": "Windows 7 Professional", "kernel": "6.1.7601.18741 (win7sp1_gdr.150202-1526)", "build": "7601.0"}, "id": "19fc45ac-5890-4f96-81b1-50ed111c0ce4"}, "agent": {"ephemeral_id": "de845cd9-5141-4c92-ad32-27a4518307e9", "hostname": "CLIENT1", "id": "0b755aca-0a9a-454a-9800-1979901962a0", "version": "7.2.0", "type": "winlogbeat"}}
{"pseudonym": "387dddca7f9c9fa71c41295d7790d3bcd791cfe79b2dd4843551dfd0bf47acf2", "origin": "aXmngUoC3fU7La4jIDJx8VJ0QEVBtXnPalVsraCaAix1zZDvBgZ3kqaNYbHyeA0CjAK9J9+9+wsX7KPJQTXPdBl7133XzqZYrADJN5AiIWhSOrAnTQrrm1O1Y2ziEx6Z/kcKxJ9VfurAbful4lenJIVKUewJ9Ewt33MT+Mz39QSLSE/MQ6CdAXPhLATkB8LCTh2qJl0KPFZazd1AGYcCeGPZRNE18iBFPyUDBdUBTz1QKncWm99CbOmr+JmcC+KpT/0UjlOakbVTQsoWF8Zv8uC0RbFEPNkZccVBzd0Q0fZogpG7Dhv1GAXgjJzMH3vKN6EZVAW0NUtlk4aUIVu5HeulV5tcWFiccnpl6v1C"}
{"pseudonym": "cd1a3afeeac92cb813605e21e464de7db0ca53fa0190d3a1372a46f60ddd0712", "origin": "gFwhUmvPhJLetUVu8KgmUbG4nqLnH9DcKPxQAHMPxuqInAUxVr0318OusqwrJdhsMmTjsGdLANGUrOTdy72BLFCRF3hHJYW2WHBtMHdT6giZlSTDzqsIkUygp92cIalF/8AJwhuUxtGEC45Ip9rkqYz0R6HwiSH1R2DpWgD+WV7+w30fT2VX+XBt2IwmY2ssACm170HejPeW0wSsihO6X8y8eaKjVuQwRxttAl1Eym5n7jGqL+6OQCjyfnXf6xlKA44PJQOTY6nfEU+Hd+x+++JcN+S+TI/FtYCPdL2ybwKa/nBwjymCjLMWT09Lsc8bpQQqQ9O4yXm2lcoD5uBW68C94oGdZ5q73KwzBgXNqPw="}
{"@timestamp": "2019-08-02T09:55:51.715Z", "@metadata": {"beat": "winlogbeat", "type": "_doc", "version": "7.2.0", "topic": "wineventlog_raw"}, "message": "Special privileges assigned to new logon.\n\nSubject:\n\tSecurity ID:\t\tS-1-5-18\n\tAccount Name:\t\tSYSTEM\n\tAccount Domain:\t\tNT AUTHORITY\n\tLogon ID:\t\t0x3e7\n\nPrivileges:\t\tSeAssignPrimaryTokenPrivilege\n\t\t\tSeTcbPrivilege\n\t\t\tSeSecurityPrivilege\n\t\t\tSeTakeOwnershipPrivilege\n\t\t\tSeLoadDriverPrivilege\n\t\t\tSeBackupPrivilege\n\t\t\tSeRestorePrivilege\n\t\t\tSeDebugPrivilege\n\t\t\tSeAuditPrivilege\n\t\t\tSeSystemEnvironmentPrivilege\n\t\t\tSeImpersonatePrivilege", "ecs": {"version": "1.0.0"}, "host": {"name": "CLIENT1", "os": {"family": "windows", "name": "Windows 7 Professional", "kernel": "6.1.7601.18741 (win7sp1_gdr.150202-1526)", "build": "7601.0", "platform": "windows", "version": "6.1"}, "id": "19fc45ac-5890-4f96-81b1-50ed111c0ce4", "hostname": "CLIENT1", "architecture": "x86"}, "agent": {"ephemeral_id": "de845cd9-5141-4c92-ad32-27a4518307e9", "hostname": "CLIENT1", "id": "0b755aca-0a9a-454a-9800-1979901962a0", "version": "7.2.0", "type": "winlogbeat"}, "winlog": {"task": "Special Logon", "process": {"pid": 448, "thread": {"id": 496}}, "record_id": 4696, "provider_guid": "{54849625-5478-4994-A5BA-3E3B0328C30D}", "opcode": "Info", "event_data": {"SubjectUserSid": "<pseudonym:cd1a3afeeac92cb813605e21e464de7db0ca53fa0190d3a1372a46f60ddd0712>", "SubjectUserName": "<pseudonym:387dddca7f9c9fa71c41295d7790d3bcd791cfe79b2dd4843551dfd0bf47acf2>", "SubjectDomainName": "NT AUTHORITY", "SubjectLogonId": "0x3e7", "PrivilegeList": "SeAssignPrimaryTokenPrivilege\n\t\t\tSeTcbPrivilege\n\t\t\tSeSecurityPrivilege\n\t\t\tSeTakeOwnershipPrivilege\n\t\t\tSeLoadDriverPrivilege\n\t\t\tSeBackupPrivilege\n\t\t\tSeRestorePrivilege\n\t\t\tSeDebugPrivilege\n\t\t\tSeAuditPrivilege\n\t\t\tSeSystemEnvironmentPrivilege\n\t\t\tSeImpersonatePrivilege"}, "channel": "Security", "event_id": 4672, "api": "wineventlog", "provider_name": "Microsoft-Windows-Security-Auditing", "keywords": ["Audit Success"], "computer_name": "CLIENT1"}, "event": {"created": "2019-08-02T09:55:54.382Z", "kind": "event", "code": 4672, "action": "Special Logon"}, "log": {"level": "information"}}
{"pseudonym": "e887f3a09fdddf7c81a563b81f90ed9499d86badaa6173d1aa197a2b544d13b1", "origin": "Q+0LeVkGWsDcwKBRzRrogplJ2DQtmZ7ZxwtmyC+PlDg/iLBlCM7YM4QAxSvUv1W0A/uNZ4Alsus+LGQM+46YGMzGJgxhDbv4at3db39EL9owlpEzUpHhwADbCklf2+lSxaEn8z3FFbjzb5WvbFzx/S4VA8l46WlEKuK+4o8uZ4w5DvDyw60CpMPDQl6dwgp4Uv3LMChZc/JDr3UWL4Te8YAZhcOJIMrQKDc6R5VCw1unrs1sWza7gMkt3cJEqegh4NiEd1uAh+kaRaNsCxvAK9EDx7U/VlPAOrTSRq1gkSvJOROMPuMNXhB5MfWosgsp1ecBM/S/D1AkYiz6z2rfOZNC17OE0Js8Z5npzfItaZo="}
{"pseudonym": "cd1a3afeeac92cb813605e21e464de7db0ca53fa0190d3a1372a46f60ddd0712", "origin": "BddzjcuzJT976nO3VEQeUFrkeQy5d7cmZQdkOQ1JXXJ2buc0JJb/uRrdrbnIOPAvMKdzCKy54+P2mTwEOALviUQxQNKiOY1lb+SSjuXpiMDr3ECQjyDyBeIi6CfsQ+1eX6oFPfC8PySHIEiPQGnHJPXUiJ+p4SJsfasB/fR3RqvN7hyneSDI2jo+gA4+Y/oWLLeKRHUKQ7uWmXlR4oLHnXGhd/o84YFhaZWAdyrHfAR4gUsxXEmj1LY0VF9i/c7k4lViWy2chzqtJ01UvZw7uueJy2AztJP78uEEnZitpY/YhrUKAf215DqlDK13Z9PmXSB0iASK4nvQpoB1W/+QfYQQQqdpbCSW15KxWS3YpQM="}
{"@timestamp": "2019-08-02T10:10:05.545Z", "@metadata": {"beat": "winlogbeat", "type": "_doc", "version": "7.2.0", "topic": "wineventlog_raw"}, "winlog": {"provider_name": "Microsoft-Windows-Security-Auditing", "version": 1, "process": {"thread": {"id": 60}, "pid": 4}, "event_data": {"SubjectUserSid": "<pseudonym:cd1a3afeeac92cb813605e21e464de7db0ca53fa0190d3a1372a46f60ddd0712>", "SubjectUserName": "<pseudonym:e887f3a09fdddf7c81a563b81f90ed9499d86badaa6173d1aa197a2b544d13b1>", "SubjectDomainName": "WORKGROUP", "SubjectLogonId": "0x3e7", "PreviousTime": "2019-08-02T10:10:06.482791500Z", "NewTime": "2019-08-02T10:10:05.545000000Z", "ProcessId": "0x5b4", "ProcessName": "C:\\Program Files\\NetTime\\NetTimeService.exe"}, "record_id": 4701, "task": "Security State Change", "opcode": "Info", "channel": "Security", "api": "wineventlog", "computer_name": "CLIENT1", "keywords": ["Audit Success"], "event_id": 4616, "provider_guid": "{54849625-5478-4994-A5BA-3E3B0328C30D}"}, "event": {"kind": "event", "code": 4616, "action": "Security State Change", "created": "2019-08-02T10:10:07.953Z"}, "log": {"level": "information"}, "message": "The system time was changed.\n\nSubject:\n\tSecurity ID:\t\tS-1-5-18\n\tAccount Name:\t\tCLIENT1$\n\tAccount Domain:\t\tWORKGROUP\n\tLogon ID:\t\t0x3e7\n\nProcess Information:\n\tProcess ID:\t0x5b4\n\tName:\t\tC:\\Program Files\\NetTime\\NetTimeService.exe\n\nPrevious Time:\t\t\u200e2019\u200e-\u200e08\u200e-\u200e02T10:10:06.482791500Z\nNew Time:\t\t\u200e2019\u200e-\u200e08\u200e-\u200e02T10:10:05.545000000Z\n\nThis event is generated when the system time is changed. It is normal for the Windows Time Service, which runs with System privilege, to change the system time on a regular basis. Other system time changes may be indicative of attempts to tamper with the computer.", "ecs": {"version": "1.0.0"}, "host": {"name": "CLIENT1", "id": "19fc45ac-5890-4f96-81b1-50ed111c0ce4", "hostname": "CLIENT1", "architecture": "x86", "os": {"name": "Windows 7 Professional", "kernel": "6.1.7601.18741 (win7sp1_gdr.150202-1526)", "build": "7601.0", "platform": "windows", "version": "6.1", "family": "windows"}}, "agent": {"version": "7.2.0", "type": "winlogbeat", "ephemeral_id": "de845cd9-5141-4c92-ad32-27a4518307e9", "hostname": "CLIENT1", "id": "0b755aca-0a9a-454a-9800-1979901962a0"}}
{"@timestamp": "2019-08-02T10:11:38.448Z", "@metadata": {"beat": "winlogbeat", "type": "_doc", "version": "7.2.0", "topic": "wineventlog_raw"}, "ecs": {"version": "1.0.0"}, "winlog": {"provider_guid": "{555908d1-a6d7-4695-8e1e-26931d2012f4}", "process": {"pid": 440, "thread": {"id": 3060}}, "task": "", "keywords": ["Classic"], "event_id": 7036, "event_data": {"param1": "WinHTTP Web Proxy Auto-Discovery Service", "param2": "stopped", "Binary": "570069006E0048007400740070004100750074006F00500072006F00780079005300760063002F0031000000"}, "channel": "System", "record_id": 11784, "api": "wineventlog", "computer_name": "CLIENT1", "provider_name": "Service Control Manager"}, "event": {"kind": "event", "code": 7036, "created": "2019-08-02T10:11:40.851Z"}, "log": {"level": "information"}, "message": "The WinHTTP Web Proxy Auto-Discovery Service service entered the stopped state.", "host": {"name": "CLIENT1", "os": {"family": "windows", "name": "Windows 7 Professional", "kernel": "6.1.7601.18741 (win7sp1_gdr.150202-1526)", "build": "7601.0", "platform": "windows", "version": "6.1"}, "id": "19fc45ac-5890-4f96-81b1-50ed111c0ce4", "hostname": "CLIENT1", "architecture": "x86"}, "agent": {"hostname": "CLIENT1", "id": "0b755aca-0a9a-454a-9800-1979901962a0", "version": "7.2.0", "type": "winlogbeat", "ephemeral_id": "de845cd9-5141-4c92-ad32-27a4518307e9"}}
{"pseudonym": "e887f3a09fdddf7c81a563b81f90ed9499d86badaa6173d1aa197a2b544d13b1", "origin": "rg3eyeesFJFAZCP6iME0zMRi5hli6P3yAzkZp9HajuDoHjeFMybM0qeCozPEAVq1RYuUynvynw7U9Q06YW7obC7k735VQ79mDHas7y1EuEH3ot1o1Sku/EqYRJgSJmgF09//fql1GTZAL3PqHlNXEx0BPNDmaDi4PxQZWt//DPrPKQu4oWyC09jAEnUx2Y7oPyrPep2Cj47SnI8mep7loUST3A/SQmYHSkH8CcJS+jvXqSr8p2qgrP7QbNgTMWJeiMPw8ECxlsuDcTdIqD2VOf3iDQu3iOPsPzh4vOyZNvUFEULTC12M0kvgMjJrQknMmr/W17pZ0xoMAigVdCKx+Lry8ERJ/VOz47vGTWpV9SU="}
{"pseudonym": "cd1a3afeeac92cb813605e21e464de7db0ca53fa0190d3a1372a46f60ddd0712", "origin": "YDqkOyyuSN/jJPzeimuG2/k1kwhXujvtLrvk+OjFgWb4XYwoLOGODJiVumjrg0aDEgyBIsHYv2IRpN788fIeWM7kHLxkCNTz4HhGLMsXXZreoFiLYJhKez40hW2/kMTKGZkH7xga8bf3Rth3zxBr+9j6TS+1GnX9RTGa+nkvaPlXVrWWLFh4OqAzVyJvEIcjb1q8Gs0Z+VLXQC3Til82tO+mgEaSfopNwM8Ana0qeYHzjO61gUi3x+RhXIxMwELtHy8FzYnKsB8Xz0k3nyuzckZMB7Mkd4cq8NvjTbgtyU+WFVz9Tqs2yKeQt3eHzo/cIBN1Aggi3v6QwqH+Uhozg2hklfpjNiV3ejQP3p3YME0="}
{"@timestamp": "2019-08-02T10:35:04.654Z", "@metadata": {"beat": "winlogbeat", "type": "_doc", "version": "7.2.0", "topic": "wineventlog_raw"}, "winlog": {"provider_guid": "{54849625-5478-4994-A5BA-3E3B0328C30D}", "version": 1, "channel": "Security", "event_id": 4616, "record_id": 4708, "api": "wineventlog", "computer_name": "CLIENT1", "keywords": ["Audit Success"], "opcode": "Info", "event_data": {"SubjectDomainName": "WORKGROUP", "SubjectLogonId": "0x3e7", "PreviousTime": "2019-08-02T10:35:05.419136600Z", "NewTime": "2019-08-02T10:35:04.654000000Z", "ProcessId": "0x5b4", "ProcessName": "C:\\Program Files\\NetTime\\NetTimeService.exe", "SubjectUserSid": "<pseudonym:cd1a3afeeac92cb813605e21e464de7db0ca53fa0190d3a1372a46f60ddd0712>", "SubjectUserName": "<pseudonym:e887f3a09fdddf7c81a563b81f90ed9499d86badaa6173d1aa197a2b544d13b1>"}, "provider_name": "Microsoft-Windows-Security-Auditing", "task": "Security State Change", "process": {"pid": 4, "thread": {"id": 60}}}, "event": {"kind": "event", "code": 4616, "action": "Security State Change", "created": "2019-08-02T10:35:06.001Z"}, "log": {"level": "information"}, "message": "The system time was changed.\n\nSubject:\n\tSecurity ID:\t\tS-1-5-18\n\tAccount Name:\t\tCLIENT1$\n\tAccount Domain:\t\tWORKGROUP\n\tLogon ID:\t\t0x3e7\n\nProcess Information:\n\tProcess ID:\t0x5b4\n\tName:\t\tC:\\Program Files\\NetTime\\NetTimeService.exe\n\nPrevious Time:\t\t\u200e2019\u200e-\u200e08\u200e-\u200e02T10:35:05.419136600Z\nNew Time:\t\t\u200e2019\u200e-\u200e08\u200e-\u200e02T10:35:04.654000000Z\n\nThis event is generated when the system time is changed. It is normal for the Windows Time Service, which runs with System privilege, to change the system time on a regular basis. Other system time changes may be indicative of attempts to tamper with the computer.", "ecs": {"version": "1.0.0"}, "host": {"name": "CLIENT1", "os": {"kernel": "6.1.7601.18741 (win7sp1_gdr.150202-1526)", "build": "7601.0", "platform": "windows", "version": "6.1", "family": "windows", "name": "Windows 7 Professional"}, "id": "19fc45ac-5890-4f96-81b1-50ed111c0ce4", "hostname": "CLIENT1", "architecture": "x86"}, "agent": {"version": "7.2.0", "type": "winlogbeat", "ephemeral_id": "de845cd9-5141-4c92-ad32-27a4518307e9", "hostname": "CLIENT1", "id": "0b755aca-0a9a-454a-9800-1979901962a0"}}
{"@timestamp": "2019-08-02T10:45:09.835Z", "@metadata": {"beat": "winlogbeat", "type": "_doc", "version": "7.2.0", "topic": "wineventlog_raw"}, "winlog": {"provider_name": "Service Control Manager", "api": "wineventlog", "keywords": ["Classic"], "channel": "System", "computer_name": "CLIENT1", "process": {"thread": {"id": 3108}, "pid": 440}, "event_id": 7036, "task": "", "provider_guid": "{555908d1-a6d7-4695-8e1e-26931d2012f4}", "event_data": {"Binary": "5600530053002F0034000000", "param1": "Volume Shadow Copy", "param2": "running"}, "record_id": 11796}, "event": {"kind": "event", "code": 7036, "created": "2019-08-02T10:45:11.336Z"}, "log": {"level": "information"}, "message": "The Volume Shadow Copy service entered the running state.", "host": {"architecture": "x86", "name": "CLIENT1", "os": {"build": "7601.0", "platform": "windows", "version": "6.1", "family": "windows", "name": "Windows 7 Professional", "kernel": "6.1.7601.18741 (win7sp1_gdr.150202-1526)"}, "id": "19fc45ac-5890-4f96-81b1-50ed111c0ce4", "hostname": "CLIENT1"}, "agent": {"type": "winlogbeat", "ephemeral_id": "de845cd9-5141-4c92-ad32-27a4518307e9", "hostname": "CLIENT1", "id": "0b755aca-0a9a-454a-9800-1979901962a0", "version": "7.2.0"}, "ecs": {"version": "1.0.0"}}
{"pseudonym": "e887f3a09fdddf7c81a563b81f90ed9499d86badaa6173d1aa197a2b544d13b1", "origin": "jwIrTEwiBBxGH5O2nnN9rkyuHTTD2U6QGOHQRvSlKDJ2xvlncLu9TaX2DGQJiOhFxoOp0oNd78rD3Etco+eo5j9GiIvV+E+2qTXnJ0isns3T+czWGn9hPbEsv8STsVchWikAxjtcSsO01QxYxTHRVOaXNsN2qFAUy87clKcmaBKP4IkcPbHR8+BldtMWJCa0RWB3TOxPn8HDqd/6Z7hT7Bbp5BGyUz41ATLGVLiL5u/UhVMqv1wIG7TE/Hbiofxyd+93AipViyIf9SRsU9rIH651+85V22+rRInilCbbZhcKSILVAG26oS4hujklJ35hqr+b2gNE9oA/oOupobLpqG1qGXq5zSXWix/HM79WG3U="}
{"pseudonym": "cd1a3afeeac92cb813605e21e464de7db0ca53fa0190d3a1372a46f60ddd0712", "origin": "AtEV1lvRyiaZ2Ptm+vRobs/4AYb0qz/vOYV9ZbMjD2MQkNC2yfnQ5iSVVzV7oX7nY6G3gyyaj1sq30DL4YIRbSb0Br8PzqVpw3+V8LspsUh2TGQDjBMez9CchKMfPb1xZCxXIKaC5mWI8s/mRM6hU182HZrX7q2NBP9pIIn44SOL4zxel9q2w/eixkf1PVJZlmsD61+x2O2XZGmbDEQ/5yzM2ri7UaBg0MBuOPQYmMVYqva8OAyTe+GRNpDf+r5O4jzj+1ZaPsSICX0PpfXMFtBFunCTjHHx3Fn94KJ/mcT0SyKvhCppNmJaxYF01bTaJmz++BJbj3NXIYmhEC+OzFNfc+XYz43eMLIUkrZKwZI="}
{"@timestamp": "2019-08-02T12:10:00.466Z", "@metadata": {"beat": "winlogbeat", "type": "_doc", "version": "7.2.0", "topic": "wineventlog_raw"}, "event": {"kind": "event", "code": 4616, "action": "Security State Change", "created": "2019-08-02T12:10:01.799Z"}, "log": {"level": "information"}, "message": "The system time was changed.\n\nSubject:\n\tSecurity ID:\t\tS-1-5-18\n\tAccount Name:\t\tCLIENT1$\n\tAccount Domain:\t\tWORKGROUP\n\tLogon ID:\t\t0x3e7\n\nProcess Information:\n\tProcess ID:\t0x5b4\n\tName:\t\tC:\\Program Files\\NetTime\\NetTimeService.exe\n\nPrevious Time:\t\t\u200e2019\u200e-\u200e08\u200e-\u200e02T12:10:00.996872600Z\nNew Time:\t\t\u200e2019\u200e-\u200e08\u200e-\u200e02T12:10:00.466000000Z\n\nThis event is generated when the system time is changed. It is normal for the Windows Time Service, which runs with System privilege, to change the system time on a regular basis. Other system time changes may be indicative of attempts to tamper with the computer.", "winlog": {"api": "wineventlog", "computer_name": "CLIENT1", "task": "Security State Change", "process": {"pid": 4, "thread": {"id": 60}}, "event_data": {"ProcessId": "0x5b4", "ProcessName": "C:\\Program Files\\NetTime\\NetTimeService.exe", "SubjectUserSid": "<pseudonym:cd1a3afeeac92cb813605e21e464de7db0ca53fa0190d3a1372a46f60ddd0712>", "SubjectUserName": "<pseudonym:e887f3a09fdddf7c81a563b81f90ed9499d86badaa6173d1aa197a2b544d13b1>", "SubjectDomainName": "WORKGROUP", "SubjectLogonId": "0x3e7", "PreviousTime": "2019-08-02T12:10:00.996872600Z", "NewTime": "2019-08-02T12:10:00.466000000Z"}, "channel": "Security", "provider_name": "Microsoft-Windows-Security-Auditing", "event_id": 4616, "keywords": ["Audit Success"], "opcode": "Info", "version": 1, "record_id": 4733, "provider_guid": "{54849625-5478-4994-A5BA-3E3B0328C30D}"}, "agent": {"type": "winlogbeat", "ephemeral_id": "de845cd9-5141-4c92-ad32-27a4518307e9", "hostname": "CLIENT1", "id": "0b755aca-0a9a-454a-9800-1979901962a0", "version": "7.2.0"}, "ecs": {"version": "1.0.0"}, "host": {"name": "CLIENT1", "hostname": "CLIENT1", "architecture": "x86", "os": {"kernel": "6.1.7601.18741 (win7sp1_gdr.150202-1526)", "build": "7601.0", "platform": "windows", "version": "6.1", "family": "windows", "name": "Windows 7 Professional"}, "id": "19fc45ac-5890-4f96-81b1-50ed111c0ce4"}}
{"pseudonym": "e887f3a09fdddf7c81a563b81f90ed9499d86badaa6173d1aa197a2b544d13b1", "origin": "SBhLSmIOf7Y033jbNSEAnD28V+4g1bWx/xCl6nZWRI0N50svKsO236m4b8SsKzgU7emYy526t707sgoJrzFBAsf1PMSBA+jL7aU4BBr4LYCtLY5v0jkCFAb/Pg1wcxTdBM4U0GWhiyD8RA8xY+uGvhxcjKepB/KAAirUbT9CnlqpkRgGyCdEvuKj0YQ8plhzAb0kodk1oHouByTGjL3n4DcPYNH5WIasUO+bNWYKTTb86hq5ZNqr7k58kcMPJWl/qpwPlHg8Ur8Gc21Feje+bLCBzPIsVAt5Zf3MxLv8DXkyhEvtTwD9DO7O1kZeWW4Fs24cRcQoaUp4jwzEKUW0sDo0dQgR7r7wKXHQ9WRMAPE="}
{"pseudonym": "cd1a3afeeac92cb813605e21e464de7db0ca53fa0190d3a1372a46f60ddd0712", "origin": "IgqqIRI+LtZuqsKZH7tHaYx9gyd2flQ2SERNMmm6wG7facQWvJLuBuo/0UWQ2bqvYRZE5KRA9OUsELretC5Gl9VSg90HtLlLFgXieUSA0LG05zpm2xvy80v9dO/s56G4gwo8UM6K6+r64VFIHzh52KyBJwSElfqMKGYUODkB9BoN1+S4apct7d6sMYS0SNzWf7efuIhteloWFn5TsodM6UqiFCu+i5Of89DbnpOXrW3Jzept1X4DMbm2bxBx8LOlS0SmzOd2L+Hwt9U6E8cADs97h4rLjmTpIT4To/MU1W17X2uC7ajvGyOMbbB6ecNu/PIXjBQuW7Riv9Vhzs93b96bVBl0ZGe5teGoazLwRjk="}
{"@timestamp": "2019-08-02T12:55:01.118Z", "@metadata": {"beat": "winlogbeat", "type": "_doc", "version": "7.2.0", "topic": "wineventlog_raw"}, "message": "The system time was changed.\n\nSubject:\n\tSecurity ID:\t\tS-1-5-18\n\tAccount Name:\t\tCLIENT1$\n\tAccount Domain:\t\tWORKGROUP\n\tLogon ID:\t\t0x3e7\n\nProcess Information:\n\tProcess ID:\t0x5b4\n\tName:\t\tC:\\Program Files\\NetTime\\NetTimeService.exe\n\nPrevious Time:\t\t\u200e2019\u200e-\u200e08\u200e-\u200e02T12:55:01.266075600Z\nNew Time:\t\t\u200e2019\u200e-\u200e08\u200e-\u200e02T12:55:01.117000000Z\n\nThis event is generated when the system time is changed. It is normal for the Windows Time Service, which runs with System privilege, to change the system time on a regular basis. Other system time changes may be indicative of attempts to tamper with the computer.", "host": {"os": {"build": "7601.0", "platform": "windows", "version": "6.1", "family": "windows", "name": "Windows 7 Professional", "kernel": "6.1.7601.18741 (win7sp1_gdr.150202-1526)"}, "id": "19fc45ac-5890-4f96-81b1-50ed111c0ce4", "hostname": "CLIENT1", "architecture": "x86", "name": "CLIENT1"}, "agent": {"version": "7.2.0", "type": "winlogbeat", "ephemeral_id": "de845cd9-5141-4c92-ad32-27a4518307e9", "hostname": "CLIENT1", "id": "0b755aca-0a9a-454a-9800-1979901962a0"}, "ecs": {"version": "1.0.0"}, "winlog": {"version": 1, "event_data": {"SubjectLogonId": "0x3e7", "PreviousTime": "2019-08-02T12:55:01.266075600Z", "NewTime": "2019-08-02T12:55:01.117000000Z", "ProcessId": "0x5b4", "ProcessName": "C:\\Program Files\\NetTime\\NetTimeService.exe", "SubjectUserSid": "<pseudonym:cd1a3afeeac92cb813605e21e464de7db0ca53fa0190d3a1372a46f60ddd0712>", "SubjectUserName": "<pseudonym:e887f3a09fdddf7c81a563b81f90ed9499d86badaa6173d1aa197a2b544d13b1>", "SubjectDomainName": "WORKGROUP"}, "event_id": 4616, "keywords": ["Audit Success"], "provider_guid": "{54849625-5478-4994-A5BA-3E3B0328C30D}", "provider_name": "Microsoft-Windows-Security-Auditing", "channel": "Security", "task": "Security State Change", "api": "wineventlog", "record_id": 4742, "computer_name": "CLIENT1", "opcode": "Info", "process": {"pid": 4, "thread": {"id": 60}}}, "event": {"action": "Security State Change", "created": "2019-08-02T12:55:02.150Z", "kind": "event", "code": 4616}, "log": {"level": "information"}}
{"@timestamp": "2019-07-30T14:38:12.768Z", "@metadata": {"beat": "winlogbeat", "type": "_doc", "version": "7.2.0", "topic": "wineventlog_raw"}, "host": {"name": "CLIENT1", "id": "19fc45ac-5890-4f96-81b1-50ed111c0ce4", "hostname": "CLIENT1", "architecture": "x86", "os": {"build": "7601.0", "platform": "windows", "version": "6.1", "family": "windows", "name": "Windows 7 Professional", "kernel": "6.1.7601.18741 (win7sp1_gdr.150202-1526)"}}, "event": {"kind": "event", "code": 1100, "action": "Service shutdown", "created": "2019-08-05T08:54:03.452Z"}, "log": {"level": "information"}, "message": "The event logging service has shut down.", "winlog": {"process": {"pid": 708, "thread": {"id": 3840}}, "record_id": 4638, "task": "Service shutdown", "provider_guid": "{fc65ddd8-d6ef-4962-83d5-6e5cfe9ce148}", "provider_name": "Microsoft-Windows-Eventlog", "opcode": "Info", "channel": "Security", "api": "wineventlog", "event_id": 1100, "computer_name": "CLIENT1", "keywords": ["Audit Success"]}, "agent": {"ephemeral_id": "33f6eec2-a7ba-4caa-97b3-ea43b4f5e172", "hostname": "CLIENT1", "id": "0b755aca-0a9a-454a-9800-1979901962a0", "version": "7.2.0", "type": "winlogbeat"}, "ecs": {"version": "1.0.0"}}
{"pseudonym": "f119e812403f34bc9c93a15392e371bd51bfd51f59deda80c5caac2a6f172b3c", "origin": "MaxakDeeo11oCQZU/WSDS9D9Uddx9fru1y/hWvZ9Kq7N+4Cqy5REV6FUbjVA3JXM7yrlk4YKB6oEB2Qy3HHkNG4zjvCdslkAftKppi1uW9pSDhz+fzOOaw4UQN3F7W/Zt6AsYfXMzD7VTkDT4nWo/9NGIf3YXKlh0mmrW88ytqEDRjQ2Qqd5Zx0GB1G9O/jny6Va1E01ykCqYxuX4+ENIrBSTipWukKq/yXb71Le5AMbxPixVHFgBLHPm5BlXTxGkbwoMVsiEUzPAGygwZUGEejjeFx2oLjY6ln6pLe67B8VCBDK03D9E5jjVw5CWzxuh4Ev23SqmCJ0bj/A+RyNA9GW1IQu7M9MWfBesl6P"}
{"pseudonym": "2246ce99b75c4aebaf0cd5d095e35cdb0cbf0f8adaf28ed864467242b621c30c", "origin": "fkkgqFegDQ59CZNwjV77TbspqYMxvdQWb+mpC2koJ95ly6XP/4S/pwqWUSbq2axP5aESPUpL3rJEadqQFWlC90K9cxLK75EZDO7LP0ylNWtKRcWaXXBXWpxbcJ3xRtIVkcHAghBXi++ngJ5EKzlNEDEYmn7r+VHa24imEu9ZtI5pegcAa8XQxtnskN7mu7FWUSPEz45jtq6LuDZUBOi7XXOthOJbvIWjQIp8dotzp5pUQ9JFQk2vPtdH6n+aDEzmhZlH0+o4a5GN6hXdtXH5dsGeRZziQ8GGqI9BPicVGokaVRKTFiXtzOmk35rQM5ZmzJcl3dev2jbaAmUQiaQXEJo+aobeYpvgFR2vRpz+fYW+q8G0paWnKPaVfz95m3TVbUkhELjgP3fmcLaeDlICabdt0hhI"}
{"@timestamp": "2019-08-02T09:47:28.599Z", "@metadata": {"beat": "winlogbeat", "type": "_doc", "version": "7.2.0", "topic": "wineventlog_raw"}, "message": "Special privileges assigned to new logon.\n\nSubject:\n\tSecurity ID:\t\tS-1-5-21-1918032094-2382968797-800248713-1000\n\tAccount Name:\t\tbreach\n\tAccount Domain:\t\tCLIENT1\n\tLogon ID:\t\t0x1f189\n\nPrivileges:\t\tSeSecurityPrivilege\n\t\t\tSeTakeOwnershipPrivilege\n\t\t\tSeLoadDriverPrivilege\n\t\t\tSeBackupPrivilege\n\t\t\tSeRestorePrivilege\n\t\t\tSeDebugPrivilege\n\t\t\tSeSystemEnvironmentPrivilege\n\t\t\tSeImpersonatePrivilege", "agent": {"id": "0b755aca-0a9a-454a-9800-1979901962a0", "version": "7.2.0", "type": "winlogbeat", "ephemeral_id": "33f6eec2-a7ba-4caa-97b3-ea43b4f5e172", "hostname": "CLIENT1"}, "ecs": {"version": "1.0.0"}, "host": {"id": "19fc45ac-5890-4f96-81b1-50ed111c0ce4", "hostname": "CLIENT1", "architecture": "x86", "os": {"kernel": "6.1.7601.18741 (win7sp1_gdr.150202-1526)", "build": "7601.0", "platform": "windows", "version": "6.1", "family": "windows", "name": "Windows 7 Professional"}, "name": "CLIENT1"}, "winlog": {"task": "Special Logon", "api": "wineventlog", "event_id": 4672, "event_data": {"SubjectLogonId": "0x1f189", "PrivilegeList": "SeSecurityPrivilege\n\t\t\tSeTakeOwnershipPrivilege\n\t\t\tSeLoadDriverPrivilege\n\t\t\tSeBackupPrivilege\n\t\t\tSeRestorePrivilege\n\t\t\tSeDebugPrivilege\n\t\t\tSeSystemEnvironmentPrivilege\n\t\t\tSeImpersonatePrivilege", "SubjectUserSid": "<pseudonym:2246ce99b75c4aebaf0cd5d095e35cdb0cbf0f8adaf28ed864467242b621c30c>", "SubjectUserName": "<pseudonym:f119e812403f34bc9c93a15392e371bd51bfd51f59deda80c5caac2a6f172b3c>", "SubjectDomainName": "CLIENT1"}, "opcode": "Info", "computer_name": "CLIENT1", "keywords": ["Audit Success"], "process": {"thread": {"id": 496}, "pid": 448}, "channel": "Security", "provider_name": "Microsoft-Windows-Security-Auditing", "record_id": 4662, "provider_guid": "{54849625-5478-4994-A5BA-3E3B0328C30D}"}, "event": {"kind": "event", "code": 4672, "action": "Special Logon", "created": "2019-08-05T08:54:03.703Z"}, "log": {"level": "information"}}
{"pseudonym": "387dddca7f9c9fa71c41295d7790d3bcd791cfe79b2dd4843551dfd0bf47acf2", "origin": "vjj3LoGsyqnfnO2N17ZJa760UOtjy6Pfu2wtWkv8YA4A1W5b+wpkG3MWzo7HHhucZivW9+pv3ZnbSdH+pEDYfsDDS/wodXi+Dau4l0T3JfeuGQQWrb0xYp5KT7Vd86eykbZZ5sTk5wCNJdTCnm19mUskeY4qBaKRPrrap7ef2nzcj3jO+BOWwSbvoK0ZvAN1m/K3+Rqobe0VSi9XSP/Fmsox8J5BgtQdP//6JHVIDN2mKWPOx8mLfuKE778anUK9DeCW2rsWZ2espn1183eOE14LPHqKg37SdE/Xj9FWn/i7Y0QG/OcKh2Ag0C+yMIWPpYSCQsa98J7KjmLamaj6tusiBZTVXR4FXfK2B1C7"}
{"pseudonym": "cd1a3afeeac92cb813605e21e464de7db0ca53fa0190d3a1372a46f60ddd0712", "origin": "mGd+vUqamwRQ/MabW5RXjNE2P/ngFfKKCWnRcf/6dtPP1Y60pHM4RT+vA6k5B3MZMUfxQtqAG3gHUa1iAj7Ca7HRKJRzP2KqOii5ZNa50HQ5k1MpYaGXJQ49V2foiWcxdKGAHVOuyzbk7TUb1ApwNBm8x8xD6vtOAx31ll4FB1z0p+0T7cUDNQbk0FrmJIrxKY2DcqkEWjgyobvogBxCQAhSABWZtab1tRLBYSde71X709BsdR7sG4RxXEskJZwIA/mGcXBwHRpbr34o7EOkZsAHPy2wJTMpii4363/rjGe/Ib2SsYjA0XrQtQQBVx2o5FPH0su3rkNy9XEtHRjjpsNUpS2Ax/ZkK3MZ0cv6Cw8="}
{"@timestamp": "2019-08-05T08:53:24.828Z", "@metadata": {"beat": "winlogbeat", "type": "_doc", "version": "7.2.0", "topic": "wineventlog_raw"}, "message": "Special privileges assigned to new logon.\n\nSubject:\n\tSecurity ID:\t\tS-1-5-18\n\tAccount Name:\t\tSYSTEM\n\tAccount Domain:\t\tNT AUTHORITY\n\tLogon ID:\t\t0x3e7\n\nPrivileges:\t\tSeAssignPrimaryTokenPrivilege\n\t\t\tSeTcbPrivilege\n\t\t\tSeSecurityPrivilege\n\t\t\tSeTakeOwnershipPrivilege\n\t\t\tSeLoadDriverPrivilege\n\t\t\tSeBackupPrivilege\n\t\t\tSeRestorePrivilege\n\t\t\tSeDebugPrivilege\n\t\t\tSeAuditPrivilege\n\t\t\tSeSystemEnvironmentPrivilege\n\t\t\tSeImpersonatePrivilege", "winlog": {"record_id": 4675, "task": "Special Logon", "api": "wineventlog", "keywords": ["Audit Success"], "event_data": {"SubjectUserName": "<pseudonym:387dddca7f9c9fa71c41295d7790d3bcd791cfe79b2dd4843551dfd0bf47acf2>", "SubjectDomainName": "NT AUTHORITY", "SubjectLogonId": "0x3e7", "PrivilegeList": "SeAssignPrimaryTokenPrivilege\n\t\t\tSeTcbPrivilege\n\t\t\tSeSecurityPrivilege\n\t\t\tSeTakeOwnershipPrivilege\n\t\t\tSeLoadDriverPrivilege\n\t\t\tSeBackupPrivilege\n\t\t\tSeRestorePrivilege\n\t\t\tSeDebugPrivilege\n\t\t\tSeAuditPrivilege\n\t\t\tSeSystemEnvironmentPrivilege\n\t\t\tSeImpersonatePrivilege", "SubjectUserSid": "<pseudonym:cd1a3afeeac92cb813605e21e464de7db0ca53fa0190d3a1372a46f60ddd0712>"}, "event_id": 4672, "provider_name": "Microsoft-Windows-Security-Auditing", "computer_name": "CLIENT1", "opcode": "Info", "provider_guid": "{54849625-5478-4994-A5BA-3E3B0328C30D}", "process": {"thread": {"id": 528}, "pid": 444}, "channel": "Security"}, "event": {"created": "2019-08-05T08:54:03.704Z", "kind": "event", "code": 4672, "action": "Special Logon"}, "host": {"id": "19fc45ac-5890-4f96-81b1-50ed111c0ce4", "name": "CLIENT1", "hostname": "CLIENT1", "architecture": "x86", "os": {"name": "Windows 7 Professional", "kernel": "6.1.7601.18741 (win7sp1_gdr.150202-1526)", "build": "7601.0", "platform": "windows", "version": "6.1", "family": "windows"}}, "agent": {"id": "0b755aca-0a9a-454a-9800-1979901962a0", "version": "7.2.0", "type": "winlogbeat", "ephemeral_id": "33f6eec2-a7ba-4caa-97b3-ea43b4f5e172", "hostname": "CLIENT1"}, "ecs": {"version": "1.0.0"}, "log": {"level": "information"}}
