{"@timestamp": "2019-08-02T09:46:26.671Z", "@metadata": {"beat": "winlogbeat", "type": "_doc", "version": "7.2.0", "topic": "wineventlog_raw"}, "agent": {"type": "winlogbeat", "ephemeral_id": "de845cd9-5141-4c92-ad32-27a4518307e9", "hostname": "CLIENT1", "id": "0b755aca-0a9a-454a-9800-1979901962a0", "version": "7.2.0"}, "ecs": {"version": "1.0.0"}, "log": {"level": "information"}, "message": "The Shell Hardware Detection service entered the running state.", "winlog": {"event_data": {"param1": "Shell Hardware Detection", "param2": "running", "Binary": "5300680065006C006C004800570044006500740065006300740069006F006E002F0034000000"}, "task": "", "provider_guid": "{555908d1-a6d7-4695-8e1e-26931d2012f4}", "process": {"pid": 440, "thread": {"id": 528}}, "keywords": ["Classic"], "channel": "System", "event_id": 7036, "provider_name": "Service Control Manager", "record_id": 11614, "computer_name": "CLIENT1", "api": "wineventlog"}, "event": {"code": 7036, "created": "2019-08-02T09:55:11.998Z", "kind": "event"}, "host": {"name": "CLIENT1", "architecture": "x86", "os": {"build": "7601.0", "platform": "windows", "version": "6.1", "family": "windows", "name": "Windows 7 Professional", "kernel": "6.1.7601.18741 (win7sp1_gdr.150202-1526)"}, "id": "19fc45ac-5890-4f96-81b1-50ed111c0ce4", "hostname": "CLIENT1"}}
{"@timestamp": "2019-08-02T09:46:39.296Z", "@metadata": {"beat": "winlogbeat", "type": "_doc", "version": "7.2.0", "topic": "wineventlog_raw"}, "host": {"architecture": "x86", "os": {"family": "windows", "name": "Windows 7 Professional", "kernel": "6.1.7601.18741 (win7sp1_gdr.150202-1526)", "build": "7601.0", "platform": "windows", "version": "6.1"}, "name": "CLIENT1", "id": "19fc45ac-5890-4f96-81b1-50ed111c0ce4", "hostname": "CLIENT1"}, "agent": {"ephemeral_id": "de845cd9-5141-4c92-ad32-27a4518307e9", "hostname": "CLIENT1", "id": "0b755aca-0a9a-454a-9800-1979901962a0", "version": "7.2.0", "type": "winlogbeat"}, "ecs": {"version": "1.0.0"}, "winlog": {"channel": "System", "record_id": 11622, "api": "wineventlog", "event_id": 7036, "computer_name": "CLIENT1", "process": {"thread": {"id": 524}, "pid": 440}, "event_data": {"param1": "FreeSSHDService", "param2": "running", "Binary": "4600720065006500530053004800440053006500720076006900630065002F0034000000"}, "task": "", "keywords": ["Classic"], "provider_name": "Service Control Manager", "provider_guid": "{555908d1-a6d7-4695-8e1e-26931d2012f4}"}, "event": {"kind": "event", "code": 7036, "created": "2019-08-02T09:55:11.998Z"}, "log": {"level": "information"}, "message": "The FreeSSHDService service entered the running state."}
{"@timestamp": "2019-08-02T09:46:51.833Z", "@metadata": {"beat": "winlogbeat", "type": "_doc", "version": "7.2.0", "topic": "wineventlog_raw"}, "event": {"kind": "event", "code": 7036, "created": "2019-08-02T09:55:11.998Z"}, "log": {"level": "information"}, "message": "The Windows Management Instrumentation service entered the running state.", "ecs": {"version": "1.0.0"}, "host": {"name": "CLIENT1", "hostname": "CLIENT1", "architecture": "x86", "os": {"platform": "windows", "version": "6.1", "family": "windows", "name": "Windows 7 Professional", "kernel": "6.1.7601.18741 (win7sp1_gdr.150202-1526)", "build": "7601.0"}, "id": "19fc45ac-5890-4f96-81b1-50ed111c0ce4"}, "agent": {"type": "winlogbeat", "ephemeral_id": "de845cd9-5141-4c92-ad32-27a4518307e9", "hostname": "CLIENT1", "id": "0b755aca-0a9a-454a-9800-1979901962a0", "version": "7.2.0"}, "winlog": {"provider_guid": "{555908d1-a6d7-4695-8e1e-26931d2012f4}", "channel": "System", "provider_name": "Service Control Manager", "record_id": 11631, "task": "", "api": "wineventlog", "computer_name": "CLIENT1", "keywords": ["Classic"], "event_id": 7036, "process": {"pid": 440, "thread": {"id": 524}}, "event_data": {"param2": "running", "Binary": "570069006E006D0067006D0074002F0034000000", "param1": "Windows Management Instrumentation"}}}
{"pseudonym": "cd1a3afeeac92cb813605e21e464de7db0ca53fa0190d3a1372a46f60ddd0712", "origin": "PFeKcZXP5PHPAFRZzVBG8Qorh+dm7tUh2bOtnL0OtOAEBqKOThTslikHmJkVACe3TfKjyPsDL2sxeTL3wkW6qJQgBoq17si+qK/djKxynVBkAgGLnRYahjYDn3/dYnqteNI8b1JA2Qe1PWzs2mqeuPLv3L6kGRwE130sm7OirNc7ldj7xK4X1+O/c/3l0uMXdnOh+z7l0N2izKPObU/1nnAlPGbsFYbD1bAguguyI5vBFKMj/8Tc/SSfj+lkWnQh6VG18of4cNrdTPGYnuRKdDws+XnSJjg+jZPz7qfYJWnBA5RHQpuprBcsLF39+wBWXNYWTVR0YCHVS2mOzBa02aXxCM0i2fuVGR0PbPZAcTM="}
{"@timestamp": "2019-08-02T09:54:43.531Z", "@metadata": {"beat": "winlogbeat", "type": "_doc", "version": "7.2.0", "topic": "wineventlog_raw"}, "host": {"id": "19fc45ac-5890-4f96-81b1-50ed111c0ce4", "name": "CLIENT1", "hostname": "CLIENT1", "architecture": "x86", "os": {"name": "Windows 7 Professional", "kernel": "6.1.7601.18741 (win7sp1_gdr.150202-1526)", "build": "7601.0", "platform": "windows", "version": "6.1", "family": "windows"}}, "agent": {"type": "winlogbeat", "ephemeral_id": "de845cd9-5141-4c92-ad32-27a4518307e9", "hostname": "CLIENT1", "id": "0b755aca-0a9a-454a-9800-1979901962a0", "version": "7.2.0"}, "winlog": {"user": {"domain": "NT AUTHORITY", "type": "User", "identifier": "<pseudonym:cd1a3afeeac92cb813605e21e464de7db0ca53fa0190d3a1372a46f60ddd0712>", "name": "SYSTEM"}, "api": "wineventlog", "provider_guid": "{A68CA8B7-004F-D7B6-A698-07E2DE0F1F5D}", "event_data": {"MajorVersion": "6", "MinorVersion": "1", "BuildVersion": "7601", "QfeVersion": "18741", "ServiceVersion": "1", "BootMode": "0", "StartTime": "2019-08-02T09:54:43.500000000Z"}, "opcode": "Info", "process": {"thread": {"id": 8}, "pid": 4}, "computer_name": "CLIENT1", "channel": "System", "event_id": 12, "record_id": 11701, "provider_name": "Microsoft-Windows-Kernel-General", "task": ""}, "event": {"kind": "event", "code": 12, "created": "2019-08-02T09:55:12.091Z"}, "log": {"level": "information"}, "message": "The operating system started at system time \u200e2019\u200e-\u200e08\u200e-\u200e02T09:54:43.500000000Z.", "ecs": {"version": "1.0.0"}}
{"@timestamp": "2019-08-02T09:54:57.750Z", "@metadata": {"beat": "winlogbeat", "type": "_doc", "version": "7.2.0", "topic": "wineventlog_raw"}, "message": "The Themes service entered the running state.", "ecs": {"version": "1.0.0"}, "host": {"architecture": "x86", "os": {"kernel": "6.1.7601.18741 (win7sp1_gdr.150202-1526)", "build": "7601.0", "platform": "windows", "version": "6.1", "family": "windows", "name": "Windows 7 Professional"}, "name": "CLIENT1", "id": "19fc45ac-5890-4f96-81b1-50ed111c0ce4", "hostname": "CLIENT1"}, "agent": {"ephemeral_id": "de845cd9-5141-4c92-ad32-27a4518307e9", "hostname": "CLIENT1", "id": "0b755aca-0a9a-454a-9800-1979901962a0", "version": "7.2.0", "type": "winlogbeat"}, "winlog": {"event_data": {"param1": "Themes", "param2": "running", "Binary": "5400680065006D00650073002F0034000000"}, "channel": "System", "api": "wineventlog", "provider_name": "Service Control Manager", "record_id": 11715, "provider_guid": "{555908d1-a6d7-4695-8e1e-26931d2012f4}", "task": "", "computer_name": "CLIENT1", "keywords": ["Classic"], "process": {"thread": {"id": 520}, "pid": 440}, "event_id": 7036}, "event": {"kind": "event", "code": 7036, "created": "2019-08-02T09:55:12.091Z"}, "log": {"level": "information"}}
{"@timestamp": "2019-08-02T09:54:58.046Z", "@metadata": {"beat": "winlogbeat", "type": "_doc", "version": "7.2.0", "topic": "wineventlog_raw"}, "agent": {"id": "0b755aca-0a9a-454a-9800-1979901962a0", "version": "7.2.0", "type": "winlogbeat", "ephemeral_id": "de845cd9-5141-4c92-ad32-27a4518307e9", "hostname": "CLIENT1"}, "winlog": {"provider_name": "Service Control Manager", "api": "wineventlog", "keywords": ["Classic"], "channel": "System", "event_id": 7036, "provider_guid": "{555908d1-a6d7-4695-8e1e-26931d2012f4}", "event_data": {"param1": "Group Policy Client", "param2": "running", "Binary": "670070007300760063002F0034000000"}, "record_id": 11718, "process": {"thread": {"id": 528}, "pid": 440}, "task": "", "computer_name": "CLIENT1"}, "event": {"kind": "event", "code": 7036, "created": "2019-08-02T09:55:12.091Z"}, "log": {"level": "information"}, "message": "The Group Policy Client service entered the running state.", "ecs": {"version": "1.0.0"}, "host": {"name": "CLIENT1", "id": "19fc45ac-5890-4f96-81b1-50ed111c0ce4", "hostname": "CLIENT1", "architecture": "x86", "os": {"name": "Windows 7 Professional", "kernel": "6.1.7601.18741 (win7sp1_gdr.150202-1526)", "build": "7601.0", "platform": "windows", "version": "6.1", "family": "windows"}}}
{"pseudonym": "88300c8916832c3352893b38edeeb13dae715dc9604444fc4d9bdd509aba6c1d", "origin": "rK2PDNxzKlTNfp6P9DaCXOJW1EhqxnKofqeU2/kCfpAmnExRTRHaSy5+qTlMhz8+6XeDiLDro1aG9TeuU+wVcqIdILDmG9D9pmtExjucCmx+ljrwYVaxikyc8oQ+0iTNGvYFMLHTLMbLQ/TAQYfMCmAtZvLUk9WsBqT0sRcDHGBBj80iKo/DguVijzBnCIHJBDIBgXGogyhSO0NREydSfdm71GzFvE8GrinfBCZpkKBv1+s7PJwI+3xaHTqbiJPcBhNC1YMpw+WR5bF6r3h8Ni6/WmfK+NIarWu19GKcVazpUNbY3wcUcD6XipZn0+x5DqDrWngiK9cOCaGFW/w89TCiyfnI+jcSGo0XjE5SZj0="}
{"@timestamp": "2019-08-02T09:54:58.843Z", "@metadata": {"beat": "winlogbeat", "type": "_doc", "version": "7.2.0", "topic": "wineventlog_raw"}, "log": {"level": "information"}, "message": "DHCPv6 client service is started", "winlog": {"provider_guid": "{6A1F2B00-6A90-4C38-95A5-5CAB3B056778}", "user": {"type": "Well Known Group", "identifier": "<pseudonym:88300c8916832c3352893b38edeeb13dae715dc9604444fc4d9bdd509aba6c1d>", "name": "LOCAL SERVICE", "domain": "NT AUTHORITY"}, "opcode": "ServiceStart", "event_id": 51046, "provider_name": "Microsoft-Windows-DHCPv6-Client", "api": "wineventlog", "computer_name": "CLIENT1", "process": {"pid": 712, "thread": {"id": 1064}}, "record_id": 11726, "task": "Service State Event", "channel": "System"}, "event": {"code": 51046, "action": "Service State Event", "created": "2019-08-02T09:55:12.091Z", "kind": "event"}, "ecs": {"version": "1.0.0"}, "host": {"name": "CLIENT1", "hostname": "CLIENT1", "architecture": "x86", "os": {"family": "windows", "name": "Windows 7 Professional", "kernel": "6.1.7601.18741 (win7sp1_gdr.150202-1526)", "build": "7601.0", "platform": "windows", "version": "6.1"}, "id": "19fc45ac-5890-4f96-81b1-50ed111c0ce4"}, "agent": {"id": "0b755aca-0a9a-454a-9800-1979901962a0", "version": "7.2.0", "type": "winlogbeat", "ephemeral_id": "de845cd9-5141-4c92-ad32-27a4518307e9", "hostname": "CLIENT1"}}
{"@timestamp": "2019-08-02T09:55:03.468Z", "@metadata": {"beat": "winlogbeat", "type": "_doc", "version": "7.2.0", "topic": "wineventlog_raw"}, "ecs": {"version": "1.0.0"}, "host": {"name": "CLIENT1", "os": {"name": "Windows 7 Professional", "kernel": "6.1.7601.18741 (win7sp1_gdr.150202-1526)", "build": "7601.0", "platform": "windows", "version": "6.1", "family": "windows"}, "id": "19fc45ac-5890-4f96-81b1-50ed111c0ce4", "hostname": "CLIENT1", "architecture": "x86"}, "winlog": {"event_data": {"param2": "running", "Binary": "4600720065006500530053004800440053006500720076006900630065002F0034000000", "param1": "FreeSSHDService"}, "channel": "System", "event_id": 7036, "record_id": 11737, "task": "", "process": {"pid": 440, "thread": {"id": 524}}, "computer_name": "CLIENT1", "api": "wineventlog", "keywords": ["Classic"], "provider_guid": "{555908d1-a6d7-4695-8e1e-26931d2012f4}", "provider_name": "Service Control Manager"}, "event": {"code": 7036, "created": "2019-08-02T09:55:12.092Z", "kind": "event"}, "log": {"level": "information"}, "message": "The FreeSSHDService service entered the running state.", "agent": {"type": "winlogbeat", "ephemeral_id": "de845cd9-5141-4c92-ad32-27a4518307e9", "hostname": "CLIENT1", "id": "0b755aca-0a9a-454a-9800-1979901962a0", "version": "7.2.0"}}
{"@timestamp": "2019-07-30T14:37:46.000Z", "@metadata": {"beat": "winlogbeat", "type": "_doc", "version": "7.2.0", "topic": "wineventlog_raw"}, "winlog": {"provider_name": "Microsoft-Windows-Winlogon", "api": "wineventlog", "event_data": {"param1": "SessionEnv", "Binary": "D9060000"}, "channel": "Application", "computer_name": "CLIENT1", "provider_guid": "{DBE9B383-7CF3-4331-91CC-A3CB16A3B538}", "event_id": 6000, "record_id": 2900, "task": "", "keywords": ["Classic"]}, "event": {"code": 6000, "created": "2019-08-02T09:55:12.100Z", "kind": "event"}, "ecs": {"version": "1.0.0"}, "host": {"name": "CLIENT1", "os": {"platform": "windows", "version": "6.1", "family": "windows", "name": "Windows 7 Professional", "kernel": "6.1.7601.18741 (win7sp1_gdr.150202-1526)", "build": "7601.0"}, "id": "19fc45ac-5890-4f96-81b1-50ed111c0ce4", "hostname": "CLIENT1", "architecture": "x86"}, "agent": {"type": "winlogbeat", "ephemeral_id": "de845cd9-5141-4c92-ad32-27a4518307e9", "hostname": "CLIENT1", "id": "0b755aca-0a9a-454a-9800-1979901962a0", "version": "7.2.0"}, "log": {"level": "information"}, "message": "The winlogon notification subscriber <SessionEnv> was unavailable to handle a notification event."}
{"@timestamp": "2019-08-02T09:54:58.000Z", "@metadata": {"beat": "winlogbeat", "type": "_doc", "version": "7.2.0", "topic": "wineventlog_raw"}, "agent": {"ephemeral_id": "de845cd9-5141-4c92-ad32-27a4518307e9", "hostname": "CLIENT1", "id": "0b755aca-0a9a-454a-9800-1979901962a0", "version": "7.2.0", "type": "winlogbeat"}, "winlog": {"event_data": {"param1": "86400", "param2": "SuppressDuplicateDuration", "param3": "Software\\Microsoft\\EventSystem\\EventLog"}, "channel": "Application", "record_id": 2927, "task": "", "provider_guid": "{899daace-4868-4295-afcd-9eb8fb497561}", "provider_name": "Microsoft-Windows-EventSystem", "api": "wineventlog", "computer_name": "CLIENT1", "keywords": ["Classic"], "event_id": 4625}, "event": {"code": 4625, "created": "2019-08-02T09:55:12.182Z", "kind": "event"}, "log": {"level": "information"}, "message": "The EventSystem sub system is suppressing duplicate event log entries for a duration of 86400 seconds.  The suppression timeout can be controlled by a REG_DWORD value named SuppressDuplicateDuration under the following registry key: HKLM\\Software\\Microsoft\\EventSystem\\EventLog.", "ecs": {"version": "1.0.0"}, "host": {"name": "CLIENT1", "architecture": "x86", "os": {"build": "7601.0", "platform": "windows", "version": "6.1", "family": "windows", "name": "Windows 7 Professional", "kernel": "6.1.7601.18741 (win7sp1_gdr.150202-1526)"}, "id": "19fc45ac-5890-4f96-81b1-50ed111c0ce4", "hostname": "CLIENT1"}}
{"@timestamp": "2019-08-02T09:55:03.906Z", "@metadata": {"beat": "winlogbeat", "type": "_doc", "version": "7.2.0", "topic": "wineventlog_raw"}, "event": {"kind": "event", "code": 5024, "action": "Other System Events", "created": "2019-08-02T09:55:12.184Z"}, "log": {"level": "information"}, "message": "The Windows Firewall service started successfully.", "winlog": {"provider_name": "Microsoft-Windows-Security-Auditing", "record_id": 4689, "api": "wineventlog", "keywords": ["Audit Success"], "channel": "Security", "opcode": "Info", "event_id": 5024, "task": "Other System Events", "computer_name": "CLIENT1", "provider_guid": "{54849625-5478-4994-A5BA-3E3B0328C30D}", "process": {"pid": 448, "thread": {"id": 748}}}, "ecs": {"version": "1.0.0"}, "host": {"os": {"platform": "windows", "version": "6.1", "family": "windows", "name": "Windows 7 Professional", "kernel": "6.1.7601.18741 (win7sp1_gdr.150202-1526)", "build": "7601.0"}, "id": "19fc45ac-5890-4f96-81b1-50ed111c0ce4", "hostname": "CLIENT1", "architecture": "x86", "name": "CLIENT1"}, "agent": {"type": "winlogbeat", "ephemeral_id": "de845cd9-5141-4c92-ad32-27a4518307e9", "hostname": "CLIENT1", "id": "0b755aca-0a9a-454a-9800-1979901962a0", "version": "7.2.0"}}
{"@timestamp": "2019-08-02T09:55:12.253Z", "@metadata": {"beat": "winlogbeat", "type": "_doc", "version": "7.2.0", "topic": "wineventlog_raw"}, "agent": {"type": "winlogbeat", "ephemeral_id": "de845cd9-5141-4c92-ad32-27a4518307e9", "hostname": "CLIENT1", "id": "0b755aca-0a9a-454a-9800-1979901962a0", "version": "7.2.0"}, "winlog": {"computer_name": "CLIENT1", "provider_guid": "{555908d1-a6d7-4695-8e1e-26931d2012f4}", "channel": "System", "event_data": {"param1": "Portable Device Enumerator Service", "param2": "running", "Binary": "57005000440042007500730045006E0075006D002F0034000000"}, "record_id": 11754, "process": {"pid": 440, "thread": {"id": 1796}}, "api": "wineventlog", "keywords": ["Classic"], "event_id": 7036, "provider_name": "Service Control Manager", "task": ""}, "event": {"kind": "event", "code": 7036, "created": "2019-08-02T09:55:14.114Z"}, "log": {"level": "information"}, "message": "The Portable Device Enumerator Service service entered the running state.", "ecs": {"version": "1.0.0"}, "host": {"os": {"family": "windows", "name": "Windows 7 Professional", "kernel": "6.1.7601.18741 (win7sp1_gdr.150202-1526)", "build": "7601.0", "platform": "windows", "version": "6.1"}, "id": "19fc45ac-5890-4f96-81b1-50ed111c0ce4", "name": "CLIENT1", "hostname": "CLIENT1", "architecture": "x86"}}
{"pseudonym": "e887f3a09fdddf7c81a563b81f90ed9499d86badaa6173d1aa197a2b544d13b1", "origin": "qLFrb/+lFWXvM9UgyvyTK6U/NQCCA/uANHHc5gC25MhnbZjvwW6nXbLPstKHGdwuCfSlnY8vwYMm5Lo5rUQbqCbg8awk7XC+HyEXsZS3jVp/N1N/VgVkpriUCAmcA9qOJOqezy/ogJc2hbbAr6kHvodeSYkYMw6k6gJ/ffu48xuFqTRpDdorcuWCJsTBIMj6hRclbFUqc9hggPbxraS4s3DjWFX3uVHT/qRjkCC6/cWecJIl4MBgN/ulbGa8WB/3fw/gBLSFN9UD3BPEPgm4YnTX2e813AdKvTDijm4ZqFvxbD/OR2EyUADcUZ5cOj5SIv2bRofKzuEYDJWRK8dg0RwsfrF4W5xmj+wKbKenNGw="}
{"pseudonym": "cd1a3afeeac92cb813605e21e464de7db0ca53fa0190d3a1372a46f60ddd0712", "origin": "kcSBOU3AZTJ2UueT9PeldsLwEyKYr/kZbzR+57VxeAoMLDAWCTPFD/SNOPfusB/Prkk9rtE9ceBRjVcRtwCXswXbiyMvtHTAJM+PZs+MWachfrr/gBjFq7VKGgwjcDpw03DZyu+tuZJnUPveqGlQ+XifkYltY4REbp+MMPPBfR952zB07ges+3EmNM9A+YBSDloEeME7fUwyozoc0WgsRby57GcrQdmt40TjT0pbzEDZ9goC1XlToEYyxSleoirJ401Wjmg5azfQkxU3uvwCOBbTr/Oi0pGWCAVg/vquq7YLhv0beOdS1c1jRHD57ZHm8iN5fUscSbOyZ2CWP7u+0dAnct8zOsEV2naMm1WYNH4="}
{"@timestamp": "2019-08-02T10:20:05.291Z", "@metadata": {"beat": "winlogbeat", "type": "_doc", "version": "7.2.0", "topic": "wineventlog_raw"}, "log": {"level": "information"}, "message": "The system time was changed.\n\nSubject:\n\tSecurity ID:\t\tS-1-5-18\n\tAccount Name:\t\tCLIENT1$\n\tAccount Domain:\t\tWORKGROUP\n\tLogon ID:\t\t0x3e7\n\nProcess Information:\n\tProcess ID:\t0x5b4\n\tName:\t\tC:\\Program Files\\NetTime\\NetTimeService.exe\n\nPrevious Time:\t\t\u200e2019\u200e-\u200e08\u200e-\u200e02T10:20:05.959925100Z\nNew Time:\t\t\u200e2019\u200e-\u200e08\u200e-\u200e02T10:20:05.291000000Z\n\nThis event is generated when the system time is changed. It is normal for the Windows Time Service, which runs with System privilege, to change the system time on a regular basis. Other system time changes may be indicative of attempts to tamper with the computer.", "agent": {"version": "7.2.0", "type": "winlogbeat", "ephemeral_id": "de845cd9-5141-4c92-ad32-27a4518307e9", "hostname": "CLIENT1", "id": "0b755aca-0a9a-454a-9800-1979901962a0"}, "ecs": {"version": "1.0.0"}, "host": {"architecture": "x86", "os": {"name": "Windows 7 Professional", "kernel": "6.1.7601.18741 (win7sp1_gdr.150202-1526)", "build": "7601.0", "platform": "windows", "version": "6.1", "family": "windows"}, "id": "19fc45ac-5890-4f96-81b1-50ed111c0ce4", "name": "CLIENT1", "hostname": "CLIENT1"}, "winlog": {"channel": "Security", "event_id": 4616, "process": {"pid": 4, "thread": {"id": 60}}, "record_id": 4704, "keywords": ["Audit Success"], "opcode": "Info", "api": "wineventlog", "provider_guid": "{54849625-5478-4994-A5BA-3E3B0328C30D}", "version": 1, "event_data": {"SubjectUserSid": "<pseudonym:cd1a3afeeac92cb813605e21e464de7db0ca53fa0190d3a1372a46f60ddd0712>", "SubjectUserName": "<pseudonym:e887f3a09fdddf7c81a563b81f90ed9499d86badaa6173d1aa197a2b544d13b1>", "SubjectDomainName": "WORKGROUP", "SubjectLogonId": "0x3e7", "PreviousTime": "2019-08-02T10:20:05.959925100Z", "NewTime": "2019-08-02T10:20:05.291000000Z", "ProcessId": "0x5b4", "ProcessName": "C:\\Program Files\\NetTime\\NetTimeService.exe"}, "provider_name": "Microsoft-Windows-Security-Auditing", "computer_name": "CLIENT1", "task": "Security State Change"}, "event": {"kind": "event", "code": 4616, "action": "Security State Change", "created": "2019-08-02T10:20:05.698Z"}}
{"pseudonym": "cd1a3afeeac92cb813605e21e464de7db0ca53fa0190d3a1372a46f60ddd0712", "origin": "CyVFlZffRF7Y6cRD6sPucfWbn1XwO5un/5XKzLaftfkw6z7446CHwkLzU8NuLNtyeRa/2GS1nEWJT1mluWjbQRpjbe5xlnvT1UqbBsY372qlmyTp2FFuvtZjDTELByw+DLcf+iwR5IjvxtqqLM2pSQEZhQvxzesyFXOo2zS3uIHqdILBeS2vUAxA3dC74V9nqZRLL6OfSUtALSTVEFpwH5GMjEpGM0euz/FdNisTkWzI46xJyQQOmkS8teKxe6EErbZHTd1xzbRFCapqRvlrAQcAWWzLOG8RACaZUJCI/E58jSks82eWalTv3xzXgQu5s8qhXhTKUzlJMchH+DDJeI9cbZ3v7ROpn/b8ssdbPzk="}
{"@timestamp": "2019-08-02T10:50:04.055Z", "@metadata": {"beat": "winlogbeat", "type": "_doc", "version": "7.2.0", "topic": "wineventlog_raw"}, "winlog": {"process": {"pid": 1460, "thread": {"id": 1504}}, "task": "", "api": "wineventlog", "user": {"name": "SYSTEM", "domain": "NT AUTHORITY", "type": "User", "identifier": "<pseudonym:cd1a3afeeac92cb813605e21e464de7db0ca53fa0190d3a1372a46f60ddd0712>"}, "channel": "System", "provider_name": "Microsoft-Windows-Kernel-General", "provider_guid": "{A68CA8B7-004F-D7B6-A698-07E2DE0F1F5D}", "event_data": {"NewTime": "2019-08-02T10:50:04.055000000Z", "OldTime": "2019-08-02T10:50:04.860447200Z"}, "event_id": 1, "computer_name": "CLIENT1", "record_id": 11799, "keywords": ["Time"], "opcode": "Info"}, "event": {"kind": "event", "code": 1, "created": "2019-08-02T10:50:06.056Z"}, "log": {"level": "information"}, "message": "The system time has changed to \u200e2019\u200e-\u200e08\u200e-\u200e02T10:50:04.055000000Z from \u200e2019\u200e-\u200e08\u200e-\u200e02T10:50:04.860447200Z.", "ecs": {"version": "1.0.0"}, "host": {"id": "19fc45ac-5890-4f96-81b1-50ed111c0ce4", "hostname": "CLIENT1", "architecture": "x86", "name": "CLIENT1", "os": {"version": "6.1", "family": "windows", "name": "Windows 7 Professional", "kernel": "6.1.7601.18741 (win7sp1_gdr.150202-1526)", "build": "7601.0", "platform": "windows"}}, "agent": {"type": "winlogbeat", "ephemeral_id": "de845cd9-5141-4c92-ad32-27a4518307e9", "hostname": "CLIENT1", "id": "0b755aca-0a9a-454a-9800-1979901962a0", "version": "7.2.0"}}
{"pseudonym": "e887f3a09fdddf7c81a563b81f90ed9499d86badaa6173d1aa197a2b544d13b1", "origin": "lpGlhjQjivnUCWcSfdnTUxJxDfm7sCYZrKyzPrgCUONTC9Ka0G54WAvCZRhwTS3z4WErMmwNksaQ1Sh/XdMnRnhDRKO7WsS76QqQYk+8oMaKJKFET8ametczV0R1KhzsnBpDAOJF3hhV53Dy4MGVRTRA5SMzAmV85wSoX025Gy/Du5IX3TKmk+eFxhnzAsbuAxL7tKG/FHK83u4xKe6Vt0z3Gbjz7wLiCIJaE2mmVTDp9fXLGpLcMl6cHmOJJWUj0pWs2bld0Ky0BV/sKv4OjaS3pYZLvApNNuF61kVTrQrEw19ojLbcg9vVSGpBFMRgYgdsy0zwF2cUuJc4wAAjid7Oyid+HLN+evshve/pvTE="}
{"pseudonym": "cd1a3afeeac92cb813605e21e464de7db0ca53fa0190d3a1372a46f60ddd0712", "origin": "Ho6p764bFz3k0yDOt7Qo1ldQBXs10O+MgaP/e3L5Rsm6sq1bQ4AIUIZog13d3D9eE/1xxA5+IqzYGIxiIySGfZks7rXXskmBooZVw/4kyeHgNpXBoHnzG1MCPHFBgp6IiKPu0yYKYJS2S3C2xJdIul+R19j7pYv7LdkkV9HPfz+IM/bvRT+5TwVQO8DHJ/ShNNZwGQQn8Km/T5Z7ptkTzVfFOlnFBYlP3+TnMJfavaTWtxXzO6d82WCKxNRcwNKK2Jknu2+HaVV97R8Be9wwHXSvdbIot0KO76LzROzg0EoX63Wsdbv+kc1cQ4UsYxMuPyXF3vZ14Grm8eQq2XgmVMgkfisg+ljUY69nehYmcow="}
{"@timestamp": "2019-08-02T11:15:03.087Z", "@metadata": {"beat": "winlogbeat", "type": "_doc", "version": "7.2.0", "topic": "wineventlog_raw"}, "event": {"created": "2019-08-02T11:15:05.276Z", "kind": "event", "code": 4616, "action": "Security State Change"}, "log": {"level": "information"}, "message": "The system time was changed.\n\nSubject:\n\tSecurity ID:\t\tS-1-5-18\n\tAccount Name:\t\tCLIENT1$\n\tAccount Domain:\t\tWORKGROUP\n\tLogon ID:\t\t0x3e7\n\nProcess Information:\n\tProcess ID:\t0x5b4\n\tName:\t\tC:\\Program Files\\NetTime\\NetTimeService.exe\n\nPrevious Time:\t\t\u200e2019\u200e-\u200e08\u200e-\u200e02T11:15:03.691734000Z\nNew Time:\t\t\u200e2019\u200e-\u200e08\u200e-\u200e02T11:15:03.087000000Z\n\nThis event is generated when the system time is changed. It is normal for the Windows Time Service, which runs with System privilege, to change the system time on a regular basis. Other system time changes may be indicative of attempts to tamper with the computer.", "ecs": {"version": "1.0.0"}, "host": {"name": "CLIENT1", "hostname": "CLIENT1", "architecture": "x86", "os": {"build": "7601.0", "platform": "windows", "version": "6.1", "family": "windows", "name": "Windows 7 Professional", "kernel": "6.1.7601.18741 (win7sp1_gdr.150202-1526)"}, "id": "19fc45ac-5890-4f96-81b1-50ed111c0ce4"}, "agent": {"type": "winlogbeat", "ephemeral_id": "de845cd9-5141-4c92-ad32-27a4518307e9", "hostname": "CLIENT1", "id": "0b755aca-0a9a-454a-9800-1979901962a0", "version": "7.2.0"}, "winlog": {"provider_name": "Microsoft-Windows-Security-Auditing", "computer_name": "CLIENT1", "keywords": ["Audit Success"], "event_id": 4616, "opcode": "Info", "provider_guid": "{54849625-5478-4994-A5BA-3E3B0328C30D}", "process": {"thread": {"id": 60}, "pid": 4}, "event_data": {"SubjectUserSid": "<pseudonym:cd1a3afeeac92cb813605e21e464de7db0ca53fa0190d3a1372a46f60ddd0712>", "SubjectUserName": "<pseudonym:e887f3a09fdddf7c81a563b81f90ed9499d86badaa6173d1aa197a2b544d13b1>", "SubjectDomainName": "WORKGROUP", "SubjectLogonId": "0x3e7", "PreviousTime": "2019-08-02T11:15:03.691734000Z", "NewTime": "2019-08-02T11:15:03.087000000Z", "ProcessId": "0x5b4", "ProcessName": "C:\\Program Files\\NetTime\\NetTimeService.exe"}, "channel": "Security", "api": "wineventlog", "version": 1, "record_id": 4722, "task": "Security State Change"}}
{"pseudonym": "e887f3a09fdddf7c81a563b81f90ed9499d86badaa6173d1aa197a2b544d13b1", "origin": "bKEk5f4rYYo4LQawgzDBAqFsRV4rXp97M2+WSMSVGVzE8+rtM1xaF+pdp+A+kmYsCGkAUsxmR9b2n/M1n4AqJotSbZ7qM5RFRcrztJ9hSU85/Onwm6nP4DWisycm1Y4jFq0ui7kv1X1TPuE5rrhCpPp+mOd3cEPuiiaFCBPpCN7JRb63FoY+Nzxsa+RfNYBVihCdrDM9qXFT7/0w5eYtWzSoOFcGDOZmSZUByT/Y7NbH00zjYKG8Ue8g1TxCb4WelZOWG4x+fVYprOuOi4weude56alxXsfusLkpVSLD7yr1HsskzZJZ0qeJImXLritOCMl+p9b+zA/gLu9+mVEbrY6zZ9KCIA/pnQov+BWgRTM="}
{"pseudonym": "cd1a3afeeac92cb813605e21e464de7db0ca53fa0190d3a1372a46f60ddd0712", "origin": "SJWfUNGzoqIkVW8ayhd29KrBtb9E40YvOlqa2+rLp9AWfzaTeXEF+KeCHaMQClynsYkaaW1aF1SnEzS1kOk/kduFTg+kcMo6Q9uVvQShPjSWHxRZwB+sBdhCME101EEAQ/ESax9MsnRDESRh7K1dPYIEhl5kv9m/fE2jdSrxHewpaYlHpLBMr0n5uT+vOLuPiZjuqSnS/B62+nBDEIvT4uRbtIMlqcVNaJAgvZS3EVcJe84YtShb73dkEf5En2u8p2Cj2MHtRkC7cqPPo+rL/SswD0NWV5YifQ0nZHb1+Z0IuSwP7nWzn4m04iXpoPYvJ5LsIskl6dxafnT8JK3rTD8dzwz9az6PXIFBHXiuOuA="}
{"@timestamp": "2019-08-02T13:10:02.791Z", "@metadata": {"beat": "winlogbeat", "type": "_doc", "version": "7.2.0", "topic": "wineventlog_raw"}, "log": {"level": "information"}, "message": "The system time was changed.\n\nSubject:\n\tSecurity ID:\t\tS-1-5-18\n\tAccount Name:\t\tCLIENT1$\n\tAccount Domain:\t\tWORKGROUP\n\tLogon ID:\t\t0x3e7\n\nProcess Information:\n\tProcess ID:\t0x5b4\n\tName:\t\tC:\\Program Files\\NetTime\\NetTimeService.exe\n\nPrevious Time:\t\t\u200e2019\u200e-\u200e08\u200e-\u200e02T13:10:02.984190700Z\nNew Time:\t\t\u200e2019\u200e-\u200e08\u200e-\u200e02T13:10:02.791000000Z\n\nThis event is generated when the system time is changed. It is normal for the Windows Time Service, which runs with System privilege, to change the system time on a regular basis. Other system time changes may be indicative of attempts to tamper with the computer.", "ecs": {"version": "1.0.0"}, "host": {"name": "CLIENT1", "id": "19fc45ac-5890-4f96-81b1-50ed111c0ce4", "hostname": "CLIENT1", "architecture": "x86", "os": {"platform": "windows", "version": "6.1", "family": "windows", "name": "Windows 7 Professional", "kernel": "6.1.7601.18741 (win7sp1_gdr.150202-1526)", "build": "7601.0"}}, "agent": {"ephemeral_id": "de845cd9-5141-4c92-ad32-27a4518307e9", "hostname": "CLIENT1", "id": "0b755aca-0a9a-454a-9800-1979901962a0", "version": "7.2.0", "type": "winlogbeat"}, "winlog": {"event_id": 4616, "record_id": 4745, "api": "wineventlog", "version": 1, "event_data": {"PreviousTime": "2019-08-02T13:10:02.984190700Z", "NewTime": "2019-08-02T13:10:02.791000000Z", "ProcessId": "0x5b4", "ProcessName": "C:\\Program Files\\NetTime\\NetTimeService.exe", "SubjectUserSid": "<pseudonym:cd1a3afeeac92cb813605e21e464de7db0ca53fa0190d3a1372a46f60ddd0712>", "SubjectUserName": "<pseudonym:e887f3a09fdddf7c81a563b81f90ed9499d86badaa6173d1aa197a2b544d13b1>", "SubjectDomainName": "WORKGROUP", "SubjectLogonId": "0x3e7"}, "process": {"pid": 4, "thread": {"id": 64}}, "keywords": ["Audit Success"], "opcode": "Info", "provider_guid": "{54849625-5478-4994-A5BA-3E3B0328C30D}", "provider_name": "Microsoft-Windows-Security-Auditing", "computer_name": "CLIENT1", "channel": "Security", "task": "Security State Change"}, "event": {"code": 4616, "action": "Security State Change", "created": "2019-08-02T13:10:04.791Z", "kind": "event"}}
{"pseudonym": "e887f3a09fdddf7c81a563b81f90ed9499d86badaa6173d1aa197a2b544d13b1", "origin": "WRu+z+tpROLeizRr1zkIv6EjILNzyQTTDlugBs/FAzT5CiQiYmCjkqESuzPtHCFxR1PVTzbMOp3b9b9Pb6FtWmvahE0dSB1nag3tTqdxiPI85WQji8HtY/clvkOloWELtFusw5zihXtTZtF8oYDwUB48pSNSOFlZJRaV0etpd7lJdMGt7pFX7rRTu5QAte0tNxHp9wdhFvEbHEzLTnqgKTfAtgl8wKVb9M72JxXO9NFE+b6JIJRlLBCEw1uDAyXcjf7wIfuWGYsSmv5SHhA5dTkmgpjEbVmmNInyLzyjCXfkSEIUsQ1OxUUypA6JnX9vjPd68SX+MLy/uDqvEURGJfcAADsBQTKYOqCGLH0eo3w="}
{"pseudonym": "cd1a3afeeac92cb813605e21e464de7db0ca53fa0190d3a1372a46f60ddd0712", "origin": "lRGAAbSyAl7x66XzYjlk3limE/52rTM0cyNZLLEcIXwF2zFH1KJjq9rrwSpZw2bmp7F3baIaIJS/iQuNQOBXVczbmdlAn4Hg3ScifvIn6kKOayShnSDCLB7DVIK4kZt5C2gtOnSyQXjASr0OuMtKmqfO9UkifhpVyOMd8EuPFVT9bXL7bj4KcU7L6CF378GQ6h5w4U/aiBJQgsX4tBQm3hTNPueE5iAYjwLb9b27ScsVDH+1qfTwsbqUS2TtaOBLJAuYY0rWiSkimdD0U6m15HLVNpQrYt9psNvtkK3sErhSkYrzlwJEl/34IV+dXZaq6tqA30WpuMI37kV/8A4vs1dmiNih9oV78J0nDNLE744="}
{"@timestamp": "2019-08-02T14:25:08.179Z", "@metadata": {"beat": "winlogbeat", "type": "_doc", "version": "7.2.0", "topic": "wineventlog_raw"}, "message": "The system time was changed.\n\nSubject:\n\tSecurity ID:\t\tS-1-5-18\n\tAccount Name:\t\tCLIENT1$\n\tAccount Domain:\t\tWORKGROUP\n\tLogon ID:\t\t0x3e7\n\nProcess Information:\n\tProcess ID:\t0x5b4\n\tName:\t\tC:\\Program Files\\NetTime\\NetTimeService.exe\n\nPrevious Time:\t\t\u200e2019\u200e-\u200e08\u200e-\u200e02T14:25:08.361883400Z\nNew Time:\t\t\u200e2019\u200e-\u200e08\u200e-\u200e02T14:25:08.179000000Z\n\nThis event is generated when the system time is changed. It is normal for the Windows Time Service, which runs with System privilege, to change the system time on a regular basis. Other system time changes may be indicative of attempts to tamper with the computer.", "winlog": {"version": 1, "process": {"pid": 4, "thread": {"id": 60}}, "event_id": 4616, "task": "Security State Change", "api": "wineventlog", "keywords": ["Audit Success"], "provider_name": "Microsoft-Windows-Security-Auditing", "computer_name": "CLIENT1", "opcode": "Info", "record_id": 4760, "event_data": {"SubjectUserSid": "<pseudonym:cd1a3afeeac92cb813605e21e464de7db0ca53fa0190d3a1372a46f60ddd0712>", "SubjectUserName": "<pseudonym:e887f3a09fdddf7c81a563b81f90ed9499d86badaa6173d1aa197a2b544d13b1>", "SubjectDomainName": "WORKGROUP", "SubjectLogonId": "0x3e7", "PreviousTime": "2019-08-02T14:25:08.361883400Z", "NewTime": "2019-08-02T14:25:08.179000000Z", "ProcessId": "0x5b4", "ProcessName": "C:\\Program Files\\NetTime\\NetTimeService.exe"}, "provider_guid": "{54849625-5478-4994-A5BA-3E3B0328C30D}", "channel": "Security"}, "event": {"kind": "event", "code": 4616, "action": "Security State Change", "created": "2019-08-02T14:25:09.178Z"}, "log": {"level": "information"}, "ecs": {"version": "1.0.0"}, "host": {"name": "CLIENT1", "hostname": "CLIENT1", "architecture": "x86", "os": {"kernel": "6.1.7601.18741 (win7sp1_gdr.150202-1526)", "build": "7601.0", "platform": "windows", "version": "6.1", "family": "windows", "name": "Windows 7 Professional"}, "id": "19fc45ac-5890-4f96-81b1-50ed111c0ce4"}, "agent": {"id": "0b755aca-0a9a-454a-9800-1979901962a0", "version": "7.2.0", "type": "winlogbeat", "ephemeral_id": "de845cd9-5141-4c92-ad32-27a4518307e9", "hostname": "CLIENT1"}}
{"pseudonym": "e887f3a09fdddf7c81a563b81f90ed9499d86badaa6173d1aa197a2b544d13b1", "origin": "twKdNh/mahYQ2dQ9szeKaOwN6ixrJpmuViaiaM9P9f3OxAOszyFR6EZJNvSL5Uym4XP6P8CW4X+Ho8UkmT6X91MzFcBom3HuIDmWummF3B/puJ5t5oe+UPo5/wSQ60GdQQATBQ5cSjGsht6d4hU/ojlP6rhD3HrOJVYWH6/nQVbgmNMhJ3p8ve8N+2vouJXe2SvqQZCn83AOohe9AaM4e82wwAi1ok3knBAiJWxbOB02jf0mXXk0lYnRmqNa8uSL1/LY8liE807gEZuC56X9uvDHB/rF41gWMvHAYc7D9fcPVicqsc5pDWupiN1KZO90FZMyyIZcMwobNKQnwFE7Lhw46LTDDGk1DCuIDRv2Haw="}
{"pseudonym": "387dddca7f9c9fa71c41295d7790d3bcd791cfe79b2dd4843551dfd0bf47acf2", "origin": "AI1KFMke/hHpG4S0CspeZc3h/Ym5FOxNluO35xHpqSfgk3AGARxD4GxMu4R5LEg4+ZtbYN8GOxQUh63vEbhzM515kQTmUNv+kW4X754e6JZiTl0U/IMYMY9WJHE3ca93wbuoyN3ffXDLBCgBDd20Oey70Yf88amT+9JixVflco6+LtsyARya4PH7DdvxC8ZsSpvy+bLz1zzbV/9ioSr5ynBGgjAOJZDOkPi55uasICsO/mMMZRIViWYkXYCz21lU0X634f0dP0CwgLDiVQTlx6TycIQ4CIJjBrzSdateYrepT/p/bVja1icBxLwALerrTMkrUA4dJJ8mPtSWzdnXaN5ivjmpaBxvaH9D/ABj"}
{"pseudonym": "cd1a3afeeac92cb813605e21e464de7db0ca53fa0190d3a1372a46f60ddd0712", "origin": "F88d5g72B14Kfml4mlNcj27oLI6DsSQirSmP8UUl0spZDKG4g4zsBEvjGAIOl19JK/rRevxek9APXZn9lUz7n8fz67fV3nTbLqkcDPTl7VTJVYA4Qo4CrzPYtsW5syqxr27BvmUhHIk4/xigeUrKMFxQC8dvQBxgoVVDZIJs5fLS1Ko5eTB1ipD8bt+6OuKkBvHxO4YWdMjILCHLYiYIOEjnu416nG/E8FQgd07xpJ39D4caqCyKMzUs4chrnHQfjMl6sFFZlYWSnOT1UU1IPZn4YWsdoqrgHLYyRpMAzfS5SeggTTOQNcpPvimIIea7G4fvXji5Uz3Oj+h2HqNiYbvIDLiC6lEG4e8Pe4DY6NE="}
{"pseudonym": "91d121bc503735a145e0e9869d792d26f6b22784210a0daf5b63840be2abf69a", "origin": "eKSsiA7t4bHQOIgUkROre4uBwDajjkMWJAbuoNn4IGEB6nSL3ua1hZ8uz7ATkLB/ODqb/ah98wQbvI/+rl+pu+UK7NllRH1gVdJhwCZWrmtTm8J69ymRRUC6XXlTPjo51dBivmrxDYXVnTJo2dpBHNJ5k8S7S6x9OkkSA/QEfhvqKKH/zGnyMxuZPaLap5MPRNsd7KkcC4Xv8dwTPdzliAMfsbV+wjI5e0rfThrwLdrj7sfdB+Mmvbi7+JjoLxRGAY4Oulrw6oMfWQuTw7ONa2ZXZYSIDHMwk7Uu3XNmPdCn58Z9GxGSMlklsg/OHvGKvHiKHMDCWhtikOZAy7o79UPUKMV0bL4k+w=="}
{"@timestamp": "2019-08-02T09:50:32.191Z", "@metadata": {"beat": "winlogbeat", "type": "_doc", "version": "7.2.0", "topic": "wineventlog_raw"}, "event": {"code": 4624, "action": "Logon", "created": "2019-08-05T08:54:03.704Z", "type": "authentication_success", "category": "authentication", "kind": "event"}, "process": {"pid": 440, "executable": "C:\\Windows\\System32\\services.exe", "name": "services.exe"}, "host": {"os": {"platform": "windows", "version": "6.1", "family": "windows", "name": "Windows 7 Professional", "kernel": "6.1.7601.18741 (win7sp1_gdr.150202-1526)", "build": "7601.0"}, "id": "19fc45ac-5890-4f96-81b1-50ed111c0ce4", "hostname": "CLIENT1", "name": "CLIENT1", "architecture": "x86"}, "agent": {"type": "winlogbeat", "ephemeral_id": "33f6eec2-a7ba-4caa-97b3-ea43b4f5e172", "hostname": "CLIENT1", "id": "0b755aca-0a9a-454a-9800-1979901962a0", "version": "7.2.0"}, "winlog": {"event_data": {"TargetLogonId": "0x3e7", "SubjectUserSid": "<pseudonym:cd1a3afeeac92cb813605e21e464de7db0ca53fa0190d3a1372a46f60ddd0712>", "SubjectDomainName": "WORKGROUP", "IpPort": "-", "IpAddress": "<pseudonym:91d121bc503735a145e0e9869d792d26f6b22784210a0daf5b63840be2abf69a>", "SubjectUserName": "<pseudonym:e887f3a09fdddf7c81a563b81f90ed9499d86badaa6173d1aa197a2b544d13b1>", "KeyLength": "0", "LmPackageName": "-", "AuthenticationPackageName": "Negotiate", "SubjectLogonId": "0x3e7", "TransmittedServices": "-", "LogonProcessName": "Advapi  ", "LogonGuid": "{00000000-0000-0000-0000-000000000000}", "LogonType": "5"}, "provider_name": "Microsoft-Windows-Security-Auditing", "opcode": "Info", "provider_guid": "{54849625-5478-4994-A5BA-3E3B0328C30D}", "task": "Logon", "api": "wineventlog", "channel": "Security", "event_id": 4624, "keywords": ["Audit Success"], "process": {"pid": 448, "thread": {"id": 504}}, "computer_name": "CLIENT1", "record_id": 4667}, "log": {"level": "information"}, "message": "An account was successfully logged on.\n\nSubject:\n\tSecurity ID:\t\tS-1-5-18\n\tAccount Name:\t\tCLIENT1$\n\tAccount Domain:\t\tWORKGROUP\n\tLogon ID:\t\t0x3e7\n\nLogon Type:\t\t\t5\n\nNew Logon:\n\tSecurity ID:\t\tS-1-5-18\n\tAccount Name:\t\tSYSTEM\n\tAccount Domain:\t\tNT AUTHORITY\n\tLogon ID:\t\t0x3e7\n\tLogon GUID:\t\t{00000000-0000-0000-0000-000000000000}\n\nProcess Information:\n\tProcess ID:\t\t0x1b8\n\tProcess Name:\t\tC:\\Windows\\System32\\services.exe\n\nNetwork Information:\n\tWorkstation Name:\t\n\tSource Network Address:\t-\n\tSource Port:\t\t-\n\nDetailed Authentication Information:\n\tLogon Process:\t\tAdvapi  \n\tAuthentication Package:\tNegotiate\n\tTransited Services:\t-\n\tPackage Name (NTLM only):\t-\n\tKey Length:\t\t0\n\nThis event is generated when a logon session is created. It is generated on the computer that was accessed.\n\nThe subject fields indicate the account on the local system which requested the logon. This is most commonly a service such as the Server service, or a local process such as Winlogon.exe or Services.exe.\n\nThe logon type field indicates the kind of logon that occurred. The most common types are 2 (interactive) and 3 (network).\n\nThe New Logon fields indicate the account for whom the new logon was created, i.e. the account that was logged on.\n\nThe network fields indicate where a remote logon request originated. Workstation name is not always available and may be left blank in some cases.\n\nThe authentication information fields provide detailed information about this specific logon request.\n\t- Logon GUID is a unique identifier that can be used to correlate this event with a KDC event.\n\t- Transited services indicate which intermediate services have participated in this logon request.\n\t- Package name indicates which sub-protocol was used among the NTLM protocols.\n\t- Key length indicates the length of the generated session key. This will be 0 if no session key was requested.", "user": {"name": "<pseudonym:387dddca7f9c9fa71c41295d7790d3bcd791cfe79b2dd4843551dfd0bf47acf2>", "domain": "NT AUTHORITY", "id": "S-1-5-18"}, "ecs": {"version": "1.0.0"}}
{"pseudonym": "91d121bc503735a145e0e9869d792d26f6b22784210a0daf5b63840be2abf69a", "origin": "Voqwu/O3skNZJJ27Uz1hjK/upQeFJawGwhv2VjSTjzQc/3YQWwsumTy0p7ebNOw/mZ9mgXUdCYLU58NUXwwcxYiqFE1tG4DVJJ3f4J8YMipDp3u+LfyM+GuoezooWMIxyvNBQ31sNBUXJwRqLDpcsBWRqo4CMMClfKx6cM73CBDFRCN1hMeOhfu4/j+yEmcpDv56NQzBrXdpN8oB4l57lRF5pH7wgorGTrbYef/DLFFs7jijP3S1VI9sHgz+B/OlPC8UjMW0B4qNAX5yoDUVms6Tr5Lx+nOqEvxY8HVPxxtzatmdKAfzX+bCVNKmqvxwulUDaujCwIxhUmutAc7xdyep+CDr+lWpNA=="}
{"pseudonym": "387dddca7f9c9fa71c41295d7790d3bcd791cfe79b2dd4843551dfd0bf47acf2", "origin": "FPdx/S7FqhG/JYwwwiSccYK/5gD6Q6txMbfACksZ7FH0fgIX61ScD8H7hvJgcYL3sFmy1u/lgMLXjjS1nCzi5JSxojloIvwlNg7QGbE7QOwhg4IJnGsA/SHlH13asUpuw/8ez9IHcpPGbXFiIh3HqrdoqR5GgK/FBqt1Ah2/0D51ffH2YUlvEv96lnxmiJ1r23MLxUZl4qIu2zm28iduXORrFiD+NtpuPHRzsJTZNYdbiNSr4NllJyrw4fkGreXK+R+P4KMWi4b2WDxOh2SAlu5LjFZvKDzs45M+GTP9S5I40mFNDwmriRZUDX/d5dmgRwyEJo3KnXn2BA2C7xtIZIwzQALgM1FXOlyNuT9a"}
{"pseudonym": "23248c71f7404e59aa79c6213a048486a57db314bcd3c62428d54a30e0d5a409", "origin": "Np/uMayoBTjDDA24a0kkOdLdJoiH2B4QL3sR+8XYsEWGpLJjhVWYMHH/lzGLqKOuTsAm2llO55LhFkKEePwmSQfyGlSnlG90LnrQIws79WS8qqMf2bqFz9J03ZRFE5Mb5s38O8npp9WxNPJE/iwzvW4J93xtvj4lQkSQjmXI/F969UuZK3n7VxQKptauNoktm7/ILqJQlHPqgDtCk9rucw3etGkapq7uN6O6e8P6HKN+L065laTNd+Mo1bu5ueNZjJLFKunTln2hrh3zuPAt/Q9oTiQ0JJiqj+LFOrGtu1wAQ8GFeVkIEC4gE04zrJ2rfS4VqEnDp8s471KJcKdXvD2o8IESOY2SroK7QfU8yA=="}
{"pseudonym": "91d121bc503735a145e0e9869d792d26f6b22784210a0daf5b63840be2abf69a", "origin": "VjXzdE7xEx+c1nz0hLwxhtGykbMxdPzSH9K642jaSTaLKgMir+JHN6hN24fzl0QfoS4zcEp++abACZyeG/3CJOzTfApJ51exOHqmaTvnBfcV4OZw2JuA0P97V5ym08vbQ+7NXOXL67H3s9EIJr8PCe9FifNq6KCdxjEsXtpcJzjcndjRNucI9DZJHu+HXg1M6bq7XXLzuIkDlvbe0qqGBHDMFSOjOOVrrSsIB2oTUM7FBHal3tW62KfqTZiScnbn5boX7P+FV/jRxBQ8doKYhgp+WGLcMnrsrChpAvUGgWPGcEfIi2gsAFGXCoZsAQpNxvpXD/UGo8Ybg9HvGeW557feW8frtruSBQ=="}
{"@timestamp": "2019-08-05T08:53:17.703Z", "@metadata": {"beat": "winlogbeat", "type": "_doc", "version": "7.2.0", "topic": "wineventlog_raw"}, "winlog": {"provider_name": "Microsoft-Windows-Security-Auditing", "keywords": ["Audit Success"], "provider_guid": "{54849625-5478-4994-A5BA-3E3B0328C30D}", "event_id": 4624, "record_id": 4672, "opcode": "Info", "event_data": {"SubjectUserSid": "<pseudonym:23248c71f7404e59aa79c6213a048486a57db314bcd3c62428d54a30e0d5a409>", "TargetLogonId": "0x3e7", "KeyLength": "0", "IpAddress": "<pseudonym:91d121bc503735a145e0e9869d792d26f6b22784210a0daf5b63840be2abf69a>", "LmPackageName": "-", "IpPort": "-", "TransmittedServices": "-", "LogonType": "0", "LogonProcessName": "-", "LogonGuid": "{00000000-0000-0000-0000-000000000000}", "AuthenticationPackageName": "-", "SubjectDomainName": "-", "SubjectLogonId": "0x0", "SubjectUserName": "<pseudonym:91d121bc503735a145e0e9869d792d26f6b22784210a0daf5b63840be2abf69a>"}, "channel": "Security", "computer_name": "CLIENT1", "api": "wineventlog", "process": {"pid": 444, "thread": {"id": 448}}, "task": "Logon"}, "event": {"code": 4624, "action": "Logon", "created": "2019-08-05T08:54:03.704Z", "category": "authentication", "type": "authentication_success", "kind": "event"}, "log": {"level": "information"}, "ecs": {"version": "1.0.0"}, "agent": {"type": "winlogbeat", "ephemeral_id": "33f6eec2-a7ba-4caa-97b3-ea43b4f5e172", "hostname": "CLIENT1", "id": "0b755aca-0a9a-454a-9800-1979901962a0", "version": "7.2.0"}, "message": "An account was successfully logged on.\n\nSubject:\n\tSecurity ID:\t\tS-1-0-0\n\tAccount Name:\t\t-\n\tAccount Domain:\t\t-\n\tLogon ID:\t\t0x0\n\nLogon Type:\t\t\t0\n\nNew Logon:\n\tSecurity ID:\t\tS-1-5-18\n\tAccount Name:\t\tSYSTEM\n\tAccount Domain:\t\tNT AUTHORITY\n\tLogon ID:\t\t0x3e7\n\tLogon GUID:\t\t{00000000-0000-0000-0000-000000000000}\n\nProcess Information:\n\tProcess ID:\t\t0x4\n\tProcess Name:\t\t\n\nNetwork Information:\n\tWorkstation Name:\t-\n\tSource Network Address:\t-\n\tSource Port:\t\t-\n\nDetailed Authentication Information:\n\tLogon Process:\t\t-\n\tAuthentication Package:\t-\n\tTransited Services:\t-\n\tPackage Name (NTLM only):\t-\n\tKey Length:\t\t0\n\nThis event is generated when a logon session is created. It is generated on the computer that was accessed.\n\nThe subject fields indicate the account on the local system which requested the logon. This is most commonly a service such as the Server service, or a local process such as Winlogon.exe or Services.exe.\n\nThe logon type field indicates the kind of logon that occurred. The most common types are 2 (interactive) and 3 (network).\n\nThe New Logon fields indicate the account for whom the new logon was created, i.e. the account that was logged on.\n\nThe network fields indicate where a remote logon request originated. Workstation name is not always available and may be left blank in some cases.\n\nThe authentication information fields provide detailed information about this specific logon request.\n\t- Logon GUID is a unique identifier that can be used to correlate this event with a KDC event.\n\t- Transited services indicate which intermediate services have participated in this logon request.\n\t- Package name indicates which sub-protocol was used among the NTLM protocols.\n\t- Key length indicates the length of the generated session key. This will be 0 if no session key was requested.", "process": {"name": "null", "pid": 4}, "source": {"domain": "-"}, "host": {"name": "CLIENT1", "id": "19fc45ac-5890-4f96-81b1-50ed111c0ce4", "hostname": "CLIENT1", "architecture": "x86", "os": {"kernel": "6.1.7601.18741 (win7sp1_gdr.150202-1526)", "build": "7601.0", "platform": "windows", "version": "6.1", "family": "windows", "name": "Windows 7 Professional"}}, "user": {"id": "S-1-5-18", "name": "<pseudonym:387dddca7f9c9fa71c41295d7790d3bcd791cfe79b2dd4843551dfd0bf47acf2>", "domain": "NT AUTHORITY"}}
{"pseudonym": "e887f3a09fdddf7c81a563b81f90ed9499d86badaa6173d1aa197a2b544d13b1", "origin": "UXfwt+2PHZo6HKZhdyhg/7CIecBUrvTGET6WDCXX34bEaCXHmh13FvZC/NJYZPCQKheb4JU5RXrjPL8gx0C8X/guPvla/oJRoAIhINxIPORxZAqay0uYpejUxAvMuoB7Y9Iy6zS+nHOlwgOO83TAE/3SelaelD+0sFFMoqB95cehnJDHLHHmj0C31kGzNCrPqmfw2hmBwR+2qAji6a4BMDUSKvRQC3fy4sb4Dp/XqQNIGwwUProy4iQ47JBi/0Hs3fSmskJFbwFr3FPinAQpOfC3JvXjRHjk4wod+oEov1/Iy+k7mKOl/1wJb+Qb3vBaUtFUAuUEcJfZ6FDwzgHs7DSs3EvUFcTeJtMOr3dqrkk="}
{"pseudonym": "387dddca7f9c9fa71c41295d7790d3bcd791cfe79b2dd4843551dfd0bf47acf2", "origin": "C+lB3LoLBoKIEE60b8XDA+pAnobEwEYRjVUeaMFHyu4dp3UIvH5AnQJAKsBnvUHkoWjOAncI5m2boVcfxjQnCqCYP+KebyWgFbgYPwzjTob019KSThNFhoERwj5qczw7FkJuVPenercJuj7ZGPCnHowk+yV2g7pwwJ3SwOpgiVg26H1Q3/Mael+T06ooo7VDopVDv0NxcxWM/6tuE8zDL8Tsr2OW+FnKvh2erS094axU616WBJvravMs9J3Xy8To3ONfM59IKdvq0h/ZI0gzlQrRcwDfcyRAd1o96szEuUUOx154lMLLho5ISaro8aPUSiM7tuKhlUkt+s1Do753WAJq49JzM4GJsMWjJny2"}
{"pseudonym": "cd1a3afeeac92cb813605e21e464de7db0ca53fa0190d3a1372a46f60ddd0712", "origin": "UC/h4cPlSs/maBj7inmK9d7DLeilm4HB9iHKSX8anlX+5R2yYiO3HxD8lBC8QAOea0eH7vgugDDm8dgiBplIwUejLY8IM3quFjpoQd10D/az1Q8upOhsJ+RAtpBh0C/31lTlOaVnRmSEkJDTh3CCNumYq7YHNaZ4HsEYE8WkiYwO9KmtJkZtv8+hGjDmZ6oRazUj7dDEEHRBEoy8AmlEbtlYhS8EKHOkcrVfK9/U/ucWeqrVtclB87W3oUKXzbFKHhFXrC+uLJI85RkNEBdsJHuijhTOImX+gKREeol3cYek+wUN1B4CMcpbiyy66ewVXWQgFPEkLmZcHqdBdGUGKCHabziCSbKnIs9mw2aTvPo="}
{"pseudonym": "91d121bc503735a145e0e9869d792d26f6b22784210a0daf5b63840be2abf69a", "origin": "Z5lCEL7LD8SvXBplHQApnyDmlrPpVuevrfdPQiOyXZdK2DP8UsjkSMDcWFPxn5LsOhPLPhfss9HNmIWFPDl9Fen3au3boCvv3tx5lm7kYi986sLNTHsIeerVdfBUgCyloAWED++1ihvWJ4o18ISNzn3m4NnwAw7GgmJivvA0/sDFZjAF9hON/baPniaE6FvKlL9+p1Qs+zwnEQzjK6Qco0nnO25iSqDPGCNT9h5vgifJMI4IJv8YqM6sjnpqHIatSsy5EmcbK6vKeyK02xq4OzrZLXDwAO5KQu02DsusgRetOpWA2L3JCsy8pqBZqR+128tpofdwJyVjw2CzhT9w2RooY2d7kT3vLA=="}
{"@timestamp": "2019-08-05T08:53:40.656Z", "@metadata": {"beat": "winlogbeat", "type": "_doc", "version": "7.2.0", "topic": "wineventlog_raw"}, "log": {"level": "information"}, "user": {"id": "S-1-5-18", "name": "<pseudonym:387dddca7f9c9fa71c41295d7790d3bcd791cfe79b2dd4843551dfd0bf47acf2>", "domain": "NT AUTHORITY"}, "host": {"architecture": "x86", "os": {"family": "windows", "name": "Windows 7 Professional", "kernel": "6.1.7601.18741 (win7sp1_gdr.150202-1526)", "build": "7601.0", "platform": "windows", "version": "6.1"}, "id": "19fc45ac-5890-4f96-81b1-50ed111c0ce4", "hostname": "CLIENT1", "name": "CLIENT1"}, "agent": {"type": "winlogbeat", "ephemeral_id": "33f6eec2-a7ba-4caa-97b3-ea43b4f5e172", "hostname": "CLIENT1", "id": "0b755aca-0a9a-454a-9800-1979901962a0", "version": "7.2.0"}, "winlog": {"channel": "Security", "task": "Logon", "api": "wineventlog", "keywords": ["Audit Success"], "opcode": "Info", "provider_guid": "{54849625-5478-4994-A5BA-3E3B0328C30D}", "provider_name": "Microsoft-Windows-Security-Auditing", "record_id": 4684, "event_id": 4624, "process": {"thread": {"id": 492}, "pid": 444}, "event_data": {"SubjectDomainName": "WORKGROUP", "TargetLogonId": "0x3e7", "LogonGuid": "{00000000-0000-0000-0000-000000000000}", "IpAddress": "<pseudonym:91d121bc503735a145e0e9869d792d26f6b22784210a0daf5b63840be2abf69a>", "AuthenticationPackageName": "Negotiate", "KeyLength": "0", "LogonType": "5", "LogonProcessName": "Advapi  ", "LmPackageName": "-", "SubjectUserSid": "<pseudonym:cd1a3afeeac92cb813605e21e464de7db0ca53fa0190d3a1372a46f60ddd0712>", "SubjectUserName": "<pseudonym:e887f3a09fdddf7c81a563b81f90ed9499d86badaa6173d1aa197a2b544d13b1>", "TransmittedServices": "-", "IpPort": "-", "SubjectLogonId": "0x3e7"}, "computer_name": "CLIENT1"}, "event": {"action": "Logon", "created": "2019-08-05T08:54:03.704Z", "category": "authentication", "type": "authentication_success", "kind": "event", "code": 4624}, "message": "An account was successfully logged on.\n\nSubject:\n\tSecurity ID:\t\tS-1-5-18\n\tAccount Name:\t\tCLIENT1$\n\tAccount Domain:\t\tWORKGROUP\n\tLogon ID:\t\t0x3e7\n\nLogon Type:\t\t\t5\n\nNew Logon:\n\tSecurity ID:\t\tS-1-5-18\n\tAccount Name:\t\tSYSTEM\n\tAccount Domain:\t\tNT AUTHORITY\n\tLogon ID:\t\t0x3e7\n\tLogon GUID:\t\t{00000000-0000-0000-0000-000000000000}\n\nProcess Information:\n\tProcess ID:\t\t0x1b4\n\tProcess Name:\t\tC:\\Windows\\System32\\services.exe\n\nNetwork Information:\n\tWorkstation Name:\t\n\tSource Network Address:\t-\n\tSource Port:\t\t-\n\nDetailed Authentication Information:\n\tLogon Process:\t\tAdvapi  \n\tAuthentication Package:\tNegotiate\n\tTransited Services:\t-\n\tPackage Name (NTLM only):\t-\n\tKey Length:\t\t0\n\nThis event is generated when a logon session is created. It is generated on the computer that was accessed.\n\nThe subject fields indicate the account on the local system which requested the logon. This is most commonly a service such as the Server service, or a local process such as Winlogon.exe or Services.exe.\n\nThe logon type field indicates the kind of logon that occurred. The most common types are 2 (interactive) and 3 (network).\n\nThe New Logon fields indicate the account for whom the new logon was created, i.e. the account that was logged on.\n\nThe network fields indicate where a remote logon request originated. Workstation name is not always available and may be left blank in some cases.\n\nThe authentication information fields provide detailed information about this specific logon request.\n\t- Logon GUID is a unique identifier that can be used to correlate this event with a KDC event.\n\t- Transited services indicate which intermediate services have participated in this logon request.\n\t- Package name indicates which sub-protocol was used among the NTLM protocols.\n\t- Key length indicates the length of the generated session key. This will be 0 if no session key was requested.", "process": {"executable": "C:\\Windows\\System32\\services.exe", "name": "services.exe", "pid": 436}, "ecs": {"version": "1.0.0"}}
