{"@timestamp": "2019-08-02T09:55:52.000Z", "@metadata": {"beat": "winlogbeat", "type": "_doc", "version": "7.2.0", "topic": "wineventlog_raw"}, "winlog": {"computer_name": "CLIENT1", "keywords": ["Classic"], "api": "wineventlog", "opcode": "Info", "provider_name": "ESENT", "event_data": {"param2": "2052", "param3": "Windows: ", "param1": "Windows"}, "record_id": 2940, "task": "Logging/Recovery", "channel": "Application", "event_id": 300}, "event": {"kind": "event", "code": 300, "action": "Logging/Recovery", "created": "2019-08-02T09:55:53.374Z"}, "log": {"level": "information"}, "message": "Windows (2052) Windows: The database engine is initiating recovery steps.", "host": {"name": "CLIENT1", "os": {"version": "6.1", "family": "windows", "name": "Windows 7 Professional", "kernel": "6.1.7601.18741 (win7sp1_gdr.150202-1526)", "build": "7601.0", "platform": "windows"}, "id": "19fc45ac-5890-4f96-81b1-50ed111c0ce4", "hostname": "CLIENT1", "architecture": "x86"}, "agent": {"id": "0b755aca-0a9a-454a-9800-1979901962a0", "version": "7.2.0", "type": "winlogbeat", "ephemeral_id": "de845cd9-5141-4c92-ad32-27a4518307e9", "hostname": "CLIENT1"}, "ecs": {"version": "1.0.0"}}
{"@timestamp": "2019-08-02T09:57:03.923Z", "@metadata": {"beat": "winlogbeat", "type": "_doc", "version": "7.2.0", "topic": "wineventlog_raw"}, "message": "The Program Compatibility Assistant Service service entered the running state.", "ecs": {"version": "1.0.0"}, "host": {"name": "CLIENT1", "id": "19fc45ac-5890-4f96-81b1-50ed111c0ce4", "hostname": "CLIENT1", "architecture": "x86", "os": {"build": "7601.0", "platform": "windows", "version": "6.1", "family": "windows", "name": "Windows 7 Professional", "kernel": "6.1.7601.18741 (win7sp1_gdr.150202-1526)"}}, "agent": {"hostname": "CLIENT1", "id": "0b755aca-0a9a-454a-9800-1979901962a0", "version": "7.2.0", "type": "winlogbeat", "ephemeral_id": "de845cd9-5141-4c92-ad32-27a4518307e9"}, "winlog": {"provider_guid": "{555908d1-a6d7-4695-8e1e-26931d2012f4}", "keywords": ["Classic"], "process": {"pid": 440, "thread": {"id": 3548}}, "channel": "System", "record_id": 11766, "task": "", "api": "wineventlog", "provider_name": "Service Control Manager", "event_data": {"param1": "Program Compatibility Assistant Service", "param2": "running", "Binary": "5000630061005300760063002F0034000000"}, "event_id": 7036, "computer_name": "CLIENT1"}, "event": {"kind": "event", "code": 7036, "created": "2019-08-02T09:57:05.008Z"}, "log": {"level": "information"}}
{"pseudonym": "cd1a3afeeac92cb813605e21e464de7db0ca53fa0190d3a1372a46f60ddd0712", "origin": "mwhAbXk6iWGhyFZwW9VWPYWsZMP4NSjvLVdcl9xlAKjqWPiTSrs4Fw+gyN46R2pTv+enyFlbkD4DZ29AGChrATozu9uohHMZNd9HP2yZlQm05Me4kmLrMu1pacmoaW4jkFgZK0/iNx9g1BuBedEQxlJ3K90sJfofL17+f3ebM/0PHSeDjfr3EaU6AAVlGzxeq07Qfg3egb1Bmj3op3Or5g9VRnscE4LLh32Tldwh8mlXwrAWZOS3h0f/A83BXo7Blz21nBKQVfYUY0N/NIPNqdFy9Bp5eXifgiYa+WhXHSBq04ppOBlBDjL/ZHhC//pH2kgGo0+XB5cNvpZZhA5RPQXwtvyHNjWb6gkwgdJb6Mc="}
{"@timestamp": "2019-08-02T11:05:03.274Z", "@metadata": {"beat": "winlogbeat", "type": "_doc", "version": "7.2.0", "topic": "wineventlog_raw"}, "event": {"code": 1, "created": "2019-08-02T11:05:05.275Z", "kind": "event"}, "log": {"level": "information"}, "message": "The system time has changed to \u200e2019\u200e-\u200e08\u200e-\u200e02T11:05:03.274000000Z from \u200e2019\u200e-\u200e08\u200e-\u200e02T11:05:03.958401300Z.", "winlog": {"computer_name": "CLIENT1", "task": "", "opcode": "Info", "provider_guid": "{A68CA8B7-004F-D7B6-A698-07E2DE0F1F5D}", "event_id": 1, "channel": "System", "record_id": 11805, "keywords": ["Time"], "process": {"pid": 1460, "thread": {"id": 1504}}, "user": {"identifier": "<pseudonym:cd1a3afeeac92cb813605e21e464de7db0ca53fa0190d3a1372a46f60ddd0712>", "name": "SYSTEM", "domain": "NT AUTHORITY", "type": "User"}, "event_data": {"NewTime": "2019-08-02T11:05:03.274000000Z", "OldTime": "2019-08-02T11:05:03.958401300Z"}, "provider_name": "Microsoft-Windows-Kernel-General", "api": "wineventlog"}, "host": {"name": "CLIENT1", "hostname": "CLIENT1", "architecture": "x86", "os": {"name": "Windows 7 Professional", "kernel": "6.1.7601.18741 (win7sp1_gdr.150202-1526)", "build": "7601.0", "platform": "windows", "version": "6.1", "family": "windows"}, "id": "19fc45ac-5890-4f96-81b1-50ed111c0ce4"}, "agent": {"ephemeral_id": "de845cd9-5141-4c92-ad32-27a4518307e9", "hostname": "CLIENT1", "id": "0b755aca-0a9a-454a-9800-1979901962a0", "version": "7.2.0", "type": "winlogbeat"}, "ecs": {"version": "1.0.0"}}
{"pseudonym": "e887f3a09fdddf7c81a563b81f90ed9499d86badaa6173d1aa197a2b544d13b1", "origin": "ECq8QiiuV5jhxubi2zqLzJhLUnu6pNhQSDbNX9or/EcbsKh5eyrykCYvKOBLiYoIHk/xZ5m2XrIdHL5JE4l+x+6IzzdHHDJDZ3yxoZ3xxaMiVWLX30GtGMZ815ARi6KR0JpKFkXVjHZsrSr80P9k032YrHyNqqy/bw1ReKxCM3ag3krKv6Bvp650cXLZQrrMhClddQwLIcP+tOPp5ypt4Nyc+vhBlgXnQDTIloiP+DtPL2uJ9wx+HqAXnernNfhXo7bXfGX4HorQfqJhKaWhLFdDSE6krfheWEk/SVxKMlytAptl8y6Iiz+2aiAW8DNStyu8vEE0GQD57OMHLjT9BsxRkNCTr5UwUjUZbBJYnps="}
{"pseudonym": "cd1a3afeeac92cb813605e21e464de7db0ca53fa0190d3a1372a46f60ddd0712", "origin": "G9qJeHuCun1Kq9LY0ImnqDPIYyI/0St79d0qEZp7th78acAonlcJiuo3AOLLOgxyv+Rkr+17F8sLjcKPdLViZBISevH/6prN7n75477ft/f3P2T2Sr/4/wrzGG3B/8RHQ6civfcwVJ6KI4B7nK1DG4hbwDZcGREPk4Blyo4+0+mlsI2zPdnzlqIadRzaqNwe1cKE6I30A3sBlzGNlAe7qoJSilZguHRKDSiBpbRTuHGyv83+45Q1WyIG9AeyeB82z96qzDJNK8esNRW8vpDT55lygYyZYA1ArrtUQ840jPhiDMFqTRqWp8/JkeHI0M3ADybz25MqziZT0HrkmZCXbbjwIzADr/9N5OJghKv0ySA="}
{"@timestamp": "2019-08-02T11:20:02.962Z", "@metadata": {"beat": "winlogbeat", "type": "_doc", "version": "7.2.0", "topic": "wineventlog_raw"}, "log": {"level": "information"}, "message": "The system time was changed.\n\nSubject:\n\tSecurity ID:\t\tS-1-5-18\n\tAccount Name:\t\tCLIENT1$\n\tAccount Domain:\t\tWORKGROUP\n\tLogon ID:\t\t0x3e7\n\nProcess Information:\n\tProcess ID:\t0x5b4\n\tName:\t\tC:\\Program Files\\NetTime\\NetTimeService.exe\n\nPrevious Time:\t\t\u200e2019\u200e-\u200e08\u200e-\u200e02T11:20:03.525178100Z\nNew Time:\t\t\u200e2019\u200e-\u200e08\u200e-\u200e02T11:20:02.962000000Z\n\nThis event is generated when the system time is changed. It is normal for the Windows Time Service, which runs with System privilege, to change the system time on a regular basis. Other system time changes may be indicative of attempts to tamper with the computer.", "agent": {"hostname": "CLIENT1", "id": "0b755aca-0a9a-454a-9800-1979901962a0", "version": "7.2.0", "type": "winlogbeat", "ephemeral_id": "de845cd9-5141-4c92-ad32-27a4518307e9"}, "ecs": {"version": "1.0.0"}, "host": {"name": "CLIENT1", "architecture": "x86", "os": {"platform": "windows", "version": "6.1", "family": "windows", "name": "Windows 7 Professional", "kernel": "6.1.7601.18741 (win7sp1_gdr.150202-1526)", "build": "7601.0"}, "id": "19fc45ac-5890-4f96-81b1-50ed111c0ce4", "hostname": "CLIENT1"}, "winlog": {"computer_name": "CLIENT1", "keywords": ["Audit Success"], "provider_guid": "{54849625-5478-4994-A5BA-3E3B0328C30D}", "process": {"pid": 4, "thread": {"id": 60}}, "provider_name": "Microsoft-Windows-Security-Auditing", "opcode": "Info", "channel": "Security", "record_id": 4723, "task": "Security State Change", "api": "wineventlog", "version": 1, "event_id": 4616, "event_data": {"NewTime": "2019-08-02T11:20:02.962000000Z", "ProcessId": "0x5b4", "ProcessName": "C:\\Program Files\\NetTime\\NetTimeService.exe", "SubjectUserSid": "<pseudonym:cd1a3afeeac92cb813605e21e464de7db0ca53fa0190d3a1372a46f60ddd0712>", "SubjectUserName": "<pseudonym:e887f3a09fdddf7c81a563b81f90ed9499d86badaa6173d1aa197a2b544d13b1>", "SubjectDomainName": "WORKGROUP", "SubjectLogonId": "0x3e7", "PreviousTime": "2019-08-02T11:20:03.525178100Z"}}, "event": {"created": "2019-08-02T11:20:04.152Z", "kind": "event", "code": 4616, "action": "Security State Change"}}
{"pseudonym": "cd1a3afeeac92cb813605e21e464de7db0ca53fa0190d3a1372a46f60ddd0712", "origin": "Nxf/FvbdM+F4sw9F9Aw/1l7DhO9M5UwgX6+W3Ltskd9s4xen491E/dH6GxFfxoYFHGeDTOlL3A/1fTvVC0m1njKxnBmaMiAMnUq7vl5b0ymFpd4l97LtoabmhfjPGXNh5v6eLuA8S1oGivUF47xmv9fqr4uYb9F/eENe4AhxxI7vRbbhcbNXvz6ULtQz1eaJH+AOdiTH2PC2+5Fyoba0Y6bHIT1QR6R2fMsDPUXhdfkLUrGEEfi3VbC2iLFlKSI3Wx6gi1LNkmKdvsfKbLyYPEeLoiBlfS1I+yvAmk+i3YzdngV47DeLcRs8MEsoDHlG1rZcKj/0wSgy0RpdOpJsWIq1iU5vU/VNI+nAE2GgT5Q="}
{"@timestamp": "2019-08-02T12:15:00.343Z", "@metadata": {"beat": "winlogbeat", "type": "_doc", "version": "7.2.0", "topic": "wineventlog_raw"}, "winlog": {"channel": "System", "provider_name": "Microsoft-Windows-Kernel-General", "provider_guid": "{A68CA8B7-004F-D7B6-A698-07E2DE0F1F5D}", "event_id": 1, "task": "", "api": "wineventlog", "event_data": {"NewTime": "2019-08-02T12:15:00.343000000Z", "OldTime": "2019-08-02T12:15:00.830873200Z"}, "process": {"pid": 1460, "thread": {"id": 1504}}, "opcode": "Info", "user": {"type": "User", "identifier": "<pseudonym:cd1a3afeeac92cb813605e21e464de7db0ca53fa0190d3a1372a46f60ddd0712>", "name": "SYSTEM", "domain": "NT AUTHORITY"}, "record_id": 11821, "computer_name": "CLIENT1", "keywords": ["Time"]}, "event": {"kind": "event", "code": 1, "created": "2019-08-02T12:15:02.345Z"}, "log": {"level": "information"}, "message": "The system time has changed to \u200e2019\u200e-\u200e08\u200e-\u200e02T12:15:00.343000000Z from \u200e2019\u200e-\u200e08\u200e-\u200e02T12:15:00.830873200Z.", "agent": {"version": "7.2.0", "type": "winlogbeat", "ephemeral_id": "de845cd9-5141-4c92-ad32-27a4518307e9", "hostname": "CLIENT1", "id": "0b755aca-0a9a-454a-9800-1979901962a0"}, "ecs": {"version": "1.0.0"}, "host": {"architecture": "x86", "os": {"version": "6.1", "family": "windows", "name": "Windows 7 Professional", "kernel": "6.1.7601.18741 (win7sp1_gdr.150202-1526)", "build": "7601.0", "platform": "windows"}, "id": "19fc45ac-5890-4f96-81b1-50ed111c0ce4", "name": "CLIENT1", "hostname": "CLIENT1"}}
{"pseudonym": "cd1a3afeeac92cb813605e21e464de7db0ca53fa0190d3a1372a46f60ddd0712", "origin": "NGBMZbmzFta0DD2NsVIFFLHszU4SOwk7NBu/te8ZSklMZ+T8+NQgNII4Vvs+wyoNebX/JoK/hoN6NluBbsP/wn8zr20fadL5Wp05uDAE5WjL6hLP0A9qN7/l84GmT+45ZTMT4WClhDjLoF0RktNb80aGegImxsAHF1rMiO+wqJ6JCWx1TrS8SLpeiqYwJjeym4ZfCt/mgCyh8bpBSS09LpNobU9WFAv7NEDLaObDz83sICjm0bRkd00AZUaQ3HGJolsi5X01v/AM9GX/Hb32UhUhYkN+hUwJVcd/HTjMFzyayCFLkfvJ9BR0aptSXFshctocbPkC3JMYdEaM7Ckbtu3wnRKpPWo7RBQVZk0CnoI="}
{"@timestamp": "2019-08-02T12:20:00.220Z", "@metadata": {"beat": "winlogbeat", "type": "_doc", "version": "7.2.0", "topic": "wineventlog_raw"}, "winlog": {"task": "", "computer_name": "CLIENT1", "event_id": 1, "opcode": "Info", "process": {"pid": 1460, "thread": {"id": 1504}}, "user": {"domain": "NT AUTHORITY", "type": "User", "identifier": "<pseudonym:cd1a3afeeac92cb813605e21e464de7db0ca53fa0190d3a1372a46f60ddd0712>", "name": "SYSTEM"}, "record_id": 11822, "api": "wineventlog", "event_data": {"OldTime": "2019-08-02T12:20:00.685589100Z", "NewTime": "2019-08-02T12:20:00.220000000Z"}, "provider_name": "Microsoft-Windows-Kernel-General", "keywords": ["Time"], "provider_guid": "{A68CA8B7-004F-D7B6-A698-07E2DE0F1F5D}", "channel": "System"}, "event": {"kind": "event", "code": 1, "created": "2019-08-02T12:20:01.222Z"}, "log": {"level": "information"}, "message": "The system time has changed to \u200e2019\u200e-\u200e08\u200e-\u200e02T12:20:00.220000000Z from \u200e2019\u200e-\u200e08\u200e-\u200e02T12:20:00.685589100Z.", "host": {"name": "CLIENT1", "hostname": "CLIENT1", "architecture": "x86", "os": {"version": "6.1", "family": "windows", "name": "Windows 7 Professional", "kernel": "6.1.7601.18741 (win7sp1_gdr.150202-1526)", "build": "7601.0", "platform": "windows"}, "id": "19fc45ac-5890-4f96-81b1-50ed111c0ce4"}, "agent": {"type": "winlogbeat", "ephemeral_id": "de845cd9-5141-4c92-ad32-27a4518307e9", "hostname": "CLIENT1", "id": "0b755aca-0a9a-454a-9800-1979901962a0", "version": "7.2.0"}, "ecs": {"version": "1.0.0"}}
{"pseudonym": "cd1a3afeeac92cb813605e21e464de7db0ca53fa0190d3a1372a46f60ddd0712", "origin": "ENyb1W8bkvgRu/apL3St9SRqV0ZOXraqBBXJCYWxvHnaJ8kU75Gm1aHBPynBpbEKPyWF092LbGExSwIJvlrgNrL5kBqh/34wfUDAhqVR9KLOVa11LDIyMBeNOispogPjo+Lk+sxUUWXTFQmLU0cwIreK0qL1k/nTbyzHVa6jcCaMJ6ANTYWstzKr1KQ/JRRH50a7VxR8GuDxxOBwuuzDr9hcFtz6WboCC0AlUqxBJ5UGn3TmmOoSbJfDP6NLLF9kyWme04CYLUjHrBtljYZKtp0hqh7HhfGTYW1d3WkbqjZEKPspgiljdpCmAKcNJqr3OzubU7tmpiZwpfQgCk7OFmr5KntqDD1OGo2neWBJ1o8="}
{"@timestamp": "2019-08-02T12:25:00.348Z", "@metadata": {"beat": "winlogbeat", "type": "_doc", "version": "7.2.0", "topic": "wineventlog_raw"}, "winlog": {"keywords": ["Time"], "process": {"pid": 1460, "thread": {"id": 1504}}, "event_data": {"NewTime": "2019-08-02T12:25:00.348000000Z", "OldTime": "2019-08-02T12:25:00.794150900Z"}, "task": "", "opcode": "Info", "user": {"identifier": "<pseudonym:cd1a3afeeac92cb813605e21e464de7db0ca53fa0190d3a1372a46f60ddd0712>", "name": "SYSTEM", "domain": "NT AUTHORITY", "type": "User"}, "channel": "System", "computer_name": "CLIENT1", "provider_name": "Microsoft-Windows-Kernel-General", "event_id": 1, "record_id": 11823, "api": "wineventlog", "provider_guid": "{A68CA8B7-004F-D7B6-A698-07E2DE0F1F5D}"}, "event": {"created": "2019-08-02T12:25:01.364Z", "kind": "event", "code": 1}, "log": {"level": "information"}, "message": "The system time has changed to \u200e2019\u200e-\u200e08\u200e-\u200e02T12:25:00.348000000Z from \u200e2019\u200e-\u200e08\u200e-\u200e02T12:25:00.794150900Z.", "ecs": {"version": "1.0.0"}, "host": {"name": "CLIENT1", "hostname": "CLIENT1", "architecture": "x86", "os": {"version": "6.1", "family": "windows", "name": "Windows 7 Professional", "kernel": "6.1.7601.18741 (win7sp1_gdr.150202-1526)", "build": "7601.0", "platform": "windows"}, "id": "19fc45ac-5890-4f96-81b1-50ed111c0ce4"}, "agent": {"ephemeral_id": "de845cd9-5141-4c92-ad32-27a4518307e9", "hostname": "CLIENT1", "id": "0b755aca-0a9a-454a-9800-1979901962a0", "version": "7.2.0", "type": "winlogbeat"}}
{"pseudonym": "e887f3a09fdddf7c81a563b81f90ed9499d86badaa6173d1aa197a2b544d13b1", "origin": "i8/5Z9IQdUmBCKGiesKZ8+FJTa+aWaI15TkssG+hcnAnk3ZWvYN3ERRYDG4LCmF5EmZB2l2r9pMbLoTPfVUXYguE5LHX80JDofbF/m+jtG65YNQ1ySUWZwSRh4TdABCnpkKcSHBQ8oockxzwblZ+UPgvcg0dwpx9WIUtdwcr6sF+gB0Sb8xML37RSyiV5IzErHxa//gjqcC6k2rH7HeBddFzst9kIKYk/RhdIIV77nE5YhpDOHuUdqykmLr4pRKc9F1qKR/phm2IW5I83APD6QQ7oHdhK8D6JEsFsJHKynVnfwBleXLYQ40zERauWgfBGpe6CmNjLrbPuvuC8RTdoRfgBh0HJVeMYswKR/rQhYk="}
{"pseudonym": "cd1a3afeeac92cb813605e21e464de7db0ca53fa0190d3a1372a46f60ddd0712", "origin": "Xt+mjsQ6ctPAhwdYy1x3vABqIR8ShljaI5gFQNbrJz1HJhjhoUXqmmwMI2wFvVyezp7CVimXPATXsRDeQhL5UGEGHrYjGl+sYt5isUuH2hO3fJf+1gET1wJAFI1pFqyBbryAU+2mFpvfVuOH11leAzmFfECuG+p4IF+VSPFl9r71pkUWaN8WC230q5jxrER9YUAoNxinLeo87Jo2NNHKVFGBjqbWtQpeeZxf1TrFTdpZFIeoljv/qyQ1g7SW6yXRQ2iaUDo5sxQuiIIrGPqA8Cw+ggBlVylH7oU66d+QvsAMb0ROavnIeIzeyWhBXQ9JCDffROvF8VrD/IlxJSioZOvSeD32o9R16DbNXOFc++U="}
{"@timestamp": "2019-08-02T14:10:07.041Z", "@metadata": {"beat": "winlogbeat", "type": "_doc", "version": "7.2.0", "topic": "wineventlog_raw"}, "event": {"kind": "event", "code": 4616, "action": "Security State Change", "created": "2019-08-02T14:10:09.050Z"}, "log": {"level": "information"}, "message": "The system time was changed.\n\nSubject:\n\tSecurity ID:\t\tS-1-5-18\n\tAccount Name:\t\tCLIENT1$\n\tAccount Domain:\t\tWORKGROUP\n\tLogon ID:\t\t0x3e7\n\nProcess Information:\n\tProcess ID:\t0x5b4\n\tName:\t\tC:\\Program Files\\NetTime\\NetTimeService.exe\n\nPrevious Time:\t\t\u200e2019\u200e-\u200e08\u200e-\u200e02T14:10:07.405505900Z\nNew Time:\t\t\u200e2019\u200e-\u200e08\u200e-\u200e02T14:10:07.041000000Z\n\nThis event is generated when the system time is changed. It is normal for the Windows Time Service, which runs with System privilege, to change the system time on a regular basis. Other system time changes may be indicative of attempts to tamper with the computer.", "agent": {"hostname": "CLIENT1", "id": "0b755aca-0a9a-454a-9800-1979901962a0", "version": "7.2.0", "type": "winlogbeat", "ephemeral_id": "de845cd9-5141-4c92-ad32-27a4518307e9"}, "ecs": {"version": "1.0.0"}, "host": {"name": "CLIENT1", "os": {"build": "7601.0", "platform": "windows", "version": "6.1", "family": "windows", "name": "Windows 7 Professional", "kernel": "6.1.7601.18741 (win7sp1_gdr.150202-1526)"}, "id": "19fc45ac-5890-4f96-81b1-50ed111c0ce4", "hostname": "CLIENT1", "architecture": "x86"}, "winlog": {"opcode": "Info", "version": 1, "provider_name": "Microsoft-Windows-Security-Auditing", "task": "Security State Change", "provider_guid": "{54849625-5478-4994-A5BA-3E3B0328C30D}", "event_data": {"SubjectUserName": "<pseudonym:e887f3a09fdddf7c81a563b81f90ed9499d86badaa6173d1aa197a2b544d13b1>", "SubjectDomainName": "WORKGROUP", "SubjectLogonId": "0x3e7", "PreviousTime": "2019-08-02T14:10:07.405505900Z", "NewTime": "2019-08-02T14:10:07.041000000Z", "ProcessId": "0x5b4", "ProcessName": "C:\\Program Files\\NetTime\\NetTimeService.exe", "SubjectUserSid": "<pseudonym:cd1a3afeeac92cb813605e21e464de7db0ca53fa0190d3a1372a46f60ddd0712>"}, "computer_name": "CLIENT1", "keywords": ["Audit Success"], "channel": "Security", "record_id": 4757, "event_id": 4616, "process": {"pid": 4, "thread": {"id": 60}}, "api": "wineventlog"}}
{"pseudonym": "cd1a3afeeac92cb813605e21e464de7db0ca53fa0190d3a1372a46f60ddd0712", "origin": "IjAuWXcVhxn1q1PCEwNS97rmweVjXB0ZBPCnbQS7ERAEKaHGHGv6whc9WMdekR1R9ajQKaedrC5DQqjeboZKsNg+rMaoLdk8WZPXRo+Ala79wnB+UqTC/lp6ccKPY9c2/BC9vc6jbq9lyNKyubKavoNp0Y8U12JDrVApYciyK0wotrdqYiKbPgjHIDLVZPk/MAPGdfDf0oVO0HQpA9UjkCOLJea5ocm3SczB3OqIAATbvK3zubPDqK3+/7v6mn2Tpa6NVqnH4cwBpj1keCUcQHy1steTmCKDwyAtM4bKv5lFozeJ9FDDGt613nqGrt67ergc7tMbOdB/iNquZ/S9J1NmBTftZa9KWcLapU5MgiA="}
{"@timestamp": "2019-08-02T14:20:07.561Z", "@metadata": {"beat": "winlogbeat", "type": "_doc", "version": "7.2.0", "topic": "wineventlog_raw"}, "log": {"level": "information"}, "ecs": {"version": "1.0.0"}, "host": {"name": "CLIENT1", "os": {"family": "windows", "name": "Windows 7 Professional", "kernel": "6.1.7601.18741 (win7sp1_gdr.150202-1526)", "build": "7601.0", "platform": "windows", "version": "6.1"}, "id": "19fc45ac-5890-4f96-81b1-50ed111c0ce4", "hostname": "CLIENT1", "architecture": "x86"}, "agent": {"type": "winlogbeat", "ephemeral_id": "de845cd9-5141-4c92-ad32-27a4518307e9", "hostname": "CLIENT1", "id": "0b755aca-0a9a-454a-9800-1979901962a0", "version": "7.2.0"}, "message": "The system time has changed to \u200e2019\u200e-\u200e08\u200e-\u200e02T14:20:07.561000000Z from \u200e2019\u200e-\u200e08\u200e-\u200e02T14:20:07.767465900Z.", "winlog": {"channel": "System", "event_id": 1, "api": "wineventlog", "provider_name": "Microsoft-Windows-Kernel-General", "keywords": ["Time"], "event_data": {"NewTime": "2019-08-02T14:20:07.561000000Z", "OldTime": "2019-08-02T14:20:07.767465900Z"}, "task": "", "opcode": "Info", "process": {"pid": 1460, "thread": {"id": 1504}}, "record_id": 11850, "computer_name": "CLIENT1", "provider_guid": "{A68CA8B7-004F-D7B6-A698-07E2DE0F1F5D}", "user": {"domain": "NT AUTHORITY", "type": "User", "identifier": "<pseudonym:cd1a3afeeac92cb813605e21e464de7db0ca53fa0190d3a1372a46f60ddd0712>", "name": "SYSTEM"}}, "event": {"kind": "event", "code": 1, "created": "2019-08-02T14:20:08.566Z"}}
{"pseudonym": "e887f3a09fdddf7c81a563b81f90ed9499d86badaa6173d1aa197a2b544d13b1", "origin": "pbaS9LEj6rfGR2agu8jeOY0U9UrUXfbW0xBpG3d09HIlWj9X0QlugNfNhdjZRaItOFGW+9f/znm9JztFAYJ87TSMol3XUDnkDx3JVsOQltwHlYPKTQeYx3UjtoSDDnzW2iX3w8eq0Lz0761lJ5hJhjh7u7YXsCZl4FIUiX5Uf3b4UHORcXEYdYXOMHFPpTjNgSvlptorsb09PEdgCWZQ8SX9sitZbg2mffeQrnqH+NW1SAUqG5L4CzpUwzBySobUoTBUpsRQhCXqXQ76t2bGz9byqXe2D8bQusSavMMFzO8fONI2XRiEeMm1a/KyUaNGp6saYFT+rWXOBK6FDUfirtNX7XnWjlCRom1PJ7jRWzg="}
{"pseudonym": "cd1a3afeeac92cb813605e21e464de7db0ca53fa0190d3a1372a46f60ddd0712", "origin": "H8i1mSijYXlaR/kOofN4XjUIUD8fUhTCdOl31Vip2dt6sLlfXm2QaudrApn7bGo1PkApe64bmT/HznlIzvA8yIuJmUmhwg/ExDHxcjc6OldmONdaR29WVf9sp0NFDsLy6c/upgUj/U1y50yiM2YSRHE97gOhps/rlJHJMglTVhmhITyhsMl5I3JmXxKNVH8/DzxVWvms782cekkXCSVT2THxBBeSC5qVKq5+BaDa9U2a0qVQXGhwjnh4hszGbQ9966Ei7fZQ0ni0VY9ps7P7K1Eq/8TqpQvKuT7+cdlTlwxeHAVtWCQodjjFfkcD/3JoaCEie/xumnrGNbbQJKDVRy7Q+DTLxosNza4DwGFqt/g="}
{"@timestamp": "2019-08-02T14:45:09.112Z", "@metadata": {"beat": "winlogbeat", "type": "_doc", "version": "7.2.0", "topic": "wineventlog_raw"}, "host": {"name": "CLIENT1", "os": {"build": "7601.0", "platform": "windows", "version": "6.1", "family": "windows", "name": "Windows 7 Professional", "kernel": "6.1.7601.18741 (win7sp1_gdr.150202-1526)"}, "id": "19fc45ac-5890-4f96-81b1-50ed111c0ce4", "hostname": "CLIENT1", "architecture": "x86"}, "winlog": {"task": "Security State Change", "provider_guid": "{54849625-5478-4994-A5BA-3E3B0328C30D}", "keywords": ["Audit Success"], "opcode": "Info", "version": 1, "provider_name": "Microsoft-Windows-Security-Auditing", "record_id": 4764, "channel": "Security", "event_id": 4616, "api": "wineventlog", "computer_name": "CLIENT1", "process": {"pid": 4, "thread": {"id": 60}}, "event_data": {"SubjectUserName": "<pseudonym:e887f3a09fdddf7c81a563b81f90ed9499d86badaa6173d1aa197a2b544d13b1>", "SubjectDomainName": "WORKGROUP", "SubjectLogonId": "0x3e7", "PreviousTime": "2019-08-02T14:45:09.272107900Z", "NewTime": "2019-08-02T14:45:09.112000000Z", "ProcessId": "0x5b4", "ProcessName": "C:\\Program Files\\NetTime\\NetTimeService.exe", "SubjectUserSid": "<pseudonym:cd1a3afeeac92cb813605e21e464de7db0ca53fa0190d3a1372a46f60ddd0712>"}}, "event": {"kind": "event", "code": 4616, "action": "Security State Change", "created": "2019-08-02T14:45:11.111Z"}, "log": {"level": "information"}, "message": "The system time was changed.\n\nSubject:\n\tSecurity ID:\t\tS-1-5-18\n\tAccount Name:\t\tCLIENT1$\n\tAccount Domain:\t\tWORKGROUP\n\tLogon ID:\t\t0x3e7\n\nProcess Information:\n\tProcess ID:\t0x5b4\n\tName:\t\tC:\\Program Files\\NetTime\\NetTimeService.exe\n\nPrevious Time:\t\t\u200e2019\u200e-\u200e08\u200e-\u200e02T14:45:09.272107900Z\nNew Time:\t\t\u200e2019\u200e-\u200e08\u200e-\u200e02T14:45:09.112000000Z\n\nThis event is generated when the system time is changed. It is normal for the Windows Time Service, which runs with System privilege, to change the system time on a regular basis. Other system time changes may be indicative of attempts to tamper with the computer.", "agent": {"id": "0b755aca-0a9a-454a-9800-1979901962a0", "version": "7.2.0", "type": "winlogbeat", "ephemeral_id": "de845cd9-5141-4c92-ad32-27a4518307e9", "hostname": "CLIENT1"}, "ecs": {"version": "1.0.0"}}
{"pseudonym": "91d121bc503735a145e0e9869d792d26f6b22784210a0daf5b63840be2abf69a", "origin": "RzhimcILj9Dsg47E0e8eGW5fIkwdRGmrMd9v/4R6iiOVpzj9kvsDOtaPJWKV/K8Al1a09dyFQWSFUBlLOYCDGGRZ7q6xeGCk3sqxW/yaUVxNMTFqvtJyKneso7vMZaa6KZxs4Fan0JMP0oz2lVKoBigaGmesMNOUXsW5AHv0u7pglNvyfcOBBMR8EK9+rjtuMrlU8EP5TwF85z/VsVRr3LZfZnir1SwRVQEH9auXmpcVHPPpSreDHeCjWp1uQtbSW94t2zbh28jwQ5UetvfwMsrfjTYZCKXuVHjmxTpS3BDnJz1kS8AT8JU/Js5Svo/AUruwtVXEbf/RmLqGFDWXog9WzL64DeWGZg=="}
{"pseudonym": "387dddca7f9c9fa71c41295d7790d3bcd791cfe79b2dd4843551dfd0bf47acf2", "origin": "A4uSRaZ3GZI+mOia+HarJr2HVA+kTm/R+rB2McWQ0Wb4lfyJmH/kuHPPbI+cMMgkbteeAYTxmr8n/uA5kcvB0CuHvhSAzOCKM2YGVOtjUf5JeUbgmlFVJmGKGknrqjHeyehZOqHDp/jyVw/j+5QORToSLjMd/8Atv+8IlxsnZD5Awcu8pO7DxQs2E+OG0zm/HWhWmM8KifJ+F9180Grcyl5TbuQ+V4nn7w5HsEcQNAGnO9j4qqFZ5QJhD3Db9UdAgIjDFRhyKxcFP528gbOnAgfzMpFCHPiVMb8WoNeeBi/uuF08iGxM/xaPR4Jwc7ZdyN7rDtTmHh0oYA4bIoV3jCi+gpS4SuwYb0puGqZA"}
{"pseudonym": "23248c71f7404e59aa79c6213a048486a57db314bcd3c62428d54a30e0d5a409", "origin": "QsgaL/3LZaOQ0mOTK0bhye8NSdpg2pmxlxXxIIBRo1Ki0jc5AeD+vYKVbF9AEwgQeitwqWEdk4WnvOKlL4GSFzLI614Yp2mte7jjqQI1crhVDM5mctFJkDoxUXt1Chj3RtiOI1rV//ImpMquwW65ssyz52Ekhrxuv5xyh0v7+Ye5htk4lNovGgSJ+r0cXsKdWzRJKFRoRVNuv5FHOzT/WyPk7Lx6FxDGgN8ZHiAH/7gA6s62eglmQ3OhE6Enw7NW2mUtg6GLqXGNMPB26dIJ/FMyE2aLig1Gbxx9BBvuBl/7XPYxnvvo8kneor4JxdwqKTYf7LzShFXIJ3J6QLKT62tINOo/qmIPXMfdjtSigw=="}
{"pseudonym": "91d121bc503735a145e0e9869d792d26f6b22784210a0daf5b63840be2abf69a", "origin": "arud1NoQQJBYeHiG9J13/Od3ImMsA8mij/E/2lSmn6ka1ummfLdA3ExQN7n3+G7nqyGg8plJrzq6Z1SA2803aPCE2w+RmML8CCLi+9M6OQVdmw7ojMfbD8ZVRkaHJdHHw/aGT1lZ50lt3gpAfiDvX7fftyqgxG5uHCC+X5t8v1tJYohFLs1ZJRUHJjiHP0PUUDjpS6EhbLob/pM2F9uNGp5eXq32P1f+GOj6ISSks5spRz2a7/gwPftURwv8mWCfgOsJ74brZ2ki2dWWrZzLa3yx1q3qbGnkk1VyUJqjn13VNiuph5XoUQTIZICFLLny5Ymw/DRpXJ1fC05lalqiwUGtpcjbMSNMEw=="}
{"@timestamp": "2019-08-02T09:46:16.671Z", "@metadata": {"beat": "winlogbeat", "type": "_doc", "version": "7.2.0", "topic": "wineventlog_raw"}, "source": {"domain": "-"}, "host": {"name": "CLIENT1", "os": {"build": "7601.0", "platform": "windows", "version": "6.1", "family": "windows", "name": "Windows 7 Professional", "kernel": "6.1.7601.18741 (win7sp1_gdr.150202-1526)"}, "id": "19fc45ac-5890-4f96-81b1-50ed111c0ce4", "hostname": "CLIENT1", "architecture": "x86"}, "ecs": {"version": "1.0.0"}, "message": "An account was successfully logged on.\n\nSubject:\n\tSecurity ID:\t\tS-1-0-0\n\tAccount Name:\t\t-\n\tAccount Domain:\t\t-\n\tLogon ID:\t\t0x0\n\nLogon Type:\t\t\t0\n\nNew Logon:\n\tSecurity ID:\t\tS-1-5-18\n\tAccount Name:\t\tSYSTEM\n\tAccount Domain:\t\tNT AUTHORITY\n\tLogon ID:\t\t0x3e7\n\tLogon GUID:\t\t{00000000-0000-0000-0000-000000000000}\n\nProcess Information:\n\tProcess ID:\t\t0x4\n\tProcess Name:\t\t\n\nNetwork Information:\n\tWorkstation Name:\t-\n\tSource Network Address:\t-\n\tSource Port:\t\t-\n\nDetailed Authentication Information:\n\tLogon Process:\t\t-\n\tAuthentication Package:\t-\n\tTransited Services:\t-\n\tPackage Name (NTLM only):\t-\n\tKey Length:\t\t0\n\nThis event is generated when a logon session is created. It is generated on the computer that was accessed.\n\nThe subject fields indicate the account on the local system which requested the logon. This is most commonly a service such as the Server service, or a local process such as Winlogon.exe or Services.exe.\n\nThe logon type field indicates the kind of logon that occurred. The most common types are 2 (interactive) and 3 (network).\n\nThe New Logon fields indicate the account for whom the new logon was created, i.e. the account that was logged on.\n\nThe network fields indicate where a remote logon request originated. Workstation name is not always available and may be left blank in some cases.\n\nThe authentication information fields provide detailed information about this specific logon request.\n\t- Logon GUID is a unique identifier that can be used to correlate this event with a KDC event.\n\t- Transited services indicate which intermediate services have participated in this logon request.\n\t- Package name indicates which sub-protocol was used among the NTLM protocols.\n\t- Key length indicates the length of the generated session key. This will be 0 if no session key was requested.", "winlog": {"event_id": 4624, "record_id": 4641, "opcode": "Info", "process": {"pid": 448, "thread": {"id": 452}}, "keywords": ["Audit Success"], "event_data": {"TransmittedServices": "-", "SubjectLogonId": "0x0", "SubjectDomainName": "-", "IpPort": "-", "AuthenticationPackageName": "-", "TargetLogonId": "0x3e7", "LmPackageName": "-", "LogonGuid": "{00000000-0000-0000-0000-000000000000}", "SubjectUserSid": "<pseudonym:23248c71f7404e59aa79c6213a048486a57db314bcd3c62428d54a30e0d5a409>", "KeyLength": "0", "IpAddress": "<pseudonym:91d121bc503735a145e0e9869d792d26f6b22784210a0daf5b63840be2abf69a>", "LogonType": "0", "LogonProcessName": "-", "SubjectUserName": "<pseudonym:91d121bc503735a145e0e9869d792d26f6b22784210a0daf5b63840be2abf69a>"}, "channel": "Security", "provider_name": "Microsoft-Windows-Security-Auditing", "api": "wineventlog", "computer_name": "CLIENT1", "task": "Logon", "provider_guid": "{54849625-5478-4994-A5BA-3E3B0328C30D}"}, "user": {"domain": "NT AUTHORITY", "id": "S-1-5-18", "name": "<pseudonym:387dddca7f9c9fa71c41295d7790d3bcd791cfe79b2dd4843551dfd0bf47acf2>"}, "process": {"pid": 4, "name": "null"}, "agent": {"ephemeral_id": "33f6eec2-a7ba-4caa-97b3-ea43b4f5e172", "hostname": "CLIENT1", "id": "0b755aca-0a9a-454a-9800-1979901962a0", "version": "7.2.0", "type": "winlogbeat"}, "event": {"kind": "event", "code": 4624, "action": "Logon", "type": "authentication_success", "category": "authentication", "created": "2019-08-05T08:54:03.452Z"}, "log": {"level": "information"}}
{"pseudonym": "387dddca7f9c9fa71c41295d7790d3bcd791cfe79b2dd4843551dfd0bf47acf2", "origin": "N7ml3G+9Gn8vCofcximrmjbZAN11CVJOaQAwPGLylhSvWEFDJVfNGSPnONnc48Uo0C4CukX3BAFkpZlJIBiVbSX09HQt24ut2a74XdZjI6sGuwgMiSbPRx7Z/zWMAJJ9uAY98vPibjF4Y8lLy7NCrxkjAnqPWruiCgnXuuzmn+FzMLIF6UZYk3fm8YSNuuQsk9Qu4SztlX5nWtU6uvH0/MHSv8VmUXxzD/KF3mV6XG8naLVYYHAkbal8NwT+QjgepRptZjDdWCAVE23m3DOpX+C8svpV7j67YL8Qnsqm3a53vxkZXe179YSjB3W2hP792jBUA0hx66pxx4+wkJfCFxNM0u4gnEQKWJfJwtxk"}
{"pseudonym": "cd1a3afeeac92cb813605e21e464de7db0ca53fa0190d3a1372a46f60ddd0712", "origin": "Qq+IGuzKjiOBzhS7XZhgONDqdXfJzFmy0i/lGngMeCB/K3SA3XJ0wrNBHgmTwNOZVZeFR6FyAu3fOnkZcV8EKzegM36M37xi3/mgP1tbtTCO+mm58P39xyUJeGEOi7swL9mI3q0MlUyIT2ylEpzilzPZuIa+5ko9/7UlS4J9NFpt0wLuMI36HENNX+Yv69pj930eyiZRj0rCaj2fUJ4H1Agv35PMw8CVE7pFcl20p8XAIurN4waw2pXTMhr6A2jccNs1QGiMhlHa6B3kkEP1Vt7laMSJwr2T/vWOR8poLWQyjrG0Uo2/51xx57aIfr2bvpozW7SnTBVZjXHezLHPTpxDmMkip62g6Dkfvy7rsbw="}
{"@timestamp": "2019-08-02T09:46:18.625Z", "@metadata": {"beat": "winlogbeat", "type": "_doc", "version": "7.2.0", "topic": "wineventlog_raw"}, "log": {"level": "information"}, "ecs": {"version": "1.0.0"}, "host": {"name": "CLIENT1", "os": {"platform": "windows", "version": "6.1", "family": "windows", "name": "Windows 7 Professional", "kernel": "6.1.7601.18741 (win7sp1_gdr.150202-1526)", "build": "7601.0"}, "id": "19fc45ac-5890-4f96-81b1-50ed111c0ce4", "hostname": "CLIENT1", "architecture": "x86"}, "agent": {"type": "winlogbeat", "ephemeral_id": "33f6eec2-a7ba-4caa-97b3-ea43b4f5e172", "hostname": "CLIENT1", "id": "0b755aca-0a9a-454a-9800-1979901962a0", "version": "7.2.0"}, "message": "Special privileges assigned to new logon.\n\nSubject:\n\tSecurity ID:\t\tS-1-5-18\n\tAccount Name:\t\tSYSTEM\n\tAccount Domain:\t\tNT AUTHORITY\n\tLogon ID:\t\t0x3e7\n\nPrivileges:\t\tSeAssignPrimaryTokenPrivilege\n\t\t\tSeTcbPrivilege\n\t\t\tSeSecurityPrivilege\n\t\t\tSeTakeOwnershipPrivilege\n\t\t\tSeLoadDriverPrivilege\n\t\t\tSeBackupPrivilege\n\t\t\tSeRestorePrivilege\n\t\t\tSeDebugPrivilege\n\t\t\tSeAuditPrivilege\n\t\t\tSeSystemEnvironmentPrivilege\n\t\t\tSeImpersonatePrivilege", "winlog": {"provider_name": "Microsoft-Windows-Security-Auditing", "api": "wineventlog", "computer_name": "CLIENT1", "provider_guid": "{54849625-5478-4994-A5BA-3E3B0328C30D}", "process": {"pid": 448, "thread": {"id": 504}}, "event_data": {"SubjectLogonId": "0x3e7", "PrivilegeList": "SeAssignPrimaryTokenPrivilege\n\t\t\tSeTcbPrivilege\n\t\t\tSeSecurityPrivilege\n\t\t\tSeTakeOwnershipPrivilege\n\t\t\tSeLoadDriverPrivilege\n\t\t\tSeBackupPrivilege\n\t\t\tSeRestorePrivilege\n\t\t\tSeDebugPrivilege\n\t\t\tSeAuditPrivilege\n\t\t\tSeSystemEnvironmentPrivilege\n\t\t\tSeImpersonatePrivilege", "SubjectUserSid": "<pseudonym:cd1a3afeeac92cb813605e21e464de7db0ca53fa0190d3a1372a46f60ddd0712>", "SubjectUserName": "<pseudonym:387dddca7f9c9fa71c41295d7790d3bcd791cfe79b2dd4843551dfd0bf47acf2>", "SubjectDomainName": "NT AUTHORITY"}, "channel": "Security", "record_id": 4644, "task": "Special Logon", "keywords": ["Audit Success"], "opcode": "Info", "event_id": 4672}, "event": {"created": "2019-08-05T08:54:03.703Z", "kind": "event", "code": 4672, "action": "Special Logon"}}
{"pseudonym": "721ee97a0013594c778a3fb491ef5099c0d8a8409174db1192de74509fb8b99a", "origin": "Ta3GPPWuVsb0GCvHE9fEhHKRLUY6cRxD73IbtjgKQ/S7gdcKnatJOcrhFiUdM6BmnQ2GniBi7I+JwIPlS2CsW8Ceclak4yuhLdf16WU6bTgBnfRZ17G9bLxYxwcyexdhvdn82k5gJiQhlib+MVXEhITak3jOn2PmPknqdZq0LX98p76VR3gevRSraldMoX2YEe8unzFvjIWIWmYV8lIt5UjTEws7eClAzsq/uPuYsdXdXo8LdqvneXhAd3wqbeRIhkSYGIR5t7xOJjQCaWEL5YSl/msnP09A619mup60FK1SvQXwOMcfvNVAVFPyCTYQs6y0Iefp53xJRx94K55d60eCumhRUWqnf5DXEC43ZquptPJjoA=="}
{"pseudonym": "88300c8916832c3352893b38edeeb13dae715dc9604444fc4d9bdd509aba6c1d", "origin": "NoSXtCg6Nwoop9ddoPQ1sHUXLs5cTU6PtPOo+7P9aQGHNlGZq3GlzwAHH1sCwqUWFW0fgNmpRVnU1IBd9QXaQ/eo3iwr+cNu1kYkmSoPQWH8U/OKr4cvXdQ1SeQPDKTrAaxYr8xt28QcqaeB6c5qPov+bBERAhu3ccf5QhSFyXpmE/WdpJvPXEzpAv5+CyZ7XcbaCSTwkOF+iaLAJJW43MQYhr8qBR7o1tVXddwisHpYHZNgRxW2k8N3PKiG7eP053Ac1qJHppbX4kwv5MG7pZcWAePU+6H/KqRHBKtKqxs+MkrOXBeeCE0mJktQWOWhy2Qr0IjmG6AXRiqGU+WinUkx2oJeSqs0UhoSWfj0yw4="}
{"@timestamp": "2019-08-02T09:46:19.421Z", "@metadata": {"beat": "winlogbeat", "type": "_doc", "version": "7.2.0", "topic": "wineventlog_raw"}, "ecs": {"version": "1.0.0"}, "host": {"architecture": "x86", "os": {"family": "windows", "name": "Windows 7 Professional", "kernel": "6.1.7601.18741 (win7sp1_gdr.150202-1526)", "build": "7601.0", "platform": "windows", "version": "6.1"}, "id": "19fc45ac-5890-4f96-81b1-50ed111c0ce4", "hostname": "CLIENT1", "name": "CLIENT1"}, "winlog": {"provider_name": "Microsoft-Windows-Security-Auditing", "api": "wineventlog", "provider_guid": "{54849625-5478-4994-A5BA-3E3B0328C30D}", "channel": "Security", "event_id": 4672, "event_data": {"SubjectLogonId": "0x3e5", "PrivilegeList": "SeAssignPrimaryTokenPrivilege\n\t\t\tSeAuditPrivilege\n\t\t\tSeImpersonatePrivilege", "SubjectUserSid": "<pseudonym:88300c8916832c3352893b38edeeb13dae715dc9604444fc4d9bdd509aba6c1d>", "SubjectUserName": "<pseudonym:721ee97a0013594c778a3fb491ef5099c0d8a8409174db1192de74509fb8b99a>", "SubjectDomainName": "NT AUTHORITY"}, "keywords": ["Audit Success"], "process": {"pid": 448, "thread": {"id": 504}}, "task": "Special Logon", "opcode": "Info", "record_id": 4648, "computer_name": "CLIENT1"}, "event": {"kind": "event", "code": 4672, "action": "Special Logon", "created": "2019-08-05T08:54:03.703Z"}, "log": {"level": "information"}, "message": "Special privileges assigned to new logon.\n\nSubject:\n\tSecurity ID:\t\tS-1-5-19\n\tAccount Name:\t\tLOCAL SERVICE\n\tAccount Domain:\t\tNT AUTHORITY\n\tLogon ID:\t\t0x3e5\n\nPrivileges:\t\tSeAssignPrimaryTokenPrivilege\n\t\t\tSeAuditPrivilege\n\t\t\tSeImpersonatePrivilege", "agent": {"hostname": "CLIENT1", "id": "0b755aca-0a9a-454a-9800-1979901962a0", "version": "7.2.0", "type": "winlogbeat", "ephemeral_id": "33f6eec2-a7ba-4caa-97b3-ea43b4f5e172"}}
{"@timestamp": "2019-08-02T09:46:35.078Z", "@metadata": {"beat": "winlogbeat", "type": "_doc", "version": "7.2.0", "topic": "wineventlog_raw"}, "agent": {"ephemeral_id": "33f6eec2-a7ba-4caa-97b3-ea43b4f5e172", "hostname": "CLIENT1", "id": "0b755aca-0a9a-454a-9800-1979901962a0", "version": "7.2.0", "type": "winlogbeat"}, "winlog": {"channel": "Security", "record_id": 4655, "provider_name": "Microsoft-Windows-Security-Auditing", "task": "Other System Events", "api": "wineventlog", "opcode": "Info", "event_id": 5033, "computer_name": "CLIENT1", "provider_guid": "{54849625-5478-4994-A5BA-3E3B0328C30D}", "process": {"thread": {"id": 68}, "pid": 4}, "keywords": ["Audit Success"]}, "event": {"created": "2019-08-05T08:54:03.703Z", "kind": "event", "code": 5033, "action": "Other System Events"}, "log": {"level": "information"}, "message": "The Windows Firewall Driver started successfully.", "ecs": {"version": "1.0.0"}, "host": {"hostname": "CLIENT1", "architecture": "x86", "name": "CLIENT1", "os": {"name": "Windows 7 Professional", "kernel": "6.1.7601.18741 (win7sp1_gdr.150202-1526)", "build": "7601.0", "platform": "windows", "version": "6.1", "family": "windows"}, "id": "19fc45ac-5890-4f96-81b1-50ed111c0ce4"}}
{"@timestamp": "2019-08-02T09:54:20.925Z", "@metadata": {"beat": "winlogbeat", "type": "_doc", "version": "7.2.0", "topic": "wineventlog_raw"}, "agent": {"ephemeral_id": "33f6eec2-a7ba-4caa-97b3-ea43b4f5e172", "hostname": "CLIENT1", "id": "0b755aca-0a9a-454a-9800-1979901962a0", "version": "7.2.0", "type": "winlogbeat"}, "winlog": {"api": "wineventlog", "computer_name": "CLIENT1", "opcode": "Info", "provider_guid": "{fc65ddd8-d6ef-4962-83d5-6e5cfe9ce148}", "event_id": 1100, "provider_name": "Microsoft-Windows-Eventlog", "record_id": 4670, "task": "Service shutdown", "channel": "Security", "keywords": ["Audit Success"], "process": {"thread": {"id": 2936}, "pid": 712}}, "event": {"kind": "event", "code": 1100, "action": "Service shutdown", "created": "2019-08-05T08:54:03.704Z"}, "log": {"level": "information"}, "message": "The event logging service has shut down.", "ecs": {"version": "1.0.0"}, "host": {"name": "CLIENT1", "hostname": "CLIENT1", "architecture": "x86", "os": {"version": "6.1", "family": "windows", "name": "Windows 7 Professional", "kernel": "6.1.7601.18741 (win7sp1_gdr.150202-1526)", "build": "7601.0", "platform": "windows"}, "id": "19fc45ac-5890-4f96-81b1-50ed111c0ce4"}}
{"pseudonym": "cd1a3afeeac92cb813605e21e464de7db0ca53fa0190d3a1372a46f60ddd0712", "origin": "Dzodsbg7PoZu4lTQgAYYJlOwOdf2P67fqqdi0kzX6NqkB4eLgi9BILwzem8XIC63znkRVk/X1BTkQ9/4na2DhN8mFDbMdhnNuVV67tfJLu9aPgD+1vBS3Ke2h5X1OdF96JODTUtlzNF9dies0sAe8qrF/yhfnknfYJeYUrFsPYEqqwMtoYbGrKZGMkHl5O/1UQ3kk134hzP76ib5gr3/bHibtvtCPYZJeQnyaSGW9EEzbJzt9z5Ib5SUSgjEpu2jn1DBdDYKU7oCwzsZdveClWPewcg2boh+g5W3RpGyZJxOwVCfO23M7yZaoTz6BipQSDvCxCZ5jXsQ8Uv5lr5EZox7OkNeSFKY9wucWKTQuIE="}
{"@timestamp": "2019-07-30T14:37:42.861Z", "@metadata": {"beat": "winlogbeat", "type": "_doc", "version": "7.2.0", "topic": "wineventlog_raw"}, "ecs": {"version": "1.0.0"}, "host": {"name": "CLIENT1", "hostname": "CLIENT1", "architecture": "x86", "os": {"version": "6.1", "family": "windows", "name": "Windows 7 Professional", "kernel": "6.1.7601.18741 (win7sp1_gdr.150202-1526)", "build": "7601.0", "platform": "windows"}, "id": "19fc45ac-5890-4f96-81b1-50ed111c0ce4"}, "message": "The system time has changed to \u200e2019\u200e-\u200e07\u200e-\u200e30T14:37:42.861000000Z from \u200e2019\u200e-\u200e07\u200e-\u200e30T14:37:43.494572200Z.", "winlog": {"channel": "System", "record_id": 11545, "process": {"pid": 1460, "thread": {"id": 1504}}, "opcode": "Info", "provider_guid": "{A68CA8B7-004F-D7B6-A698-07E2DE0F1F5D}", "event_data": {"NewTime": "2019-07-30T14:37:42.861000000Z", "OldTime": "2019-07-30T14:37:43.494572200Z"}, "event_id": 1, "keywords": ["Time"], "user": {"name": "SYSTEM", "domain": "NT AUTHORITY", "type": "User", "identifier": "<pseudonym:cd1a3afeeac92cb813605e21e464de7db0ca53fa0190d3a1372a46f60ddd0712>"}, "computer_name": "CLIENT1", "api": "wineventlog", "provider_name": "Microsoft-Windows-Kernel-General", "task": ""}, "event": {"kind": "event", "code": 1, "created": "2019-08-05T08:54:04.776Z"}, "log": {"level": "information"}, "agent": {"hostname": "CLIENT1", "id": "0b755aca-0a9a-454a-9800-1979901962a0", "version": "7.2.0", "type": "winlogbeat", "ephemeral_id": "33f6eec2-a7ba-4caa-97b3-ea43b4f5e172"}}
{"pseudonym": "cd1a3afeeac92cb813605e21e464de7db0ca53fa0190d3a1372a46f60ddd0712", "origin": "B9AnJGKWQpeEqa64nOspUlMJbZ2Dy3ldm78WdGMBWy8DVvyCUyM06Z7z1cEAzrsfyGdWleIJdrL3c3SkkRZZHZurjmHjeVqSpCz02eY4CfXydRtENQA6edWXOILxlmYdy9eA8Nf7TiE4Lm3+t98Fsmmko9AxZHni3Ab4v90pUvyTXibdEBIMhvOy1yoQEG/uZv5UpUoXGW8Q+RQIIpyeAbDEZ2oNSSrBlmurHp9l7+01alTeoFfJ2HFJGufkkuFtyf8kVxsLRphvybnppXT7qDNe8eG35II017qsYfXuChz8wxUsWga0/ljYT9+7bncbanuzE49WrXvuI67R/4dH6vMGlebCUUTgEiVj8kDePdk="}
{"pseudonym": "2246ce99b75c4aebaf0cd5d095e35cdb0cbf0f8adaf28ed864467242b621c30c", "origin": "GIZwE9x7oiKBQ5KJNSDKKv5eQZE87Sw40mIQa651+fQXT8jVfxd1d++UCjTZ7VKxBh2aiHvPRa6PJOCg3IoRlbVhnN8xWqgdeZu2jGAWW/F8y46e4q5VauefYstWji9/kHy/WC6FKP0/NNdWjlCg7APyQR6/7YJjQvpaKF4VZkxPvnoAX0ww9vWpC//LMNm+7Bu1af3HjGqFz5SntNqHmVEEEQrTwIxqPiLdfwLhA9Cwxa86G6bFKRVIE6/WdFktRghUgU7sO/cCGGIvfjaexn/Ns/eFr44Pe5QKM+VPe6GZ6uNXAhQLALiJp8rmDmZbx52lb2iinf3Lm5TbQjSxNr+/Gtod7RSfA/u+ypcepMFVYgDUUQkJPR+smyb7CSmSobiU5nto3r8kmT3MSQtLEUeMjtka"}
{"@timestamp": "2019-07-30T14:37:49.157Z", "@metadata": {"beat": "winlogbeat", "type": "_doc", "version": "7.2.0", "topic": "wineventlog_raw"}, "host": {"name": "CLIENT1", "hostname": "CLIENT1", "architecture": "x86", "os": {"family": "windows", "name": "Windows 7 Professional", "kernel": "6.1.7601.18741 (win7sp1_gdr.150202-1526)", "build": "7601.0", "platform": "windows", "version": "6.1"}, "id": "19fc45ac-5890-4f96-81b1-50ed111c0ce4"}, "winlog": {"event_id": 7002, "provider_name": "Microsoft-Windows-Winlogon", "api": "wineventlog", "opcode": "Info", "process": {"pid": 376, "thread": {"id": 404}}, "event_data": {"TSId": "1", "UserSid": "<pseudonym:2246ce99b75c4aebaf0cd5d095e35cdb0cbf0f8adaf28ed864467242b621c30c>"}, "computer_name": "CLIENT1", "provider_guid": "{DBE9B383-7CF3-4331-91CC-A3CB16A3B538}", "task": "", "activity_id": "{2698178D-FDAD-40AE-9D3C-1371703ADC5B}", "user": {"type": "User", "identifier": "<pseudonym:cd1a3afeeac92cb813605e21e464de7db0ca53fa0190d3a1372a46f60ddd0712>", "name": "SYSTEM", "domain": "NT AUTHORITY"}, "channel": "System", "record_id": 11547}, "event": {"kind": "event", "code": 7002, "created": "2019-08-05T08:54:04.776Z"}, "log": {"level": "information"}, "message": "User Logoff Notification for Customer Experience Improvement Program", "agent": {"type": "winlogbeat", "ephemeral_id": "33f6eec2-a7ba-4caa-97b3-ea43b4f5e172", "hostname": "CLIENT1", "id": "0b755aca-0a9a-454a-9800-1979901962a0", "version": "7.2.0"}, "ecs": {"version": "1.0.0"}}
{"pseudonym": "cd1a3afeeac92cb813605e21e464de7db0ca53fa0190d3a1372a46f60ddd0712", "origin": "OsTkWolxKqaP/EgvxWj4TK9f66FVYh7LvPzup6wCbkJPvtvA6aUoaVqNgd/cFkbcJn2UvoDtz11LMhYnDhILx5i8Yd/aRGI0Q0LUGgU4veWcXqd5Y1p11zDvs93ptTlw1ZLArVgzQkuhpQFo0FYAKi5QrMfu6purG1TLntlzKlra70Qxp2ACsdKwnz9yChHk1ptgEWYGE83rcGDfN9qHeetrFMXKyZTfCWXivPIpgt94wWYw40iym/xa4CTtAMWTwoPKbdwOjeW3IyFSfokRwJcMtvVDrzj0UN4Nvx/NotpikEcaygjFk0RSg9LWSLN0Q8dSSyezhK+buuY7YrRWea9fIGCDE95HhBJ8EYW5Bzs="}
{"@timestamp": "2019-08-02T09:46:12.140Z", "@metadata": {"beat": "winlogbeat", "type": "_doc", "version": "7.2.0", "topic": "wineventlog_raw"}, "host": {"id": "19fc45ac-5890-4f96-81b1-50ed111c0ce4", "hostname": "CLIENT1", "architecture": "x86", "os": {"version": "6.1", "family": "windows", "name": "Windows 7 Professional", "kernel": "6.1.7601.18741 (win7sp1_gdr.150202-1526)", "build": "7601.0", "platform": "windows"}, "name": "CLIENT1"}, "agent": {"type": "winlogbeat", "ephemeral_id": "33f6eec2-a7ba-4caa-97b3-ea43b4f5e172", "hostname": "CLIENT1", "id": "0b755aca-0a9a-454a-9800-1979901962a0", "version": "7.2.0"}, "winlog": {"user": {"identifier": "<pseudonym:cd1a3afeeac92cb813605e21e464de7db0ca53fa0190d3a1372a46f60ddd0712>", "name": "SYSTEM", "domain": "NT AUTHORITY", "type": "User"}, "channel": "System", "event_id": 26, "provider_name": "Microsoft-Windows-Kernel-Processor-Power", "computer_name": "CLIENT1", "event_data": {"PerfStateCount": "0", "ThrottleStateCount": "0", "IdleState": "01", "Group": "0", "Number": "0", "IdleStateCount": "1"}, "record_id": 11588, "process": {"pid": 4, "thread": {"id": 56}}, "task": "", "api": "wineventlog", "provider_guid": "{0F67E49F-FE51-4E9F-B490-6F2948CC6027}", "opcode": "Info"}, "event": {"kind": "event", "code": 26, "created": "2019-08-05T08:54:04.777Z"}, "log": {"level": "information"}, "message": "Processor 0 in group 0 exposes the following:\n\n1 idle state(s)\n0 performance state(s)\n0 throttle state(s)", "ecs": {"version": "1.0.0"}}
{"@timestamp": "2019-08-02T09:46:23.890Z", "@metadata": {"beat": "winlogbeat", "type": "_doc", "version": "7.2.0", "topic": "wineventlog_raw"}, "winlog": {"event_id": 7036, "provider_name": "Service Control Manager", "task": "", "computer_name": "CLIENT1", "channel": "System", "record_id": 11602, "keywords": ["Classic"], "provider_guid": "{555908d1-a6d7-4695-8e1e-26931d2012f4}", "api": "wineventlog", "event_data": {"Binary": "670070007300760063002F0034000000", "param1": "Group Policy Client", "param2": "running"}, "process": {"pid": 440, "thread": {"id": 528}}}, "event": {"kind": "event", "code": 7036, "created": "2019-08-05T08:54:04.777Z"}, "log": {"level": "information"}, "message": "The Group Policy Client service entered the running state.", "agent": {"type": "winlogbeat", "ephemeral_id": "33f6eec2-a7ba-4caa-97b3-ea43b4f5e172", "hostname": "CLIENT1", "id": "0b755aca-0a9a-454a-9800-1979901962a0", "version": "7.2.0"}, "ecs": {"version": "1.0.0"}, "host": {"os": {"version": "6.1", "family": "windows", "name": "Windows 7 Professional", "kernel": "6.1.7601.18741 (win7sp1_gdr.150202-1526)", "build": "7601.0", "platform": "windows"}, "id": "19fc45ac-5890-4f96-81b1-50ed111c0ce4", "hostname": "CLIENT1", "architecture": "x86", "name": "CLIENT1"}}
{"@timestamp": "2019-08-02T09:46:25.531Z", "@metadata": {"beat": "winlogbeat", "type": "_doc", "version": "7.2.0", "topic": "wineventlog_raw"}, "host": {"id": "19fc45ac-5890-4f96-81b1-50ed111c0ce4", "hostname": "CLIENT1", "name": "CLIENT1", "architecture": "x86", "os": {"name": "Windows 7 Professional", "kernel": "6.1.7601.18741 (win7sp1_gdr.150202-1526)", "build": "7601.0", "platform": "windows", "version": "6.1", "family": "windows"}}, "agent": {"hostname": "CLIENT1", "id": "0b755aca-0a9a-454a-9800-1979901962a0", "version": "7.2.0", "type": "winlogbeat", "ephemeral_id": "33f6eec2-a7ba-4caa-97b3-ea43b4f5e172"}, "winlog": {"api": "wineventlog", "provider_guid": "{555908d1-a6d7-4695-8e1e-26931d2012f4}", "event_data": {"param2": "running", "Binary": "6E00730069002F0034000000", "param1": "Network Store Interface Service"}, "provider_name": "Service Control Manager", "computer_name": "CLIENT1", "process": {"pid": 440, "thread": {"id": 528}}, "channel": "System", "keywords": ["Classic"], "task": "", "event_id": 7036, "record_id": 11608}, "event": {"kind": "event", "code": 7036, "created": "2019-08-05T08:54:04.777Z"}, "log": {"level": "information"}, "message": "The Network Store Interface Service service entered the running state.", "ecs": {"version": "1.0.0"}}
{"@timestamp": "2019-08-02T09:46:35.500Z", "@metadata": {"beat": "winlogbeat", "type": "_doc", "version": "7.2.0", "topic": "wineventlog_raw"}, "log": {"level": "information"}, "message": "The Windows Firewall service entered the running state.", "ecs": {"version": "1.0.0"}, "host": {"name": "CLIENT1", "architecture": "x86", "os": {"name": "Windows 7 Professional", "kernel": "6.1.7601.18741 (win7sp1_gdr.150202-1526)", "build": "7601.0", "platform": "windows", "version": "6.1", "family": "windows"}, "id": "19fc45ac-5890-4f96-81b1-50ed111c0ce4", "hostname": "CLIENT1"}, "agent": {"version": "7.2.0", "type": "winlogbeat", "ephemeral_id": "33f6eec2-a7ba-4caa-97b3-ea43b4f5e172", "hostname": "CLIENT1", "id": "0b755aca-0a9a-454a-9800-1979901962a0"}, "winlog": {"provider_guid": "{555908d1-a6d7-4695-8e1e-26931d2012f4}", "event_id": 7036, "record_id": 11618, "task": "", "channel": "System", "process": {"pid": 440, "thread": {"id": 524}}, "api": "wineventlog", "computer_name": "CLIENT1", "event_data": {"param1": "Windows Firewall", "param2": "running", "Binary": "4D00700073005300760063002F0034000000"}, "provider_name": "Service Control Manager", "keywords": ["Classic"]}, "event": {"created": "2019-08-05T08:54:04.777Z", "kind": "event", "code": 7036}}
{"@timestamp": "2019-08-02T09:46:37.000Z", "@metadata": {"beat": "winlogbeat", "type": "_doc", "version": "7.2.0", "topic": "wineventlog_raw"}, "winlog": {"provider_guid": "{555908d1-a6d7-4695-8e1e-26931d2012f4}", "task": "", "event_data": {"param2": "running", "Binary": "430072007900700074005300760063002F0034000000", "param1": "Cryptographic Services"}, "event_id": 7036, "provider_name": "Service Control Manager", "record_id": 11621, "api": "wineventlog", "process": {"pid": 440, "thread": {"id": 524}}, "channel": "System", "computer_name": "CLIENT1", "keywords": ["Classic"]}, "event": {"kind": "event", "code": 7036, "created": "2019-08-05T08:54:04.777Z"}, "log": {"level": "information"}, "message": "The Cryptographic Services service entered the running state.", "ecs": {"version": "1.0.0"}, "host": {"os": {"version": "6.1", "family": "windows", "name": "Windows 7 Professional", "kernel": "6.1.7601.18741 (win7sp1_gdr.150202-1526)", "build": "7601.0", "platform": "windows"}, "name": "CLIENT1", "id": "19fc45ac-5890-4f96-81b1-50ed111c0ce4", "hostname": "CLIENT1", "architecture": "x86"}, "agent": {"type": "winlogbeat", "ephemeral_id": "33f6eec2-a7ba-4caa-97b3-ea43b4f5e172", "hostname": "CLIENT1", "id": "0b755aca-0a9a-454a-9800-1979901962a0", "version": "7.2.0"}}
{"@timestamp": "2019-08-02T09:46:54.286Z", "@metadata": {"beat": "winlogbeat", "type": "_doc", "version": "7.2.0", "topic": "wineventlog_raw"}, "message": "The Computer Browser service entered the running state.", "ecs": {"version": "1.0.0"}, "host": {"architecture": "x86", "os": {"kernel": "6.1.7601.18741 (win7sp1_gdr.150202-1526)", "build": "7601.0", "platform": "windows", "version": "6.1", "family": "windows", "name": "Windows 7 Professional"}, "id": "19fc45ac-5890-4f96-81b1-50ed111c0ce4", "name": "CLIENT1", "hostname": "CLIENT1"}, "agent": {"ephemeral_id": "33f6eec2-a7ba-4caa-97b3-ea43b4f5e172", "hostname": "CLIENT1", "id": "0b755aca-0a9a-454a-9800-1979901962a0", "version": "7.2.0", "type": "winlogbeat"}, "winlog": {"provider_name": "Service Control Manager", "keywords": ["Classic"], "channel": "System", "record_id": 11636, "api": "wineventlog", "computer_name": "CLIENT1", "event_id": 7036, "provider_guid": "{555908d1-a6d7-4695-8e1e-26931d2012f4}", "process": {"pid": 440, "thread": {"id": 1792}}, "event_data": {"Binary": "420072006F0077007300650072002F0034000000", "param1": "Computer Browser", "param2": "running"}, "task": ""}, "event": {"kind": "event", "code": 7036, "created": "2019-08-05T08:54:04.777Z"}, "log": {"level": "information"}}
