{"@timestamp": "2019-08-02T09:46:36.609Z", "@metadata": {"beat": "winlogbeat", "type": "_doc", "version": "7.2.0", "topic": "wineventlog_raw"}, "agent": {"type": "winlogbeat", "ephemeral_id": "33f6eec2-a7ba-4caa-97b3-ea43b4f5e172", "hostname": "CLIENT1", "id": "0b755aca-0a9a-454a-9800-1979901962a0", "version": "7.2.0"}, "ecs": {"version": "1.0.0"}, "host": {"name": "CLIENT1", "os": {"kernel": "6.1.7601.18741 (win7sp1_gdr.150202-1526)", "build": "7601.0", "platform": "windows", "version": "6.1", "family": "windows", "name": "Windows 7 Professional"}, "id": "19fc45ac-5890-4f96-81b1-50ed111c0ce4", "hostname": "CLIENT1", "architecture": "x86"}, "winlog": {"event_id": 7036, "provider_name": "Service Control Manager", "process": {"pid": 440, "thread": {"id": 524}}, "provider_guid": "{555908d1-a6d7-4695-8e1e-26931d2012f4}", "event_data": {"Binary": "4400500053002F0034000000", "param1": "Diagnostic Policy Service", "param2": "running"}, "channel": "System", "record_id": 11620, "task": "", "computer_name": "CLIENT1", "keywords": ["Classic"], "api": "wineventlog"}, "event": {"kind": "event", "code": 7036, "created": "2019-08-05T08:54:04.777Z"}, "log": {"level": "information"}, "message": "The Diagnostic Policy Service service entered the running state."}
{"pseudonym": "2246ce99b75c4aebaf0cd5d095e35cdb0cbf0f8adaf28ed864467242b621c30c", "origin": "C8CGa6oNNgCPerDHXCYTCpwx6/PEcD2fHiUvMBEhwPQgR7/c3zaLspmxKvHR9lH4WAnTpJSwLnAPqZIuq9PNRkJO3bxs0tNW7fS136SzSB2pN+JFxoDmLQoldX8eaTNsHzxRutpd4TjwQNX+sQu5v7Jjo3lOzYEW8CMGx1knC3EKM9f+VAYWZIsJsQU8JiEY082QyGDXAG6LtjcXeBFemtmLvM/syIdST+7bHrfg4xplt+moBC+NXv7YiPz7kWBh5VvkYsFLiXFptYo+kNyYkhtGdw23aE2/w2vpQjokf9a74rVdlJKBRwaExVHeTrz/SdJKOMxZ2jlcTVXpbaJznrmd421No84a+mlXb0HW6FRXd/4kYn8WP5emDD1nDNO02+PUQLpwjUXW/QBxYrJopynDj57L"}
{"@timestamp": "2019-08-02T09:53:47.000Z", "@metadata": {"beat": "winlogbeat", "type": "_doc", "version": "7.2.0", "topic": "wineventlog_raw"}, "ecs": {"version": "1.0.0"}, "host": {"os": {"kernel": "6.1.7601.18741 (win7sp1_gdr.150202-1526)", "build": "7601.0", "platform": "windows", "version": "6.1", "family": "windows", "name": "Windows 7 Professional"}, "name": "CLIENT1", "id": "19fc45ac-5890-4f96-81b1-50ed111c0ce4", "hostname": "CLIENT1", "architecture": "x86"}, "agent": {"version": "7.2.0", "type": "winlogbeat", "ephemeral_id": "33f6eec2-a7ba-4caa-97b3-ea43b4f5e172", "hostname": "CLIENT1", "id": "0b755aca-0a9a-454a-9800-1979901962a0"}, "event": {"kind": "event", "code": 1074, "created": "2019-08-05T08:54:04.921Z"}, "log": {"level": "information"}, "message": "The process Explorer.EXE has initiated the power off of computer CLIENT1 on behalf of user CLIENT1\\breach for the following reason: Other (Unplanned)\n Reason Code: 0x0\n Shutdown Type: power off\n Comment: ", "winlog": {"record_id": 11659, "task": "", "api": "wineventlog", "computer_name": "CLIENT1", "keywords": ["Classic"], "channel": "System", "provider_name": "USER32", "event_id": 1074, "user": {"name": "breach", "domain": "CLIENT1", "type": "User", "identifier": "<pseudonym:2246ce99b75c4aebaf0cd5d095e35cdb0cbf0f8adaf28ed864467242b621c30c>"}, "event_data": {"param3": "Other (Unplanned)", "param4": "0x0", "param5": "power off", "param7": "CLIENT1\\breach", "Binary": "0000000000000000000000000000000000000000000000000000000000000000", "param1": "Explorer.EXE", "param2": "CLIENT1"}}}
{"@timestamp": "2019-08-02T09:54:22.357Z", "@metadata": {"beat": "winlogbeat", "type": "_doc", "version": "7.2.0", "topic": "wineventlog_raw"}, "host": {"os": {"version": "6.1", "family": "windows", "name": "Windows 7 Professional", "kernel": "6.1.7601.18741 (win7sp1_gdr.150202-1526)", "build": "7601.0", "platform": "windows"}, "id": "19fc45ac-5890-4f96-81b1-50ed111c0ce4", "name": "CLIENT1", "hostname": "CLIENT1", "architecture": "x86"}, "agent": {"version": "7.2.0", "type": "winlogbeat", "ephemeral_id": "33f6eec2-a7ba-4caa-97b3-ea43b4f5e172", "hostname": "CLIENT1", "id": "0b755aca-0a9a-454a-9800-1979901962a0"}, "event": {"code": 7036, "created": "2019-08-05T08:54:04.922Z", "kind": "event"}, "log": {"level": "information"}, "message": "The Power service entered the stopped state.", "winlog": {"event_id": 7036, "provider_name": "Service Control Manager", "task": "", "api": "wineventlog", "process": {"pid": 440, "thread": {"id": 2680}}, "channel": "System", "computer_name": "CLIENT1", "provider_guid": "{555908d1-a6d7-4695-8e1e-26931d2012f4}", "event_data": {"param1": "Power", "param2": "stopped", "Binary": "50006F007700650072002F0031000000"}, "record_id": 11681, "keywords": ["Classic"]}, "ecs": {"version": "1.0.0"}}
{"@timestamp": "2019-08-02T09:54:23.521Z", "@metadata": {"beat": "winlogbeat", "type": "_doc", "version": "7.2.0", "topic": "wineventlog_raw"}, "message": "The Windows Font Cache Service service entered the stopped state.", "winlog": {"keywords": ["Classic"], "task": "", "event_id": 7036, "provider_name": "Service Control Manager", "computer_name": "CLIENT1", "api": "wineventlog", "provider_guid": "{555908d1-a6d7-4695-8e1e-26931d2012f4}", "process": {"pid": 440, "thread": {"id": 2680}}, "record_id": 11691, "event_data": {"param2": "stopped", "Binary": "46006F006E007400430061006300680065002F0031000000", "param1": "Windows Font Cache Service"}, "channel": "System"}, "event": {"kind": "event", "code": 7036, "created": "2019-08-05T08:54:04.922Z"}, "log": {"level": "information"}, "ecs": {"version": "1.0.0"}, "host": {"os": {"name": "Windows 7 Professional", "kernel": "6.1.7601.18741 (win7sp1_gdr.150202-1526)", "build": "7601.0", "platform": "windows", "version": "6.1", "family": "windows"}, "id": "19fc45ac-5890-4f96-81b1-50ed111c0ce4", "hostname": "CLIENT1", "name": "CLIENT1", "architecture": "x86"}, "agent": {"type": "winlogbeat", "ephemeral_id": "33f6eec2-a7ba-4caa-97b3-ea43b4f5e172", "hostname": "CLIENT1", "id": "0b755aca-0a9a-454a-9800-1979901962a0", "version": "7.2.0"}}
{"@timestamp": "2019-08-05T08:53:54.147Z", "@metadata": {"beat": "winlogbeat", "type": "_doc", "version": "7.2.0", "topic": "wineventlog_raw"}, "agent": {"ephemeral_id": "33f6eec2-a7ba-4caa-97b3-ea43b4f5e172", "hostname": "CLIENT1", "id": "0b755aca-0a9a-454a-9800-1979901962a0", "version": "7.2.0", "type": "winlogbeat"}, "ecs": {"version": "1.0.0"}, "winlog": {"provider_name": "Service Control Manager", "channel": "System", "record_id": 11744, "task": "", "event_id": 7036, "computer_name": "CLIENT1", "process": {"thread": {"id": 500}, "pid": 436}, "event_data": {"param2": "running", "Binary": "6600740070007300760063002F0034000000", "param1": "Microsoft FTP Service"}, "api": "wineventlog", "keywords": ["Classic"], "provider_guid": "{555908d1-a6d7-4695-8e1e-26931d2012f4}"}, "event": {"kind": "event", "code": 7036, "created": "2019-08-05T08:54:04.929Z"}, "log": {"level": "information"}, "message": "The Microsoft FTP Service service entered the running state.", "host": {"name": "CLIENT1", "hostname": "CLIENT1", "architecture": "x86", "os": {"version": "6.1", "family": "windows", "name": "Windows 7 Professional", "kernel": "6.1.7601.18741 (win7sp1_gdr.150202-1526)", "build": "7601.0", "platform": "windows"}, "id": "19fc45ac-5890-4f96-81b1-50ed111c0ce4"}}
{"@timestamp": "2019-08-02T09:46:23.000Z", "@metadata": {"beat": "winlogbeat", "type": "_doc", "version": "7.2.0", "topic": "wineventlog_raw"}, "ecs": {"version": "1.0.0"}, "host": {"id": "19fc45ac-5890-4f96-81b1-50ed111c0ce4", "name": "CLIENT1", "hostname": "CLIENT1", "architecture": "x86", "os": {"platform": "windows", "version": "6.1", "family": "windows", "name": "Windows 7 Professional", "kernel": "6.1.7601.18741 (win7sp1_gdr.150202-1526)", "build": "7601.0"}}, "agent": {"ephemeral_id": "33f6eec2-a7ba-4caa-97b3-ea43b4f5e172", "hostname": "CLIENT1", "id": "0b755aca-0a9a-454a-9800-1979901962a0", "version": "7.2.0", "type": "winlogbeat"}, "log": {"level": "information"}, "message": "The EventSystem sub system is suppressing duplicate event log entries for a duration of 86400 seconds.  The suppression timeout can be controlled by a REG_DWORD value named SuppressDuplicateDuration under the following registry key: HKLM\\Software\\Microsoft\\EventSystem\\EventLog.", "winlog": {"provider_name": "Microsoft-Windows-EventSystem", "computer_name": "CLIENT1", "provider_guid": "{899daace-4868-4295-afcd-9eb8fb497561}", "channel": "Application", "event_id": 4625, "keywords": ["Classic"], "api": "wineventlog", "event_data": {"param3": "Software\\Microsoft\\EventSystem\\EventLog", "param1": "86400", "param2": "SuppressDuplicateDuration"}, "record_id": 2902, "task": ""}, "event": {"kind": "event", "code": 4625, "created": "2019-08-05T08:54:06.439Z"}}
{"@timestamp": "2019-08-02T09:48:57.000Z", "@metadata": {"beat": "winlogbeat", "type": "_doc", "version": "7.2.0", "topic": "wineventlog_raw"}, "log": {"level": "information"}, "ecs": {"version": "1.0.0"}, "host": {"name": "CLIENT1", "os": {"family": "windows", "name": "Windows 7 Professional", "kernel": "6.1.7601.18741 (win7sp1_gdr.150202-1526)", "build": "7601.0", "platform": "windows", "version": "6.1"}, "id": "19fc45ac-5890-4f96-81b1-50ed111c0ce4", "hostname": "CLIENT1", "architecture": "x86"}, "agent": {"type": "winlogbeat", "ephemeral_id": "33f6eec2-a7ba-4caa-97b3-ea43b4f5e172", "hostname": "CLIENT1", "id": "0b755aca-0a9a-454a-9800-1979901962a0", "version": "7.2.0"}, "message": "Initialization status for service objects.\nC:\\Windows\\system32\\sppwinob.dll, msft:spp/windowsfunctionality/agent/7.0, 0x00000000, 0x00000000\nC:\\Windows\\system32\\sppobjs.dll, msft:rm/algorithm/phone/1.0, 0x00000000, 0x00000000\nC:\\Windows\\system32\\sppobjs.dll, msft:rm/algorithm/pkey/2005, 0x00000000, 0x00000000\nC:\\Windows\\system32\\sppobjs.dll, msft:spp/TaskScheduler/1.0, 0x00000000, 0x00000000\nC:\\Windows\\system32\\sppobjs.dll, msft:spp/volume/services/kms/1.0, 0x00000000, 0x00000000\nC:\\Windows\\system32\\sppobjs.dll, msft:spp/volume/services/kms/licenserenewal/1.0, 0x00000000, 0x00000000", "winlog": {"provider_guid": "{E23B33B0-C8C9-472C-A5F9-F2BDFEA0F156}", "event_data": {"param1": "C:\\Windows\\system32\\sppwinob.dll, msft:spp/windowsfunctionality/agent/7.0, 0x00000000, 0x00000000\nC:\\Windows\\system32\\sppobjs.dll, msft:rm/algorithm/phone/1.0, 0x00000000, 0x00000000\nC:\\Windows\\system32\\sppobjs.dll, msft:rm/algorithm/pkey/2005, 0x00000000, 0x00000000\nC:\\Windows\\system32\\sppobjs.dll, msft:spp/TaskScheduler/1.0, 0x00000000, 0x00000000\nC:\\Windows\\system32\\sppobjs.dll, msft:spp/volume/services/kms/1.0, 0x00000000, 0x00000000\nC:\\Windows\\system32\\sppobjs.dll, msft:spp/volume/services/kms/licenserenewal/1.0, 0x00000000, 0x00000000"}, "task": "", "event_id": 1066, "keywords": ["Classic"], "channel": "Application", "provider_name": "Microsoft-Windows-Security-SPP", "computer_name": "CLIENT1", "record_id": 2917, "api": "wineventlog"}, "event": {"kind": "event", "code": 1066, "created": "2019-08-05T08:54:06.439Z"}}
{"pseudonym": "cd1a3afeeac92cb813605e21e464de7db0ca53fa0190d3a1372a46f60ddd0712", "origin": "ojlU0DYq4Lhq+prTDr+NSQWxroiPnfuZGbKqSbCVmaFjX7gaVs64BpesA8QWnJFZpUG69HlxLhqhXcYaUT2ocIWLNZcWr6VIHkQEpEFcLti+Jir775zRkXNfKnT6A78oe6/UMUfmh9w7aLmxQilz2HVGT0SFLaOx9Kzb5FazUOytxKCxvyo3p2Oh38lfhaxz1bo9fkuCNvQcpQkxqvB9M/J96gzyUTf+GXnA3BVOfZ+oYF8M2V+mXDNzGuYKcd63+Rp0lsiYOXP0Z/R6QWOUBDkLkuHVyMywss+U3yXey6L5TRHZp2S18s0gaq89rZkMULTn8c2FTyYZywlJEoEXPRSsHOmV7M3BsSz2GHyuzMU="}
{"@timestamp": "2019-08-05T08:54:03.516Z", "@metadata": {"beat": "winlogbeat", "type": "_doc", "version": "7.2.0", "topic": "wineventlog_raw"}, "agent": {"ephemeral_id": "33f6eec2-a7ba-4caa-97b3-ea43b4f5e172", "hostname": "CLIENT1", "id": "0b755aca-0a9a-454a-9800-1979901962a0", "version": "7.2.0", "type": "winlogbeat"}, "winlog": {"provider_name": "Microsoft-Windows-WMI", "api": "wineventlog", "event_id": 5615, "computer_name": "CLIENT1", "user": {"identifier": "<pseudonym:cd1a3afeeac92cb813605e21e464de7db0ca53fa0190d3a1372a46f60ddd0712>", "name": "SYSTEM", "domain": "NT AUTHORITY", "type": "User"}, "channel": "Application", "task": "", "provider_guid": "{1EDEEE53-0AFE-4609-B846-D8C0B2075B1F}", "process": {"thread": {"id": 1624}, "pid": 772}, "opcode": "Info", "version": 2, "record_id": 2929}, "event": {"kind": "event", "code": 5615, "created": "2019-08-05T08:54:06.439Z"}, "log": {"level": "information"}, "message": "Windows Management Instrumentation Service started sucessfully", "ecs": {"version": "1.0.0"}, "host": {"name": "CLIENT1", "id": "19fc45ac-5890-4f96-81b1-50ed111c0ce4", "hostname": "CLIENT1", "architecture": "x86", "os": {"name": "Windows 7 Professional", "kernel": "6.1.7601.18741 (win7sp1_gdr.150202-1526)", "build": "7601.0", "platform": "windows", "version": "6.1", "family": "windows"}}}
{"@timestamp": "2019-08-05T08:54:08.157Z", "@metadata": {"beat": "winlogbeat", "type": "_doc", "version": "7.2.0", "topic": "wineventlog_raw"}, "log": {"level": "information"}, "message": "The Network List Service service entered the running state.", "agent": {"hostname": "CLIENT1", "id": "0b755aca-0a9a-454a-9800-1979901962a0", "version": "7.2.0", "type": "winlogbeat", "ephemeral_id": "33f6eec2-a7ba-4caa-97b3-ea43b4f5e172"}, "ecs": {"version": "1.0.0"}, "host": {"architecture": "x86", "os": {"version": "6.1", "family": "windows", "name": "Windows 7 Professional", "kernel": "6.1.7601.18741 (win7sp1_gdr.150202-1526)", "build": "7601.0", "platform": "windows"}, "id": "19fc45ac-5890-4f96-81b1-50ed111c0ce4", "name": "CLIENT1", "hostname": "CLIENT1"}, "winlog": {"provider_guid": "{555908d1-a6d7-4695-8e1e-26931d2012f4}", "event_data": {"param1": "Network List Service", "param2": "running", "Binary": "6E0065007400700072006F0066006D002F0034000000"}, "provider_name": "Service Control Manager", "api": "wineventlog", "event_id": 7036, "record_id": 11755, "computer_name": "CLIENT1", "process": {"thread": {"id": 1760}, "pid": 436}, "channel": "System", "task": "", "keywords": ["Classic"]}, "event": {"kind": "event", "code": 7036, "created": "2019-08-05T08:54:10.100Z"}}
{"@timestamp": "2019-08-05T08:55:44.000Z", "@metadata": {"beat": "winlogbeat", "type": "_doc", "version": "7.2.0", "topic": "wineventlog_raw"}, "agent": {"ephemeral_id": "33f6eec2-a7ba-4caa-97b3-ea43b4f5e172", "hostname": "CLIENT1", "id": "0b755aca-0a9a-454a-9800-1979901962a0", "version": "7.2.0", "type": "winlogbeat"}, "ecs": {"version": "1.0.0"}, "host": {"id": "19fc45ac-5890-4f96-81b1-50ed111c0ce4", "hostname": "CLIENT1", "architecture": "x86", "os": {"family": "windows", "name": "Windows 7 Professional", "kernel": "6.1.7601.18741 (win7sp1_gdr.150202-1526)", "build": "7601.0", "platform": "windows", "version": "6.1"}, "name": "CLIENT1"}, "winlog": {"keywords": ["Classic"], "channel": "Application", "event_id": 9007, "provider_name": "Desktop Window Manager", "record_id": 2939, "task": "", "api": "wineventlog", "computer_name": "CLIENT1"}, "event": {"created": "2019-08-05T08:55:45.767Z", "kind": "event", "code": 9007}, "log": {"level": "information"}, "message": "The Desktop Window Manager was unable to start because WDDM is not in use"}
{"pseudonym": "e887f3a09fdddf7c81a563b81f90ed9499d86badaa6173d1aa197a2b544d13b1", "origin": "Z4vw/HlE/8l1ZFpIaNE8Grag03tRTUIPK1RpWJPmlJmgVTGRHeYZeCbD8Sdy2NNr3ZdxezQIbz3gYFpzZmYo0UQUjLoBZDA/0KpeamS1Fc9jk3fDoGVGG+M9W5vkYv3pUMR2DvxCxXPbc3PAG3ZYDNVd75jJJjfq+64vL0mgkUNwTv/deD1XdeZ3t4IZ7lGYkcNLQ5B27N64buwQFxHRheYHgvw2LbPRARTUw8qWR2Jb+JBeWcqw4V60E53d27JTu9CobToHapDjT+N8sFHO9aGY+1o9OMEOmVL/GqjBOfnu7dchcsrl9/S/sOtAQJvg61cyZDXtdHIPGevZg1XTH2mQP4xKWjmFHlBYaa5n3us="}
{"pseudonym": "387dddca7f9c9fa71c41295d7790d3bcd791cfe79b2dd4843551dfd0bf47acf2", "origin": "XQZfsQXvmu4u3PDSxxG3VNU6dCskA3bEa6rIP3MJ0kz+nQ9owo+P+KElN95HwXXHpTOaFiwch27WzbIGWPE2texZWdbEqplEicJLd2oo0zuh95YGpLS3P/RKpTkCJGoBJjUUik+XCl1+PuGjoOHoNfFs4jngIbYbZKhb6ZJT2B71YWikNmFzbu7JV7aKg9KvrcrbKmH+RbQfkdsX5vlNk/laEcxFhyaQbmD5F1icbOK0YjxbnyRK/9kU4/kk1sWF7OXzVx5MIKPYaxGBaYJXQA6LYo1w5LnDs1l31F083JRZ9Cd+BFu3MPZzN+CaYUx4pzNzfgFgMdtuW5GOzLD5rSi2Rr3B+lyrBshQn3le"}
{"pseudonym": "cd1a3afeeac92cb813605e21e464de7db0ca53fa0190d3a1372a46f60ddd0712", "origin": "AJfcsJqtUyyOXQKr6SRwhO+n5iYa5vS/pS91jmZcrmhtSkapRpC73/4K0YSVGpc2bY0+c69rMdolDedxV5CyY/zSI5Iu1ChrLKExUrxFmD2t39vHvawMiGunOScbLJAFlLpR1BmFJMSy4PN27GBcn2xPIXIRAUXDQ2txeZmUTXRtqZeepoUmg+b1BET65EvI8MCmlVt+orNo0uNuMzEpS8lkaPGchRQI8uDl/dD57Rb7sCJVyKYYZ3zhBs8ySa253HGA20y7S7EqM6XH8qlwZW2UA4UtQsYErzD3Co3etyqG6pfDnVfU6K4tzR4Jfjd63LBaVAoWFdnY2WnUuZsXC7oP0ivWvcN1SbDfD/wB6tk="}
{"pseudonym": "91d121bc503735a145e0e9869d792d26f6b22784210a0daf5b63840be2abf69a", "origin": "mL0xnjr5LCH3i3/B7+jw7eUVPUAklo4lgD4obN0ftI+fK2G1wcy39JJgdwlDjSyOCMRA4TaiJ3W3pnz6M5GdsN9h8el3UzFl9GfjrLGYeM3q/jkVRf68aC6VNvLKdF/S1WLGwzODXmjhZWL3DFS1PmPT7D+Yi668kOyVn/lI28qlr/o2Kmef+qGB/MkL3Lfgge2EV4lR9gvG36jps8UGLYKtdWn1NZO58MS2ZNJAxYivVh8/nNdx2/qRwWZexsZCNS4FvCSYxlyjF0GVJAMifZx9T5s00/wCXfSQ9fOsM9xH0tE6g23HCb9UoJVb5bHbP7pWJVmg3AO5KiHxbd0NrzGkb7w4cyFTIg=="}
{"@timestamp": "2019-08-05T08:56:10.311Z", "@metadata": {"beat": "winlogbeat", "type": "_doc", "version": "7.2.0", "topic": "wineventlog_raw"}, "winlog": {"opcode": "Info", "event_data": {"SubjectDomainName": "WORKGROUP", "SubjectLogonId": "0x3e7", "KeyLength": "0", "AuthenticationPackageName": "Negotiate", "TransmittedServices": "-", "LogonProcessName": "Advapi  ", "LogonGuid": "{00000000-0000-0000-0000-000000000000}", "SubjectUserName": "<pseudonym:e887f3a09fdddf7c81a563b81f90ed9499d86badaa6173d1aa197a2b544d13b1>", "LmPackageName": "-", "SubjectUserSid": "<pseudonym:cd1a3afeeac92cb813605e21e464de7db0ca53fa0190d3a1372a46f60ddd0712>", "IpAddress": "<pseudonym:91d121bc503735a145e0e9869d792d26f6b22784210a0daf5b63840be2abf69a>", "TargetLogonId": "0x3e7", "LogonType": "5", "IpPort": "-"}, "event_id": 4624, "task": "Logon", "provider_name": "Microsoft-Windows-Security-Auditing", "record_id": 4697, "computer_name": "CLIENT1", "api": "wineventlog", "keywords": ["Audit Success"], "provider_guid": "{54849625-5478-4994-A5BA-3E3B0328C30D}", "process": {"pid": 444, "thread": {"id": 524}}, "channel": "Security"}, "user": {"id": "S-1-5-18", "name": "<pseudonym:387dddca7f9c9fa71c41295d7790d3bcd791cfe79b2dd4843551dfd0bf47acf2>", "domain": "NT AUTHORITY"}, "process": {"pid": 436, "executable": "C:\\Windows\\System32\\services.exe", "name": "services.exe"}, "agent": {"type": "winlogbeat", "ephemeral_id": "33f6eec2-a7ba-4caa-97b3-ea43b4f5e172", "hostname": "CLIENT1", "id": "0b755aca-0a9a-454a-9800-1979901962a0", "version": "7.2.0"}, "message": "An account was successfully logged on.\n\nSubject:\n\tSecurity ID:\t\tS-1-5-18\n\tAccount Name:\t\tCLIENT1$\n\tAccount Domain:\t\tWORKGROUP\n\tLogon ID:\t\t0x3e7\n\nLogon Type:\t\t\t5\n\nNew Logon:\n\tSecurity ID:\t\tS-1-5-18\n\tAccount Name:\t\tSYSTEM\n\tAccount Domain:\t\tNT AUTHORITY\n\tLogon ID:\t\t0x3e7\n\tLogon GUID:\t\t{00000000-0000-0000-0000-000000000000}\n\nProcess Information:\n\tProcess ID:\t\t0x1b4\n\tProcess Name:\t\tC:\\Windows\\System32\\services.exe\n\nNetwork Information:\n\tWorkstation Name:\t\n\tSource Network Address:\t-\n\tSource Port:\t\t-\n\nDetailed Authentication Information:\n\tLogon Process:\t\tAdvapi  \n\tAuthentication Package:\tNegotiate\n\tTransited Services:\t-\n\tPackage Name (NTLM only):\t-\n\tKey Length:\t\t0\n\nThis event is generated when a logon session is created. It is generated on the computer that was accessed.\n\nThe subject fields indicate the account on the local system which requested the logon. This is most commonly a service such as the Server service, or a local process such as Winlogon.exe or Services.exe.\n\nThe logon type field indicates the kind of logon that occurred. The most common types are 2 (interactive) and 3 (network).\n\nThe New Logon fields indicate the account for whom the new logon was created, i.e. the account that was logged on.\n\nThe network fields indicate where a remote logon request originated. Workstation name is not always available and may be left blank in some cases.\n\nThe authentication information fields provide detailed information about this specific logon request.\n\t- Logon GUID is a unique identifier that can be used to correlate this event with a KDC event.\n\t- Transited services indicate which intermediate services have participated in this logon request.\n\t- Package name indicates which sub-protocol was used among the NTLM protocols.\n\t- Key length indicates the length of the generated session key. This will be 0 if no session key was requested.", "event": {"category": "authentication", "type": "authentication_success", "kind": "event", "code": 4624, "action": "Logon", "created": "2019-08-05T08:56:11.204Z"}, "log": {"level": "information"}, "ecs": {"version": "1.0.0"}, "host": {"os": {"kernel": "6.1.7601.18741 (win7sp1_gdr.150202-1526)", "build": "7601.0", "platform": "windows", "version": "6.1", "family": "windows", "name": "Windows 7 Professional"}, "id": "19fc45ac-5890-4f96-81b1-50ed111c0ce4", "hostname": "CLIENT1", "name": "CLIENT1", "architecture": "x86"}}
{"pseudonym": "e887f3a09fdddf7c81a563b81f90ed9499d86badaa6173d1aa197a2b544d13b1", "origin": "aviv/+zoInCLAH3YhIKhvU869FNwPRsh1Pk9uLxtWaMexLS5ozbNmMwStoUMykA2brBwsAUJPplFCMLczF/yl6nRJ6XOvohnjmPZg9XOPa+2kSAuR9zYLmIs0+FocK5clDkTk15iTqiNXYngbsXxFJ1MD6lEia7j2AdWeiPegSVRmVh8c5UIPwPme5FarRLutnepg6CHCq7+YEGlotmAp7KgdDL4PVxxCChM5QETPl80g4pmP2H9gMDFyohJ2FKrF/nm13itPLz+rUoYumOlsJhqvzkzplPtn0F8AudF62so54D7OCq7E0Hq6dn6JOw1LLrjcWrJUqsOTi13rbf1ijnEY0bLstxBX4612f7IEiA="}
{"pseudonym": "cd1a3afeeac92cb813605e21e464de7db0ca53fa0190d3a1372a46f60ddd0712", "origin": "qhaAUh+XVpjNFMxM9ct+myh7yfzm9XlHhv0lgHD90LRwwcxDHjSTgoptfqi8UQtJ6p+MQCgLCAJZbTfY+RP3WvR1y5c28qxT3JuI66wx2ztQeXsVMCZJqtkshUFMeabSSWSXWeHBIcgSbVVYw7mD5UpTQkEeED/+vQFnHpD48YbgOzBNc9DJwJlSdNzAwI2/canNcTT7y74J7F//mI3CfVBfdpCWdfTO8CIfTY+u5m6Nc4gB/PnMoU7aDpRiU2KG0X7Jmk8aSgkJ80TFujYxNPv2y15LAVLB7qoov4aSWWWcAy5UPiz4mMFgM3QoyQo2j8OPH5RMa0PQegH7UH0xlBtX48B53DCY9QbJmXc0BQY="}
{"@timestamp": "2019-07-30T14:37:42.861Z", "@metadata": {"beat": "winlogbeat", "type": "_doc", "version": "7.2.0", "topic": "wineventlog_raw"}, "ecs": {"version": "1.0.0"}, "host": {"os": {"build": "7601.0", "platform": "windows", "version": "6.1", "family": "windows", "name": "Windows 7 Professional", "kernel": "6.1.7601.18741 (win7sp1_gdr.150202-1526)"}, "id": "19fc45ac-5890-4f96-81b1-50ed111c0ce4", "hostname": "CLIENT1", "name": "CLIENT1", "architecture": "x86"}, "agent": {"type": "winlogbeat", "ephemeral_id": "de845cd9-5141-4c92-ad32-27a4518307e9", "hostname": "CLIENT1", "id": "0b755aca-0a9a-454a-9800-1979901962a0", "version": "7.2.0"}, "winlog": {"provider_guid": "{54849625-5478-4994-A5BA-3E3B0328C30D}", "computer_name": "CLIENT1", "record_id": 4636, "api": "wineventlog", "task": "Security State Change", "keywords": ["Audit Success"], "version": 1, "process": {"thread": {"id": 48}, "pid": 4}, "channel": "Security", "event_id": 4616, "provider_name": "Microsoft-Windows-Security-Auditing", "event_data": {"ProcessName": "C:\\Program Files\\NetTime\\NetTimeService.exe", "SubjectUserSid": "<pseudonym:cd1a3afeeac92cb813605e21e464de7db0ca53fa0190d3a1372a46f60ddd0712>", "SubjectUserName": "<pseudonym:e887f3a09fdddf7c81a563b81f90ed9499d86badaa6173d1aa197a2b544d13b1>", "SubjectDomainName": "WORKGROUP", "SubjectLogonId": "0x3e7", "PreviousTime": "2019-07-30T14:37:43.494572200Z", "NewTime": "2019-07-30T14:37:42.861000000Z", "ProcessId": "0x5b4"}, "opcode": "Info"}, "event": {"code": 4616, "action": "Security State Change", "created": "2019-08-02T09:55:11.925Z", "kind": "event"}, "log": {"level": "information"}, "message": "The system time was changed.\n\nSubject:\n\tSecurity ID:\t\tS-1-5-18\n\tAccount Name:\t\tCLIENT1$\n\tAccount Domain:\t\tWORKGROUP\n\tLogon ID:\t\t0x3e7\n\nProcess Information:\n\tProcess ID:\t0x5b4\n\tName:\t\tC:\\Program Files\\NetTime\\NetTimeService.exe\n\nPrevious Time:\t\t\u200e2019\u200e-\u200e07\u200e-\u200e30T14:37:43.494572200Z\nNew Time:\t\t\u200e2019\u200e-\u200e07\u200e-\u200e30T14:37:42.861000000Z\n\nThis event is generated when the system time is changed. It is normal for the Windows Time Service, which runs with System privilege, to change the system time on a regular basis. Other system time changes may be indicative of attempts to tamper with the computer."}
{"@timestamp": "2019-07-30T14:38:17.836Z", "@metadata": {"beat": "winlogbeat", "type": "_doc", "version": "7.2.0", "topic": "wineventlog_raw"}, "log": {"level": "information"}, "message": "The kernel power manager has initiated a shutdown transition.", "host": {"name": "CLIENT1", "hostname": "CLIENT1", "architecture": "x86", "os": {"name": "Windows 7 Professional", "kernel": "6.1.7601.18741 (win7sp1_gdr.150202-1526)", "build": "7601.0", "platform": "windows", "version": "6.1", "family": "windows"}, "id": "19fc45ac-5890-4f96-81b1-50ed111c0ce4"}, "agent": {"type": "winlogbeat", "ephemeral_id": "de845cd9-5141-4c92-ad32-27a4518307e9", "hostname": "CLIENT1", "id": "0b755aca-0a9a-454a-9800-1979901962a0", "version": "7.2.0"}, "ecs": {"version": "1.0.0"}, "winlog": {"computer_name": "CLIENT1", "provider_guid": "{331C3B3A-2005-44C2-AC5E-77220C37D6B4}", "channel": "System", "event_id": 109, "provider_name": "Microsoft-Windows-Kernel-Power", "event_data": {"ShutdownActionType": "6", "ShutdownEventCode": "0", "ShutdownReason": "0"}, "record_id": 11583, "task": "", "api": "wineventlog", "opcode": "Info", "process": {"pid": 340, "thread": {"id": 344}}}, "event": {"code": 109, "created": "2019-08-02T09:55:11.996Z", "kind": "event"}}
{"@timestamp": "2019-08-02T09:46:18.718Z", "@metadata": {"beat": "winlogbeat", "type": "_doc", "version": "7.2.0", "topic": "wineventlog_raw"}, "host": {"name": "CLIENT1", "architecture": "x86", "os": {"kernel": "6.1.7601.18741 (win7sp1_gdr.150202-1526)", "build": "7601.0", "platform": "windows", "version": "6.1", "family": "windows", "name": "Windows 7 Professional"}, "id": "19fc45ac-5890-4f96-81b1-50ed111c0ce4", "hostname": "CLIENT1"}, "agent": {"hostname": "CLIENT1", "id": "0b755aca-0a9a-454a-9800-1979901962a0", "version": "7.2.0", "type": "winlogbeat", "ephemeral_id": "de845cd9-5141-4c92-ad32-27a4518307e9"}, "ecs": {"version": "1.0.0"}, "log": {"level": "information"}, "message": "The Plug and Play service entered the running state.", "winlog": {"channel": "System", "event_id": 7036, "api": "wineventlog", "provider_guid": "{555908d1-a6d7-4695-8e1e-26931d2012f4}", "computer_name": "CLIENT1", "keywords": ["Classic"], "process": {"pid": 440, "thread": {"id": 520}}, "record_id": 11589, "task": "", "event_data": {"Binary": "50006C007500670050006C00610079002F0034000000", "param1": "Plug and Play", "param2": "running"}, "provider_name": "Service Control Manager"}, "event": {"code": 7036, "created": "2019-08-02T09:55:11.997Z", "kind": "event"}}
{"@timestamp": "2019-08-02T09:46:26.078Z", "@metadata": {"beat": "winlogbeat", "type": "_doc", "version": "7.2.0", "topic": "wineventlog_raw"}, "log": {"level": "information"}, "message": "The TCP/IP NetBIOS Helper service entered the running state.", "winlog": {"provider_guid": "{555908d1-a6d7-4695-8e1e-26931d2012f4}", "keywords": ["Classic"], "provider_name": "Service Control Manager", "api": "wineventlog", "event_id": 7036, "task": "", "process": {"thread": {"id": 528}, "pid": 440}, "event_data": {"param1": "TCP/IP NetBIOS Helper", "param2": "running", "Binary": "6C006D0068006F007300740073002F0034000000"}, "channel": "System", "record_id": 11609, "computer_name": "CLIENT1"}, "event": {"kind": "event", "code": 7036, "created": "2019-08-02T09:55:11.998Z"}, "ecs": {"version": "1.0.0"}, "host": {"name": "CLIENT1", "os": {"platform": "windows", "version": "6.1", "family": "windows", "name": "Windows 7 Professional", "kernel": "6.1.7601.18741 (win7sp1_gdr.150202-1526)", "build": "7601.0"}, "id": "19fc45ac-5890-4f96-81b1-50ed111c0ce4", "hostname": "CLIENT1", "architecture": "x86"}, "agent": {"hostname": "CLIENT1", "id": "0b755aca-0a9a-454a-9800-1979901962a0", "version": "7.2.0", "type": "winlogbeat", "ephemeral_id": "de845cd9-5141-4c92-ad32-27a4518307e9"}}
{"@timestamp": "2019-08-02T09:46:35.890Z", "@metadata": {"beat": "winlogbeat", "type": "_doc", "version": "7.2.0", "topic": "wineventlog_raw"}, "message": "The Workstation service entered the running state.", "ecs": {"version": "1.0.0"}, "host": {"hostname": "CLIENT1", "architecture": "x86", "os": {"name": "Windows 7 Professional", "kernel": "6.1.7601.18741 (win7sp1_gdr.150202-1526)", "build": "7601.0", "platform": "windows", "version": "6.1", "family": "windows"}, "id": "19fc45ac-5890-4f96-81b1-50ed111c0ce4", "name": "CLIENT1"}, "agent": {"id": "0b755aca-0a9a-454a-9800-1979901962a0", "version": "7.2.0", "type": "winlogbeat", "ephemeral_id": "de845cd9-5141-4c92-ad32-27a4518307e9", "hostname": "CLIENT1"}, "winlog": {"event_data": {"param2": "running", "Binary": "4C0061006E006D0061006E0057006F0072006B00730074006100740069006F006E002F0034000000", "param1": "Workstation"}, "event_id": 7036, "computer_name": "CLIENT1", "provider_guid": "{555908d1-a6d7-4695-8e1e-26931d2012f4}", "provider_name": "Service Control Manager", "keywords": ["Classic"], "process": {"thread": {"id": 524}, "pid": 440}, "channel": "System", "record_id": 11619, "task": "", "api": "wineventlog"}, "event": {"kind": "event", "code": 7036, "created": "2019-08-02T09:55:11.998Z"}, "log": {"level": "information"}}
{"@timestamp": "2019-08-02T09:54:22.102Z", "@metadata": {"beat": "winlogbeat", "type": "_doc", "version": "7.2.0", "topic": "wineventlog_raw"}, "message": "The Plug and Play service entered the stopped state.", "host": {"name": "CLIENT1", "architecture": "x86", "os": {"name": "Windows 7 Professional", "kernel": "6.1.7601.18741 (win7sp1_gdr.150202-1526)", "build": "7601.0", "platform": "windows", "version": "6.1", "family": "windows"}, "id": "19fc45ac-5890-4f96-81b1-50ed111c0ce4", "hostname": "CLIENT1"}, "agent": {"id": "0b755aca-0a9a-454a-9800-1979901962a0", "version": "7.2.0", "type": "winlogbeat", "ephemeral_id": "de845cd9-5141-4c92-ad32-27a4518307e9", "hostname": "CLIENT1"}, "ecs": {"version": "1.0.0"}, "winlog": {"event_data": {"param1": "Plug and Play", "param2": "stopped", "Binary": "50006C007500670050006C00610079002F0031000000"}, "provider_name": "Service Control Manager", "api": "wineventlog", "record_id": 11679, "keywords": ["Classic"], "computer_name": "CLIENT1", "provider_guid": "{555908d1-a6d7-4695-8e1e-26931d2012f4}", "process": {"thread": {"id": 2680}, "pid": 440}, "channel": "System", "event_id": 7036, "task": ""}, "event": {"kind": "event", "code": 7036, "created": "2019-08-02T09:55:12.090Z"}, "log": {"level": "information"}}
{"@timestamp": "2019-08-02T09:54:22.133Z", "@metadata": {"beat": "winlogbeat", "type": "_doc", "version": "7.2.0", "topic": "wineventlog_raw"}, "event": {"kind": "event", "code": 7036, "created": "2019-08-02T09:55:12.090Z"}, "log": {"level": "information"}, "message": "The NetTime service entered the stopped state.", "winlog": {"provider_name": "Service Control Manager", "api": "wineventlog", "record_id": 11680, "task": "", "provider_guid": "{555908d1-a6d7-4695-8e1e-26931d2012f4}", "process": {"thread": {"id": 2680}, "pid": 440}, "channel": "System", "event_data": {"param1": "NetTime", "param2": "stopped", "Binary": "4E0065007400540069006D0065005300760063002F0031000000"}, "event_id": 7036, "computer_name": "CLIENT1", "keywords": ["Classic"]}, "ecs": {"version": "1.0.0"}, "host": {"name": "CLIENT1", "hostname": "CLIENT1", "architecture": "x86", "os": {"kernel": "6.1.7601.18741 (win7sp1_gdr.150202-1526)", "build": "7601.0", "platform": "windows", "version": "6.1", "family": "windows", "name": "Windows 7 Professional"}, "id": "19fc45ac-5890-4f96-81b1-50ed111c0ce4"}, "agent": {"ephemeral_id": "de845cd9-5141-4c92-ad32-27a4518307e9", "hostname": "CLIENT1", "id": "0b755aca-0a9a-454a-9800-1979901962a0", "version": "7.2.0", "type": "winlogbeat"}}
{"@timestamp": "2019-08-02T09:54:30.599Z", "@metadata": {"beat": "winlogbeat", "type": "_doc", "version": "7.2.0", "topic": "wineventlog_raw"}, "winlog": {"provider_name": "Microsoft-Windows-Kernel-General", "opcode": "Info", "event_data": {"StopTime": "2019-08-02T09:54:30.599609300Z"}, "channel": "System", "record_id": 11700, "computer_name": "CLIENT1", "process": {"pid": 4, "thread": {"id": 28}}, "event_id": 13, "task": "", "api": "wineventlog", "provider_guid": "{A68CA8B7-004F-D7B6-A698-07E2DE0F1F5D}"}, "event": {"kind": "event", "code": 13, "created": "2019-08-02T09:55:12.091Z"}, "log": {"level": "information"}, "message": "The operating system is shutting down at system time \u200e2019\u200e-\u200e08\u200e-\u200e02T09:54:30.599609300Z.", "host": {"architecture": "x86", "os": {"kernel": "6.1.7601.18741 (win7sp1_gdr.150202-1526)", "build": "7601.0", "platform": "windows", "version": "6.1", "family": "windows", "name": "Windows 7 Professional"}, "id": "19fc45ac-5890-4f96-81b1-50ed111c0ce4", "name": "CLIENT1", "hostname": "CLIENT1"}, "agent": {"id": "0b755aca-0a9a-454a-9800-1979901962a0", "version": "7.2.0", "type": "winlogbeat", "ephemeral_id": "de845cd9-5141-4c92-ad32-27a4518307e9", "hostname": "CLIENT1"}, "ecs": {"version": "1.0.0"}}
{"@timestamp": "2019-08-02T09:54:56.156Z", "@metadata": {"beat": "winlogbeat", "type": "_doc", "version": "7.2.0", "topic": "wineventlog_raw"}, "host": {"hostname": "CLIENT1", "architecture": "x86", "os": {"family": "windows", "name": "Windows 7 Professional", "kernel": "6.1.7601.18741 (win7sp1_gdr.150202-1526)", "build": "7601.0", "platform": "windows", "version": "6.1"}, "id": "19fc45ac-5890-4f96-81b1-50ed111c0ce4", "name": "CLIENT1"}, "agent": {"hostname": "CLIENT1", "id": "0b755aca-0a9a-454a-9800-1979901962a0", "version": "7.2.0", "type": "winlogbeat", "ephemeral_id": "de845cd9-5141-4c92-ad32-27a4518307e9"}, "winlog": {"process": {"thread": {"id": 520}, "pid": 440}, "provider_name": "Service Control Manager", "event_id": 7036, "computer_name": "CLIENT1", "event_data": {"Binary": "6500760065006E0074006C006F0067002F0034000000", "param1": "Windows Event Log", "param2": "running"}, "keywords": ["Classic"], "provider_guid": "{555908d1-a6d7-4695-8e1e-26931d2012f4}", "channel": "System", "record_id": 11711, "task": "", "api": "wineventlog"}, "event": {"kind": "event", "code": 7036, "created": "2019-08-02T09:55:12.091Z"}, "log": {"level": "information"}, "message": "The Windows Event Log service entered the running state.", "ecs": {"version": "1.0.0"}}
{"@timestamp": "2019-08-02T09:46:23.000Z", "@metadata": {"beat": "winlogbeat", "type": "_doc", "version": "7.2.0", "topic": "wineventlog_raw"}, "message": "The EventSystem sub system is suppressing duplicate event log entries for a duration of 86400 seconds.  The suppression timeout can be controlled by a REG_DWORD value named SuppressDuplicateDuration under the following registry key: HKLM\\Software\\Microsoft\\EventSystem\\EventLog.", "winlog": {"computer_name": "CLIENT1", "channel": "Application", "event_data": {"param1": "86400", "param2": "SuppressDuplicateDuration", "param3": "Software\\Microsoft\\EventSystem\\EventLog"}, "api": "wineventlog", "task": "", "keywords": ["Classic"], "provider_guid": "{899daace-4868-4295-afcd-9eb8fb497561}", "event_id": 4625, "provider_name": "Microsoft-Windows-EventSystem", "record_id": 2902}, "event": {"kind": "event", "code": 4625, "created": "2019-08-02T09:55:12.100Z"}, "log": {"level": "information"}, "ecs": {"version": "1.0.0"}, "host": {"os": {"build": "7601.0", "platform": "windows", "version": "6.1", "family": "windows", "name": "Windows 7 Professional", "kernel": "6.1.7601.18741 (win7sp1_gdr.150202-1526)"}, "id": "19fc45ac-5890-4f96-81b1-50ed111c0ce4", "name": "CLIENT1", "hostname": "CLIENT1", "architecture": "x86"}, "agent": {"type": "winlogbeat", "ephemeral_id": "de845cd9-5141-4c92-ad32-27a4518307e9", "hostname": "CLIENT1", "id": "0b755aca-0a9a-454a-9800-1979901962a0", "version": "7.2.0"}}
{"pseudonym": "387dddca7f9c9fa71c41295d7790d3bcd791cfe79b2dd4843551dfd0bf47acf2", "origin": "Q6iPjkMDiZVbb4v2HMnQI2e6C5iuSVkYTW0Xv6ThI5phULBTHwNA9HathcR/4Xw7m+eRhLmV2qXqvO86pADG4MuRAsdL3rlaLh5SJIgJjcd7q45GrOFwhE3GcP5iSEC6OVsVnN4Sg2qOyGrCP7+P7g4RVTs9R+lj9NEBtOTJY7kbz+4bCWDiEZmC50aVAjQpWxS98do8EzJBj+D2fOq2NSbO7G8UGOsPkHamwGRwr3tvNrv5SSW1QhReyM2px2DsX+sNCLtQ7RddKnP5PO8R6n5A+JXzag7uCfsBublLAMIzNqE3t65vWBip5ajDOhUck7XFa6MZ4YwOGx1kdP4pVbsR/curr8H4RdOWDGRU"}
{"pseudonym": "cd1a3afeeac92cb813605e21e464de7db0ca53fa0190d3a1372a46f60ddd0712", "origin": "O0EC5lrdgeqv1yHieP5qxrj0vfwswculwFP/Iya5lPX3l7yqxJ377HXjWJ54pXOQ9Wz50uLv/NHOHZnXykJePQw/s4k/wV2NaRYPZAGIqz29wKSaoVLhQExs46d0yVF1EjTMbH3LxbP+GGI12W7w6r2NNoqVfQzI0kRmnEWBCzZTsd9c4RXVmUGMxAxsbm7FdXjchGaLyFC8rBnrzmxMSxnCvoaNXv30Xcwv4aTcd0HIlIbLp22yU/Dg29FrJZfDyrFMbSRUJtNXCAI6xID78EQot9bq36G3qOFcJ9DjWCUzk5Vle164XzhfUottPu2Mciiv3UXTcexqaNYA9vZXT0FLp04oq0rLsUF0Jgv9kRE="}
{"@timestamp": "2019-08-02T09:46:18.625Z", "@metadata": {"beat": "winlogbeat", "type": "_doc", "version": "7.2.0", "topic": "wineventlog_raw"}, "winlog": {"keywords": ["Audit Success"], "provider_guid": "{54849625-5478-4994-A5BA-3E3B0328C30D}", "record_id": 4644, "task": "Special Logon", "opcode": "Info", "channel": "Security", "computer_name": "CLIENT1", "process": {"pid": 448, "thread": {"id": 504}}, "event_id": 4672, "event_data": {"PrivilegeList": "SeAssignPrimaryTokenPrivilege\n\t\t\tSeTcbPrivilege\n\t\t\tSeSecurityPrivilege\n\t\t\tSeTakeOwnershipPrivilege\n\t\t\tSeLoadDriverPrivilege\n\t\t\tSeBackupPrivilege\n\t\t\tSeRestorePrivilege\n\t\t\tSeDebugPrivilege\n\t\t\tSeAuditPrivilege\n\t\t\tSeSystemEnvironmentPrivilege\n\t\t\tSeImpersonatePrivilege", "SubjectUserSid": "<pseudonym:cd1a3afeeac92cb813605e21e464de7db0ca53fa0190d3a1372a46f60ddd0712>", "SubjectUserName": "<pseudonym:387dddca7f9c9fa71c41295d7790d3bcd791cfe79b2dd4843551dfd0bf47acf2>", "SubjectDomainName": "NT AUTHORITY", "SubjectLogonId": "0x3e7"}, "provider_name": "Microsoft-Windows-Security-Auditing", "api": "wineventlog"}, "event": {"action": "Special Logon", "created": "2019-08-02T09:55:12.133Z", "kind": "event", "code": 4672}, "log": {"level": "information"}, "message": "Special privileges assigned to new logon.\n\nSubject:\n\tSecurity ID:\t\tS-1-5-18\n\tAccount Name:\t\tSYSTEM\n\tAccount Domain:\t\tNT AUTHORITY\n\tLogon ID:\t\t0x3e7\n\nPrivileges:\t\tSeAssignPrimaryTokenPrivilege\n\t\t\tSeTcbPrivilege\n\t\t\tSeSecurityPrivilege\n\t\t\tSeTakeOwnershipPrivilege\n\t\t\tSeLoadDriverPrivilege\n\t\t\tSeBackupPrivilege\n\t\t\tSeRestorePrivilege\n\t\t\tSeDebugPrivilege\n\t\t\tSeAuditPrivilege\n\t\t\tSeSystemEnvironmentPrivilege\n\t\t\tSeImpersonatePrivilege", "ecs": {"version": "1.0.0"}, "host": {"name": "CLIENT1", "hostname": "CLIENT1", "architecture": "x86", "os": {"platform": "windows", "version": "6.1", "family": "windows", "name": "Windows 7 Professional", "kernel": "6.1.7601.18741 (win7sp1_gdr.150202-1526)", "build": "7601.0"}, "id": "19fc45ac-5890-4f96-81b1-50ed111c0ce4"}, "agent": {"hostname": "CLIENT1", "id": "0b755aca-0a9a-454a-9800-1979901962a0", "version": "7.2.0", "type": "winlogbeat", "ephemeral_id": "de845cd9-5141-4c92-ad32-27a4518307e9"}}
{"@timestamp": "2019-08-02T09:47:29.000Z", "@metadata": {"beat": "winlogbeat", "type": "_doc", "version": "7.2.0", "topic": "wineventlog_raw"}, "agent": {"hostname": "CLIENT1", "id": "0b755aca-0a9a-454a-9800-1979901962a0", "version": "7.2.0", "type": "winlogbeat", "ephemeral_id": "de845cd9-5141-4c92-ad32-27a4518307e9"}, "winlog": {"channel": "Application", "event_id": 9007, "provider_name": "Desktop Window Manager", "record_id": 2909, "task": "", "api": "wineventlog", "computer_name": "CLIENT1", "keywords": ["Classic"]}, "event": {"kind": "event", "code": 9007, "created": "2019-08-02T09:55:12.182Z"}, "log": {"level": "information"}, "message": "The Desktop Window Manager was unable to start because WDDM is not in use", "ecs": {"version": "1.0.0"}, "host": {"name": "CLIENT1", "hostname": "CLIENT1", "architecture": "x86", "os": {"name": "Windows 7 Professional", "kernel": "6.1.7601.18741 (win7sp1_gdr.150202-1526)", "build": "7601.0", "platform": "windows", "version": "6.1", "family": "windows"}, "id": "19fc45ac-5890-4f96-81b1-50ed111c0ce4"}}
{"@timestamp": "2019-08-02T09:47:41.000Z", "@metadata": {"beat": "winlogbeat", "type": "_doc", "version": "7.2.0", "topic": "wineventlog_raw"}, "winlog": {"api": "wineventlog", "event_data": {"param1": "Windows", "param2": "2032", "param3": "Windows: "}, "provider_name": "ESENT", "task": "Logging/Recovery", "channel": "Application", "computer_name": "CLIENT1", "keywords": ["Classic"], "opcode": "Info", "event_id": 300, "record_id": 2911}, "event": {"created": "2019-08-02T09:55:12.182Z", "kind": "event", "code": 300, "action": "Logging/Recovery"}, "log": {"level": "information"}, "message": "Windows (2032) Windows: The database engine is initiating recovery steps.", "agent": {"type": "winlogbeat", "ephemeral_id": "de845cd9-5141-4c92-ad32-27a4518307e9", "hostname": "CLIENT1", "id": "0b755aca-0a9a-454a-9800-1979901962a0", "version": "7.2.0"}, "ecs": {"version": "1.0.0"}, "host": {"architecture": "x86", "name": "CLIENT1", "os": {"build": "7601.0", "platform": "windows", "version": "6.1", "family": "windows", "name": "Windows 7 Professional", "kernel": "6.1.7601.18741 (win7sp1_gdr.150202-1526)"}, "id": "19fc45ac-5890-4f96-81b1-50ed111c0ce4", "hostname": "CLIENT1"}}
{"@timestamp": "2019-08-02T09:53:56.000Z", "@metadata": {"beat": "winlogbeat", "type": "_doc", "version": "7.2.0", "topic": "wineventlog_raw"}, "agent": {"hostname": "CLIENT1", "id": "0b755aca-0a9a-454a-9800-1979901962a0", "version": "7.2.0", "type": "winlogbeat", "ephemeral_id": "de845cd9-5141-4c92-ad32-27a4518307e9"}, "winlog": {"provider_guid": "{DBE9B383-7CF3-4331-91CC-A3CB16A3B538}", "api": "wineventlog", "keywords": ["Classic"], "event_data": {"Binary": "D9060000", "param1": "SessionEnv"}, "task": "", "computer_name": "CLIENT1", "record_id": 2924, "event_id": 6000, "provider_name": "Microsoft-Windows-Winlogon", "channel": "Application"}, "event": {"kind": "event", "code": 6000, "created": "2019-08-02T09:55:12.182Z"}, "log": {"level": "information"}, "message": "The winlogon notification subscriber <SessionEnv> was unavailable to handle a notification event.", "ecs": {"version": "1.0.0"}, "host": {"name": "CLIENT1", "id": "19fc45ac-5890-4f96-81b1-50ed111c0ce4", "hostname": "CLIENT1", "architecture": "x86", "os": {"kernel": "6.1.7601.18741 (win7sp1_gdr.150202-1526)", "build": "7601.0", "platform": "windows", "version": "6.1", "family": "windows", "name": "Windows 7 Professional"}}}
{"pseudonym": "e887f3a09fdddf7c81a563b81f90ed9499d86badaa6173d1aa197a2b544d13b1", "origin": "eSquofRJ2oXsPAHhYUpV5PmZL/YAtik/xfpcowVNSOsCxj7I80HOtvK8m3+7lfoQXHa4b808e4dBr841kwyXnykcqsErO8d3IA90wtbcPRMUbLltm2/KDJdjL4G1A698bIRsGCBRNIKXPmmqrWIW6kh3A6LkHXV9vvD9YlBUvGJd0qBqPqxmI+zYAfKhGboaC7/crRDNYpPU9KKClBnbORTrX9lsXs0Kx5omNC+eH0qjRdxMjVam/saIryww6WuR9vVkYMU/Xy+ZJ1ZyNpk7A9m8frbpkMTjbtyq4wvuMiEKU4nSd3x6NlFx0mxp27yAlfnWH41mhSH3uQst3l5SxxL2PSHOQqeGjTE3PzfnFYc="}
{"pseudonym": "387dddca7f9c9fa71c41295d7790d3bcd791cfe79b2dd4843551dfd0bf47acf2", "origin": "pUBEoa+o4maTnw7GoI8fV8UjSEAgPKW+dhhwI8CTdtLMIoSi7VoZg22d0w7RJagM6Ri+DGJrcjRBxx05lplufjoBTyl1i8c8jI4y5KG8OU5aH9GUuDOsyD03z35usJNG39LnQcK/U/mWaxLPItHcFb3Lv5IcYog07kb6pnWfD20dtCC/xzPTZd0mlq7Pzmxv1XYXNQjvI/vovE+ateGICOpa0JrCWV5ltTPBgiasz0vcjzmMkHg5gcSuPw5yIpHjN8loDI9JtqOSf4foSCSgiD/NLTZah1Sz5IO1eSMIq4xUMa/pZmLegQxpHD/ZSqPU+Ia56DD3dID+bAv8Su5BN5ZgUOgjERVm0rRY/R2W"}
{"pseudonym": "cd1a3afeeac92cb813605e21e464de7db0ca53fa0190d3a1372a46f60ddd0712", "origin": "kAs765WhrQNcyLRPz5LlNtdxI9v/H5lDA0fxnBv34FSe86lUg/LbpPjU41JahrT8Gknwy8xoQqi23X9ViSoMNul/G3VZtEV0G/5Hhh5ariRTbqzUhjSv6tL6r8aouiyN2+uHgbJnqLZDgDZ7NIUHDazrLRZAxNTkf1mEJc94r/O06GfIQJQ6KTkPQ8cSaCI9WwvZtA7yN3fwr9mjiGt4yJWy+vgrnExDmsk6KWs/9THFXX+7wlLFkjCvkSB+sjmaLt/ENaAgyZANuPoxgulfKqCviTS2u2XUiOZGVEZEL3kBr7Hou5L9Fvgx0wHR8utUsl2pHjCnJvBuCP7OCckcQHP7B9Q3srRTFVOVSUe4qJA="}
{"pseudonym": "91d121bc503735a145e0e9869d792d26f6b22784210a0daf5b63840be2abf69a", "origin": "kGA7eZ31Qzd81PFz/rtu563xWzuPu00ZaMUWLUCCT4pSvr9h6QtDhjuPqYcVE9azxeClrqAzkmNnKyfPBxSa6fy8QPN5O1UKEBGAGDm/aiHxv2TnZVieQTIEosPgQ52300iblv5nyCPqchSnLItoPiTZC3B+/I9sbq0oR1nJqoBL3iOghQrlUtZmL3fQeOu9LtwPAaPNI9yNKr/7anrTJxZsx8z5SrflLTcYWrbRm3Uv5hpfnO4lvtSt7d77v3omRdNWHMs+Kw72ptpRPjphbyqi7pM8d2VlhOeG6mPpKf3lj2zh5Paotz5HhYGu7VilGytupKAKoRbL+SKPZ00IT9klE3pPeE/0Cg=="}
{"@timestamp": "2019-08-02T09:47:39.827Z", "@metadata": {"beat": "winlogbeat", "type": "_doc", "version": "7.2.0", "topic": "wineventlog_raw"}, "ecs": {"version": "1.0.0"}, "agent": {"type": "winlogbeat", "ephemeral_id": "de845cd9-5141-4c92-ad32-27a4518307e9", "hostname": "CLIENT1", "id": "0b755aca-0a9a-454a-9800-1979901962a0", "version": "7.2.0"}, "event": {"kind": "event", "code": 4624, "action": "Logon", "created": "2019-08-02T09:55:12.183Z", "category": "authentication", "type": "authentication_success"}, "message": "An account was successfully logged on.\n\nSubject:\n\tSecurity ID:\t\tS-1-5-18\n\tAccount Name:\t\tCLIENT1$\n\tAccount Domain:\t\tWORKGROUP\n\tLogon ID:\t\t0x3e7\n\nLogon Type:\t\t\t5\n\nNew Logon:\n\tSecurity ID:\t\tS-1-5-18\n\tAccount Name:\t\tSYSTEM\n\tAccount Domain:\t\tNT AUTHORITY\n\tLogon ID:\t\t0x3e7\n\tLogon GUID:\t\t{00000000-0000-0000-0000-000000000000}\n\nProcess Information:\n\tProcess ID:\t\t0x1b8\n\tProcess Name:\t\tC:\\Windows\\System32\\services.exe\n\nNetwork Information:\n\tWorkstation Name:\t\n\tSource Network Address:\t-\n\tSource Port:\t\t-\n\nDetailed Authentication Information:\n\tLogon Process:\t\tAdvapi  \n\tAuthentication Package:\tNegotiate\n\tTransited Services:\t-\n\tPackage Name (NTLM only):\t-\n\tKey Length:\t\t0\n\nThis event is generated when a logon session is created. It is generated on the computer that was accessed.\n\nThe subject fields indicate the account on the local system which requested the logon. This is most commonly a service such as the Server service, or a local process such as Winlogon.exe or Services.exe.\n\nThe logon type field indicates the kind of logon that occurred. The most common types are 2 (interactive) and 3 (network).\n\nThe New Logon fields indicate the account for whom the new logon was created, i.e. the account that was logged on.\n\nThe network fields indicate where a remote logon request originated. Workstation name is not always available and may be left blank in some cases.\n\nThe authentication information fields provide detailed information about this specific logon request.\n\t- Logon GUID is a unique identifier that can be used to correlate this event with a KDC event.\n\t- Transited services indicate which intermediate services have participated in this logon request.\n\t- Package name indicates which sub-protocol was used among the NTLM protocols.\n\t- Key length indicates the length of the generated session key. This will be 0 if no session key was requested.", "user": {"domain": "NT AUTHORITY", "id": "S-1-5-18", "name": "<pseudonym:387dddca7f9c9fa71c41295d7790d3bcd791cfe79b2dd4843551dfd0bf47acf2>"}, "host": {"name": "CLIENT1", "hostname": "CLIENT1", "architecture": "x86", "os": {"build": "7601.0", "platform": "windows", "version": "6.1", "family": "windows", "name": "Windows 7 Professional", "kernel": "6.1.7601.18741 (win7sp1_gdr.150202-1526)"}, "id": "19fc45ac-5890-4f96-81b1-50ed111c0ce4"}, "log": {"level": "information"}, "winlog": {"opcode": "Info", "event_data": {"KeyLength": "0", "IpPort": "-", "SubjectLogonId": "0x3e7", "LogonProcessName": "Advapi  ", "SubjectDomainName": "WORKGROUP", "TransmittedServices": "-", "AuthenticationPackageName": "Negotiate", "LogonType": "5", "SubjectUserSid": "<pseudonym:cd1a3afeeac92cb813605e21e464de7db0ca53fa0190d3a1372a46f60ddd0712>", "TargetLogonId": "0x3e7", "LogonGuid": "{00000000-0000-0000-0000-000000000000}", "LmPackageName": "-", "SubjectUserName": "<pseudonym:e887f3a09fdddf7c81a563b81f90ed9499d86badaa6173d1aa197a2b544d13b1>", "IpAddress": "<pseudonym:91d121bc503735a145e0e9869d792d26f6b22784210a0daf5b63840be2abf69a>"}, "channel": "Security", "record_id": 4663, "keywords": ["Audit Success"], "provider_guid": "{54849625-5478-4994-A5BA-3E3B0328C30D}", "computer_name": "CLIENT1", "event_id": 4624, "api": "wineventlog", "process": {"pid": 448, "thread": {"id": 504}}, "provider_name": "Microsoft-Windows-Security-Auditing", "task": "Logon"}, "process": {"pid": 440, "executable": "C:\\Windows\\System32\\services.exe", "name": "services.exe"}}
