{"@timestamp": "2019-07-30T14:37:51.299Z", "@metadata": {"beat": "winlogbeat", "type": "_doc", "version": "7.2.0", "topic": "wineventlog_raw"}, "agent": {"type": "winlogbeat", "ephemeral_id": "de845cd9-5141-4c92-ad32-27a4518307e9", "hostname": "CLIENT1", "id": "0b755aca-0a9a-454a-9800-1979901962a0", "version": "7.2.0"}, "message": "The Group Policy Client service entered the stopped state.", "winlog": {"keywords": ["Classic"], "event_id": 7036, "record_id": 11549, "task": "", "api": "wineventlog", "channel": "System", "provider_name": "Service Control Manager", "provider_guid": "{555908d1-a6d7-4695-8e1e-26931d2012f4}", "process": {"thread": {"id": 3216}, "pid": 436}, "event_data": {"param2": "stopped", "Binary": "670070007300760063002F0031000000", "param1": "Group Policy Client"}, "computer_name": "CLIENT1"}, "event": {"kind": "event", "code": 7036, "created": "2019-08-02T09:55:11.995Z"}, "log": {"level": "information"}, "ecs": {"version": "1.0.0"}, "host": {"name": "CLIENT1", "hostname": "CLIENT1", "architecture": "x86", "os": {"family": "windows", "name": "Windows 7 Professional", "kernel": "6.1.7601.18741 (win7sp1_gdr.150202-1526)", "build": "7601.0", "platform": "windows", "version": "6.1"}, "id": "19fc45ac-5890-4f96-81b1-50ed111c0ce4"}}
{"@timestamp": "2019-07-30T14:37:57.706Z", "@metadata": {"beat": "winlogbeat", "type": "_doc", "version": "7.2.0", "topic": "wineventlog_raw"}, "agent": {"hostname": "CLIENT1", "id": "0b755aca-0a9a-454a-9800-1979901962a0", "version": "7.2.0", "type": "winlogbeat", "ephemeral_id": "de845cd9-5141-4c92-ad32-27a4518307e9"}, "ecs": {"version": "1.0.0"}, "winlog": {"event_id": 7036, "api": "wineventlog", "computer_name": "CLIENT1", "record_id": 11553, "task": "", "provider_name": "Service Control Manager", "provider_guid": "{555908d1-a6d7-4695-8e1e-26931d2012f4}", "channel": "System", "keywords": ["Classic"], "process": {"pid": 436, "thread": {"id": 2808}}, "event_data": {"param1": "Application Experience", "param2": "running", "Binary": "410065004C006F006F006B00750070005300760063002F0034000000"}}, "event": {"kind": "event", "code": 7036, "created": "2019-08-02T09:55:11.995Z"}, "log": {"level": "information"}, "message": "The Application Experience service entered the running state.", "host": {"id": "19fc45ac-5890-4f96-81b1-50ed111c0ce4", "hostname": "CLIENT1", "architecture": "x86", "os": {"build": "7601.0", "platform": "windows", "version": "6.1", "family": "windows", "name": "Windows 7 Professional", "kernel": "6.1.7601.18741 (win7sp1_gdr.150202-1526)"}, "name": "CLIENT1"}}
{"pseudonym": "cd1a3afeeac92cb813605e21e464de7db0ca53fa0190d3a1372a46f60ddd0712", "origin": "RxzU1nC7PQt/5fpumZjLzZCFxryZL9sjgI6pYfPlFfPQ3zJbF8wWBnvP9pk1ju5Fkjr0FlEFAM9Yt7GS234pmcIv+srFAigBPa9mkayEI7vGTrMAyFkufl0E0sed2CuAs0SJGOZspfdcAbwd32Io/gggZXHJesh1yri40SybKjrQVOAu5t+//leP44RBoOqss3Ocp2JqfWNvSbYJxJuUQ9xA9Y/s5lrhrP9ipMHmHwhFI7stu9ZTA2ex5Xqb6Z1OGwTeKC8UwWx4dvVStUiV+xI66OBoZk/4y81qJxe3Kp+sVAr7S177ksenLPZplqnDFtIOTILZeJf9v7DA/LSYdATRdAuNBKzVkLPwPnF+55Q="}
{"@timestamp": "2019-08-02T09:46:12.140Z", "@metadata": {"beat": "winlogbeat", "type": "_doc", "version": "7.2.0", "topic": "wineventlog_raw"}, "winlog": {"event_id": 26, "task": "", "user": {"identifier": "<pseudonym:cd1a3afeeac92cb813605e21e464de7db0ca53fa0190d3a1372a46f60ddd0712>", "name": "SYSTEM", "domain": "NT AUTHORITY", "type": "User"}, "api": "wineventlog", "computer_name": "CLIENT1", "provider_guid": "{0F67E49F-FE51-4E9F-B490-6F2948CC6027}", "event_data": {"Group": "0", "Number": "0", "IdleStateCount": "1", "PerfStateCount": "0", "ThrottleStateCount": "0", "IdleState": "01"}, "channel": "System", "record_id": 11588, "opcode": "Info", "process": {"pid": 4, "thread": {"id": 56}}, "provider_name": "Microsoft-Windows-Kernel-Processor-Power"}, "event": {"kind": "event", "code": 26, "created": "2019-08-02T09:55:11.997Z"}, "log": {"level": "information"}, "message": "Processor 0 in group 0 exposes the following:\n\n1 idle state(s)\n0 performance state(s)\n0 throttle state(s)", "agent": {"type": "winlogbeat", "ephemeral_id": "de845cd9-5141-4c92-ad32-27a4518307e9", "hostname": "CLIENT1", "id": "0b755aca-0a9a-454a-9800-1979901962a0", "version": "7.2.0"}, "ecs": {"version": "1.0.0"}, "host": {"name": "CLIENT1", "hostname": "CLIENT1", "architecture": "x86", "os": {"platform": "windows", "version": "6.1", "family": "windows", "name": "Windows 7 Professional", "kernel": "6.1.7601.18741 (win7sp1_gdr.150202-1526)", "build": "7601.0"}, "id": "19fc45ac-5890-4f96-81b1-50ed111c0ce4"}}
{"@timestamp": "2019-08-02T09:46:19.171Z", "@metadata": {"beat": "winlogbeat", "type": "_doc", "version": "7.2.0", "topic": "wineventlog_raw"}, "log": {"level": "information"}, "message": "The DCOM Server Process Launcher service entered the running state.", "host": {"name": "CLIENT1", "architecture": "x86", "os": {"platform": "windows", "version": "6.1", "family": "windows", "name": "Windows 7 Professional", "kernel": "6.1.7601.18741 (win7sp1_gdr.150202-1526)", "build": "7601.0"}, "id": "19fc45ac-5890-4f96-81b1-50ed111c0ce4", "hostname": "CLIENT1"}, "agent": {"type": "winlogbeat", "ephemeral_id": "de845cd9-5141-4c92-ad32-27a4518307e9", "hostname": "CLIENT1", "id": "0b755aca-0a9a-454a-9800-1979901962a0", "version": "7.2.0"}, "ecs": {"version": "1.0.0"}, "winlog": {"api": "wineventlog", "provider_guid": "{555908d1-a6d7-4695-8e1e-26931d2012f4}", "provider_name": "Service Control Manager", "channel": "System", "event_id": 7036, "task": "", "computer_name": "CLIENT1", "keywords": ["Classic"], "event_data": {"param1": "DCOM Server Process Launcher", "param2": "running", "Binary": "440063006F006D004C00610075006E00630068002F0034000000"}, "record_id": 11593, "process": {"pid": 440, "thread": {"id": 528}}}, "event": {"kind": "event", "code": 7036, "created": "2019-08-02T09:55:11.997Z"}}
{"@timestamp": "2019-08-02T09:46:19.281Z", "@metadata": {"beat": "winlogbeat", "type": "_doc", "version": "7.2.0", "topic": "wineventlog_raw"}, "ecs": {"version": "1.0.0"}, "host": {"name": "CLIENT1", "id": "19fc45ac-5890-4f96-81b1-50ed111c0ce4", "hostname": "CLIENT1", "architecture": "x86", "os": {"platform": "windows", "version": "6.1", "family": "windows", "name": "Windows 7 Professional", "kernel": "6.1.7601.18741 (win7sp1_gdr.150202-1526)", "build": "7601.0"}}, "agent": {"ephemeral_id": "de845cd9-5141-4c92-ad32-27a4518307e9", "hostname": "CLIENT1", "id": "0b755aca-0a9a-454a-9800-1979901962a0", "version": "7.2.0", "type": "winlogbeat"}, "winlog": {"api": "wineventlog", "computer_name": "CLIENT1", "channel": "System", "provider_name": "Service Control Manager", "keywords": ["Classic"], "process": {"pid": 440, "thread": {"id": 528}}, "event_id": 7036, "event_data": {"param1": "RPC Endpoint Mapper", "param2": "running", "Binary": "5200700063004500700074004D00610070007000650072002F0034000000"}, "record_id": 11594, "task": "", "provider_guid": "{555908d1-a6d7-4695-8e1e-26931d2012f4}"}, "event": {"code": 7036, "created": "2019-08-02T09:55:11.997Z", "kind": "event"}, "log": {"level": "information"}, "message": "The RPC Endpoint Mapper service entered the running state."}
{"pseudonym": "88300c8916832c3352893b38edeeb13dae715dc9604444fc4d9bdd509aba6c1d", "origin": "nMRbEqlSuH5iLIZN5bOxdGPRRkevUIy4E7SPrJYDTNZ9C2zzS5D4gX4Y6wT47qoSsI7JOcjXx4H/cevOD3ucK5346L1hVw1aC0+B9hDKKctIOfT0jaeczeR1PJFxlLWLgfuzySAIgAVHMOWyHlW3CRAaOS0sgE/WC43WnK699cLaet2U68FS+YebiZA5oiC2ckdBK+l6lYrRZ/OU7C2R87FO63yL6qtPcg2HJ1AeIHf+bqaHf9u/9vaTYZ2Kz2MXSZ0vgWTWq6fwX7g3bI+OmNkt3wiuB5E9ebGRZuvqyZpn49g4hRmpy6hfMt8K2oRMsISJFD03YcHC3Vme1CiVtB2qK8zMO7ATtXS272AUwEI="}
{"@timestamp": "2019-08-02T09:46:26.343Z", "@metadata": {"beat": "winlogbeat", "type": "_doc", "version": "7.2.0", "topic": "wineventlog_raw"}, "host": {"name": "CLIENT1", "hostname": "CLIENT1", "architecture": "x86", "os": {"platform": "windows", "version": "6.1", "family": "windows", "name": "Windows 7 Professional", "kernel": "6.1.7601.18741 (win7sp1_gdr.150202-1526)", "build": "7601.0"}, "id": "19fc45ac-5890-4f96-81b1-50ed111c0ce4"}, "agent": {"version": "7.2.0", "type": "winlogbeat", "ephemeral_id": "de845cd9-5141-4c92-ad32-27a4518307e9", "hostname": "CLIENT1", "id": "0b755aca-0a9a-454a-9800-1979901962a0"}, "event": {"kind": "event", "code": 50036, "action": "Service State Event", "created": "2019-08-02T09:55:11.998Z"}, "log": {"level": "information"}, "message": "DHCPv4 client service is started", "winlog": {"api": "wineventlog", "computer_name": "CLIENT1", "record_id": 11610, "task": "Service State Event", "opcode": "ServiceStart", "event_id": 50036, "provider_name": "Microsoft-Windows-Dhcp-Client", "provider_guid": "{15A7A4F8-0072-4EAB-ABAD-F98A4D666AED}", "process": {"pid": 712, "thread": {"id": 1020}}, "user": {"name": "LOCAL SERVICE", "domain": "NT AUTHORITY", "type": "Well Known Group", "identifier": "<pseudonym:88300c8916832c3352893b38edeeb13dae715dc9604444fc4d9bdd509aba6c1d>"}, "channel": "System"}, "ecs": {"version": "1.0.0"}}
{"@timestamp": "2019-08-02T09:46:26.593Z", "@metadata": {"beat": "winlogbeat", "type": "_doc", "version": "7.2.0", "topic": "wineventlog_raw"}, "winlog": {"process": {"pid": 440, "thread": {"id": 528}}, "event_data": {"param1": "DHCP Client", "param2": "running", "Binary": "44006800630070002F0034000000"}, "event_id": 7036, "provider_name": "Service Control Manager", "task": "", "api": "wineventlog", "channel": "System", "record_id": 11613, "computer_name": "CLIENT1", "keywords": ["Classic"], "provider_guid": "{555908d1-a6d7-4695-8e1e-26931d2012f4}"}, "event": {"code": 7036, "created": "2019-08-02T09:55:11.998Z", "kind": "event"}, "log": {"level": "information"}, "message": "The DHCP Client service entered the running state.", "ecs": {"version": "1.0.0"}, "host": {"id": "19fc45ac-5890-4f96-81b1-50ed111c0ce4", "hostname": "CLIENT1", "architecture": "x86", "name": "CLIENT1", "os": {"name": "Windows 7 Professional", "kernel": "6.1.7601.18741 (win7sp1_gdr.150202-1526)", "build": "7601.0", "platform": "windows", "version": "6.1", "family": "windows"}}, "agent": {"type": "winlogbeat", "ephemeral_id": "de845cd9-5141-4c92-ad32-27a4518307e9", "hostname": "CLIENT1", "id": "0b755aca-0a9a-454a-9800-1979901962a0", "version": "7.2.0"}}
{"@timestamp": "2019-08-02T09:46:43.703Z", "@metadata": {"beat": "winlogbeat", "type": "_doc", "version": "7.2.0", "topic": "wineventlog_raw"}, "ecs": {"version": "1.0.0"}, "host": {"name": "CLIENT1", "id": "19fc45ac-5890-4f96-81b1-50ed111c0ce4", "hostname": "CLIENT1", "architecture": "x86", "os": {"name": "Windows 7 Professional", "kernel": "6.1.7601.18741 (win7sp1_gdr.150202-1526)", "build": "7601.0", "platform": "windows", "version": "6.1", "family": "windows"}}, "event": {"created": "2019-08-02T09:55:11.998Z", "kind": "event", "code": 7036}, "log": {"level": "information"}, "message": "The Microsoft FTP Service service entered the running state.", "winlog": {"event_data": {"param1": "Microsoft FTP Service", "param2": "running", "Binary": "6600740070007300760063002F0034000000"}, "provider_name": "Service Control Manager", "api": "wineventlog", "task": "", "process": {"pid": 440, "thread": {"id": 524}}, "channel": "System", "computer_name": "CLIENT1", "keywords": ["Classic"], "provider_guid": "{555908d1-a6d7-4695-8e1e-26931d2012f4}", "event_id": 7036, "record_id": 11628}, "agent": {"hostname": "CLIENT1", "id": "0b755aca-0a9a-454a-9800-1979901962a0", "version": "7.2.0", "type": "winlogbeat", "ephemeral_id": "de845cd9-5141-4c92-ad32-27a4518307e9"}}
{"@timestamp": "2019-08-02T09:47:42.000Z", "@metadata": {"beat": "winlogbeat", "type": "_doc", "version": "7.2.0", "topic": "wineventlog_raw"}, "host": {"os": {"family": "windows", "name": "Windows 7 Professional", "kernel": "6.1.7601.18741 (win7sp1_gdr.150202-1526)", "build": "7601.0", "platform": "windows", "version": "6.1"}, "id": "19fc45ac-5890-4f96-81b1-50ed111c0ce4", "name": "CLIENT1", "hostname": "CLIENT1", "architecture": "x86"}, "agent": {"ephemeral_id": "de845cd9-5141-4c92-ad32-27a4518307e9", "hostname": "CLIENT1", "id": "0b755aca-0a9a-454a-9800-1979901962a0", "version": "7.2.0", "type": "winlogbeat"}, "log": {"level": "information"}, "message": "Service 'WMPNetworkSvc' started.", "winlog": {"provider_name": "Microsoft-Windows-WMPNSS-Service", "record_id": 11643, "task": "", "computer_name": "CLIENT1", "keywords": ["Classic"], "provider_guid": "{6A2DC7C1-930A-4FB5-BB44-80B30AEBED6C}", "event_data": {"ServiceName": "WMPNetworkSvc"}, "channel": "System", "event_id": 14204, "api": "wineventlog"}, "event": {"kind": "event", "code": 14204, "created": "2019-08-02T09:55:12.049Z"}, "ecs": {"version": "1.0.0"}}
{"@timestamp": "2019-08-02T09:48:55.258Z", "@metadata": {"beat": "winlogbeat", "type": "_doc", "version": "7.2.0", "topic": "wineventlog_raw"}, "winlog": {"api": "wineventlog", "provider_guid": "{555908d1-a6d7-4695-8e1e-26931d2012f4}", "channel": "System", "provider_name": "Service Control Manager", "task": "", "event_id": 7036, "record_id": 11650, "keywords": ["Classic"], "computer_name": "CLIENT1", "process": {"pid": 440, "thread": {"id": 3492}}, "event_data": {"param2": "running", "Binary": "7300700070007300760063002F0034000000", "param1": "Software Protection"}}, "event": {"code": 7036, "created": "2019-08-02T09:55:12.089Z", "kind": "event"}, "log": {"level": "information"}, "message": "The Software Protection service entered the running state.", "agent": {"type": "winlogbeat", "ephemeral_id": "de845cd9-5141-4c92-ad32-27a4518307e9", "hostname": "CLIENT1", "id": "0b755aca-0a9a-454a-9800-1979901962a0", "version": "7.2.0"}, "ecs": {"version": "1.0.0"}, "host": {"id": "19fc45ac-5890-4f96-81b1-50ed111c0ce4", "name": "CLIENT1", "hostname": "CLIENT1", "architecture": "x86", "os": {"version": "6.1", "family": "windows", "name": "Windows 7 Professional", "kernel": "6.1.7601.18741 (win7sp1_gdr.150202-1526)", "build": "7601.0", "platform": "windows"}}}
{"@timestamp": "2019-08-02T09:50:32.969Z", "@metadata": {"beat": "winlogbeat", "type": "_doc", "version": "7.2.0", "topic": "wineventlog_raw"}, "host": {"id": "19fc45ac-5890-4f96-81b1-50ed111c0ce4", "name": "CLIENT1", "hostname": "CLIENT1", "architecture": "x86", "os": {"family": "windows", "name": "Windows 7 Professional", "kernel": "6.1.7601.18741 (win7sp1_gdr.150202-1526)", "build": "7601.0", "platform": "windows", "version": "6.1"}}, "agent": {"version": "7.2.0", "type": "winlogbeat", "ephemeral_id": "de845cd9-5141-4c92-ad32-27a4518307e9", "hostname": "CLIENT1", "id": "0b755aca-0a9a-454a-9800-1979901962a0"}, "winlog": {"keywords": ["Classic"], "provider_guid": "{555908d1-a6d7-4695-8e1e-26931d2012f4}", "channel": "System", "api": "wineventlog", "event_data": {"param2": "running", "Binary": "5700650072005300760063002F0034000000", "param1": "Windows Error Reporting Service"}, "task": "", "event_id": 7036, "provider_name": "Service Control Manager", "record_id": 11656, "process": {"thread": {"id": 4048}, "pid": 440}, "computer_name": "CLIENT1"}, "event": {"kind": "event", "code": 7036, "created": "2019-08-02T09:55:12.089Z"}, "log": {"level": "information"}, "message": "The Windows Error Reporting Service service entered the running state.", "ecs": {"version": "1.0.0"}}
{"@timestamp": "2019-08-02T09:54:20.863Z", "@metadata": {"beat": "winlogbeat", "type": "_doc", "version": "7.2.0", "topic": "wineventlog_raw"}, "event": {"kind": "event", "code": 7036, "created": "2019-08-02T09:55:12.090Z"}, "log": {"level": "information"}, "ecs": {"version": "1.0.0"}, "host": {"id": "19fc45ac-5890-4f96-81b1-50ed111c0ce4", "name": "CLIENT1", "hostname": "CLIENT1", "architecture": "x86", "os": {"platform": "windows", "version": "6.1", "family": "windows", "name": "Windows 7 Professional", "kernel": "6.1.7601.18741 (win7sp1_gdr.150202-1526)", "build": "7601.0"}}, "agent": {"version": "7.2.0", "type": "winlogbeat", "ephemeral_id": "de845cd9-5141-4c92-ad32-27a4518307e9", "hostname": "CLIENT1", "id": "0b755aca-0a9a-454a-9800-1979901962a0"}, "message": "The DHCP Client service entered the stopped state.", "winlog": {"event_data": {"param1": "DHCP Client", "param2": "stopped", "Binary": "44006800630070002F0031000000"}, "event_id": 7036, "provider_name": "Service Control Manager", "api": "wineventlog", "process": {"pid": 440, "thread": {"id": 2680}}, "channel": "System", "keywords": ["Classic"], "computer_name": "CLIENT1", "provider_guid": "{555908d1-a6d7-4695-8e1e-26931d2012f4}", "record_id": 11671, "task": ""}}
{"@timestamp": "2019-08-02T09:54:23.521Z", "@metadata": {"beat": "winlogbeat", "type": "_doc", "version": "7.2.0", "topic": "wineventlog_raw"}, "agent": {"id": "0b755aca-0a9a-454a-9800-1979901962a0", "version": "7.2.0", "type": "winlogbeat", "ephemeral_id": "de845cd9-5141-4c92-ad32-27a4518307e9", "hostname": "CLIENT1"}, "winlog": {"process": {"thread": {"id": 2680}, "pid": 440}, "event_data": {"param2": "stopped", "Binary": "500072006F0066005300760063002F0031000000", "param1": "User Profile Service"}, "provider_name": "Service Control Manager", "api": "wineventlog", "keywords": ["Classic"], "channel": "System", "computer_name": "CLIENT1", "provider_guid": "{555908d1-a6d7-4695-8e1e-26931d2012f4}", "event_id": 7036, "record_id": 11692, "task": ""}, "event": {"created": "2019-08-02T09:55:12.090Z", "kind": "event", "code": 7036}, "log": {"level": "information"}, "message": "The User Profile Service service entered the stopped state.", "ecs": {"version": "1.0.0"}, "host": {"name": "CLIENT1", "hostname": "CLIENT1", "architecture": "x86", "os": {"kernel": "6.1.7601.18741 (win7sp1_gdr.150202-1526)", "build": "7601.0", "platform": "windows", "version": "6.1", "family": "windows", "name": "Windows 7 Professional"}, "id": "19fc45ac-5890-4f96-81b1-50ed111c0ce4"}}
{"pseudonym": "cd1a3afeeac92cb813605e21e464de7db0ca53fa0190d3a1372a46f60ddd0712", "origin": "nNAIjIEXjM8efr1O2850VyY+TA2gga/MLACmDOhx9818eSp91mjGmpGobaaoq1evVENP9LxtSgPlJcG8QSN5eTClWOD3vT5pC/FbHgky9aYzRYiOnDxAAeWe8a2zr65+W08wVgWDbxkJTuQ37/v6XtBEFTlvuv/6nHI4hzsLywndG3ZHf3ImpnbWg+AheEe/nGF+CptGMlUQrNxhg5HhE/aDXExS4kTEuVnFsb95fvkh8qmdYnrHxO+XbBoZ8ZgrNeL30EoefDg0m23HaYXsNa4Fd+vi2jNahoagZMKCaPWb5OFtO97+HQ9YC03H5e5Fsi7/hBhE3+SsfZENKkEa5B6HS73TN6glo+wdawh4PVs="}
{"@timestamp": "2019-08-02T09:54:48.656Z", "@metadata": {"beat": "winlogbeat", "type": "_doc", "version": "7.2.0", "topic": "wineventlog_raw"}, "ecs": {"version": "1.0.0"}, "host": {"architecture": "x86", "os": {"kernel": "6.1.7601.18741 (win7sp1_gdr.150202-1526)", "build": "7601.0", "platform": "windows", "version": "6.1", "family": "windows", "name": "Windows 7 Professional"}, "id": "19fc45ac-5890-4f96-81b1-50ed111c0ce4", "hostname": "CLIENT1", "name": "CLIENT1"}, "agent": {"hostname": "CLIENT1", "id": "0b755aca-0a9a-454a-9800-1979901962a0", "version": "7.2.0", "type": "winlogbeat", "ephemeral_id": "de845cd9-5141-4c92-ad32-27a4518307e9"}, "winlog": {"channel": "System", "event_id": 26, "record_id": 11703, "task": "", "user": {"type": "User", "identifier": "<pseudonym:cd1a3afeeac92cb813605e21e464de7db0ca53fa0190d3a1372a46f60ddd0712>", "name": "SYSTEM", "domain": "NT AUTHORITY"}, "event_data": {"IdleState": "01", "Group": "0", "Number": "0", "IdleStateCount": "1", "PerfStateCount": "0", "ThrottleStateCount": "0"}, "process": {"thread": {"id": 60}, "pid": 4}, "computer_name": "CLIENT1", "provider_name": "Microsoft-Windows-Kernel-Processor-Power", "api": "wineventlog", "opcode": "Info", "provider_guid": "{0F67E49F-FE51-4E9F-B490-6F2948CC6027}"}, "event": {"code": 26, "created": "2019-08-02T09:55:12.091Z", "kind": "event"}, "log": {"level": "information"}, "message": "Processor 0 in group 0 exposes the following:\n\n1 idle state(s)\n0 performance state(s)\n0 throttle state(s)"}
{"@timestamp": "2019-08-02T09:55:03.546Z", "@metadata": {"beat": "winlogbeat", "type": "_doc", "version": "7.2.0", "topic": "wineventlog_raw"}, "host": {"os": {"build": "7601.0", "platform": "windows", "version": "6.1", "family": "windows", "name": "Windows 7 Professional", "kernel": "6.1.7601.18741 (win7sp1_gdr.150202-1526)"}, "name": "CLIENT1", "id": "19fc45ac-5890-4f96-81b1-50ed111c0ce4", "hostname": "CLIENT1", "architecture": "x86"}, "agent": {"version": "7.2.0", "type": "winlogbeat", "ephemeral_id": "de845cd9-5141-4c92-ad32-27a4518307e9", "hostname": "CLIENT1", "id": "0b755aca-0a9a-454a-9800-1979901962a0"}, "winlog": {"provider_name": "Service Control Manager", "record_id": 11738, "event_data": {"param1": "ImDisk Virtual Disk Driver Helper", "param2": "running", "Binary": "49006D00440073006B005300760063002F0034000000"}, "event_id": 7036, "api": "wineventlog", "process": {"thread": {"id": 524}, "pid": 440}, "provider_guid": "{555908d1-a6d7-4695-8e1e-26931d2012f4}", "task": "", "keywords": ["Classic"], "channel": "System", "computer_name": "CLIENT1"}, "event": {"code": 7036, "created": "2019-08-02T09:55:12.092Z", "kind": "event"}, "log": {"level": "information"}, "message": "The ImDisk Virtual Disk Driver Helper service entered the running state.", "ecs": {"version": "1.0.0"}}
{"pseudonym": "cd1a3afeeac92cb813605e21e464de7db0ca53fa0190d3a1372a46f60ddd0712", "origin": "Xj66raD9M6FNOL+5Jo8k1g1E5E1NkwuGLO9o+orhS/Uy6S0Hxj82sBTfqL8PRkD3Sj22E1I/thYlRjh6wdgbwBUzhuXOfu0ZG2b4+oOd2mtAOFzL+fQ4KQn2GJ0geBS+lstgATD1CIwtgvbOT6r/Tt0++O2vg0qXLDi0KaPF8s3yJrwOeuz6TE91FHDTwCs2HzlUr14nqhcgbnw9vl75GGpPQmoFi+1Fv/lKeQGzlaC5EXuovhZXS7dU/Zrd2rPh6sQz7tP44HvW46Q1N2Ez7wlM1ISZY2QGPxPuSP0yAYJ5B3bJTY2/fd78bGwS2wgNysX1W71kdrHBwksE0XPWtYu6HmrEYnn8Furl6vM7mpg="}
{"@timestamp": "2019-08-02T09:55:05.418Z", "@metadata": {"beat": "winlogbeat", "type": "_doc", "version": "7.2.0", "topic": "wineventlog_raw"}, "ecs": {"version": "1.0.0"}, "winlog": {"user": {"identifier": "<pseudonym:cd1a3afeeac92cb813605e21e464de7db0ca53fa0190d3a1372a46f60ddd0712>", "name": "SYSTEM", "domain": "NT AUTHORITY", "type": "User"}, "event_data": {"OldTime": "2019-08-02T09:55:04.203125000Z", "NewTime": "2019-08-02T09:55:05.418000000Z"}, "record_id": 11741, "event_id": 1, "keywords": ["Time"], "opcode": "Info", "provider_name": "Microsoft-Windows-Kernel-General", "provider_guid": "{A68CA8B7-004F-D7B6-A698-07E2DE0F1F5D}", "process": {"thread": {"id": 1504}, "pid": 1460}, "channel": "System", "task": "", "api": "wineventlog", "computer_name": "CLIENT1"}, "event": {"code": 1, "created": "2019-08-02T09:55:12.099Z", "kind": "event"}, "log": {"level": "information"}, "message": "The system time has changed to \u200e2019\u200e-\u200e08\u200e-\u200e02T09:55:05.418000000Z from \u200e2019\u200e-\u200e08\u200e-\u200e02T09:55:04.203125000Z.", "host": {"name": "CLIENT1", "hostname": "CLIENT1", "architecture": "x86", "os": {"version": "6.1", "family": "windows", "name": "Windows 7 Professional", "kernel": "6.1.7601.18741 (win7sp1_gdr.150202-1526)", "build": "7601.0", "platform": "windows"}, "id": "19fc45ac-5890-4f96-81b1-50ed111c0ce4"}, "agent": {"hostname": "CLIENT1", "id": "0b755aca-0a9a-454a-9800-1979901962a0", "version": "7.2.0", "type": "winlogbeat", "ephemeral_id": "de845cd9-5141-4c92-ad32-27a4518307e9"}}
{"@timestamp": "2019-08-02T09:49:11.000Z", "@metadata": {"beat": "winlogbeat", "type": "_doc", "version": "7.2.0", "topic": "wineventlog_raw"}, "message": "The Software Protection service has completed licensing status check.\nApplication Id=55c92734-d682-4d71-983e-d6ec3f16059f\nLicensing Status=\n1: 4de78642-0f7f-4b61-9392-8add86d70ae8, 1, 0 [(0 [0xC004F014, 0, 0], [(?)(?)(?)(?)(?)(?)])(1 )(2 )]\n2: 50e329f7-a5fa-46b2-85fd-f224e5da7764, 1, 0 [(0 [0xC004F014, 0, 0], [(?)(?)(?)(?)(?)(?)])(1 )(2 )]\n3: 5a79ecd8-d33f-406c-a619-7785899b5d59, 1, 0 [(0 [0xC004F014, 0, 0], [(?)(?)(?)(?)(?)(?)])(1 )(2 )]\n4: 770bc271-8dc1-467d-b574-73cbacbeccd1, 1, 0 [(0 [0xC004F014, 0, 0], [(?)(?)(?)(?)(?)(?)])(1 )(2 )]\n5: 90a61a0d-0b76-4bf1-a8b8-89061855a4c9, 1, 0 [(0 [0xC004F014, 0, 0], [(?)(?)(?)(?)(?)(?)])(1 )(2 )]\n6: 92f9d22a-65f5-49a7-90fe-06491b4fc379, 1, 0 [(0 [0xC004F014, 0, 0], [(?)(?)(?)(?)(?)(?)])(1 )(2 )]\n7: 9abf5984-9c16-46f2-ad1e-7fe15931a8dd, 1, 0 [(0 [0xC004F014, 0, 0], [(?)(?)(?)(?)(?)(?)])(1 )(2 )]\n8: 9ccffaf9-86a2-414e-b031-b2f777720e90, 1, 0 [(0 [0xC004F014, 0, 0], [(?)(?)(?)(?)(?)(?)])(1 )(2 )]\n9: b92e9980-b9d5-4821-9c94-140f632f6312, 1, 0 [(0 [0xC004F014, 0, 0], [(?)(?)(?)(?)(?)(?)])(1 )(2 )]\n10: c1027486-8ae8-4633-9cf9-9658ed80504d, 1, 0 [(0 [0xC004F014, 0, 0], [(?)(?)(?)(?)(?)(?)])(1 )(2 )]\n11: c1e88de3-96c4-4563-ad7d-775f65b1e670, 1, 0 [(0 [0xC004E003, 0, 0], [( 1 0xC004F00F 3 0 msft:rm/algorithm/hwid/4.0 0x00000000 0)(?)( 1 0xC004F00F 3 0 msft:rm/algorithm/hwid/4.0 0x00000000 0)(?)(?)(?)])(1 )(2 [0x00000000, 0, 0], [( 5 0xC004F009 30 0)( 5 0xC004F009 30 0)( 1 0x00000000 0 0 msft:rm/algorithm/flags/1.0 0x00000000 0)(?)(?)( 9 0x00000000 0xC004F00F)])]\n12: c33001fc-5e9c-4f27-8c05-e0154adb0db4, 1, 0 [(0 [0xC004F014, 0, 0], [(?)(?)(?)(?)(?)(?)])(1 )(2 )]\n13: cf3c5b35-35ff-4c95-9bbd-a188e47ad14c, 1, 0 [(0 [0xC004F014, 0, 0], [(?)(?)(?)(?)(?)(?)])(1 )(2 )]\n14: cff07cac-7534-4cc3-b3f3-99e1a0aa3c20, 1, 0 [(0 [0xC004F014, 0, 0], [(?)(?)(?)(?)(?)(?)])(1 )(2 )]\n15: d188820a-cb63-4bad-a9a2-40b843ee23b7, 1, 0 [(0 [0xC004F014, 0, 0], [(?)(?)(?)(?)(?)(?)])(1 )(2 )]\n16: d8e04254-f9a5-4729-ae86-886de6aa907c, 1, 0 [(0 [0xC004F014, 0, 0], [(?)(?)(?)(?)(?)(?)])(1 )(2 )]\n17: da22eadd-46dc-4056-a287-f5041c852470, 1, 0 [(0 [0xC004F014, 0, 0], [(?)(?)(?)(?)(?)(?)])(1 )(2 )]\n18: e120e868-3df2-464a-95a0-b52fa5ada4bf, 1, 0 [(0 [0xC004F014, 0, 0], [(?)(?)(?)(?)(?)(?)])(1 )(2 )]\n19: e838d943-63ed-4a0b-9fb1-47152908acc9, 1, 0 [(0 [0xC004F014, 0, 0], [(?)(?)(?)(?)(?)(?)])(1 )(2 )]\n20: 4a8149bb-7d61-49f4-8822-82c7bf88d64b, 1, 0 [(0 [0xC004F014, 0, 0], [(?)(?)(?)(?)(?)(?)])(1 )(2 )]\n21: afd5f68f-b70f-4000-a21d-28dbc8be8b07, 1, 0 [(0 [0xC004F014, 0, 0], [(?)(?)(?)(?)(?)(?)])(1 )(2 )]", "host": {"name": "CLIENT1", "os": {"name": "Windows 7 Professional", "kernel": "6.1.7601.18741 (win7sp1_gdr.150202-1526)", "build": "7601.0", "platform": "windows", "version": "6.1", "family": "windows"}, "id": "19fc45ac-5890-4f96-81b1-50ed111c0ce4", "hostname": "CLIENT1", "architecture": "x86"}, "agent": {"version": "7.2.0", "type": "winlogbeat", "ephemeral_id": "de845cd9-5141-4c92-ad32-27a4518307e9", "hostname": "CLIENT1", "id": "0b755aca-0a9a-454a-9800-1979901962a0"}, "ecs": {"version": "1.0.0"}, "winlog": {"provider_name": "Microsoft-Windows-Security-SPP", "task": "", "keywords": ["Classic"], "provider_guid": "{E23B33B0-C8C9-472C-A5F9-F2BDFEA0F156}", "record_id": 2920, "api": "wineventlog", "channel": "Application", "event_id": 1003, "computer_name": "CLIENT1", "event_data": {"param1": "55c92734-d682-4d71-983e-d6ec3f16059f", "param2": "\n1: 4de78642-0f7f-4b61-9392-8add86d70ae8, 1, 0 [(0 [0xC004F014, 0, 0], [(?)(?)(?)(?)(?)(?)])(1 )(2 )]\n2: 50e329f7-a5fa-46b2-85fd-f224e5da7764, 1, 0 [(0 [0xC004F014, 0, 0], [(?)(?)(?)(?)(?)(?)])(1 )(2 )]\n3: 5a79ecd8-d33f-406c-a619-7785899b5d59, 1, 0 [(0 [0xC004F014, 0, 0], [(?)(?)(?)(?)(?)(?)])(1 )(2 )]\n4: 770bc271-8dc1-467d-b574-73cbacbeccd1, 1, 0 [(0 [0xC004F014, 0, 0], [(?)(?)(?)(?)(?)(?)])(1 )(2 )]\n5: 90a61a0d-0b76-4bf1-a8b8-89061855a4c9, 1, 0 [(0 [0xC004F014, 0, 0], [(?)(?)(?)(?)(?)(?)])(1 )(2 )]\n6: 92f9d22a-65f5-49a7-90fe-06491b4fc379, 1, 0 [(0 [0xC004F014, 0, 0], [(?)(?)(?)(?)(?)(?)])(1 )(2 )]\n7: 9abf5984-9c16-46f2-ad1e-7fe15931a8dd, 1, 0 [(0 [0xC004F014, 0, 0], [(?)(?)(?)(?)(?)(?)])(1 )(2 )]\n8: 9ccffaf9-86a2-414e-b031-b2f777720e90, 1, 0 [(0 [0xC004F014, 0, 0], [(?)(?)(?)(?)(?)(?)])(1 )(2 )]\n9: b92e9980-b9d5-4821-9c94-140f632f6312, 1, 0 [(0 [0xC004F014, 0, 0], [(?)(?)(?)(?)(?)(?)])(1 )(2 )]\n10: c1027486-8ae8-4633-9cf9-9658ed80504d, 1, 0 [(0 [0xC004F014, 0, 0], [(?)(?)(?)(?)(?)(?)])(1 )(2 )]\n11: c1e88de3-96c4-4563-ad7d-775f65b1e670, 1, 0 [(0 [0xC004E003, 0, 0], [( 1 0xC004F00F 3 0 msft:rm/algorithm/hwid/4.0 0x00000000 0)(?)( 1 0xC004F00F 3 0 msft:rm/algorithm/hwid/4.0 0x00000000 0)(?)(?)(?)])(1 )(2 [0x00000000, 0, 0], [( 5 0xC004F009 30 0)( 5 0xC004F009 30 0)( 1 0x00000000 0 0 msft:rm/algorithm/flags/1.0 0x00000000 0)(?)(?)( 9 0x00000000 0xC004F00F)])]\n12: c33001fc-5e9c-4f27-8c05-e0154adb0db4, 1, 0 [(0 [0xC004F014, 0, 0], [(?)(?)(?)(?)(?)(?)])(1 )(2 )]\n13: cf3c5b35-35ff-4c95-9bbd-a188e47ad14c, 1, 0 [(0 [0xC004F014, 0, 0], [(?)(?)(?)(?)(?)(?)])(1 )(2 )]\n14: cff07cac-7534-4cc3-b3f3-99e1a0aa3c20, 1, 0 [(0 [0xC004F014, 0, 0], [(?)(?)(?)(?)(?)(?)])(1 )(2 )]\n15: d188820a-cb63-4bad-a9a2-40b843ee23b7, 1, 0 [(0 [0xC004F014, 0, 0], [(?)(?)(?)(?)(?)(?)])(1 )(2 )]\n16: d8e04254-f9a5-4729-ae86-886de6aa907c, 1, 0 [(0 [0xC004F014, 0, 0], [(?)(?)(?)(?)(?)(?)])(1 )(2 )]\n17: da22eadd-46dc-4056-a287-f5041c852470, 1, 0 [(0 [0xC004F014, 0, 0], [(?)(?)(?)(?)(?)(?)])(1 )(2 )]\n18: e120e868-3df2-464a-95a0-b52fa5ada4bf, 1, 0 [(0 [0xC004F014, 0, 0], [(?)(?)(?)(?)(?)(?)])(1 )(2 )]\n19: e838d943-63ed-4a0b-9fb1-47152908acc9, 1, 0 [(0 [0xC004F014, 0, 0], [(?)(?)(?)(?)(?)(?)])(1 )(2 )]\n20: 4a8149bb-7d61-49f4-8822-82c7bf88d64b, 1, 0 [(0 [0xC004F014, 0, 0], [(?)(?)(?)(?)(?)(?)])(1 )(2 )]\n21: afd5f68f-b70f-4000-a21d-28dbc8be8b07, 1, 0 [(0 [0xC004F014, 0, 0], [(?)(?)(?)(?)(?)(?)])(1 )(2 )]"}}, "event": {"created": "2019-08-02T09:55:12.182Z", "kind": "event", "code": 1003}, "log": {"level": "information"}}
{"pseudonym": "cd1a3afeeac92cb813605e21e464de7db0ca53fa0190d3a1372a46f60ddd0712", "origin": "GCYAA/GIH99RZcSR51katDNIRrl6Ue+s1Sprd1qo7bkZrBSFiQbBH3hWP92IpUYiyrEC3wlmM3nNZdUny9PEPyqWGm7DL/OjDI0tiRn+94OFP7vqUtTBZ3wZMvAOeptk7/oWqyw7ynJWa7wOaTio4Bj/2ziQ5kd7N7IIIQZUdrNcGpwcvzEx6RuQvvc9xVbLfIt7wk1FVotWWgoFvUhZSBL6t6AHTIGJMHL8uZvGfDYS4tHg7/5idEp1grQFvxHj6lNyr0Ud91J3Y7V/lS7a93kqJfC9ZhZezE85bnhpo8KVumWdHXej0xTwe8jrtV/LZDPStxrergxCOyGB+Rwx8i7OFECfr5T+f44KZ8KN2lw="}
{"@timestamp": "2019-08-02T09:51:33.253Z", "@metadata": {"beat": "winlogbeat", "type": "_doc", "version": "7.2.0", "topic": "wineventlog_raw"}, "event": {"kind": "event", "code": 1000, "created": "2019-08-02T09:55:12.182Z"}, "log": {"level": "information"}, "message": "Performance counters for the WmiApRpl (WmiApRpl) service were loaded successfully. The Record Data in the data section contains the new index values assigned to this service.", "winlog": {"provider_name": "Microsoft-Windows-LoadPerf", "channel": "Application", "api": "wineventlog", "user_data": {"binaryDataSize": "16", "binaryData": "32250000D825000033250000D9250000", "xml_name": "EventXML", "param1": "WmiApRpl", "param2": "WmiApRpl"}, "event_id": 1000, "computer_name": "CLIENT1", "process": {"pid": 2416, "thread": {"id": 2424}}, "user": {"name": "SYSTEM", "domain": "NT AUTHORITY", "type": "User", "identifier": "<pseudonym:cd1a3afeeac92cb813605e21e464de7db0ca53fa0190d3a1372a46f60ddd0712>"}, "task": "", "opcode": "Info", "provider_guid": "{122EE297-BB47-41AE-B265-1CA8D1886D40}", "record_id": 2922}, "ecs": {"version": "1.0.0"}, "host": {"name": "CLIENT1", "id": "19fc45ac-5890-4f96-81b1-50ed111c0ce4", "hostname": "CLIENT1", "architecture": "x86", "os": {"build": "7601.0", "platform": "windows", "version": "6.1", "family": "windows", "name": "Windows 7 Professional", "kernel": "6.1.7601.18741 (win7sp1_gdr.150202-1526)"}}, "agent": {"hostname": "CLIENT1", "id": "0b755aca-0a9a-454a-9800-1979901962a0", "version": "7.2.0", "type": "winlogbeat", "ephemeral_id": "de845cd9-5141-4c92-ad32-27a4518307e9"}}
{"@timestamp": "2019-08-02T09:53:55.000Z", "@metadata": {"beat": "winlogbeat", "type": "_doc", "version": "7.2.0", "topic": "wineventlog_raw"}, "log": {"level": "information"}, "message": "The Desktop Window Manager has exited with code (0x40010004)", "winlog": {"event_id": 9009, "computer_name": "CLIENT1", "channel": "Application", "provider_name": "Desktop Window Manager", "keywords": ["Classic"], "event_data": {"param1": "0x40010004"}, "record_id": 2923, "task": "", "api": "wineventlog"}, "agent": {"type": "winlogbeat", "ephemeral_id": "de845cd9-5141-4c92-ad32-27a4518307e9", "hostname": "CLIENT1", "id": "0b755aca-0a9a-454a-9800-1979901962a0", "version": "7.2.0"}, "ecs": {"version": "1.0.0"}, "host": {"name": "CLIENT1", "os": {"build": "7601.0", "platform": "windows", "version": "6.1", "family": "windows", "name": "Windows 7 Professional", "kernel": "6.1.7601.18741 (win7sp1_gdr.150202-1526)"}, "id": "19fc45ac-5890-4f96-81b1-50ed111c0ce4", "hostname": "CLIENT1", "architecture": "x86"}, "event": {"code": 9009, "created": "2019-08-02T09:55:12.182Z", "kind": "event"}}
{"@timestamp": "2019-08-02T09:46:39.421Z", "@metadata": {"beat": "winlogbeat", "type": "_doc", "version": "7.2.0", "topic": "wineventlog_raw"}, "message": "The Windows Firewall service started successfully.", "winlog": {"task": "Other System Events", "keywords": ["Audit Success"], "computer_name": "CLIENT1", "opcode": "Info", "provider_guid": "{54849625-5478-4994-A5BA-3E3B0328C30D}", "process": {"pid": 448, "thread": {"id": 504}}, "event_id": 5024, "record_id": 4658, "api": "wineventlog", "channel": "Security", "provider_name": "Microsoft-Windows-Security-Auditing"}, "event": {"code": 5024, "action": "Other System Events", "created": "2019-08-02T09:55:12.183Z", "kind": "event"}, "ecs": {"version": "1.0.0"}, "host": {"name": "CLIENT1", "os": {"platform": "windows", "version": "6.1", "family": "windows", "name": "Windows 7 Professional", "kernel": "6.1.7601.18741 (win7sp1_gdr.150202-1526)", "build": "7601.0"}, "id": "19fc45ac-5890-4f96-81b1-50ed111c0ce4", "hostname": "CLIENT1", "architecture": "x86"}, "agent": {"id": "0b755aca-0a9a-454a-9800-1979901962a0", "version": "7.2.0", "type": "winlogbeat", "ephemeral_id": "de845cd9-5141-4c92-ad32-27a4518307e9", "hostname": "CLIENT1"}, "log": {"level": "information"}}
{"@timestamp": "2019-08-02T09:57:13.532Z", "@metadata": {"beat": "winlogbeat", "type": "_doc", "version": "7.2.0", "topic": "wineventlog_raw"}, "host": {"name": "CLIENT1", "hostname": "CLIENT1", "architecture": "x86", "os": {"build": "7601.0", "platform": "windows", "version": "6.1", "family": "windows", "name": "Windows 7 Professional", "kernel": "6.1.7601.18741 (win7sp1_gdr.150202-1526)"}, "id": "19fc45ac-5890-4f96-81b1-50ed111c0ce4"}, "agent": {"id": "0b755aca-0a9a-454a-9800-1979901962a0", "version": "7.2.0", "type": "winlogbeat", "ephemeral_id": "de845cd9-5141-4c92-ad32-27a4518307e9", "hostname": "CLIENT1"}, "message": "The Security Center service entered the running state.", "winlog": {"process": {"pid": 440, "thread": {"id": 1856}}, "event_data": {"param1": "Security Center", "param2": "running", "Binary": "7700730063007300760063002F0034000000"}, "channel": "System", "task": "", "computer_name": "CLIENT1", "provider_guid": "{555908d1-a6d7-4695-8e1e-26931d2012f4}", "event_id": 7036, "record_id": 11772, "api": "wineventlog", "keywords": ["Classic"], "provider_name": "Service Control Manager"}, "event": {"kind": "event", "code": 7036, "created": "2019-08-02T09:57:15.113Z"}, "log": {"level": "information"}, "ecs": {"version": "1.0.0"}}
{"pseudonym": "387dddca7f9c9fa71c41295d7790d3bcd791cfe79b2dd4843551dfd0bf47acf2", "origin": "ga7oPkPCd5MmRIipVbhWBG1VeLv5lMSMe2wj7ZXAG2K8huFWfv7YdD+gOV5mrQE6dB2XUj5xlz5yautCuinVJ1bCDL5NOQ5YQQhL1Nqlp7jOURWz7xBCtcb1YNTo1enRZZvv2Gkziw6mr+2/O8WxUSmcY9Vx6sran1EJ2R6cZBsjIpW+Avzvc9YKYiP8d6jhYPaPFAf/vs108tzijY0KhkgGzva8aeVjzZkMWIQ5tuimTDdOlf+NvDCPGWIvpDEB9n0ijxAwulBbwAcFqy6o3qbmwsGG2zc8Y4xXcpihWO6tEGrFcTV0oqzQ5/LH1JR33aD9kWG5/DHItqOGrK+BH0zwOQK0c/kP1yu78ufL"}
{"pseudonym": "cd1a3afeeac92cb813605e21e464de7db0ca53fa0190d3a1372a46f60ddd0712", "origin": "gr2SaDf3s/cR/+fQX89+eYe1AFVIwM8jaDJQMT8J15T5fQTsAr4RvZ1nzdhgFlVj1IC2Ol6AR678OQq9XI34fLocWqT5YMlEs9Pn1TeDgCHrcvjtiyd6c2XZUpzIKAn8POC0p9CBxHRL4edxz+5KHwpKQDEiJWO0N4MnlZBKy4SoEoq3SqZZe+DdnzLPXA2dIae8J9Bg/eQlsbI8mcRBcOdrb+35hjT0cohpxdRwQZbygnC+MiNz8KwKtyCjAmGNDLNdCeaa8Wyv47ENg/BsDnA1EKOwycG5H4YKlVfLGaxBiiesOvEN3ly7nwKZBSaefJzH6aYl/ZFBZmysL9om7PcDT/WDkdbL4OjpdZOD3eY="}
{"@timestamp": "2019-08-02T10:45:10.070Z", "@metadata": {"beat": "winlogbeat", "type": "_doc", "version": "7.2.0", "topic": "wineventlog_raw"}, "event": {"action": "Special Logon", "created": "2019-08-02T10:45:11.549Z", "kind": "event", "code": 4672}, "log": {"level": "information"}, "message": "Special privileges assigned to new logon.\n\nSubject:\n\tSecurity ID:\t\tS-1-5-18\n\tAccount Name:\t\tSYSTEM\n\tAccount Domain:\t\tNT AUTHORITY\n\tLogon ID:\t\t0x3e7\n\nPrivileges:\t\tSeAssignPrimaryTokenPrivilege\n\t\t\tSeTcbPrivilege\n\t\t\tSeSecurityPrivilege\n\t\t\tSeTakeOwnershipPrivilege\n\t\t\tSeLoadDriverPrivilege\n\t\t\tSeBackupPrivilege\n\t\t\tSeRestorePrivilege\n\t\t\tSeDebugPrivilege\n\t\t\tSeAuditPrivilege\n\t\t\tSeSystemEnvironmentPrivilege\n\t\t\tSeImpersonatePrivilege", "ecs": {"version": "1.0.0"}, "host": {"hostname": "CLIENT1", "architecture": "x86", "name": "CLIENT1", "os": {"platform": "windows", "version": "6.1", "family": "windows", "name": "Windows 7 Professional", "kernel": "6.1.7601.18741 (win7sp1_gdr.150202-1526)", "build": "7601.0"}, "id": "19fc45ac-5890-4f96-81b1-50ed111c0ce4"}, "agent": {"type": "winlogbeat", "ephemeral_id": "de845cd9-5141-4c92-ad32-27a4518307e9", "hostname": "CLIENT1", "id": "0b755aca-0a9a-454a-9800-1979901962a0", "version": "7.2.0"}, "winlog": {"provider_guid": "{54849625-5478-4994-A5BA-3E3B0328C30D}", "event_id": 4672, "record_id": 4716, "api": "wineventlog", "computer_name": "CLIENT1", "event_data": {"SubjectUserSid": "<pseudonym:cd1a3afeeac92cb813605e21e464de7db0ca53fa0190d3a1372a46f60ddd0712>", "SubjectUserName": "<pseudonym:387dddca7f9c9fa71c41295d7790d3bcd791cfe79b2dd4843551dfd0bf47acf2>", "SubjectDomainName": "NT AUTHORITY", "SubjectLogonId": "0x3e7", "PrivilegeList": "SeAssignPrimaryTokenPrivilege\n\t\t\tSeTcbPrivilege\n\t\t\tSeSecurityPrivilege\n\t\t\tSeTakeOwnershipPrivilege\n\t\t\tSeLoadDriverPrivilege\n\t\t\tSeBackupPrivilege\n\t\t\tSeRestorePrivilege\n\t\t\tSeDebugPrivilege\n\t\t\tSeAuditPrivilege\n\t\t\tSeSystemEnvironmentPrivilege\n\t\t\tSeImpersonatePrivilege"}, "channel": "Security", "opcode": "Info", "process": {"pid": 448, "thread": {"id": 1728}}, "keywords": ["Audit Success"], "provider_name": "Microsoft-Windows-Security-Auditing", "task": "Special Logon"}}
{"pseudonym": "e887f3a09fdddf7c81a563b81f90ed9499d86badaa6173d1aa197a2b544d13b1", "origin": "sfnpT3WT5K1fprtVXSfpiFZK5q965H9QY4rc5BVOLTwLEHVaeTzfip85XLXRWEuKYCDDZbEQGw4Leybj9xt5cGM+R3fcTgLoiEtpfLR9UEojHdRuknVLytysvCNseioLiVbVjwdi32eW+Af67kbuF9Mjq8M8PKPjyIDRRTzRIOVfzAfCTxYBvPIZBbu8VSWhXPaW9PFkBFoD12DkpmJSTqiATqslkeqBPyJ7rnQeHT/IlbRLKo+OSivXnYTpH7eDLH+WdOxX87d4L+7aFMMgFlFBdN2SJep3lI4AFnIVBwF2HQ3ojxfpHn9dcbWnzTT7mKpCdpsSKu+vvinIHzL0373/zEmAT3DYgXVV8rsRU1U="}
{"pseudonym": "cd1a3afeeac92cb813605e21e464de7db0ca53fa0190d3a1372a46f60ddd0712", "origin": "oqYgp1bVpFX9IVcbWvwKBwW7gJ1sHGit+FWKgFImoz6IOCEwEyTh7uEbJ9gh3FdmnxmrJbcNcBCWKMehUHyG9RICP2rL7XIA7r4KbBHSQZ23KbCllnsHD1sVaPSIb6SjrzRE8ATmpgQ57Cfwi3D68k/8v20gcjDg8j+OyXL+XzpeMGtIHzGVSWpltaFSlZ9nLBYKT5ijZKpOPsxkOtnxFfvZyK67ULSY6+IEVVEXOKv/sADoaiy/TBNBXapLrF7Hd19w/joJdMCrn2GrdfccJYy0WEolEEGyd0Rx7dYWrC6UNbwkhXfvl+egZ7kzgScraKhpc6kZ9S9uw1r7QridQV3caknib3sKjGO39ox45L4="}
{"@timestamp": "2019-08-02T11:40:02.024Z", "@metadata": {"beat": "winlogbeat", "type": "_doc", "version": "7.2.0", "topic": "wineventlog_raw"}, "message": "The system time was changed.\n\nSubject:\n\tSecurity ID:\t\tS-1-5-18\n\tAccount Name:\t\tCLIENT1$\n\tAccount Domain:\t\tWORKGROUP\n\tLogon ID:\t\t0x3e7\n\nProcess Information:\n\tProcess ID:\t0x5b4\n\tName:\t\tC:\\Program Files\\NetTime\\NetTimeService.exe\n\nPrevious Time:\t\t\u200e2019\u200e-\u200e08\u200e-\u200e02T11:40:02.586999600Z\nNew Time:\t\t\u200e2019\u200e-\u200e08\u200e-\u200e02T11:40:02.024000000Z\n\nThis event is generated when the system time is changed. It is normal for the Windows Time Service, which runs with System privilege, to change the system time on a regular basis. Other system time changes may be indicative of attempts to tamper with the computer.", "host": {"architecture": "x86", "name": "CLIENT1", "os": {"family": "windows", "name": "Windows 7 Professional", "kernel": "6.1.7601.18741 (win7sp1_gdr.150202-1526)", "build": "7601.0", "platform": "windows", "version": "6.1"}, "id": "19fc45ac-5890-4f96-81b1-50ed111c0ce4", "hostname": "CLIENT1"}, "agent": {"type": "winlogbeat", "ephemeral_id": "de845cd9-5141-4c92-ad32-27a4518307e9", "hostname": "CLIENT1", "id": "0b755aca-0a9a-454a-9800-1979901962a0", "version": "7.2.0"}, "ecs": {"version": "1.0.0"}, "winlog": {"channel": "Security", "opcode": "Info", "version": 1, "api": "wineventlog", "process": {"pid": 4, "thread": {"id": 60}}, "event_data": {"SubjectUserSid": "<pseudonym:cd1a3afeeac92cb813605e21e464de7db0ca53fa0190d3a1372a46f60ddd0712>", "SubjectUserName": "<pseudonym:e887f3a09fdddf7c81a563b81f90ed9499d86badaa6173d1aa197a2b544d13b1>", "SubjectDomainName": "WORKGROUP", "SubjectLogonId": "0x3e7", "PreviousTime": "2019-08-02T11:40:02.586999600Z", "NewTime": "2019-08-02T11:40:02.024000000Z", "ProcessId": "0x5b4", "ProcessName": "C:\\Program Files\\NetTime\\NetTimeService.exe"}, "event_id": 4616, "provider_name": "Microsoft-Windows-Security-Auditing", "keywords": ["Audit Success"], "record_id": 4727, "task": "Security State Change", "computer_name": "CLIENT1", "provider_guid": "{54849625-5478-4994-A5BA-3E3B0328C30D}"}, "event": {"created": "2019-08-02T11:40:02.274Z", "kind": "event", "code": 4616, "action": "Security State Change"}, "log": {"level": "information"}}
{"pseudonym": "cd1a3afeeac92cb813605e21e464de7db0ca53fa0190d3a1372a46f60ddd0712", "origin": "BegwSqVVlilM1hDPGKJ4mFqp3yWmfXIusZyr3Vdi77/UfxAOCdpHOjDJKjzIL82ay4sLQSLphg/edKqaRkGb/6Mqor8DGH6PgJsMB5vXN7ezaxSvhkc9hEUqz1vHI0d+pOySlawdHI5xpAyEXjjQO7YsfE2++aqLZ7CJc5a8gONh5t7K/c3EkgTMHectH9AlTkNJL9kQ49uKhqUkRUoK9+hO0OI1TuaUxIHKuKBCOwb7x+L9f5ZNe7+LkFI+iXaaKhiagCn1R5/CWfW73U/okTGxcDAY1JBZmUYKIOGmIzOlZc3291xYI75YH3TD61RXrCCrLA4NlwBQb1D8SrkGja5LRReiOsCic4tvRPHH4Ag="}
{"@timestamp": "2019-08-02T12:00:01.310Z", "@metadata": {"beat": "winlogbeat", "type": "_doc", "version": "7.2.0", "topic": "wineventlog_raw"}, "event": {"kind": "event", "code": 1, "created": "2019-08-02T12:00:02.313Z"}, "log": {"level": "information"}, "message": "The system time has changed to \u200e2019\u200e-\u200e08\u200e-\u200e02T12:00:01.310000000Z from \u200e2019\u200e-\u200e08\u200e-\u200e02T12:00:02.212110700Z.", "winlog": {"provider_guid": "{A68CA8B7-004F-D7B6-A698-07E2DE0F1F5D}", "user": {"name": "SYSTEM", "domain": "NT AUTHORITY", "type": "User", "identifier": "<pseudonym:cd1a3afeeac92cb813605e21e464de7db0ca53fa0190d3a1372a46f60ddd0712>"}, "task": "", "keywords": ["Time"], "opcode": "Info", "event_data": {"NewTime": "2019-08-02T12:00:01.310000000Z", "OldTime": "2019-08-02T12:00:02.212110700Z"}, "channel": "System", "api": "wineventlog", "computer_name": "CLIENT1", "provider_name": "Microsoft-Windows-Kernel-General", "record_id": 11816, "process": {"pid": 1460, "thread": {"id": 1504}}, "event_id": 1}, "ecs": {"version": "1.0.0"}, "host": {"hostname": "CLIENT1", "architecture": "x86", "name": "CLIENT1", "os": {"platform": "windows", "version": "6.1", "family": "windows", "name": "Windows 7 Professional", "kernel": "6.1.7601.18741 (win7sp1_gdr.150202-1526)", "build": "7601.0"}, "id": "19fc45ac-5890-4f96-81b1-50ed111c0ce4"}, "agent": {"hostname": "CLIENT1", "id": "0b755aca-0a9a-454a-9800-1979901962a0", "version": "7.2.0", "type": "winlogbeat", "ephemeral_id": "de845cd9-5141-4c92-ad32-27a4518307e9"}}
{"pseudonym": "e887f3a09fdddf7c81a563b81f90ed9499d86badaa6173d1aa197a2b544d13b1", "origin": "Et5Xg3bbzR/1Bs9J1CsYmAn6XdwMDqP6dsqlmAqa5kbVybZXMVeWHjYy7qUOkkCMOVlYEFnvyLHf1VttPyDY35YZQnpkLttCdaejQtOnbLZF45z2Ns5c9F6EtNnrsvqSk27r5oxmP93WK6usqN0S0aaSZe48peePYQpheA3SJRks5HOL4BQxeqlgw8qL1w5AEnLI4M5xU6exwUm6XyOORykbcQzW3UF+ax/StuV5+Fee3tT/bEVj6u8dNOE87d0UpOKh9po6crnssDBsEriThFf01j7FTg9KDcvnmcmNBRt6saUtos0wPE75//tLgpcvIDBwE38bd+kTEyFQ4Xp+bJ5tckfjFIWibcoItUxtSNs="}
{"pseudonym": "cd1a3afeeac92cb813605e21e464de7db0ca53fa0190d3a1372a46f60ddd0712", "origin": "oaCKPepsm8BkrtdHVlIsqV1G5QKtDI8SSmGOgCRgtUJPm4oLa+ctKezvq2CzVDw2EvHoP8n7tWmokRiPT8tGXTf1vNk4An1Yk1iFfOQKIp7Nmt2bpuhsnoDAbxCZA73femt3KtfTKaRzLecE8Xv0DJu1hf8d9nPHB55rXVjusy3wswfS0/vCJISJnP8JQ59hJABwSu4jtQlzAhev64G2tP/7ZkDEjT0CFMHVXZTutoP/AKI665c9p0ytjm4GlpAL0ZW1MCl3zvp5U3dZTUuuCKEg6T9LrKMK4YKoYJSkxsFemLCvYgC5cCqQ4Oqd4kf97Y6ex5SHd+M7EQgqB8aXGiL1dciYPiqY75TN3sS84wg="}
{"@timestamp": "2019-08-02T12:05:00.573Z", "@metadata": {"beat": "winlogbeat", "type": "_doc", "version": "7.2.0", "topic": "wineventlog_raw"}, "log": {"level": "information"}, "ecs": {"version": "1.0.0"}, "host": {"id": "19fc45ac-5890-4f96-81b1-50ed111c0ce4", "name": "CLIENT1", "hostname": "CLIENT1", "architecture": "x86", "os": {"version": "6.1", "family": "windows", "name": "Windows 7 Professional", "kernel": "6.1.7601.18741 (win7sp1_gdr.150202-1526)", "build": "7601.0", "platform": "windows"}}, "agent": {"id": "0b755aca-0a9a-454a-9800-1979901962a0", "version": "7.2.0", "type": "winlogbeat", "ephemeral_id": "de845cd9-5141-4c92-ad32-27a4518307e9", "hostname": "CLIENT1"}, "message": "The system time was changed.\n\nSubject:\n\tSecurity ID:\t\tS-1-5-18\n\tAccount Name:\t\tCLIENT1$\n\tAccount Domain:\t\tWORKGROUP\n\tLogon ID:\t\t0x3e7\n\nProcess Information:\n\tProcess ID:\t0x5b4\n\tName:\t\tC:\\Program Files\\NetTime\\NetTimeService.exe\n\nPrevious Time:\t\t\u200e2019\u200e-\u200e08\u200e-\u200e02T12:05:01.687984500Z\nNew Time:\t\t\u200e2019\u200e-\u200e08\u200e-\u200e02T12:05:00.573000000Z\n\nThis event is generated when the system time is changed. It is normal for the Windows Time Service, which runs with System privilege, to change the system time on a regular basis. Other system time changes may be indicative of attempts to tamper with the computer.", "winlog": {"record_id": 4732, "api": "wineventlog", "event_data": {"SubjectLogonId": "0x3e7", "PreviousTime": "2019-08-02T12:05:01.687984500Z", "NewTime": "2019-08-02T12:05:00.573000000Z", "ProcessId": "0x5b4", "ProcessName": "C:\\Program Files\\NetTime\\NetTimeService.exe", "SubjectUserSid": "<pseudonym:cd1a3afeeac92cb813605e21e464de7db0ca53fa0190d3a1372a46f60ddd0712>", "SubjectUserName": "<pseudonym:e887f3a09fdddf7c81a563b81f90ed9499d86badaa6173d1aa197a2b544d13b1>", "SubjectDomainName": "WORKGROUP"}, "opcode": "Info", "provider_guid": "{54849625-5478-4994-A5BA-3E3B0328C30D}", "version": 1, "event_id": 4616, "keywords": ["Audit Success"], "process": {"thread": {"id": 60}, "pid": 4}, "provider_name": "Microsoft-Windows-Security-Auditing", "computer_name": "CLIENT1", "channel": "Security", "task": "Security State Change"}, "event": {"created": "2019-08-02T12:05:02.918Z", "kind": "event", "code": 4616, "action": "Security State Change"}}
{"pseudonym": "cd1a3afeeac92cb813605e21e464de7db0ca53fa0190d3a1372a46f60ddd0712", "origin": "MW8ec3W2R5K/c873xvDxbBhfBnX9BmffRKMknwjKjDE3nhGPLUGnppvOoHm7hr+zP35wZfUvKckBqso6yCYfbX1JTAXfe/SKwUWLwRXjYUfaKJkH8QKI9D34pU85Fofpt+hpxxt9VrGLSv4yfipa1A6EfhTRFofX3nAhVYznJPSwcPrObWWLSgKPJUKUWVgBhEzy7wOfQaP97lnA6WSG43AQM++bS6mYRveJgEg/BamFYcLKJozsOgLV99PptvXIWBBWZhvxf+gisYSfGDrr63yPb3TZ+yOlRdssym2JIsNKfAntBvnoKYhV2ld3yxIcbnppLCPq6IMLsUYe17kQydgpqGfdOgk1B2VVb3YZWR0="}
{"@timestamp": "2019-08-02T12:55:01.117Z", "@metadata": {"beat": "winlogbeat", "type": "_doc", "version": "7.2.0", "topic": "wineventlog_raw"}, "winlog": {"computer_name": "CLIENT1", "event_data": {"NewTime": "2019-08-02T12:55:01.117000000Z", "OldTime": "2019-08-02T12:55:01.266075600Z"}, "event_id": 1, "provider_name": "Microsoft-Windows-Kernel-General", "keywords": ["Time"], "provider_guid": "{A68CA8B7-004F-D7B6-A698-07E2DE0F1F5D}", "channel": "System", "record_id": 11829, "process": {"pid": 1460, "thread": {"id": 1504}}, "task": "", "api": "wineventlog", "opcode": "Info", "user": {"domain": "NT AUTHORITY", "type": "User", "identifier": "<pseudonym:cd1a3afeeac92cb813605e21e464de7db0ca53fa0190d3a1372a46f60ddd0712>", "name": "SYSTEM"}}, "event": {"kind": "event", "code": 1, "created": "2019-08-02T12:55:02.150Z"}, "log": {"level": "information"}, "message": "The system time has changed to \u200e2019\u200e-\u200e08\u200e-\u200e02T12:55:01.117000000Z from \u200e2019\u200e-\u200e08\u200e-\u200e02T12:55:01.266075600Z.", "agent": {"id": "0b755aca-0a9a-454a-9800-1979901962a0", "version": "7.2.0", "type": "winlogbeat", "ephemeral_id": "de845cd9-5141-4c92-ad32-27a4518307e9", "hostname": "CLIENT1"}, "ecs": {"version": "1.0.0"}, "host": {"hostname": "CLIENT1", "architecture": "x86", "os": {"platform": "windows", "version": "6.1", "family": "windows", "name": "Windows 7 Professional", "kernel": "6.1.7601.18741 (win7sp1_gdr.150202-1526)", "build": "7601.0"}, "name": "CLIENT1", "id": "19fc45ac-5890-4f96-81b1-50ed111c0ce4"}}
