{"@timestamp": "2019-08-02T09:46:23.531Z", "@metadata": {"beat": "winlogbeat", "type": "_doc", "version": "7.2.0", "topic": "wineventlog_raw"}, "ecs": {"version": "1.0.0"}, "host": {"os": {"name": "Windows 7 Professional", "kernel": "6.1.7601.18741 (win7sp1_gdr.150202-1526)", "build": "7601.0", "platform": "windows", "version": "6.1", "family": "windows"}, "id": "19fc45ac-5890-4f96-81b1-50ed111c0ce4", "name": "CLIENT1", "hostname": "CLIENT1", "architecture": "x86"}, "agent": {"type": "winlogbeat", "ephemeral_id": "de845cd9-5141-4c92-ad32-27a4518307e9", "hostname": "CLIENT1", "id": "0b755aca-0a9a-454a-9800-1979901962a0", "version": "7.2.0"}, "winlog": {"event_data": {"param1": "Themes", "param2": "running", "Binary": "5400680065006D00650073002F0034000000"}, "provider_guid": "{555908d1-a6d7-4695-8e1e-26931d2012f4}", "event_id": 7036, "provider_name": "Service Control Manager", "computer_name": "CLIENT1", "api": "wineventlog", "keywords": ["Classic"], "record_id": 11600, "process": {"pid": 440, "thread": {"id": 520}}, "channel": "System", "task": ""}, "event": {"kind": "event", "code": 7036, "created": "2019-08-02T09:55:11.997Z"}, "log": {"level": "information"}, "message": "The Themes service entered the running state."}
{"@timestamp": "2019-08-02T09:46:24.187Z", "@metadata": {"beat": "winlogbeat", "type": "_doc", "version": "7.2.0", "topic": "wineventlog_raw"}, "winlog": {"api": "wineventlog", "record_id": 11605, "provider_guid": "{555908d1-a6d7-4695-8e1e-26931d2012f4}", "event_data": {"param1": "System Event Notification Service", "param2": "running", "Binary": "530045004E0053002F0034000000"}, "event_id": 7036, "task": "", "process": {"pid": 440, "thread": {"id": 520}}, "computer_name": "CLIENT1", "keywords": ["Classic"], "channel": "System", "provider_name": "Service Control Manager"}, "event": {"code": 7036, "created": "2019-08-02T09:55:11.997Z", "kind": "event"}, "log": {"level": "information"}, "message": "The System Event Notification Service service entered the running state.", "ecs": {"version": "1.0.0"}, "host": {"os": {"family": "windows", "name": "Windows 7 Professional", "kernel": "6.1.7601.18741 (win7sp1_gdr.150202-1526)", "build": "7601.0", "platform": "windows", "version": "6.1"}, "id": "19fc45ac-5890-4f96-81b1-50ed111c0ce4", "hostname": "CLIENT1", "name": "CLIENT1", "architecture": "x86"}, "agent": {"type": "winlogbeat", "ephemeral_id": "de845cd9-5141-4c92-ad32-27a4518307e9", "hostname": "CLIENT1", "id": "0b755aca-0a9a-454a-9800-1979901962a0", "version": "7.2.0"}}
{"@timestamp": "2019-08-02T09:46:26.515Z", "@metadata": {"beat": "winlogbeat", "type": "_doc", "version": "7.2.0", "topic": "wineventlog_raw"}, "winlog": {"channel": "System", "computer_name": "CLIENT1", "keywords": ["Classic"], "event_id": 7036, "provider_guid": "{555908d1-a6d7-4695-8e1e-26931d2012f4}", "process": {"pid": 440, "thread": {"id": 528}}, "event_data": {"param1": "DNS Client", "param2": "running", "Binary": "44006E007300630061006300680065002F0034000000"}, "provider_name": "Service Control Manager", "task": "", "api": "wineventlog", "record_id": 11611}, "event": {"kind": "event", "code": 7036, "created": "2019-08-02T09:55:11.998Z"}, "log": {"level": "information"}, "message": "The DNS Client service entered the running state.", "agent": {"version": "7.2.0", "type": "winlogbeat", "ephemeral_id": "de845cd9-5141-4c92-ad32-27a4518307e9", "hostname": "CLIENT1", "id": "0b755aca-0a9a-454a-9800-1979901962a0"}, "ecs": {"version": "1.0.0"}, "host": {"name": "CLIENT1", "os": {"kernel": "6.1.7601.18741 (win7sp1_gdr.150202-1526)", "build": "7601.0", "platform": "windows", "version": "6.1", "family": "windows", "name": "Windows 7 Professional"}, "id": "19fc45ac-5890-4f96-81b1-50ed111c0ce4", "hostname": "CLIENT1", "architecture": "x86"}}
{"@timestamp": "2019-08-02T09:49:07.904Z", "@metadata": {"beat": "winlogbeat", "type": "_doc", "version": "7.2.0", "topic": "wineventlog_raw"}, "ecs": {"version": "1.0.0"}, "host": {"architecture": "x86", "os": {"kernel": "6.1.7601.18741 (win7sp1_gdr.150202-1526)", "build": "7601.0", "platform": "windows", "version": "6.1", "family": "windows", "name": "Windows 7 Professional"}, "name": "CLIENT1", "id": "19fc45ac-5890-4f96-81b1-50ed111c0ce4", "hostname": "CLIENT1"}, "agent": {"ephemeral_id": "de845cd9-5141-4c92-ad32-27a4518307e9", "hostname": "CLIENT1", "id": "0b755aca-0a9a-454a-9800-1979901962a0", "version": "7.2.0", "type": "winlogbeat"}, "message": "The Windows Update service entered the running state.", "winlog": {"event_id": 7036, "keywords": ["Classic"], "process": {"pid": 440, "thread": {"id": 1792}}, "provider_name": "Service Control Manager", "record_id": 11654, "channel": "System", "api": "wineventlog", "event_data": {"param1": "Windows Update", "param2": "running", "Binary": "770075006100750073006500720076002F0034000000"}, "task": "", "computer_name": "CLIENT1", "provider_guid": "{555908d1-a6d7-4695-8e1e-26931d2012f4}"}, "event": {"created": "2019-08-02T09:55:12.089Z", "kind": "event", "code": 7036}, "log": {"level": "information"}}
{"@timestamp": "2019-08-02T09:53:59.376Z", "@metadata": {"beat": "winlogbeat", "type": "_doc", "version": "7.2.0", "topic": "wineventlog_raw"}, "log": {"level": "information"}, "message": "The Windows Update service entered the stopped state.", "ecs": {"version": "1.0.0"}, "host": {"name": "CLIENT1", "architecture": "x86", "os": {"version": "6.1", "family": "windows", "name": "Windows 7 Professional", "kernel": "6.1.7601.18741 (win7sp1_gdr.150202-1526)", "build": "7601.0", "platform": "windows"}, "id": "19fc45ac-5890-4f96-81b1-50ed111c0ce4", "hostname": "CLIENT1"}, "agent": {"type": "winlogbeat", "ephemeral_id": "de845cd9-5141-4c92-ad32-27a4518307e9", "hostname": "CLIENT1", "id": "0b755aca-0a9a-454a-9800-1979901962a0", "version": "7.2.0"}, "winlog": {"api": "wineventlog", "provider_guid": "{555908d1-a6d7-4695-8e1e-26931d2012f4}", "keywords": ["Classic"], "event_id": 7036, "record_id": 11663, "task": "", "event_data": {"param1": "Windows Update", "param2": "stopped", "Binary": "770075006100750073006500720076002F0031000000"}, "channel": "System", "provider_name": "Service Control Manager", "process": {"pid": 440, "thread": {"id": 3356}}, "computer_name": "CLIENT1"}, "event": {"created": "2019-08-02T09:55:12.089Z", "kind": "event", "code": 7036}}
{"@timestamp": "2019-08-02T09:54:01.876Z", "@metadata": {"beat": "winlogbeat", "type": "_doc", "version": "7.2.0", "topic": "wineventlog_raw"}, "winlog": {"keywords": ["Classic"], "provider_guid": "{555908d1-a6d7-4695-8e1e-26931d2012f4}", "event_data": {"param1": "Windows Media Player Network Sharing Service", "param2": "stopped", "Binary": "57004D0050004E006500740077006F0072006B005300760063002F0031000000"}, "provider_name": "Service Control Manager", "record_id": 11667, "computer_name": "CLIENT1", "process": {"thread": {"id": 4048}, "pid": 440}, "api": "wineventlog", "channel": "System", "event_id": 7036, "task": ""}, "event": {"kind": "event", "code": 7036, "created": "2019-08-02T09:55:12.089Z"}, "log": {"level": "information"}, "message": "The Windows Media Player Network Sharing Service service entered the stopped state.", "agent": {"ephemeral_id": "de845cd9-5141-4c92-ad32-27a4518307e9", "hostname": "CLIENT1", "id": "0b755aca-0a9a-454a-9800-1979901962a0", "version": "7.2.0", "type": "winlogbeat"}, "ecs": {"version": "1.0.0"}, "host": {"name": "CLIENT1", "os": {"platform": "windows", "version": "6.1", "family": "windows", "name": "Windows 7 Professional", "kernel": "6.1.7601.18741 (win7sp1_gdr.150202-1526)", "build": "7601.0"}, "id": "19fc45ac-5890-4f96-81b1-50ed111c0ce4", "hostname": "CLIENT1", "architecture": "x86"}}
{"@timestamp": "2019-08-02T09:54:22.357Z", "@metadata": {"beat": "winlogbeat", "type": "_doc", "version": "7.2.0", "topic": "wineventlog_raw"}, "winlog": {"event_data": {"param2": "stopped", "Binary": "50006F007700650072002F0031000000", "param1": "Power"}, "record_id": 11681, "task": "", "computer_name": "CLIENT1", "keywords": ["Classic"], "process": {"pid": 440, "thread": {"id": 2680}}, "provider_name": "Service Control Manager", "api": "wineventlog", "provider_guid": "{555908d1-a6d7-4695-8e1e-26931d2012f4}", "channel": "System", "event_id": 7036}, "event": {"created": "2019-08-02T09:55:12.090Z", "kind": "event", "code": 7036}, "log": {"level": "information"}, "message": "The Power service entered the stopped state.", "host": {"hostname": "CLIENT1", "architecture": "x86", "os": {"family": "windows", "name": "Windows 7 Professional", "kernel": "6.1.7601.18741 (win7sp1_gdr.150202-1526)", "build": "7601.0", "platform": "windows", "version": "6.1"}, "name": "CLIENT1", "id": "19fc45ac-5890-4f96-81b1-50ed111c0ce4"}, "agent": {"version": "7.2.0", "type": "winlogbeat", "ephemeral_id": "de845cd9-5141-4c92-ad32-27a4518307e9", "hostname": "CLIENT1", "id": "0b755aca-0a9a-454a-9800-1979901962a0"}, "ecs": {"version": "1.0.0"}}
{"@timestamp": "2019-08-02T09:54:24.615Z", "@metadata": {"beat": "winlogbeat", "type": "_doc", "version": "7.2.0", "topic": "wineventlog_raw"}, "agent": {"id": "0b755aca-0a9a-454a-9800-1979901962a0", "version": "7.2.0", "type": "winlogbeat", "ephemeral_id": "de845cd9-5141-4c92-ad32-27a4518307e9", "hostname": "CLIENT1"}, "log": {"level": "information"}, "message": "The IKE and AuthIP IPsec Keying Modules service entered the stopped state.", "winlog": {"provider_name": "Service Control Manager", "record_id": 11694, "api": "wineventlog", "provider_guid": "{555908d1-a6d7-4695-8e1e-26931d2012f4}", "process": {"pid": 440, "thread": {"id": 2680}}, "event_data": {"param1": "IKE and AuthIP IPsec Keying Modules", "param2": "stopped", "Binary": "49004B0045004500580054002F0031000000"}, "channel": "System", "event_id": 7036, "task": "", "computer_name": "CLIENT1", "keywords": ["Classic"]}, "event": {"kind": "event", "code": 7036, "created": "2019-08-02T09:55:12.090Z"}, "ecs": {"version": "1.0.0"}, "host": {"architecture": "x86", "os": {"name": "Windows 7 Professional", "kernel": "6.1.7601.18741 (win7sp1_gdr.150202-1526)", "build": "7601.0", "platform": "windows", "version": "6.1", "family": "windows"}, "id": "19fc45ac-5890-4f96-81b1-50ed111c0ce4", "name": "CLIENT1", "hostname": "CLIENT1"}}
{"@timestamp": "2019-08-02T09:54:55.562Z", "@metadata": {"beat": "winlogbeat", "type": "_doc", "version": "7.2.0", "topic": "wineventlog_raw"}, "host": {"id": "19fc45ac-5890-4f96-81b1-50ed111c0ce4", "hostname": "CLIENT1", "architecture": "x86", "os": {"version": "6.1", "family": "windows", "name": "Windows 7 Professional", "kernel": "6.1.7601.18741 (win7sp1_gdr.150202-1526)", "build": "7601.0", "platform": "windows"}, "name": "CLIENT1"}, "agent": {"id": "0b755aca-0a9a-454a-9800-1979901962a0", "version": "7.2.0", "type": "winlogbeat", "ephemeral_id": "de845cd9-5141-4c92-ad32-27a4518307e9", "hostname": "CLIENT1"}, "winlog": {"provider_guid": "{555908d1-a6d7-4695-8e1e-26931d2012f4}", "event_id": 7036, "provider_name": "Service Control Manager", "task": "", "computer_name": "CLIENT1", "record_id": 11708, "keywords": ["Classic"], "process": {"pid": 440, "thread": {"id": 528}}, "event_data": {"param2": "running", "Binary": "440063006F006D004C00610075006E00630068002F0034000000", "param1": "DCOM Server Process Launcher"}, "channel": "System", "api": "wineventlog"}, "event": {"kind": "event", "code": 7036, "created": "2019-08-02T09:55:12.091Z"}, "log": {"level": "information"}, "message": "The DCOM Server Process Launcher service entered the running state.", "ecs": {"version": "1.0.0"}}
{"@timestamp": "2019-08-02T09:55:02.015Z", "@metadata": {"beat": "winlogbeat", "type": "_doc", "version": "7.2.0", "topic": "wineventlog_raw"}, "winlog": {"provider_guid": "{555908d1-a6d7-4695-8e1e-26931d2012f4}", "event_data": {"param1": "Diagnostic Policy Service", "param2": "running", "Binary": "4400500053002F0034000000"}, "computer_name": "CLIENT1", "channel": "System", "event_id": 7036, "task": "", "api": "wineventlog", "keywords": ["Classic"], "process": {"pid": 440, "thread": {"id": 528}}, "provider_name": "Service Control Manager", "record_id": 11735}, "event": {"created": "2019-08-02T09:55:12.092Z", "kind": "event", "code": 7036}, "log": {"level": "information"}, "message": "The Diagnostic Policy Service service entered the running state.", "host": {"os": {"platform": "windows", "version": "6.1", "family": "windows", "name": "Windows 7 Professional", "kernel": "6.1.7601.18741 (win7sp1_gdr.150202-1526)", "build": "7601.0"}, "id": "19fc45ac-5890-4f96-81b1-50ed111c0ce4", "name": "CLIENT1", "hostname": "CLIENT1", "architecture": "x86"}, "agent": {"id": "0b755aca-0a9a-454a-9800-1979901962a0", "version": "7.2.0", "type": "winlogbeat", "ephemeral_id": "de845cd9-5141-4c92-ad32-27a4518307e9", "hostname": "CLIENT1"}, "ecs": {"version": "1.0.0"}}
{"pseudonym": "91d121bc503735a145e0e9869d792d26f6b22784210a0daf5b63840be2abf69a", "origin": "MYbv0dO1nAtNTYhCA8Vvi49KDm45FpmPGukInqMBRtDZ3E+ETymqt2WdE8Z9a1kkCTgJn5eiha729o0qv+TqzNc0Mb5vmbGxcywjCyNA5xYWKlrb6SO2DodUoArSKqXZmSAYwCvXDEW9wrnpM1xnfl0zUYRtjGRdH5c2JtiQtvamFK456mkbiAejXf3PERSenuN4B8fS44tPee5Bju162//kyY2mkjTikM3Vq5lu8NTiUcHLGF7TEmHHDfpOX0y5uXm+WdauwD8rN0moBZKMFU+7Lw3oD0CLvKq3cdCp3Z4I+lJhVWoy1ueiC5d/P+6lPo6I4D+wtEOEp3LcEIlmb3tvaJMs+WMaaQ=="}
{"pseudonym": "387dddca7f9c9fa71c41295d7790d3bcd791cfe79b2dd4843551dfd0bf47acf2", "origin": "IXl0elA66hsZuqfETTiVWvVxyNls9W3dS/De66Rq5u2PVNvcknT/c5qEsKYo5L4r9l98R6i7PxGfBTN/YSpwFOSZOHVz/45bSTEFSF9UOxiCH3lSSlkaVu1Z9nZzYhuscel/zpiUTpWh7zEByUz9VO4mQZr9RoXHB0CkVojVTnxA7ALhr6YaBA+LI8nBsFCgx9OvKBWGqKVA9BUxD4cCAe9neofb9S7Lqf5cUrEFs2RmSKg+iweKvuX0xrlvB6BF42EgivyN2AXGeFDtt21dVi3W7TofUvIA4OKfV9ZYxsvDwqJLbfsGPEJtRuINzC9mAuB8PnvOYuA937rgL1LZU6fFXp+xveH165fauULZ"}
{"pseudonym": "23248c71f7404e59aa79c6213a048486a57db314bcd3c62428d54a30e0d5a409", "origin": "lMLUB1GG2Ihz02IRmHvOSkm3H3zA64QFi0hVRu8UWPPrbkYb8K4Jbccf6ucHfMjkXepq/GFyi68rd89tvUy3cZ5S5YdQTfDoNivhdgikKGDTM3vQ0tsXos0pEFuZmNIaX9Fov6zalx4hdJ9MpOt9B0eG/0dfI2R+DtAfj1hwNWutDx0djEjvxnvbG3b3Y8plkl0PQyBJ8kHubYZa8BEPPLBPnSyf5p6TSAMjymisXAAxnm7GR00s3EkGIe5YA8W863Q+1RwxrNp4DYW7mcUUAgVQTLqD8zpJ3vd/AeaAZ/RowktNRqHCD90dFTMaXguPy6WSWWcnVrv4/e/mPWVerWZtVXnc299yL3XUzx+ZKQ=="}
{"pseudonym": "91d121bc503735a145e0e9869d792d26f6b22784210a0daf5b63840be2abf69a", "origin": "sf8Nc7Fcbbcb5K+2mmG+3cXItqdNPvfvJa0tZqFL1fLpqc5Qd9xzismNXPOlAnf4lwT4qVCUqZMKZJ/8Kk9sxQvuAHv4mULo57Qred8zyL3E7uf4vPeSre7TG7gjUVvWqR67qQFUKylhiG/WHq2D5Dq5dHlUy5St2V+UhM6j2W0H0Del26FsNTt9pDBvq1/JyyKTzVaQZCvviktgpAlBKhyZPEMFdS9p6uzv5ufqNzSSFoAZwRmMnsEQZW7dIgIwfL65SrTyjU45lATAV0mUDMzqhHiFH/K5itU1b/i+0N/Ms3MKHi/XNc6F48lETULb16Jqbb7IhqwMFOtL6LS7usM6UKR7vRme9g=="}
{"@timestamp": "2019-08-02T09:46:16.671Z", "@metadata": {"beat": "winlogbeat", "type": "_doc", "version": "7.2.0", "topic": "wineventlog_raw"}, "ecs": {"version": "1.0.0"}, "event": {"action": "Logon", "created": "2019-08-02T09:55:11.925Z", "kind": "event", "code": 4624, "category": "authentication", "type": "authentication_success"}, "message": "An account was successfully logged on.\n\nSubject:\n\tSecurity ID:\t\tS-1-0-0\n\tAccount Name:\t\t-\n\tAccount Domain:\t\t-\n\tLogon ID:\t\t0x0\n\nLogon Type:\t\t\t0\n\nNew Logon:\n\tSecurity ID:\t\tS-1-5-18\n\tAccount Name:\t\tSYSTEM\n\tAccount Domain:\t\tNT AUTHORITY\n\tLogon ID:\t\t0x3e7\n\tLogon GUID:\t\t{00000000-0000-0000-0000-000000000000}\n\nProcess Information:\n\tProcess ID:\t\t0x4\n\tProcess Name:\t\t\n\nNetwork Information:\n\tWorkstation Name:\t-\n\tSource Network Address:\t-\n\tSource Port:\t\t-\n\nDetailed Authentication Information:\n\tLogon Process:\t\t-\n\tAuthentication Package:\t-\n\tTransited Services:\t-\n\tPackage Name (NTLM only):\t-\n\tKey Length:\t\t0\n\nThis event is generated when a logon session is created. It is generated on the computer that was accessed.\n\nThe subject fields indicate the account on the local system which requested the logon. This is most commonly a service such as the Server service, or a local process such as Winlogon.exe or Services.exe.\n\nThe logon type field indicates the kind of logon that occurred. The most common types are 2 (interactive) and 3 (network).\n\nThe New Logon fields indicate the account for whom the new logon was created, i.e. the account that was logged on.\n\nThe network fields indicate where a remote logon request originated. Workstation name is not always available and may be left blank in some cases.\n\nThe authentication information fields provide detailed information about this specific logon request.\n\t- Logon GUID is a unique identifier that can be used to correlate this event with a KDC event.\n\t- Transited services indicate which intermediate services have participated in this logon request.\n\t- Package name indicates which sub-protocol was used among the NTLM protocols.\n\t- Key length indicates the length of the generated session key. This will be 0 if no session key was requested.", "user": {"id": "S-1-5-18", "name": "<pseudonym:387dddca7f9c9fa71c41295d7790d3bcd791cfe79b2dd4843551dfd0bf47acf2>", "domain": "NT AUTHORITY"}, "source": {"domain": "-"}, "host": {"hostname": "CLIENT1", "architecture": "x86", "name": "CLIENT1", "os": {"platform": "windows", "version": "6.1", "family": "windows", "name": "Windows 7 Professional", "kernel": "6.1.7601.18741 (win7sp1_gdr.150202-1526)", "build": "7601.0"}, "id": "19fc45ac-5890-4f96-81b1-50ed111c0ce4"}, "agent": {"hostname": "CLIENT1", "id": "0b755aca-0a9a-454a-9800-1979901962a0", "version": "7.2.0", "type": "winlogbeat", "ephemeral_id": "de845cd9-5141-4c92-ad32-27a4518307e9"}, "winlog": {"event_id": 4624, "computer_name": "CLIENT1", "opcode": "Info", "channel": "Security", "provider_name": "Microsoft-Windows-Security-Auditing", "record_id": 4641, "api": "wineventlog", "keywords": ["Audit Success"], "provider_guid": "{54849625-5478-4994-A5BA-3E3B0328C30D}", "task": "Logon", "process": {"pid": 448, "thread": {"id": 452}}, "event_data": {"IpAddress": "<pseudonym:91d121bc503735a145e0e9869d792d26f6b22784210a0daf5b63840be2abf69a>", "IpPort": "-", "LogonGuid": "{00000000-0000-0000-0000-000000000000}", "SubjectUserSid": "<pseudonym:23248c71f7404e59aa79c6213a048486a57db314bcd3c62428d54a30e0d5a409>", "LogonType": "0", "LogonProcessName": "-", "TargetLogonId": "0x3e7", "LmPackageName": "-", "KeyLength": "0", "SubjectLogonId": "0x0", "TransmittedServices": "-", "SubjectUserName": "<pseudonym:91d121bc503735a145e0e9869d792d26f6b22784210a0daf5b63840be2abf69a>", "AuthenticationPackageName": "-", "SubjectDomainName": "-"}}, "log": {"level": "information"}, "process": {"pid": 4, "name": "null"}}
{"pseudonym": "cd1a3afeeac92cb813605e21e464de7db0ca53fa0190d3a1372a46f60ddd0712", "origin": "pLbq72mlwkepcXBj1YB/T/qSS5C/C3p02dbABHo6h/YZnfbSqnLNv8PB0RmrQ2OtTwSQYITZPPSSRgoDGXTX0Z0V86FNYzIFyDLu8h7vGl2+m4AsJL1C7r76X0XDO+yPOhau+EZ0JUqLCOUECw89jDo0TXIaUA+i/OC9QMuWGTSr1X2aLhq3OZ3S+Dh0ajbn4Ttft1ud6RItzMh9syrdbcFr/d4p3rjFGj8+WTbdGf8SrLzdZu9jSr1eX9KaAAP88Esrw888l+iwnJiWAyWON0fcU766VPYOLMPgWDqzBeUYJOK9UmqyAPMkbkdlcAPp3CnENwk4Z686L0oT92ZsTKHaQuzmwEgWt14CQqolDS8="}
{"@timestamp": "2019-08-02T09:46:57.144Z", "@metadata": {"beat": "winlogbeat", "type": "_doc", "version": "7.2.0", "topic": "wineventlog_raw"}, "ecs": {"version": "1.0.0"}, "host": {"hostname": "CLIENT1", "name": "CLIENT1", "architecture": "x86", "os": {"platform": "windows", "version": "6.1", "family": "windows", "name": "Windows 7 Professional", "kernel": "6.1.7601.18741 (win7sp1_gdr.150202-1526)", "build": "7601.0"}, "id": "19fc45ac-5890-4f96-81b1-50ed111c0ce4"}, "agent": {"type": "winlogbeat", "ephemeral_id": "de845cd9-5141-4c92-ad32-27a4518307e9", "hostname": "CLIENT1", "id": "0b755aca-0a9a-454a-9800-1979901962a0", "version": "7.2.0"}, "winlog": {"user": {"name": "SYSTEM", "domain": "NT AUTHORITY", "type": "User", "identifier": "<pseudonym:cd1a3afeeac92cb813605e21e464de7db0ca53fa0190d3a1372a46f60ddd0712>"}, "task": "", "api": "wineventlog", "computer_name": "CLIENT1", "opcode": "Info", "event_id": 5617, "provider_name": "Microsoft-Windows-WMI", "provider_guid": "{1EDEEE53-0AFE-4609-B846-D8C0B2075B1F}", "process": {"thread": {"id": 1664}, "pid": 772}, "channel": "Application", "record_id": 2906, "version": 2}, "event": {"kind": "event", "code": 5617, "created": "2019-08-02T09:55:12.181Z"}, "log": {"level": "information"}, "message": "Windows Management Instrumentation Service subsystems initialized successfully"}
{"@timestamp": "2019-08-02T09:47:42.000Z", "@metadata": {"beat": "winlogbeat", "type": "_doc", "version": "7.2.0", "topic": "wineventlog_raw"}, "log": {"level": "information"}, "message": "Windows (2032) Windows: The database engine has successfully completed recovery steps.", "winlog": {"event_id": 302, "provider_name": "ESENT", "record_id": 2913, "opcode": "Info", "event_data": {"param1": "Windows", "param2": "2032", "param3": "Windows: "}, "computer_name": "CLIENT1", "channel": "Application", "task": "Logging/Recovery", "api": "wineventlog", "keywords": ["Classic"]}, "event": {"code": 302, "action": "Logging/Recovery", "created": "2019-08-02T09:55:12.182Z", "kind": "event"}, "host": {"os": {"name": "Windows 7 Professional", "kernel": "6.1.7601.18741 (win7sp1_gdr.150202-1526)", "build": "7601.0", "platform": "windows", "version": "6.1", "family": "windows"}, "id": "19fc45ac-5890-4f96-81b1-50ed111c0ce4", "name": "CLIENT1", "hostname": "CLIENT1", "architecture": "x86"}, "agent": {"ephemeral_id": "de845cd9-5141-4c92-ad32-27a4518307e9", "hostname": "CLIENT1", "id": "0b755aca-0a9a-454a-9800-1979901962a0", "version": "7.2.0", "type": "winlogbeat"}, "ecs": {"version": "1.0.0"}}
{"pseudonym": "e887f3a09fdddf7c81a563b81f90ed9499d86badaa6173d1aa197a2b544d13b1", "origin": "o2LMGAg90SsABQ2XkZYFlVT/+5W3Jca6n8CiPJorIs6mUtzTwKVZdK7MN8WY0/cPjpDa0c/hd/xDAficWTWJHKE1pS6xujq5PgORoZRUtkv4SXDvR7G77Zl/XdMXBqTfcFZo0oD3RkKt+vjU+gwvcizzTnUlEiYlmpGmsQRAejzASfRPMSl+qajrF8c99HPL9RRE5w32OJ3sSJ0XKLG5KnWsZ8tJ+lpgTH0NghF6YvdhwZQPPvMMjl38Ws2qywsH50TUQyvcuz/dnk2zW2991M0y7w6HxzE2qoW97PSdSKQ1wxOzV56BcHqf7OqW9KsZvQ6gZ2jMr5qPdKJ+/dLBGPrz42qefQ9xY3nweJwaJ1s="}
{"pseudonym": "39594bac43459d3d48dcd9d2ed9f617e6235f0bd79fb35ed6274e27347ba11c4", "origin": "lPUfHVUJTe8rZrJAvyej/wKbI02tytN1KgKSoRTF5/7hgwmYTGnUJJbxw8YX53AYcWTJpX0srSfQFxS+mILAsbUz6Jsov4yp6ZLcNBbC91i7vtZbwwxAEbnuTJ2Rk1wYwggrqDMZUaJzyTG/stGSJSF0wiK27RDP3q2OUmueC67fG66sR4KSxhoRkh87qvhV5d9raJI6N+e5aoCSAo+k4rY+5sdEczz7N7bPbNoLYyuaQWYX1GBydv5ylGgVbmREgF7klHKD2yprg1i65OphJKnJwzH9yYx4KjdgK+pLntZk1T94I+V5v943rv6qmmP7n2sPoj94/be4WU/JrFYHa3OVPjXuJQEg9g5ONLAazwtbxG06FzDR"}
{"pseudonym": "cd1a3afeeac92cb813605e21e464de7db0ca53fa0190d3a1372a46f60ddd0712", "origin": "aPx+nWtdzlDCxE4SqWaG/8Roq5UiWOo9/b7+Dt/g3dZ74QbgoN9oGxvO2AHwKcpbjImduN2tbdHaerZenoktSmbJgqmqg9gGINWw6/4QAL2nMvL5tTbRZon+PTaf6R70aD9SDVZh8/X3xd83Z6ljQjwLNRSAT1Ij6BIKGizwuWrV8c6eIzCNfNDE1Rd8C5nsFrq++iQOd6ctdCPMWhp07/JFnwifEukMeP2Rq43xntqOZXVLGsz63c9mcgeF738RDEUVQ3hpXokVXRK1pWxwBRTuQzGhSVN0yRi59Bv872NivsUARTVWkhbmF/bX2OpOponILf5nCFXS0YJwBx3sMpR45sZCxTrgD6TADO01aAA="}
{"pseudonym": "91d121bc503735a145e0e9869d792d26f6b22784210a0daf5b63840be2abf69a", "origin": "Q4TBfAeoMNmPrGBgi8MqICBn6tZqBvCy1+zi13sv63fUBT4yfcuE6S8DUDJhEGndHljZzGuQfaspRlf7/kQiv05PXtnoHxVHT1afDPJbb0so4sgsIMJwWL1vuDrQ4QSziYnxZcjTjkSLkNkdsWIK+BQIbiLqmSTSfrwqwTpTb97b/2Mwj0LhVyME7UFZrn9lhNIdSUK14NxCj6CCRry5liFm88ZDCy89alKrHF71h0g6H99uAZKm4saaGAzPUZrUnpsFYpYgbGdg0FMxSDYu2gRCMZTQiL7NE1sQvl9cKDihy55+BnsHKMmsnKYDrkpJG5C4wfRJPkvXEkQNXlIjsdhd0grW7Iohwg=="}
{"@timestamp": "2019-08-02T09:54:55.453Z", "@metadata": {"beat": "winlogbeat", "type": "_doc", "version": "7.2.0", "topic": "wineventlog_raw"}, "event": {"category": "authentication", "type": "authentication_success", "code": 4624, "action": "Logon", "created": "2019-08-02T09:55:12.184Z", "kind": "event"}, "log": {"level": "information"}, "message": "An account was successfully logged on.\n\nSubject:\n\tSecurity ID:\t\tS-1-5-18\n\tAccount Name:\t\tCLIENT1$\n\tAccount Domain:\t\tWORKGROUP\n\tLogon ID:\t\t0x3e7\n\nLogon Type:\t\t\t5\n\nNew Logon:\n\tSecurity ID:\t\tS-1-5-20\n\tAccount Name:\t\tNETWORK SERVICE\n\tAccount Domain:\t\tNT AUTHORITY\n\tLogon ID:\t\t0x3e4\n\tLogon GUID:\t\t{00000000-0000-0000-0000-000000000000}\n\nProcess Information:\n\tProcess ID:\t\t0x1b8\n\tProcess Name:\t\tC:\\Windows\\System32\\services.exe\n\nNetwork Information:\n\tWorkstation Name:\t\n\tSource Network Address:\t-\n\tSource Port:\t\t-\n\nDetailed Authentication Information:\n\tLogon Process:\t\tAdvapi  \n\tAuthentication Package:\tNegotiate\n\tTransited Services:\t-\n\tPackage Name (NTLM only):\t-\n\tKey Length:\t\t0\n\nThis event is generated when a logon session is created. It is generated on the computer that was accessed.\n\nThe subject fields indicate the account on the local system which requested the logon. This is most commonly a service such as the Server service, or a local process such as Winlogon.exe or Services.exe.\n\nThe logon type field indicates the kind of logon that occurred. The most common types are 2 (interactive) and 3 (network).\n\nThe New Logon fields indicate the account for whom the new logon was created, i.e. the account that was logged on.\n\nThe network fields indicate where a remote logon request originated. Workstation name is not always available and may be left blank in some cases.\n\nThe authentication information fields provide detailed information about this specific logon request.\n\t- Logon GUID is a unique identifier that can be used to correlate this event with a KDC event.\n\t- Transited services indicate which intermediate services have participated in this logon request.\n\t- Package name indicates which sub-protocol was used among the NTLM protocols.\n\t- Key length indicates the length of the generated session key. This will be 0 if no session key was requested.", "user": {"id": "S-1-5-20", "name": "<pseudonym:39594bac43459d3d48dcd9d2ed9f617e6235f0bd79fb35ed6274e27347ba11c4>", "domain": "NT AUTHORITY"}, "agent": {"ephemeral_id": "de845cd9-5141-4c92-ad32-27a4518307e9", "hostname": "CLIENT1", "id": "0b755aca-0a9a-454a-9800-1979901962a0", "version": "7.2.0", "type": "winlogbeat"}, "host": {"id": "19fc45ac-5890-4f96-81b1-50ed111c0ce4", "hostname": "CLIENT1", "architecture": "x86", "name": "CLIENT1", "os": {"kernel": "6.1.7601.18741 (win7sp1_gdr.150202-1526)", "build": "7601.0", "platform": "windows", "version": "6.1", "family": "windows", "name": "Windows 7 Professional"}}, "winlog": {"opcode": "Info", "process": {"pid": 448, "thread": {"id": 512}}, "record_id": 4676, "task": "Logon", "api": "wineventlog", "event_id": 4624, "provider_name": "Microsoft-Windows-Security-Auditing", "keywords": ["Audit Success"], "provider_guid": "{54849625-5478-4994-A5BA-3E3B0328C30D}", "channel": "Security", "computer_name": "CLIENT1", "event_data": {"IpAddress": "<pseudonym:91d121bc503735a145e0e9869d792d26f6b22784210a0daf5b63840be2abf69a>", "SubjectUserName": "<pseudonym:e887f3a09fdddf7c81a563b81f90ed9499d86badaa6173d1aa197a2b544d13b1>", "LmPackageName": "-", "LogonGuid": "{00000000-0000-0000-0000-000000000000}", "SubjectUserSid": "<pseudonym:cd1a3afeeac92cb813605e21e464de7db0ca53fa0190d3a1372a46f60ddd0712>", "IpPort": "-", "SubjectLogonId": "0x3e7", "LogonProcessName": "Advapi  ", "LogonType": "5", "KeyLength": "0", "SubjectDomainName": "WORKGROUP", "TargetLogonId": "0x3e4", "AuthenticationPackageName": "Negotiate", "TransmittedServices": "-"}}, "ecs": {"version": "1.0.0"}, "process": {"pid": 440, "executable": "C:\\Windows\\System32\\services.exe", "name": "services.exe"}}
{"@timestamp": "2019-08-02T09:55:11.475Z", "@metadata": {"beat": "winlogbeat", "type": "_doc", "version": "7.2.0", "topic": "wineventlog_raw"}, "event": {"kind": "event", "code": 7036, "created": "2019-08-02T09:55:14.114Z"}, "log": {"level": "information"}, "message": "The Diagnostic Service Host service entered the running state.", "ecs": {"version": "1.0.0"}, "host": {"name": "CLIENT1", "architecture": "x86", "os": {"platform": "windows", "version": "6.1", "family": "windows", "name": "Windows 7 Professional", "kernel": "6.1.7601.18741 (win7sp1_gdr.150202-1526)", "build": "7601.0"}, "id": "19fc45ac-5890-4f96-81b1-50ed111c0ce4", "hostname": "CLIENT1"}, "agent": {"type": "winlogbeat", "ephemeral_id": "de845cd9-5141-4c92-ad32-27a4518307e9", "hostname": "CLIENT1", "id": "0b755aca-0a9a-454a-9800-1979901962a0", "version": "7.2.0"}, "winlog": {"event_id": 7036, "provider_name": "Service Control Manager", "record_id": 11752, "process": {"pid": 440, "thread": {"id": 1796}}, "computer_name": "CLIENT1", "provider_guid": "{555908d1-a6d7-4695-8e1e-26931d2012f4}", "event_data": {"param1": "Diagnostic Service Host", "param2": "running", "Binary": "570064006900530065007200760069006300650048006F00730074002F0034000000"}, "channel": "System", "task": "", "keywords": ["Classic"], "api": "wineventlog"}}
{"@timestamp": "2019-08-02T09:55:37.000Z", "@metadata": {"beat": "winlogbeat", "type": "_doc", "version": "7.2.0", "topic": "wineventlog_raw"}, "winlog": {"record_id": 2935, "task": "", "api": "wineventlog", "computer_name": "CLIENT1", "event_data": {"param1": "6.1.7601.17514"}, "channel": "Application", "provider_name": "Microsoft-Windows-Security-SPP", "keywords": ["Classic"], "event_id": 902, "provider_guid": "{E23B33B0-C8C9-472C-A5F9-F2BDFEA0F156}"}, "event": {"kind": "event", "code": 902, "created": "2019-08-02T09:55:38.340Z"}, "log": {"level": "information"}, "message": "The Software Protection service has started.\n6.1.7601.17514", "host": {"name": "CLIENT1", "architecture": "x86", "os": {"family": "windows", "name": "Windows 7 Professional", "kernel": "6.1.7601.18741 (win7sp1_gdr.150202-1526)", "build": "7601.0", "platform": "windows", "version": "6.1"}, "id": "19fc45ac-5890-4f96-81b1-50ed111c0ce4", "hostname": "CLIENT1"}, "agent": {"hostname": "CLIENT1", "id": "0b755aca-0a9a-454a-9800-1979901962a0", "version": "7.2.0", "type": "winlogbeat", "ephemeral_id": "de845cd9-5141-4c92-ad32-27a4518307e9"}, "ecs": {"version": "1.0.0"}}
{"@timestamp": "2019-08-02T09:57:35.539Z", "@metadata": {"beat": "winlogbeat", "type": "_doc", "version": "7.2.0", "topic": "wineventlog_raw"}, "log": {"level": "information"}, "message": "The Portable Device Enumerator Service service entered the stopped state.", "ecs": {"version": "1.0.0"}, "host": {"hostname": "CLIENT1", "architecture": "x86", "os": {"build": "7601.0", "platform": "windows", "version": "6.1", "family": "windows", "name": "Windows 7 Professional", "kernel": "6.1.7601.18741 (win7sp1_gdr.150202-1526)"}, "id": "19fc45ac-5890-4f96-81b1-50ed111c0ce4", "name": "CLIENT1"}, "agent": {"hostname": "CLIENT1", "id": "0b755aca-0a9a-454a-9800-1979901962a0", "version": "7.2.0", "type": "winlogbeat", "ephemeral_id": "de845cd9-5141-4c92-ad32-27a4518307e9"}, "winlog": {"provider_name": "Service Control Manager", "event_data": {"Binary": "57005000440042007500730045006E0075006D002F0031000000", "param1": "Portable Device Enumerator Service", "param2": "stopped"}, "event_id": 7036, "keywords": ["Classic"], "provider_guid": "{555908d1-a6d7-4695-8e1e-26931d2012f4}", "computer_name": "CLIENT1", "process": {"pid": 440, "thread": {"id": 3548}}, "channel": "System", "task": "", "record_id": 11774, "api": "wineventlog"}, "event": {"kind": "event", "code": 7036, "created": "2019-08-02T09:57:38.183Z"}}
{"pseudonym": "cd1a3afeeac92cb813605e21e464de7db0ca53fa0190d3a1372a46f60ddd0712", "origin": "XCm+4md86aAsYKxKBaBuvcSaa9S3AeiWhteMIrx6sPRfjqq+/N8p21y7z30mfWM1Y8O89LdFOTQC77fssURi1O+u/aW4MB0Lm6XHqBZWjc/I0E8wxNMO+jhMxFQ61iNa9A5efx7ZzaEun31Ou4vLfMwGmYdlrSak9XbfE57eH1D+w4rfvm2GNGhc2BC1amMfVcmQvCQFGWtFSho87PeeT6AmDcyk5+C+W1p79ncECpBPkh/xJioRGtMDP+azacmYEVSEikd2Vm6l+mcqF2mFlS8dOBO8m+i4mSq2Xgig4Uif6l12n26nrL9fdyddAsZ7GjQlK6OMydipl0TXHEhoonrnL3ViF7G5R2ktTELob/w="}
{"@timestamp": "2019-08-02T11:35:02.135Z", "@metadata": {"beat": "winlogbeat", "type": "_doc", "version": "7.2.0", "topic": "wineventlog_raw"}, "message": "The system time has changed to \u200e2019\u200e-\u200e08\u200e-\u200e02T11:35:02.135000000Z from \u200e2019\u200e-\u200e08\u200e-\u200e02T11:35:02.852487300Z.", "winlog": {"opcode": "Info", "provider_guid": "{A68CA8B7-004F-D7B6-A698-07E2DE0F1F5D}", "channel": "System", "user": {"name": "SYSTEM", "domain": "NT AUTHORITY", "type": "User", "identifier": "<pseudonym:cd1a3afeeac92cb813605e21e464de7db0ca53fa0190d3a1372a46f60ddd0712>"}, "record_id": 11811, "api": "wineventlog", "event_data": {"NewTime": "2019-08-02T11:35:02.135000000Z", "OldTime": "2019-08-02T11:35:02.852487300Z"}, "task": "", "provider_name": "Microsoft-Windows-Kernel-General", "computer_name": "CLIENT1", "keywords": ["Time"], "process": {"pid": 1460, "thread": {"id": 1504}}, "event_id": 1}, "event": {"code": 1, "created": "2019-08-02T11:35:03.135Z", "kind": "event"}, "log": {"level": "information"}, "ecs": {"version": "1.0.0"}, "host": {"id": "19fc45ac-5890-4f96-81b1-50ed111c0ce4", "name": "CLIENT1", "hostname": "CLIENT1", "architecture": "x86", "os": {"name": "Windows 7 Professional", "kernel": "6.1.7601.18741 (win7sp1_gdr.150202-1526)", "build": "7601.0", "platform": "windows", "version": "6.1", "family": "windows"}}, "agent": {"id": "0b755aca-0a9a-454a-9800-1979901962a0", "version": "7.2.0", "type": "winlogbeat", "ephemeral_id": "de845cd9-5141-4c92-ad32-27a4518307e9", "hostname": "CLIENT1"}}
{"pseudonym": "e887f3a09fdddf7c81a563b81f90ed9499d86badaa6173d1aa197a2b544d13b1", "origin": "fny2VsrC5qXRrcQ1tEsACgoYVIa3VWbbJoO5G3kZxoFaBOK4BwxGWRZQ8jt0p+pMBZW/BaSDdiNrr362yqsPrZQvxM4AdS60EgiufYHBwGA2MBQHUfPK+93KYUv/61k1Ti8sXVeJCtKcPIIuHkGYUy45OJmIKSzShrkpEmdIe+qdolonGrNlbMWwFNKteaYipAfVTXK1l3TnrPJwLcGSYB4jxFf9FW/E+Pq7sdj4APrJfwNth+JTZu4PrLNsvbdQrX5oYZdQXvyXFZMTViaOn+6Ye27/myQR+7XGYL/sKFhbnZkkHZGrNIg04hyAsXKtlgqy4AeR3ASZEDsqDixkKU5GE85yP0xTPu088zmLD/0="}
{"pseudonym": "cd1a3afeeac92cb813605e21e464de7db0ca53fa0190d3a1372a46f60ddd0712", "origin": "YOkp44DdbU+rL7IAsn0CwsppW7H8cNHNuNtGSiMoZV6yzYAj9OAC2xzJl9r+tmU4VVD3PUQkLkv+g+UQ9dJHV4fkqjBfd3jyQ4xRr0lqEvvL72a3IWZc9B4QUPpex0WeAx+JhpiPJTnaJ2Gupwy4czo16LBhJinHZOuhFYArqK5VG+qBga3nWIhrvLb9EgI13B9hMH6980kJLLYSCJJi0b57NhNb934QeqCRSarQ4VQ9jlw71JaZqTQ/+WN56q57l9V2rTFHSCo6Z4dhfc7qKpVpHHAQ6gwWdOOP60JD68erJTxN7Qqw58ykbryw0V3y5xqPull8NoAgu7O/+GboZf7fsez9jvCASHpDQdCSMUA="}
{"@timestamp": "2019-08-02T12:25:00.348Z", "@metadata": {"beat": "winlogbeat", "type": "_doc", "version": "7.2.0", "topic": "wineventlog_raw"}, "host": {"name": "CLIENT1", "hostname": "CLIENT1", "architecture": "x86", "os": {"build": "7601.0", "platform": "windows", "version": "6.1", "family": "windows", "name": "Windows 7 Professional", "kernel": "6.1.7601.18741 (win7sp1_gdr.150202-1526)"}, "id": "19fc45ac-5890-4f96-81b1-50ed111c0ce4"}, "agent": {"hostname": "CLIENT1", "id": "0b755aca-0a9a-454a-9800-1979901962a0", "version": "7.2.0", "type": "winlogbeat", "ephemeral_id": "de845cd9-5141-4c92-ad32-27a4518307e9"}, "ecs": {"version": "1.0.0"}, "message": "The system time was changed.\n\nSubject:\n\tSecurity ID:\t\tS-1-5-18\n\tAccount Name:\t\tCLIENT1$\n\tAccount Domain:\t\tWORKGROUP\n\tLogon ID:\t\t0x3e7\n\nProcess Information:\n\tProcess ID:\t0x5b4\n\tName:\t\tC:\\Program Files\\NetTime\\NetTimeService.exe\n\nPrevious Time:\t\t\u200e2019\u200e-\u200e08\u200e-\u200e02T12:25:00.794150900Z\nNew Time:\t\t\u200e2019\u200e-\u200e08\u200e-\u200e02T12:25:00.348000000Z\n\nThis event is generated when the system time is changed. It is normal for the Windows Time Service, which runs with System privilege, to change the system time on a regular basis. Other system time changes may be indicative of attempts to tamper with the computer.", "winlog": {"process": {"thread": {"id": 60}, "pid": 4}, "provider_guid": "{54849625-5478-4994-A5BA-3E3B0328C30D}", "opcode": "Info", "record_id": 4736, "computer_name": "CLIENT1", "keywords": ["Audit Success"], "channel": "Security", "event_id": 4616, "api": "wineventlog", "version": 1, "event_data": {"SubjectUserSid": "<pseudonym:cd1a3afeeac92cb813605e21e464de7db0ca53fa0190d3a1372a46f60ddd0712>", "SubjectUserName": "<pseudonym:e887f3a09fdddf7c81a563b81f90ed9499d86badaa6173d1aa197a2b544d13b1>", "SubjectDomainName": "WORKGROUP", "SubjectLogonId": "0x3e7", "PreviousTime": "2019-08-02T12:25:00.794150900Z", "NewTime": "2019-08-02T12:25:00.348000000Z", "ProcessId": "0x5b4", "ProcessName": "C:\\Program Files\\NetTime\\NetTimeService.exe"}, "provider_name": "Microsoft-Windows-Security-Auditing", "task": "Security State Change"}, "event": {"code": 4616, "action": "Security State Change", "created": "2019-08-02T12:25:01.506Z", "kind": "event"}, "log": {"level": "information"}}
{"pseudonym": "cd1a3afeeac92cb813605e21e464de7db0ca53fa0190d3a1372a46f60ddd0712", "origin": "HgxLe3/ftVcaM5if41b71QgXWFA+wdWk3e427iOfRfUDbRtFohHmS8qJLpzemahjtQAtXwfzOMFYHVGNVQhWO6eJOGXebBmCTJDsrXNvdAw+vhWNNaTxaZXCkAnAZlgY0L9PihtXu5EN7AMCXbpY1M8Inbx40vU4NU7aslcF8ohxmkJX8gwfIJoB/CP51IMUaWTrTJUAsVv1QxLWNlXKbxXmeWgLg3FZeVNpFMSgcsJK+CHljNhRuUXyFhx0Aui55YfNYaoRhjGFLc9q3daQQ0L+zvysMj6gojcBUrfSh/RUUXwPYvlAInkvqRm+bciwdaFQ9hP8qvodTkvJb4qKNDFtXnKP3d0DXR3Wm1GiB0E="}
{"@timestamp": "2019-08-02T13:50:05.285Z", "@metadata": {"beat": "winlogbeat", "type": "_doc", "version": "7.2.0", "topic": "wineventlog_raw"}, "winlog": {"api": "wineventlog", "computer_name": "CLIENT1", "keywords": ["Time"], "channel": "System", "record_id": 11842, "task": "", "event_data": {"NewTime": "2019-08-02T13:50:05.285000000Z", "OldTime": "2019-08-02T13:50:05.406702200Z"}, "provider_name": "Microsoft-Windows-Kernel-General", "opcode": "Info", "process": {"pid": 1460, "thread": {"id": 1504}}, "event_id": 1, "provider_guid": "{A68CA8B7-004F-D7B6-A698-07E2DE0F1F5D}", "user": {"type": "User", "identifier": "<pseudonym:cd1a3afeeac92cb813605e21e464de7db0ca53fa0190d3a1372a46f60ddd0712>", "name": "SYSTEM", "domain": "NT AUTHORITY"}}, "event": {"kind": "event", "code": 1, "created": "2019-08-02T13:50:07.284Z"}, "log": {"level": "information"}, "agent": {"id": "0b755aca-0a9a-454a-9800-1979901962a0", "version": "7.2.0", "type": "winlogbeat", "ephemeral_id": "de845cd9-5141-4c92-ad32-27a4518307e9", "hostname": "CLIENT1"}, "ecs": {"version": "1.0.0"}, "host": {"hostname": "CLIENT1", "architecture": "x86", "os": {"platform": "windows", "version": "6.1", "family": "windows", "name": "Windows 7 Professional", "kernel": "6.1.7601.18741 (win7sp1_gdr.150202-1526)", "build": "7601.0"}, "name": "CLIENT1", "id": "19fc45ac-5890-4f96-81b1-50ed111c0ce4"}, "message": "The system time has changed to \u200e2019\u200e-\u200e08\u200e-\u200e02T13:50:05.285000000Z from \u200e2019\u200e-\u200e08\u200e-\u200e02T13:50:05.406702200Z."}
{"pseudonym": "e887f3a09fdddf7c81a563b81f90ed9499d86badaa6173d1aa197a2b544d13b1", "origin": "pPR2o41ralEdcHZ8u10rBDdamEStu/89vXbmu+u5dm/wgGbihWQ78Vz+CO6ZB0JmywixJ4SWvnhu8ZNaqVsPzupnd+2BQ4tfOKFQNeKYfj6cJUxgLXSXUasNESBKzsS9c2Q+aw+cRB40NaWfWdnSlciuPX8DkJZJLXH9ZmobPANuf9agAh86K9pMrZYYydqIRyIuJUdKmAifGfvwA+Pa/pZ/Dd4BJF/NQAIo/1fygGtN40IUVzoiQ2xw9BH44JmCiQ8zgYwdGdu+fCsvy5vHmQ7xg4KudDWlnX+1LNcMtJNPdZduaTiONYEb/f4qoTr0q9pz2tLQDhFr8CRLuO9+uReA1XMsQw+IitIrZBvfVeg="}
{"pseudonym": "cd1a3afeeac92cb813605e21e464de7db0ca53fa0190d3a1372a46f60ddd0712", "origin": "aDzO2KsaFFgXWFEFGYpiTQBUG8LQ/xp3iY9FPVHHichDaWgWEYe9x27GC94xRGZRcneGGzpPKksJPbVmV+5i9IjN/dTvJD7+eIqoyOR8o+0EzXpUfhurtE6IeeaLrxJFajVfEeqyFVpjdBN6S/s0hSO09sHDEeRPDL6f/qMvMLZ8UJOTHHeU3sp1QUUDO4KmwbPXnQlN0+IiCY+HJNGyp83gPMhfRLCPqXY0NSL8vilEvciVEJdpdwxZf5lzpTh74Akfl06kFczA8V9E5afT9ggo60EyOIt28FbAORpybqjUy2x8Pme1go1asvd03fbHglUSQQ3LCCeiPuAQCFSc2zM6IPKj2gNNPEhGvozftIc="}
{"@timestamp": "2019-08-02T14:15:07.039Z", "@metadata": {"beat": "winlogbeat", "type": "_doc", "version": "7.2.0", "topic": "wineventlog_raw"}, "agent": {"ephemeral_id": "de845cd9-5141-4c92-ad32-27a4518307e9", "hostname": "CLIENT1", "id": "0b755aca-0a9a-454a-9800-1979901962a0", "version": "7.2.0", "type": "winlogbeat"}, "winlog": {"channel": "Security", "provider_name": "Microsoft-Windows-Security-Auditing", "provider_guid": "{54849625-5478-4994-A5BA-3E3B0328C30D}", "event_id": 4616, "task": "Security State Change", "api": "wineventlog", "process": {"pid": 4, "thread": {"id": 60}}, "computer_name": "CLIENT1", "opcode": "Info", "keywords": ["Audit Success"], "version": 1, "event_data": {"ProcessName": "C:\\Program Files\\NetTime\\NetTimeService.exe", "SubjectUserSid": "<pseudonym:cd1a3afeeac92cb813605e21e464de7db0ca53fa0190d3a1372a46f60ddd0712>", "SubjectUserName": "<pseudonym:e887f3a09fdddf7c81a563b81f90ed9499d86badaa6173d1aa197a2b544d13b1>", "SubjectDomainName": "WORKGROUP", "SubjectLogonId": "0x3e7", "PreviousTime": "2019-08-02T14:15:07.548013400Z", "NewTime": "2019-08-02T14:15:07.039000000Z", "ProcessId": "0x5b4"}, "record_id": 4758}, "event": {"code": 4616, "action": "Security State Change", "created": "2019-08-02T14:15:09.080Z", "kind": "event"}, "log": {"level": "information"}, "message": "The system time was changed.\n\nSubject:\n\tSecurity ID:\t\tS-1-5-18\n\tAccount Name:\t\tCLIENT1$\n\tAccount Domain:\t\tWORKGROUP\n\tLogon ID:\t\t0x3e7\n\nProcess Information:\n\tProcess ID:\t0x5b4\n\tName:\t\tC:\\Program Files\\NetTime\\NetTimeService.exe\n\nPrevious Time:\t\t\u200e2019\u200e-\u200e08\u200e-\u200e02T14:15:07.548013400Z\nNew Time:\t\t\u200e2019\u200e-\u200e08\u200e-\u200e02T14:15:07.039000000Z\n\nThis event is generated when the system time is changed. It is normal for the Windows Time Service, which runs with System privilege, to change the system time on a regular basis. Other system time changes may be indicative of attempts to tamper with the computer.", "ecs": {"version": "1.0.0"}, "host": {"id": "19fc45ac-5890-4f96-81b1-50ed111c0ce4", "name": "CLIENT1", "hostname": "CLIENT1", "architecture": "x86", "os": {"build": "7601.0", "platform": "windows", "version": "6.1", "family": "windows", "name": "Windows 7 Professional", "kernel": "6.1.7601.18741 (win7sp1_gdr.150202-1526)"}}}
{"pseudonym": "cd1a3afeeac92cb813605e21e464de7db0ca53fa0190d3a1372a46f60ddd0712", "origin": "erHGGa9KGF/GZ7VuurD7jIf/P8EiRm0l542VjyAjDaUdtzLTRtf+RDPuMqzjLN4rsl1p9d7hIG3QGAB2mk2k9hIDSRFjwGy/Vk3W2kJeJpuaJSlC2CIG1eFnF8/YamhV4wfg6VG1Od8Mn/eOXXxn7hj3LWLN22iAye3cGc9JZYbosNkmD0wocOo/xKwz6TJgSMt5/MciHDHIINbYtBTB2vAkbmGTrDX91a2lRl7OJ9pIqPSY5P11ZKZlH+09FxcPqljDj1MUTemZ7ui7B/TPAIX2M8JQP8Rd6+gnMO6PKTsWdzyCJjWsgHNnMXFf53g/tumzgHWD9N821QrZcVukLjvOrYxc0tjAV21hLPmX/G4="}
{"@timestamp": "2019-08-02T14:50:09.779Z", "@metadata": {"beat": "winlogbeat", "type": "_doc", "version": "7.2.0", "topic": "wineventlog_raw"}, "log": {"level": "information"}, "message": "The system time has changed to \u200e2019\u200e-\u200e08\u200e-\u200e02T14:50:09.779000000Z from \u200e2019\u200e-\u200e08\u200e-\u200e02T14:50:09.923135000Z.", "ecs": {"version": "1.0.0"}, "host": {"id": "19fc45ac-5890-4f96-81b1-50ed111c0ce4", "hostname": "CLIENT1", "architecture": "x86", "name": "CLIENT1", "os": {"kernel": "6.1.7601.18741 (win7sp1_gdr.150202-1526)", "build": "7601.0", "platform": "windows", "version": "6.1", "family": "windows", "name": "Windows 7 Professional"}}, "agent": {"hostname": "CLIENT1", "id": "0b755aca-0a9a-454a-9800-1979901962a0", "version": "7.2.0", "type": "winlogbeat", "ephemeral_id": "de845cd9-5141-4c92-ad32-27a4518307e9"}, "winlog": {"task": "", "api": "wineventlog", "opcode": "Info", "event_data": {"NewTime": "2019-08-02T14:50:09.779000000Z", "OldTime": "2019-08-02T14:50:09.923135000Z"}, "channel": "System", "computer_name": "CLIENT1", "keywords": ["Time"], "record_id": 11856, "provider_guid": "{A68CA8B7-004F-D7B6-A698-07E2DE0F1F5D}", "process": {"pid": 1460, "thread": {"id": 1504}}, "provider_name": "Microsoft-Windows-Kernel-General", "user": {"identifier": "<pseudonym:cd1a3afeeac92cb813605e21e464de7db0ca53fa0190d3a1372a46f60ddd0712>", "name": "SYSTEM", "domain": "NT AUTHORITY", "type": "User"}, "event_id": 1}, "event": {"kind": "event", "code": 1, "created": "2019-08-02T14:50:10.794Z"}}
{"pseudonym": "e887f3a09fdddf7c81a563b81f90ed9499d86badaa6173d1aa197a2b544d13b1", "origin": "q7ccasPPLhN8GUqD2ol5CFUlRlyzjQCEy3F/KXThfrUHTn17bv8GeUwooFN4QrG1PJgRkxC4nfrLJphUwulfy0n3yVAoY2lKiiGGB9eXsY1b4tUQYAPS46oa0/M0mgAwRuwXjferfNSZXW/gvUlRc6VRhJPCwF1ZGgkILIBS//BphwYKDWKqAmf8S+5Qoh1n5BAG9/ZN1W3U2gp0ShjILOtCri3D1k32TDnwefaz4VXowx8VFg0Y6bXtbRbuyvx7q0EabPGvOPpB81uG4mGMyo+GZktn4CnHOLvmHTj6cTGMHQDb+mCw18hl38j/FILfSwU1k3md9bWUhEXNvkEaP1rijaNvGgwkS8Uxiaela54="}
{"pseudonym": "721ee97a0013594c778a3fb491ef5099c0d8a8409174db1192de74509fb8b99a", "origin": "ftUpVa77c4kShi+d4CbVvezcuq+wmu6GSK3KCDU9ZWvJttOEe3OHpab0zaTm/2aglTRqwF4Lbbot6V+BtsW/jDnU6dJbvBI2mGKPEHdGeXIXA2HoYxH6/SRMOkM9+09lwR3NJaYiu2zqYir31k9zAl8lPEtCi34/XNNWoYse+02dzTLPlyWR2aaMEKgFWo/mCuOqDN/C7SBNyZJQEVZjccs0fTOHss8ihuQkhRttxNOcaCwgyI7uzv8gldyI49Zg49mvIgHrhUZauMaFAAH7gJIxPPzFtcQKCW44Kc+W21mQvrJOJsvqtmIStPYnnv5kPLMH+TnT3yeejMo2a3N02v3rmnALRmm6WAmgjaQjW2ZCldrhfQ=="}
{"pseudonym": "cd1a3afeeac92cb813605e21e464de7db0ca53fa0190d3a1372a46f60ddd0712", "origin": "e9FU0jRK8EcF0vfW8AXkEGjZU8HAk8DQgVoHWrXa3eu3BvGgHzUTt+i2fSHcQtQ6O/KYatWiT/CHCIU2jfS/mCzQJySVCp6BIgp6OpAuLpTiOYih3nCbZcpiiQ9hDziEPZDA/Tjya5uN15tjVam8oOwzPDT8VKn+grhgQtGYWZ1ql7mR69pbOdXsW/R36CCR0Ck1mTltn0DGHCpRkMnMByY+U+JSWBLAOx5kxDxgSzkeyKT5JPquFjAB/+sbZbupRs8EF7rJACY7EIZey89RUgv1Gr++YxHq4+IIHGm1zIqthcU3Mvas16XNXhO/U4Ie9BZ2cpo/nSPXCpjfy6SBc6+I1kDwnKEiOuDB3lUWjz0="}
{"pseudonym": "91d121bc503735a145e0e9869d792d26f6b22784210a0daf5b63840be2abf69a", "origin": "N0nfBpbUAAlp97NrzYEJ5mPnqYDEReQY05Aa4cYiKOBu0F0tm0YcuSHHJcRrXHy6cO3a5adth2qqt2OkefA11XIFkXyOLGFjrYeOb/arxeMWBdDSCcncqGra1V8UsjvBfLSJ1t1HpH+Gb0dT74rDzn6q2OFqppArKStkgD1wVFQMu7qXSJpsKGQrWaakFvSa2EWux/yRUCTz8407vXd+cbEOLbGX+x3LvjwsKZrFuR/U4tUJ8PY3I8xpYxiZWQUd5pvXus6NaDTwLRufIDi6s6WL320hwRrvuhsjt2DCU0i1ZjTLndDwRbgE1RzY/36x9BnalEVjrHFHntepV6fnmhWCnDSukPnlRw=="}
{"@timestamp": "2019-08-02T09:46:19.421Z", "@metadata": {"beat": "winlogbeat", "type": "_doc", "version": "7.2.0", "topic": "wineventlog_raw"}, "user": {"domain": "NT AUTHORITY", "id": "S-1-5-19", "name": "<pseudonym:721ee97a0013594c778a3fb491ef5099c0d8a8409174db1192de74509fb8b99a>"}, "agent": {"type": "winlogbeat", "ephemeral_id": "33f6eec2-a7ba-4caa-97b3-ea43b4f5e172", "hostname": "CLIENT1", "id": "0b755aca-0a9a-454a-9800-1979901962a0", "version": "7.2.0"}, "ecs": {"version": "1.0.0"}, "host": {"architecture": "x86", "os": {"platform": "windows", "version": "6.1", "family": "windows", "name": "Windows 7 Professional", "kernel": "6.1.7601.18741 (win7sp1_gdr.150202-1526)", "build": "7601.0"}, "id": "19fc45ac-5890-4f96-81b1-50ed111c0ce4", "hostname": "CLIENT1", "name": "CLIENT1"}, "winlog": {"provider_guid": "{54849625-5478-4994-A5BA-3E3B0328C30D}", "event_id": 4624, "record_id": 4647, "event_data": {"LogonGuid": "{00000000-0000-0000-0000-000000000000}", "IpPort": "-", "IpAddress": "<pseudonym:91d121bc503735a145e0e9869d792d26f6b22784210a0daf5b63840be2abf69a>", "KeyLength": "0", "SubjectDomainName": "WORKGROUP", "LogonType": "5", "LmPackageName": "-", "LogonProcessName": "Advapi  ", "SubjectUserName": "<pseudonym:e887f3a09fdddf7c81a563b81f90ed9499d86badaa6173d1aa197a2b544d13b1>", "SubjectLogonId": "0x3e7", "AuthenticationPackageName": "Negotiate", "TransmittedServices": "-", "SubjectUserSid": "<pseudonym:cd1a3afeeac92cb813605e21e464de7db0ca53fa0190d3a1372a46f60ddd0712>", "TargetLogonId": "0x3e5"}, "provider_name": "Microsoft-Windows-Security-Auditing", "api": "wineventlog", "process": {"pid": 448, "thread": {"id": 504}}, "opcode": "Info", "channel": "Security", "task": "Logon", "computer_name": "CLIENT1", "keywords": ["Audit Success"]}, "event": {"category": "authentication", "kind": "event", "code": 4624, "action": "Logon", "created": "2019-08-05T08:54:03.703Z", "type": "authentication_success"}, "log": {"level": "information"}, "message": "An account was successfully logged on.\n\nSubject:\n\tSecurity ID:\t\tS-1-5-18\n\tAccount Name:\t\tCLIENT1$\n\tAccount Domain:\t\tWORKGROUP\n\tLogon ID:\t\t0x3e7\n\nLogon Type:\t\t\t5\n\nNew Logon:\n\tSecurity ID:\t\tS-1-5-19\n\tAccount Name:\t\tLOCAL SERVICE\n\tAccount Domain:\t\tNT AUTHORITY\n\tLogon ID:\t\t0x3e5\n\tLogon GUID:\t\t{00000000-0000-0000-0000-000000000000}\n\nProcess Information:\n\tProcess ID:\t\t0x1b8\n\tProcess Name:\t\tC:\\Windows\\System32\\services.exe\n\nNetwork Information:\n\tWorkstation Name:\t\n\tSource Network Address:\t-\n\tSource Port:\t\t-\n\nDetailed Authentication Information:\n\tLogon Process:\t\tAdvapi  \n\tAuthentication Package:\tNegotiate\n\tTransited Services:\t-\n\tPackage Name (NTLM only):\t-\n\tKey Length:\t\t0\n\nThis event is generated when a logon session is created. It is generated on the computer that was accessed.\n\nThe subject fields indicate the account on the local system which requested the logon. This is most commonly a service such as the Server service, or a local process such as Winlogon.exe or Services.exe.\n\nThe logon type field indicates the kind of logon that occurred. The most common types are 2 (interactive) and 3 (network).\n\nThe New Logon fields indicate the account for whom the new logon was created, i.e. the account that was logged on.\n\nThe network fields indicate where a remote logon request originated. Workstation name is not always available and may be left blank in some cases.\n\nThe authentication information fields provide detailed information about this specific logon request.\n\t- Logon GUID is a unique identifier that can be used to correlate this event with a KDC event.\n\t- Transited services indicate which intermediate services have participated in this logon request.\n\t- Package name indicates which sub-protocol was used among the NTLM protocols.\n\t- Key length indicates the length of the generated session key. This will be 0 if no session key was requested.", "process": {"pid": 440, "executable": "C:\\Windows\\System32\\services.exe", "name": "services.exe"}}
