{"@timestamp": "2019-08-02T09:46:20.000Z", "@metadata": {"beat": "winlogbeat", "type": "_doc", "version": "7.2.0", "topic": "wineventlog_raw"}, "event": {"kind": "event", "code": 6005, "created": "2019-08-02T09:55:11.996Z"}, "ecs": {"version": "1.0.0"}, "host": {"id": "19fc45ac-5890-4f96-81b1-50ed111c0ce4", "hostname": "CLIENT1", "architecture": "x86", "os": {"version": "6.1", "family": "windows", "name": "Windows 7 Professional", "kernel": "6.1.7601.18741 (win7sp1_gdr.150202-1526)", "build": "7601.0", "platform": "windows"}, "name": "CLIENT1"}, "agent": {"id": "0b755aca-0a9a-454a-9800-1979901962a0", "version": "7.2.0", "type": "winlogbeat", "ephemeral_id": "de845cd9-5141-4c92-ad32-27a4518307e9", "hostname": "CLIENT1"}, "log": {"level": "information"}, "message": "The Event log service was started.", "winlog": {"provider_name": "EventLog", "task": "", "channel": "System", "event_data": {"Binary": "E30708000500020009002E00140057010000000000000000"}, "event_id": 6005, "computer_name": "CLIENT1", "keywords": ["Classic"], "record_id": 11571, "api": "wineventlog"}}
{"@timestamp": "2019-07-30T14:38:16.352Z", "@metadata": {"beat": "winlogbeat", "type": "_doc", "version": "7.2.0", "topic": "wineventlog_raw"}, "event": {"code": 7036, "created": "2019-08-02T09:55:11.996Z", "kind": "event"}, "agent": {"version": "7.2.0", "type": "winlogbeat", "ephemeral_id": "de845cd9-5141-4c92-ad32-27a4518307e9", "hostname": "CLIENT1", "id": "0b755aca-0a9a-454a-9800-1979901962a0"}, "ecs": {"version": "1.0.0"}, "host": {"name": "CLIENT1", "hostname": "CLIENT1", "architecture": "x86", "os": {"name": "Windows 7 Professional", "kernel": "6.1.7601.18741 (win7sp1_gdr.150202-1526)", "build": "7601.0", "platform": "windows", "version": "6.1", "family": "windows"}, "id": "19fc45ac-5890-4f96-81b1-50ed111c0ce4"}, "log": {"level": "information"}, "message": "The Software Protection service entered the stopped state.", "winlog": {"provider_guid": "{555908d1-a6d7-4695-8e1e-26931d2012f4}", "event_id": 7036, "task": "", "api": "wineventlog", "event_data": {"Binary": "7300700070007300760063002F0031000000", "param1": "Software Protection", "param2": "stopped"}, "keywords": ["Classic"], "provider_name": "Service Control Manager", "record_id": 11580, "channel": "System", "computer_name": "CLIENT1", "process": {"thread": {"id": 2808}, "pid": 436}}}
{"@timestamp": "2019-08-02T09:46:41.906Z", "@metadata": {"beat": "winlogbeat", "type": "_doc", "version": "7.2.0", "topic": "wineventlog_raw"}, "host": {"name": "CLIENT1", "os": {"name": "Windows 7 Professional", "kernel": "6.1.7601.18741 (win7sp1_gdr.150202-1526)", "build": "7601.0", "platform": "windows", "version": "6.1", "family": "windows"}, "id": "19fc45ac-5890-4f96-81b1-50ed111c0ce4", "hostname": "CLIENT1", "architecture": "x86"}, "agent": {"hostname": "CLIENT1", "id": "0b755aca-0a9a-454a-9800-1979901962a0", "version": "7.2.0", "type": "winlogbeat", "ephemeral_id": "de845cd9-5141-4c92-ad32-27a4518307e9"}, "ecs": {"version": "1.0.0"}, "winlog": {"channel": "System", "provider_name": "Service Control Manager", "record_id": 11627, "event_id": 7036, "api": "wineventlog", "keywords": ["Classic"], "computer_name": "CLIENT1", "process": {"pid": 440, "thread": {"id": 524}}, "provider_guid": "{555908d1-a6d7-4695-8e1e-26931d2012f4}", "event_data": {"param1": "Wazuh", "param2": "running", "Binary": "4F0073007300650063005300760063002F0034000000"}, "task": ""}, "event": {"kind": "event", "code": 7036, "created": "2019-08-02T09:55:11.998Z"}, "log": {"level": "information"}, "message": "The Wazuh service entered the running state."}
{"@timestamp": "2019-08-02T09:46:54.583Z", "@metadata": {"beat": "winlogbeat", "type": "_doc", "version": "7.2.0", "topic": "wineventlog_raw"}, "winlog": {"provider_name": "Service Control Manager", "computer_name": "CLIENT1", "provider_guid": "{555908d1-a6d7-4695-8e1e-26931d2012f4}", "process": {"pid": 440, "thread": {"id": 1792}}, "event_data": {"param1": "Portable Device Enumerator Service", "param2": "running", "Binary": "57005000440042007500730045006E0075006D002F0034000000"}, "channel": "System", "record_id": 11638, "task": "", "api": "wineventlog", "event_id": 7036, "keywords": ["Classic"]}, "event": {"code": 7036, "created": "2019-08-02T09:55:11.999Z", "kind": "event"}, "agent": {"ephemeral_id": "de845cd9-5141-4c92-ad32-27a4518307e9", "hostname": "CLIENT1", "id": "0b755aca-0a9a-454a-9800-1979901962a0", "version": "7.2.0", "type": "winlogbeat"}, "ecs": {"version": "1.0.0"}, "host": {"id": "19fc45ac-5890-4f96-81b1-50ed111c0ce4", "name": "CLIENT1", "hostname": "CLIENT1", "architecture": "x86", "os": {"platform": "windows", "version": "6.1", "family": "windows", "name": "Windows 7 Professional", "kernel": "6.1.7601.18741 (win7sp1_gdr.150202-1526)", "build": "7601.0"}}, "log": {"level": "information"}, "message": "The Portable Device Enumerator Service service entered the running state."}
{"@timestamp": "2019-08-02T09:47:41.071Z", "@metadata": {"beat": "winlogbeat", "type": "_doc", "version": "7.2.0", "topic": "wineventlog_raw"}, "log": {"level": "information"}, "message": "The Network Connections service entered the running state.", "winlog": {"task": "", "keywords": ["Classic"], "event_id": 7036, "provider_name": "Service Control Manager", "record_id": 11642, "computer_name": "CLIENT1", "process": {"thread": {"id": 524}, "pid": 440}, "api": "wineventlog", "provider_guid": "{555908d1-a6d7-4695-8e1e-26931d2012f4}", "event_data": {"param1": "Network Connections", "param2": "running", "Binary": "4E00650074006D0061006E002F0034000000"}, "channel": "System"}, "agent": {"version": "7.2.0", "type": "winlogbeat", "ephemeral_id": "de845cd9-5141-4c92-ad32-27a4518307e9", "hostname": "CLIENT1", "id": "0b755aca-0a9a-454a-9800-1979901962a0"}, "ecs": {"version": "1.0.0"}, "host": {"name": "CLIENT1", "hostname": "CLIENT1", "architecture": "x86", "os": {"name": "Windows 7 Professional", "kernel": "6.1.7601.18741 (win7sp1_gdr.150202-1526)", "build": "7601.0", "platform": "windows", "version": "6.1", "family": "windows"}, "id": "19fc45ac-5890-4f96-81b1-50ed111c0ce4"}, "event": {"kind": "event", "code": 7036, "created": "2019-08-02T09:55:12.049Z"}}
{"pseudonym": "cd1a3afeeac92cb813605e21e464de7db0ca53fa0190d3a1372a46f60ddd0712", "origin": "udO/x93JM8hcl5/xMntD69rXlpxhVV8BPl0DA1oqbP4tJGVZ27fi2s6LFTfPZTiKL1YXGA0Qrd/wQsYQziMit9myw8x4u+8TJymyEmv1MF2W6Bzmb0Qc69BkeTsZliGMw+/RN9pFNaklRZFkydMP9l45YvznVgENdWXp/E0p614atHAHdVkC/thug9z/H4af6oFqUXniR0zgjO9hGDvs1p+I1q4BsdSWLt2neMMoTcuOMWOI7XIVLGFZfJvSH7ExR0jVFUTB6avYw+jmrbV/6iBWPyLmkU89YI688q0lfu8cFI6BhKtfcARehS5TfoOUPWM/pV4bhao2h2ik+kkIWQOKSX9woEPgOI8VOezCgJw="}
{"@timestamp": "2019-08-02T09:54:22.102Z", "@metadata": {"beat": "winlogbeat", "type": "_doc", "version": "7.2.0", "topic": "wineventlog_raw"}, "message": "One or more of the Plug and Play service's subsystems has changed state. \n\nPlugPlay install subsystem enabled: 'false' \nPlugPlay caching subsystem enabled: 'false' ", "ecs": {"version": "1.0.0"}, "host": {"name": "CLIENT1", "hostname": "CLIENT1", "architecture": "x86", "os": {"kernel": "6.1.7601.18741 (win7sp1_gdr.150202-1526)", "build": "7601.0", "platform": "windows", "version": "6.1", "family": "windows", "name": "Windows 7 Professional"}, "id": "19fc45ac-5890-4f96-81b1-50ed111c0ce4"}, "agent": {"ephemeral_id": "de845cd9-5141-4c92-ad32-27a4518307e9", "hostname": "CLIENT1", "id": "0b755aca-0a9a-454a-9800-1979901962a0", "version": "7.2.0", "type": "winlogbeat"}, "winlog": {"task": "", "provider_guid": "{96F4A050-7E31-453C-88BE-9634F4E02139}", "process": {"pid": 548, "thread": {"id": 3076}}, "channel": "System", "api": "wineventlog", "computer_name": "CLIENT1", "provider_name": "Microsoft-Windows-UserPnp", "opcode": "Info", "user": {"identifier": "<pseudonym:cd1a3afeeac92cb813605e21e464de7db0ca53fa0190d3a1372a46f60ddd0712>", "name": "SYSTEM", "domain": "NT AUTHORITY", "type": "User"}, "record_id": 11675, "user_data": {"xml_name": "INFO_PNP_STATE", "InstallSubsystemState": "false", "CachingSubsystemState": "false"}, "event_id": 20010}, "event": {"kind": "event", "code": 20010, "created": "2019-08-02T09:55:12.090Z"}, "log": {"level": "information"}}
{"@timestamp": "2019-08-02T09:54:23.927Z", "@metadata": {"beat": "winlogbeat", "type": "_doc", "version": "7.2.0", "topic": "wineventlog_raw"}, "ecs": {"version": "1.0.0"}, "host": {"id": "19fc45ac-5890-4f96-81b1-50ed111c0ce4", "name": "CLIENT1", "hostname": "CLIENT1", "architecture": "x86", "os": {"build": "7601.0", "platform": "windows", "version": "6.1", "family": "windows", "name": "Windows 7 Professional", "kernel": "6.1.7601.18741 (win7sp1_gdr.150202-1526)"}}, "agent": {"id": "0b755aca-0a9a-454a-9800-1979901962a0", "version": "7.2.0", "type": "winlogbeat", "ephemeral_id": "de845cd9-5141-4c92-ad32-27a4518307e9", "hostname": "CLIENT1"}, "winlog": {"channel": "System", "record_id": 11693, "provider_name": "Service Control Manager", "provider_guid": "{555908d1-a6d7-4695-8e1e-26931d2012f4}", "process": {"pid": 440, "thread": {"id": 2680}}, "event_data": {"param2": "stopped", "Binary": "570069006E006D0067006D0074002F0031000000", "param1": "Windows Management Instrumentation"}, "event_id": 7036, "api": "wineventlog", "computer_name": "CLIENT1", "keywords": ["Classic"], "task": ""}, "event": {"kind": "event", "code": 7036, "created": "2019-08-02T09:55:12.090Z"}, "log": {"level": "information"}, "message": "The Windows Management Instrumentation service entered the stopped state."}
{"@timestamp": "2019-08-02T09:54:57.125Z", "@metadata": {"beat": "winlogbeat", "type": "_doc", "version": "7.2.0", "topic": "wineventlog_raw"}, "winlog": {"computer_name": "CLIENT1", "event_id": 7036, "record_id": 11714, "provider_guid": "{555908d1-a6d7-4695-8e1e-26931d2012f4}", "channel": "System", "task": "", "api": "wineventlog", "event_data": {"param2": "running", "Binary": "41007500640069006F007300720076002F0034000000", "param1": "Windows Audio"}, "provider_name": "Service Control Manager", "keywords": ["Classic"], "process": {"pid": 440, "thread": {"id": 528}}}, "event": {"kind": "event", "code": 7036, "created": "2019-08-02T09:55:12.091Z"}, "log": {"level": "information"}, "message": "The Windows Audio service entered the running state.", "ecs": {"version": "1.0.0"}, "host": {"name": "CLIENT1", "architecture": "x86", "os": {"kernel": "6.1.7601.18741 (win7sp1_gdr.150202-1526)", "build": "7601.0", "platform": "windows", "version": "6.1", "family": "windows", "name": "Windows 7 Professional"}, "id": "19fc45ac-5890-4f96-81b1-50ed111c0ce4", "hostname": "CLIENT1"}, "agent": {"id": "0b755aca-0a9a-454a-9800-1979901962a0", "version": "7.2.0", "type": "winlogbeat", "ephemeral_id": "de845cd9-5141-4c92-ad32-27a4518307e9", "hostname": "CLIENT1"}}
{"@timestamp": "2019-08-02T09:54:58.562Z", "@metadata": {"beat": "winlogbeat", "type": "_doc", "version": "7.2.0", "topic": "wineventlog_raw"}, "message": "The Network Store Interface Service service entered the running state.", "host": {"name": "CLIENT1", "id": "19fc45ac-5890-4f96-81b1-50ed111c0ce4", "hostname": "CLIENT1", "architecture": "x86", "os": {"build": "7601.0", "platform": "windows", "version": "6.1", "family": "windows", "name": "Windows 7 Professional", "kernel": "6.1.7601.18741 (win7sp1_gdr.150202-1526)"}}, "agent": {"version": "7.2.0", "type": "winlogbeat", "ephemeral_id": "de845cd9-5141-4c92-ad32-27a4518307e9", "hostname": "CLIENT1", "id": "0b755aca-0a9a-454a-9800-1979901962a0"}, "ecs": {"version": "1.0.0"}, "winlog": {"api": "wineventlog", "channel": "System", "record_id": 11723, "task": "", "provider_guid": "{555908d1-a6d7-4695-8e1e-26931d2012f4}", "event_data": {"Binary": "6E00730069002F0034000000", "param1": "Network Store Interface Service", "param2": "running"}, "computer_name": "CLIENT1", "process": {"thread": {"id": 528}, "pid": 440}, "event_id": 7036, "provider_name": "Service Control Manager", "keywords": ["Classic"]}, "event": {"code": 7036, "created": "2019-08-02T09:55:12.091Z", "kind": "event"}, "log": {"level": "information"}}
{"pseudonym": "e887f3a09fdddf7c81a563b81f90ed9499d86badaa6173d1aa197a2b544d13b1", "origin": "CItP2ETaxWgAgGFZGmumdmsfBrWfireKkB7NwXiDDlG8U8zY7Hu7SL8OUUrb6izeiVkwg1wN6PqhogrwdKetfZ9hxa2YUNq9BF6mYST5k8bZKPwES03wyOAkrUJ1vuHMXt0zVAeYudqUOA9LF550YcsIQ/MXKYCSASlSG4z4nqB2Sjxc8cyOp+Fbm3GUn/SqmdI5XxQbDQBTnmlvrvNpv0bfs7EyEtJpBjLU021+WYO2bswx+sNGjt7kzR1fNj1pwoi75utYhV78bo6D/lKWg5DEHekSkejngqTN09rjILCvuH7gmyxX4DaC6IMSLfgVwAe6oRaaJBJivAk0SYaoBstk+AlYyS7OK9GIevW+A5Q="}
{"pseudonym": "387dddca7f9c9fa71c41295d7790d3bcd791cfe79b2dd4843551dfd0bf47acf2", "origin": "irDh8QKPWzIhUp3V64NcUWy1OISUcjOZGyJImBVCx9WCiWsJ0TIiw3g2ZsGIT7pYrKhqXW3VGGFowwxp7j9YNDDLi840eH4OO5mLrtfNqDipcRxb1Ie4qVgxMHwLiyeHEzpPJYzcYg5GtkdcN2dF+vGpdpHYSEYsS65oXGFElWVgZOzznDWCg69veh4uDevfVoIZRkrFKWelKzrDM9TlVcsnluGKh2K+SqvD0PgTQfn+jkq7Qk4XWZ5eBgvQZQKuKWQYP8La54eMVoeOrSssJaUPeGHs4O70+uY93DeO2VdHVTuF5XnQqyf7P7Z3jWcSQxrg1GeOjRCYlDF0TE70SUHhE8855N/xvzqLD/G4"}
{"pseudonym": "cd1a3afeeac92cb813605e21e464de7db0ca53fa0190d3a1372a46f60ddd0712", "origin": "hHQIk6vn4HwRBGcRm8mN/6nnTyEUa6VDXYSFOIJQRpVvW6i7BzncUIF+3Wb781kAplARm9W/lt2mtUqSkVCvvlXhF9hAIqfoBM4loIC1zNZJ6i2yC5ImsMxrWmyjjq9Xt8lRjFjjtSGZyqo+a0T9U3UUR4NQpkk48tvxxEfLlWnuskUdiXvA0//Pv6xQCvN7XsD1VbHNTEoiGFNHcyhuemtLwSsj2aWLXamz9k3iBHCGGBDDplHmtDdPYyz7W9T/38LPdd56qvOGfkn2TQg+sHCtzfl742O0IbsJnJQMYi2H8vB1/0NGkTqQfOuyYH1F3Y+XcbWE6YW/dHFsvIsXnkBevg60SKuB0+agaQh5BqY="}
{"pseudonym": "91d121bc503735a145e0e9869d792d26f6b22784210a0daf5b63840be2abf69a", "origin": "Nbv+qgBqDbPKE4JirVZqyJyVv6+OeCuVMN3GPgw4Bz474VgGcORJCW1GNVPSPKCMgGSfXmmpSklMT/NnHUBW6dGk1ss1q9Tez9VynRfEdWHI0Qhgvdm1fZfecAnseysAvd8ZqXBfvbu3rsA+L1BFlKWUjub1RDpBUzFh8yGRgH/lew7AHBk9uaBJlbV5xe3zQjSN/b3g64CVo1/pf7KoyWJfloSjFpUH8kM3HmQtHqtHsQ0vxcBpVbCR5xuVtdfP6O0tzyB7o6m/Vck4zK3RJDFOTPxsee0p3CsGugbGF75IBEolH70a25d6gLWdaphGOa3IOHXvxT01wsLI6kGi450/lJUTCZw9JA=="}
{"@timestamp": "2019-08-02T09:46:18.625Z", "@metadata": {"beat": "winlogbeat", "type": "_doc", "version": "7.2.0", "topic": "wineventlog_raw"}, "winlog": {"task": "Logon", "channel": "Security", "keywords": ["Audit Success"], "opcode": "Info", "event_data": {"TargetLogonId": "0x3e7", "LogonType": "5", "LogonProcessName": "Advapi  ", "LogonGuid": "{00000000-0000-0000-0000-000000000000}", "TransmittedServices": "-", "KeyLength": "0", "SubjectUserName": "<pseudonym:e887f3a09fdddf7c81a563b81f90ed9499d86badaa6173d1aa197a2b544d13b1>", "SubjectLogonId": "0x3e7", "IpAddress": "<pseudonym:91d121bc503735a145e0e9869d792d26f6b22784210a0daf5b63840be2abf69a>", "SubjectUserSid": "<pseudonym:cd1a3afeeac92cb813605e21e464de7db0ca53fa0190d3a1372a46f60ddd0712>", "AuthenticationPackageName": "Negotiate", "LmPackageName": "-", "SubjectDomainName": "WORKGROUP", "IpPort": "-"}, "provider_name": "Microsoft-Windows-Security-Auditing", "api": "wineventlog", "provider_guid": "{54849625-5478-4994-A5BA-3E3B0328C30D}", "process": {"pid": 448, "thread": {"id": 504}}, "event_id": 4624, "computer_name": "CLIENT1", "record_id": 4643}, "event": {"kind": "event", "code": 4624, "action": "Logon", "created": "2019-08-02T09:55:12.133Z", "type": "authentication_success", "category": "authentication"}, "log": {"level": "information"}, "message": "An account was successfully logged on.\n\nSubject:\n\tSecurity ID:\t\tS-1-5-18\n\tAccount Name:\t\tCLIENT1$\n\tAccount Domain:\t\tWORKGROUP\n\tLogon ID:\t\t0x3e7\n\nLogon Type:\t\t\t5\n\nNew Logon:\n\tSecurity ID:\t\tS-1-5-18\n\tAccount Name:\t\tSYSTEM\n\tAccount Domain:\t\tNT AUTHORITY\n\tLogon ID:\t\t0x3e7\n\tLogon GUID:\t\t{00000000-0000-0000-0000-000000000000}\n\nProcess Information:\n\tProcess ID:\t\t0x1b8\n\tProcess Name:\t\tC:\\Windows\\System32\\services.exe\n\nNetwork Information:\n\tWorkstation Name:\t\n\tSource Network Address:\t-\n\tSource Port:\t\t-\n\nDetailed Authentication Information:\n\tLogon Process:\t\tAdvapi  \n\tAuthentication Package:\tNegotiate\n\tTransited Services:\t-\n\tPackage Name (NTLM only):\t-\n\tKey Length:\t\t0\n\nThis event is generated when a logon session is created. It is generated on the computer that was accessed.\n\nThe subject fields indicate the account on the local system which requested the logon. This is most commonly a service such as the Server service, or a local process such as Winlogon.exe or Services.exe.\n\nThe logon type field indicates the kind of logon that occurred. The most common types are 2 (interactive) and 3 (network).\n\nThe New Logon fields indicate the account for whom the new logon was created, i.e. the account that was logged on.\n\nThe network fields indicate where a remote logon request originated. Workstation name is not always available and may be left blank in some cases.\n\nThe authentication information fields provide detailed information about this specific logon request.\n\t- Logon GUID is a unique identifier that can be used to correlate this event with a KDC event.\n\t- Transited services indicate which intermediate services have participated in this logon request.\n\t- Package name indicates which sub-protocol was used among the NTLM protocols.\n\t- Key length indicates the length of the generated session key. This will be 0 if no session key was requested.", "user": {"id": "S-1-5-18", "name": "<pseudonym:387dddca7f9c9fa71c41295d7790d3bcd791cfe79b2dd4843551dfd0bf47acf2>", "domain": "NT AUTHORITY"}, "ecs": {"version": "1.0.0"}, "process": {"pid": 440, "executable": "C:\\Windows\\System32\\services.exe", "name": "services.exe"}, "host": {"os": {"name": "Windows 7 Professional", "kernel": "6.1.7601.18741 (win7sp1_gdr.150202-1526)", "build": "7601.0", "platform": "windows", "version": "6.1", "family": "windows"}, "id": "19fc45ac-5890-4f96-81b1-50ed111c0ce4", "hostname": "CLIENT1", "architecture": "x86", "name": "CLIENT1"}, "agent": {"hostname": "CLIENT1", "id": "0b755aca-0a9a-454a-9800-1979901962a0", "version": "7.2.0", "type": "winlogbeat", "ephemeral_id": "de845cd9-5141-4c92-ad32-27a4518307e9"}}
{"pseudonym": "387dddca7f9c9fa71c41295d7790d3bcd791cfe79b2dd4843551dfd0bf47acf2", "origin": "QGSW3JOGpC0VctHWALyoejOYTGL/FmcE6u2REaEm/od//plY+m+EbYm7ShKf2c7tD5oLgOX5WT1jnExkkrQ5WhSuBiYFvmoJs2wovZEj6naImjie2nW12xwv5iEiY0Zrq6Wl5vrt7K9rPzeFXxH3pvmq2lKVMRBciYDyNVr8n7j5XYLihBp6Yd2mbXqnKy6tU0TFUQZoaRONN75dn7uehA8c8u3yhlRF+7mMpXvb9yIEhXokmu4FXqStY/G/NzRt1ncj0AAqI4JW65DWU2p8/21NioEuphERGFHFLQP9Fovsc/qE+13Et+aStMnwNFnmpnaLOwVVyAkF+gnXAVwrh2GmSBzGzeJjpDlRRayV"}
{"pseudonym": "cd1a3afeeac92cb813605e21e464de7db0ca53fa0190d3a1372a46f60ddd0712", "origin": "W/tuEM3cIR4Fta2xWI9ng9S3ijLYykkt7+pWcgbTzynnlbUQ/uMc9L97MQHPky1mTKqJ8su5xMdYobncfV4dmP16OIVTFPdP4cOhDgUUUDk59a6tIrTiMmKqK20PJuR4pbiscVvDCs4WrqjB6ndlyqVo+3ApLvhR19GKI1TrkDH1o9U6XkM6XLku/vKWjbSwojA0d9STd16pNLtS2tJkoA8ctViXo7Uvv9oE/BspQiwhz8wzqOsMJEixGDcMYfmewfdkGmoSzKx9t4u3zhw1pH/2k0IJgo11l9OrSAE81vRPxQV/hv4zNB++ATEEFF2KUsAz9HnOxo+b6BKYStk1Jdx+Vu47woct9sDGw5v2bFY="}
{"@timestamp": "2019-08-02T09:46:31.859Z", "@metadata": {"beat": "winlogbeat", "type": "_doc", "version": "7.2.0", "topic": "wineventlog_raw"}, "winlog": {"event_id": 4672, "provider_guid": "{54849625-5478-4994-A5BA-3E3B0328C30D}", "record_id": 4654, "process": {"pid": 448, "thread": {"id": 496}}, "keywords": ["Audit Success"], "opcode": "Info", "channel": "Security", "task": "Special Logon", "api": "wineventlog", "event_data": {"SubjectUserSid": "<pseudonym:cd1a3afeeac92cb813605e21e464de7db0ca53fa0190d3a1372a46f60ddd0712>", "SubjectUserName": "<pseudonym:387dddca7f9c9fa71c41295d7790d3bcd791cfe79b2dd4843551dfd0bf47acf2>", "SubjectDomainName": "NT AUTHORITY", "SubjectLogonId": "0x3e7", "PrivilegeList": "SeAssignPrimaryTokenPrivilege\n\t\t\tSeTcbPrivilege\n\t\t\tSeSecurityPrivilege\n\t\t\tSeTakeOwnershipPrivilege\n\t\t\tSeLoadDriverPrivilege\n\t\t\tSeBackupPrivilege\n\t\t\tSeRestorePrivilege\n\t\t\tSeDebugPrivilege\n\t\t\tSeAuditPrivilege\n\t\t\tSeSystemEnvironmentPrivilege\n\t\t\tSeImpersonatePrivilege"}, "provider_name": "Microsoft-Windows-Security-Auditing", "computer_name": "CLIENT1"}, "event": {"created": "2019-08-02T09:55:12.136Z", "kind": "event", "code": 4672, "action": "Special Logon"}, "log": {"level": "information"}, "message": "Special privileges assigned to new logon.\n\nSubject:\n\tSecurity ID:\t\tS-1-5-18\n\tAccount Name:\t\tSYSTEM\n\tAccount Domain:\t\tNT AUTHORITY\n\tLogon ID:\t\t0x3e7\n\nPrivileges:\t\tSeAssignPrimaryTokenPrivilege\n\t\t\tSeTcbPrivilege\n\t\t\tSeSecurityPrivilege\n\t\t\tSeTakeOwnershipPrivilege\n\t\t\tSeLoadDriverPrivilege\n\t\t\tSeBackupPrivilege\n\t\t\tSeRestorePrivilege\n\t\t\tSeDebugPrivilege\n\t\t\tSeAuditPrivilege\n\t\t\tSeSystemEnvironmentPrivilege\n\t\t\tSeImpersonatePrivilege", "ecs": {"version": "1.0.0"}, "host": {"name": "CLIENT1", "os": {"family": "windows", "name": "Windows 7 Professional", "kernel": "6.1.7601.18741 (win7sp1_gdr.150202-1526)", "build": "7601.0", "platform": "windows", "version": "6.1"}, "id": "19fc45ac-5890-4f96-81b1-50ed111c0ce4", "hostname": "CLIENT1", "architecture": "x86"}, "agent": {"type": "winlogbeat", "ephemeral_id": "de845cd9-5141-4c92-ad32-27a4518307e9", "hostname": "CLIENT1", "id": "0b755aca-0a9a-454a-9800-1979901962a0", "version": "7.2.0"}}
{"pseudonym": "e887f3a09fdddf7c81a563b81f90ed9499d86badaa6173d1aa197a2b544d13b1", "origin": "JJhVsqPhKIQcylg77GyMEpr8xqZn05KkF7NkDbgnWNxy5hrsP+gU6Q86/0t+VdmpqpZlAo5k3ohgXT2gie/2rSgYh4b9bpJ8q/gbaHBKgGQEfmS9yuYzTs9izTOi2/yUKMqI7+p9D5H8KE4UCxLSVjqYQTKY8VGGT4NwbFfn37E+JcnDVOqD17YpSxBNB5YVpyAwwsEJtEoICVyGe3XxLBvrVHjXNk0d5s7gSxbnKYfoABKXp6Wagw2t0qzNtT7aBz/BpIXhedOq4HrPUH9MB9IkWHqwXqQDzrOK0AKjv3Uyx4xevWTKdq80Q3+AoUgvK5atEBxmKtvreBent12g3kMiUTgdH6VqTBMGMhl6sIE="}
{"pseudonym": "f119e812403f34bc9c93a15392e371bd51bfd51f59deda80c5caac2a6f172b3c", "origin": "TUoqBe0bGfkODq1ndkB4yXLf5kO7TncPI2fFY5CGn6QVaFGCm+8EmCfbf1TAX7zI6ckOFWNttGTYtkQVzQ/9RuiWl71Qs4fFPx1AS0AUt/m1TxOkgMaNFCSVJLVbYZt3xf2Qcx3khWRHrTiyPgW/4K5PKrbWpQoosP1ThPwt3bJcAX1uzKBBivd9/MGiazCpf3CYitwxpDreKUi/uDvbc23tQd5tXW4tUyrDll33P8Y4KMlq69dyDUDI8WWkhmibVqFWUEeOVHwNMatdzGjNRegtHLzRAPTV+0WTKH9jNNxXa3kfw6873+AEgfgwqGO94H/M47Olf2QqQf7JBNNiChi7+j169XV9UVPLD+kA"}
{"pseudonym": "cd1a3afeeac92cb813605e21e464de7db0ca53fa0190d3a1372a46f60ddd0712", "origin": "iUZCjv9z5weIZjWWlVQ7Hv9eKei7qSTxSJTMx7F/9UxRL1yT+G+CH1yk/ARCzgc00HhKU0gaOBAucR+2m7rV7DGxmc4f1r/BQNUblLFYPq468b0ZjJ03uvDDO8bJN5DcQGXY5d/k+ezAPqggoTaxlcv/lWhPxRyPpj962Xvst9+YEEY+/dAm5PFB8r88Zf7+5TYMTPBIaz9/C3mLIG+7q47aHo7zpDXkxkl7Kz5WnEZZ8xsem/mf6DiorWet7gGCjMRyc0Mwb+Tnhx7l8BHjNr+zm17zYGHkGz5nwc/NHwtGsNov0R88woJJFh4rsOm590oLgE8WNFRvtd/hoHZi45yS+wEcYWVYTpa4TTX/Qgo="}
{"@timestamp": "2019-08-02T09:47:28.599Z", "@metadata": {"beat": "winlogbeat", "type": "_doc", "version": "7.2.0", "topic": "wineventlog_raw"}, "ecs": {"version": "1.0.0"}, "message": "An account was successfully logged on.\n\nSubject:\n\tSecurity ID:\t\tS-1-5-18\n\tAccount Name:\t\tCLIENT1$\n\tAccount Domain:\t\tWORKGROUP\n\tLogon ID:\t\t0x3e7\n\nLogon Type:\t\t\t2\n\nNew Logon:\n\tSecurity ID:\t\tS-1-5-21-1918032094-2382968797-800248713-1000\n\tAccount Name:\t\tbreach\n\tAccount Domain:\t\tCLIENT1\n\tLogon ID:\t\t0x1f189\n\tLogon GUID:\t\t{00000000-0000-0000-0000-000000000000}\n\nProcess Information:\n\tProcess ID:\t\t0x17c\n\tProcess Name:\t\tC:\\Windows\\System32\\winlogon.exe\n\nNetwork Information:\n\tWorkstation Name:\tCLIENT1\n\tSource Network Address:\t127.0.0.1\n\tSource Port:\t\t0\n\nDetailed Authentication Information:\n\tLogon Process:\t\tUser32 \n\tAuthentication Package:\tNegotiate\n\tTransited Services:\t-\n\tPackage Name (NTLM only):\t-\n\tKey Length:\t\t0\n\nThis event is generated when a logon session is created. It is generated on the computer that was accessed.\n\nThe subject fields indicate the account on the local system which requested the logon. This is most commonly a service such as the Server service, or a local process such as Winlogon.exe or Services.exe.\n\nThe logon type field indicates the kind of logon that occurred. The most common types are 2 (interactive) and 3 (network).\n\nThe New Logon fields indicate the account for whom the new logon was created, i.e. the account that was logged on.\n\nThe network fields indicate where a remote logon request originated. Workstation name is not always available and may be left blank in some cases.\n\nThe authentication information fields provide detailed information about this specific logon request.\n\t- Logon GUID is a unique identifier that can be used to correlate this event with a KDC event.\n\t- Transited services indicate which intermediate services have participated in this logon request.\n\t- Package name indicates which sub-protocol was used among the NTLM protocols.\n\t- Key length indicates the length of the generated session key. This will be 0 if no session key was requested.", "user": {"id": "S-1-5-21-1918032094-2382968797-800248713-1000", "name": "<pseudonym:f119e812403f34bc9c93a15392e371bd51bfd51f59deda80c5caac2a6f172b3c>", "domain": "CLIENT1"}, "host": {"id": "19fc45ac-5890-4f96-81b1-50ed111c0ce4", "name": "CLIENT1", "hostname": "CLIENT1", "architecture": "x86", "os": {"build": "7601.0", "platform": "windows", "version": "6.1", "family": "windows", "name": "Windows 7 Professional", "kernel": "6.1.7601.18741 (win7sp1_gdr.150202-1526)"}}, "agent": {"id": "0b755aca-0a9a-454a-9800-1979901962a0", "version": "7.2.0", "type": "winlogbeat", "ephemeral_id": "de845cd9-5141-4c92-ad32-27a4518307e9", "hostname": "CLIENT1"}, "source": {"ip": "127.0.0.1", "port": 0, "domain": "CLIENT1"}, "winlog": {"record_id": 4661, "task": "Logon", "channel": "Security", "provider_name": "Microsoft-Windows-Security-Auditing", "api": "wineventlog", "opcode": "Info", "provider_guid": "{54849625-5478-4994-A5BA-3E3B0328C30D}", "event_data": {"LogonProcessName": "User32 ", "LmPackageName": "-", "SubjectUserSid": "<pseudonym:cd1a3afeeac92cb813605e21e464de7db0ca53fa0190d3a1372a46f60ddd0712>", "TransmittedServices": "-", "LogonType": "2", "TargetLogonId": "0x1f189", "AuthenticationPackageName": "Negotiate", "LogonGuid": "{00000000-0000-0000-0000-000000000000}", "SubjectDomainName": "WORKGROUP", "SubjectLogonId": "0x3e7", "SubjectUserName": "<pseudonym:e887f3a09fdddf7c81a563b81f90ed9499d86badaa6173d1aa197a2b544d13b1>", "KeyLength": "0"}, "computer_name": "CLIENT1", "keywords": ["Audit Success"], "process": {"pid": 448, "thread": {"id": 496}}, "event_id": 4624}, "event": {"type": "authentication_success", "kind": "event", "code": 4624, "action": "Logon", "created": "2019-08-02T09:55:12.183Z", "category": "authentication"}, "log": {"level": "information"}, "process": {"pid": 380, "executable": "C:\\Windows\\System32\\winlogon.exe", "name": "winlogon.exe"}}
{"pseudonym": "387dddca7f9c9fa71c41295d7790d3bcd791cfe79b2dd4843551dfd0bf47acf2", "origin": "Ysv+Iihk4k37wTD3Hj/5CEk3hLZM9ZDcvkjBCo/R09KLcQjT+7YbSNHICiG00H/udwcwzivopngWiWcbUm3CBh6Pc8SaKdji2QmKhVEDc/upZT+AiSDRqfRSl6/3y95SXO1qJtOAMH8Ca5Po82r5EF/x5Pq/07pDqfnxdO0fPtHekbwAwIb5uNLYwGm+PG7ahcYXduRRuhYHdPh5OVIiElypIs2bx2g3tkwQ6hNbxKRkBGrGi2TxRDieIlB9fadFpSF14DCk89KNSzPJRW3vibtjpbgUNsD5o8c/R6MUP6Om/3VqSof8JiCFtUZ9DutwdZVw8iKXWQF4Ex1Xb5/pgtYvP0s9vz8bAVsorhX2"}
{"pseudonym": "cd1a3afeeac92cb813605e21e464de7db0ca53fa0190d3a1372a46f60ddd0712", "origin": "YYiiKisRbXA3sJWpXd9h+swYkuC5mF576Jz69seJTdzuMxC3G8iQm7E/cp5EHCrKBJlR5azaOoywdkCItldVTecvJxFlV2fhfqOBk0BcfEnUhaA5nMwRC/tH8VpH7/ZLwpOLSAFXNwAPIwItM5Nej/BnhfLosJooerrsRaNk4RnscswuJ3h90gtEe5l9LAkbXRmOAThUe0PcFSrAmxjusOig9alZG48nMzgcjrRHiSkSgUz6Im84e618Lo6dt1hiZ+VEJTdYnD0s4nJwVeRN+Yckd3jULS9Vm4mWeEmneD7IOa9zUWrx4OV2mcYr70XGVimPvXCxgrg6ZJPaXUG3UfJl+jTCMz98WCjoWExxFt0="}
{"@timestamp": "2019-08-02T09:54:56.156Z", "@metadata": {"beat": "winlogbeat", "type": "_doc", "version": "7.2.0", "topic": "wineventlog_raw"}, "event": {"code": 4672, "action": "Special Logon", "created": "2019-08-02T09:55:12.184Z", "kind": "event"}, "ecs": {"version": "1.0.0"}, "host": {"name": "CLIENT1", "hostname": "CLIENT1", "architecture": "x86", "os": {"kernel": "6.1.7601.18741 (win7sp1_gdr.150202-1526)", "build": "7601.0", "platform": "windows", "version": "6.1", "family": "windows", "name": "Windows 7 Professional"}, "id": "19fc45ac-5890-4f96-81b1-50ed111c0ce4"}, "agent": {"type": "winlogbeat", "ephemeral_id": "de845cd9-5141-4c92-ad32-27a4518307e9", "hostname": "CLIENT1", "id": "0b755aca-0a9a-454a-9800-1979901962a0", "version": "7.2.0"}, "log": {"level": "information"}, "message": "Special privileges assigned to new logon.\n\nSubject:\n\tSecurity ID:\t\tS-1-5-18\n\tAccount Name:\t\tSYSTEM\n\tAccount Domain:\t\tNT AUTHORITY\n\tLogon ID:\t\t0x3e7\n\nPrivileges:\t\tSeAssignPrimaryTokenPrivilege\n\t\t\tSeTcbPrivilege\n\t\t\tSeSecurityPrivilege\n\t\t\tSeTakeOwnershipPrivilege\n\t\t\tSeLoadDriverPrivilege\n\t\t\tSeBackupPrivilege\n\t\t\tSeRestorePrivilege\n\t\t\tSeDebugPrivilege\n\t\t\tSeAuditPrivilege\n\t\t\tSeSystemEnvironmentPrivilege\n\t\t\tSeImpersonatePrivilege", "winlog": {"channel": "Security", "event_id": 4672, "record_id": 4683, "task": "Special Logon", "api": "wineventlog", "computer_name": "CLIENT1", "keywords": ["Audit Success"], "provider_name": "Microsoft-Windows-Security-Auditing", "provider_guid": "{54849625-5478-4994-A5BA-3E3B0328C30D}", "process": {"pid": 448, "thread": {"id": 512}}, "event_data": {"PrivilegeList": "SeAssignPrimaryTokenPrivilege\n\t\t\tSeTcbPrivilege\n\t\t\tSeSecurityPrivilege\n\t\t\tSeTakeOwnershipPrivilege\n\t\t\tSeLoadDriverPrivilege\n\t\t\tSeBackupPrivilege\n\t\t\tSeRestorePrivilege\n\t\t\tSeDebugPrivilege\n\t\t\tSeAuditPrivilege\n\t\t\tSeSystemEnvironmentPrivilege\n\t\t\tSeImpersonatePrivilege", "SubjectUserSid": "<pseudonym:cd1a3afeeac92cb813605e21e464de7db0ca53fa0190d3a1372a46f60ddd0712>", "SubjectUserName": "<pseudonym:387dddca7f9c9fa71c41295d7790d3bcd791cfe79b2dd4843551dfd0bf47acf2>", "SubjectDomainName": "NT AUTHORITY", "SubjectLogonId": "0x3e7"}, "opcode": "Info"}}
{"pseudonym": "387dddca7f9c9fa71c41295d7790d3bcd791cfe79b2dd4843551dfd0bf47acf2", "origin": "iioiZSE2kWVqxUr2ejR2VCCIX0BGQ4iBPIzByUq27roCK+nGDQnA8AwgAglHhXa2V+B5WG9uhLVOkwXXfpVL70u/2z4XchqvZJ6TN0T/JhCcXimOju0+KGDcvOkrzbbHKt3x6gqjkrEetqsCcyAxG8uKCvFHneXZvfg/lWdVHSneThLwJ5tF3Z6RsJmo02jFBJBK3Sp5EDocnc80FyRMs1ucu3mhPTsK0Uqe3GWl6aOqQzuOLb7joMRwMMgOeUEswZQAHxa8E8uAKfwSP/Pa1Zq8EF4adq4N7xUQWidgZDdcnTE7OT4A77IkGgKV/nhcmUqxbkiS3qLXiwNDOBfLEYmOlqCA2UszVg1tebPK"}
{"pseudonym": "cd1a3afeeac92cb813605e21e464de7db0ca53fa0190d3a1372a46f60ddd0712", "origin": "oFtMjWDWCQXhBMGP9aCAs37onEk9YU6r2RawBZcFL0vFVVG66D/BwPu4crZ0esqxw2nUtI9MBubY/ZuY3PrlsC+x521SIdAvTLJ/FR6/lpuGXDuMruTczjCrbkQFyatdWfqsQfgLdyhlH2l0wHH8DT6gOp68CepQ9wlONKFLJi846a5xAa4ueVvbsZNe0Y+HG7a3JM64hk3QcDLGtyccr4ddTQrKsurDJmhusYuEAZtTCNmmpgbKYGGo3KLRsy4IY5H+GesndaVsEALtFJXfCSMB3YH6PIpKnQ5oXVdQrHdiqKHqdFX0qvrbSTdm9XKgZhr4glL9T2XKPcJf9rzRFG/HtK9eVfYYBHkoIf0jUJU="}
{"@timestamp": "2019-08-02T09:55:00.765Z", "@metadata": {"beat": "winlogbeat", "type": "_doc", "version": "7.2.0", "topic": "wineventlog_raw"}, "winlog": {"channel": "Security", "provider_name": "Microsoft-Windows-Security-Auditing", "opcode": "Info", "provider_guid": "{54849625-5478-4994-A5BA-3E3B0328C30D}", "process": {"pid": 448, "thread": {"id": 512}}, "keywords": ["Audit Success"], "event_data": {"SubjectLogonId": "0x3e7", "PrivilegeList": "SeAssignPrimaryTokenPrivilege\n\t\t\tSeTcbPrivilege\n\t\t\tSeSecurityPrivilege\n\t\t\tSeTakeOwnershipPrivilege\n\t\t\tSeLoadDriverPrivilege\n\t\t\tSeBackupPrivilege\n\t\t\tSeRestorePrivilege\n\t\t\tSeDebugPrivilege\n\t\t\tSeAuditPrivilege\n\t\t\tSeSystemEnvironmentPrivilege\n\t\t\tSeImpersonatePrivilege", "SubjectUserSid": "<pseudonym:cd1a3afeeac92cb813605e21e464de7db0ca53fa0190d3a1372a46f60ddd0712>", "SubjectUserName": "<pseudonym:387dddca7f9c9fa71c41295d7790d3bcd791cfe79b2dd4843551dfd0bf47acf2>", "SubjectDomainName": "NT AUTHORITY"}, "event_id": 4672, "record_id": 4685, "task": "Special Logon", "api": "wineventlog", "computer_name": "CLIENT1"}, "event": {"action": "Special Logon", "created": "2019-08-02T09:55:12.184Z", "kind": "event", "code": 4672}, "log": {"level": "information"}, "message": "Special privileges assigned to new logon.\n\nSubject:\n\tSecurity ID:\t\tS-1-5-18\n\tAccount Name:\t\tSYSTEM\n\tAccount Domain:\t\tNT AUTHORITY\n\tLogon ID:\t\t0x3e7\n\nPrivileges:\t\tSeAssignPrimaryTokenPrivilege\n\t\t\tSeTcbPrivilege\n\t\t\tSeSecurityPrivilege\n\t\t\tSeTakeOwnershipPrivilege\n\t\t\tSeLoadDriverPrivilege\n\t\t\tSeBackupPrivilege\n\t\t\tSeRestorePrivilege\n\t\t\tSeDebugPrivilege\n\t\t\tSeAuditPrivilege\n\t\t\tSeSystemEnvironmentPrivilege\n\t\t\tSeImpersonatePrivilege", "agent": {"hostname": "CLIENT1", "id": "0b755aca-0a9a-454a-9800-1979901962a0", "version": "7.2.0", "type": "winlogbeat", "ephemeral_id": "de845cd9-5141-4c92-ad32-27a4518307e9"}, "ecs": {"version": "1.0.0"}, "host": {"name": "CLIENT1", "hostname": "CLIENT1", "architecture": "x86", "os": {"family": "windows", "name": "Windows 7 Professional", "kernel": "6.1.7601.18741 (win7sp1_gdr.150202-1526)", "build": "7601.0", "platform": "windows", "version": "6.1"}, "id": "19fc45ac-5890-4f96-81b1-50ed111c0ce4"}}
{"pseudonym": "cd1a3afeeac92cb813605e21e464de7db0ca53fa0190d3a1372a46f60ddd0712", "origin": "F7wvwytPlCgbDwemCi6x9fuYe5KRQxCwypccwzLy/BZ5+FVfYkYutue9TnvICiKhghrTIZpvC0/hc6MxXiyV/gVPYpeFb9Ari5f4YPAsMz+QSaTkBOh9NjgXgrmP6hMKunwdBJIyryhd5WjVheUH3re7xVZ256d4XE8RVVDmKxKXujcIzYtS0H2rdLKxg5d7/jUz0mUeKbz06jHqI68z2FvlEkDE2QRrYpLBnnPv75gN8QlAQfQaTTkjKNdU6PfTsOarEVbpp9tgVJ85p5gZh5vqfxAc/grA+g5OqmE8uO1gumgWe+skbLu+ubghFPU682ziIH6G5NezkDCigcohN3BtWOIVq1NqY9JQvanGpLY="}
{"pseudonym": "2246ce99b75c4aebaf0cd5d095e35cdb0cbf0f8adaf28ed864467242b621c30c", "origin": "tW5KWJQOWiPy7NUw9d4SZlKscDyc8ap9DwD6+BwikemzxPFHUEOdz1gxSGNgfJEE0TIGW6RGaR0X+6kNGPixmgvFwBD9a8N107pqE1DA55bN+VpQFXl/DoCMKDBPtdhm0vWBhP9kG8KwJnEzdfVEk0S/NPNuRgviwfPOwplswHrXrTjrfMpXBmAAKaMgBxyP+/fBdxfA2S1UtNfTqihcDv7VJahYnYVIDCsOrVeBJCpAt4RkHQR1t92MABngVoxJxoJ15JRq34By6bgacoys6IqGxY7RlnaaGN3kzzGivlYPOQH3IbQ3Zc981RyRAQyFGHuI+2Secf8ban+iTiJMqgIVek6b5Dsordj+tIJS9ux34gFWTMMTcKxbLe6bLkKJcVY/FJC6ZOOVJ1nDUA9bznGemLCZ"}
{"@timestamp": "2019-08-02T09:55:34.878Z", "@metadata": {"beat": "winlogbeat", "type": "_doc", "version": "7.2.0", "topic": "wineventlog_raw"}, "winlog": {"activity_id": "{67144949-5132-4859-8036-A737B43825D8}", "channel": "System", "record_id": 11757, "api": "wineventlog", "event_id": 7001, "provider_name": "Microsoft-Windows-Winlogon", "opcode": "Info", "process": {"pid": 380, "thread": {"id": 408}}, "user": {"name": "SYSTEM", "domain": "NT AUTHORITY", "type": "User", "identifier": "<pseudonym:cd1a3afeeac92cb813605e21e464de7db0ca53fa0190d3a1372a46f60ddd0712>"}, "computer_name": "CLIENT1", "event_data": {"TSId": "1", "UserSid": "<pseudonym:2246ce99b75c4aebaf0cd5d095e35cdb0cbf0f8adaf28ed864467242b621c30c>"}, "task": "", "provider_guid": "{DBE9B383-7CF3-4331-91CC-A3CB16A3B538}"}, "ecs": {"version": "1.0.0"}, "host": {"architecture": "x86", "os": {"kernel": "6.1.7601.18741 (win7sp1_gdr.150202-1526)", "build": "7601.0", "platform": "windows", "version": "6.1", "family": "windows", "name": "Windows 7 Professional"}, "id": "19fc45ac-5890-4f96-81b1-50ed111c0ce4", "name": "CLIENT1", "hostname": "CLIENT1"}, "agent": {"id": "0b755aca-0a9a-454a-9800-1979901962a0", "version": "7.2.0", "type": "winlogbeat", "ephemeral_id": "de845cd9-5141-4c92-ad32-27a4518307e9", "hostname": "CLIENT1"}, "event": {"code": 7001, "created": "2019-08-02T09:55:36.224Z", "kind": "event"}, "log": {"level": "information"}, "message": "User Logon Notification for Customer Experience Improvement Program"}
{"@timestamp": "2019-08-02T09:57:14.000Z", "@metadata": {"beat": "winlogbeat", "type": "_doc", "version": "7.2.0", "topic": "wineventlog_raw"}, "agent": {"type": "winlogbeat", "ephemeral_id": "de845cd9-5141-4c92-ad32-27a4518307e9", "hostname": "CLIENT1", "id": "0b755aca-0a9a-454a-9800-1979901962a0", "version": "7.2.0"}, "message": "The Windows Security Center Service has started.", "winlog": {"event_id": 1, "task": "", "computer_name": "CLIENT1", "provider_name": "SecurityCenter", "api": "wineventlog", "opcode": "Info", "channel": "Application", "keywords": ["Classic"], "record_id": 2945}, "event": {"kind": "event", "code": 1, "created": "2019-08-02T09:57:15.097Z"}, "log": {"level": "information"}, "ecs": {"version": "1.0.0"}, "host": {"id": "19fc45ac-5890-4f96-81b1-50ed111c0ce4", "hostname": "CLIENT1", "architecture": "x86", "name": "CLIENT1", "os": {"build": "7601.0", "platform": "windows", "version": "6.1", "family": "windows", "name": "Windows 7 Professional", "kernel": "6.1.7601.18741 (win7sp1_gdr.150202-1526)"}}}
{"pseudonym": "e887f3a09fdddf7c81a563b81f90ed9499d86badaa6173d1aa197a2b544d13b1", "origin": "HmtDNL2wi63tsFjyWU85lG6/PY06xH4PD5WIIpZRJK+N+hAAiaL30siQxTtItHHp5tb1Ce+ywT0pqMRe+yIuNhwP6XvAEx6r0zBd2Tdv1VKW7zCUFRUe/CoTly5qHLKfkUgxNJ6/qlG6wHv1a5/hZXQRCHDgVhitaNPlu4w8lpkIkShDwvHeABu00Nyu+tnf4TN+B3NLGJXfw4iys4uNdEiBayzHGHM43nmzsan4SIOfxmmjieK/L1pWMJLbcz6QRocJp8Ab/Kbv98MYRd0X3XQjE7nhV0JqjZ6SNdQej1F9tBAnnq/6uu3HkTW1QYmxJ8Hfn8aUPNDAJZ4sIlb7SxgXwhhKPHhu52y4U4HOH7E="}
{"pseudonym": "cd1a3afeeac92cb813605e21e464de7db0ca53fa0190d3a1372a46f60ddd0712", "origin": "agff65VayGLvyqEFhr5A7e6oDu95J7OqXUNRYz7mUoLCE5szFQvHWa6w/5UgCQqMMFGfN2GNgCwlmGhiQ7Cuj2YI9rcq8wWPj5/CdimWMOPLUbIqRv3kfB4XE4bdE2ZzzrrlErl3ALv9m9cgSDwBznrH1jBc8PtuZ9QWDQji+iE4PSfd9lvhVQPCO9atMFZnCgb2W46HoUKfOqNXnBC7JGe4fP9klxGd3Oc8nRrvAOuxQ0IvRVp0WV6pImNCPGtSrd7z4v/+Y5eezy1mZvIVt1iuljemVTHOI0G84DxQNGpHSpqK8wE5YMCnV6WppDpZW0urPZlg2RRSCDUqWPudCn5L2vIThP/nFdAZfOWSBAA="}
{"@timestamp": "2019-08-02T10:05:05.894Z", "@metadata": {"beat": "winlogbeat", "type": "_doc", "version": "7.2.0", "topic": "wineventlog_raw"}, "event": {"kind": "event", "code": 4616, "action": "Security State Change", "created": "2019-08-02T10:05:09.290Z"}, "log": {"level": "information"}, "message": "The system time was changed.\n\nSubject:\n\tSecurity ID:\t\tS-1-5-18\n\tAccount Name:\t\tCLIENT1$\n\tAccount Domain:\t\tWORKGROUP\n\tLogon ID:\t\t0x3e7\n\nProcess Information:\n\tProcess ID:\t0x5b4\n\tName:\t\tC:\\Program Files\\NetTime\\NetTimeService.exe\n\nPrevious Time:\t\t\u200e2019\u200e-\u200e08\u200e-\u200e02T10:05:07.090630100Z\nNew Time:\t\t\u200e2019\u200e-\u200e08\u200e-\u200e02T10:05:05.894000000Z\n\nThis event is generated when the system time is changed. It is normal for the Windows Time Service, which runs with System privilege, to change the system time on a regular basis. Other system time changes may be indicative of attempts to tamper with the computer.", "ecs": {"version": "1.0.0"}, "host": {"hostname": "CLIENT1", "architecture": "x86", "os": {"name": "Windows 7 Professional", "kernel": "6.1.7601.18741 (win7sp1_gdr.150202-1526)", "build": "7601.0", "platform": "windows", "version": "6.1", "family": "windows"}, "id": "19fc45ac-5890-4f96-81b1-50ed111c0ce4", "name": "CLIENT1"}, "agent": {"version": "7.2.0", "type": "winlogbeat", "ephemeral_id": "de845cd9-5141-4c92-ad32-27a4518307e9", "hostname": "CLIENT1", "id": "0b755aca-0a9a-454a-9800-1979901962a0"}, "winlog": {"opcode": "Info", "event_id": 4616, "provider_name": "Microsoft-Windows-Security-Auditing", "record_id": 4700, "provider_guid": "{54849625-5478-4994-A5BA-3E3B0328C30D}", "keywords": ["Audit Success"], "version": 1, "process": {"pid": 4, "thread": {"id": 60}}, "api": "wineventlog", "event_data": {"NewTime": "2019-08-02T10:05:05.894000000Z", "ProcessId": "0x5b4", "ProcessName": "C:\\Program Files\\NetTime\\NetTimeService.exe", "SubjectUserSid": "<pseudonym:cd1a3afeeac92cb813605e21e464de7db0ca53fa0190d3a1372a46f60ddd0712>", "SubjectUserName": "<pseudonym:e887f3a09fdddf7c81a563b81f90ed9499d86badaa6173d1aa197a2b544d13b1>", "SubjectDomainName": "WORKGROUP", "SubjectLogonId": "0x3e7", "PreviousTime": "2019-08-02T10:05:07.090630100Z"}, "channel": "Security", "task": "Security State Change", "computer_name": "CLIENT1"}}
{"pseudonym": "cd1a3afeeac92cb813605e21e464de7db0ca53fa0190d3a1372a46f60ddd0712", "origin": "WvjtsmqnkCd6klhSDl+AEywd6IAMBOq90uu9asj8gMn1mhmm7mfVo+d3GXyM7vhEqL8uXEbe6gtL5TnRcNzYi3DMC//VY1EbUcoKj8U2SDFlVe1u4xjaX5bIVqmZ4uka1XT42p2QqMwzom0Sqd1Hrm0ycWr1Rnkui6i/Zrn9+f/AjSYSUVzUD07upzx0Is8ROWKy1KtzE9GSltr8+g6SwSCg9d4N4f+Wj+hvLNBg5DPAOzfOJsv8pRXxDpNCU0WM9zh2fns5wrYvwrwV65rfZ3MEC6skwOuYviQdgTiy43IK+ce03DnQPxlvKvX7/mzKUBWukLCIB9h6xy4fsk7ygOaiPosT6vFV6JMSF+km8Wc="}
{"@timestamp": "2019-08-02T10:15:05.451Z", "@metadata": {"beat": "winlogbeat", "type": "_doc", "version": "7.2.0", "topic": "wineventlog_raw"}, "event": {"kind": "event", "code": 1, "created": "2019-08-02T10:15:07.497Z"}, "log": {"level": "information"}, "message": "The system time has changed to \u200e2019\u200e-\u200e08\u200e-\u200e02T10:15:05.451000000Z from \u200e2019\u200e-\u200e08\u200e-\u200e02T10:15:06.124132000Z.", "agent": {"ephemeral_id": "de845cd9-5141-4c92-ad32-27a4518307e9", "hostname": "CLIENT1", "id": "0b755aca-0a9a-454a-9800-1979901962a0", "version": "7.2.0", "type": "winlogbeat"}, "ecs": {"version": "1.0.0"}, "host": {"name": "CLIENT1", "architecture": "x86", "os": {"version": "6.1", "family": "windows", "name": "Windows 7 Professional", "kernel": "6.1.7601.18741 (win7sp1_gdr.150202-1526)", "build": "7601.0", "platform": "windows"}, "id": "19fc45ac-5890-4f96-81b1-50ed111c0ce4", "hostname": "CLIENT1"}, "winlog": {"provider_guid": "{A68CA8B7-004F-D7B6-A698-07E2DE0F1F5D}", "process": {"thread": {"id": 1504}, "pid": 1460}, "event_id": 1, "api": "wineventlog", "user": {"identifier": "<pseudonym:cd1a3afeeac92cb813605e21e464de7db0ca53fa0190d3a1372a46f60ddd0712>", "name": "SYSTEM", "domain": "NT AUTHORITY", "type": "User"}, "channel": "System", "provider_name": "Microsoft-Windows-Kernel-General", "keywords": ["Time"], "task": "", "record_id": 11785, "computer_name": "CLIENT1", "event_data": {"NewTime": "2019-08-02T10:15:05.451000000Z", "OldTime": "2019-08-02T10:15:06.124132000Z"}, "opcode": "Info"}}
{"pseudonym": "cd1a3afeeac92cb813605e21e464de7db0ca53fa0190d3a1372a46f60ddd0712", "origin": "OuGyAE8EG8V7xSelSHdXbKPSlF+w2GZeYM8/Q2iTcLYxMLQ+fWdwzBxpxLj79qeZQYOetg/9YQz7PcSiUPX9UnI1SMrTG2fTZ1+3vF8O5tTAYSIJbwiPCvoXRmYFg+mdt47tZSHrL4j0dkfGzKWQEAKItsGzZpO3XLIHFkOdJYI9LJ3Txkp2kp+8Xu0bAyqWTFRo0tXmSZ2WSZOkX98m3MJ4RTvq6cvzZnSaqx4cLaX58tKOTtp95HVvJijwHVbZld3BKuKwe5IKkVmfl79DfwSuIlwimTZcPN+15jYTu7xgNU4HJq1e55a3xKuOTCPeOndoizKVXxFtgtmSvMMiA2UNnb1CtXv9f6KqiF2rlhY="}
{"@timestamp": "2019-08-02T10:30:04.798Z", "@metadata": {"beat": "winlogbeat", "type": "_doc", "version": "7.2.0", "topic": "wineventlog_raw"}, "message": "The system time has changed to \u200e2019\u200e-\u200e08\u200e-\u200e02T10:30:04.798000000Z from \u200e2019\u200e-\u200e08\u200e-\u200e02T10:30:05.731478300Z.", "host": {"id": "19fc45ac-5890-4f96-81b1-50ed111c0ce4", "hostname": "CLIENT1", "name": "CLIENT1", "architecture": "x86", "os": {"family": "windows", "name": "Windows 7 Professional", "kernel": "6.1.7601.18741 (win7sp1_gdr.150202-1526)", "build": "7601.0", "platform": "windows", "version": "6.1"}}, "agent": {"type": "winlogbeat", "ephemeral_id": "de845cd9-5141-4c92-ad32-27a4518307e9", "hostname": "CLIENT1", "id": "0b755aca-0a9a-454a-9800-1979901962a0", "version": "7.2.0"}, "ecs": {"version": "1.0.0"}, "winlog": {"user": {"type": "User", "identifier": "<pseudonym:cd1a3afeeac92cb813605e21e464de7db0ca53fa0190d3a1372a46f60ddd0712>", "name": "SYSTEM", "domain": "NT AUTHORITY"}, "api": "wineventlog", "process": {"pid": 1460, "thread": {"id": 1504}}, "computer_name": "CLIENT1", "event_id": 1, "record_id": 11789, "task": "", "keywords": ["Time"], "opcode": "Info", "channel": "System", "provider_name": "Microsoft-Windows-Kernel-General", "provider_guid": "{A68CA8B7-004F-D7B6-A698-07E2DE0F1F5D}", "event_data": {"NewTime": "2019-08-02T10:30:04.798000000Z", "OldTime": "2019-08-02T10:30:05.731478300Z"}}, "event": {"kind": "event", "code": 1, "created": "2019-08-02T10:30:05.862Z"}, "log": {"level": "information"}}
{"@timestamp": "2019-08-02T10:38:19.479Z", "@metadata": {"beat": "winlogbeat", "type": "_doc", "version": "7.2.0", "topic": "wineventlog_raw"}, "event": {"kind": "event", "code": 7036, "created": "2019-08-02T10:38:20.119Z"}, "agent": {"type": "winlogbeat", "ephemeral_id": "de845cd9-5141-4c92-ad32-27a4518307e9", "hostname": "CLIENT1", "id": "0b755aca-0a9a-454a-9800-1979901962a0", "version": "7.2.0"}, "ecs": {"version": "1.0.0"}, "host": {"name": "CLIENT1", "architecture": "x86", "os": {"family": "windows", "name": "Windows 7 Professional", "kernel": "6.1.7601.18741 (win7sp1_gdr.150202-1526)", "build": "7601.0", "platform": "windows", "version": "6.1"}, "id": "19fc45ac-5890-4f96-81b1-50ed111c0ce4", "hostname": "CLIENT1"}, "log": {"level": "information"}, "message": "The Disk Defragmenter service entered the running state.", "winlog": {"event_id": 7036, "event_data": {"param1": "Disk Defragmenter", "param2": "running", "Binary": "6400650066007200610067007300760063002F0034000000"}, "provider_name": "Service Control Manager", "record_id": 11792, "keywords": ["Classic"], "process": {"thread": {"id": 2844}, "pid": 440}, "channel": "System", "task": "", "provider_guid": "{555908d1-a6d7-4695-8e1e-26931d2012f4}", "computer_name": "CLIENT1", "api": "wineventlog"}}
{"pseudonym": "cd1a3afeeac92cb813605e21e464de7db0ca53fa0190d3a1372a46f60ddd0712", "origin": "nmiz4rkZvSzhxdEaJK66yH2fih7XKqytTWQoNxPi+A8mUc7IDx+MhDCCFTzqbJQ7txhseUjfL4AvPXkHtVl1+u/C+B+Uk8u94gdf8oWUQhHtVHNgANi4M0pIH5cT6BO8f/mk/SlMYYqb840GQgDVw92bKLMrk39JGcNznH2oGhhSfbXD+nJoDByyZ54brnzrBwi3cMKWYVS385aSFnYvJ/QgGEhzssafKY9fBtgxqPIrhxiK7PVXeSVnWaBRf+GRltrNVcEaPM2PjZCae/gBrnRIGOgjNxx+wakQlTvP8P047o+NYI93DWSNvnyBK01qyemwdEWBliYawhZFC7wO2xRDfvcnL5CK+dQfUebPrHY="}
{"@timestamp": "2019-08-02T10:45:04.276Z", "@metadata": {"beat": "winlogbeat", "type": "_doc", "version": "7.2.0", "topic": "wineventlog_raw"}, "event": {"created": "2019-08-02T10:45:05.308Z", "kind": "event", "code": 1}, "ecs": {"version": "1.0.0"}, "host": {"name": "CLIENT1", "hostname": "CLIENT1", "architecture": "x86", "os": {"version": "6.1", "family": "windows", "name": "Windows 7 Professional", "kernel": "6.1.7601.18741 (win7sp1_gdr.150202-1526)", "build": "7601.0", "platform": "windows"}, "id": "19fc45ac-5890-4f96-81b1-50ed111c0ce4"}, "agent": {"ephemeral_id": "de845cd9-5141-4c92-ad32-27a4518307e9", "hostname": "CLIENT1", "id": "0b755aca-0a9a-454a-9800-1979901962a0", "version": "7.2.0", "type": "winlogbeat"}, "log": {"level": "information"}, "message": "The system time has changed to \u200e2019\u200e-\u200e08\u200e-\u200e02T10:45:04.276000000Z from \u200e2019\u200e-\u200e08\u200e-\u200e02T10:45:05.142429600Z.", "winlog": {"user": {"type": "User", "identifier": "<pseudonym:cd1a3afeeac92cb813605e21e464de7db0ca53fa0190d3a1372a46f60ddd0712>", "name": "SYSTEM", "domain": "NT AUTHORITY"}, "task": "", "keywords": ["Time"], "opcode": "Info", "channel": "System", "record_id": 11795, "event_data": {"OldTime": "2019-08-02T10:45:05.142429600Z", "NewTime": "2019-08-02T10:45:04.276000000Z"}, "api": "wineventlog", "computer_name": "CLIENT1", "provider_guid": "{A68CA8B7-004F-D7B6-A698-07E2DE0F1F5D}", "process": {"pid": 1460, "thread": {"id": 1504}}, "event_id": 1, "provider_name": "Microsoft-Windows-Kernel-General"}}
{"@timestamp": "2019-08-02T10:48:11.208Z", "@metadata": {"beat": "winlogbeat", "type": "_doc", "version": "7.2.0", "topic": "wineventlog_raw"}, "ecs": {"version": "1.0.0"}, "host": {"name": "CLIENT1", "hostname": "CLIENT1", "architecture": "x86", "os": {"name": "Windows 7 Professional", "kernel": "6.1.7601.18741 (win7sp1_gdr.150202-1526)", "build": "7601.0", "platform": "windows", "version": "6.1", "family": "windows"}, "id": "19fc45ac-5890-4f96-81b1-50ed111c0ce4"}, "agent": {"id": "0b755aca-0a9a-454a-9800-1979901962a0", "version": "7.2.0", "type": "winlogbeat", "ephemeral_id": "de845cd9-5141-4c92-ad32-27a4518307e9", "hostname": "CLIENT1"}, "winlog": {"record_id": 11798, "api": "wineventlog", "process": {"thread": {"id": 3136}, "pid": 440}, "event_data": {"param2": "stopped", "Binary": "5600530053002F0031000000", "param1": "Volume Shadow Copy"}, "channel": "System", "event_id": 7036, "provider_name": "Service Control Manager", "task": "", "computer_name": "CLIENT1", "keywords": ["Classic"], "provider_guid": "{555908d1-a6d7-4695-8e1e-26931d2012f4}"}, "event": {"kind": "event", "code": 7036, "created": "2019-08-02T10:48:12.676Z"}, "log": {"level": "information"}, "message": "The Volume Shadow Copy service entered the stopped state."}
