{"@timestamp": "2019-08-02T09:48:54.740Z", "@metadata": {"beat": "winlogbeat", "type": "_doc", "version": "7.2.0", "topic": "wineventlog_raw"}, "host": {"id": "19fc45ac-5890-4f96-81b1-50ed111c0ce4", "name": "CLIENT1", "hostname": "CLIENT1", "architecture": "x86", "os": {"platform": "windows", "version": "6.1", "family": "windows", "name": "Windows 7 Professional", "kernel": "6.1.7601.18741 (win7sp1_gdr.150202-1526)", "build": "7601.0"}}, "agent": {"ephemeral_id": "de845cd9-5141-4c92-ad32-27a4518307e9", "hostname": "CLIENT1", "id": "0b755aca-0a9a-454a-9800-1979901962a0", "version": "7.2.0", "type": "winlogbeat"}, "winlog": {"record_id": 11649, "event_data": {"param1": "Microsoft .NET Framework NGEN v4.0.30319_X86", "param2": "stopped", "Binary": "63006C0072005F006F007000740069006D0069007A006100740069006F006E005F00760034002E0030002E00330030003300310039005F00330032002F0031000000"}, "provider_name": "Service Control Manager", "keywords": ["Classic"], "event_id": 7036, "api": "wineventlog", "process": {"pid": 440, "thread": {"id": 3492}}, "provider_guid": "{555908d1-a6d7-4695-8e1e-26931d2012f4}", "channel": "System", "task": "", "computer_name": "CLIENT1"}, "event": {"kind": "event", "code": 7036, "created": "2019-08-02T09:55:12.049Z"}, "log": {"level": "information"}, "message": "The Microsoft .NET Framework NGEN v4.0.30319_X86 service entered the stopped state.", "ecs": {"version": "1.0.0"}}
{"@timestamp": "2019-08-02T09:54:27.302Z", "@metadata": {"beat": "winlogbeat", "type": "_doc", "version": "7.2.0", "topic": "wineventlog_raw"}, "message": "The Microsoft FTP Service service entered the stopped state.", "ecs": {"version": "1.0.0"}, "host": {"name": "CLIENT1", "os": {"platform": "windows", "version": "6.1", "family": "windows", "name": "Windows 7 Professional", "kernel": "6.1.7601.18741 (win7sp1_gdr.150202-1526)", "build": "7601.0"}, "id": "19fc45ac-5890-4f96-81b1-50ed111c0ce4", "hostname": "CLIENT1", "architecture": "x86"}, "agent": {"id": "0b755aca-0a9a-454a-9800-1979901962a0", "version": "7.2.0", "type": "winlogbeat", "ephemeral_id": "de845cd9-5141-4c92-ad32-27a4518307e9", "hostname": "CLIENT1"}, "winlog": {"api": "wineventlog", "provider_guid": "{555908d1-a6d7-4695-8e1e-26931d2012f4}", "process": {"thread": {"id": 2680}, "pid": 440}, "channel": "System", "record_id": 11698, "computer_name": "CLIENT1", "keywords": ["Classic"], "event_id": 7036, "event_data": {"param1": "Microsoft FTP Service", "param2": "stopped", "Binary": "6600740070007300760063002F0031000000"}, "provider_name": "Service Control Manager", "task": ""}, "event": {"kind": "event", "code": 7036, "created": "2019-08-02T09:55:12.090Z"}, "log": {"level": "information"}}
{"@timestamp": "2019-08-02T09:54:55.703Z", "@metadata": {"beat": "winlogbeat", "type": "_doc", "version": "7.2.0", "topic": "wineventlog_raw"}, "host": {"os": {"platform": "windows", "version": "6.1", "family": "windows", "name": "Windows 7 Professional", "kernel": "6.1.7601.18741 (win7sp1_gdr.150202-1526)", "build": "7601.0"}, "id": "19fc45ac-5890-4f96-81b1-50ed111c0ce4", "hostname": "CLIENT1", "architecture": "x86", "name": "CLIENT1"}, "winlog": {"keywords": ["Classic"], "provider_guid": "{555908d1-a6d7-4695-8e1e-26931d2012f4}", "process": {"thread": {"id": 528}, "pid": 440}, "event_data": {"param2": "running", "Binary": "520070006300530073002F0034000000", "param1": "Remote Procedure Call (RPC)"}, "record_id": 11710, "api": "wineventlog", "task": "", "computer_name": "CLIENT1", "event_id": 7036, "channel": "System", "provider_name": "Service Control Manager"}, "event": {"kind": "event", "code": 7036, "created": "2019-08-02T09:55:12.091Z"}, "log": {"level": "information"}, "message": "The Remote Procedure Call (RPC) service entered the running state.", "agent": {"hostname": "CLIENT1", "id": "0b755aca-0a9a-454a-9800-1979901962a0", "version": "7.2.0", "type": "winlogbeat", "ephemeral_id": "de845cd9-5141-4c92-ad32-27a4518307e9"}, "ecs": {"version": "1.0.0"}}
{"@timestamp": "2019-08-02T09:54:57.109Z", "@metadata": {"beat": "winlogbeat", "type": "_doc", "version": "7.2.0", "topic": "wineventlog_raw"}, "log": {"level": "information"}, "message": "The Windows Audio Endpoint Builder service entered the running state.", "winlog": {"record_id": 11713, "keywords": ["Classic"], "provider_guid": "{555908d1-a6d7-4695-8e1e-26931d2012f4}", "event_data": {"param1": "Windows Audio Endpoint Builder", "param2": "running", "Binary": "41007500640069006F0045006E00640070006F0069006E0074004200750069006C006400650072002F0034000000"}, "task": "", "computer_name": "CLIENT1", "process": {"thread": {"id": 520}, "pid": 440}, "channel": "System", "api": "wineventlog", "event_id": 7036, "provider_name": "Service Control Manager"}, "agent": {"hostname": "CLIENT1", "id": "0b755aca-0a9a-454a-9800-1979901962a0", "version": "7.2.0", "type": "winlogbeat", "ephemeral_id": "de845cd9-5141-4c92-ad32-27a4518307e9"}, "ecs": {"version": "1.0.0"}, "host": {"name": "CLIENT1", "hostname": "CLIENT1", "architecture": "x86", "os": {"build": "7601.0", "platform": "windows", "version": "6.1", "family": "windows", "name": "Windows 7 Professional", "kernel": "6.1.7601.18741 (win7sp1_gdr.150202-1526)"}, "id": "19fc45ac-5890-4f96-81b1-50ed111c0ce4"}, "event": {"kind": "event", "code": 7036, "created": "2019-08-02T09:55:12.091Z"}}
{"@timestamp": "2019-08-02T09:55:01.453Z", "@metadata": {"beat": "winlogbeat", "type": "_doc", "version": "7.2.0", "topic": "wineventlog_raw"}, "event": {"created": "2019-08-02T09:55:12.092Z", "kind": "event", "code": 7036}, "log": {"level": "information"}, "message": "The Base Filtering Engine service entered the running state.", "winlog": {"provider_name": "Service Control Manager", "api": "wineventlog", "process": {"pid": 440, "thread": {"id": 524}}, "event_id": 7036, "keywords": ["Classic"], "channel": "System", "record_id": 11732, "task": "", "provider_guid": "{555908d1-a6d7-4695-8e1e-26931d2012f4}", "event_data": {"param1": "Base Filtering Engine", "param2": "running", "Binary": "4200460045002F0034000000"}, "computer_name": "CLIENT1"}, "agent": {"id": "0b755aca-0a9a-454a-9800-1979901962a0", "version": "7.2.0", "type": "winlogbeat", "ephemeral_id": "de845cd9-5141-4c92-ad32-27a4518307e9", "hostname": "CLIENT1"}, "ecs": {"version": "1.0.0"}, "host": {"name": "CLIENT1", "hostname": "CLIENT1", "architecture": "x86", "os": {"name": "Windows 7 Professional", "kernel": "6.1.7601.18741 (win7sp1_gdr.150202-1526)", "build": "7601.0", "platform": "windows", "version": "6.1", "family": "windows"}, "id": "19fc45ac-5890-4f96-81b1-50ed111c0ce4"}}
{"pseudonym": "cd1a3afeeac92cb813605e21e464de7db0ca53fa0190d3a1372a46f60ddd0712", "origin": "Qxg2n5Xn9aOwSNSpZ+9bpBTx2yWTV/Pj9d8NHBWVCaRkhJUMEGgZpipp8onVw2ogBNryHtJ60QbpawlDU/9iwYlN9vj7eGsxG49IuB4hCOvDKrX3u5MsEqhm+Es1ZlUbJVyToZcB9qljV/1QMuYC3dSh1DUcdKywGAcPxCuup22TsRIyXsrM9jFITaoqJ2j+/Dt5Zw5r7tWHmfGp1cbVpGKIfWxigTFnZYD6EJ28Y12TtyjGSlC4PL50R2qzObz8z509ocGeLwSzEYA3VFAPq7rcV6U21lDZSJo5cI5yJSy91dwI56gbNSyz/U3QW+OEnMoKZMav8zgs01bpBRgyuqQ/Lo9GsOpaq4az5CDaFOM="}
{"@timestamp": "2019-08-02T09:46:52.902Z", "@metadata": {"beat": "winlogbeat", "type": "_doc", "version": "7.2.0", "topic": "wineventlog_raw"}, "message": "Windows Management Instrumentation Service started sucessfully", "ecs": {"version": "1.0.0"}, "host": {"name": "CLIENT1", "architecture": "x86", "os": {"build": "7601.0", "platform": "windows", "version": "6.1", "family": "windows", "name": "Windows 7 Professional", "kernel": "6.1.7601.18741 (win7sp1_gdr.150202-1526)"}, "id": "19fc45ac-5890-4f96-81b1-50ed111c0ce4", "hostname": "CLIENT1"}, "agent": {"ephemeral_id": "de845cd9-5141-4c92-ad32-27a4518307e9", "hostname": "CLIENT1", "id": "0b755aca-0a9a-454a-9800-1979901962a0", "version": "7.2.0", "type": "winlogbeat"}, "winlog": {"user": {"name": "SYSTEM", "domain": "NT AUTHORITY", "type": "User", "identifier": "<pseudonym:cd1a3afeeac92cb813605e21e464de7db0ca53fa0190d3a1372a46f60ddd0712>"}, "provider_guid": "{1EDEEE53-0AFE-4609-B846-D8C0B2075B1F}", "channel": "Application", "task": "", "record_id": 2905, "api": "wineventlog", "process": {"thread": {"id": 1620}, "pid": 772}, "provider_name": "Microsoft-Windows-WMI", "opcode": "Info", "computer_name": "CLIENT1", "version": 2, "event_id": 5615}, "event": {"kind": "event", "code": 5615, "created": "2019-08-02T09:55:12.181Z"}, "log": {"level": "information"}}
{"@timestamp": "2019-08-02T09:47:41.000Z", "@metadata": {"beat": "winlogbeat", "type": "_doc", "version": "7.2.0", "topic": "wineventlog_raw"}, "agent": {"type": "winlogbeat", "ephemeral_id": "de845cd9-5141-4c92-ad32-27a4518307e9", "hostname": "CLIENT1", "id": "0b755aca-0a9a-454a-9800-1979901962a0", "version": "7.2.0"}, "ecs": {"version": "1.0.0"}, "winlog": {"api": "wineventlog", "event_data": {"param4": "C:\\ProgramData\\Microsoft\\Search\\Data\\Applications\\Windows\\MSS.log", "param1": "Windows", "param2": "2032", "param3": "Windows: "}, "channel": "Application", "event_id": 301, "provider_name": "ESENT", "record_id": 2912, "task": "Logging/Recovery", "computer_name": "CLIENT1", "opcode": "Info", "keywords": ["Classic"]}, "event": {"created": "2019-08-02T09:55:12.182Z", "kind": "event", "code": 301, "action": "Logging/Recovery"}, "log": {"level": "information"}, "message": "Windows (2032) Windows: The database engine has begun replaying logfile C:\\ProgramData\\Microsoft\\Search\\Data\\Applications\\Windows\\MSS.log.", "host": {"name": "CLIENT1", "architecture": "x86", "os": {"kernel": "6.1.7601.18741 (win7sp1_gdr.150202-1526)", "build": "7601.0", "platform": "windows", "version": "6.1", "family": "windows", "name": "Windows 7 Professional"}, "id": "19fc45ac-5890-4f96-81b1-50ed111c0ce4", "hostname": "CLIENT1"}}
{"pseudonym": "387dddca7f9c9fa71c41295d7790d3bcd791cfe79b2dd4843551dfd0bf47acf2", "origin": "vtnRtYPHS1VQyKocsoBBBC85PAIRCwLCshdB7cTnEtGf5ypaN+liIslUCuBPPOo8V6MIO1eXjsFbLf85ZCGP41FdZSfcZ1AA2Jt4/fR5G11sX9Kb65QBhDVmBMCrbXOEc2COubR/3PR3W1TXdcLoBsq/FLeYw0sIfjYPSFl63RnBu9EpIbt6jCzWZLlH/JdK9F+T+QAWhRtTypcANqGx2mc9nF+h/vSJiKV6cLLFjzUy9KzriiMgCtvxrCs86AJUid7zNieP6ZcJEqCTyL+8aN+nrEaox5EYhsImlWx7j87n+lN58f3b40FqDB90va1kXFhWq2hhTFW2zm1j/vmGf7Hfq/2fuiVZ0XcGjHfZ"}
{"pseudonym": "cd1a3afeeac92cb813605e21e464de7db0ca53fa0190d3a1372a46f60ddd0712", "origin": "mCt/Q+/P/Vnxy5wwp6yYjgihM4/AiIjVIP35tBTPMq7oThYHFOacT13LEy2uUmD20NVqo5+VZ/kRj2c5VwOAP746GBHOpnjeMRDLamYJDxWQWL9uz3iArM2f7JKe6dvp5Roo/N2Q9SMY/B5/Fzai1SWpK3fDN2a3mgFEknCJgk7W1rvbwzTX9ahv0QdNJ4ejKduTZenu6Em74ThzV2kg+BRpmwTQiJBuF1wi/vOsn/QWZ/m8ZqyIJX8XUR9DR6B516ylwByn/paS+H1gUZTHEaP+oqtAJdBQFLVIz1m55KMGquqsteDvNXHaS7Tu0+bVFqyYRYZJY3hI5xjVPEo/Cvjo9Hr1a+zb0ivoDcYuLlA="}
{"@timestamp": "2019-08-02T09:47:39.827Z", "@metadata": {"beat": "winlogbeat", "type": "_doc", "version": "7.2.0", "topic": "wineventlog_raw"}, "ecs": {"version": "1.0.0"}, "host": {"architecture": "x86", "os": {"kernel": "6.1.7601.18741 (win7sp1_gdr.150202-1526)", "build": "7601.0", "platform": "windows", "version": "6.1", "family": "windows", "name": "Windows 7 Professional"}, "id": "19fc45ac-5890-4f96-81b1-50ed111c0ce4", "name": "CLIENT1", "hostname": "CLIENT1"}, "winlog": {"computer_name": "CLIENT1", "event_data": {"SubjectUserName": "<pseudonym:387dddca7f9c9fa71c41295d7790d3bcd791cfe79b2dd4843551dfd0bf47acf2>", "SubjectDomainName": "NT AUTHORITY", "SubjectLogonId": "0x3e7", "PrivilegeList": "SeAssignPrimaryTokenPrivilege\n\t\t\tSeTcbPrivilege\n\t\t\tSeSecurityPrivilege\n\t\t\tSeTakeOwnershipPrivilege\n\t\t\tSeLoadDriverPrivilege\n\t\t\tSeBackupPrivilege\n\t\t\tSeRestorePrivilege\n\t\t\tSeDebugPrivilege\n\t\t\tSeAuditPrivilege\n\t\t\tSeSystemEnvironmentPrivilege\n\t\t\tSeImpersonatePrivilege", "SubjectUserSid": "<pseudonym:cd1a3afeeac92cb813605e21e464de7db0ca53fa0190d3a1372a46f60ddd0712>"}, "provider_name": "Microsoft-Windows-Security-Auditing", "record_id": 4664, "task": "Special Logon", "api": "wineventlog", "opcode": "Info", "provider_guid": "{54849625-5478-4994-A5BA-3E3B0328C30D}", "process": {"pid": 448, "thread": {"id": 504}}, "channel": "Security", "event_id": 4672, "keywords": ["Audit Success"]}, "event": {"kind": "event", "code": 4672, "action": "Special Logon", "created": "2019-08-02T09:55:12.183Z"}, "log": {"level": "information"}, "message": "Special privileges assigned to new logon.\n\nSubject:\n\tSecurity ID:\t\tS-1-5-18\n\tAccount Name:\t\tSYSTEM\n\tAccount Domain:\t\tNT AUTHORITY\n\tLogon ID:\t\t0x3e7\n\nPrivileges:\t\tSeAssignPrimaryTokenPrivilege\n\t\t\tSeTcbPrivilege\n\t\t\tSeSecurityPrivilege\n\t\t\tSeTakeOwnershipPrivilege\n\t\t\tSeLoadDriverPrivilege\n\t\t\tSeBackupPrivilege\n\t\t\tSeRestorePrivilege\n\t\t\tSeDebugPrivilege\n\t\t\tSeAuditPrivilege\n\t\t\tSeSystemEnvironmentPrivilege\n\t\t\tSeImpersonatePrivilege", "agent": {"ephemeral_id": "de845cd9-5141-4c92-ad32-27a4518307e9", "hostname": "CLIENT1", "id": "0b755aca-0a9a-454a-9800-1979901962a0", "version": "7.2.0", "type": "winlogbeat"}}
{"pseudonym": "e887f3a09fdddf7c81a563b81f90ed9499d86badaa6173d1aa197a2b544d13b1", "origin": "c9DM8Vk8GuMJtbxwGf3Dsj25N2g9/NBQu/74j7Wu+s6zd9t75i9/+F5Dco/1ATXwh0wQ36OIe7XAA3ej9KFhngkuRq5Rse3D0yhzMwFcl2c2T/2pE4Uac4f64cnLcY6DN6Aff4ClcF2g+gdfhLanxNrnff6jt/gVvU+EL0yJyqpT3uCnyTfiTwr5Lp3omLwXJgH8vy6e1BVJzUpvmIFS/um3hK9MkT5abXjWUcPTHZPmFAeNMJXbCR/U0hpCpo087qhJGLsdDSKHCUFL2z/JnL6fEIWjOTBAVI5pJJkdGOISHIjUH8+aeKlEj9CpJ9URnbvHu/QMZ6lvojiKmIC44/D9et/iYTaVtFWIybQLY6U="}
{"pseudonym": "387dddca7f9c9fa71c41295d7790d3bcd791cfe79b2dd4843551dfd0bf47acf2", "origin": "Cj1rZ8hLDNUM2/nBv+czBQKZ+qoFlDcPvmX7eUJIauVnqHiXb3PgHP4/esrS63WHPeftirYI5cUQK63yHE72P1fOYhqt8sUt/MMlC8GYqy7qQ5KXYyu2XvEDB2EAXxqRTbkHePRbOKF6OTaDtG/5wh3DwJWAgmN8iiEFfpnUvrghTosRtXF8Qaqj2hM7r1/BNUGzJoO/cL234CyFSpFGXdEHESG3QiEl9unWZnN3Rbg3mggTtUEr8Z9MiKvC8a/laamTERjdEEiN7/3AuN2ESW090a/tKc/U0L7GpPWdniQ2bS8lJbCIYO1WetqExY0Y5IuF7uA2Ahw9OqbkJUYW1o6B/TxfaKlzEL398RtH"}
{"pseudonym": "cd1a3afeeac92cb813605e21e464de7db0ca53fa0190d3a1372a46f60ddd0712", "origin": "uTGdUp+9T40Ar2Pi703ffPAgTxWIhAdPglHA9meX63i7ZIwP01vxWuBG0+y7ccG8lKbFqwDJLuDP+iySdoN6lVJpCShtgLRgutbfi8G/JGLCrwPqCtIqDaPoV175xxFdslpW67JTfq7J6U/ulVq1zVK4tyPbAI+FXV0XgvE/+RJQrdLzIU/C5pGKWV4Otz9FG5mE1wJ5QLCHJ0LuIUWi9xU+YkvP8PMdcq7pwE483HOb5Hz5o72m0PMb9H/24LD7PYh3684aIsQcZ11ij/4Xq2QqZ7cw5LGbtk+Aaty/W+tSwjsntBPQrldt4Z9Jh4UHeF1llV5X46Jh5grvk0NlySQb3gNdxj5QeSIAK+NxIA0="}
{"pseudonym": "91d121bc503735a145e0e9869d792d26f6b22784210a0daf5b63840be2abf69a", "origin": "KwoZ7fgVxEN2YSgl9BfqP9Mn/4eOfL+ZLNTQ3Dn1KccXNiQFQwlVh0IZkbYbir5E70D4XZf+A+Jhjype7ZlqltZ3lTl00mmykGWc8PuEYJlAt3TUluN5xLlj+gdU3T9lVLd8NeynB8qZXlxpLAbIy++3cbNictjR11S/CkHyzYc0RsPEoxz9snajmmB2sDRIunL4fK9xWWbltHZRJ73AunMaCAXMg2jIulH9BeQ1LWtWCNqtAOwsz5CvyAfAoy/wZ4c/XPiZz44RryjgseJ4jgVWa/uwrapgnXuHf8pd7u3xCSXxDa8CQ1/RPBAmcbTnRyN7Y3XSWbLFGk7wKfGnACa/r9E+NHtVIA=="}
{"@timestamp": "2019-08-02T09:55:03.078Z", "@metadata": {"beat": "winlogbeat", "type": "_doc", "version": "7.2.0", "topic": "wineventlog_raw"}, "winlog": {"task": "Logon", "process": {"pid": 448, "thread": {"id": 748}}, "computer_name": "CLIENT1", "keywords": ["Audit Success"], "channel": "Security", "api": "wineventlog", "record_id": 4687, "opcode": "Info", "event_data": {"AuthenticationPackageName": "Negotiate", "SubjectLogonId": "0x3e7", "LogonProcessName": "Advapi  ", "KeyLength": "0", "IpAddress": "<pseudonym:91d121bc503735a145e0e9869d792d26f6b22784210a0daf5b63840be2abf69a>", "LmPackageName": "-", "SubjectDomainName": "WORKGROUP", "SubjectUserSid": "<pseudonym:cd1a3afeeac92cb813605e21e464de7db0ca53fa0190d3a1372a46f60ddd0712>", "LogonType": "5", "LogonGuid": "{00000000-0000-0000-0000-000000000000}", "TransmittedServices": "-", "IpPort": "-", "TargetLogonId": "0x3e7", "SubjectUserName": "<pseudonym:e887f3a09fdddf7c81a563b81f90ed9499d86badaa6173d1aa197a2b544d13b1>"}, "event_id": 4624, "provider_name": "Microsoft-Windows-Security-Auditing", "provider_guid": "{54849625-5478-4994-A5BA-3E3B0328C30D}"}, "user": {"id": "S-1-5-18", "name": "<pseudonym:387dddca7f9c9fa71c41295d7790d3bcd791cfe79b2dd4843551dfd0bf47acf2>", "domain": "NT AUTHORITY"}, "event": {"type": "authentication_success", "kind": "event", "code": 4624, "action": "Logon", "created": "2019-08-02T09:55:12.184Z", "category": "authentication"}, "log": {"level": "information"}, "message": "An account was successfully logged on.\n\nSubject:\n\tSecurity ID:\t\tS-1-5-18\n\tAccount Name:\t\tCLIENT1$\n\tAccount Domain:\t\tWORKGROUP\n\tLogon ID:\t\t0x3e7\n\nLogon Type:\t\t\t5\n\nNew Logon:\n\tSecurity ID:\t\tS-1-5-18\n\tAccount Name:\t\tSYSTEM\n\tAccount Domain:\t\tNT AUTHORITY\n\tLogon ID:\t\t0x3e7\n\tLogon GUID:\t\t{00000000-0000-0000-0000-000000000000}\n\nProcess Information:\n\tProcess ID:\t\t0x1b8\n\tProcess Name:\t\tC:\\Windows\\System32\\services.exe\n\nNetwork Information:\n\tWorkstation Name:\t\n\tSource Network Address:\t-\n\tSource Port:\t\t-\n\nDetailed Authentication Information:\n\tLogon Process:\t\tAdvapi  \n\tAuthentication Package:\tNegotiate\n\tTransited Services:\t-\n\tPackage Name (NTLM only):\t-\n\tKey Length:\t\t0\n\nThis event is generated when a logon session is created. It is generated on the computer that was accessed.\n\nThe subject fields indicate the account on the local system which requested the logon. This is most commonly a service such as the Server service, or a local process such as Winlogon.exe or Services.exe.\n\nThe logon type field indicates the kind of logon that occurred. The most common types are 2 (interactive) and 3 (network).\n\nThe New Logon fields indicate the account for whom the new logon was created, i.e. the account that was logged on.\n\nThe network fields indicate where a remote logon request originated. Workstation name is not always available and may be left blank in some cases.\n\nThe authentication information fields provide detailed information about this specific logon request.\n\t- Logon GUID is a unique identifier that can be used to correlate this event with a KDC event.\n\t- Transited services indicate which intermediate services have participated in this logon request.\n\t- Package name indicates which sub-protocol was used among the NTLM protocols.\n\t- Key length indicates the length of the generated session key. This will be 0 if no session key was requested.", "process": {"pid": 440, "executable": "C:\\Windows\\System32\\services.exe", "name": "services.exe"}, "host": {"os": {"platform": "windows", "version": "6.1", "family": "windows", "name": "Windows 7 Professional", "kernel": "6.1.7601.18741 (win7sp1_gdr.150202-1526)", "build": "7601.0"}, "id": "19fc45ac-5890-4f96-81b1-50ed111c0ce4", "hostname": "CLIENT1", "name": "CLIENT1", "architecture": "x86"}, "agent": {"type": "winlogbeat", "ephemeral_id": "de845cd9-5141-4c92-ad32-27a4518307e9", "hostname": "CLIENT1", "id": "0b755aca-0a9a-454a-9800-1979901962a0", "version": "7.2.0"}, "ecs": {"version": "1.0.0"}}
{"pseudonym": "91d121bc503735a145e0e9869d792d26f6b22784210a0daf5b63840be2abf69a", "origin": "s44jYo3AzijB6rxk5ck2JGwR0Zw7FDmAQulZjb2SlfP4SfhdUT+zuoO6n7YAUHphFNVwJjThsdXo1XUomwXRn4CqkRSnoWPgvWl1JuyKg2lawMnVO+W4Nl8mvhoH20JVXZVztJRZaw1hajgqx5fY7k+5tW3t4tFaehCjjg+9A980YevkfjX9NDLLlN151zcqYpwDiNumrhr6xgihteYBJb0v/Q9mp8fDutn9/TfZhLZgT3e4EkigZZFxE068uS31bjism7KHFUx9XRrK/EOYXzsC5GvNA/RCEBAInnPe7u0WeoSzCwCRDQHKImvoxpmeSgD8TV2WEs2NaiDGaUQlfsdoJc74fufe/w=="}
{"pseudonym": "0a9c916a1c62614052ce38685fcd44542130ac1c6073e5b7a9a2cba0a2f994ad", "origin": "SUoyI4C+Y2lnMw3o6iVYBK5Z7ooEeh6PBcytrXllEBpxWDBUPazmgvIkz1KV4vx60/kzvzl0ZOWHbsBLi37KiK+l/eJ4235/5JI+ng+ACvHI5Abr4x4cyEHKN8w6UBYNXo3v1gQ3Uu68GKeZsuNcoqQqZuXwc8obcgZyJddVW84IhNpilz9qml9ygzvEAFGJtycnTyKojbxMMCJI41yaGsm0sLjSEOIrPYpa5l5KatOrhGOGkqrAi72+E8YahzFf19ekZlxBlfyXaZOWWSCC7ZW4V7JZV3nr0nX+Y6KOw87H4yyC2p5p0fhSOnaPbohXGq27eO7RuW92kbfuwV5hGJT2ibeHjitFPZaCdD66/BWKosGlusRe"}
{"pseudonym": "23248c71f7404e59aa79c6213a048486a57db314bcd3c62428d54a30e0d5a409", "origin": "pyDFm1/LwlWzdVaAWL8J30xRg6QBj/au7nPjZNBXIrffk1vYeT2gcZ/tYkfOJIGpR9EDSrx2v6SZii1Y+R0PkZsJvpF6Iaw2wwYZCpGxSpLA+jFIqIVpWR8ZG6cGzoW9j5DZC8DDUiLLS6xwP8rVUpyyOIvHhHTRq4GCgM+xaZgBVBkblANVm8Q/Ab7tnlTWfcUL3GPKJd9duLCW8kleAZjUh9W3C732NI+ocicCSZcnhJLifDq1jmWrLXOUOFHjSnmqIUK1wU/2/CQR39725zzshUDfj8cAMNFtiM1ZAsQdfy/k9bAJWF6f/SQMbG2Qr9k9Z4bOMfQ+2UNFsdRmtG7eBnsDCDp5zroKSkOgqw=="}
{"pseudonym": "91d121bc503735a145e0e9869d792d26f6b22784210a0daf5b63840be2abf69a", "origin": "fTMuvOszM6rqQw4LEYky6EzOTkbNj2xorqItodUEotqTm/RZt6ZQ+YSoIGYyEfS7BRf/WjMxE6qJ/cdo5nGsFZoXpTt+RtvR7aXYynBO9Eptvjf+FOhxzY5lfLPxiXMazqN9QNHFPzQUUrOKuzor+hXYw4taiuR5M46WDBPXGH8PlXmJTKPQjeWlb0xllhXDwqKfEColrKfZdeWdjehiK5EHiXRX3DYFKinFFquUMFJQBzs4mJwCxDqlNrbNVI/MmTvd0ziGWwFfcFDibYYXB1fjKWglUkm+/T6vUYAgfRTVxrH7V1BLSJENMB3+YmqtUE+EIiaXsZ58JMaST3Zc3dSlsAW+TxAAqw=="}
{"@timestamp": "2019-08-02T09:55:11.303Z", "@metadata": {"beat": "winlogbeat", "type": "_doc", "version": "7.2.0", "topic": "wineventlog_raw"}, "event": {"code": 4624, "category": "authentication", "type": "authentication_success", "action": "Logon", "created": "2019-08-02T09:55:12.186Z", "kind": "event"}, "ecs": {"version": "1.0.0"}, "user": {"id": "S-1-5-7", "name": "<pseudonym:0a9c916a1c62614052ce38685fcd44542130ac1c6073e5b7a9a2cba0a2f994ad>", "domain": "NT AUTHORITY"}, "process": {"pid": 0, "executable": "-", "name": "-"}, "host": {"name": "CLIENT1", "architecture": "x86", "os": {"build": "7601.0", "platform": "windows", "version": "6.1", "family": "windows", "name": "Windows 7 Professional", "kernel": "6.1.7601.18741 (win7sp1_gdr.150202-1526)"}, "id": "19fc45ac-5890-4f96-81b1-50ed111c0ce4", "hostname": "CLIENT1"}, "agent": {"type": "winlogbeat", "ephemeral_id": "de845cd9-5141-4c92-ad32-27a4518307e9", "hostname": "CLIENT1", "id": "0b755aca-0a9a-454a-9800-1979901962a0", "version": "7.2.0"}, "log": {"level": "information"}, "message": "An account was successfully logged on.\n\nSubject:\n\tSecurity ID:\t\tS-1-0-0\n\tAccount Name:\t\t-\n\tAccount Domain:\t\t-\n\tLogon ID:\t\t0x0\n\nLogon Type:\t\t\t3\n\nNew Logon:\n\tSecurity ID:\t\tS-1-5-7\n\tAccount Name:\t\tANONYMOUS LOGON\n\tAccount Domain:\t\tNT AUTHORITY\n\tLogon ID:\t\t0x1551b\n\tLogon GUID:\t\t{00000000-0000-0000-0000-000000000000}\n\nProcess Information:\n\tProcess ID:\t\t0x0\n\tProcess Name:\t\t-\n\nNetwork Information:\n\tWorkstation Name:\t\n\tSource Network Address:\t-\n\tSource Port:\t\t-\n\nDetailed Authentication Information:\n\tLogon Process:\t\tNtLmSsp \n\tAuthentication Package:\tNTLM\n\tTransited Services:\t-\n\tPackage Name (NTLM only):\tNTLM V1\n\tKey Length:\t\t0\n\nThis event is generated when a logon session is created. It is generated on the computer that was accessed.\n\nThe subject fields indicate the account on the local system which requested the logon. This is most commonly a service such as the Server service, or a local process such as Winlogon.exe or Services.exe.\n\nThe logon type field indicates the kind of logon that occurred. The most common types are 2 (interactive) and 3 (network).\n\nThe New Logon fields indicate the account for whom the new logon was created, i.e. the account that was logged on.\n\nThe network fields indicate where a remote logon request originated. Workstation name is not always available and may be left blank in some cases.\n\nThe authentication information fields provide detailed information about this specific logon request.\n\t- Logon GUID is a unique identifier that can be used to correlate this event with a KDC event.\n\t- Transited services indicate which intermediate services have participated in this logon request.\n\t- Package name indicates which sub-protocol was used among the NTLM protocols.\n\t- Key length indicates the length of the generated session key. This will be 0 if no session key was requested.", "winlog": {"api": "wineventlog", "provider_guid": "{54849625-5478-4994-A5BA-3E3B0328C30D}", "provider_name": "Microsoft-Windows-Security-Auditing", "computer_name": "CLIENT1", "process": {"pid": 448, "thread": {"id": 512}}, "task": "Logon", "opcode": "Info", "channel": "Security", "event_id": 4624, "event_data": {"IpPort": "-", "LogonType": "3", "LmPackageName": "NTLM V1", "SubjectUserSid": "<pseudonym:23248c71f7404e59aa79c6213a048486a57db314bcd3c62428d54a30e0d5a409>", "IpAddress": "<pseudonym:91d121bc503735a145e0e9869d792d26f6b22784210a0daf5b63840be2abf69a>", "SubjectUserName": "<pseudonym:91d121bc503735a145e0e9869d792d26f6b22784210a0daf5b63840be2abf69a>", "KeyLength": "0", "AuthenticationPackageName": "NTLM", "TransmittedServices": "-", "TargetLogonId": "0x1551b", "LogonGuid": "{00000000-0000-0000-0000-000000000000}", "SubjectLogonId": "0x0", "SubjectDomainName": "-", "LogonProcessName": "NtLmSsp "}, "record_id": 4691, "keywords": ["Audit Success"]}}
{"@timestamp": "2019-08-02T09:55:12.566Z", "@metadata": {"beat": "winlogbeat", "type": "_doc", "version": "7.2.0", "topic": "wineventlog_raw"}, "log": {"level": "information"}, "message": "The WinHTTP Web Proxy Auto-Discovery Service service entered the running state.", "agent": {"type": "winlogbeat", "ephemeral_id": "de845cd9-5141-4c92-ad32-27a4518307e9", "hostname": "CLIENT1", "id": "0b755aca-0a9a-454a-9800-1979901962a0", "version": "7.2.0"}, "ecs": {"version": "1.0.0"}, "host": {"name": "CLIENT1", "architecture": "x86", "os": {"build": "7601.0", "platform": "windows", "version": "6.1", "family": "windows", "name": "Windows 7 Professional", "kernel": "6.1.7601.18741 (win7sp1_gdr.150202-1526)"}, "id": "19fc45ac-5890-4f96-81b1-50ed111c0ce4", "hostname": "CLIENT1"}, "winlog": {"process": {"pid": 440, "thread": {"id": 1856}}, "keywords": ["Classic"], "channel": "System", "record_id": 11756, "computer_name": "CLIENT1", "provider_guid": "{555908d1-a6d7-4695-8e1e-26931d2012f4}", "api": "wineventlog", "event_data": {"param2": "running", "Binary": "570069006E0048007400740070004100750074006F00500072006F00780079005300760063002F0034000000", "param1": "WinHTTP Web Proxy Auto-Discovery Service"}, "event_id": 7036, "provider_name": "Service Control Manager", "task": ""}, "event": {"kind": "event", "code": 7036, "created": "2019-08-02T09:55:14.114Z"}}
{"@timestamp": "2019-08-02T09:55:37.000Z", "@metadata": {"beat": "winlogbeat", "type": "_doc", "version": "7.2.0", "topic": "wineventlog_raw"}, "log": {"level": "information"}, "message": "The Software Protection service is starting.", "winlog": {"event_id": 900, "computer_name": "CLIENT1", "provider_guid": "{E23B33B0-C8C9-472C-A5F9-F2BDFEA0F156}", "keywords": ["Classic"], "channel": "Application", "provider_name": "Microsoft-Windows-Security-SPP", "task": "", "api": "wineventlog", "record_id": 2932}, "host": {"architecture": "x86", "os": {"kernel": "6.1.7601.18741 (win7sp1_gdr.150202-1526)", "build": "7601.0", "platform": "windows", "version": "6.1", "family": "windows", "name": "Windows 7 Professional"}, "id": "19fc45ac-5890-4f96-81b1-50ed111c0ce4", "name": "CLIENT1", "hostname": "CLIENT1"}, "agent": {"id": "0b755aca-0a9a-454a-9800-1979901962a0", "version": "7.2.0", "type": "winlogbeat", "ephemeral_id": "de845cd9-5141-4c92-ad32-27a4518307e9", "hostname": "CLIENT1"}, "ecs": {"version": "1.0.0"}, "event": {"kind": "event", "code": 900, "created": "2019-08-02T09:55:37.338Z"}}
{"@timestamp": "2019-08-02T10:00:46.000Z", "@metadata": {"beat": "winlogbeat", "type": "_doc", "version": "7.2.0", "topic": "wineventlog_raw"}, "winlog": {"event_id": 6013, "api": "wineventlog", "record_id": 11779, "task": "", "computer_name": "CLIENT1", "event_data": {"param7": "-60 W. Europe Standard Time", "Binary": "31002E003100000030000000570069006E0064006F0077007300200037002000500072006F00660065007300730069006F006E0061006C00000036002E0031002E00370036003000310020004200750069006C006400200037003600300031002000530065007200760069006300650020005000610063006B002000310000004D0075006C0074006900700072006F0063006500730073006F00720020004600720065006500000037003600300031002E00770069006E0037007300700031005F006700640072002E003100350030003200300032002D00310035003200360000003500360066003300660039006200620000004E006F007400200041007600610069006C00610062006C00650000004E006F007400200041007600610069006C00610062006C006500000030000000310000003500310032000000340030003900000043004C00490045004E005400310000000000", "param5": "362", "param6": "60"}, "provider_name": "EventLog", "channel": "System", "keywords": ["Classic"]}, "event": {"kind": "event", "code": 6013, "created": "2019-08-02T10:00:46.545Z"}, "log": {"level": "information"}, "message": "The system uptime is 362 seconds.", "ecs": {"version": "1.0.0"}, "host": {"os": {"kernel": "6.1.7601.18741 (win7sp1_gdr.150202-1526)", "build": "7601.0", "platform": "windows", "version": "6.1", "family": "windows", "name": "Windows 7 Professional"}, "id": "19fc45ac-5890-4f96-81b1-50ed111c0ce4", "hostname": "CLIENT1", "architecture": "x86", "name": "CLIENT1"}, "agent": {"ephemeral_id": "de845cd9-5141-4c92-ad32-27a4518307e9", "hostname": "CLIENT1", "id": "0b755aca-0a9a-454a-9800-1979901962a0", "version": "7.2.0", "type": "winlogbeat"}}
{"pseudonym": "cd1a3afeeac92cb813605e21e464de7db0ca53fa0190d3a1372a46f60ddd0712", "origin": "VnvgscybcZn/GOAhqBGLiyrq/jkMycu4NWW4IVas/qH//0ptCZC7IflIDSDNG9+a9QfJ3xSVXlSGw+rWTv7S/OuBrbNgBFobKg47msU4VbmLn0DiAoKnvjZqDvBvgbngizp9s73g7x8+pZB2LAHyBFnJbSjIT3VJ67TF9BRQgYHlHnp9b17lhnrCRrYpNvdhG+/zyPgekLFq+FBH0jYzjEq2NyCrMxgKVXTt30tqMSecNP85JfDRGRXf4VC9xE8ZMcCI3p2ZonuOPXaOxLfl+SMFFhjeCn5H9YDRSc9D4NR30gSy2EtyUkaweOK8qk1xUuz+h1ioWvbebxPUYhAZFcs7m2/F1JkiZ+yuFRo6onc="}
{"@timestamp": "2019-08-02T10:35:04.654Z", "@metadata": {"beat": "winlogbeat", "type": "_doc", "version": "7.2.0", "topic": "wineventlog_raw"}, "event": {"kind": "event", "code": 1, "created": "2019-08-02T10:35:05.688Z"}, "log": {"level": "information"}, "message": "The system time has changed to \u200e2019\u200e-\u200e08\u200e-\u200e02T10:35:04.654000000Z from \u200e2019\u200e-\u200e08\u200e-\u200e02T10:35:05.419136600Z.", "host": {"name": "CLIENT1", "hostname": "CLIENT1", "architecture": "x86", "os": {"family": "windows", "name": "Windows 7 Professional", "kernel": "6.1.7601.18741 (win7sp1_gdr.150202-1526)", "build": "7601.0", "platform": "windows", "version": "6.1"}, "id": "19fc45ac-5890-4f96-81b1-50ed111c0ce4"}, "agent": {"id": "0b755aca-0a9a-454a-9800-1979901962a0", "version": "7.2.0", "type": "winlogbeat", "ephemeral_id": "de845cd9-5141-4c92-ad32-27a4518307e9", "hostname": "CLIENT1"}, "ecs": {"version": "1.0.0"}, "winlog": {"event_id": 1, "keywords": ["Time"], "record_id": 11791, "opcode": "Info", "event_data": {"NewTime": "2019-08-02T10:35:04.654000000Z", "OldTime": "2019-08-02T10:35:05.419136600Z"}, "channel": "System", "provider_name": "Microsoft-Windows-Kernel-General", "task": "", "computer_name": "CLIENT1", "provider_guid": "{A68CA8B7-004F-D7B6-A698-07E2DE0F1F5D}", "api": "wineventlog", "process": {"thread": {"id": 1504}, "pid": 1460}, "user": {"identifier": "<pseudonym:cd1a3afeeac92cb813605e21e464de7db0ca53fa0190d3a1372a46f60ddd0712>", "name": "SYSTEM", "domain": "NT AUTHORITY", "type": "User"}}}
{"pseudonym": "e887f3a09fdddf7c81a563b81f90ed9499d86badaa6173d1aa197a2b544d13b1", "origin": "F6sijS5U8IHrP5YFMyThiQLWD3wz+z9+tMv0Q0eWGWb+n1g5ixEHbIst4aJpX5B8G/JYyHyEyGx2RhttRuTGlO2G2Aswg1XM4gT3/ypgj/zSpbd0WOLlg1tOZPtR+Csd8RKFb4p44DDeZ8/Cv2b/3H33laLapHI282pi8vf1kHjRs/V3HVDVPYAr0QAcIesRONpbAd5rqAciBaS3wzQii/9/pw2dsXFFAF9c+lXLsyKvDSWPs3J4mII7d5HBs36RFeeAGEAii9WkaKAvxj+rPf5tfpjvM/ivdUjj1bJYoT4ZkU+0CKg2CRg2qry8mEjAIp2tN5fNdH4Q0bpcRa2TCe4f0M4zA9CXfWDvxn3YKiM="}
{"pseudonym": "cd1a3afeeac92cb813605e21e464de7db0ca53fa0190d3a1372a46f60ddd0712", "origin": "eOpIZXS+QdFGWpTLOfh64Y+lesfKzWh6ju2v6gJHFeC2JGbHJKc59gwsQXsgMBbegR/G001uUJPK897u0KDsj2ekxouwv8W0B9wpHkEBaXtmtngJ3+TUVOXvQJW18i2pzNyk2u41C+5Nu0c8XQ2rLFigtlZ3oxmHDUVUr2eudDS6pwiOumQd9cpgrweanCmwIY5cjtTu3ffGEwbOSZa+Vt00pJf6X2dlI5pxfeMFuIXqEWRaF5IgMYjAEFysMJmmYdEKSBDi4+eXoqDnYj5Svzn3DYgYxaNluMeXmTtpRAPVnNQB5kWMwylAZN8IWuMCBSYQqQEBCQ4JwA9+gDHAyDhKreXxGDa9OP3ZclUjspk="}
{"@timestamp": "2019-08-02T11:10:03.228Z", "@metadata": {"beat": "winlogbeat", "type": "_doc", "version": "7.2.0", "topic": "wineventlog_raw"}, "winlog": {"record_id": 4721, "api": "wineventlog", "provider_name": "Microsoft-Windows-Security-Auditing", "keywords": ["Audit Success"], "task": "Security State Change", "provider_guid": "{54849625-5478-4994-A5BA-3E3B0328C30D}", "version": 1, "process": {"pid": 4, "thread": {"id": 60}}, "event_id": 4616, "computer_name": "CLIENT1", "opcode": "Info", "channel": "Security", "event_data": {"PreviousTime": "2019-08-02T11:10:03.672912700Z", "NewTime": "2019-08-02T11:10:03.228000000Z", "ProcessId": "0x5b4", "ProcessName": "C:\\Program Files\\NetTime\\NetTimeService.exe", "SubjectUserSid": "<pseudonym:cd1a3afeeac92cb813605e21e464de7db0ca53fa0190d3a1372a46f60ddd0712>", "SubjectUserName": "<pseudonym:e887f3a09fdddf7c81a563b81f90ed9499d86badaa6173d1aa197a2b544d13b1>", "SubjectDomainName": "WORKGROUP", "SubjectLogonId": "0x3e7"}}, "agent": {"type": "winlogbeat", "ephemeral_id": "de845cd9-5141-4c92-ad32-27a4518307e9", "hostname": "CLIENT1", "id": "0b755aca-0a9a-454a-9800-1979901962a0", "version": "7.2.0"}, "ecs": {"version": "1.0.0"}, "host": {"name": "CLIENT1", "hostname": "CLIENT1", "architecture": "x86", "os": {"family": "windows", "name": "Windows 7 Professional", "kernel": "6.1.7601.18741 (win7sp1_gdr.150202-1526)", "build": "7601.0", "platform": "windows", "version": "6.1"}, "id": "19fc45ac-5890-4f96-81b1-50ed111c0ce4"}, "event": {"kind": "event", "code": 4616, "action": "Security State Change", "created": "2019-08-02T11:10:05.400Z"}, "log": {"level": "information"}, "message": "The system time was changed.\n\nSubject:\n\tSecurity ID:\t\tS-1-5-18\n\tAccount Name:\t\tCLIENT1$\n\tAccount Domain:\t\tWORKGROUP\n\tLogon ID:\t\t0x3e7\n\nProcess Information:\n\tProcess ID:\t0x5b4\n\tName:\t\tC:\\Program Files\\NetTime\\NetTimeService.exe\n\nPrevious Time:\t\t\u200e2019\u200e-\u200e08\u200e-\u200e02T11:10:03.672912700Z\nNew Time:\t\t\u200e2019\u200e-\u200e08\u200e-\u200e02T11:10:03.228000000Z\n\nThis event is generated when the system time is changed. It is normal for the Windows Time Service, which runs with System privilege, to change the system time on a regular basis. Other system time changes may be indicative of attempts to tamper with the computer."}
{"pseudonym": "cd1a3afeeac92cb813605e21e464de7db0ca53fa0190d3a1372a46f60ddd0712", "origin": "cgqzta4vahl3tqzfbpJkYKHttXONxaoz+0IRjvqB0zr0IPWgdQJNG4XGD8TEMMR6XUYgolAsyr3PmTc6jiQPZsj6bEmVD3BiX4XwxUAD6vfTlk6A23yXxRrNYWySTRfkU/+VN6KCPy3v1CweuCkbSUirNMT6+gIDaA+iCg1NE981jkv8KAtMUKSQq+bZ3PDxqKbhBGIDmGD53AIc8zTQs/y5ZtpLPtflSVN219iQb2CtQj0Fgk6CsFyJQeszEpX6bXGiJ7rxvT4ZUFCAUVQTXxK/qQLCBppB/+VSHdmopInlvS9ISFv20Kl0YlbZdyiLdh8dj/L5cb4cqMTfhyjPhcp2wnmTaNH1+ZuJFr2nkc0="}
{"@timestamp": "2019-08-02T11:15:03.087Z", "@metadata": {"beat": "winlogbeat", "type": "_doc", "version": "7.2.0", "topic": "wineventlog_raw"}, "message": "The system time has changed to \u200e2019\u200e-\u200e08\u200e-\u200e02T11:15:03.087000000Z from \u200e2019\u200e-\u200e08\u200e-\u200e02T11:15:03.691734000Z.", "winlog": {"channel": "System", "opcode": "Info", "event_data": {"NewTime": "2019-08-02T11:15:03.087000000Z", "OldTime": "2019-08-02T11:15:03.691734000Z"}, "api": "wineventlog", "computer_name": "CLIENT1", "provider_guid": "{A68CA8B7-004F-D7B6-A698-07E2DE0F1F5D}", "process": {"pid": 1460, "thread": {"id": 1504}}, "event_id": 1, "task": "", "keywords": ["Time"], "user": {"type": "User", "identifier": "<pseudonym:cd1a3afeeac92cb813605e21e464de7db0ca53fa0190d3a1372a46f60ddd0712>", "name": "SYSTEM", "domain": "NT AUTHORITY"}, "provider_name": "Microsoft-Windows-Kernel-General", "record_id": 11807}, "event": {"kind": "event", "code": 1, "created": "2019-08-02T11:15:05.088Z"}, "log": {"level": "information"}, "ecs": {"version": "1.0.0"}, "host": {"os": {"family": "windows", "name": "Windows 7 Professional", "kernel": "6.1.7601.18741 (win7sp1_gdr.150202-1526)", "build": "7601.0", "platform": "windows", "version": "6.1"}, "id": "19fc45ac-5890-4f96-81b1-50ed111c0ce4", "name": "CLIENT1", "hostname": "CLIENT1", "architecture": "x86"}, "agent": {"hostname": "CLIENT1", "id": "0b755aca-0a9a-454a-9800-1979901962a0", "version": "7.2.0", "type": "winlogbeat", "ephemeral_id": "de845cd9-5141-4c92-ad32-27a4518307e9"}}
{"pseudonym": "e887f3a09fdddf7c81a563b81f90ed9499d86badaa6173d1aa197a2b544d13b1", "origin": "s2dhbXGWjEc9pqPr/dotJn8G0Mm/+5ShmE03jIetQ8/RsfNNX+n03JWF/FKAUjjZF20IUd1UgVrp0fSVJjVhflAkNH5EPWGQPwKoq9xCpOzvBxoZNtvro2TnaQCQ7NkrnAjH8PT8x391ed+w+yhhp7HzFpDeNVRHsgxsJSqu0qmHC9DKZEKoDMRMPypoUS7xrgNK8RHUku41/58ux3QjQNF/VN58IhulL6YWm9HxK4JZKzrvZx8uFvnwaQmKGX/ldvl35hG5TT2C4I/sGBb//3p3q/CCBst0fMe7u3GJRJyxvyoM2dMbJBceMw0I59ABjNiqylle4A81fjc7AAdFuJXrFFALhoNS8inDx/5ntAw="}
{"pseudonym": "cd1a3afeeac92cb813605e21e464de7db0ca53fa0190d3a1372a46f60ddd0712", "origin": "vekOYecBOdWBV8gxkArhQ4eJUyMH++pIePMHm/sUJJSumbz2WUyjdM/6vRteUMGkeqdJr4LRiIF3+jlNw3RZ6hgSCyXiT/ZrIdornj43AD9jUA1qEvMULoIQYJQKZouH976H7NjxkMHkmmMQClIRPJZKykDC4OvstcGmvk8pvTkI07djb63WHmkp08A8AFt/D/+ihACG6EoGe5DXcyoVekeYuVLfxjIQaf6AOOMQwycmVM9EQbTvXYiBSYVjsIUbJ9qhJSlzjYZtsJ612HCl2kCbiJigGU2oaHa8tIS4/OCq7YSQRAsGTm8GI/28YWPhJZL0W18YnU2pozS05IMteehYNLIcWy1W1S6kYt4+DCU="}
{"@timestamp": "2019-08-02T11:45:01.841Z", "@metadata": {"beat": "winlogbeat", "type": "_doc", "version": "7.2.0", "topic": "wineventlog_raw"}, "agent": {"type": "winlogbeat", "ephemeral_id": "de845cd9-5141-4c92-ad32-27a4518307e9", "hostname": "CLIENT1", "id": "0b755aca-0a9a-454a-9800-1979901962a0", "version": "7.2.0"}, "ecs": {"version": "1.0.0"}, "host": {"os": {"platform": "windows", "version": "6.1", "family": "windows", "name": "Windows 7 Professional", "kernel": "6.1.7601.18741 (win7sp1_gdr.150202-1526)", "build": "7601.0"}, "id": "19fc45ac-5890-4f96-81b1-50ed111c0ce4", "hostname": "CLIENT1", "name": "CLIENT1", "architecture": "x86"}, "event": {"code": 4616, "action": "Security State Change", "created": "2019-08-02T11:45:02.060Z", "kind": "event"}, "log": {"level": "information"}, "message": "The system time was changed.\n\nSubject:\n\tSecurity ID:\t\tS-1-5-18\n\tAccount Name:\t\tCLIENT1$\n\tAccount Domain:\t\tWORKGROUP\n\tLogon ID:\t\t0x3e7\n\nProcess Information:\n\tProcess ID:\t0x5b4\n\tName:\t\tC:\\Program Files\\NetTime\\NetTimeService.exe\n\nPrevious Time:\t\t\u200e2019\u200e-\u200e08\u200e-\u200e02T11:45:02.591404000Z\nNew Time:\t\t\u200e2019\u200e-\u200e08\u200e-\u200e02T11:45:01.841000000Z\n\nThis event is generated when the system time is changed. It is normal for the Windows Time Service, which runs with System privilege, to change the system time on a regular basis. Other system time changes may be indicative of attempts to tamper with the computer.", "winlog": {"computer_name": "CLIENT1", "opcode": "Info", "keywords": ["Audit Success"], "process": {"pid": 4, "thread": {"id": 60}}, "event_id": 4616, "record_id": 4728, "task": "Security State Change", "event_data": {"NewTime": "2019-08-02T11:45:01.841000000Z", "ProcessId": "0x5b4", "ProcessName": "C:\\Program Files\\NetTime\\NetTimeService.exe", "SubjectUserSid": "<pseudonym:cd1a3afeeac92cb813605e21e464de7db0ca53fa0190d3a1372a46f60ddd0712>", "SubjectUserName": "<pseudonym:e887f3a09fdddf7c81a563b81f90ed9499d86badaa6173d1aa197a2b544d13b1>", "SubjectDomainName": "WORKGROUP", "SubjectLogonId": "0x3e7", "PreviousTime": "2019-08-02T11:45:02.591404000Z"}, "provider_name": "Microsoft-Windows-Security-Auditing", "api": "wineventlog", "provider_guid": "{54849625-5478-4994-A5BA-3E3B0328C30D}", "version": 1, "channel": "Security"}}
{"pseudonym": "cd1a3afeeac92cb813605e21e464de7db0ca53fa0190d3a1372a46f60ddd0712", "origin": "stYKy8wRvRa0xoPd5eBjhyElFG4ABzZzHqfB99T6G1Hem64EmTxDspMur40cQ7G8xt/vNRV5tUTsXtRPnon8iUe24S20sFsriFPX4y5lh1KzdctcUSfdWFAkGdPGS3b+kSmHDJ5EKME+b4xPdDbYjp0u/MX5pflyr/mkI8jJRlmYQZINQqzooJN/L9vJcw3oVSEVOAEDpibszvq7aaaxWaJbW6nCAHcRoq1ecnmEFGALIJtqv/TrYNmAZuerzm7tMbWAG0gG9AHPoFFH38L2uBf8bbqkAFKrx0vnn1dtE1pujJklhmWYT5UAIBpaNwEMS2K4AaZy2oTyIlZKGwfb+T/ycg0Leso2hUR+oNT+Lac="}
{"@timestamp": "2019-08-02T12:35:01.098Z", "@metadata": {"beat": "winlogbeat", "type": "_doc", "version": "7.2.0", "topic": "wineventlog_raw"}, "event": {"code": 1, "created": "2019-08-02T12:35:03.116Z", "kind": "event"}, "log": {"level": "information"}, "message": "The system time has changed to \u200e2019\u200e-\u200e08\u200e-\u200e02T12:35:01.098000000Z from \u200e2019\u200e-\u200e08\u200e-\u200e02T12:35:01.334310200Z.", "host": {"name": "CLIENT1", "os": {"name": "Windows 7 Professional", "kernel": "6.1.7601.18741 (win7sp1_gdr.150202-1526)", "build": "7601.0", "platform": "windows", "version": "6.1", "family": "windows"}, "id": "19fc45ac-5890-4f96-81b1-50ed111c0ce4", "hostname": "CLIENT1", "architecture": "x86"}, "agent": {"type": "winlogbeat", "ephemeral_id": "de845cd9-5141-4c92-ad32-27a4518307e9", "hostname": "CLIENT1", "id": "0b755aca-0a9a-454a-9800-1979901962a0", "version": "7.2.0"}, "ecs": {"version": "1.0.0"}, "winlog": {"keywords": ["Time"], "provider_guid": "{A68CA8B7-004F-D7B6-A698-07E2DE0F1F5D}", "event_data": {"NewTime": "2019-08-02T12:35:01.098000000Z", "OldTime": "2019-08-02T12:35:01.334310200Z"}, "event_id": 1, "opcode": "Info", "user": {"identifier": "<pseudonym:cd1a3afeeac92cb813605e21e464de7db0ca53fa0190d3a1372a46f60ddd0712>", "name": "SYSTEM", "domain": "NT AUTHORITY", "type": "User"}, "record_id": 11825, "task": "", "process": {"pid": 1460, "thread": {"id": 1504}}, "channel": "System", "api": "wineventlog", "computer_name": "CLIENT1", "provider_name": "Microsoft-Windows-Kernel-General"}}
{"pseudonym": "cd1a3afeeac92cb813605e21e464de7db0ca53fa0190d3a1372a46f60ddd0712", "origin": "oh4tm9UVN716Ly6lAByuBG9IeAC1JuN6IfhUXWK1b3ZZWO4jZF8P+W6azhPkmHeaJFrAQkizIxNoQhwSpqBGJWodjLlRlEdnjbbQc/NBkWlSt+sc6qlNNOzABQ/tnvLVuchqyaQ2VO+0cmG1JZT4Ec+ZAik5HCecMV8HDNiLQFBhQrH95KznOMsM1zqr+N7JGwfC6uJQ0woDU0BLlvzGd0bmBkDmSQFEnJPZbo2472n6FnncWrxpqPQ7AGfqjF/7tF0pw3djtJ+PXKBC9vIrfQNOnUqfkPPoMMsmOGuOw8SxM0G7lNYF3vq6dbO+fGixRm99+jSubWgRJJr/sMgU1IMAZnEgEmoKEmZMaLoz3IA="}
{"@timestamp": "2019-08-02T13:05:02.306Z", "@metadata": {"beat": "winlogbeat", "type": "_doc", "version": "7.2.0", "topic": "wineventlog_raw"}, "agent": {"type": "winlogbeat", "ephemeral_id": "de845cd9-5141-4c92-ad32-27a4518307e9", "hostname": "CLIENT1", "id": "0b755aca-0a9a-454a-9800-1979901962a0", "version": "7.2.0"}, "log": {"level": "information"}, "message": "The system time has changed to \u200e2019\u200e-\u200e08\u200e-\u200e02T13:05:02.306000000Z from \u200e2019\u200e-\u200e08\u200e-\u200e02T13:05:02.480151300Z.", "winlog": {"task": "", "provider_name": "Microsoft-Windows-Kernel-General", "keywords": ["Time"], "user": {"identifier": "<pseudonym:cd1a3afeeac92cb813605e21e464de7db0ca53fa0190d3a1372a46f60ddd0712>", "name": "SYSTEM", "domain": "NT AUTHORITY", "type": "User"}, "event_id": 1, "record_id": 11833, "channel": "System", "computer_name": "CLIENT1", "opcode": "Info", "provider_guid": "{A68CA8B7-004F-D7B6-A698-07E2DE0F1F5D}", "process": {"thread": {"id": 1504}, "pid": 1460}, "api": "wineventlog", "event_data": {"NewTime": "2019-08-02T13:05:02.306000000Z", "OldTime": "2019-08-02T13:05:02.480151300Z"}}, "event": {"created": "2019-08-02T13:05:04.306Z", "kind": "event", "code": 1}, "ecs": {"version": "1.0.0"}, "host": {"name": "CLIENT1", "os": {"name": "Windows 7 Professional", "kernel": "6.1.7601.18741 (win7sp1_gdr.150202-1526)", "build": "7601.0", "platform": "windows", "version": "6.1", "family": "windows"}, "id": "19fc45ac-5890-4f96-81b1-50ed111c0ce4", "hostname": "CLIENT1", "architecture": "x86"}}
{"pseudonym": "cd1a3afeeac92cb813605e21e464de7db0ca53fa0190d3a1372a46f60ddd0712", "origin": "qmBOJhyatuiNPcOl5bIXvfoGSZZ5jd2sFZJhtJEYBAxJeATO8GcK85ebFPtcZFUmmzik0qOTFc0kOl6VqTnDXFTrtIuRzpJK0oju+TJqag5e6VhYit8jRZjHJBRC3LjgL3HF6k7708aKILSMdcDMzYELYvE/4Nk9gwHe/+jq4IXykVHxjMSOZDYO0K2txKM0EPQvc2WjGL2fEYuuKRZTBfEXnRPk1P9knVD5n3UTlVh8B5xbdMkWDZmG85nce3Gbea0bVKyIeRmXOw3+Z9LO5TQGMoDPCrsZfQMtdQ4saRX1gpmWRKKZ+pE8Iofy1wLcwQYlGvJVzOhxUUAURjPohUpea/Zpp44KFNmnb37kRqU="}
{"@timestamp": "2019-08-02T13:15:02.779Z", "@metadata": {"beat": "winlogbeat", "type": "_doc", "version": "7.2.0", "topic": "wineventlog_raw"}, "winlog": {"event_data": {"NewTime": "2019-08-02T13:15:02.779000000Z", "OldTime": "2019-08-02T13:15:02.912100800Z"}, "task": "", "provider_guid": "{A68CA8B7-004F-D7B6-A698-07E2DE0F1F5D}", "user": {"domain": "NT AUTHORITY", "type": "User", "identifier": "<pseudonym:cd1a3afeeac92cb813605e21e464de7db0ca53fa0190d3a1372a46f60ddd0712>", "name": "SYSTEM"}, "keywords": ["Time"], "channel": "System", "event_id": 1, "api": "wineventlog", "computer_name": "CLIENT1", "opcode": "Info", "provider_name": "Microsoft-Windows-Kernel-General", "record_id": 11835, "process": {"pid": 1460, "thread": {"id": 1504}}}, "event": {"kind": "event", "code": 1, "created": "2019-08-02T13:15:03.780Z"}, "log": {"level": "information"}, "message": "The system time has changed to \u200e2019\u200e-\u200e08\u200e-\u200e02T13:15:02.779000000Z from \u200e2019\u200e-\u200e08\u200e-\u200e02T13:15:02.912100800Z.", "ecs": {"version": "1.0.0"}, "host": {"architecture": "x86", "os": {"kernel": "6.1.7601.18741 (win7sp1_gdr.150202-1526)", "build": "7601.0", "platform": "windows", "version": "6.1", "family": "windows", "name": "Windows 7 Professional"}, "name": "CLIENT1", "id": "19fc45ac-5890-4f96-81b1-50ed111c0ce4", "hostname": "CLIENT1"}, "agent": {"id": "0b755aca-0a9a-454a-9800-1979901962a0", "version": "7.2.0", "type": "winlogbeat", "ephemeral_id": "de845cd9-5141-4c92-ad32-27a4518307e9", "hostname": "CLIENT1"}}
{"pseudonym": "cd1a3afeeac92cb813605e21e464de7db0ca53fa0190d3a1372a46f60ddd0712", "origin": "GCyqkjsCAYVK4xwE7ibxQfR0APwR5gnXAUYS/gZuAIawikXbFAdY3Fm5k6d3UeqrYLqWgur8miV9xSm8D4j85VvXXB/GZzA9srKvDIb8nhv/JnlW/tBqb5veK9qsPlp9C1Ky3iffMkND36cPT7okD6MsKewmkY+o2CffSRZaaNQjzHz+xzeH41cSDENg4L6T4rDXI630QyxhiDPsgacG46NUiZrTrxW4tbtEiZwTmJpmPM6VD/BB31Ped6xrDF0BlV1ZMVcJaBad4/EdlwAiYdpFmtv43oL3NuzzrsDBLb7tOqrJdiYQAXx340Ks9q++ciKAmllfbbS8qlNyJ17tlY4dJBy56j3+HR9WYR+ouCg="}
{"@timestamp": "2019-08-02T13:35:04.072Z", "@metadata": {"beat": "winlogbeat", "type": "_doc", "version": "7.2.0", "topic": "wineventlog_raw"}, "ecs": {"version": "1.0.0"}, "host": {"name": "CLIENT1", "os": {"kernel": "6.1.7601.18741 (win7sp1_gdr.150202-1526)", "build": "7601.0", "platform": "windows", "version": "6.1", "family": "windows", "name": "Windows 7 Professional"}, "id": "19fc45ac-5890-4f96-81b1-50ed111c0ce4", "hostname": "CLIENT1", "architecture": "x86"}, "winlog": {"process": {"pid": 1460, "thread": {"id": 1504}}, "user": {"domain": "NT AUTHORITY", "type": "User", "identifier": "<pseudonym:cd1a3afeeac92cb813605e21e464de7db0ca53fa0190d3a1372a46f60ddd0712>", "name": "SYSTEM"}, "channel": "System", "task": "", "event_data": {"NewTime": "2019-08-02T13:35:04.072000000Z", "OldTime": "2019-08-02T13:35:04.220963600Z"}, "api": "wineventlog", "opcode": "Info", "keywords": ["Time"], "provider_guid": "{A68CA8B7-004F-D7B6-A698-07E2DE0F1F5D}", "provider_name": "Microsoft-Windows-Kernel-General", "computer_name": "CLIENT1", "event_id": 1, "record_id": 11839}, "event": {"code": 1, "created": "2019-08-02T13:35:05.071Z", "kind": "event"}, "log": {"level": "information"}, "message": "The system time has changed to \u200e2019\u200e-\u200e08\u200e-\u200e02T13:35:04.072000000Z from \u200e2019\u200e-\u200e08\u200e-\u200e02T13:35:04.220963600Z.", "agent": {"hostname": "CLIENT1", "id": "0b755aca-0a9a-454a-9800-1979901962a0", "version": "7.2.0", "type": "winlogbeat", "ephemeral_id": "de845cd9-5141-4c92-ad32-27a4518307e9"}}
{"@timestamp": "2019-08-02T14:02:00.048Z", "@metadata": {"beat": "winlogbeat", "type": "_doc", "version": "7.2.0", "topic": "wineventlog_raw"}, "log": {"level": "information"}, "message": "The Adobe Flash Player Update Service service entered the running state.", "ecs": {"version": "1.0.0"}, "host": {"hostname": "CLIENT1", "name": "CLIENT1", "architecture": "x86", "os": {"kernel": "6.1.7601.18741 (win7sp1_gdr.150202-1526)", "build": "7601.0", "platform": "windows", "version": "6.1", "family": "windows", "name": "Windows 7 Professional"}, "id": "19fc45ac-5890-4f96-81b1-50ed111c0ce4"}, "agent": {"ephemeral_id": "de845cd9-5141-4c92-ad32-27a4518307e9", "hostname": "CLIENT1", "id": "0b755aca-0a9a-454a-9800-1979901962a0", "version": "7.2.0", "type": "winlogbeat"}, "winlog": {"channel": "System", "process": {"pid": 440, "thread": {"id": 1456}}, "task": "", "record_id": 11845, "api": "wineventlog", "computer_name": "CLIENT1", "keywords": ["Classic"], "provider_guid": "{555908d1-a6d7-4695-8e1e-26931d2012f4}", "event_data": {"param2": "running", "Binary": "410064006F006200650046006C0061007300680050006C0061007900650072005500700064006100740065005300760063002F0034000000", "param1": "Adobe Flash Player Update Service"}, "event_id": 7036, "provider_name": "Service Control Manager"}, "event": {"kind": "event", "code": 7036, "created": "2019-08-02T14:02:01.454Z"}}
