{"@timestamp": "2019-08-02T09:46:26.593Z", "@metadata": {"beat": "winlogbeat", "type": "_doc", "version": "7.2.0", "topic": "wineventlog_raw"}, "ecs": {"version": "1.0.0"}, "host": {"name": "CLIENT1", "id": "19fc45ac-5890-4f96-81b1-50ed111c0ce4", "hostname": "CLIENT1", "architecture": "x86", "os": {"platform": "windows", "version": "6.1", "family": "windows", "name": "Windows 7 Professional", "kernel": "6.1.7601.18741 (win7sp1_gdr.150202-1526)", "build": "7601.0"}}, "agent": {"type": "winlogbeat", "ephemeral_id": "33f6eec2-a7ba-4caa-97b3-ea43b4f5e172", "hostname": "CLIENT1", "id": "0b755aca-0a9a-454a-9800-1979901962a0", "version": "7.2.0"}, "winlog": {"process": {"pid": 440, "thread": {"id": 528}}, "event_data": {"param1": "DHCP Client", "param2": "running", "Binary": "44006800630070002F0034000000"}, "task": "", "api": "wineventlog", "computer_name": "CLIENT1", "provider_guid": "{555908d1-a6d7-4695-8e1e-26931d2012f4}", "provider_name": "Service Control Manager", "event_id": 7036, "keywords": ["Classic"], "channel": "System", "record_id": 11613}, "event": {"kind": "event", "code": 7036, "created": "2019-08-05T08:54:04.777Z"}, "log": {"level": "information"}, "message": "The DHCP Client service entered the running state."}
{"@timestamp": "2019-08-02T09:46:39.421Z", "@metadata": {"beat": "winlogbeat", "type": "_doc", "version": "7.2.0", "topic": "wineventlog_raw"}, "agent": {"ephemeral_id": "33f6eec2-a7ba-4caa-97b3-ea43b4f5e172", "hostname": "CLIENT1", "id": "0b755aca-0a9a-454a-9800-1979901962a0", "version": "7.2.0", "type": "winlogbeat"}, "winlog": {"provider_name": "Service Control Manager", "api": "wineventlog", "process": {"pid": 440, "thread": {"id": 524}}, "channel": "System", "provider_guid": "{555908d1-a6d7-4695-8e1e-26931d2012f4}", "event_data": {"param2": "running", "Binary": "49006D00440073006B005300760063002F0034000000", "param1": "ImDisk Virtual Disk Driver Helper"}, "task": "", "computer_name": "CLIENT1", "event_id": 7036, "keywords": ["Classic"], "record_id": 11623}, "event": {"code": 7036, "created": "2019-08-05T08:54:04.777Z", "kind": "event"}, "log": {"level": "information"}, "message": "The ImDisk Virtual Disk Driver Helper service entered the running state.", "ecs": {"version": "1.0.0"}, "host": {"name": "CLIENT1", "os": {"name": "Windows 7 Professional", "kernel": "6.1.7601.18741 (win7sp1_gdr.150202-1526)", "build": "7601.0", "platform": "windows", "version": "6.1", "family": "windows"}, "id": "19fc45ac-5890-4f96-81b1-50ed111c0ce4", "hostname": "CLIENT1", "architecture": "x86"}}
{"@timestamp": "2019-08-02T09:47:42.000Z", "@metadata": {"beat": "winlogbeat", "type": "_doc", "version": "7.2.0", "topic": "wineventlog_raw"}, "event": {"created": "2019-08-05T08:54:04.822Z", "kind": "event", "code": 14204}, "log": {"level": "information"}, "message": "Service 'WMPNetworkSvc' started.", "agent": {"ephemeral_id": "33f6eec2-a7ba-4caa-97b3-ea43b4f5e172", "hostname": "CLIENT1", "id": "0b755aca-0a9a-454a-9800-1979901962a0", "version": "7.2.0", "type": "winlogbeat"}, "ecs": {"version": "1.0.0"}, "host": {"name": "CLIENT1", "hostname": "CLIENT1", "architecture": "x86", "os": {"name": "Windows 7 Professional", "kernel": "6.1.7601.18741 (win7sp1_gdr.150202-1526)", "build": "7601.0", "platform": "windows", "version": "6.1", "family": "windows"}, "id": "19fc45ac-5890-4f96-81b1-50ed111c0ce4"}, "winlog": {"record_id": 11643, "keywords": ["Classic"], "provider_guid": "{6A2DC7C1-930A-4FB5-BB44-80B30AEBED6C}", "api": "wineventlog", "event_data": {"ServiceName": "WMPNetworkSvc"}, "provider_name": "Microsoft-Windows-WMPNSS-Service", "computer_name": "CLIENT1", "channel": "System", "event_id": 14204, "task": ""}}
{"@timestamp": "2019-08-02T09:48:54.740Z", "@metadata": {"beat": "winlogbeat", "type": "_doc", "version": "7.2.0", "topic": "wineventlog_raw"}, "ecs": {"version": "1.0.0"}, "host": {"id": "19fc45ac-5890-4f96-81b1-50ed111c0ce4", "hostname": "CLIENT1", "name": "CLIENT1", "architecture": "x86", "os": {"family": "windows", "name": "Windows 7 Professional", "kernel": "6.1.7601.18741 (win7sp1_gdr.150202-1526)", "build": "7601.0", "platform": "windows", "version": "6.1"}}, "agent": {"ephemeral_id": "33f6eec2-a7ba-4caa-97b3-ea43b4f5e172", "hostname": "CLIENT1", "id": "0b755aca-0a9a-454a-9800-1979901962a0", "version": "7.2.0", "type": "winlogbeat"}, "winlog": {"channel": "System", "provider_name": "Service Control Manager", "api": "wineventlog", "computer_name": "CLIENT1", "task": "", "provider_guid": "{555908d1-a6d7-4695-8e1e-26931d2012f4}", "process": {"pid": 440, "thread": {"id": 3492}}, "event_data": {"Binary": "63006C0072005F006F007000740069006D0069007A006100740069006F006E005F00760034002E0030002E00330030003300310039005F00330032002F0031000000", "param1": "Microsoft .NET Framework NGEN v4.0.30319_X86", "param2": "stopped"}, "event_id": 7036, "record_id": 11649, "keywords": ["Classic"]}, "event": {"code": 7036, "created": "2019-08-05T08:54:04.823Z", "kind": "event"}, "log": {"level": "information"}, "message": "The Microsoft .NET Framework NGEN v4.0.30319_X86 service entered the stopped state."}
{"@timestamp": "2019-08-02T09:53:55.236Z", "@metadata": {"beat": "winlogbeat", "type": "_doc", "version": "7.2.0", "topic": "wineventlog_raw"}, "agent": {"version": "7.2.0", "type": "winlogbeat", "ephemeral_id": "33f6eec2-a7ba-4caa-97b3-ea43b4f5e172", "hostname": "CLIENT1", "id": "0b755aca-0a9a-454a-9800-1979901962a0"}, "ecs": {"version": "1.0.0"}, "host": {"hostname": "CLIENT1", "architecture": "x86", "os": {"family": "windows", "name": "Windows 7 Professional", "kernel": "6.1.7601.18741 (win7sp1_gdr.150202-1526)", "build": "7601.0", "platform": "windows", "version": "6.1"}, "id": "19fc45ac-5890-4f96-81b1-50ed111c0ce4", "name": "CLIENT1"}, "winlog": {"event_data": {"param1": "Application Experience", "param2": "running", "Binary": "410065004C006F006F006B00750070005300760063002F0034000000"}, "event_id": 7036, "provider_name": "Service Control Manager", "record_id": 11660, "process": {"pid": 440, "thread": {"id": 3356}}, "api": "wineventlog", "provider_guid": "{555908d1-a6d7-4695-8e1e-26931d2012f4}", "computer_name": "CLIENT1", "keywords": ["Classic"], "channel": "System", "task": ""}, "event": {"kind": "event", "code": 7036, "created": "2019-08-05T08:54:04.921Z"}, "log": {"level": "information"}, "message": "The Application Experience service entered the running state."}
{"@timestamp": "2019-08-02T09:53:59.674Z", "@metadata": {"beat": "winlogbeat", "type": "_doc", "version": "7.2.0", "topic": "wineventlog_raw"}, "message": "The Group Policy Client service entered the stopped state.", "winlog": {"provider_name": "Service Control Manager", "keywords": ["Classic"], "event_data": {"param2": "stopped", "Binary": "670070007300760063002F0031000000", "param1": "Group Policy Client"}, "task": "", "process": {"thread": {"id": 4048}, "pid": 440}, "record_id": 11664, "computer_name": "CLIENT1", "provider_guid": "{555908d1-a6d7-4695-8e1e-26931d2012f4}", "channel": "System", "event_id": 7036, "api": "wineventlog"}, "event": {"kind": "event", "code": 7036, "created": "2019-08-05T08:54:04.921Z"}, "ecs": {"version": "1.0.0"}, "host": {"hostname": "CLIENT1", "name": "CLIENT1", "architecture": "x86", "os": {"family": "windows", "name": "Windows 7 Professional", "kernel": "6.1.7601.18741 (win7sp1_gdr.150202-1526)", "build": "7601.0", "platform": "windows", "version": "6.1"}, "id": "19fc45ac-5890-4f96-81b1-50ed111c0ce4"}, "agent": {"version": "7.2.0", "type": "winlogbeat", "ephemeral_id": "33f6eec2-a7ba-4caa-97b3-ea43b4f5e172", "hostname": "CLIENT1", "id": "0b755aca-0a9a-454a-9800-1979901962a0"}, "log": {"level": "information"}}
{"@timestamp": "2019-08-02T09:54:23.021Z", "@metadata": {"beat": "winlogbeat", "type": "_doc", "version": "7.2.0", "topic": "wineventlog_raw"}, "log": {"level": "information"}, "message": "The Security Center service entered the stopped state.", "host": {"id": "19fc45ac-5890-4f96-81b1-50ed111c0ce4", "name": "CLIENT1", "hostname": "CLIENT1", "architecture": "x86", "os": {"name": "Windows 7 Professional", "kernel": "6.1.7601.18741 (win7sp1_gdr.150202-1526)", "build": "7601.0", "platform": "windows", "version": "6.1", "family": "windows"}}, "agent": {"hostname": "CLIENT1", "id": "0b755aca-0a9a-454a-9800-1979901962a0", "version": "7.2.0", "type": "winlogbeat", "ephemeral_id": "33f6eec2-a7ba-4caa-97b3-ea43b4f5e172"}, "ecs": {"version": "1.0.0"}, "winlog": {"process": {"pid": 440, "thread": {"id": 2680}}, "provider_name": "Service Control Manager", "record_id": 11687, "keywords": ["Classic"], "provider_guid": "{555908d1-a6d7-4695-8e1e-26931d2012f4}", "computer_name": "CLIENT1", "event_data": {"param1": "Security Center", "param2": "stopped", "Binary": "7700730063007300760063002F0031000000"}, "event_id": 7036, "channel": "System", "task": "", "api": "wineventlog"}, "event": {"kind": "event", "code": 7036, "created": "2019-08-05T08:54:04.922Z"}}
{"@timestamp": "2019-08-02T09:54:23.521Z", "@metadata": {"beat": "winlogbeat", "type": "_doc", "version": "7.2.0", "topic": "wineventlog_raw"}, "host": {"name": "CLIENT1", "hostname": "CLIENT1", "architecture": "x86", "os": {"name": "Windows 7 Professional", "kernel": "6.1.7601.18741 (win7sp1_gdr.150202-1526)", "build": "7601.0", "platform": "windows", "version": "6.1", "family": "windows"}, "id": "19fc45ac-5890-4f96-81b1-50ed111c0ce4"}, "agent": {"hostname": "CLIENT1", "id": "0b755aca-0a9a-454a-9800-1979901962a0", "version": "7.2.0", "type": "winlogbeat", "ephemeral_id": "33f6eec2-a7ba-4caa-97b3-ea43b4f5e172"}, "log": {"level": "information"}, "message": "The User Profile Service service entered the stopped state.", "winlog": {"record_id": 11692, "computer_name": "CLIENT1", "channel": "System", "provider_name": "Service Control Manager", "api": "wineventlog", "keywords": ["Classic"], "provider_guid": "{555908d1-a6d7-4695-8e1e-26931d2012f4}", "process": {"pid": 440, "thread": {"id": 2680}}, "event_data": {"param1": "User Profile Service", "param2": "stopped", "Binary": "500072006F0066005300760063002F0031000000"}, "event_id": 7036, "task": ""}, "event": {"kind": "event", "code": 7036, "created": "2019-08-05T08:54:04.922Z"}, "ecs": {"version": "1.0.0"}}
{"@timestamp": "2019-08-02T09:54:25.083Z", "@metadata": {"beat": "winlogbeat", "type": "_doc", "version": "7.2.0", "topic": "wineventlog_raw"}, "ecs": {"version": "1.0.0"}, "host": {"name": "CLIENT1", "hostname": "CLIENT1", "architecture": "x86", "os": {"family": "windows", "name": "Windows 7 Professional", "kernel": "6.1.7601.18741 (win7sp1_gdr.150202-1526)", "build": "7601.0", "platform": "windows", "version": "6.1"}, "id": "19fc45ac-5890-4f96-81b1-50ed111c0ce4"}, "agent": {"ephemeral_id": "33f6eec2-a7ba-4caa-97b3-ea43b4f5e172", "hostname": "CLIENT1", "id": "0b755aca-0a9a-454a-9800-1979901962a0", "version": "7.2.0", "type": "winlogbeat"}, "message": "The Windows Defender service entered the stopped state.", "winlog": {"process": {"pid": 440, "thread": {"id": 2680}}, "task": "", "computer_name": "CLIENT1", "keywords": ["Classic"], "provider_guid": "{555908d1-a6d7-4695-8e1e-26931d2012f4}", "api": "wineventlog", "channel": "System", "provider_name": "Service Control Manager", "event_data": {"Binary": "570069006E0044006500660065006E0064002F0031000000", "param1": "Windows Defender", "param2": "stopped"}, "event_id": 7036, "record_id": 11695}, "event": {"kind": "event", "code": 7036, "created": "2019-08-05T08:54:04.922Z"}, "log": {"level": "information"}}
{"@timestamp": "2019-08-02T09:54:27.302Z", "@metadata": {"beat": "winlogbeat", "type": "_doc", "version": "7.2.0", "topic": "wineventlog_raw"}, "event": {"created": "2019-08-05T08:54:04.922Z", "kind": "event", "code": 7036}, "log": {"level": "information"}, "message": "The Microsoft FTP Service service entered the stopped state.", "ecs": {"version": "1.0.0"}, "host": {"architecture": "x86", "os": {"version": "6.1", "family": "windows", "name": "Windows 7 Professional", "kernel": "6.1.7601.18741 (win7sp1_gdr.150202-1526)", "build": "7601.0", "platform": "windows"}, "id": "19fc45ac-5890-4f96-81b1-50ed111c0ce4", "name": "CLIENT1", "hostname": "CLIENT1"}, "agent": {"hostname": "CLIENT1", "id": "0b755aca-0a9a-454a-9800-1979901962a0", "version": "7.2.0", "type": "winlogbeat", "ephemeral_id": "33f6eec2-a7ba-4caa-97b3-ea43b4f5e172"}, "winlog": {"task": "", "event_id": 7036, "api": "wineventlog", "keywords": ["Classic"], "channel": "System", "record_id": 11698, "computer_name": "CLIENT1", "provider_guid": "{555908d1-a6d7-4695-8e1e-26931d2012f4}", "process": {"thread": {"id": 2680}, "pid": 440}, "provider_name": "Service Control Manager", "event_data": {"param1": "Microsoft FTP Service", "param2": "stopped", "Binary": "6600740070007300760063002F0031000000"}}}
{"@timestamp": "2019-08-05T08:53:33.015Z", "@metadata": {"beat": "winlogbeat", "type": "_doc", "version": "7.2.0", "topic": "wineventlog_raw"}, "host": {"os": {"build": "7601.0", "platform": "windows", "version": "6.1", "family": "windows", "name": "Windows 7 Professional", "kernel": "6.1.7601.18741 (win7sp1_gdr.150202-1526)"}, "name": "CLIENT1", "id": "19fc45ac-5890-4f96-81b1-50ed111c0ce4", "hostname": "CLIENT1", "architecture": "x86"}, "message": "The Group Policy Client service entered the running state.", "winlog": {"keywords": ["Classic"], "process": {"pid": 436, "thread": {"id": 516}}, "record_id": 11718, "api": "wineventlog", "provider_guid": "{555908d1-a6d7-4695-8e1e-26931d2012f4}", "event_id": 7036, "provider_name": "Service Control Manager", "event_data": {"param1": "Group Policy Client", "param2": "running", "Binary": "670070007300760063002F0034000000"}, "task": "", "computer_name": "CLIENT1", "channel": "System"}, "event": {"kind": "event", "code": 7036, "created": "2019-08-05T08:54:04.923Z"}, "log": {"level": "information"}, "agent": {"version": "7.2.0", "type": "winlogbeat", "ephemeral_id": "33f6eec2-a7ba-4caa-97b3-ea43b4f5e172", "hostname": "CLIENT1", "id": "0b755aca-0a9a-454a-9800-1979901962a0"}, "ecs": {"version": "1.0.0"}}
{"@timestamp": "2019-08-05T08:53:45.328Z", "@metadata": {"beat": "winlogbeat", "type": "_doc", "version": "7.2.0", "topic": "wineventlog_raw"}, "event": {"kind": "event", "code": 7036, "created": "2019-08-05T08:54:04.923Z"}, "log": {"level": "information"}, "message": "The Diagnostic Policy Service service entered the running state.", "winlog": {"channel": "System", "task": "", "event_id": 7036, "record_id": 11735, "computer_name": "CLIENT1", "provider_guid": "{555908d1-a6d7-4695-8e1e-26931d2012f4}", "provider_name": "Service Control Manager", "api": "wineventlog", "keywords": ["Classic"], "process": {"pid": 436, "thread": {"id": 516}}, "event_data": {"param1": "Diagnostic Policy Service", "param2": "running", "Binary": "4400500053002F0034000000"}}, "agent": {"hostname": "CLIENT1", "id": "0b755aca-0a9a-454a-9800-1979901962a0", "version": "7.2.0", "type": "winlogbeat", "ephemeral_id": "33f6eec2-a7ba-4caa-97b3-ea43b4f5e172"}, "ecs": {"version": "1.0.0"}, "host": {"os": {"name": "Windows 7 Professional", "kernel": "6.1.7601.18741 (win7sp1_gdr.150202-1526)", "build": "7601.0", "platform": "windows", "version": "6.1", "family": "windows"}, "id": "19fc45ac-5890-4f96-81b1-50ed111c0ce4", "name": "CLIENT1", "hostname": "CLIENT1", "architecture": "x86"}}
{"pseudonym": "cd1a3afeeac92cb813605e21e464de7db0ca53fa0190d3a1372a46f60ddd0712", "origin": "MUVBlZ7Pt1EnDzwtO4vPgmodnK5QXTiEyL/EFcec5gADd3hIuy3iw4lbjGbQY19h+IH66QXMfFLVqfYwyubalv3h2ER7Ld5X9UDG9KrYOoyHLTK9yM8BS9BeybrSypNgBa6eVeDddO0W7OZ65vxzmaqgRK1Q1bB9QwRHfMlosFY8RiDLQMz3Spb1DWUUI3fYEyqnheWVao5lokXP2FS0dwhpdAT0jlJsaz20L/mqmTkB0KmJkV4qrooC4ibu6aPUya3ulqsDgTnTzIU2BK5v+gqFmrz8UpCoAVtKSBu6LPBhOI5kqh6LPxch4z5HVFoKTUmehdgry2/cRw8mA6gxwOFnvWFMR/S0ACQTe7KBljU="}
{"@timestamp": "2019-08-02T09:51:33.253Z", "@metadata": {"beat": "winlogbeat", "type": "_doc", "version": "7.2.0", "topic": "wineventlog_raw"}, "winlog": {"process": {"pid": 2416, "thread": {"id": 2424}}, "user_data": {"param1": "WmiApRpl", "param2": "WmiApRpl", "binaryDataSize": "16", "binaryData": "32250000D825000033250000D9250000", "xml_name": "EventXML"}, "record_id": 2922, "opcode": "Info", "provider_guid": "{122EE297-BB47-41AE-B265-1CA8D1886D40}", "user": {"identifier": "<pseudonym:cd1a3afeeac92cb813605e21e464de7db0ca53fa0190d3a1372a46f60ddd0712>", "name": "SYSTEM", "domain": "NT AUTHORITY", "type": "User"}, "channel": "Application", "provider_name": "Microsoft-Windows-LoadPerf", "task": "", "api": "wineventlog", "event_id": 1000, "computer_name": "CLIENT1"}, "event": {"code": 1000, "created": "2019-08-05T08:54:06.439Z", "kind": "event"}, "log": {"level": "information"}, "message": "Performance counters for the WmiApRpl (WmiApRpl) service were loaded successfully. The Record Data in the data section contains the new index values assigned to this service.", "ecs": {"version": "1.0.0"}, "host": {"os": {"name": "Windows 7 Professional", "kernel": "6.1.7601.18741 (win7sp1_gdr.150202-1526)", "build": "7601.0", "platform": "windows", "version": "6.1", "family": "windows"}, "id": "19fc45ac-5890-4f96-81b1-50ed111c0ce4", "hostname": "CLIENT1", "name": "CLIENT1", "architecture": "x86"}, "agent": {"type": "winlogbeat", "ephemeral_id": "33f6eec2-a7ba-4caa-97b3-ea43b4f5e172", "hostname": "CLIENT1", "id": "0b755aca-0a9a-454a-9800-1979901962a0", "version": "7.2.0"}}
{"@timestamp": "2019-08-02T09:53:55.000Z", "@metadata": {"beat": "winlogbeat", "type": "_doc", "version": "7.2.0", "topic": "wineventlog_raw"}, "host": {"hostname": "CLIENT1", "architecture": "x86", "name": "CLIENT1", "os": {"platform": "windows", "version": "6.1", "family": "windows", "name": "Windows 7 Professional", "kernel": "6.1.7601.18741 (win7sp1_gdr.150202-1526)", "build": "7601.0"}, "id": "19fc45ac-5890-4f96-81b1-50ed111c0ce4"}, "agent": {"type": "winlogbeat", "ephemeral_id": "33f6eec2-a7ba-4caa-97b3-ea43b4f5e172", "hostname": "CLIENT1", "id": "0b755aca-0a9a-454a-9800-1979901962a0", "version": "7.2.0"}, "winlog": {"event_data": {"param1": "0x40010004"}, "event_id": 9009, "provider_name": "Desktop Window Manager", "keywords": ["Classic"], "task": "", "channel": "Application", "record_id": 2923, "computer_name": "CLIENT1", "api": "wineventlog"}, "event": {"created": "2019-08-05T08:54:06.439Z", "kind": "event", "code": 9009}, "log": {"level": "information"}, "message": "The Desktop Window Manager has exited with code (0x40010004)", "ecs": {"version": "1.0.0"}}
{"@timestamp": "2019-08-02T09:53:56.000Z", "@metadata": {"beat": "winlogbeat", "type": "_doc", "version": "7.2.0", "topic": "wineventlog_raw"}, "message": "The winlogon notification subscriber <SessionEnv> was unavailable to handle a notification event.", "winlog": {"provider_guid": "{DBE9B383-7CF3-4331-91CC-A3CB16A3B538}", "event_data": {"param1": "SessionEnv", "Binary": "D9060000"}, "event_id": 6000, "computer_name": "CLIENT1", "keywords": ["Classic"], "channel": "Application", "provider_name": "Microsoft-Windows-Winlogon", "record_id": 2924, "task": "", "api": "wineventlog"}, "event": {"created": "2019-08-05T08:54:06.439Z", "kind": "event", "code": 6000}, "ecs": {"version": "1.0.0"}, "host": {"os": {"build": "7601.0", "platform": "windows", "version": "6.1", "family": "windows", "name": "Windows 7 Professional", "kernel": "6.1.7601.18741 (win7sp1_gdr.150202-1526)"}, "id": "19fc45ac-5890-4f96-81b1-50ed111c0ce4", "hostname": "CLIENT1", "name": "CLIENT1", "architecture": "x86"}, "agent": {"hostname": "CLIENT1", "id": "0b755aca-0a9a-454a-9800-1979901962a0", "version": "7.2.0", "type": "winlogbeat", "ephemeral_id": "33f6eec2-a7ba-4caa-97b3-ea43b4f5e172"}, "log": {"level": "information"}}
{"pseudonym": "cd1a3afeeac92cb813605e21e464de7db0ca53fa0190d3a1372a46f60ddd0712", "origin": "tBKBr/Oh/7Pb3FLgIAhYDkciR8qaW/7Z/v0rm4FX/H5IaaWbac79JXiHmTdsEXz3IesiXUyshlpYI0myLFkkPPXOXGunN1ft47tx5QrGyshvi82dIo0mltbtxeLmflgO30dYsL4rzKT3WfjCpiylAkAk1RuzL9vJl4W+RZH4vXdnNKTRWZsF+W+CDLk8DxpRdxDtOrWyJPQ5tm0k8hGbOso61x8B1sspqkM//mtGlf55pRrwc7CPqpJwYXAuKBEDrUoWfjIy+sQngYSvWqmWd66IbRMaaj/7Q2Yas/zS9L0DQavXqCwDvbiXomIN5pl5r6dHNWRzqCoWk1UwtdFcoFQSE627sOYjGF+t6mY3yCc="}
{"@timestamp": "2019-08-02T09:54:23.521Z", "@metadata": {"beat": "winlogbeat", "type": "_doc", "version": "7.2.0", "topic": "wineventlog_raw"}, "host": {"name": "CLIENT1", "hostname": "CLIENT1", "architecture": "x86", "os": {"build": "7601.0", "platform": "windows", "version": "6.1", "family": "windows", "name": "Windows 7 Professional", "kernel": "6.1.7601.18741 (win7sp1_gdr.150202-1526)"}, "id": "19fc45ac-5890-4f96-81b1-50ed111c0ce4"}, "agent": {"type": "winlogbeat", "ephemeral_id": "33f6eec2-a7ba-4caa-97b3-ea43b4f5e172", "hostname": "CLIENT1", "id": "0b755aca-0a9a-454a-9800-1979901962a0", "version": "7.2.0"}, "winlog": {"opcode": "Info", "process": {"pid": 772, "thread": {"id": 908}}, "api": "wineventlog", "provider_name": "Microsoft-Windows-User Profiles Service", "record_id": 2925, "provider_guid": "{89B1E9F0-5AFF-44A6-9B44-0A07A7CE5845}", "channel": "Application", "computer_name": "CLIENT1", "event_id": 1532, "task": "", "user": {"identifier": "<pseudonym:cd1a3afeeac92cb813605e21e464de7db0ca53fa0190d3a1372a46f60ddd0712>", "name": "SYSTEM", "domain": "NT AUTHORITY", "type": "User"}}, "event": {"kind": "event", "code": 1532, "created": "2019-08-05T08:54:06.439Z"}, "log": {"level": "information"}, "message": "The User Profile Service has stopped.  ", "ecs": {"version": "1.0.0"}}
{"@timestamp": "2019-08-05T08:55:38.000Z", "@metadata": {"beat": "winlogbeat", "type": "_doc", "version": "7.2.0", "topic": "wineventlog_raw"}, "log": {"level": "warning"}, "message": "Windows is in Notification period.", "winlog": {"keywords": ["Classic"], "provider_guid": "{DBE9B383-7CF3-4331-91CC-A3CB16A3B538}", "computer_name": "CLIENT1", "task": "", "record_id": 2932, "event_data": {"param1": "0x00000000", "param2": "0x00000000"}, "event_id": 4105, "api": "wineventlog", "channel": "Application", "provider_name": "Microsoft-Windows-Winlogon"}, "ecs": {"version": "1.0.0"}, "host": {"name": "CLIENT1", "architecture": "x86", "os": {"family": "windows", "name": "Windows 7 Professional", "kernel": "6.1.7601.18741 (win7sp1_gdr.150202-1526)", "build": "7601.0", "platform": "windows", "version": "6.1"}, "id": "19fc45ac-5890-4f96-81b1-50ed111c0ce4", "hostname": "CLIENT1"}, "agent": {"id": "0b755aca-0a9a-454a-9800-1979901962a0", "version": "7.2.0", "type": "winlogbeat", "ephemeral_id": "33f6eec2-a7ba-4caa-97b3-ea43b4f5e172", "hostname": "CLIENT1"}, "event": {"kind": "event", "code": 4105, "created": "2019-08-05T08:55:38.733Z"}}
