{"pseudonym": "cd1a3afeeac92cb813605e21e464de7db0ca53fa0190d3a1372a46f60ddd0712", "origin": "n2aRjSnrhPjpZofTNI9gsgh2Ju/tTsHtukUv8OlmAmTJXBj5rvFyeAUi0Kk6V34G8J+rYplYD27YBgPOZpKH5hpy3tmak8BzbG6js9ZDpOD4B9lUQKAN5gvEbDwGY7xw9gGcoUthz0PqQtl4R2jbUVeL/8Ngdp1CLrrcV4pdIl1JVwLPnCrXk6dEpVsUp/mxIucX+ZOp8DUVZkw9CP730ffzPVzQm6Q7S7TOZkxMRVg1whqKTD9vGxxJYnR90zqlUdKf/Z8UIeIfZ0X7vANd/EirwhCVvnO3shRI2+WkJ8P6udoZQjLqHLSQWeDgDyHcKY5ZXF7mPZ++05jO5JtQhYc97zttKmD4AYES4YsOlJI="}
{"@timestamp": "2019-08-02T13:10:02.791Z", "@metadata": {"beat": "winlogbeat", "type": "_doc", "version": "7.2.0", "topic": "wineventlog_raw"}, "agent": {"id": "0b755aca-0a9a-454a-9800-1979901962a0", "version": "7.2.0", "type": "winlogbeat", "ephemeral_id": "de845cd9-5141-4c92-ad32-27a4518307e9", "hostname": "CLIENT1"}, "log": {"level": "information"}, "message": "The system time has changed to \u200e2019\u200e-\u200e08\u200e-\u200e02T13:10:02.791000000Z from \u200e2019\u200e-\u200e08\u200e-\u200e02T13:10:02.984190700Z.", "winlog": {"provider_guid": "{A68CA8B7-004F-D7B6-A698-07E2DE0F1F5D}", "event_data": {"NewTime": "2019-08-02T13:10:02.791000000Z", "OldTime": "2019-08-02T13:10:02.984190700Z"}, "task": "", "channel": "System", "process": {"pid": 1460, "thread": {"id": 1504}}, "keywords": ["Time"], "api": "wineventlog", "event_id": 1, "provider_name": "Microsoft-Windows-Kernel-General", "record_id": 11834, "computer_name": "CLIENT1", "opcode": "Info", "user": {"identifier": "<pseudonym:cd1a3afeeac92cb813605e21e464de7db0ca53fa0190d3a1372a46f60ddd0712>", "name": "SYSTEM", "domain": "NT AUTHORITY", "type": "User"}}, "event": {"kind": "event", "code": 1, "created": "2019-08-02T13:10:04.791Z"}, "ecs": {"version": "1.0.0"}, "host": {"name": "CLIENT1", "hostname": "CLIENT1", "architecture": "x86", "os": {"build": "7601.0", "platform": "windows", "version": "6.1", "family": "windows", "name": "Windows 7 Professional", "kernel": "6.1.7601.18741 (win7sp1_gdr.150202-1526)"}, "id": "19fc45ac-5890-4f96-81b1-50ed111c0ce4"}}
{"pseudonym": "e887f3a09fdddf7c81a563b81f90ed9499d86badaa6173d1aa197a2b544d13b1", "origin": "db9JxxOUInn2tm51wJppIA5xTAFSpTL1YNjKoKjzHx64ffMK72S2eWcZVNPYu/wjS4zdBve3wR/1WTaocrVtbRUj/53Z+gLWbCOTFo0H4OKmft/i7GJ7Y4jvdCcBFMKS/pB8FCGddAekxDW6v9CxqJV1Rx5TX0aGl+xg/Bsqd9r0UMRd0KObiNdoz1ARFZHo+E+f2k7Dtn5Eq73AOmEXG/OXvPKpMdP+ql1aSRFw0R7IB9CVXQEmJo64cNs9k9FSl1sKA7WOgvumQ/CayIzRr5bo1D+U4yENT8gJASNucuSYjlmFJZTz9GylX9NdZ1alHbofe+yCAs2xXyQKh0usIgYrqQq0qeBYwVQmrxfemtw="}
{"pseudonym": "cd1a3afeeac92cb813605e21e464de7db0ca53fa0190d3a1372a46f60ddd0712", "origin": "J67GyxTcddGeo8HfJFl5hDRoTUU18FWdvE8RqtLxvkN4e5lhiamo5NZAS0vqZCngmkRv/QxZZhkg/w9u7DExsicQnHohkyMsYCYv1na+YjZVpf9CHBVMnTHcaA84rNDBxS/vUkIOI++wUYw0/FFBjEOqfYJmsws3zQXu6Lp/aasd7QHbUse2ulOz31VDkyZ03yEjLIgF3gqkr3nC9yjizWULL8VNwCV4vIoXI1vIZ0USPSlQ+wRTK6I5e8WISndUVTMWqRDyt0TRI3x6g7XV5wYBz5TCCdwzIRLcLMuq6E3eHus41TrpPotJJgUX1pxfh48lvqBsUdgKpHTkHj7b+z84gac8N8LH/H5mCfy3QxU="}
{"@timestamp": "2019-08-02T13:20:03.047Z", "@metadata": {"beat": "winlogbeat", "type": "_doc", "version": "7.2.0", "topic": "wineventlog_raw"}, "agent": {"hostname": "CLIENT1", "id": "0b755aca-0a9a-454a-9800-1979901962a0", "version": "7.2.0", "type": "winlogbeat", "ephemeral_id": "de845cd9-5141-4c92-ad32-27a4518307e9"}, "ecs": {"version": "1.0.0"}, "host": {"os": {"kernel": "6.1.7601.18741 (win7sp1_gdr.150202-1526)", "build": "7601.0", "platform": "windows", "version": "6.1", "family": "windows", "name": "Windows 7 Professional"}, "id": "19fc45ac-5890-4f96-81b1-50ed111c0ce4", "hostname": "CLIENT1", "name": "CLIENT1", "architecture": "x86"}, "winlog": {"event_id": 4616, "provider_name": "Microsoft-Windows-Security-Auditing", "opcode": "Info", "provider_guid": "{54849625-5478-4994-A5BA-3E3B0328C30D}", "computer_name": "CLIENT1", "record_id": 4747, "task": "Security State Change", "event_data": {"ProcessName": "C:\\Program Files\\NetTime\\NetTimeService.exe", "SubjectUserSid": "<pseudonym:cd1a3afeeac92cb813605e21e464de7db0ca53fa0190d3a1372a46f60ddd0712>", "SubjectUserName": "<pseudonym:e887f3a09fdddf7c81a563b81f90ed9499d86badaa6173d1aa197a2b544d13b1>", "SubjectDomainName": "WORKGROUP", "SubjectLogonId": "0x3e7", "PreviousTime": "2019-08-02T13:20:03.197842600Z", "NewTime": "2019-08-02T13:20:03.047000000Z", "ProcessId": "0x5b4"}, "process": {"thread": {"id": 64}, "pid": 4}, "api": "wineventlog", "keywords": ["Audit Success"], "version": 1, "channel": "Security"}, "event": {"kind": "event", "code": 4616, "action": "Security State Change", "created": "2019-08-02T13:20:04.050Z"}, "log": {"level": "information"}, "message": "The system time was changed.\n\nSubject:\n\tSecurity ID:\t\tS-1-5-18\n\tAccount Name:\t\tCLIENT1$\n\tAccount Domain:\t\tWORKGROUP\n\tLogon ID:\t\t0x3e7\n\nProcess Information:\n\tProcess ID:\t0x5b4\n\tName:\t\tC:\\Program Files\\NetTime\\NetTimeService.exe\n\nPrevious Time:\t\t\u200e2019\u200e-\u200e08\u200e-\u200e02T13:20:03.197842600Z\nNew Time:\t\t\u200e2019\u200e-\u200e08\u200e-\u200e02T13:20:03.047000000Z\n\nThis event is generated when the system time is changed. It is normal for the Windows Time Service, which runs with System privilege, to change the system time on a regular basis. Other system time changes may be indicative of attempts to tamper with the computer."}
{"pseudonym": "e887f3a09fdddf7c81a563b81f90ed9499d86badaa6173d1aa197a2b544d13b1", "origin": "SQIut8Si5H3v6POJmJN/TB9QR7BlB43wQm16+0uGja9Lo+TADWj4Q7JocNA99PVAa0qwxGivEWVnd9U8YRGvWffQ365GRIoK7pApOC/ViTdw6I9tibVC47CmFBRX1muIh1jt/4irlwpRFNKVxGkAH1VwEiuWjJ4Ad5w7KduXQCtcJBQDcTkSclDsZZIbNi/Pbi2ZEM23XYkmJsValZwxMu4mxVo0XM2qHNDhBKGhuqUXRXGdqZMkjDw58+dddkZmdCR9YjDMyh0AGorxMVMrzl4UP/GvtSS0acNYY+Du5CZSd4Skb7ieIu2a9up9mX4iRgbe9ctOMP8/rvZJMx4zfJjF+q1Yeme+sOpUec2PbeQ="}
{"pseudonym": "cd1a3afeeac92cb813605e21e464de7db0ca53fa0190d3a1372a46f60ddd0712", "origin": "qU25NhsQErd/+IE2q900LQO7pUT5TCXXVxEEc4eaDOv1z6zRFrj6IN5Z0EJ4+Ux8NzNQlXX8toVwbxj2d1/Lx1Tia+hKe4UzN+lLvhiK+Snw3Gtoynmac6cNVXoOK9ATHR32+4pBUZ2wHwTeESWy5GqIE9W2KjVTL17DRbQMeWCdArxAm0ip0JB4fJpATlf+59Ko8nfctgdevAaCgy1MZa0P1ZnkrQ5n+JXMgNmxIhD4Frl6k8DWxempdH3doN0r8K55QeoVL+CwY5o0blngFESGKrlNeveGLMKImjZZ/A6dqW+6G0Tz4w23C2yr/xXRhJZKEyk0ydXey4MiHt+Izcl/6GXO4Ljpc75OonpfRfE="}
{"@timestamp": "2019-08-02T14:05:06.761Z", "@metadata": {"beat": "winlogbeat", "type": "_doc", "version": "7.2.0", "topic": "wineventlog_raw"}, "log": {"level": "information"}, "message": "The system time was changed.\n\nSubject:\n\tSecurity ID:\t\tS-1-5-18\n\tAccount Name:\t\tCLIENT1$\n\tAccount Domain:\t\tWORKGROUP\n\tLogon ID:\t\t0x3e7\n\nProcess Information:\n\tProcess ID:\t0x5b4\n\tName:\t\tC:\\Program Files\\NetTime\\NetTimeService.exe\n\nPrevious Time:\t\t\u200e2019\u200e-\u200e08\u200e-\u200e02T14:05:06.910522800Z\nNew Time:\t\t\u200e2019\u200e-\u200e08\u200e-\u200e02T14:05:06.761000000Z\n\nThis event is generated when the system time is changed. It is normal for the Windows Time Service, which runs with System privilege, to change the system time on a regular basis. Other system time changes may be indicative of attempts to tamper with the computer.", "winlog": {"record_id": 4756, "api": "wineventlog", "computer_name": "CLIENT1", "version": 1, "event_data": {"SubjectUserSid": "<pseudonym:cd1a3afeeac92cb813605e21e464de7db0ca53fa0190d3a1372a46f60ddd0712>", "SubjectUserName": "<pseudonym:e887f3a09fdddf7c81a563b81f90ed9499d86badaa6173d1aa197a2b544d13b1>", "SubjectDomainName": "WORKGROUP", "SubjectLogonId": "0x3e7", "PreviousTime": "2019-08-02T14:05:06.910522800Z", "NewTime": "2019-08-02T14:05:06.761000000Z", "ProcessId": "0x5b4", "ProcessName": "C:\\Program Files\\NetTime\\NetTimeService.exe"}, "process": {"pid": 4, "thread": {"id": 60}}, "provider_guid": "{54849625-5478-4994-A5BA-3E3B0328C30D}", "provider_name": "Microsoft-Windows-Security-Auditing", "opcode": "Info", "event_id": 4616, "keywords": ["Audit Success"], "channel": "Security", "task": "Security State Change"}, "event": {"created": "2019-08-02T14:05:07.760Z", "kind": "event", "code": 4616, "action": "Security State Change"}, "host": {"name": "CLIENT1", "id": "19fc45ac-5890-4f96-81b1-50ed111c0ce4", "hostname": "CLIENT1", "architecture": "x86", "os": {"name": "Windows 7 Professional", "kernel": "6.1.7601.18741 (win7sp1_gdr.150202-1526)", "build": "7601.0", "platform": "windows", "version": "6.1", "family": "windows"}}, "agent": {"id": "0b755aca-0a9a-454a-9800-1979901962a0", "version": "7.2.0", "type": "winlogbeat", "ephemeral_id": "de845cd9-5141-4c92-ad32-27a4518307e9", "hostname": "CLIENT1"}, "ecs": {"version": "1.0.0"}}
{"pseudonym": "cd1a3afeeac92cb813605e21e464de7db0ca53fa0190d3a1372a46f60ddd0712", "origin": "vyb4Bsmk2PMcqHX0VQMJu0Jzm57L7fpB4B60s9HjGW6Oh1ZbeoSVUIvOCXH/hH/ucR3s2AIluOGtgBgqsZHdS4ZUx+piu2hqszgxmOnpXnHMmp1lef4gnHEKhMzMm10S3lC2yFD5VgUkNTI/mujVqjbDATiU8JnPXiGssIwWPZK87X0t5htTKpkzU4f0+apT1l8Zutz0bAnR3fAI8UPFdxkQAZ5WhnQBig9dah1iMATRU0NoTBmhcEZK359C0RW73xJ93xEXMKTQRRil5vbap1d/hl46W7mVDKoCxCt9hKcrQRg6S/4Q9n033Of2b0eX/oMqQzWdMrYjlaQZ6XjLQAaYU3dxCfZG90/UDwskpJw="}
{"@timestamp": "2019-08-02T14:15:07.039Z", "@metadata": {"beat": "winlogbeat", "type": "_doc", "version": "7.2.0", "topic": "wineventlog_raw"}, "host": {"name": "CLIENT1", "hostname": "CLIENT1", "architecture": "x86", "os": {"name": "Windows 7 Professional", "kernel": "6.1.7601.18741 (win7sp1_gdr.150202-1526)", "build": "7601.0", "platform": "windows", "version": "6.1", "family": "windows"}, "id": "19fc45ac-5890-4f96-81b1-50ed111c0ce4"}, "agent": {"type": "winlogbeat", "ephemeral_id": "de845cd9-5141-4c92-ad32-27a4518307e9", "hostname": "CLIENT1", "id": "0b755aca-0a9a-454a-9800-1979901962a0", "version": "7.2.0"}, "winlog": {"computer_name": "CLIENT1", "opcode": "Info", "user": {"identifier": "<pseudonym:cd1a3afeeac92cb813605e21e464de7db0ca53fa0190d3a1372a46f60ddd0712>", "name": "SYSTEM", "domain": "NT AUTHORITY", "type": "User"}, "process": {"pid": 1460, "thread": {"id": 1504}}, "event_data": {"NewTime": "2019-08-02T14:15:07.039000000Z", "OldTime": "2019-08-02T14:15:07.548013400Z"}, "channel": "System", "event_id": 1, "api": "wineventlog", "record_id": 11849, "provider_name": "Microsoft-Windows-Kernel-General", "provider_guid": "{A68CA8B7-004F-D7B6-A698-07E2DE0F1F5D}", "keywords": ["Time"], "task": ""}, "event": {"kind": "event", "code": 1, "created": "2019-08-02T14:15:09.036Z"}, "log": {"level": "information"}, "message": "The system time has changed to \u200e2019\u200e-\u200e08\u200e-\u200e02T14:15:07.039000000Z from \u200e2019\u200e-\u200e08\u200e-\u200e02T14:15:07.548013400Z.", "ecs": {"version": "1.0.0"}}
{"pseudonym": "e887f3a09fdddf7c81a563b81f90ed9499d86badaa6173d1aa197a2b544d13b1", "origin": "CoffQP6FBOk0VNuYvThgq0vexw4T0zr4f/aqNDxe7whAI9UAaZVRn6Pvuz3PaI7EStVhFEBc5yHSLajZCUtV16ADefLWpjBEN/mIJSJMcp1Zi0imTrZXBWeDCOd/jgUSlCaIpiJ0hoxfUQYH2sTZPgAj7em+yL0j8CBataHM9dSgJYKksZH2AAgZHUPEinHQ7xwza4+WAVfdhm/jZ9tGB8e2408tp9CGVS3QDx6tgWHyHIPZPoxUkJosTDPPcn50eOWJktbZpWYrrrIG0/8q9CFHmSvgTD/2/DDcY+7eWvCzKmt7/OxfOAr1o09VSW9cbgr2bhmno11QNa+gXLG7rktS1EegbqwQsPAHbqz7+bM="}
{"pseudonym": "cd1a3afeeac92cb813605e21e464de7db0ca53fa0190d3a1372a46f60ddd0712", "origin": "AASckTkuQxzde2yFIFvn4P50v5ufgpuDLH3uLM82uZ3fE9LwQN6x8kbajUqfMtlsyTNMJ5xepdXlns3DnZ4CuWPBh6mBo7bGSDwOpMZWIBMnb1VFxh3LT+UwIR7riAyK6TLsnm24FQU7VP/jSusQaIKpIV7z2MWhn96bld3HnFxuSFlAJhkMgpSrcN2Rooc+mz4QS2+X6nTTmVph4D//rDl9hmwKbLWspEokIpX+jFyl2M54MvQi/FfPbMizXByIbppl+o3K7dqMnSKmaW+ND5jqz8XOyTldGP1dHs6xjfYpIiNnWlubF7hpX8f0clxwOGG2ICSc2dWG+1LB42Ro/YCBlJBYt7mySXaXMt/0vC8="}
{"@timestamp": "2019-08-02T14:40:08.959Z", "@metadata": {"beat": "winlogbeat", "type": "_doc", "version": "7.2.0", "topic": "wineventlog_raw"}, "event": {"code": 4616, "action": "Security State Change", "created": "2019-08-02T14:40:10.958Z", "kind": "event"}, "log": {"level": "information"}, "message": "The system time was changed.\n\nSubject:\n\tSecurity ID:\t\tS-1-5-18\n\tAccount Name:\t\tCLIENT1$\n\tAccount Domain:\t\tWORKGROUP\n\tLogon ID:\t\t0x3e7\n\nProcess Information:\n\tProcess ID:\t0x5b4\n\tName:\t\tC:\\Program Files\\NetTime\\NetTimeService.exe\n\nPrevious Time:\t\t\u200e2019\u200e-\u200e08\u200e-\u200e02T14:40:09.100842500Z\nNew Time:\t\t\u200e2019\u200e-\u200e08\u200e-\u200e02T14:40:08.959000000Z\n\nThis event is generated when the system time is changed. It is normal for the Windows Time Service, which runs with System privilege, to change the system time on a regular basis. Other system time changes may be indicative of attempts to tamper with the computer.", "winlog": {"task": "Security State Change", "event_id": 4616, "provider_name": "Microsoft-Windows-Security-Auditing", "record_id": 4763, "keywords": ["Audit Success"], "opcode": "Info", "provider_guid": "{54849625-5478-4994-A5BA-3E3B0328C30D}", "channel": "Security", "computer_name": "CLIENT1", "api": "wineventlog", "version": 1, "process": {"thread": {"id": 60}, "pid": 4}, "event_data": {"ProcessId": "0x5b4", "ProcessName": "C:\\Program Files\\NetTime\\NetTimeService.exe", "SubjectUserSid": "<pseudonym:cd1a3afeeac92cb813605e21e464de7db0ca53fa0190d3a1372a46f60ddd0712>", "SubjectUserName": "<pseudonym:e887f3a09fdddf7c81a563b81f90ed9499d86badaa6173d1aa197a2b544d13b1>", "SubjectDomainName": "WORKGROUP", "SubjectLogonId": "0x3e7", "PreviousTime": "2019-08-02T14:40:09.100842500Z", "NewTime": "2019-08-02T14:40:08.959000000Z"}}, "host": {"name": "CLIENT1", "hostname": "CLIENT1", "architecture": "x86", "os": {"family": "windows", "name": "Windows 7 Professional", "kernel": "6.1.7601.18741 (win7sp1_gdr.150202-1526)", "build": "7601.0", "platform": "windows", "version": "6.1"}, "id": "19fc45ac-5890-4f96-81b1-50ed111c0ce4"}, "agent": {"type": "winlogbeat", "ephemeral_id": "de845cd9-5141-4c92-ad32-27a4518307e9", "hostname": "CLIENT1", "id": "0b755aca-0a9a-454a-9800-1979901962a0", "version": "7.2.0"}, "ecs": {"version": "1.0.0"}}
{"pseudonym": "e887f3a09fdddf7c81a563b81f90ed9499d86badaa6173d1aa197a2b544d13b1", "origin": "M+SSkXFeu2C3/vuiS68XMFkBQkWlEGMl01AV39LmPwd/Z+PFk86tB+qQBpyGjOMZ9qcxs6zV/wM+lzbRJrGR5kHgyg1noY+sSYQaOaFRnxwVYaOOLzdd8xQBhgzeImvP3f42OPk3ernsSTXtB1KdtTumTAD5SixCmFpppE9LhC4nimVPeshY6xfnm1orzkMVg6g8I72JJBeWbJ4tnURP4HoCdypE4tPjGMVZoA3uITRQ3Z68uoe0+T8jsfVdk7n8kDwVYEs8VlOwInaykYrpWZ5J4gcuMhkHEnQyFG7nb0umIe+N+TDIkHqTjXxdIbvHqh1Eyo6B0K24UMRxPZwNNu8JyhkIAr95hSCA8zsE/PU="}
{"pseudonym": "f119e812403f34bc9c93a15392e371bd51bfd51f59deda80c5caac2a6f172b3c", "origin": "KtdaultpD4uNaCjuHxKazd97fuIPaPtarHmzXB5p5utd4RvLE5tbxzDQIhCnoKjbmSvfXMuVMStlKGWgleiUPNPA8WKUur9hmzlXXkkphFcLFxSsclVGGBIPww6TRyce8CvL6UB+FTAqzTqzfAI0l5SMH2OCfg0nTYFNEQrsM89ZaqTjB9fLwcBZYZ/TY8aWo4AKlIKNHPZoLeYnwNvc1zWxkg13bdxNbpKraP6uaQ6sIhsZZxbdVqsd/sPw6UI/Ihs9LzR4kBDxn03lKjGku6oAdb/HQBB267jzEn1umvmXwB2S/d90dSC2H4AGHAfG2DOTInAocWLG6YbxMYWGqVLSjC2MZYm6nWQqdhaW"}
{"pseudonym": "cd1a3afeeac92cb813605e21e464de7db0ca53fa0190d3a1372a46f60ddd0712", "origin": "oR3QQV+tdz+TWyvEUfmzvesK+drCqkfh+e9r+tkNmm+KP7c1wHe9EE/liwxNe2B/qmPWiRR1Hi38w5BTXCJO2YwhkJHgZ3qnUJ2uV8JerEhGjQnKxlAbXv096MKKZ3D/MZ2SR/en9vHarbIRMYjdWWcG2WeS9J0t83d/YOVDkyi/HxqQiib9t0+kWPp+QWhQCTMqiNOCMlfRm8H2EICBMIvnGj0l9njGMoPg6A5PhfCEb4Ab9BNzofk6hbldiHE7onSMRpDamGQHuWUxpCXeYsVCNyBxL19sbTtIzqoiQjjIKdgOi4ZBNQn13aYmEGTq1QtGh4uC/1012wCdZhq0k2GoIa6yl+QAfx6BMPBqgcQ="}
{"@timestamp": "2019-08-02T09:47:28.599Z", "@metadata": {"beat": "winlogbeat", "type": "_doc", "version": "7.2.0", "topic": "wineventlog_raw"}, "event": {"kind": "event", "code": 4648, "action": "Logon", "category": "authentication", "type": "authentication_success", "created": "2019-08-05T08:54:03.703Z"}, "message": "A logon was attempted using explicit credentials.\n\nSubject:\n\tSecurity ID:\t\tS-1-5-18\n\tAccount Name:\t\tCLIENT1$\n\tAccount Domain:\t\tWORKGROUP\n\tLogon ID:\t\t0x3e7\n\tLogon GUID:\t\t{00000000-0000-0000-0000-000000000000}\n\nAccount Whose Credentials Were Used:\n\tAccount Name:\t\tbreach\n\tAccount Domain:\t\tCLIENT1\n\tLogon GUID:\t\t{00000000-0000-0000-0000-000000000000}\n\nTarget Server:\n\tTarget Server Name:\tlocalhost\n\tAdditional Information:\tlocalhost\n\nProcess Information:\n\tProcess ID:\t\t0x17c\n\tProcess Name:\t\tC:\\Windows\\System32\\winlogon.exe\n\nNetwork Information:\n\tNetwork Address:\t127.0.0.1\n\tPort:\t\t\t0\n\nThis event is generated when a process attempts to log on an account by explicitly specifying that account\u2019s credentials.  This most commonly occurs in batch-type configurations such as scheduled tasks, or when using the RUNAS command.", "process": {"pid": 380, "executable": "C:\\Windows\\System32\\winlogon.exe", "name": "winlogon.exe"}, "source": {"ip": "127.0.0.1", "port": 0}, "agent": {"ephemeral_id": "33f6eec2-a7ba-4caa-97b3-ea43b4f5e172", "hostname": "CLIENT1", "id": "0b755aca-0a9a-454a-9800-1979901962a0", "version": "7.2.0", "type": "winlogbeat"}, "winlog": {"provider_name": "Microsoft-Windows-Security-Auditing", "process": {"pid": 448, "thread": {"id": 496}}, "provider_guid": "{54849625-5478-4994-A5BA-3E3B0328C30D}", "record_id": 4660, "api": "wineventlog", "task": "Logon", "event_data": {"TargetLogonGuid": "{00000000-0000-0000-0000-000000000000}", "SubjectDomainName": "WORKGROUP", "LogonGuid": "{00000000-0000-0000-0000-000000000000}", "SubjectUserSid": "<pseudonym:cd1a3afeeac92cb813605e21e464de7db0ca53fa0190d3a1372a46f60ddd0712>", "TargetServerName": "localhost", "TargetInfo": "localhost", "SubjectLogonId": "0x3e7", "SubjectUserName": "<pseudonym:e887f3a09fdddf7c81a563b81f90ed9499d86badaa6173d1aa197a2b544d13b1>"}, "computer_name": "CLIENT1", "keywords": ["Audit Success"], "opcode": "Info", "channel": "Security", "event_id": 4648}, "log": {"level": "information"}, "user": {"name": "<pseudonym:f119e812403f34bc9c93a15392e371bd51bfd51f59deda80c5caac2a6f172b3c>", "domain": "CLIENT1"}, "host": {"architecture": "x86", "os": {"build": "7601.0", "platform": "windows", "version": "6.1", "family": "windows", "name": "Windows 7 Professional", "kernel": "6.1.7601.18741 (win7sp1_gdr.150202-1526)"}, "name": "CLIENT1", "id": "19fc45ac-5890-4f96-81b1-50ed111c0ce4", "hostname": "CLIENT1"}, "ecs": {"version": "1.0.0"}}
{"pseudonym": "e887f3a09fdddf7c81a563b81f90ed9499d86badaa6173d1aa197a2b544d13b1", "origin": "qgvecBDKAHe5TiMV1gC+/Qwav84sp8HLRPHx3pWYjO21TX52HEffSGYsTgOI4yucV60f3l1cZ00wmztx+Xtbd8MvdilXPOSDlfwpdXBtf8DTBmu0KKxcmIywjOhorTL2tInuqTid7PxQL/xJpDBuTwq+1cNRMGpwB1xU8x88GZ86gYk+psjtJSqosQQZ3CzdzRTIS0vBVU7tSgGddG5OJaGu1wIK20ERIht/GvzGll5ABSInQzVVPKAtXck33JDQndCAzBAn2lblQ/CvY6I+d0uXw5WNWI7hELHtx+2SiT1sSU0Pm+TY9iW+e30gNCPzByMYmnQ/hzHNYxdapOzC5aTSL9HCBxWwvT0t93fSOzo="}
{"pseudonym": "39594bac43459d3d48dcd9d2ed9f617e6235f0bd79fb35ed6274e27347ba11c4", "origin": "JDiC7bZAjJJXvhZAd+JeYoDL+Z+ezuzYBy29b4fanlmhCUPCw+yR94z+4jIHPweZe/g5ag26Dy3HAZgrzDrQo7gvsLmiL1ogIZFmGT13cIGVxM7+vPRLSaOHJWGOI7moN+HfntqNGNINqhiZ8Ck2uJn0Agy2rzpuDlvlnIVL0KK1nPeVCUAwvCM2RzC7DAoBrLCUyMpvLw606vYk2G1k3LuHkfVj2RIgJT5eo7dkDxLd5zjS9XtfaYOrmFFlE8uPOu9btVmRcZXSUjIY7G6lujXyQ8hbL24HzkPnn4os3s7CSNGXWUW77wEiL2bjHutjodxg/bgDArssW7+4DD08C7Fli7t65urrCF8V3B9d+H0TQKs/skO7"}
{"pseudonym": "cd1a3afeeac92cb813605e21e464de7db0ca53fa0190d3a1372a46f60ddd0712", "origin": "BMlpgQLn9v4GKrsrmNVS4A1Ov8kSL3sW2AVaUny2CXjmzevgiXGWWAF3PQGd8jLQVSqSEdo0NEqyhDs4w5QCyiS/eiXxOYJXKLhe7WG0XXC8cgNpCIMyxaZe5AL0ZifK5LSeSdXwwdVsiKvStn+q5j/M9r5UJjGUYz7F7ajnESySTedI6ReJJZn6TS0Uh11CIW1YEI/xq63nWb3qOg52vKtxdbSRJyEyZJuUnoPoIH2xyZU3SEjzuYJDJYb32EgdhVCvGOIe0wUgkLgY2m/KCkpkT0Rk+6F+gXGR4vtsld+YXScfmYWQfzY9t6NXBUILhKneYSomcW5+ifYgmmUq97kBqSrRAlM3T+VBb7+24M8="}
{"pseudonym": "91d121bc503735a145e0e9869d792d26f6b22784210a0daf5b63840be2abf69a", "origin": "EiJmzb6I5ZUn79ewSC45Uf51Nbh3+FlbMJDQOf9KfAUIgl2sGW4d4pcZzIEAM6nY2GAAm0ACPn5UfjsaYs/81VL3cz1K6RR2koIz/xLvMe6h//zXD4QJACTTvw0EdcYD1SN8eEF+AKrwZGc6pQD/o01huX+em8R8s17wEdThwMZhSFnx5jo77dJCoXYCxtR5UXZuIFdzdjxMFGNuP0qNlmtuEbRFso/bjFotKyOWeMWUwHWcnNeC20rSl8qenxt39mgoZQq41mjoYG4g8n///PDwOWUWs2YY9Tn7SPmMB9H/8nizwGfcEFBOCoF++w3TKzqDJJ393aY1kX1Vb954WxTZ0mtFEX8NnQ=="}
{"@timestamp": "2019-08-05T08:53:27.015Z", "@metadata": {"beat": "winlogbeat", "type": "_doc", "version": "7.2.0", "topic": "wineventlog_raw"}, "log": {"level": "information"}, "user": {"id": "S-1-5-20", "name": "<pseudonym:39594bac43459d3d48dcd9d2ed9f617e6235f0bd79fb35ed6274e27347ba11c4>", "domain": "NT AUTHORITY"}, "agent": {"type": "winlogbeat", "ephemeral_id": "33f6eec2-a7ba-4caa-97b3-ea43b4f5e172", "hostname": "CLIENT1", "id": "0b755aca-0a9a-454a-9800-1979901962a0", "version": "7.2.0"}, "winlog": {"event_id": 4624, "task": "Logon", "provider_name": "Microsoft-Windows-Security-Auditing", "keywords": ["Audit Success"], "channel": "Security", "record_id": 4676, "api": "wineventlog", "opcode": "Info", "computer_name": "CLIENT1", "provider_guid": "{54849625-5478-4994-A5BA-3E3B0328C30D}", "process": {"pid": 444, "thread": {"id": 528}}, "event_data": {"SubjectLogonId": "0x3e7", "AuthenticationPackageName": "Negotiate", "SubjectUserSid": "<pseudonym:cd1a3afeeac92cb813605e21e464de7db0ca53fa0190d3a1372a46f60ddd0712>", "SubjectDomainName": "WORKGROUP", "SubjectUserName": "<pseudonym:e887f3a09fdddf7c81a563b81f90ed9499d86badaa6173d1aa197a2b544d13b1>", "LogonProcessName": "Advapi  ", "TargetLogonId": "0x3e4", "KeyLength": "0", "IpPort": "-", "IpAddress": "<pseudonym:91d121bc503735a145e0e9869d792d26f6b22784210a0daf5b63840be2abf69a>", "LmPackageName": "-", "TransmittedServices": "-", "LogonType": "5", "LogonGuid": "{00000000-0000-0000-0000-000000000000}"}}, "event": {"category": "authentication", "type": "authentication_success", "kind": "event", "code": 4624, "action": "Logon", "created": "2019-08-05T08:54:03.704Z"}, "message": "An account was successfully logged on.\n\nSubject:\n\tSecurity ID:\t\tS-1-5-18\n\tAccount Name:\t\tCLIENT1$\n\tAccount Domain:\t\tWORKGROUP\n\tLogon ID:\t\t0x3e7\n\nLogon Type:\t\t\t5\n\nNew Logon:\n\tSecurity ID:\t\tS-1-5-20\n\tAccount Name:\t\tNETWORK SERVICE\n\tAccount Domain:\t\tNT AUTHORITY\n\tLogon ID:\t\t0x3e4\n\tLogon GUID:\t\t{00000000-0000-0000-0000-000000000000}\n\nProcess Information:\n\tProcess ID:\t\t0x1b4\n\tProcess Name:\t\tC:\\Windows\\System32\\services.exe\n\nNetwork Information:\n\tWorkstation Name:\t\n\tSource Network Address:\t-\n\tSource Port:\t\t-\n\nDetailed Authentication Information:\n\tLogon Process:\t\tAdvapi  \n\tAuthentication Package:\tNegotiate\n\tTransited Services:\t-\n\tPackage Name (NTLM only):\t-\n\tKey Length:\t\t0\n\nThis event is generated when a logon session is created. It is generated on the computer that was accessed.\n\nThe subject fields indicate the account on the local system which requested the logon. This is most commonly a service such as the Server service, or a local process such as Winlogon.exe or Services.exe.\n\nThe logon type field indicates the kind of logon that occurred. The most common types are 2 (interactive) and 3 (network).\n\nThe New Logon fields indicate the account for whom the new logon was created, i.e. the account that was logged on.\n\nThe network fields indicate where a remote logon request originated. Workstation name is not always available and may be left blank in some cases.\n\nThe authentication information fields provide detailed information about this specific logon request.\n\t- Logon GUID is a unique identifier that can be used to correlate this event with a KDC event.\n\t- Transited services indicate which intermediate services have participated in this logon request.\n\t- Package name indicates which sub-protocol was used among the NTLM protocols.\n\t- Key length indicates the length of the generated session key. This will be 0 if no session key was requested.", "process": {"pid": 436, "executable": "C:\\Windows\\System32\\services.exe", "name": "services.exe"}, "ecs": {"version": "1.0.0"}, "host": {"name": "CLIENT1", "hostname": "CLIENT1", "architecture": "x86", "os": {"platform": "windows", "version": "6.1", "family": "windows", "name": "Windows 7 Professional", "kernel": "6.1.7601.18741 (win7sp1_gdr.150202-1526)", "build": "7601.0"}, "id": "19fc45ac-5890-4f96-81b1-50ed111c0ce4"}}
{"pseudonym": "387dddca7f9c9fa71c41295d7790d3bcd791cfe79b2dd4843551dfd0bf47acf2", "origin": "Wu/hii8lGrhVY/BqDU99Kwwy2hpToGr3aZJFwajxIa1xs+lDYi/A/fwUHDX7871Gk65KPMmthDlWDErK5rlwU8Usp8X2iS0UwVW3t9aLlgrBkUtRA8ly/TK+YJKaHp5a9VIcIm7Lt/Opglp37tZxZN2kpTkxbtqpGIYumF3bmAJbWEd+4C0YmB6bb8zTcmFK51wufKIS1ufeEjaDo62hXa+/KiW2NHQn8e9FFyv84VnVkz/XeBroMJG6GxMrv+Tb3NuV+CatZqm0XOZEm/a9yMquLsHPwNIkozjjuFzcdTFwBZFIl3eYd97hQ5Pf9lMqAxX40dlGFUHdf3IgE+RvFltoYF+sMvUM9kZRQOuV"}
{"pseudonym": "cd1a3afeeac92cb813605e21e464de7db0ca53fa0190d3a1372a46f60ddd0712", "origin": "UNuPP1D64scmeAy5/PnEIWUeAmBalRsMUnK/A3qG1g9yCVjfVYRfH2QpjRqthzDcSGJJje9B/awaYtHK8SzzuL/OkKIMPSZg6zoDwXuDddFlBoavOyU6W8MZrMew57pY6JowH3PJl5HWm3XzDjeIlpbpz3xcLWtRBdjFCA1CJ2o+O2Jye/IBt4ffHW7mfDgPBoefzEGyCtbHxX4Sb4tYXg9gDss8Jujm+2Ss4paJxTFDrHLGDOI1Z9PrpVkFRpUtjyTeb4BBpMZaTf9gwngX+peR3hf+7ooT/5XjOtfrJil3UCBuD7wSI0msgN68qjlDWl2MdTSSGF9mCuK+nJEbpMd9TgbGhRVnOKMo62CoSuc="}
{"@timestamp": "2019-08-05T08:53:40.656Z", "@metadata": {"beat": "winlogbeat", "type": "_doc", "version": "7.2.0", "topic": "wineventlog_raw"}, "event": {"action": "Special Logon", "created": "2019-08-05T08:54:03.704Z", "kind": "event", "code": 4672}, "log": {"level": "information"}, "message": "Special privileges assigned to new logon.\n\nSubject:\n\tSecurity ID:\t\tS-1-5-18\n\tAccount Name:\t\tSYSTEM\n\tAccount Domain:\t\tNT AUTHORITY\n\tLogon ID:\t\t0x3e7\n\nPrivileges:\t\tSeAssignPrimaryTokenPrivilege\n\t\t\tSeTcbPrivilege\n\t\t\tSeSecurityPrivilege\n\t\t\tSeTakeOwnershipPrivilege\n\t\t\tSeLoadDriverPrivilege\n\t\t\tSeBackupPrivilege\n\t\t\tSeRestorePrivilege\n\t\t\tSeDebugPrivilege\n\t\t\tSeAuditPrivilege\n\t\t\tSeSystemEnvironmentPrivilege\n\t\t\tSeImpersonatePrivilege", "agent": {"type": "winlogbeat", "ephemeral_id": "33f6eec2-a7ba-4caa-97b3-ea43b4f5e172", "hostname": "CLIENT1", "id": "0b755aca-0a9a-454a-9800-1979901962a0", "version": "7.2.0"}, "ecs": {"version": "1.0.0"}, "host": {"id": "19fc45ac-5890-4f96-81b1-50ed111c0ce4", "name": "CLIENT1", "hostname": "CLIENT1", "architecture": "x86", "os": {"kernel": "6.1.7601.18741 (win7sp1_gdr.150202-1526)", "build": "7601.0", "platform": "windows", "version": "6.1", "family": "windows", "name": "Windows 7 Professional"}}, "winlog": {"keywords": ["Audit Success"], "computer_name": "CLIENT1", "process": {"pid": 444, "thread": {"id": 492}}, "event_id": 4672, "provider_name": "Microsoft-Windows-Security-Auditing", "task": "Special Logon", "api": "wineventlog", "opcode": "Info", "channel": "Security", "record_id": 4685, "event_data": {"PrivilegeList": "SeAssignPrimaryTokenPrivilege\n\t\t\tSeTcbPrivilege\n\t\t\tSeSecurityPrivilege\n\t\t\tSeTakeOwnershipPrivilege\n\t\t\tSeLoadDriverPrivilege\n\t\t\tSeBackupPrivilege\n\t\t\tSeRestorePrivilege\n\t\t\tSeDebugPrivilege\n\t\t\tSeAuditPrivilege\n\t\t\tSeSystemEnvironmentPrivilege\n\t\t\tSeImpersonatePrivilege", "SubjectUserSid": "<pseudonym:cd1a3afeeac92cb813605e21e464de7db0ca53fa0190d3a1372a46f60ddd0712>", "SubjectUserName": "<pseudonym:387dddca7f9c9fa71c41295d7790d3bcd791cfe79b2dd4843551dfd0bf47acf2>", "SubjectDomainName": "NT AUTHORITY", "SubjectLogonId": "0x3e7"}, "provider_guid": "{54849625-5478-4994-A5BA-3E3B0328C30D}"}}
{"@timestamp": "2019-08-02T09:46:18.937Z", "@metadata": {"beat": "winlogbeat", "type": "_doc", "version": "7.2.0", "topic": "wineventlog_raw"}, "winlog": {"event_data": {"param1": "Power", "param2": "running", "Binary": "50006F007700650072002F0034000000"}, "api": "wineventlog", "keywords": ["Classic"], "provider_guid": "{555908d1-a6d7-4695-8e1e-26931d2012f4}", "process": {"thread": {"id": 528}, "pid": 440}, "channel": "System", "provider_name": "Service Control Manager", "record_id": 11591, "computer_name": "CLIENT1", "task": "", "event_id": 7036}, "event": {"kind": "event", "code": 7036, "created": "2019-08-05T08:54:04.777Z"}, "log": {"level": "information"}, "message": "The Power service entered the running state.", "host": {"architecture": "x86", "os": {"family": "windows", "name": "Windows 7 Professional", "kernel": "6.1.7601.18741 (win7sp1_gdr.150202-1526)", "build": "7601.0", "platform": "windows", "version": "6.1"}, "id": "19fc45ac-5890-4f96-81b1-50ed111c0ce4", "hostname": "CLIENT1", "name": "CLIENT1"}, "agent": {"hostname": "CLIENT1", "id": "0b755aca-0a9a-454a-9800-1979901962a0", "version": "7.2.0", "type": "winlogbeat", "ephemeral_id": "33f6eec2-a7ba-4caa-97b3-ea43b4f5e172"}, "ecs": {"version": "1.0.0"}}
{"@timestamp": "2019-08-02T09:46:24.109Z", "@metadata": {"beat": "winlogbeat", "type": "_doc", "version": "7.2.0", "topic": "wineventlog_raw"}, "winlog": {"task": "", "computer_name": "CLIENT1", "keywords": ["Classic"], "process": {"pid": 440, "thread": {"id": 520}}, "record_id": 11604, "api": "wineventlog", "provider_name": "Service Control Manager", "provider_guid": "{555908d1-a6d7-4695-8e1e-26931d2012f4}", "event_data": {"param1": "Offline Files", "param2": "running", "Binary": "43007300630053006500720076006900630065002F0034000000"}, "channel": "System", "event_id": 7036}, "event": {"code": 7036, "created": "2019-08-05T08:54:04.777Z", "kind": "event"}, "log": {"level": "information"}, "message": "The Offline Files service entered the running state.", "ecs": {"version": "1.0.0"}, "host": {"architecture": "x86", "os": {"family": "windows", "name": "Windows 7 Professional", "kernel": "6.1.7601.18741 (win7sp1_gdr.150202-1526)", "build": "7601.0", "platform": "windows", "version": "6.1"}, "id": "19fc45ac-5890-4f96-81b1-50ed111c0ce4", "hostname": "CLIENT1", "name": "CLIENT1"}, "agent": {"version": "7.2.0", "type": "winlogbeat", "ephemeral_id": "33f6eec2-a7ba-4caa-97b3-ea43b4f5e172", "hostname": "CLIENT1", "id": "0b755aca-0a9a-454a-9800-1979901962a0"}}
{"@timestamp": "2019-08-02T09:54:01.876Z", "@metadata": {"beat": "winlogbeat", "type": "_doc", "version": "7.2.0", "topic": "wineventlog_raw"}, "winlog": {"task": "", "computer_name": "CLIENT1", "process": {"pid": 440, "thread": {"id": 4048}}, "api": "wineventlog", "event_data": {"param2": "stopped", "Binary": "57004D0050004E006500740077006F0072006B005300760063002F0031000000", "param1": "Windows Media Player Network Sharing Service"}, "event_id": 7036, "keywords": ["Classic"], "provider_guid": "{555908d1-a6d7-4695-8e1e-26931d2012f4}", "channel": "System", "provider_name": "Service Control Manager", "record_id": 11667}, "event": {"kind": "event", "code": 7036, "created": "2019-08-05T08:54:04.921Z"}, "ecs": {"version": "1.0.0"}, "host": {"os": {"build": "7601.0", "platform": "windows", "version": "6.1", "family": "windows", "name": "Windows 7 Professional", "kernel": "6.1.7601.18741 (win7sp1_gdr.150202-1526)"}, "name": "CLIENT1", "id": "19fc45ac-5890-4f96-81b1-50ed111c0ce4", "hostname": "CLIENT1", "architecture": "x86"}, "agent": {"type": "winlogbeat", "ephemeral_id": "33f6eec2-a7ba-4caa-97b3-ea43b4f5e172", "hostname": "CLIENT1", "id": "0b755aca-0a9a-454a-9800-1979901962a0", "version": "7.2.0"}, "log": {"level": "information"}, "message": "The Windows Media Player Network Sharing Service service entered the stopped state."}
{"@timestamp": "2019-08-02T09:54:22.133Z", "@metadata": {"beat": "winlogbeat", "type": "_doc", "version": "7.2.0", "topic": "wineventlog_raw"}, "agent": {"ephemeral_id": "33f6eec2-a7ba-4caa-97b3-ea43b4f5e172", "hostname": "CLIENT1", "id": "0b755aca-0a9a-454a-9800-1979901962a0", "version": "7.2.0", "type": "winlogbeat"}, "ecs": {"version": "1.0.0"}, "winlog": {"event_data": {"param1": "NetTime", "param2": "stopped", "Binary": "4E0065007400540069006D0065005300760063002F0031000000"}, "channel": "System", "keywords": ["Classic"], "provider_guid": "{555908d1-a6d7-4695-8e1e-26931d2012f4}", "process": {"pid": 440, "thread": {"id": 2680}}, "event_id": 7036, "record_id": 11680, "provider_name": "Service Control Manager", "task": "", "api": "wineventlog", "computer_name": "CLIENT1"}, "event": {"created": "2019-08-05T08:54:04.922Z", "kind": "event", "code": 7036}, "log": {"level": "information"}, "message": "The NetTime service entered the stopped state.", "host": {"hostname": "CLIENT1", "name": "CLIENT1", "architecture": "x86", "os": {"kernel": "6.1.7601.18741 (win7sp1_gdr.150202-1526)", "build": "7601.0", "platform": "windows", "version": "6.1", "family": "windows", "name": "Windows 7 Professional"}, "id": "19fc45ac-5890-4f96-81b1-50ed111c0ce4"}}
{"@timestamp": "2019-08-02T09:54:23.130Z", "@metadata": {"beat": "winlogbeat", "type": "_doc", "version": "7.2.0", "topic": "wineventlog_raw"}, "log": {"level": "information"}, "message": "The Windows Event Log service entered the stopped state.", "winlog": {"record_id": 11690, "task": "", "keywords": ["Classic"], "channel": "System", "provider_name": "Service Control Manager", "process": {"pid": 440, "thread": {"id": 2680}}, "event_data": {"param2": "stopped", "Binary": "6500760065006E0074006C006F0067002F0031000000", "param1": "Windows Event Log"}, "computer_name": "CLIENT1", "provider_guid": "{555908d1-a6d7-4695-8e1e-26931d2012f4}", "event_id": 7036, "api": "wineventlog"}, "event": {"kind": "event", "code": 7036, "created": "2019-08-05T08:54:04.922Z"}, "ecs": {"version": "1.0.0"}, "host": {"name": "CLIENT1", "hostname": "CLIENT1", "architecture": "x86", "os": {"platform": "windows", "version": "6.1", "family": "windows", "name": "Windows 7 Professional", "kernel": "6.1.7601.18741 (win7sp1_gdr.150202-1526)", "build": "7601.0"}, "id": "19fc45ac-5890-4f96-81b1-50ed111c0ce4"}, "agent": {"ephemeral_id": "33f6eec2-a7ba-4caa-97b3-ea43b4f5e172", "hostname": "CLIENT1", "id": "0b755aca-0a9a-454a-9800-1979901962a0", "version": "7.2.0", "type": "winlogbeat"}}
{"pseudonym": "cd1a3afeeac92cb813605e21e464de7db0ca53fa0190d3a1372a46f60ddd0712", "origin": "EBVCwxzf4Xug3hGwFW5gzERY2dKDGdtA5Kim2SggotdeKoJdSvm4YA/KOaIH/S0Tjj4OhEQ/Q7mHZb63xP501OzsKBgj5qa+Rl55MGAp81PtrOoHMv2utWt9mHWSFaatVJzRwkvWdIUMrtueuW9ZAzVb7JfKvCbnduV6w2znbAaOr72ruzoOKw4/zsoew6vt0t1+Tr+h3yEZb0tYFmutIXAL3t6c2tm1K9X9S40oQFQ03geZqY4F0rpDKHA4/TxiF/0wfGfSig3imjVEuJ0PX59gckfU28AcP1NMm0WwaTTQhy6TrdnJvKJgJdX5V3xSH711yUUsRgvkczbe3KhcIwAE1zfL8ofnpLpetK4gxm8="}
{"@timestamp": "2019-08-05T08:52:34.546Z", "@metadata": {"beat": "winlogbeat", "type": "_doc", "version": "7.2.0", "topic": "wineventlog_raw"}, "agent": {"hostname": "CLIENT1", "id": "0b755aca-0a9a-454a-9800-1979901962a0", "version": "7.2.0", "type": "winlogbeat", "ephemeral_id": "33f6eec2-a7ba-4caa-97b3-ea43b4f5e172"}, "ecs": {"version": "1.0.0"}, "winlog": {"task": "", "provider_name": "Microsoft-Windows-Kernel-General", "computer_name": "CLIENT1", "user": {"identifier": "<pseudonym:cd1a3afeeac92cb813605e21e464de7db0ca53fa0190d3a1372a46f60ddd0712>", "name": "SYSTEM", "domain": "NT AUTHORITY", "type": "User"}, "api": "wineventlog", "opcode": "Info", "provider_guid": "{A68CA8B7-004F-D7B6-A698-07E2DE0F1F5D}", "process": {"pid": 4, "thread": {"id": 8}}, "event_id": 12, "record_id": 11701, "event_data": {"QfeVersion": "18741", "ServiceVersion": "1", "BootMode": "0", "StartTime": "2019-08-05T08:52:34.500000000Z", "MajorVersion": "6", "MinorVersion": "1", "BuildVersion": "7601"}, "channel": "System"}, "event": {"kind": "event", "code": 12, "created": "2019-08-05T08:54:04.922Z"}, "log": {"level": "information"}, "message": "The operating system started at system time \u200e2019\u200e-\u200e08\u200e-\u200e05T08:52:34.500000000Z.", "host": {"name": "CLIENT1", "architecture": "x86", "os": {"name": "Windows 7 Professional", "kernel": "6.1.7601.18741 (win7sp1_gdr.150202-1526)", "build": "7601.0", "platform": "windows", "version": "6.1", "family": "windows"}, "id": "19fc45ac-5890-4f96-81b1-50ed111c0ce4", "hostname": "CLIENT1"}}
{"@timestamp": "2019-08-05T08:53:27.218Z", "@metadata": {"beat": "winlogbeat", "type": "_doc", "version": "7.2.0", "topic": "wineventlog_raw"}, "event": {"kind": "event", "code": 7036, "created": "2019-08-05T08:54:04.922Z"}, "log": {"level": "information"}, "message": "The DCOM Server Process Launcher service entered the running state.", "winlog": {"record_id": 11708, "provider_guid": "{555908d1-a6d7-4695-8e1e-26931d2012f4}", "event_id": 7036, "task": "", "keywords": ["Classic"], "api": "wineventlog", "computer_name": "CLIENT1", "event_data": {"param1": "DCOM Server Process Launcher", "param2": "running", "Binary": "440063006F006D004C00610075006E00630068002F0034000000"}, "channel": "System", "provider_name": "Service Control Manager", "process": {"thread": {"id": 516}, "pid": 436}}, "host": {"name": "CLIENT1", "hostname": "CLIENT1", "architecture": "x86", "os": {"platform": "windows", "version": "6.1", "family": "windows", "name": "Windows 7 Professional", "kernel": "6.1.7601.18741 (win7sp1_gdr.150202-1526)", "build": "7601.0"}, "id": "19fc45ac-5890-4f96-81b1-50ed111c0ce4"}, "agent": {"hostname": "CLIENT1", "id": "0b755aca-0a9a-454a-9800-1979901962a0", "version": "7.2.0", "type": "winlogbeat", "ephemeral_id": "33f6eec2-a7ba-4caa-97b3-ea43b4f5e172"}, "ecs": {"version": "1.0.0"}}
{"@timestamp": "2019-08-05T08:53:31.000Z", "@metadata": {"beat": "winlogbeat", "type": "_doc", "version": "7.2.0", "topic": "wineventlog_raw"}, "message": "The Windows Audio Endpoint Builder service entered the running state.", "agent": {"ephemeral_id": "33f6eec2-a7ba-4caa-97b3-ea43b4f5e172", "hostname": "CLIENT1", "id": "0b755aca-0a9a-454a-9800-1979901962a0", "version": "7.2.0", "type": "winlogbeat"}, "ecs": {"version": "1.0.0"}, "host": {"hostname": "CLIENT1", "architecture": "x86", "os": {"version": "6.1", "family": "windows", "name": "Windows 7 Professional", "kernel": "6.1.7601.18741 (win7sp1_gdr.150202-1526)", "build": "7601.0", "platform": "windows"}, "id": "19fc45ac-5890-4f96-81b1-50ed111c0ce4", "name": "CLIENT1"}, "winlog": {"task": "", "computer_name": "CLIENT1", "channel": "System", "api": "wineventlog", "process": {"pid": 436, "thread": {"id": 500}}, "keywords": ["Classic"], "provider_guid": "{555908d1-a6d7-4695-8e1e-26931d2012f4}", "event_data": {"param1": "Windows Audio Endpoint Builder", "param2": "running", "Binary": "41007500640069006F0045006E00640070006F0069006E0074004200750069006C006400650072002F0034000000"}, "event_id": 7036, "record_id": 11713, "provider_name": "Service Control Manager"}, "event": {"kind": "event", "code": 7036, "created": "2019-08-05T08:54:04.923Z"}, "log": {"level": "information"}}
{"@timestamp": "2019-08-05T08:53:54.413Z", "@metadata": {"beat": "winlogbeat", "type": "_doc", "version": "7.2.0", "topic": "wineventlog_raw"}, "event": {"kind": "event", "code": 7036, "created": "2019-08-05T08:54:04.929Z"}, "agent": {"id": "0b755aca-0a9a-454a-9800-1979901962a0", "version": "7.2.0", "type": "winlogbeat", "ephemeral_id": "33f6eec2-a7ba-4caa-97b3-ea43b4f5e172", "hostname": "CLIENT1"}, "ecs": {"version": "1.0.0"}, "host": {"id": "19fc45ac-5890-4f96-81b1-50ed111c0ce4", "name": "CLIENT1", "hostname": "CLIENT1", "architecture": "x86", "os": {"family": "windows", "name": "Windows 7 Professional", "kernel": "6.1.7601.18741 (win7sp1_gdr.150202-1526)", "build": "7601.0", "platform": "windows", "version": "6.1"}}, "log": {"level": "information"}, "message": "The Distributed Link Tracking Client service entered the running state.", "winlog": {"computer_name": "CLIENT1", "process": {"pid": 436, "thread": {"id": 500}}, "event_id": 7036, "provider_name": "Service Control Manager", "task": "", "api": "wineventlog", "event_data": {"param2": "running", "Binary": "540072006B0057006B0073002F0034000000", "param1": "Distributed Link Tracking Client"}, "keywords": ["Classic"], "provider_guid": "{555908d1-a6d7-4695-8e1e-26931d2012f4}", "channel": "System", "record_id": 11745}}
{"@timestamp": "2019-08-05T08:54:02.339Z", "@metadata": {"beat": "winlogbeat", "type": "_doc", "version": "7.2.0", "topic": "wineventlog_raw"}, "winlog": {"provider_guid": "{555908d1-a6d7-4695-8e1e-26931d2012f4}", "computer_name": "CLIENT1", "task": "", "api": "wineventlog", "event_data": {"param1": "Windows Management Instrumentation", "param2": "running", "Binary": "570069006E006D0067006D0074002F0034000000"}, "channel": "System", "event_id": 7036, "provider_name": "Service Control Manager", "record_id": 11747, "keywords": ["Classic"], "process": {"pid": 436, "thread": {"id": 500}}}, "event": {"kind": "event", "code": 7036, "created": "2019-08-05T08:54:04.929Z"}, "log": {"level": "information"}, "message": "The Windows Management Instrumentation service entered the running state.", "host": {"os": {"kernel": "6.1.7601.18741 (win7sp1_gdr.150202-1526)", "build": "7601.0", "platform": "windows", "version": "6.1", "family": "windows", "name": "Windows 7 Professional"}, "id": "19fc45ac-5890-4f96-81b1-50ed111c0ce4", "hostname": "CLIENT1", "name": "CLIENT1", "architecture": "x86"}, "agent": {"type": "winlogbeat", "ephemeral_id": "33f6eec2-a7ba-4caa-97b3-ea43b4f5e172", "hostname": "CLIENT1", "id": "0b755aca-0a9a-454a-9800-1979901962a0", "version": "7.2.0"}, "ecs": {"version": "1.0.0"}}
{"@timestamp": "2019-08-05T08:55:54.000Z", "@metadata": {"beat": "winlogbeat", "type": "_doc", "version": "7.2.0", "topic": "wineventlog_raw"}, "agent": {"type": "winlogbeat", "ephemeral_id": "33f6eec2-a7ba-4caa-97b3-ea43b4f5e172", "hostname": "CLIENT1", "id": "0b755aca-0a9a-454a-9800-1979901962a0", "version": "7.2.0"}, "winlog": {"opcode": "Info", "provider_name": "ESENT", "event_id": 301, "keywords": ["Classic"], "channel": "Application", "task": "Logging/Recovery", "api": "wineventlog", "record_id": 2942, "computer_name": "CLIENT1", "event_data": {"param4": "C:\\ProgramData\\Microsoft\\Search\\Data\\Applications\\Windows\\MSS.log", "param1": "Windows", "param2": "1524", "param3": "Windows: "}}, "event": {"kind": "event", "code": 301, "action": "Logging/Recovery", "created": "2019-08-05T08:55:54.800Z"}, "log": {"level": "information"}, "message": "Windows (1524) Windows: The database engine has begun replaying logfile C:\\ProgramData\\Microsoft\\Search\\Data\\Applications\\Windows\\MSS.log.", "ecs": {"version": "1.0.0"}, "host": {"os": {"build": "7601.0", "platform": "windows", "version": "6.1", "family": "windows", "name": "Windows 7 Professional", "kernel": "6.1.7601.18741 (win7sp1_gdr.150202-1526)"}, "id": "19fc45ac-5890-4f96-81b1-50ed111c0ce4", "name": "CLIENT1", "hostname": "CLIENT1", "architecture": "x86"}}
{"@timestamp": "2019-08-05T08:55:56.000Z", "@metadata": {"beat": "winlogbeat", "type": "_doc", "version": "7.2.0", "topic": "wineventlog_raw"}, "log": {"level": "information"}, "message": "Service 'WMPNetworkSvc' started.", "ecs": {"version": "1.0.0"}, "host": {"name": "CLIENT1", "hostname": "CLIENT1", "architecture": "x86", "os": {"family": "windows", "name": "Windows 7 Professional", "kernel": "6.1.7601.18741 (win7sp1_gdr.150202-1526)", "build": "7601.0", "platform": "windows", "version": "6.1"}, "id": "19fc45ac-5890-4f96-81b1-50ed111c0ce4"}, "agent": {"hostname": "CLIENT1", "id": "0b755aca-0a9a-454a-9800-1979901962a0", "version": "7.2.0", "type": "winlogbeat", "ephemeral_id": "33f6eec2-a7ba-4caa-97b3-ea43b4f5e172"}, "winlog": {"api": "wineventlog", "keywords": ["Classic"], "provider_guid": "{6A2DC7C1-930A-4FB5-BB44-80B30AEBED6C}", "event_data": {"ServiceName": "WMPNetworkSvc"}, "channel": "System", "event_id": 14204, "record_id": 11760, "task": "", "computer_name": "CLIENT1", "provider_name": "Microsoft-Windows-WMPNSS-Service"}, "event": {"kind": "event", "code": 14204, "created": "2019-08-05T08:55:57.481Z"}}
{"pseudonym": "cd1a3afeeac92cb813605e21e464de7db0ca53fa0190d3a1372a46f60ddd0712", "origin": "pqzxBo0m768tcP4pKDGDMORcK0Com/2oq+nM80KssYf3uduANHSPw5zFIFGYzAU5QBgYl26drNsnOmVhOTBHb/GWPmG8InZxkHMY6N0qCZTKldCTLX0OquFsATn0lc0g1vU44ka7vWgI9SLYyqvEwEvmS930pG5p2DNQqpoCSpSruKCxxgzj1eR3EI0w4F8Vw9xzYZdydUaFua4wB3uI3hF2w1R1tZ7ONU20Tbj2l3MmCiQ2jPvk3klBAjv18WPdSPMjEVH1D7QOANfCFGvvq/0qUnFpm0SE40GymDtu6k7ylN4nICNtWwzThgLUBymA/O2Py911zWt0BJY8TJI6nObLkoGSFg/Dg3/GdgjKsWA="}
{"pseudonym": "2246ce99b75c4aebaf0cd5d095e35cdb0cbf0f8adaf28ed864467242b621c30c", "origin": "YyZXUYMD5GB9BxZlEI8s2/FuMO3DFnF5td5TeGFZGlL8ZV3bjIVkEF7oKNx4EhA8ppja+2Fmekf77Gx612Xwd1abOw7+TcWUFPbNPM4lp8AqbLezk2BKvwScevPSTCwTx51ZnLwnQQ53o08I9W5Uq00kPdpp/1CgbA8SfxjuFAhvdS5lM4DxKWCqpUDXN2oW7M/QTd2JXimEdVUsxPZrNwsy5Z3Y7Xrl8T4b/8OV4pTI1uzZB0nXvb3ak1O0dAXfoc6yKp/o830Wjs9jpf3lQN3UN4o1mJiBtFvYg1cUW4vHxuzif3imBte17RcNNBFsM2qJetpfI8Dj+oP6mXTygh+NdYeQbSmq1DBoMBHygptU3gkFwZdFKprL5nj5owL0xjEYAR60O5fn9ngYM/mn6MGKECyy"}
{"@timestamp": "2019-07-30T14:37:49.157Z", "@metadata": {"beat": "winlogbeat", "type": "_doc", "version": "7.2.0", "topic": "wineventlog_raw"}, "winlog": {"provider_name": "Microsoft-Windows-Winlogon", "task": "", "user": {"name": "SYSTEM", "domain": "NT AUTHORITY", "type": "User", "identifier": "<pseudonym:cd1a3afeeac92cb813605e21e464de7db0ca53fa0190d3a1372a46f60ddd0712>"}, "event_data": {"UserSid": "<pseudonym:2246ce99b75c4aebaf0cd5d095e35cdb0cbf0f8adaf28ed864467242b621c30c>", "TSId": "1"}, "event_id": 7002, "opcode": "Info", "process": {"pid": 376, "thread": {"id": 404}}, "channel": "System", "record_id": 11547, "api": "wineventlog", "provider_guid": "{DBE9B383-7CF3-4331-91CC-A3CB16A3B538}", "computer_name": "CLIENT1", "activity_id": "{2698178D-FDAD-40AE-9D3C-1371703ADC5B}"}, "event": {"kind": "event", "code": 7002, "created": "2019-08-02T09:55:11.995Z"}, "log": {"level": "information"}, "message": "User Logoff Notification for Customer Experience Improvement Program", "agent": {"hostname": "CLIENT1", "id": "0b755aca-0a9a-454a-9800-1979901962a0", "version": "7.2.0", "type": "winlogbeat", "ephemeral_id": "de845cd9-5141-4c92-ad32-27a4518307e9"}, "ecs": {"version": "1.0.0"}, "host": {"os": {"family": "windows", "name": "Windows 7 Professional", "kernel": "6.1.7601.18741 (win7sp1_gdr.150202-1526)", "build": "7601.0", "platform": "windows", "version": "6.1"}, "id": "19fc45ac-5890-4f96-81b1-50ed111c0ce4", "hostname": "CLIENT1", "architecture": "x86", "name": "CLIENT1"}}
{"@timestamp": "2019-07-30T14:38:12.934Z", "@metadata": {"beat": "winlogbeat", "type": "_doc", "version": "7.2.0", "topic": "wineventlog_raw"}, "host": {"name": "CLIENT1", "architecture": "x86", "os": {"family": "windows", "name": "Windows 7 Professional", "kernel": "6.1.7601.18741 (win7sp1_gdr.150202-1526)", "build": "7601.0", "platform": "windows", "version": "6.1"}, "id": "19fc45ac-5890-4f96-81b1-50ed111c0ce4", "hostname": "CLIENT1"}, "agent": {"hostname": "CLIENT1", "id": "0b755aca-0a9a-454a-9800-1979901962a0", "version": "7.2.0", "type": "winlogbeat", "ephemeral_id": "de845cd9-5141-4c92-ad32-27a4518307e9"}, "winlog": {"provider_guid": "{555908d1-a6d7-4695-8e1e-26931d2012f4}", "api": "wineventlog", "event_id": 7036, "keywords": ["Classic"], "event_data": {"Binary": "570064006900530065007200760069006300650048006F00730074002F0031000000", "param1": "Diagnostic Service Host", "param2": "stopped"}, "channel": "System", "computer_name": "CLIENT1", "process": {"thread": {"id": 2808}, "pid": 436}, "record_id": 11558, "task": "", "provider_name": "Service Control Manager"}, "event": {"kind": "event", "code": 7036, "created": "2019-08-02T09:55:11.995Z"}, "log": {"level": "information"}, "message": "The Diagnostic Service Host service entered the stopped state.", "ecs": {"version": "1.0.0"}}
{"@timestamp": "2019-08-02T09:46:20.000Z", "@metadata": {"beat": "winlogbeat", "type": "_doc", "version": "7.2.0", "topic": "wineventlog_raw"}, "log": {"level": "information"}, "message": "Microsoft (R) Windows (R) 6.01. 7601 Service Pack 1 Multiprocessor Free.", "winlog": {"computer_name": "CLIENT1", "channel": "System", "record_id": 11570, "task": "", "event_data": {"param4": "Multiprocessor Free", "param5": "17514", "param1": "6.01.", "param2": "7601", "param3": "Service Pack 1"}, "keywords": ["Classic"], "event_id": 6009, "provider_name": "EventLog", "api": "wineventlog"}, "event": {"code": 6009, "created": "2019-08-02T09:55:11.996Z", "kind": "event"}, "ecs": {"version": "1.0.0"}, "host": {"name": "CLIENT1", "architecture": "x86", "os": {"family": "windows", "name": "Windows 7 Professional", "kernel": "6.1.7601.18741 (win7sp1_gdr.150202-1526)", "build": "7601.0", "platform": "windows", "version": "6.1"}, "id": "19fc45ac-5890-4f96-81b1-50ed111c0ce4", "hostname": "CLIENT1"}, "agent": {"version": "7.2.0", "type": "winlogbeat", "ephemeral_id": "de845cd9-5141-4c92-ad32-27a4518307e9", "hostname": "CLIENT1", "id": "0b755aca-0a9a-454a-9800-1979901962a0"}}
{"@timestamp": "2019-08-02T09:46:23.890Z", "@metadata": {"beat": "winlogbeat", "type": "_doc", "version": "7.2.0", "topic": "wineventlog_raw"}, "log": {"level": "information"}, "ecs": {"version": "1.0.0"}, "host": {"architecture": "x86", "os": {"build": "7601.0", "platform": "windows", "version": "6.1", "family": "windows", "name": "Windows 7 Professional", "kernel": "6.1.7601.18741 (win7sp1_gdr.150202-1526)"}, "id": "19fc45ac-5890-4f96-81b1-50ed111c0ce4", "name": "CLIENT1", "hostname": "CLIENT1"}, "agent": {"hostname": "CLIENT1", "id": "0b755aca-0a9a-454a-9800-1979901962a0", "version": "7.2.0", "type": "winlogbeat", "ephemeral_id": "de845cd9-5141-4c92-ad32-27a4518307e9"}, "message": "The Group Policy Client service entered the running state.", "winlog": {"keywords": ["Classic"], "provider_guid": "{555908d1-a6d7-4695-8e1e-26931d2012f4}", "channel": "System", "provider_name": "Service Control Manager", "computer_name": "CLIENT1", "event_id": 7036, "record_id": 11602, "event_data": {"param1": "Group Policy Client", "param2": "running", "Binary": "670070007300760063002F0034000000"}, "task": "", "api": "wineventlog", "process": {"pid": 440, "thread": {"id": 528}}}, "event": {"kind": "event", "code": 7036, "created": "2019-08-02T09:55:11.997Z"}}
