{"@timestamp": "2019-08-02T09:47:41.000Z", "@metadata": {"beat": "winlogbeat", "type": "_doc", "version": "7.2.0", "topic": "wineventlog_raw"}, "agent": {"id": "0b755aca-0a9a-454a-9800-1979901962a0", "version": "7.2.0", "type": "winlogbeat", "ephemeral_id": "de845cd9-5141-4c92-ad32-27a4518307e9", "hostname": "CLIENT1"}, "ecs": {"version": "1.0.0"}, "winlog": {"record_id": 2910, "api": "wineventlog", "computer_name": "CLIENT1", "opcode": "Info", "provider_name": "ESENT", "keywords": ["Classic"], "event_data": {"param1": "Windows", "param2": "2032", "param3": "Windows: ", "param4": "0", "param5": "6", "param6": "01", "param7": "7601", "param8": "0000"}, "channel": "Application", "task": "General", "event_id": 102}, "event": {"created": "2019-08-02T09:55:12.182Z", "kind": "event", "code": 102, "action": "General"}, "log": {"level": "information"}, "message": "Windows (2032) Windows: The database engine (6.01.7601.0000) started a new instance (0).", "host": {"architecture": "x86", "os": {"name": "Windows 7 Professional", "kernel": "6.1.7601.18741 (win7sp1_gdr.150202-1526)", "build": "7601.0", "platform": "windows", "version": "6.1", "family": "windows"}, "name": "CLIENT1", "id": "19fc45ac-5890-4f96-81b1-50ed111c0ce4", "hostname": "CLIENT1"}}
{"@timestamp": "2019-08-02T09:49:11.000Z", "@metadata": {"beat": "winlogbeat", "type": "_doc", "version": "7.2.0", "topic": "wineventlog_raw"}, "message": "These policies are being excluded since they are only defined with override-only attribute.\nPolicy Names=(IIS-W3SVC-MaxConcurrentRequests) (Microsoft.Windows.Smc-Enabled) (Shell-InBoxGames-FreeCell-EnableGame) (Shell-InBoxGames-Hearts-EnableGame) (Shell-InBoxGames-Minesweeper-EnableGame) (Shell-InBoxGames-PurblePlace-EnableGame) (Shell-InBoxGames-Shanghai-EnableGame) (Shell-InBoxGames-Solitaire-EnableGame) (Shell-InBoxGames-SpiderSolitaire-EnableGame) (Shell-MultiplayerInboxGames-Backgammon-EnableGame) (Shell-MultiplayerInboxGames-Checkers-EnableGame) (Shell-MultiplayerInboxGames-Spades-EnableGame) (Shell-PremiumInBoxGames-Chess-EnableGame) (Telnet-Client-EnableTelnetClient) (Telnet-Server-EnableTelnetServer) (TiffIFilterLicensing-EnableTiffIFilter) \nApp Id=55c92734-d682-4d71-983e-d6ec3f16059f\nSku Id=c1e88de3-96c4-4563-ad7d-775f65b1e670", "agent": {"version": "7.2.0", "type": "winlogbeat", "ephemeral_id": "de845cd9-5141-4c92-ad32-27a4518307e9", "hostname": "CLIENT1", "id": "0b755aca-0a9a-454a-9800-1979901962a0"}, "ecs": {"version": "1.0.0"}, "host": {"id": "19fc45ac-5890-4f96-81b1-50ed111c0ce4", "hostname": "CLIENT1", "name": "CLIENT1", "architecture": "x86", "os": {"kernel": "6.1.7601.18741 (win7sp1_gdr.150202-1526)", "build": "7601.0", "platform": "windows", "version": "6.1", "family": "windows", "name": "Windows 7 Professional"}}, "winlog": {"keywords": ["Classic"], "provider_guid": "{E23B33B0-C8C9-472C-A5F9-F2BDFEA0F156}", "provider_name": "Microsoft-Windows-Security-SPP", "record_id": 2919, "computer_name": "CLIENT1", "channel": "Application", "task": "", "api": "wineventlog", "event_data": {"param1": "(IIS-W3SVC-MaxConcurrentRequests) (Microsoft.Windows.Smc-Enabled) (Shell-InBoxGames-FreeCell-EnableGame) (Shell-InBoxGames-Hearts-EnableGame) (Shell-InBoxGames-Minesweeper-EnableGame) (Shell-InBoxGames-PurblePlace-EnableGame) (Shell-InBoxGames-Shanghai-EnableGame) (Shell-InBoxGames-Solitaire-EnableGame) (Shell-InBoxGames-SpiderSolitaire-EnableGame) (Shell-MultiplayerInboxGames-Backgammon-EnableGame) (Shell-MultiplayerInboxGames-Checkers-EnableGame) (Shell-MultiplayerInboxGames-Spades-EnableGame) (Shell-PremiumInBoxGames-Chess-EnableGame) (Telnet-Client-EnableTelnetClient) (Telnet-Server-EnableTelnetServer) (TiffIFilterLicensing-EnableTiffIFilter) ", "param2": "55c92734-d682-4d71-983e-d6ec3f16059f", "param3": "c1e88de3-96c4-4563-ad7d-775f65b1e670"}, "event_id": 1033}, "event": {"created": "2019-08-02T09:55:12.182Z", "kind": "event", "code": 1033}, "log": {"level": "information"}}
{"@timestamp": "2019-08-02T09:55:54.000Z", "@metadata": {"beat": "winlogbeat", "type": "_doc", "version": "7.2.0", "topic": "wineventlog_raw"}, "host": {"name": "CLIENT1", "architecture": "x86", "os": {"version": "6.1", "family": "windows", "name": "Windows 7 Professional", "kernel": "6.1.7601.18741 (win7sp1_gdr.150202-1526)", "build": "7601.0", "platform": "windows"}, "id": "19fc45ac-5890-4f96-81b1-50ed111c0ce4", "hostname": "CLIENT1"}, "agent": {"ephemeral_id": "de845cd9-5141-4c92-ad32-27a4518307e9", "hostname": "CLIENT1", "id": "0b755aca-0a9a-454a-9800-1979901962a0", "version": "7.2.0", "type": "winlogbeat"}, "log": {"level": "information"}, "message": "Windows (2052) Windows: The database engine has successfully completed recovery steps.", "winlog": {"opcode": "Info", "event_data": {"param2": "2052", "param3": "Windows: ", "param1": "Windows"}, "event_id": 302, "provider_name": "ESENT", "record_id": 2942, "task": "Logging/Recovery", "api": "wineventlog", "keywords": ["Classic"], "computer_name": "CLIENT1", "channel": "Application"}, "event": {"kind": "event", "code": 302, "action": "Logging/Recovery", "created": "2019-08-02T09:55:54.387Z"}, "ecs": {"version": "1.0.0"}}
{"pseudonym": "cd1a3afeeac92cb813605e21e464de7db0ca53fa0190d3a1372a46f60ddd0712", "origin": "PG6lvfEQoFE8/Rns07+fXO9bxXnUDLohJxXLqws+lsQIBsCymf8y73YybdR+gISlbyQvhMAh55IcGL+8yltlxQZXDyeyE4DqXP3CShXIOBfA0FI8V8io+gA0gUE5XaegiH7yUkJ7jFqadaOT7LcnNYlFuE97LxhOEJJvDXFWxKEvK0LOahIcLGLZwFoZybMVlU7UWThMYKdCWKAzQ8Ka6UaL1HFx4rHcLGb8oktCiGd9DNQ9dZHFtrgla6NjNPgSwzHXK786+AoZUtePA/qRbVT5rocfoHh+P3pzCAGWiplTSy/czhgkWqofwpUYlPHzHTjg2OKSXbXEiHZP0nFxxTun7Rki5fk5O/IPEseGIYM="}
{"@timestamp": "2019-08-02T09:56:45.625Z", "@metadata": {"beat": "winlogbeat", "type": "_doc", "version": "7.2.0", "topic": "wineventlog_raw"}, "log": {"level": "error"}, "message": "Event filter with query \"SELECT * FROM __InstanceModificationEvent WITHIN 60 WHERE TargetInstance ISA \"Win32_Processor\" AND TargetInstance.LoadPercentage > 99\" could not be reactivated in namespace \"//./root/CIMV2\" because of error 0x80041003. Events cannot be delivered through this filter until the problem is corrected.", "ecs": {"version": "1.0.0"}, "host": {"name": "CLIENT1", "architecture": "x86", "os": {"platform": "windows", "version": "6.1", "family": "windows", "name": "Windows 7 Professional", "kernel": "6.1.7601.18741 (win7sp1_gdr.150202-1526)", "build": "7601.0"}, "id": "19fc45ac-5890-4f96-81b1-50ed111c0ce4", "hostname": "CLIENT1"}, "agent": {"id": "0b755aca-0a9a-454a-9800-1979901962a0", "version": "7.2.0", "type": "winlogbeat", "ephemeral_id": "de845cd9-5141-4c92-ad32-27a4518307e9", "hostname": "CLIENT1"}, "winlog": {"record_id": 2944, "provider_name": "Microsoft-Windows-WMI", "version": 2, "user": {"domain": "NT AUTHORITY", "type": "User", "identifier": "<pseudonym:cd1a3afeeac92cb813605e21e464de7db0ca53fa0190d3a1372a46f60ddd0712>", "name": "SYSTEM"}, "provider_guid": "{1EDEEE53-0AFE-4609-B846-D8C0B2075B1F}", "channel": "Application", "api": "wineventlog", "process": {"pid": 776, "thread": {"id": 3468}}, "user_data": {"xml_name": "data_0x8000003F", "Query": "SELECT * FROM __InstanceModificationEvent WITHIN 60 WHERE TargetInstance ISA \"Win32_Processor\" AND TargetInstance.LoadPercentage > 99", "Namespace": "//./root/CIMV2", "Error": "0x80041003"}, "activity_id": "{00000000-7084-0000-7EC3-454F1849D501}", "task": "", "opcode": "Info", "event_id": 10, "computer_name": "CLIENT1"}, "event": {"code": 10, "created": "2019-08-02T09:56:46.641Z", "kind": "event"}}
{"@timestamp": "2019-08-02T09:57:17.682Z", "@metadata": {"beat": "winlogbeat", "type": "_doc", "version": "7.2.0", "topic": "wineventlog_raw"}, "winlog": {"event_data": {"param1": "Windows Update", "param2": "running", "Binary": "770075006100750073006500720076002F0034000000"}, "event_id": 7036, "provider_guid": "{555908d1-a6d7-4695-8e1e-26931d2012f4}", "process": {"pid": 440, "thread": {"id": 1856}}, "provider_name": "Service Control Manager", "record_id": 11773, "task": "", "api": "wineventlog", "computer_name": "CLIENT1", "keywords": ["Classic"], "channel": "System"}, "event": {"kind": "event", "code": 7036, "created": "2019-08-02T09:57:19.125Z"}, "log": {"level": "information"}, "message": "The Windows Update service entered the running state.", "ecs": {"version": "1.0.0"}, "host": {"os": {"version": "6.1", "family": "windows", "name": "Windows 7 Professional", "kernel": "6.1.7601.18741 (win7sp1_gdr.150202-1526)", "build": "7601.0", "platform": "windows"}, "id": "19fc45ac-5890-4f96-81b1-50ed111c0ce4", "hostname": "CLIENT1", "name": "CLIENT1", "architecture": "x86"}, "agent": {"version": "7.2.0", "type": "winlogbeat", "ephemeral_id": "de845cd9-5141-4c92-ad32-27a4518307e9", "hostname": "CLIENT1", "id": "0b755aca-0a9a-454a-9800-1979901962a0"}}
{"pseudonym": "88300c8916832c3352893b38edeeb13dae715dc9604444fc4d9bdd509aba6c1d", "origin": "YX1qFbHDCywHx+kC1kPprDcONarDjrSggX6LdxNV0nh5wwjPC9L2wU2Vi0i8ARPNdxfaSaq1JcaSwtu5o4RhYwfbQyna0ECporHbhfqj5qmhHyhd3esG0WeGmen8yr6AuX2EZBBKE4JbqVkMu+Jhzlcgqu7QOM9o2dcXC5oECCSmzlxh3TBKgwAfZZ85vXr0x2Is/dC+ddBXznJRpAEgNVJKQyOUck/jI+BFWWsMmVkT6SlQnVXsm3+Rne/CIQwgOeriwMwQa6PeUFC0PRXLdZ14d65FK4XwmRHrbMPJJ8+z+Wm69k8Pgvgr0E9oAfBNUTjJ9pTounsYZOUWZfAS8oPOxMN8oimM/4itD8g6b5E="}
{"@timestamp": "2019-08-02T09:58:12.166Z", "@metadata": {"beat": "winlogbeat", "type": "_doc", "version": "7.2.0", "topic": "wineventlog_raw"}, "message": "The time service is now synchronizing the system time with the time source companyrouter.localdomain,0x9 (ntp.m|0x9|0.0.0.0:123->172.16.0.1:123).", "ecs": {"version": "1.0.0"}, "host": {"name": "CLIENT1", "id": "19fc45ac-5890-4f96-81b1-50ed111c0ce4", "hostname": "CLIENT1", "architecture": "x86", "os": {"name": "Windows 7 Professional", "kernel": "6.1.7601.18741 (win7sp1_gdr.150202-1526)", "build": "7601.0", "platform": "windows", "version": "6.1", "family": "windows"}}, "agent": {"ephemeral_id": "de845cd9-5141-4c92-ad32-27a4518307e9", "hostname": "CLIENT1", "id": "0b755aca-0a9a-454a-9800-1979901962a0", "version": "7.2.0", "type": "winlogbeat"}, "winlog": {"channel": "System", "provider_name": "Microsoft-Windows-Time-Service", "record_id": 11776, "process": {"thread": {"id": 3524}, "pid": 944}, "provider_guid": "{06EDCFEB-0FD0-4E53-ACCA-A6F8BBF81BCB}", "user": {"identifier": "<pseudonym:88300c8916832c3352893b38edeeb13dae715dc9604444fc4d9bdd509aba6c1d>", "name": "LOCAL SERVICE", "domain": "NT AUTHORITY", "type": "Well Known Group"}, "event_data": {"TimeSource": "companyrouter.localdomain,0x9 (ntp.m|0x9|0.0.0.0:123->172.16.0.1:123)"}, "opcode": "Info", "event_id": 35, "task": "", "api": "wineventlog", "computer_name": "CLIENT1"}, "event": {"kind": "event", "code": 35, "created": "2019-08-02T09:58:13.247Z"}, "log": {"level": "information"}}
{"pseudonym": "cd1a3afeeac92cb813605e21e464de7db0ca53fa0190d3a1372a46f60ddd0712", "origin": "pBwBQ4hGByZuNOdQb6BFY72eCnVVJb6UXGLYYR7PY4pDDcpHGemL4OOl+POU6z3bA1Nk6kbZcmFiWVQrlxeokKCYz5wvRvqTzCKmLs+NSf4kNGXvsLy/ZjrW4eGK3o7BZ7GZXSPBMFHC/MOHvcJwSP+2L9b4h7QlDM+LjazE0BIbrbLVtzB5i605M+/gE2n0gWNDcLqCEjSIZRl7JeUk9GZqncwJG2EgtiUd+Q+BQz7yvjbH/N6ngfjzQVnyjRUU/vWM/8fitr17xC+ZfSYa34JwXIi+y4NEbavQG4SUNnX5v4A8NGiUgJvdsJwY28ozqLo8O1Eht+zRaWdpi4ytNGob7jFVK7HUSh8L3oraAp8="}
{"@timestamp": "2019-08-02T10:20:05.291Z", "@metadata": {"beat": "winlogbeat", "type": "_doc", "version": "7.2.0", "topic": "wineventlog_raw"}, "message": "The system time has changed to \u200e2019\u200e-\u200e08\u200e-\u200e02T10:20:05.291000000Z from \u200e2019\u200e-\u200e08\u200e-\u200e02T10:20:05.959925100Z.", "winlog": {"opcode": "Info", "provider_guid": "{A68CA8B7-004F-D7B6-A698-07E2DE0F1F5D}", "provider_name": "Microsoft-Windows-Kernel-General", "task": "", "api": "wineventlog", "keywords": ["Time"], "event_id": 1, "computer_name": "CLIENT1", "user": {"identifier": "<pseudonym:cd1a3afeeac92cb813605e21e464de7db0ca53fa0190d3a1372a46f60ddd0712>", "name": "SYSTEM", "domain": "NT AUTHORITY", "type": "User"}, "channel": "System", "record_id": 11786, "process": {"pid": 1460, "thread": {"id": 1504}}, "event_data": {"NewTime": "2019-08-02T10:20:05.291000000Z", "OldTime": "2019-08-02T10:20:05.959925100Z"}}, "agent": {"type": "winlogbeat", "ephemeral_id": "de845cd9-5141-4c92-ad32-27a4518307e9", "hostname": "CLIENT1", "id": "0b755aca-0a9a-454a-9800-1979901962a0", "version": "7.2.0"}, "ecs": {"version": "1.0.0"}, "host": {"name": "CLIENT1", "os": {"name": "Windows 7 Professional", "kernel": "6.1.7601.18741 (win7sp1_gdr.150202-1526)", "build": "7601.0", "platform": "windows", "version": "6.1", "family": "windows"}, "id": "19fc45ac-5890-4f96-81b1-50ed111c0ce4", "hostname": "CLIENT1", "architecture": "x86"}, "event": {"kind": "event", "code": 1, "created": "2019-08-02T10:20:06.402Z"}, "log": {"level": "information"}}
{"@timestamp": "2019-08-02T10:45:10.101Z", "@metadata": {"beat": "winlogbeat", "type": "_doc", "version": "7.2.0", "topic": "wineventlog_raw"}, "winlog": {"event_id": 7036, "channel": "System", "provider_name": "Service Control Manager", "task": "", "api": "wineventlog", "event_data": {"param2": "running", "Binary": "730077007000720076002F0034000000", "param1": "Microsoft Software Shadow Copy Provider"}, "computer_name": "CLIENT1", "provider_guid": "{555908d1-a6d7-4695-8e1e-26931d2012f4}", "process": {"pid": 440, "thread": {"id": 3136}}, "keywords": ["Classic"], "record_id": 11797}, "event": {"code": 7036, "created": "2019-08-02T10:45:11.336Z", "kind": "event"}, "log": {"level": "information"}, "message": "The Microsoft Software Shadow Copy Provider service entered the running state.", "ecs": {"version": "1.0.0"}, "host": {"name": "CLIENT1", "os": {"platform": "windows", "version": "6.1", "family": "windows", "name": "Windows 7 Professional", "kernel": "6.1.7601.18741 (win7sp1_gdr.150202-1526)", "build": "7601.0"}, "id": "19fc45ac-5890-4f96-81b1-50ed111c0ce4", "hostname": "CLIENT1", "architecture": "x86"}, "agent": {"ephemeral_id": "de845cd9-5141-4c92-ad32-27a4518307e9", "hostname": "CLIENT1", "id": "0b755aca-0a9a-454a-9800-1979901962a0", "version": "7.2.0", "type": "winlogbeat"}}
{"pseudonym": "e887f3a09fdddf7c81a563b81f90ed9499d86badaa6173d1aa197a2b544d13b1", "origin": "TpoufNZ3kHX7H1WI7FuaXIqTflY543PsdEHN/vwsEYKkF9NZrsM1/FzXfnnSUbIblVFrkaOP2SBf5PVSzx6jLG7nYa1tQWei+Bmapd2jKH7FTkFbxftWJm+ERUA5JPQ1HPOvC0JmzYtayajn2ElPs46R2bXu3oLE4pH0Kj9nsN1wqYX+nOUUD0xx7rCnSey/L20PCGIZMKpCHZMXExZ2mZY+WpdXjk0JAdCqaom/O1KHQYLTf7TZ9Qkafi0MTx7rWMigZ3kGZ6seIHtbI2BX9s/Q+npL1tMlZHHqQaN03XitCxiGV9qKma01K/NezbIgtLNzDKswAGxHXjNZA6xsWEsBhANLTxl4rGKxHqG1/rQ="}
{"pseudonym": "cd1a3afeeac92cb813605e21e464de7db0ca53fa0190d3a1372a46f60ddd0712", "origin": "rlJBU7tH6d7klSao/hXNF4VpYEnNVlf4r+GHie8a8H3wWkfL9ghDmrBUgnTo+0EhOZh4qdDUt4Av1v87f8jgJ7aS0zVX6AcDsEhKSP4nVDbc/W06AoudIMGxtLEauOnxNlqRAn7052C4iG+vmXP3intPlfARaKmwqQ+iP218XvTgNY+hUFNiyYCSg+jggHP1c8TYhbb4bL6vTG1a7I1BCKPPj4GF0o3aW7SW3vm6XNuK1ip1plkz2ddAMZJ43IZ7FjpVc02q24MDKnMtGjz1rdrvaBj8m5fm/xEl+1TAAKY+1TR9BbZwXKgthK5vo0AzmHGCBCGm17UeaNVXfR98Clos5+joqGMZ8IoLKBEXw/g="}
{"@timestamp": "2019-08-02T11:35:02.135Z", "@metadata": {"beat": "winlogbeat", "type": "_doc", "version": "7.2.0", "topic": "wineventlog_raw"}, "log": {"level": "information"}, "message": "The system time was changed.\n\nSubject:\n\tSecurity ID:\t\tS-1-5-18\n\tAccount Name:\t\tCLIENT1$\n\tAccount Domain:\t\tWORKGROUP\n\tLogon ID:\t\t0x3e7\n\nProcess Information:\n\tProcess ID:\t0x5b4\n\tName:\t\tC:\\Program Files\\NetTime\\NetTimeService.exe\n\nPrevious Time:\t\t\u200e2019\u200e-\u200e08\u200e-\u200e02T11:35:02.852487300Z\nNew Time:\t\t\u200e2019\u200e-\u200e08\u200e-\u200e02T11:35:02.135000000Z\n\nThis event is generated when the system time is changed. It is normal for the Windows Time Service, which runs with System privilege, to change the system time on a regular basis. Other system time changes may be indicative of attempts to tamper with the computer.", "agent": {"type": "winlogbeat", "ephemeral_id": "de845cd9-5141-4c92-ad32-27a4518307e9", "hostname": "CLIENT1", "id": "0b755aca-0a9a-454a-9800-1979901962a0", "version": "7.2.0"}, "ecs": {"version": "1.0.0"}, "host": {"architecture": "x86", "os": {"version": "6.1", "family": "windows", "name": "Windows 7 Professional", "kernel": "6.1.7601.18741 (win7sp1_gdr.150202-1526)", "build": "7601.0", "platform": "windows"}, "id": "19fc45ac-5890-4f96-81b1-50ed111c0ce4", "hostname": "CLIENT1", "name": "CLIENT1"}, "winlog": {"event_data": {"NewTime": "2019-08-02T11:35:02.135000000Z", "ProcessId": "0x5b4", "ProcessName": "C:\\Program Files\\NetTime\\NetTimeService.exe", "SubjectUserSid": "<pseudonym:cd1a3afeeac92cb813605e21e464de7db0ca53fa0190d3a1372a46f60ddd0712>", "SubjectUserName": "<pseudonym:e887f3a09fdddf7c81a563b81f90ed9499d86badaa6173d1aa197a2b544d13b1>", "SubjectDomainName": "WORKGROUP", "SubjectLogonId": "0x3e7", "PreviousTime": "2019-08-02T11:35:02.852487300Z"}, "keywords": ["Audit Success"], "record_id": 4726, "task": "Security State Change", "api": "wineventlog", "provider_guid": "{54849625-5478-4994-A5BA-3E3B0328C30D}", "process": {"pid": 4, "thread": {"id": 60}}, "version": 1, "event_id": 4616, "computer_name": "CLIENT1", "channel": "Security", "provider_name": "Microsoft-Windows-Security-Auditing", "opcode": "Info"}, "event": {"kind": "event", "code": 4616, "action": "Security State Change", "created": "2019-08-02T11:35:03.386Z"}}
{"pseudonym": "cd1a3afeeac92cb813605e21e464de7db0ca53fa0190d3a1372a46f60ddd0712", "origin": "PA+X2aKt8/Mv7lSjKnnYFrSKFN/zPeZNTBQ1xUQgaVOV1EFJ+rr2kAOdRIfwEnPsh5sIUrUfmpc4dZcAN5tmBxGDHQrbSwjMqnYYQL9wmNwRwFmTxolJVwPI0dQb1lr4/aq4vO/O3lLGbK3LAkuMgwWiLbeDTuE6jSWm1aqgDVt0Dxhy6JDIzgVlSOyk4VajhFBPK/F5VMuqD/pGr/alEAgMKA9b+lXPbSPb/BkgnSXIsU5/WEgDfa+k5XuuCf6gIbCzY/LhVwygYH9RzMGBsptgNnjzci28WHwHmmygRFnyMu3oLqQelzbzux7Q47crZwArBdLUL2uUI8XcSVCAkSUsdjR/FFBM1EIqHOPEneQ="}
{"@timestamp": "2019-08-02T12:45:01.241Z", "@metadata": {"beat": "winlogbeat", "type": "_doc", "version": "7.2.0", "topic": "wineventlog_raw"}, "ecs": {"version": "1.0.0"}, "winlog": {"provider_guid": "{A68CA8B7-004F-D7B6-A698-07E2DE0F1F5D}", "process": {"pid": 1460, "thread": {"id": 1504}}, "user": {"name": "SYSTEM", "domain": "NT AUTHORITY", "type": "User", "identifier": "<pseudonym:cd1a3afeeac92cb813605e21e464de7db0ca53fa0190d3a1372a46f60ddd0712>"}, "provider_name": "Microsoft-Windows-Kernel-General", "event_data": {"NewTime": "2019-08-02T12:45:01.241000000Z", "OldTime": "2019-08-02T12:45:01.676082100Z"}, "channel": "System", "api": "wineventlog", "computer_name": "CLIENT1", "opcode": "Info", "event_id": 1, "record_id": 11827, "keywords": ["Time"], "task": ""}, "event": {"code": 1, "created": "2019-08-02T12:45:02.270Z", "kind": "event"}, "log": {"level": "information"}, "message": "The system time has changed to \u200e2019\u200e-\u200e08\u200e-\u200e02T12:45:01.241000000Z from \u200e2019\u200e-\u200e08\u200e-\u200e02T12:45:01.676082100Z.", "host": {"hostname": "CLIENT1", "architecture": "x86", "os": {"kernel": "6.1.7601.18741 (win7sp1_gdr.150202-1526)", "build": "7601.0", "platform": "windows", "version": "6.1", "family": "windows", "name": "Windows 7 Professional"}, "id": "19fc45ac-5890-4f96-81b1-50ed111c0ce4", "name": "CLIENT1"}, "agent": {"hostname": "CLIENT1", "id": "0b755aca-0a9a-454a-9800-1979901962a0", "version": "7.2.0", "type": "winlogbeat", "ephemeral_id": "de845cd9-5141-4c92-ad32-27a4518307e9"}}
{"@timestamp": "2019-08-02T13:02:00.144Z", "@metadata": {"beat": "winlogbeat", "type": "_doc", "version": "7.2.0", "topic": "wineventlog_raw"}, "event": {"kind": "event", "code": 7036, "created": "2019-08-02T13:02:01.976Z"}, "log": {"level": "information"}, "message": "The Adobe Flash Player Update Service service entered the stopped state.", "ecs": {"version": "1.0.0"}, "host": {"name": "CLIENT1", "hostname": "CLIENT1", "architecture": "x86", "os": {"platform": "windows", "version": "6.1", "family": "windows", "name": "Windows 7 Professional", "kernel": "6.1.7601.18741 (win7sp1_gdr.150202-1526)", "build": "7601.0"}, "id": "19fc45ac-5890-4f96-81b1-50ed111c0ce4"}, "agent": {"type": "winlogbeat", "ephemeral_id": "de845cd9-5141-4c92-ad32-27a4518307e9", "hostname": "CLIENT1", "id": "0b755aca-0a9a-454a-9800-1979901962a0", "version": "7.2.0"}, "winlog": {"event_id": 7036, "task": "", "provider_guid": "{555908d1-a6d7-4695-8e1e-26931d2012f4}", "record_id": 11832, "computer_name": "CLIENT1", "keywords": ["Classic"], "channel": "System", "event_data": {"param1": "Adobe Flash Player Update Service", "param2": "stopped", "Binary": "410064006F006200650046006C0061007300680050006C0061007900650072005500700064006100740065005300760063002F0031000000"}, "provider_name": "Service Control Manager", "api": "wineventlog", "process": {"pid": 440, "thread": {"id": 3040}}}}
{"pseudonym": "e887f3a09fdddf7c81a563b81f90ed9499d86badaa6173d1aa197a2b544d13b1", "origin": "jP3z5xphpWrfUxGnlcFOv1c5O26QQ0iNBC3JonSi+HRavWXdJpFHTJjOc2EQbighF4Nsd13EuVpZor2iFXsDtjclNQwNefB4+pj+bp7iOTB+fJsEwISoCzevPQaG54G9RvPYANajafIqbXUVuOdAOU9+1TREc1RWA2XOi0rSc9f+tyuNc1SqbYPbSbhBB2JznbJoZVpg/i5yNQmw9qwPolaMpqqxXYyhLWS481lN7YaVH3BJH2rGj+F9eKDjt8rm8qFDQuc3PuDPXHLmz0F2W2Fhi9lAzXEoGp//N0sl+LjdkeRfJVrW+5IRfPo3qONUkvbvh6QvQNEHqMGEmV407AOJnLworF2RXziVlQOoMR0="}
{"pseudonym": "cd1a3afeeac92cb813605e21e464de7db0ca53fa0190d3a1372a46f60ddd0712", "origin": "j1ViAfhSRJY1ugb7fXJQg+tQzj5mn/jRQOkAcB16F0v+ETTpoqHEJx1Ohz51+j/OjcZs6cb+4b8rreEkLNplBav5r+WTwwTOH3SjYtVX0XTHMKe6UqU3pNFdcdiYEqcY3mKQUCDS9eotnJKmxp/zU+oKIly2wX+FmM5CCS44hmJ6YICYAnaMziTKbReLRgINeasgJVuevydRw9/JNwGU/wmrKpr3Tkq5q/M2tFMlsSw0WRKtST5NbM19VuBirkERrwPS5GqJDeQ17gqpjH8vzQ1obgY9/E4kxGBUBBB52FsvB2GsLDyUaGYO0RPlnX4i3B7XicCrrt4UavT3gBPX8CU7yOgtkOPocKwwYFs7Z1g="}
{"@timestamp": "2019-08-02T13:05:02.306Z", "@metadata": {"beat": "winlogbeat", "type": "_doc", "version": "7.2.0", "topic": "wineventlog_raw"}, "host": {"hostname": "CLIENT1", "name": "CLIENT1", "architecture": "x86", "os": {"family": "windows", "name": "Windows 7 Professional", "kernel": "6.1.7601.18741 (win7sp1_gdr.150202-1526)", "build": "7601.0", "platform": "windows", "version": "6.1"}, "id": "19fc45ac-5890-4f96-81b1-50ed111c0ce4"}, "agent": {"id": "0b755aca-0a9a-454a-9800-1979901962a0", "version": "7.2.0", "type": "winlogbeat", "ephemeral_id": "de845cd9-5141-4c92-ad32-27a4518307e9", "hostname": "CLIENT1"}, "event": {"created": "2019-08-02T13:05:04.306Z", "kind": "event", "code": 4616, "action": "Security State Change"}, "log": {"level": "information"}, "message": "The system time was changed.\n\nSubject:\n\tSecurity ID:\t\tS-1-5-18\n\tAccount Name:\t\tCLIENT1$\n\tAccount Domain:\t\tWORKGROUP\n\tLogon ID:\t\t0x3e7\n\nProcess Information:\n\tProcess ID:\t0x5b4\n\tName:\t\tC:\\Program Files\\NetTime\\NetTimeService.exe\n\nPrevious Time:\t\t\u200e2019\u200e-\u200e08\u200e-\u200e02T13:05:02.480151300Z\nNew Time:\t\t\u200e2019\u200e-\u200e08\u200e-\u200e02T13:05:02.306000000Z\n\nThis event is generated when the system time is changed. It is normal for the Windows Time Service, which runs with System privilege, to change the system time on a regular basis. Other system time changes may be indicative of attempts to tamper with the computer.", "winlog": {"version": 1, "task": "Security State Change", "api": "wineventlog", "keywords": ["Audit Success"], "record_id": 4744, "provider_name": "Microsoft-Windows-Security-Auditing", "computer_name": "CLIENT1", "opcode": "Info", "process": {"pid": 4, "thread": {"id": 64}}, "channel": "Security", "provider_guid": "{54849625-5478-4994-A5BA-3E3B0328C30D}", "event_data": {"PreviousTime": "2019-08-02T13:05:02.480151300Z", "NewTime": "2019-08-02T13:05:02.306000000Z", "ProcessId": "0x5b4", "ProcessName": "C:\\Program Files\\NetTime\\NetTimeService.exe", "SubjectUserSid": "<pseudonym:cd1a3afeeac92cb813605e21e464de7db0ca53fa0190d3a1372a46f60ddd0712>", "SubjectUserName": "<pseudonym:e887f3a09fdddf7c81a563b81f90ed9499d86badaa6173d1aa197a2b544d13b1>", "SubjectDomainName": "WORKGROUP", "SubjectLogonId": "0x3e7"}, "event_id": 4616}, "ecs": {"version": "1.0.0"}}
{"pseudonym": "e887f3a09fdddf7c81a563b81f90ed9499d86badaa6173d1aa197a2b544d13b1", "origin": "AhJ8eRkD217R3jAuFrX41POdqHuqYKJC9qRF62bf+ywdMG1Ss2WXFwcWh5BJ3Dcy1rH+Vbz46DesSyLINCKQuHnPDlZjwMGd4wfsIxhVS5NCxEmn9IItPuUHj/7ypEbSQ0oslZ03aQCT71uJ4n0MFRwIWG2+5dLhBnszaGgbqbP1XbjBdd4wmynsoxYQ47une6p2FLXqRMI1G67CVzmXxQino8Pv0AzPgtapL9LfQ5rghtzhK+gMQA/chXQSMZyb7cxcGH3pr44Tzn5vYrMfrlezszosvRnv9gtGo/7BGZs299ccuIAsx0IGKmu1s133rHXQM1PxRSZPGGcqGaSwodcJ4eK+5K1YoEUIaa83R+s="}
{"pseudonym": "cd1a3afeeac92cb813605e21e464de7db0ca53fa0190d3a1372a46f60ddd0712", "origin": "aExvS0PpWT1u7R70cqRoyyh2Zzu7xdBNBvQHVV5ZO577xsOM9yU5HSth7Cu48etyHdwvIIoShdh6ErVORyKonokODUKER98R9wLhIID7eRa8fzmdv4YxuzEUCBsTQL7LjzASBozwz1Eo/BLE+uZKeaIh6g6Y8cbvA1wpLK8jWG1uFNdMPiUlD34arPdzgaIlbPzARpolXwQtlK0S2QEyL6CGfEBWxKwsU02XnukVAT9QFfWucKDyZHV7di/Z3TLvcm4gFlL3i7Ealy+zf+ioTZaE/b+i6E/tmHOhbXC8PG7mDUmv1eXvxHUG8KOxAqrJ2P85foUqfIhtsVTr5IhSOOYdOQNs3nLubqXmwZRDAhQ="}
{"@timestamp": "2019-08-02T13:45:05.280Z", "@metadata": {"beat": "winlogbeat", "type": "_doc", "version": "7.2.0", "topic": "wineventlog_raw"}, "message": "The system time was changed.\n\nSubject:\n\tSecurity ID:\t\tS-1-5-18\n\tAccount Name:\t\tCLIENT1$\n\tAccount Domain:\t\tWORKGROUP\n\tLogon ID:\t\t0x3e7\n\nProcess Information:\n\tProcess ID:\t0x5b4\n\tName:\t\tC:\\Program Files\\NetTime\\NetTimeService.exe\n\nPrevious Time:\t\t\u200e2019\u200e-\u200e08\u200e-\u200e02T13:45:05.439575900Z\nNew Time:\t\t\u200e2019\u200e-\u200e08\u200e-\u200e02T13:45:05.280000000Z\n\nThis event is generated when the system time is changed. It is normal for the Windows Time Service, which runs with System privilege, to change the system time on a regular basis. Other system time changes may be indicative of attempts to tamper with the computer.", "winlog": {"computer_name": "CLIENT1", "version": 1, "event_id": 4616, "task": "Security State Change", "opcode": "Info", "provider_name": "Microsoft-Windows-Security-Auditing", "keywords": ["Audit Success"], "provider_guid": "{54849625-5478-4994-A5BA-3E3B0328C30D}", "channel": "Security", "record_id": 4752, "api": "wineventlog", "process": {"pid": 4, "thread": {"id": 64}}, "event_data": {"SubjectUserName": "<pseudonym:e887f3a09fdddf7c81a563b81f90ed9499d86badaa6173d1aa197a2b544d13b1>", "SubjectDomainName": "WORKGROUP", "SubjectLogonId": "0x3e7", "PreviousTime": "2019-08-02T13:45:05.439575900Z", "NewTime": "2019-08-02T13:45:05.280000000Z", "ProcessId": "0x5b4", "ProcessName": "C:\\Program Files\\NetTime\\NetTimeService.exe", "SubjectUserSid": "<pseudonym:cd1a3afeeac92cb813605e21e464de7db0ca53fa0190d3a1372a46f60ddd0712>"}}, "event": {"kind": "event", "code": 4616, "action": "Security State Change", "created": "2019-08-02T13:45:06.300Z"}, "log": {"level": "information"}, "agent": {"hostname": "CLIENT1", "id": "0b755aca-0a9a-454a-9800-1979901962a0", "version": "7.2.0", "type": "winlogbeat", "ephemeral_id": "de845cd9-5141-4c92-ad32-27a4518307e9"}, "ecs": {"version": "1.0.0"}, "host": {"name": "CLIENT1", "hostname": "CLIENT1", "architecture": "x86", "os": {"name": "Windows 7 Professional", "kernel": "6.1.7601.18741 (win7sp1_gdr.150202-1526)", "build": "7601.0", "platform": "windows", "version": "6.1", "family": "windows"}, "id": "19fc45ac-5890-4f96-81b1-50ed111c0ce4"}}
{"pseudonym": "e887f3a09fdddf7c81a563b81f90ed9499d86badaa6173d1aa197a2b544d13b1", "origin": "UwBRVYXTteOiDVlci7xS/BlbazQnzgYfcSMwY80yyqcqD0rRo4KuxJUrlNkvAQJv57wJigrLV+yAjQBGTlG8r4Im4sWNlLmrVGRwKVzb8SMewcxm/IZfT775NeOJ7qoQkTk9/2YhUC5qycRITp2ehdbIu4LYe7KA/foDPK3NtgpQYWH/pga0f4niIIKrW0hGNPI4KVWh61vmmpAfJSmH2Clf8HHx+5+XLRvHCeO1Ud7ef6e+w9aTw3dsThs4A0jGWkDbaVF7CvVVugl9DyVB2ZDm82RfJuT0LSk2pLVGGBMwpGuLVVRKdtZLlnNpd1AmE8fIlcyfMBY5Lw9I2IpOH/C19aCOiRUfDkn5yRnzV1s="}
{"pseudonym": "cd1a3afeeac92cb813605e21e464de7db0ca53fa0190d3a1372a46f60ddd0712", "origin": "C4ZLmuzFmOOXYgtsmU4CgOvXPhsS2UQqJ+5+/0+H8cUYdkAM/ri7zmmaNcj4AAuwTLYvFoZ81H01UmlCV4G4XDg4D0LkDnAlqYUIfqDEmjCdz8wg6Szb4igRYKfAwpQsN+USZPOjAxpK7t+v9sOXMv+HE50yyBzBno67FUe9PMVIbMDgmSro40SPMJ1JC3FpF5eC5qYl+hdaZQTJte5KCBraFY+8IKHwIZ1WZXQv8Qqf9qxruvCBeUg1tHND+tQLLXIYZvmRT78W/J9FFMj4QP0lIk0IQjPKQDL+6F2hGbS2x//2a3JSnOH2IDWtSdOaXqLyenEG/0fAUJJ/UeWoBjejF5ncZG8zXlXFbEY5EFs="}
{"@timestamp": "2019-08-02T14:50:09.779Z", "@metadata": {"beat": "winlogbeat", "type": "_doc", "version": "7.2.0", "topic": "wineventlog_raw"}, "agent": {"type": "winlogbeat", "ephemeral_id": "de845cd9-5141-4c92-ad32-27a4518307e9", "hostname": "CLIENT1", "id": "0b755aca-0a9a-454a-9800-1979901962a0", "version": "7.2.0"}, "message": "The system time was changed.\n\nSubject:\n\tSecurity ID:\t\tS-1-5-18\n\tAccount Name:\t\tCLIENT1$\n\tAccount Domain:\t\tWORKGROUP\n\tLogon ID:\t\t0x3e7\n\nProcess Information:\n\tProcess ID:\t0x5b4\n\tName:\t\tC:\\Program Files\\NetTime\\NetTimeService.exe\n\nPrevious Time:\t\t\u200e2019\u200e-\u200e08\u200e-\u200e02T14:50:09.923135000Z\nNew Time:\t\t\u200e2019\u200e-\u200e08\u200e-\u200e02T14:50:09.779000000Z\n\nThis event is generated when the system time is changed. It is normal for the Windows Time Service, which runs with System privilege, to change the system time on a regular basis. Other system time changes may be indicative of attempts to tamper with the computer.", "winlog": {"record_id": 4765, "opcode": "Info", "event_id": 4616, "provider_name": "Microsoft-Windows-Security-Auditing", "task": "Security State Change", "api": "wineventlog", "computer_name": "CLIENT1", "keywords": ["Audit Success"], "process": {"pid": 4, "thread": {"id": 60}}, "provider_guid": "{54849625-5478-4994-A5BA-3E3B0328C30D}", "version": 1, "channel": "Security", "event_data": {"PreviousTime": "2019-08-02T14:50:09.923135000Z", "NewTime": "2019-08-02T14:50:09.779000000Z", "ProcessId": "0x5b4", "ProcessName": "C:\\Program Files\\NetTime\\NetTimeService.exe", "SubjectUserSid": "<pseudonym:cd1a3afeeac92cb813605e21e464de7db0ca53fa0190d3a1372a46f60ddd0712>", "SubjectUserName": "<pseudonym:e887f3a09fdddf7c81a563b81f90ed9499d86badaa6173d1aa197a2b544d13b1>", "SubjectDomainName": "WORKGROUP", "SubjectLogonId": "0x3e7"}}, "event": {"action": "Security State Change", "created": "2019-08-02T14:50:10.794Z", "kind": "event", "code": 4616}, "log": {"level": "information"}, "ecs": {"version": "1.0.0"}, "host": {"id": "19fc45ac-5890-4f96-81b1-50ed111c0ce4", "hostname": "CLIENT1", "architecture": "x86", "os": {"build": "7601.0", "platform": "windows", "version": "6.1", "family": "windows", "name": "Windows 7 Professional", "kernel": "6.1.7601.18741 (win7sp1_gdr.150202-1526)"}, "name": "CLIENT1"}}
{"pseudonym": "e887f3a09fdddf7c81a563b81f90ed9499d86badaa6173d1aa197a2b544d13b1", "origin": "R+fW2OagxmPKRTCtcd5HbXvliUjouQSAShf57PZCW0RgI+u7ULRYCMhy4/FKqMzslCmbAGXXtvvN3Bv8qKI7e3GVSoWfXouqnk4vveoU0bH600D6doLq4uzkBb1P+/KQygrcrGCRKafXR/vc/eRRIrD3Z+nHc2Uep7JGjg4wKDU2aUKlgkPhZMGMGiHMjo7mzEyttk7VaOErpIi8vySWW00emJT5YmtR9GgN0+s984LSJm0wBh2kbdD0vy71fVta8I+QY7tUrdEJobcv6K+NNCiAH2hxTi1Vut2vK7Xb2ebdYCc7rELNl2wrcya58W2qvLF6NaClvn5wjFFfbaTTF0jtGuBtsoVe5aKZBuuoms8="}
{"pseudonym": "39594bac43459d3d48dcd9d2ed9f617e6235f0bd79fb35ed6274e27347ba11c4", "origin": "rDV6tQjkEvbF0zcP3t4NjDcXRZkDXD3qqFjT28IPy2rtM/OPmNbsO0ySU7bilCS0ycWPy4+4/tauJWe9VCwqXxOW5jPbfoZIewS11hQqko7aqgefze5vGD3xc3y5kFC7CtEaZ7HLBxT/qrjw1/hYmJoU/VAAJ+y5JeU+G6nX0LhjuZTxAs3NJEd0Uvuj97UI/ChpiZT2pi4W9awLOXO6hMOD54wp43WmaY2THKVBeJnxMsponBIJoFwDsI+XY5tc7J1GR0iXGkdVJmViK3Y9U7dfJvCC8HfowOBpmFM8tI8hQQd/CZnjGFUWbDoUNYyuhqvzYYYNBs2+7cT9H2kWl9eRGVZMXPk1XIrJfqIi1REle6HZRbYz"}
{"pseudonym": "cd1a3afeeac92cb813605e21e464de7db0ca53fa0190d3a1372a46f60ddd0712", "origin": "op7KvhFLIJBs1JsmvGtf0B/QV05E9UjGZ/HRGQgL9r/Zz8Er/3+yt+i2PJ9sXRcMlzRnVSSGiFEgJtpDj652rnxSN9wesXw1iZnt7zRAyozZZeuL83zgQZmukj/LVew+KJ9Qkj54O/6ARByGPD6yteaSmu8UrcfIF/R3yDvCdiTpTd5BMSYS5I1910/IdKQM94gFdeE8Gg4w6HK/+oultBNPD6GRYfYxhAMO6iySvXf6dd1AuVKGTimDRLrrfVBmq9TN/MWsAN6AOyzlSqA8x2GRYald+3hWGsFgrod8hVfqVenAydqRaD26D71Wr+dstKb0izmyHqRWu/Z5+cgEsOVFpxQO74qJQ28Y6BcL8wc="}
{"pseudonym": "91d121bc503735a145e0e9869d792d26f6b22784210a0daf5b63840be2abf69a", "origin": "fTjYBvaA2RBHkfyHZ8MBpCxfw3bWf0aEsIEG+RdRBwpmBoF7waSra1MPjcFef0kdQ/0EUcPlSuP2nQFy3s0/Wnav6RKuZwown3H0Ak4QvSM0WLlzOU5GEwjn2G2LHPH7c4cS05wgMkw1WjmQpoMTaSPpWx4Pw2gP785wF/uOQshs2ITL8Vs02gmmrX8q6TcxoqZmbWqDctgtLcW7vVv7GqYryYOAxcRNOGOcDRZdv+HLu9yaZ1IFrEjs7GR8deM0rG98UXy2tRDIEe2nzazjE5l8/FRhmNZIy484tBvB9l2UwZ7cJuOppz1p4Q/zl8C/PMNXijj0faeBjN8Sp/L/9Dt/0lqaZ2foew=="}
{"@timestamp": "2019-08-02T09:46:19.046Z", "@metadata": {"beat": "winlogbeat", "type": "_doc", "version": "7.2.0", "topic": "wineventlog_raw"}, "message": "An account was successfully logged on.\n\nSubject:\n\tSecurity ID:\t\tS-1-5-18\n\tAccount Name:\t\tCLIENT1$\n\tAccount Domain:\t\tWORKGROUP\n\tLogon ID:\t\t0x3e7\n\nLogon Type:\t\t\t5\n\nNew Logon:\n\tSecurity ID:\t\tS-1-5-20\n\tAccount Name:\t\tNETWORK SERVICE\n\tAccount Domain:\t\tNT AUTHORITY\n\tLogon ID:\t\t0x3e4\n\tLogon GUID:\t\t{00000000-0000-0000-0000-000000000000}\n\nProcess Information:\n\tProcess ID:\t\t0x1b8\n\tProcess Name:\t\tC:\\Windows\\System32\\services.exe\n\nNetwork Information:\n\tWorkstation Name:\t\n\tSource Network Address:\t-\n\tSource Port:\t\t-\n\nDetailed Authentication Information:\n\tLogon Process:\t\tAdvapi  \n\tAuthentication Package:\tNegotiate\n\tTransited Services:\t-\n\tPackage Name (NTLM only):\t-\n\tKey Length:\t\t0\n\nThis event is generated when a logon session is created. It is generated on the computer that was accessed.\n\nThe subject fields indicate the account on the local system which requested the logon. This is most commonly a service such as the Server service, or a local process such as Winlogon.exe or Services.exe.\n\nThe logon type field indicates the kind of logon that occurred. The most common types are 2 (interactive) and 3 (network).\n\nThe New Logon fields indicate the account for whom the new logon was created, i.e. the account that was logged on.\n\nThe network fields indicate where a remote logon request originated. Workstation name is not always available and may be left blank in some cases.\n\nThe authentication information fields provide detailed information about this specific logon request.\n\t- Logon GUID is a unique identifier that can be used to correlate this event with a KDC event.\n\t- Transited services indicate which intermediate services have participated in this logon request.\n\t- Package name indicates which sub-protocol was used among the NTLM protocols.\n\t- Key length indicates the length of the generated session key. This will be 0 if no session key was requested.", "user": {"name": "<pseudonym:39594bac43459d3d48dcd9d2ed9f617e6235f0bd79fb35ed6274e27347ba11c4>", "domain": "NT AUTHORITY", "id": "S-1-5-20"}, "process": {"pid": 440, "executable": "C:\\Windows\\System32\\services.exe", "name": "services.exe"}, "ecs": {"version": "1.0.0"}, "host": {"name": "CLIENT1", "id": "19fc45ac-5890-4f96-81b1-50ed111c0ce4", "hostname": "CLIENT1", "architecture": "x86", "os": {"version": "6.1", "family": "windows", "name": "Windows 7 Professional", "kernel": "6.1.7601.18741 (win7sp1_gdr.150202-1526)", "build": "7601.0", "platform": "windows"}}, "winlog": {"process": {"pid": 448, "thread": {"id": 504}}, "provider_guid": "{54849625-5478-4994-A5BA-3E3B0328C30D}", "channel": "Security", "provider_name": "Microsoft-Windows-Security-Auditing", "task": "Logon", "record_id": 4645, "api": "wineventlog", "keywords": ["Audit Success"], "event_data": {"LogonProcessName": "Advapi  ", "LogonGuid": "{00000000-0000-0000-0000-000000000000}", "TransmittedServices": "-", "SubjectDomainName": "WORKGROUP", "IpPort": "-", "SubjectUserSid": "<pseudonym:cd1a3afeeac92cb813605e21e464de7db0ca53fa0190d3a1372a46f60ddd0712>", "SubjectUserName": "<pseudonym:e887f3a09fdddf7c81a563b81f90ed9499d86badaa6173d1aa197a2b544d13b1>", "AuthenticationPackageName": "Negotiate", "KeyLength": "0", "SubjectLogonId": "0x3e7", "TargetLogonId": "0x3e4", "LogonType": "5", "IpAddress": "<pseudonym:91d121bc503735a145e0e9869d792d26f6b22784210a0daf5b63840be2abf69a>", "LmPackageName": "-"}, "event_id": 4624, "computer_name": "CLIENT1", "opcode": "Info"}, "event": {"category": "authentication", "kind": "event", "code": 4624, "action": "Logon", "created": "2019-08-05T08:54:03.703Z", "type": "authentication_success"}, "log": {"level": "information"}, "agent": {"version": "7.2.0", "type": "winlogbeat", "ephemeral_id": "33f6eec2-a7ba-4caa-97b3-ea43b4f5e172", "hostname": "CLIENT1", "id": "0b755aca-0a9a-454a-9800-1979901962a0"}}
{"pseudonym": "387dddca7f9c9fa71c41295d7790d3bcd791cfe79b2dd4843551dfd0bf47acf2", "origin": "RtTgP8BB22yUapcrtD+aRf+bjSDOGDoiAXFv6LBHRpoi5LM3PjInVdDjlKcWvxZFxEu7h2jkKCIlC7QuXKjtfZg54hhwcNVu6m+5kxGdvm611WODlzFZoQIECydlSLQSteP47M9xn/hBoofS3pj3TxdNemyJbn3h5q7TpLahzcvwS5+IxvLYgwVYasB5B7yR16C8foXzAHxurKz7TPBElg5zJT21L654wOfyAww/F8Q2c6okxxcH3vlyQR27pCiXvDA1KGzkwIJh4ibMWf5EkZ/8CKudZo7QiQYUJyJNk6Nlk3Xg7cN0zwiYLjcCCLRlir+rB6okYCekRx9oygB96WgdKva0q2rr0aJ7A0wl"}
{"pseudonym": "cd1a3afeeac92cb813605e21e464de7db0ca53fa0190d3a1372a46f60ddd0712", "origin": "qhURegdyo2isEXuzPDCECshmMqB30ktKXYACElNurYThQEmeBhHoSDA9mWuGSgBflPXKYnPUH2kjc9akZR7tZfnHVTXcinFSJmNnLRLTjkqi4Moxq7hJWNzWRqB2hSqbD0FwCUYsDkPAqZY6tGRbSNs0EKLldSgMCx0VEYhK0JsygPywH+7wK6AvdRhftL/dnP+FcSnBVFeocJO2TD399FrX0ykUg+umeVocUbXUZVwkjQH8goYXjxS8YccQnfGkGZdtLCjfmF5ABFlolFl0DI01bOgrbeBwh1fEWPFTBgMDFOcnfUEwo6gxd47uH+n4wwYwvxAk2f5sztR+ryaDVZSveTrUUZZwyPzkv/nNv70="}
{"@timestamp": "2019-08-05T08:53:28.687Z", "@metadata": {"beat": "winlogbeat", "type": "_doc", "version": "7.2.0", "topic": "wineventlog_raw"}, "winlog": {"channel": "Security", "computer_name": "CLIENT1", "event_data": {"SubjectLogonId": "0x3e7", "PrivilegeList": "SeAssignPrimaryTokenPrivilege\n\t\t\tSeTcbPrivilege\n\t\t\tSeSecurityPrivilege\n\t\t\tSeTakeOwnershipPrivilege\n\t\t\tSeLoadDriverPrivilege\n\t\t\tSeBackupPrivilege\n\t\t\tSeRestorePrivilege\n\t\t\tSeDebugPrivilege\n\t\t\tSeAuditPrivilege\n\t\t\tSeSystemEnvironmentPrivilege\n\t\t\tSeImpersonatePrivilege", "SubjectUserSid": "<pseudonym:cd1a3afeeac92cb813605e21e464de7db0ca53fa0190d3a1372a46f60ddd0712>", "SubjectUserName": "<pseudonym:387dddca7f9c9fa71c41295d7790d3bcd791cfe79b2dd4843551dfd0bf47acf2>", "SubjectDomainName": "NT AUTHORITY"}, "record_id": 4681, "keywords": ["Audit Success"], "provider_guid": "{54849625-5478-4994-A5BA-3E3B0328C30D}", "process": {"pid": 444, "thread": {"id": 528}}, "api": "wineventlog", "opcode": "Info", "event_id": 4672, "provider_name": "Microsoft-Windows-Security-Auditing", "task": "Special Logon"}, "event": {"kind": "event", "code": 4672, "action": "Special Logon", "created": "2019-08-05T08:54:03.704Z"}, "log": {"level": "information"}, "message": "Special privileges assigned to new logon.\n\nSubject:\n\tSecurity ID:\t\tS-1-5-18\n\tAccount Name:\t\tSYSTEM\n\tAccount Domain:\t\tNT AUTHORITY\n\tLogon ID:\t\t0x3e7\n\nPrivileges:\t\tSeAssignPrimaryTokenPrivilege\n\t\t\tSeTcbPrivilege\n\t\t\tSeSecurityPrivilege\n\t\t\tSeTakeOwnershipPrivilege\n\t\t\tSeLoadDriverPrivilege\n\t\t\tSeBackupPrivilege\n\t\t\tSeRestorePrivilege\n\t\t\tSeDebugPrivilege\n\t\t\tSeAuditPrivilege\n\t\t\tSeSystemEnvironmentPrivilege\n\t\t\tSeImpersonatePrivilege", "ecs": {"version": "1.0.0"}, "host": {"os": {"platform": "windows", "version": "6.1", "family": "windows", "name": "Windows 7 Professional", "kernel": "6.1.7601.18741 (win7sp1_gdr.150202-1526)", "build": "7601.0"}, "id": "19fc45ac-5890-4f96-81b1-50ed111c0ce4", "hostname": "CLIENT1", "architecture": "x86", "name": "CLIENT1"}, "agent": {"hostname": "CLIENT1", "id": "0b755aca-0a9a-454a-9800-1979901962a0", "version": "7.2.0", "type": "winlogbeat", "ephemeral_id": "33f6eec2-a7ba-4caa-97b3-ea43b4f5e172"}}
{"@timestamp": "2019-07-30T14:30:13.020Z", "@metadata": {"beat": "winlogbeat", "type": "_doc", "version": "7.2.0", "topic": "wineventlog_raw"}, "winlog": {"process": {"pid": 436, "thread": {"id": 1808}}, "event_id": 7036, "provider_name": "Service Control Manager", "provider_guid": "{555908d1-a6d7-4695-8e1e-26931d2012f4}", "channel": "System", "task": "", "computer_name": "CLIENT1", "keywords": ["Classic"], "event_data": {"param1": "SPP Notification Service", "param2": "running", "Binary": "730070007000750069006E006F0074006900660079002F0034000000"}, "record_id": 11541, "api": "wineventlog"}, "event": {"kind": "event", "code": 7036, "created": "2019-08-05T08:54:04.776Z"}, "log": {"level": "information"}, "agent": {"type": "winlogbeat", "ephemeral_id": "33f6eec2-a7ba-4caa-97b3-ea43b4f5e172", "hostname": "CLIENT1", "id": "0b755aca-0a9a-454a-9800-1979901962a0", "version": "7.2.0"}, "ecs": {"version": "1.0.0"}, "host": {"architecture": "x86", "os": {"build": "7601.0", "platform": "windows", "version": "6.1", "family": "windows", "name": "Windows 7 Professional", "kernel": "6.1.7601.18741 (win7sp1_gdr.150202-1526)"}, "id": "19fc45ac-5890-4f96-81b1-50ed111c0ce4", "name": "CLIENT1", "hostname": "CLIENT1"}, "message": "The SPP Notification Service service entered the running state."}
{"@timestamp": "2019-07-30T14:38:13.000Z", "@metadata": {"beat": "winlogbeat", "type": "_doc", "version": "7.2.0", "topic": "wineventlog_raw"}, "ecs": {"version": "1.0.0"}, "host": {"os": {"version": "6.1", "family": "windows", "name": "Windows 7 Professional", "kernel": "6.1.7601.18741 (win7sp1_gdr.150202-1526)", "build": "7601.0", "platform": "windows"}, "id": "19fc45ac-5890-4f96-81b1-50ed111c0ce4", "name": "CLIENT1", "hostname": "CLIENT1", "architecture": "x86"}, "agent": {"ephemeral_id": "33f6eec2-a7ba-4caa-97b3-ea43b4f5e172", "hostname": "CLIENT1", "id": "0b755aca-0a9a-454a-9800-1979901962a0", "version": "7.2.0", "type": "winlogbeat"}, "winlog": {"event_id": 6006, "keywords": ["Classic"], "event_data": {"Binary": "01000000FBFFFFFF"}, "record_id": 11559, "task": "", "api": "wineventlog", "computer_name": "CLIENT1", "channel": "System", "provider_name": "EventLog"}, "event": {"code": 6006, "created": "2019-08-05T08:54:04.777Z", "kind": "event"}, "log": {"level": "information"}, "message": "The Event log service was stopped."}
{"@timestamp": "2019-07-30T14:38:14.563Z", "@metadata": {"beat": "winlogbeat", "type": "_doc", "version": "7.2.0", "topic": "wineventlog_raw"}, "event": {"code": 7036, "created": "2019-08-05T08:54:04.777Z", "kind": "event"}, "log": {"level": "information"}, "message": "The Power service entered the stopped state.", "ecs": {"version": "1.0.0"}, "host": {"architecture": "x86", "os": {"version": "6.1", "family": "windows", "name": "Windows 7 Professional", "kernel": "6.1.7601.18741 (win7sp1_gdr.150202-1526)", "build": "7601.0", "platform": "windows"}, "id": "19fc45ac-5890-4f96-81b1-50ed111c0ce4", "hostname": "CLIENT1", "name": "CLIENT1"}, "agent": {"ephemeral_id": "33f6eec2-a7ba-4caa-97b3-ea43b4f5e172", "hostname": "CLIENT1", "id": "0b755aca-0a9a-454a-9800-1979901962a0", "version": "7.2.0", "type": "winlogbeat"}, "winlog": {"event_id": 7036, "record_id": 11564, "api": "wineventlog", "keywords": ["Classic"], "event_data": {"param1": "Power", "param2": "stopped", "Binary": "50006F007700650072002F0031000000"}, "channel": "System", "computer_name": "CLIENT1", "task": "", "provider_guid": "{555908d1-a6d7-4695-8e1e-26931d2012f4}", "process": {"thread": {"id": 2808}, "pid": 436}, "provider_name": "Service Control Manager"}}
{"@timestamp": "2019-07-30T14:38:14.933Z", "@metadata": {"beat": "winlogbeat", "type": "_doc", "version": "7.2.0", "topic": "wineventlog_raw"}, "ecs": {"version": "1.0.0"}, "host": {"architecture": "x86", "os": {"family": "windows", "name": "Windows 7 Professional", "kernel": "6.1.7601.18741 (win7sp1_gdr.150202-1526)", "build": "7601.0", "platform": "windows", "version": "6.1"}, "name": "CLIENT1", "id": "19fc45ac-5890-4f96-81b1-50ed111c0ce4", "hostname": "CLIENT1"}, "agent": {"version": "7.2.0", "type": "winlogbeat", "ephemeral_id": "33f6eec2-a7ba-4caa-97b3-ea43b4f5e172", "hostname": "CLIENT1", "id": "0b755aca-0a9a-454a-9800-1979901962a0"}, "log": {"level": "information"}, "message": "The User Profile Service service entered the stopped state.", "winlog": {"task": "", "computer_name": "CLIENT1", "keywords": ["Classic"], "provider_name": "Service Control Manager", "record_id": 11568, "event_id": 7036, "channel": "System", "api": "wineventlog", "provider_guid": "{555908d1-a6d7-4695-8e1e-26931d2012f4}", "process": {"pid": 436, "thread": {"id": 2808}}, "event_data": {"Binary": "500072006F0066005300760063002F0031000000", "param1": "User Profile Service", "param2": "stopped"}}, "event": {"created": "2019-08-05T08:54:04.777Z", "kind": "event", "code": 7036}}
{"@timestamp": "2019-08-02T09:46:20.000Z", "@metadata": {"beat": "winlogbeat", "type": "_doc", "version": "7.2.0", "topic": "wineventlog_raw"}, "host": {"name": "CLIENT1", "architecture": "x86", "os": {"name": "Windows 7 Professional", "kernel": "6.1.7601.18741 (win7sp1_gdr.150202-1526)", "build": "7601.0", "platform": "windows", "version": "6.1", "family": "windows"}, "id": "19fc45ac-5890-4f96-81b1-50ed111c0ce4", "hostname": "CLIENT1"}, "agent": {"hostname": "CLIENT1", "id": "0b755aca-0a9a-454a-9800-1979901962a0", "version": "7.2.0", "type": "winlogbeat", "ephemeral_id": "33f6eec2-a7ba-4caa-97b3-ea43b4f5e172"}, "winlog": {"channel": "System", "event_id": 6013, "task": "", "computer_name": "CLIENT1", "keywords": ["Classic"], "api": "wineventlog", "provider_name": "EventLog", "record_id": 11572, "event_data": {"param7": "-60 W. Europe Standard Time", "Binary": "31002E003100000030000000570069006E0064006F0077007300200037002000500072006F00660065007300730069006F006E0061006C00000036002E0031002E00370036003000310020004200750069006C006400200037003600300031002000530065007200760069006300650020005000610063006B002000310000004D0075006C0074006900700072006F0063006500730073006F00720020004600720065006500000037003600300031002E00770069006E0037007300700031005F006700640072002E003100350030003200300032002D00310035003200360000003500360066003300660039006200620000004E006F007400200041007600610069006C00610062006C00650000004E006F007400200041007600610069006C00610062006C006500000030000000310000003500310032000000340030003900000043004C00490045004E005400310000000000", "param5": "13", "param6": "60"}}, "event": {"kind": "event", "code": 6013, "created": "2019-08-05T08:54:04.777Z"}, "log": {"level": "information"}, "message": "The system uptime is 13 seconds.", "ecs": {"version": "1.0.0"}}
{"pseudonym": "2246ce99b75c4aebaf0cd5d095e35cdb0cbf0f8adaf28ed864467242b621c30c", "origin": "W0hboDjlByONmpWxhlBDcIFsW4BuXFokcWYzdXzRTHgBDvxhGbmQABbGN3ZIUhW/SX8BLAnAwt4CANPVZ46sEH/as2INl53ew4jWS5KOOts12oe6X6Z6idGONd/82T7Eb9P2u2JFscz/EjiBJpS8XRuZ0ObRVtYL9FQygiSAH4/mj+M0/OyTXHB8gPff2aXGPSYiEUW5oZftqoD8i8iUOLtaM6GPu4LH1V6YRExYpdX4E84EQmYZENCSGPPhbagPQssRW2ydjERRNJwxiQjWMP3GPoXm0yy/4nzOOA4+aNaoItA33REuTC30pBvWDSuk1gRxC1dJk8fUK2HaGiWZExCJjg+qvELzYHeKC42upbs82VYQrozIZb5AWz+AoJ6JkPFpZzhB8rTYHyMZu8x++9MGENLs"}
{"@timestamp": "2019-08-02T09:53:58.000Z", "@metadata": {"beat": "winlogbeat", "type": "_doc", "version": "7.2.0", "topic": "wineventlog_raw"}, "winlog": {"channel": "System", "record_id": 11661, "user": {"type": "User", "identifier": "<pseudonym:2246ce99b75c4aebaf0cd5d095e35cdb0cbf0f8adaf28ed864467242b621c30c>", "name": "breach", "domain": "CLIENT1"}, "provider_name": "USER32", "event_data": {"Binary": "FF00050000000000000000000000000000000000000000000000000000000000", "param1": "C:\\Windows\\system32\\winlogon.exe (CLIENT1)", "param2": "CLIENT1", "param3": "No title for this reason could be found", "param4": "0x500ff", "param5": "power off", "param7": "CLIENT1\\breach"}, "event_id": 1074, "api": "wineventlog", "computer_name": "CLIENT1", "keywords": ["Classic"], "task": ""}, "event": {"kind": "event", "code": 1074, "created": "2019-08-05T08:54:04.921Z"}, "log": {"level": "information"}, "message": "The process C:\\Windows\\system32\\winlogon.exe (CLIENT1) has initiated the power off of computer CLIENT1 on behalf of user CLIENT1\\breach for the following reason: No title for this reason could be found\n Reason Code: 0x500ff\n Shutdown Type: power off\n Comment: ", "ecs": {"version": "1.0.0"}, "host": {"id": "19fc45ac-5890-4f96-81b1-50ed111c0ce4", "hostname": "CLIENT1", "architecture": "x86", "os": {"build": "7601.0", "platform": "windows", "version": "6.1", "family": "windows", "name": "Windows 7 Professional", "kernel": "6.1.7601.18741 (win7sp1_gdr.150202-1526)"}, "name": "CLIENT1"}, "agent": {"id": "0b755aca-0a9a-454a-9800-1979901962a0", "version": "7.2.0", "type": "winlogbeat", "ephemeral_id": "33f6eec2-a7ba-4caa-97b3-ea43b4f5e172", "hostname": "CLIENT1"}}
{"@timestamp": "2019-08-02T09:54:21.331Z", "@metadata": {"beat": "winlogbeat", "type": "_doc", "version": "7.2.0", "topic": "wineventlog_raw"}, "winlog": {"keywords": ["Classic"], "channel": "System", "event_id": 7036, "computer_name": "CLIENT1", "process": {"pid": 440, "thread": {"id": 2680}}, "event_data": {"param2": "stopped", "Binary": "4400500053002F0031000000", "param1": "Diagnostic Policy Service"}, "provider_name": "Service Control Manager", "record_id": 11674, "task": "", "api": "wineventlog", "provider_guid": "{555908d1-a6d7-4695-8e1e-26931d2012f4}"}, "ecs": {"version": "1.0.0"}, "host": {"hostname": "CLIENT1", "architecture": "x86", "os": {"kernel": "6.1.7601.18741 (win7sp1_gdr.150202-1526)", "build": "7601.0", "platform": "windows", "version": "6.1", "family": "windows", "name": "Windows 7 Professional"}, "name": "CLIENT1", "id": "19fc45ac-5890-4f96-81b1-50ed111c0ce4"}, "agent": {"hostname": "CLIENT1", "id": "0b755aca-0a9a-454a-9800-1979901962a0", "version": "7.2.0", "type": "winlogbeat", "ephemeral_id": "33f6eec2-a7ba-4caa-97b3-ea43b4f5e172"}, "event": {"kind": "event", "code": 7036, "created": "2019-08-05T08:54:04.922Z"}, "log": {"level": "information"}, "message": "The Diagnostic Policy Service service entered the stopped state."}
