{"pseudonym": "387dddca7f9c9fa71c41295d7790d3bcd791cfe79b2dd4843551dfd0bf47acf2", "origin": "wJU1i0pJbRnAGWC/sx3qr4ZAJxKs9JZAiRZwF7gdRPzZ6WbtR8wb9z9+KeYVa0/w4mclyaj/qwJwxgmDq+RBt3XLOoUZVXp+rY01GSqYGcR9ANT1KGj3yqpvPRm3JEHrcU+Nqu3stNGNJ7/Z1T6FTW7iS7CcOkIaMNnIbMR6dc8EQNydp2gbVtBMfFDRHaXKtUXuy0QyeblN27THAY0sQdY0FD1x72Dqany1UUZGmmUQhklf2aw5hWt8zdncxUloVDQKVAx10yToZwTtzVuu/avxRUi+V5NXsCe/JGx+Oq2bfqSFOIzp8zqz96cM9088KI1LNfm8SZrZ2TPc5PFMxVPBZ8b4Mb36KRYaAywM"}
{"pseudonym": "cd1a3afeeac92cb813605e21e464de7db0ca53fa0190d3a1372a46f60ddd0712", "origin": "i4JZjxJbBra3jhHs81J5ar1jzGdNT2qbQZzLbX4TZ42Sn+5iGqdfe5GRTdmn+pV5oyvpbVvcdkVHKcOiaO0dUyMs8291OzHlqCpFmIEHGY2nXyPXsras01HReBgazYwLHPg0yXB+64IGroWHoFRMLyXo18WnDEJAlXySbgmxctKDTWuHfoTpHSw2Ia66najcEzGJMIAlujuPxMuA6HQTNrqxew2KlmAamBgVidtQKGhsyyrBmj9HYF2TYe1Qx0dZkUJM3VmuK87dfy/tY3uBsYUUhgjc79/AffpZVY8HnElyOz1yIYd4dJ4bXFll/LXNE2d+zlNGUFuw8UvsLDifHZoTPUg7toWUDnpAvNYvwfw="}
{"@timestamp": "2019-08-02T09:50:32.191Z", "@metadata": {"beat": "winlogbeat", "type": "_doc", "version": "7.2.0", "topic": "wineventlog_raw"}, "message": "Special privileges assigned to new logon.\n\nSubject:\n\tSecurity ID:\t\tS-1-5-18\n\tAccount Name:\t\tSYSTEM\n\tAccount Domain:\t\tNT AUTHORITY\n\tLogon ID:\t\t0x3e7\n\nPrivileges:\t\tSeAssignPrimaryTokenPrivilege\n\t\t\tSeTcbPrivilege\n\t\t\tSeSecurityPrivilege\n\t\t\tSeTakeOwnershipPrivilege\n\t\t\tSeLoadDriverPrivilege\n\t\t\tSeBackupPrivilege\n\t\t\tSeRestorePrivilege\n\t\t\tSeDebugPrivilege\n\t\t\tSeAuditPrivilege\n\t\t\tSeSystemEnvironmentPrivilege\n\t\t\tSeImpersonatePrivilege", "host": {"architecture": "x86", "os": {"version": "6.1", "family": "windows", "name": "Windows 7 Professional", "kernel": "6.1.7601.18741 (win7sp1_gdr.150202-1526)", "build": "7601.0", "platform": "windows"}, "id": "19fc45ac-5890-4f96-81b1-50ed111c0ce4", "hostname": "CLIENT1", "name": "CLIENT1"}, "agent": {"version": "7.2.0", "type": "winlogbeat", "ephemeral_id": "33f6eec2-a7ba-4caa-97b3-ea43b4f5e172", "hostname": "CLIENT1", "id": "0b755aca-0a9a-454a-9800-1979901962a0"}, "ecs": {"version": "1.0.0"}, "winlog": {"provider_name": "Microsoft-Windows-Security-Auditing", "api": "wineventlog", "opcode": "Info", "channel": "Security", "event_id": 4672, "provider_guid": "{54849625-5478-4994-A5BA-3E3B0328C30D}", "process": {"thread": {"id": 504}, "pid": 448}, "keywords": ["Audit Success"], "record_id": 4668, "task": "Special Logon", "computer_name": "CLIENT1", "event_data": {"SubjectDomainName": "NT AUTHORITY", "SubjectLogonId": "0x3e7", "PrivilegeList": "SeAssignPrimaryTokenPrivilege\n\t\t\tSeTcbPrivilege\n\t\t\tSeSecurityPrivilege\n\t\t\tSeTakeOwnershipPrivilege\n\t\t\tSeLoadDriverPrivilege\n\t\t\tSeBackupPrivilege\n\t\t\tSeRestorePrivilege\n\t\t\tSeDebugPrivilege\n\t\t\tSeAuditPrivilege\n\t\t\tSeSystemEnvironmentPrivilege\n\t\t\tSeImpersonatePrivilege", "SubjectUserSid": "<pseudonym:cd1a3afeeac92cb813605e21e464de7db0ca53fa0190d3a1372a46f60ddd0712>", "SubjectUserName": "<pseudonym:387dddca7f9c9fa71c41295d7790d3bcd791cfe79b2dd4843551dfd0bf47acf2>"}}, "event": {"action": "Special Logon", "created": "2019-08-05T08:54:03.704Z", "kind": "event", "code": 4672}, "log": {"level": "information"}}
{"@timestamp": "2019-08-02T09:46:20.000Z", "@metadata": {"beat": "winlogbeat", "type": "_doc", "version": "7.2.0", "topic": "wineventlog_raw"}, "log": {"level": "information"}, "ecs": {"version": "1.0.0"}, "host": {"name": "CLIENT1", "hostname": "CLIENT1", "architecture": "x86", "os": {"version": "6.1", "family": "windows", "name": "Windows 7 Professional", "kernel": "6.1.7601.18741 (win7sp1_gdr.150202-1526)", "build": "7601.0", "platform": "windows"}, "id": "19fc45ac-5890-4f96-81b1-50ed111c0ce4"}, "agent": {"hostname": "CLIENT1", "id": "0b755aca-0a9a-454a-9800-1979901962a0", "version": "7.2.0", "type": "winlogbeat", "ephemeral_id": "33f6eec2-a7ba-4caa-97b3-ea43b4f5e172"}, "message": "The Event log service was started.", "winlog": {"event_id": 6005, "provider_name": "EventLog", "record_id": 11571, "task": "", "channel": "System", "computer_name": "CLIENT1", "keywords": ["Classic"], "api": "wineventlog", "event_data": {"Binary": "E30708000500020009002E00140057010000000000000000"}}, "event": {"created": "2019-08-05T08:54:04.777Z", "kind": "event", "code": 6005}}
{"@timestamp": "2019-07-30T14:38:21.555Z", "@metadata": {"beat": "winlogbeat", "type": "_doc", "version": "7.2.0", "topic": "wineventlog_raw"}, "event": {"kind": "event", "code": 13, "created": "2019-08-05T08:54:04.777Z"}, "log": {"level": "information"}, "message": "The operating system is shutting down at system time \u200e2019\u200e-\u200e07\u200e-\u200e30T14:38:21.555593700Z.", "ecs": {"version": "1.0.0"}, "host": {"name": "CLIENT1", "architecture": "x86", "os": {"build": "7601.0", "platform": "windows", "version": "6.1", "family": "windows", "name": "Windows 7 Professional", "kernel": "6.1.7601.18741 (win7sp1_gdr.150202-1526)"}, "id": "19fc45ac-5890-4f96-81b1-50ed111c0ce4", "hostname": "CLIENT1"}, "agent": {"version": "7.2.0", "type": "winlogbeat", "ephemeral_id": "33f6eec2-a7ba-4caa-97b3-ea43b4f5e172", "hostname": "CLIENT1", "id": "0b755aca-0a9a-454a-9800-1979901962a0"}, "winlog": {"channel": "System", "event_data": {"StopTime": "2019-07-30T14:38:21.555593700Z"}, "opcode": "Info", "provider_guid": "{A68CA8B7-004F-D7B6-A698-07E2DE0F1F5D}", "provider_name": "Microsoft-Windows-Kernel-General", "task": "", "computer_name": "CLIENT1", "event_id": 13, "api": "wineventlog", "process": {"pid": 4, "thread": {"id": 40}}, "record_id": 11585}}
{"pseudonym": "cd1a3afeeac92cb813605e21e464de7db0ca53fa0190d3a1372a46f60ddd0712", "origin": "OqWUth5RMdnTyHfCSkTO0fho1/CCN+IYpoAEl7P+krXtjNeYWS59MDxHW6xPHN8jUgd6aIM+6C7vutIR1SbDeD7dVGcxbhQCszM4/d4W8lTP0SHFxAMkK/nMJQ1i1k/yRQQCmHbZk0wWCMYX0CSc2XgiO7hTEtzTIsz7w3RqqOIjOAQOJAYnwEkIzZCIJx1e5/433YX9BUFv4L2vCwWhIfk/tbGB/zEm4oy7UbPQ818D3Rlv2E6IXCYQK+LMqTT/l+s96J8INC0t6r9Aty54KW3rHJufG0kioVyIviWtn/hED/aG/c6AzCdYVb2cqysNNG1qEGXLF2T5wBLwrMayIHijL2t6J0hS+Pp0/lJRcEM="}
{"@timestamp": "2019-08-02T09:46:06.546Z", "@metadata": {"beat": "winlogbeat", "type": "_doc", "version": "7.2.0", "topic": "wineventlog_raw"}, "host": {"name": "CLIENT1", "os": {"name": "Windows 7 Professional", "kernel": "6.1.7601.18741 (win7sp1_gdr.150202-1526)", "build": "7601.0", "platform": "windows", "version": "6.1", "family": "windows"}, "id": "19fc45ac-5890-4f96-81b1-50ed111c0ce4", "hostname": "CLIENT1", "architecture": "x86"}, "winlog": {"task": "", "process": {"pid": 4, "thread": {"id": 8}}, "event_id": 12, "provider_name": "Microsoft-Windows-Kernel-General", "opcode": "Info", "event_data": {"ServiceVersion": "1", "BootMode": "0", "StartTime": "2019-08-02T09:46:06.500000000Z", "MajorVersion": "6", "MinorVersion": "1", "BuildVersion": "7601", "QfeVersion": "18741"}, "computer_name": "CLIENT1", "record_id": 11586, "api": "wineventlog", "provider_guid": "{A68CA8B7-004F-D7B6-A698-07E2DE0F1F5D}", "user": {"type": "User", "identifier": "<pseudonym:cd1a3afeeac92cb813605e21e464de7db0ca53fa0190d3a1372a46f60ddd0712>", "name": "SYSTEM", "domain": "NT AUTHORITY"}, "channel": "System"}, "event": {"created": "2019-08-05T08:54:04.777Z", "kind": "event", "code": 12}, "log": {"level": "information"}, "message": "The operating system started at system time \u200e2019\u200e-\u200e08\u200e-\u200e02T09:46:06.500000000Z.", "agent": {"version": "7.2.0", "type": "winlogbeat", "ephemeral_id": "33f6eec2-a7ba-4caa-97b3-ea43b4f5e172", "hostname": "CLIENT1", "id": "0b755aca-0a9a-454a-9800-1979901962a0"}, "ecs": {"version": "1.0.0"}}
{"@timestamp": "2019-08-02T09:46:26.078Z", "@metadata": {"beat": "winlogbeat", "type": "_doc", "version": "7.2.0", "topic": "wineventlog_raw"}, "winlog": {"event_id": 7036, "api": "wineventlog", "process": {"pid": 440, "thread": {"id": 528}}, "keywords": ["Classic"], "channel": "System", "computer_name": "CLIENT1", "provider_guid": "{555908d1-a6d7-4695-8e1e-26931d2012f4}", "event_data": {"param1": "TCP/IP NetBIOS Helper", "param2": "running", "Binary": "6C006D0068006F007300740073002F0034000000"}, "provider_name": "Service Control Manager", "record_id": 11609, "task": ""}, "event": {"kind": "event", "code": 7036, "created": "2019-08-05T08:54:04.777Z"}, "log": {"level": "information"}, "message": "The TCP/IP NetBIOS Helper service entered the running state.", "ecs": {"version": "1.0.0"}, "host": {"architecture": "x86", "os": {"version": "6.1", "family": "windows", "name": "Windows 7 Professional", "kernel": "6.1.7601.18741 (win7sp1_gdr.150202-1526)", "build": "7601.0", "platform": "windows"}, "id": "19fc45ac-5890-4f96-81b1-50ed111c0ce4", "hostname": "CLIENT1", "name": "CLIENT1"}, "agent": {"version": "7.2.0", "type": "winlogbeat", "ephemeral_id": "33f6eec2-a7ba-4caa-97b3-ea43b4f5e172", "hostname": "CLIENT1", "id": "0b755aca-0a9a-454a-9800-1979901962a0"}}
{"@timestamp": "2019-08-02T09:47:45.971Z", "@metadata": {"beat": "winlogbeat", "type": "_doc", "version": "7.2.0", "topic": "wineventlog_raw"}, "event": {"code": 7036, "created": "2019-08-05T08:54:04.822Z", "kind": "event"}, "ecs": {"version": "1.0.0"}, "host": {"name": "CLIENT1", "hostname": "CLIENT1", "architecture": "x86", "os": {"build": "7601.0", "platform": "windows", "version": "6.1", "family": "windows", "name": "Windows 7 Professional", "kernel": "6.1.7601.18741 (win7sp1_gdr.150202-1526)"}, "id": "19fc45ac-5890-4f96-81b1-50ed111c0ce4"}, "agent": {"type": "winlogbeat", "ephemeral_id": "33f6eec2-a7ba-4caa-97b3-ea43b4f5e172", "hostname": "CLIENT1", "id": "0b755aca-0a9a-454a-9800-1979901962a0", "version": "7.2.0"}, "log": {"level": "information"}, "message": "The Windows Search service entered the running state.", "winlog": {"provider_guid": "{555908d1-a6d7-4695-8e1e-26931d2012f4}", "record_id": 11645, "computer_name": "CLIENT1", "keywords": ["Classic"], "event_id": 7036, "provider_name": "Service Control Manager", "task": "", "process": {"pid": 440, "thread": {"id": 1752}}, "event_data": {"Binary": "57005300650061007200630068002F0034000000", "param1": "Windows Search", "param2": "running"}, "channel": "System", "api": "wineventlog"}}
{"@timestamp": "2019-08-02T09:53:59.376Z", "@metadata": {"beat": "winlogbeat", "type": "_doc", "version": "7.2.0", "topic": "wineventlog_raw"}, "log": {"level": "information"}, "message": "The Windows Update service entered the stopped state.", "agent": {"hostname": "CLIENT1", "id": "0b755aca-0a9a-454a-9800-1979901962a0", "version": "7.2.0", "type": "winlogbeat", "ephemeral_id": "33f6eec2-a7ba-4caa-97b3-ea43b4f5e172"}, "ecs": {"version": "1.0.0"}, "host": {"name": "CLIENT1", "hostname": "CLIENT1", "architecture": "x86", "os": {"name": "Windows 7 Professional", "kernel": "6.1.7601.18741 (win7sp1_gdr.150202-1526)", "build": "7601.0", "platform": "windows", "version": "6.1", "family": "windows"}, "id": "19fc45ac-5890-4f96-81b1-50ed111c0ce4"}, "winlog": {"channel": "System", "provider_name": "Service Control Manager", "api": "wineventlog", "event_data": {"param1": "Windows Update", "param2": "stopped", "Binary": "770075006100750073006500720076002F0031000000"}, "record_id": 11663, "keywords": ["Classic"], "event_id": 7036, "task": "", "computer_name": "CLIENT1", "provider_guid": "{555908d1-a6d7-4695-8e1e-26931d2012f4}", "process": {"pid": 440, "thread": {"id": 3356}}}, "event": {"created": "2019-08-05T08:54:04.921Z", "kind": "event", "code": 7036}}
{"@timestamp": "2019-08-02T09:54:20.994Z", "@metadata": {"beat": "winlogbeat", "type": "_doc", "version": "7.2.0", "topic": "wineventlog_raw"}, "winlog": {"keywords": ["Classic"], "event_data": {"param1": "Diagnostic System Host", "param2": "stopped", "Binary": "570064006900530079007300740065006D0048006F00730074002F0031000000"}, "event_id": 7036, "task": "", "api": "wineventlog", "computer_name": "CLIENT1", "channel": "System", "record_id": 11672, "provider_guid": "{555908d1-a6d7-4695-8e1e-26931d2012f4}", "process": {"pid": 440, "thread": {"id": 2680}}, "provider_name": "Service Control Manager"}, "event": {"kind": "event", "code": 7036, "created": "2019-08-05T08:54:04.921Z"}, "log": {"level": "information"}, "message": "The Diagnostic System Host service entered the stopped state.", "ecs": {"version": "1.0.0"}, "host": {"name": "CLIENT1", "hostname": "CLIENT1", "architecture": "x86", "os": {"build": "7601.0", "platform": "windows", "version": "6.1", "family": "windows", "name": "Windows 7 Professional", "kernel": "6.1.7601.18741 (win7sp1_gdr.150202-1526)"}, "id": "19fc45ac-5890-4f96-81b1-50ed111c0ce4"}, "agent": {"ephemeral_id": "33f6eec2-a7ba-4caa-97b3-ea43b4f5e172", "hostname": "CLIENT1", "id": "0b755aca-0a9a-454a-9800-1979901962a0", "version": "7.2.0", "type": "winlogbeat"}}
{"@timestamp": "2019-08-05T08:53:32.531Z", "@metadata": {"beat": "winlogbeat", "type": "_doc", "version": "7.2.0", "topic": "wineventlog_raw"}, "host": {"os": {"platform": "windows", "version": "6.1", "family": "windows", "name": "Windows 7 Professional", "kernel": "6.1.7601.18741 (win7sp1_gdr.150202-1526)", "build": "7601.0"}, "id": "19fc45ac-5890-4f96-81b1-50ed111c0ce4", "hostname": "CLIENT1", "name": "CLIENT1", "architecture": "x86"}, "agent": {"hostname": "CLIENT1", "id": "0b755aca-0a9a-454a-9800-1979901962a0", "version": "7.2.0", "type": "winlogbeat", "ephemeral_id": "33f6eec2-a7ba-4caa-97b3-ea43b4f5e172"}, "winlog": {"event_data": {"param1": "Themes", "param2": "running", "Binary": "5400680065006D00650073002F0034000000"}, "channel": "System", "event_id": 7036, "api": "wineventlog", "provider_guid": "{555908d1-a6d7-4695-8e1e-26931d2012f4}", "task": "", "keywords": ["Classic"], "process": {"pid": 436, "thread": {"id": 500}}, "provider_name": "Service Control Manager", "record_id": 11715, "computer_name": "CLIENT1"}, "event": {"kind": "event", "code": 7036, "created": "2019-08-05T08:54:04.923Z"}, "log": {"level": "information"}, "message": "The Themes service entered the running state.", "ecs": {"version": "1.0.0"}}
{"@timestamp": "2019-08-05T08:53:32.921Z", "@metadata": {"beat": "winlogbeat", "type": "_doc", "version": "7.2.0", "topic": "wineventlog_raw"}, "agent": {"hostname": "CLIENT1", "id": "0b755aca-0a9a-454a-9800-1979901962a0", "version": "7.2.0", "type": "winlogbeat", "ephemeral_id": "33f6eec2-a7ba-4caa-97b3-ea43b4f5e172"}, "winlog": {"api": "wineventlog", "process": {"pid": 436, "thread": {"id": 516}}, "event_id": 7036, "record_id": 11717, "keywords": ["Classic"], "provider_name": "Service Control Manager", "provider_guid": "{555908d1-a6d7-4695-8e1e-26931d2012f4}", "event_data": {"Binary": "43007300630053006500720076006900630065002F0034000000", "param1": "Offline Files", "param2": "running"}, "channel": "System", "task": "", "computer_name": "CLIENT1"}, "event": {"kind": "event", "code": 7036, "created": "2019-08-05T08:54:04.923Z"}, "log": {"level": "information"}, "message": "The Offline Files service entered the running state.", "ecs": {"version": "1.0.0"}, "host": {"name": "CLIENT1", "hostname": "CLIENT1", "architecture": "x86", "os": {"kernel": "6.1.7601.18741 (win7sp1_gdr.150202-1526)", "build": "7601.0", "platform": "windows", "version": "6.1", "family": "windows", "name": "Windows 7 Professional"}, "id": "19fc45ac-5890-4f96-81b1-50ed111c0ce4"}}
{"@timestamp": "2019-08-05T08:53:33.656Z", "@metadata": {"beat": "winlogbeat", "type": "_doc", "version": "7.2.0", "topic": "wineventlog_raw"}, "event": {"code": 7036, "created": "2019-08-05T08:54:04.923Z", "kind": "event"}, "ecs": {"version": "1.0.0"}, "host": {"architecture": "x86", "os": {"build": "7601.0", "platform": "windows", "version": "6.1", "family": "windows", "name": "Windows 7 Professional", "kernel": "6.1.7601.18741 (win7sp1_gdr.150202-1526)"}, "name": "CLIENT1", "id": "19fc45ac-5890-4f96-81b1-50ed111c0ce4", "hostname": "CLIENT1"}, "agent": {"id": "0b755aca-0a9a-454a-9800-1979901962a0", "version": "7.2.0", "type": "winlogbeat", "ephemeral_id": "33f6eec2-a7ba-4caa-97b3-ea43b4f5e172", "hostname": "CLIENT1"}, "log": {"level": "information"}, "message": "The Security Accounts Manager service entered the running state.", "winlog": {"provider_guid": "{555908d1-a6d7-4695-8e1e-26931d2012f4}", "record_id": 11722, "event_data": {"Binary": "530061006D00530073002F0034000000", "param1": "Security Accounts Manager", "param2": "running"}, "provider_name": "Service Control Manager", "event_id": 7036, "task": "", "api": "wineventlog", "computer_name": "CLIENT1", "keywords": ["Classic"], "process": {"thread": {"id": 516}, "pid": 436}, "channel": "System"}}
{"pseudonym": "f119e812403f34bc9c93a15392e371bd51bfd51f59deda80c5caac2a6f172b3c", "origin": "kQNW8QwVQ5kN+068xrKXY9lTdWQZJxbW/FHSZsLrVNwqQBe7OKV/tmw7Nrra/I156Jgxp2rKNc1cxCfAUth86tKZbwJ0s1UcWfwyN1fNHh0wmB9ajop9sB7JA1TUi2PonUdtINoTdvGjQsiongTHbPupD5S9wkMXbDqA8MTFAA6aZiRbP0QiZKdGfFFXrYsvGB9qGEm/oV4Ei1rDZCbMmjmtkSO3cgnPVMIQAU388e2T4x1UFxj51Kh+zTe009QuiPn7aF/fEX67dBcSEQnZx73LzmZV4lWyCh6vgyingPnBgu3ZVrq2koyuf/lx2L/KDcOE4+hSRk9OXXfJa7feV2gkPxRcrRzPuZOSgh41"}
{"pseudonym": "2246ce99b75c4aebaf0cd5d095e35cdb0cbf0f8adaf28ed864467242b621c30c", "origin": "VVOvykBFtwv1vhsvV98WJh2zDDjeWMIxMg/HgHWJNiVC60NnpGJCufJRqQWPJ5lH1GVLL+uOhaHXHFaHTibGCvjFQQinWO3x5pR2PvjaTLdrMUiCKFg4euNDiCEeMT+tghd4paMYZy4pOBCM3jGXBsxJ3e46f+FnDwTRMRDOfSwzpuGFIiC9AnY5C+jxX4njoHRPKPZ0VU4Q/FDEZXNN8ZtHil6+3Q4lYhBDIJae1NAZEb5EKZrqK/WcPKr4dLhfY+pXN87MbCmUZ3dvPqDy+tiOWV9QXZ6IzEDE+z3X1zgMxgleRNUoWamSUeOyoQzO75LGmzLLCKYFsg0FVHFgQqwu0hsr1fCD1PiV5pmteWsLPVgYbo49auhzOgthOXMIzZSROpu5R3mHn0miV0+z9wg5W+T1"}
{"@timestamp": "2019-08-05T08:55:37.244Z", "@metadata": {"beat": "winlogbeat", "type": "_doc", "version": "7.2.0", "topic": "wineventlog_raw"}, "ecs": {"version": "1.0.0"}, "winlog": {"record_id": 4694, "process": {"thread": {"id": 308}, "pid": 444}, "event_id": 4672, "provider_name": "Microsoft-Windows-Security-Auditing", "task": "Special Logon", "provider_guid": "{54849625-5478-4994-A5BA-3E3B0328C30D}", "channel": "Security", "api": "wineventlog", "opcode": "Info", "event_data": {"SubjectUserSid": "<pseudonym:2246ce99b75c4aebaf0cd5d095e35cdb0cbf0f8adaf28ed864467242b621c30c>", "SubjectUserName": "<pseudonym:f119e812403f34bc9c93a15392e371bd51bfd51f59deda80c5caac2a6f172b3c>", "SubjectDomainName": "CLIENT1", "SubjectLogonId": "0x1b8a3", "PrivilegeList": "SeSecurityPrivilege\n\t\t\tSeTakeOwnershipPrivilege\n\t\t\tSeLoadDriverPrivilege\n\t\t\tSeBackupPrivilege\n\t\t\tSeRestorePrivilege\n\t\t\tSeDebugPrivilege\n\t\t\tSeSystemEnvironmentPrivilege\n\t\t\tSeImpersonatePrivilege"}, "computer_name": "CLIENT1", "keywords": ["Audit Success"]}, "event": {"code": 4672, "action": "Special Logon", "created": "2019-08-05T08:55:39.047Z", "kind": "event"}, "log": {"level": "information"}, "message": "Special privileges assigned to new logon.\n\nSubject:\n\tSecurity ID:\t\tS-1-5-21-1918032094-2382968797-800248713-1000\n\tAccount Name:\t\tbreach\n\tAccount Domain:\t\tCLIENT1\n\tLogon ID:\t\t0x1b8a3\n\nPrivileges:\t\tSeSecurityPrivilege\n\t\t\tSeTakeOwnershipPrivilege\n\t\t\tSeLoadDriverPrivilege\n\t\t\tSeBackupPrivilege\n\t\t\tSeRestorePrivilege\n\t\t\tSeDebugPrivilege\n\t\t\tSeSystemEnvironmentPrivilege\n\t\t\tSeImpersonatePrivilege", "host": {"name": "CLIENT1", "hostname": "CLIENT1", "architecture": "x86", "os": {"family": "windows", "name": "Windows 7 Professional", "kernel": "6.1.7601.18741 (win7sp1_gdr.150202-1526)", "build": "7601.0", "platform": "windows", "version": "6.1"}, "id": "19fc45ac-5890-4f96-81b1-50ed111c0ce4"}, "agent": {"type": "winlogbeat", "ephemeral_id": "33f6eec2-a7ba-4caa-97b3-ea43b4f5e172", "hostname": "CLIENT1", "id": "0b755aca-0a9a-454a-9800-1979901962a0", "version": "7.2.0"}}
{"@timestamp": "2019-08-05T08:55:39.000Z", "@metadata": {"beat": "winlogbeat", "type": "_doc", "version": "7.2.0", "topic": "wineventlog_raw"}, "ecs": {"version": "1.0.0"}, "winlog": {"event_id": 900, "task": "", "api": "wineventlog", "computer_name": "CLIENT1", "provider_guid": "{E23B33B0-C8C9-472C-A5F9-F2BDFEA0F156}", "channel": "Application", "provider_name": "Microsoft-Windows-Security-SPP", "keywords": ["Classic"], "record_id": 2933}, "event": {"kind": "event", "code": 900, "created": "2019-08-05T08:55:39.737Z"}, "log": {"level": "information"}, "message": "The Software Protection service is starting.", "host": {"hostname": "CLIENT1", "architecture": "x86", "os": {"platform": "windows", "version": "6.1", "family": "windows", "name": "Windows 7 Professional", "kernel": "6.1.7601.18741 (win7sp1_gdr.150202-1526)", "build": "7601.0"}, "name": "CLIENT1", "id": "19fc45ac-5890-4f96-81b1-50ed111c0ce4"}, "agent": {"hostname": "CLIENT1", "id": "0b755aca-0a9a-454a-9800-1979901962a0", "version": "7.2.0", "type": "winlogbeat", "ephemeral_id": "33f6eec2-a7ba-4caa-97b3-ea43b4f5e172"}}
{"@timestamp": "2019-08-05T08:56:11.000Z", "@metadata": {"beat": "winlogbeat", "type": "_doc", "version": "7.2.0", "topic": "wineventlog_raw"}, "log": {"level": "information"}, "message": "The Windows Security Center Service has started.", "winlog": {"channel": "Application", "keywords": ["Classic"], "event_id": 1, "task": "", "computer_name": "CLIENT1", "api": "wineventlog", "opcode": "Info", "provider_name": "SecurityCenter", "record_id": 2945}, "event": {"kind": "event", "code": 1, "created": "2019-08-05T08:56:11.909Z"}, "ecs": {"version": "1.0.0"}, "host": {"name": "CLIENT1", "architecture": "x86", "os": {"version": "6.1", "family": "windows", "name": "Windows 7 Professional", "kernel": "6.1.7601.18741 (win7sp1_gdr.150202-1526)", "build": "7601.0", "platform": "windows"}, "id": "19fc45ac-5890-4f96-81b1-50ed111c0ce4", "hostname": "CLIENT1"}, "agent": {"ephemeral_id": "33f6eec2-a7ba-4caa-97b3-ea43b4f5e172", "hostname": "CLIENT1", "id": "0b755aca-0a9a-454a-9800-1979901962a0", "version": "7.2.0", "type": "winlogbeat"}}
{"@timestamp": "2019-07-30T14:37:50.655Z", "@metadata": {"beat": "winlogbeat", "type": "_doc", "version": "7.2.0", "topic": "wineventlog_raw"}, "log": {"level": "information"}, "message": "The Windows Update service entered the stopped state.", "host": {"name": "CLIENT1", "hostname": "CLIENT1", "architecture": "x86", "os": {"kernel": "6.1.7601.18741 (win7sp1_gdr.150202-1526)", "build": "7601.0", "platform": "windows", "version": "6.1", "family": "windows", "name": "Windows 7 Professional"}, "id": "19fc45ac-5890-4f96-81b1-50ed111c0ce4"}, "agent": {"type": "winlogbeat", "ephemeral_id": "de845cd9-5141-4c92-ad32-27a4518307e9", "hostname": "CLIENT1", "id": "0b755aca-0a9a-454a-9800-1979901962a0", "version": "7.2.0"}, "ecs": {"version": "1.0.0"}, "winlog": {"computer_name": "CLIENT1", "keywords": ["Classic"], "event_id": 7036, "provider_name": "Service Control Manager", "record_id": 11548, "process": {"pid": 436, "thread": {"id": 3216}}, "channel": "System", "task": "", "provider_guid": "{555908d1-a6d7-4695-8e1e-26931d2012f4}", "api": "wineventlog", "event_data": {"param1": "Windows Update", "param2": "stopped", "Binary": "770075006100750073006500720076002F0031000000"}}, "event": {"code": 7036, "created": "2019-08-02T09:55:11.995Z", "kind": "event"}}
{"pseudonym": "88300c8916832c3352893b38edeeb13dae715dc9604444fc4d9bdd509aba6c1d", "origin": "mcoNGsraaJTgjf4OgG6vMmaKU986TS5SxO1LVh3cW/AD5I5vAX/okVvKIYL6YSpy8+9uZQNOjn+KWalWmK6u0Ys5Zd8rkk4dvMBLxHvFzXmAySM2u5M5GK49Yq/bCfPf0jsMP2X2C033uZg81jhkhYzfxZ9cBME1yo26zvKdbj6vbbH6LA76eGN8g2HA8DUIigAa/aEmR4marpXU1+GDPsntf+AHTkdlicjQscPn8hAgS9UKtUopGq7SpyBuZQjhnkJUIkhQ57mmxhcp1KNn9B1SLRcuGFEALFf2cHZYE+Y5/uiBbBjKJRYsMZVMl+CLlyuD/ODUsvVLXBWIjgTP9gF6w22lDRLEIhCvLQ9yMpw="}
{"@timestamp": "2019-07-30T14:38:12.486Z", "@metadata": {"beat": "winlogbeat", "type": "_doc", "version": "7.2.0", "topic": "wineventlog_raw"}, "event": {"created": "2019-08-02T09:55:11.995Z", "kind": "event", "code": 50037, "action": "Service State Event"}, "log": {"level": "information"}, "message": "DHCPv4 client service is stopped. ShutDown Flag value is 1", "agent": {"ephemeral_id": "de845cd9-5141-4c92-ad32-27a4518307e9", "hostname": "CLIENT1", "id": "0b755aca-0a9a-454a-9800-1979901962a0", "version": "7.2.0", "type": "winlogbeat"}, "ecs": {"version": "1.0.0"}, "host": {"id": "19fc45ac-5890-4f96-81b1-50ed111c0ce4", "name": "CLIENT1", "hostname": "CLIENT1", "architecture": "x86", "os": {"version": "6.1", "family": "windows", "name": "Windows 7 Professional", "kernel": "6.1.7601.18741 (win7sp1_gdr.150202-1526)", "build": "7601.0", "platform": "windows"}}, "winlog": {"opcode": "ServiceStop", "event_id": 50037, "provider_name": "Microsoft-Windows-Dhcp-Client", "user": {"domain": "NT AUTHORITY", "type": "Well Known Group", "identifier": "<pseudonym:88300c8916832c3352893b38edeeb13dae715dc9604444fc4d9bdd509aba6c1d>", "name": "LOCAL SERVICE"}, "event_data": {"DwordVal": "1"}, "channel": "System", "record_id": 11555, "task": "Service State Event", "api": "wineventlog", "computer_name": "CLIENT1", "provider_guid": "{15A7A4F8-0072-4EAB-ABAD-F98A4D666AED}", "process": {"thread": {"id": 1016}, "pid": 708}}}
{"pseudonym": "cd1a3afeeac92cb813605e21e464de7db0ca53fa0190d3a1372a46f60ddd0712", "origin": "p6Lh+Sa6Vhm6UkyzOrMp/uuTaI5C2okM9X2yYG1k3EwRNKjTGL0ZPEtUnY2nDt6cPDa4xhIIiFgBhMv6T0q6iv03rsAcjO13yp7v2ITdJGFVGoXOkoA97qP0DVocUkG3CrosOVxpjonBe/57JxQfNCtgKS7uL2g98Dm6wjzbeLDnfTWp6IgUQMFd11Ug6PnNq5YW8uPXJ4eJ3wnz1ccaw3HnNPrmvAYFB4jVFFTEfX7fdN60e4rQAgBPsn50nqsDtSnzgMQw+Jpk2p5OKnbAcJrLQGibfmcEjQVwXX8dPoLT+zWFK7KXT8ggKZ4OyHiyioutAVIPxi4lDjifOv74rsfAnUCwR6LTkzJ2ZGfrahI="}
{"@timestamp": "2019-08-02T09:46:19.046Z", "@metadata": {"beat": "winlogbeat", "type": "_doc", "version": "7.2.0", "topic": "wineventlog_raw"}, "log": {"level": "information"}, "message": "File System Filter 'luafv' (6.1, \u200e2009\u200e-\u200e07\u200e-\u200e14T01:15:44.000000000Z) has successfully loaded and registered with Filter Manager.", "ecs": {"version": "1.0.0"}, "host": {"name": "CLIENT1", "hostname": "CLIENT1", "architecture": "x86", "os": {"family": "windows", "name": "Windows 7 Professional", "kernel": "6.1.7601.18741 (win7sp1_gdr.150202-1526)", "build": "7601.0", "platform": "windows", "version": "6.1"}, "id": "19fc45ac-5890-4f96-81b1-50ed111c0ce4"}, "agent": {"type": "winlogbeat", "ephemeral_id": "de845cd9-5141-4c92-ad32-27a4518307e9", "hostname": "CLIENT1", "id": "0b755aca-0a9a-454a-9800-1979901962a0", "version": "7.2.0"}, "winlog": {"provider_name": "Microsoft-Windows-FilterManager", "event_id": 6, "process": {"pid": 4, "thread": {"id": 48}}, "api": "wineventlog", "computer_name": "CLIENT1", "event_data": {"FinalStatus": "0x0", "DeviceVersionMajor": "6", "DeviceVersionMinor": "1", "DeviceNameLength": "5", "DeviceName": "luafv", "DeviceTime": "2009-07-14T01:15:44.000000000Z"}, "record_id": 11592, "task": "", "opcode": "Info", "channel": "System", "provider_guid": "{F3C5E28E-63F6-49C7-A204-E48A1BC4B09D}", "user": {"identifier": "<pseudonym:cd1a3afeeac92cb813605e21e464de7db0ca53fa0190d3a1372a46f60ddd0712>", "name": "SYSTEM", "domain": "NT AUTHORITY", "type": "User"}}, "event": {"code": 6, "created": "2019-08-02T09:55:11.997Z", "kind": "event"}}
{"@timestamp": "2019-08-02T09:46:33.953Z", "@metadata": {"beat": "winlogbeat", "type": "_doc", "version": "7.2.0", "topic": "wineventlog_raw"}, "message": "The Print Spooler service entered the running state.", "winlog": {"computer_name": "CLIENT1", "provider_name": "Service Control Manager", "api": "wineventlog", "process": {"pid": 440, "thread": {"id": 524}}, "event_data": {"param2": "running", "Binary": "530070006F006F006C00650072002F0034000000", "param1": "Print Spooler"}, "channel": "System", "task": "", "keywords": ["Classic"], "record_id": 11616, "provider_guid": "{555908d1-a6d7-4695-8e1e-26931d2012f4}", "event_id": 7036}, "event": {"kind": "event", "code": 7036, "created": "2019-08-02T09:55:11.998Z"}, "log": {"level": "information"}, "agent": {"version": "7.2.0", "type": "winlogbeat", "ephemeral_id": "de845cd9-5141-4c92-ad32-27a4518307e9", "hostname": "CLIENT1", "id": "0b755aca-0a9a-454a-9800-1979901962a0"}, "ecs": {"version": "1.0.0"}, "host": {"os": {"family": "windows", "name": "Windows 7 Professional", "kernel": "6.1.7601.18741 (win7sp1_gdr.150202-1526)", "build": "7601.0", "platform": "windows", "version": "6.1"}, "name": "CLIENT1", "id": "19fc45ac-5890-4f96-81b1-50ed111c0ce4", "hostname": "CLIENT1", "architecture": "x86"}}
{"@timestamp": "2019-08-02T09:47:42.776Z", "@metadata": {"beat": "winlogbeat", "type": "_doc", "version": "7.2.0", "topic": "wineventlog_raw"}, "log": {"level": "information"}, "message": "The Windows Media Player Network Sharing Service service entered the running state.", "winlog": {"record_id": 11644, "provider_guid": "{555908d1-a6d7-4695-8e1e-26931d2012f4}", "event_data": {"param1": "Windows Media Player Network Sharing Service", "param2": "running", "Binary": "57004D0050004E006500740077006F0072006B005300760063002F0034000000"}, "channel": "System", "provider_name": "Service Control Manager", "task": "", "api": "wineventlog", "keywords": ["Classic"], "event_id": 7036, "computer_name": "CLIENT1", "process": {"thread": {"id": 1752}, "pid": 440}}, "ecs": {"version": "1.0.0"}, "host": {"architecture": "x86", "os": {"platform": "windows", "version": "6.1", "family": "windows", "name": "Windows 7 Professional", "kernel": "6.1.7601.18741 (win7sp1_gdr.150202-1526)", "build": "7601.0"}, "id": "19fc45ac-5890-4f96-81b1-50ed111c0ce4", "hostname": "CLIENT1", "name": "CLIENT1"}, "agent": {"ephemeral_id": "de845cd9-5141-4c92-ad32-27a4518307e9", "hostname": "CLIENT1", "id": "0b755aca-0a9a-454a-9800-1979901962a0", "version": "7.2.0", "type": "winlogbeat"}, "event": {"created": "2019-08-02T09:55:12.049Z", "kind": "event", "code": 7036}}
{"pseudonym": "cd1a3afeeac92cb813605e21e464de7db0ca53fa0190d3a1372a46f60ddd0712", "origin": "XAPkWQcyu79DsCwjYzNUP3+1p+a/ACq237JcLEswdpApb3B3M5dsApqsqkmkdD1EP5jJkmNxKbkRePeIwjAJsCY4ek8oe1ABtBU9gJMjW4V0eFdENK5bNFotc6lJtBwOeoZVdjrbdwXPiByv8Q2kQo0K+Hu4q1CYCwp/BikHtmFupjc5Qj/odyYvRQbKAyPYqJMSjqks+UGMfzSmKiLvOqwQkSakbY44+s4dApypnT0YjRPdM8HXgxE7TdNsEQ2Q3AVFGmZH73xIZvYJbwOigjdaWlhHEZ68Dvmo5mgS2dgAPsqsC5gKiy5oln0taKd8KYwjsBSp3uGbg9hFQaTJGYzXG5TAC3b63dodUyvW7ZY="}
{"pseudonym": "2246ce99b75c4aebaf0cd5d095e35cdb0cbf0f8adaf28ed864467242b621c30c", "origin": "FFbJP2excPUM3SRktgjk3TQFZrG3a1tfLSQ+NJ8zErFITU+5CEE4i2j0hHgzYN0n2Xf/c66HyEFlQQ6Jay/LzYKYAB+RmIVUu4s7kdr2FaOY+U2DUoF2/ILUbE7xHPzEdSYnfE2cj81GuCplNU3cSIUxm6iWEJKHvT6oJTdGuuNlEnn95xvxMHwo52Lvun1cQbU1u7XP2L1klm4VRfAaCrf4mvMXW32BjkMqnte5CGXHikf7jG8NgIpGzcJHf9YsMX0+cwd3P1nUiDcJ853MyC102b42qYbn4K4wf1i8karPi3X679Izc24wpqIjPkhR2pTvKh8zQND7AvgNlZEMAzugE3CFSnpvuuKPTXs7K2lCVa2uKMnfxHY03g8PnIOXbJ9VHylPsE0VdGWEnFr1UN1GgINn"}
{"@timestamp": "2019-08-02T09:53:58.579Z", "@metadata": {"beat": "winlogbeat", "type": "_doc", "version": "7.2.0", "topic": "wineventlog_raw"}, "event": {"code": 7002, "created": "2019-08-02T09:55:12.089Z", "kind": "event"}, "log": {"level": "information"}, "message": "User Logoff Notification for Customer Experience Improvement Program", "ecs": {"version": "1.0.0"}, "host": {"hostname": "CLIENT1", "architecture": "x86", "name": "CLIENT1", "os": {"family": "windows", "name": "Windows 7 Professional", "kernel": "6.1.7601.18741 (win7sp1_gdr.150202-1526)", "build": "7601.0", "platform": "windows", "version": "6.1"}, "id": "19fc45ac-5890-4f96-81b1-50ed111c0ce4"}, "agent": {"id": "0b755aca-0a9a-454a-9800-1979901962a0", "version": "7.2.0", "type": "winlogbeat", "ephemeral_id": "de845cd9-5141-4c92-ad32-27a4518307e9", "hostname": "CLIENT1"}, "winlog": {"opcode": "Info", "provider_name": "Microsoft-Windows-Winlogon", "provider_guid": "{DBE9B383-7CF3-4331-91CC-A3CB16A3B538}", "user": {"identifier": "<pseudonym:cd1a3afeeac92cb813605e21e464de7db0ca53fa0190d3a1372a46f60ddd0712>", "name": "SYSTEM", "domain": "NT AUTHORITY", "type": "User"}, "event_data": {"TSId": "1", "UserSid": "<pseudonym:2246ce99b75c4aebaf0cd5d095e35cdb0cbf0f8adaf28ed864467242b621c30c>"}, "record_id": 11662, "task": "", "api": "wineventlog", "channel": "System", "event_id": 7002, "computer_name": "CLIENT1", "activity_id": "{2698178D-FDAD-40AE-9D3C-1371703ADC5B}", "process": {"pid": 380, "thread": {"id": 408}}}}
{"@timestamp": "2019-08-02T09:54:56.000Z", "@metadata": {"beat": "winlogbeat", "type": "_doc", "version": "7.2.0", "topic": "wineventlog_raw"}, "winlog": {"channel": "System", "api": "wineventlog", "event_id": 6005, "computer_name": "CLIENT1", "event_data": {"Binary": "E3070800050002000900360038003E000000000000000000"}, "provider_name": "EventLog", "record_id": 11677, "task": "", "keywords": ["Classic"]}, "event": {"kind": "event", "code": 6005, "created": "2019-08-02T09:55:12.090Z"}, "log": {"level": "information"}, "message": "The Event log service was started.", "agent": {"version": "7.2.0", "type": "winlogbeat", "ephemeral_id": "de845cd9-5141-4c92-ad32-27a4518307e9", "hostname": "CLIENT1", "id": "0b755aca-0a9a-454a-9800-1979901962a0"}, "ecs": {"version": "1.0.0"}, "host": {"hostname": "CLIENT1", "architecture": "x86", "os": {"kernel": "6.1.7601.18741 (win7sp1_gdr.150202-1526)", "build": "7601.0", "platform": "windows", "version": "6.1", "family": "windows", "name": "Windows 7 Professional"}, "name": "CLIENT1", "id": "19fc45ac-5890-4f96-81b1-50ed111c0ce4"}}
{"@timestamp": "2019-08-02T09:55:09.022Z", "@metadata": {"beat": "winlogbeat", "type": "_doc", "version": "7.2.0", "topic": "wineventlog_raw"}, "event": {"kind": "event", "code": 7036, "created": "2019-08-02T09:55:12.100Z"}, "log": {"level": "information"}, "ecs": {"version": "1.0.0"}, "host": {"hostname": "CLIENT1", "architecture": "x86", "os": {"name": "Windows 7 Professional", "kernel": "6.1.7601.18741 (win7sp1_gdr.150202-1526)", "build": "7601.0", "platform": "windows", "version": "6.1", "family": "windows"}, "id": "19fc45ac-5890-4f96-81b1-50ed111c0ce4", "name": "CLIENT1"}, "agent": {"id": "0b755aca-0a9a-454a-9800-1979901962a0", "version": "7.2.0", "type": "winlogbeat", "ephemeral_id": "de845cd9-5141-4c92-ad32-27a4518307e9", "hostname": "CLIENT1"}, "message": "The winlogbeat service entered the running state.", "winlog": {"computer_name": "CLIENT1", "provider_guid": "{555908d1-a6d7-4695-8e1e-26931d2012f4}", "process": {"pid": 440, "thread": {"id": 524}}, "channel": "System", "provider_name": "Service Control Manager", "record_id": 11746, "keywords": ["Classic"], "api": "wineventlog", "event_id": 7036, "task": "", "event_data": {"param2": "running", "Binary": "770069006E006C006F00670062006500610074002F0034000000", "param1": "winlogbeat"}}}
{"pseudonym": "387dddca7f9c9fa71c41295d7790d3bcd791cfe79b2dd4843551dfd0bf47acf2", "origin": "F0gjwyBrJihROptDw5JAqa/nEqi3Imbyg2RiKUswwD+xPPOOUH/b9vAuNQnorwe8d1EKoxlZUVlnhbsxcMqKOi/uhulOEnMdzIwNaP/96kzzzZzX1gymfYRYVlKpRwMh9KXVGGbVXFGcOPexYPvuDtTfCa6K0TPsLayvdbpia1LI983sEa5jvP5UgEBBGSwYQneveqj4R4wA2731+efyjwqZ12geJMWEEI04qdJ1gPsAtMZXn0sSaKZqVN/KRs+SqLRMtb4M4/QR+6hL0O76Zj+OnaZWJpNbd/umRlSz4x0n0YdWR6wfBrcpoFbgFzasMLoc/kecJzKUhtzSeto95nPzSg4F1GSznCyxZE8s"}
{"pseudonym": "cd1a3afeeac92cb813605e21e464de7db0ca53fa0190d3a1372a46f60ddd0712", "origin": "NE00kPnheB+Z0C/7iDKsNbM5AUWZdIHXMNJTFQFdr/x/XkW9PqfyWskg0wxXnlkV8uUBAoMZRjExD2l79UkLGvUeDSHpF884G9Shlqros+gTBZ/DQnUeKr7vFFw0Yia+pBEsT/9UcRRNrm1U6d7zZZ5gDA5ZGD57p1XIhQM+YeuGkbM7+SZr1OiLtyxLbaHf9g0EsFcw09f1sQRsjZ1KH4sCHby+mgekmK13nmGIZReE/4gpUssdEYOXaSJZe26A0K19Izhi2/UcQmMwN2rP1CGIHm1DsLeOg2hZnG+nI8oNzifTPxmC1MmzIfaZ+5tZhSr6ePT6ofYJRsALhiZGaalbtshC4EftfTErdAms5rc="}
{"@timestamp": "2019-08-02T09:46:20.531Z", "@metadata": {"beat": "winlogbeat", "type": "_doc", "version": "7.2.0", "topic": "wineventlog_raw"}, "winlog": {"event_id": 4672, "api": "wineventlog", "computer_name": "CLIENT1", "provider_name": "Microsoft-Windows-Security-Auditing", "record_id": 4652, "task": "Special Logon", "opcode": "Info", "channel": "Security", "event_data": {"SubjectDomainName": "NT AUTHORITY", "SubjectLogonId": "0x3e7", "PrivilegeList": "SeAssignPrimaryTokenPrivilege\n\t\t\tSeTcbPrivilege\n\t\t\tSeSecurityPrivilege\n\t\t\tSeTakeOwnershipPrivilege\n\t\t\tSeLoadDriverPrivilege\n\t\t\tSeBackupPrivilege\n\t\t\tSeRestorePrivilege\n\t\t\tSeDebugPrivilege\n\t\t\tSeAuditPrivilege\n\t\t\tSeSystemEnvironmentPrivilege\n\t\t\tSeImpersonatePrivilege", "SubjectUserSid": "<pseudonym:cd1a3afeeac92cb813605e21e464de7db0ca53fa0190d3a1372a46f60ddd0712>", "SubjectUserName": "<pseudonym:387dddca7f9c9fa71c41295d7790d3bcd791cfe79b2dd4843551dfd0bf47acf2>"}, "keywords": ["Audit Success"], "provider_guid": "{54849625-5478-4994-A5BA-3E3B0328C30D}", "process": {"pid": 448, "thread": {"id": 504}}}, "event": {"kind": "event", "code": 4672, "action": "Special Logon", "created": "2019-08-02T09:55:12.135Z"}, "ecs": {"version": "1.0.0"}, "host": {"id": "19fc45ac-5890-4f96-81b1-50ed111c0ce4", "hostname": "CLIENT1", "name": "CLIENT1", "architecture": "x86", "os": {"family": "windows", "name": "Windows 7 Professional", "kernel": "6.1.7601.18741 (win7sp1_gdr.150202-1526)", "build": "7601.0", "platform": "windows", "version": "6.1"}}, "agent": {"hostname": "CLIENT1", "id": "0b755aca-0a9a-454a-9800-1979901962a0", "version": "7.2.0", "type": "winlogbeat", "ephemeral_id": "de845cd9-5141-4c92-ad32-27a4518307e9"}, "log": {"level": "information"}, "message": "Special privileges assigned to new logon.\n\nSubject:\n\tSecurity ID:\t\tS-1-5-18\n\tAccount Name:\t\tSYSTEM\n\tAccount Domain:\t\tNT AUTHORITY\n\tLogon ID:\t\t0x3e7\n\nPrivileges:\t\tSeAssignPrimaryTokenPrivilege\n\t\t\tSeTcbPrivilege\n\t\t\tSeSecurityPrivilege\n\t\t\tSeTakeOwnershipPrivilege\n\t\t\tSeLoadDriverPrivilege\n\t\t\tSeBackupPrivilege\n\t\t\tSeRestorePrivilege\n\t\t\tSeDebugPrivilege\n\t\t\tSeAuditPrivilege\n\t\t\tSeSystemEnvironmentPrivilege\n\t\t\tSeImpersonatePrivilege"}
{"@timestamp": "2019-08-02T09:49:17.000Z", "@metadata": {"beat": "winlogbeat", "type": "_doc", "version": "7.2.0", "topic": "wineventlog_raw"}, "log": {"level": "information"}, "message": "The Software Protection service has started.\n6.1.7601.17514", "ecs": {"version": "1.0.0"}, "host": {"name": "CLIENT1", "hostname": "CLIENT1", "architecture": "x86", "os": {"version": "6.1", "family": "windows", "name": "Windows 7 Professional", "kernel": "6.1.7601.18741 (win7sp1_gdr.150202-1526)", "build": "7601.0", "platform": "windows"}, "id": "19fc45ac-5890-4f96-81b1-50ed111c0ce4"}, "agent": {"ephemeral_id": "de845cd9-5141-4c92-ad32-27a4518307e9", "hostname": "CLIENT1", "id": "0b755aca-0a9a-454a-9800-1979901962a0", "version": "7.2.0", "type": "winlogbeat"}, "winlog": {"computer_name": "CLIENT1", "keywords": ["Classic"], "event_data": {"param1": "6.1.7601.17514"}, "record_id": 2921, "task": "", "api": "wineventlog", "provider_guid": "{E23B33B0-C8C9-472C-A5F9-F2BDFEA0F156}", "event_id": 902, "channel": "Application", "provider_name": "Microsoft-Windows-Security-SPP"}, "event": {"kind": "event", "code": 902, "created": "2019-08-02T09:55:12.182Z"}}
{"pseudonym": "e887f3a09fdddf7c81a563b81f90ed9499d86badaa6173d1aa197a2b544d13b1", "origin": "fdebhHbJB1fuzXR8ti831AB4FRBFgmjtOLuIMZefyCY9xGZ2ssH4qUMHzXRMKaxxY/xCxuo0j41iBVeON14RQ6reSE5BCLmNDIOXfk1wI3AeQhCISBs3y7GlVqZL/gMwEgzMPIJkPGM+42f9AOex9uXv8xGmy8ljjf14Z6Tjfz+6zfi1vmeVDimMD7Yp12QKkMhDAd/s6cDVTl8sX+YKRqNgb3C76+f8xH8GVjUEZdGiIkZrkT02kv2tXse5AESES81eVwW1lzmUJlYr8xPvLq7oH7PgMlBKe9oJvsvqqvIEObNIn2VoIGRD7k+b81HPw5hXThz+PoBfVvI60rqW+OJLmp9j/olpUtjM4w2hn8k="}
{"pseudonym": "387dddca7f9c9fa71c41295d7790d3bcd791cfe79b2dd4843551dfd0bf47acf2", "origin": "GENEoBd4ePGfd3t2vYbVVfpdFs0jbDwJNeqJoklxMMLwHGDGKut/ZMBpBYZFO9yBBx+2mBOM82saujCm4zzPH/Jg0pM4v0HQkXioe0J7pw7BAQ8GMYZh72lBcYMiVSao9daxIFoy2zh4LtqM8//n6S1oOzhCgeTcS5kHhw08xe7O3S3Nt7DArTM108hgfhO487qk/7p3IOoZEd3C32G0PNw3iFaMPUyJSwFO1jNPpHF2MPnYQHNQuOeboY68GjUFkbyTmtIA8ZoqH95m4yO/PUZs4I4dq0MLCUzQJ726HkWP2FIOdl+uH9u9PbK8YPDACYIXKkr45WXs8noyWzz6lwUamsWxeS6uD/fny8qG"}
{"pseudonym": "cd1a3afeeac92cb813605e21e464de7db0ca53fa0190d3a1372a46f60ddd0712", "origin": "JSPu+5p96vqHtuz1QKJ+1pdv00+ZU2jZzXQlbQeyxJs+CKnH77/7Il5HlRXMDyzW87E+cL5ae9noQt1OnvebJ9Fdet9DmemnThjl2Fk6fMCRGeiGI/3N8sTYKUhXRm6JUNFyFxyOudn2xjl2ZFx+WMYLaCwd/NJzdZFUax3WbDbi8eioIq721+76/RuJ48upxEKAeSU+NCUtG/Nz0GMq17PeT46vmYe9Jdo276P/pvvhAHYS+I3qmWa5nNEbfLQfy+SkXb7DbD4BrVT+Zw8sTbhAltKhs0FmlhxsLOAXHnGjQ2Ays1aW2qQq+kRU0Rxkfq3GQzuKMy+9v1AVEsBxsLns19vodYQJZIqhYP5tZsM="}
{"pseudonym": "91d121bc503735a145e0e9869d792d26f6b22784210a0daf5b63840be2abf69a", "origin": "d6TZCRzBg7pkkr9lTRgOlLxIvGlHiyqQT9krumiamyE7eRu7HADp7UPdLFE9iBxhNE6jEMEluMJhc89wat5Zfr0zGuym92snWTczxqKt+EjFfJE97QOZnqroKxUjidk/e2KUmmtkTP7PtKTaZjbDlBVo8b2jZpM3anNNPq4cNdQIVkL6nRpVGhN14UqRYkIod2WtZWwqSHFfslNH05pJRyK4f4QzB0nC78ti1GfWhEqeWHKd/8zmiT7Kd1rEpjT+QaMPZnsJXmsco7PoJr4d86goepUsnHhy8zUDekESag0XCyVP/lH+pW2S7oIhhEBd1w7UAVcmAx4ef+DfEqbtBCKAhrHTvMNEzw=="}
{"@timestamp": "2019-08-02T09:54:54.937Z", "@metadata": {"beat": "winlogbeat", "type": "_doc", "version": "7.2.0", "topic": "wineventlog_raw"}, "log": {"level": "information"}, "message": "An account was successfully logged on.\n\nSubject:\n\tSecurity ID:\t\tS-1-5-18\n\tAccount Name:\t\tCLIENT1$\n\tAccount Domain:\t\tWORKGROUP\n\tLogon ID:\t\t0x3e7\n\nLogon Type:\t\t\t5\n\nNew Logon:\n\tSecurity ID:\t\tS-1-5-18\n\tAccount Name:\t\tSYSTEM\n\tAccount Domain:\t\tNT AUTHORITY\n\tLogon ID:\t\t0x3e7\n\tLogon GUID:\t\t{00000000-0000-0000-0000-000000000000}\n\nProcess Information:\n\tProcess ID:\t\t0x1b8\n\tProcess Name:\t\tC:\\Windows\\System32\\services.exe\n\nNetwork Information:\n\tWorkstation Name:\t\n\tSource Network Address:\t-\n\tSource Port:\t\t-\n\nDetailed Authentication Information:\n\tLogon Process:\t\tAdvapi  \n\tAuthentication Package:\tNegotiate\n\tTransited Services:\t-\n\tPackage Name (NTLM only):\t-\n\tKey Length:\t\t0\n\nThis event is generated when a logon session is created. It is generated on the computer that was accessed.\n\nThe subject fields indicate the account on the local system which requested the logon. This is most commonly a service such as the Server service, or a local process such as Winlogon.exe or Services.exe.\n\nThe logon type field indicates the kind of logon that occurred. The most common types are 2 (interactive) and 3 (network).\n\nThe New Logon fields indicate the account for whom the new logon was created, i.e. the account that was logged on.\n\nThe network fields indicate where a remote logon request originated. Workstation name is not always available and may be left blank in some cases.\n\nThe authentication information fields provide detailed information about this specific logon request.\n\t- Logon GUID is a unique identifier that can be used to correlate this event with a KDC event.\n\t- Transited services indicate which intermediate services have participated in this logon request.\n\t- Package name indicates which sub-protocol was used among the NTLM protocols.\n\t- Key length indicates the length of the generated session key. This will be 0 if no session key was requested.", "host": {"name": "CLIENT1", "os": {"name": "Windows 7 Professional", "kernel": "6.1.7601.18741 (win7sp1_gdr.150202-1526)", "build": "7601.0", "platform": "windows", "version": "6.1", "family": "windows"}, "id": "19fc45ac-5890-4f96-81b1-50ed111c0ce4", "hostname": "CLIENT1", "architecture": "x86"}, "agent": {"id": "0b755aca-0a9a-454a-9800-1979901962a0", "version": "7.2.0", "type": "winlogbeat", "ephemeral_id": "de845cd9-5141-4c92-ad32-27a4518307e9", "hostname": "CLIENT1"}, "winlog": {"api": "wineventlog", "process": {"pid": 448, "thread": {"id": 512}}, "event_data": {"SubjectUserName": "<pseudonym:e887f3a09fdddf7c81a563b81f90ed9499d86badaa6173d1aa197a2b544d13b1>", "AuthenticationPackageName": "Negotiate", "IpPort": "-", "KeyLength": "0", "SubjectLogonId": "0x3e7", "TransmittedServices": "-", "LogonProcessName": "Advapi  ", "TargetLogonId": "0x3e7", "SubjectDomainName": "WORKGROUP", "SubjectUserSid": "<pseudonym:cd1a3afeeac92cb813605e21e464de7db0ca53fa0190d3a1372a46f60ddd0712>", "LogonType": "5", "IpAddress": "<pseudonym:91d121bc503735a145e0e9869d792d26f6b22784210a0daf5b63840be2abf69a>", "LogonGuid": "{00000000-0000-0000-0000-000000000000}", "LmPackageName": "-"}, "computer_name": "CLIENT1", "keywords": ["Audit Success"], "event_id": 4624, "provider_name": "Microsoft-Windows-Security-Auditing", "record_id": 4674, "channel": "Security", "opcode": "Info", "provider_guid": "{54849625-5478-4994-A5BA-3E3B0328C30D}", "task": "Logon"}, "user": {"id": "S-1-5-18", "name": "<pseudonym:387dddca7f9c9fa71c41295d7790d3bcd791cfe79b2dd4843551dfd0bf47acf2>", "domain": "NT AUTHORITY"}, "process": {"pid": 440, "executable": "C:\\Windows\\System32\\services.exe", "name": "services.exe"}, "ecs": {"version": "1.0.0"}, "event": {"kind": "event", "code": 4624, "action": "Logon", "category": "authentication", "type": "authentication_success", "created": "2019-08-02T09:55:12.184Z"}}
{"@timestamp": "2019-08-02T09:55:11.475Z", "@metadata": {"beat": "winlogbeat", "type": "_doc", "version": "7.2.0", "topic": "wineventlog_raw"}, "message": "The Diagnostic System Host service entered the running state.", "winlog": {"keywords": ["Classic"], "provider_guid": "{555908d1-a6d7-4695-8e1e-26931d2012f4}", "provider_name": "Service Control Manager", "record_id": 11751, "task": "", "channel": "System", "event_data": {"param2": "running", "Binary": "570064006900530079007300740065006D0048006F00730074002F0034000000", "param1": "Diagnostic System Host"}, "event_id": 7036, "api": "wineventlog", "computer_name": "CLIENT1", "process": {"pid": 440, "thread": {"id": 1856}}}, "event": {"kind": "event", "code": 7036, "created": "2019-08-02T09:55:14.114Z"}, "log": {"level": "information"}, "agent": {"version": "7.2.0", "type": "winlogbeat", "ephemeral_id": "de845cd9-5141-4c92-ad32-27a4518307e9", "hostname": "CLIENT1", "id": "0b755aca-0a9a-454a-9800-1979901962a0"}, "ecs": {"version": "1.0.0"}, "host": {"name": "CLIENT1", "hostname": "CLIENT1", "architecture": "x86", "os": {"build": "7601.0", "platform": "windows", "version": "6.1", "family": "windows", "name": "Windows 7 Professional", "kernel": "6.1.7601.18741 (win7sp1_gdr.150202-1526)"}, "id": "19fc45ac-5890-4f96-81b1-50ed111c0ce4"}}
{"pseudonym": "e887f3a09fdddf7c81a563b81f90ed9499d86badaa6173d1aa197a2b544d13b1", "origin": "KgissxGWlWWO1Cv8VWI6rNBMSK9zC7v7uStfYJanSUNPY5Nw/jwKt78lwTo2btCHLm5Xv1/cgRAOMc1PsdDmnIPwxme8A3Uqnz7Bz+Rny3hWe/5uJgSDS4T6IVb87v09gEBT5bLGrVpal3ixaYQONUVeUjZuROeFIJz+sMwZvrXoSACGjZsJ19eC/CfL5DI4wi+JqkPAhKhbOtWOBGFxfGvWLKSsAboLDKwegim/QM4Gp7iaR0zCZMQQjG4PQvxQlTqKyPPNpNsY1IaSX+by2DLzgNrwX8VbPONGBREEYPfZrhAcIhbgaNcIIzwQMlmoayCRLDdSPHkJqCOEmhBdVyelD3lZjc1WMbxvCuY05KI="}
{"pseudonym": "cd1a3afeeac92cb813605e21e464de7db0ca53fa0190d3a1372a46f60ddd0712", "origin": "cHYD+71IpHgm8ePQ2kXMcTNau2ppwuXJtiKbu793EKMqN/611PSN1i69V54ZehTQz3tlxFKFImzXsc9ziEj3qhX6H2lORwH2ctmPyhfXbXal0m+/v3bO9ofHJqe4U2C1OcCN8hQsO10gk7HLM4cSk6EulCXpRDzKl4v+Suohyve5SYA8Bt7UDFMJqHf4rQ/rPBUaDwnUSIFZz/C4M4VdWlA0HPQKVTrFsk1yDxDyxGQXzto0x60olodIwLEE0yRaNY4+z6irBnvWJehlAxaE/ly94SoAmIhrZlbLddlhLIZsxnaxGvjrglwbvf+ij1nKurH4Ki3lkQYNaYBCv4m5100YzKN5/MMKUFOWB7IGlmQ="}
{"@timestamp": "2019-08-02T10:55:03.507Z", "@metadata": {"beat": "winlogbeat", "type": "_doc", "version": "7.2.0", "topic": "wineventlog_raw"}, "winlog": {"event_id": 4616, "api": "wineventlog", "keywords": ["Audit Success"], "record_id": 4718, "task": "Security State Change", "computer_name": "CLIENT1", "opcode": "Info", "channel": "Security", "provider_guid": "{54849625-5478-4994-A5BA-3E3B0328C30D}", "version": 1, "provider_name": "Microsoft-Windows-Security-Auditing", "process": {"pid": 4, "thread": {"id": 60}}, "event_data": {"PreviousTime": "2019-08-02T10:55:04.526744700Z", "NewTime": "2019-08-02T10:55:03.507000000Z", "ProcessId": "0x5b4", "ProcessName": "C:\\Program Files\\NetTime\\NetTimeService.exe", "SubjectUserSid": "<pseudonym:cd1a3afeeac92cb813605e21e464de7db0ca53fa0190d3a1372a46f60ddd0712>", "SubjectUserName": "<pseudonym:e887f3a09fdddf7c81a563b81f90ed9499d86badaa6173d1aa197a2b544d13b1>", "SubjectDomainName": "WORKGROUP", "SubjectLogonId": "0x3e7"}}, "event": {"created": "2019-08-02T10:55:07.688Z", "kind": "event", "code": 4616, "action": "Security State Change"}, "log": {"level": "information"}, "message": "The system time was changed.\n\nSubject:\n\tSecurity ID:\t\tS-1-5-18\n\tAccount Name:\t\tCLIENT1$\n\tAccount Domain:\t\tWORKGROUP\n\tLogon ID:\t\t0x3e7\n\nProcess Information:\n\tProcess ID:\t0x5b4\n\tName:\t\tC:\\Program Files\\NetTime\\NetTimeService.exe\n\nPrevious Time:\t\t\u200e2019\u200e-\u200e08\u200e-\u200e02T10:55:04.526744700Z\nNew Time:\t\t\u200e2019\u200e-\u200e08\u200e-\u200e02T10:55:03.507000000Z\n\nThis event is generated when the system time is changed. It is normal for the Windows Time Service, which runs with System privilege, to change the system time on a regular basis. Other system time changes may be indicative of attempts to tamper with the computer.", "ecs": {"version": "1.0.0"}, "host": {"name": "CLIENT1", "hostname": "CLIENT1", "architecture": "x86", "os": {"version": "6.1", "family": "windows", "name": "Windows 7 Professional", "kernel": "6.1.7601.18741 (win7sp1_gdr.150202-1526)", "build": "7601.0", "platform": "windows"}, "id": "19fc45ac-5890-4f96-81b1-50ed111c0ce4"}, "agent": {"hostname": "CLIENT1", "id": "0b755aca-0a9a-454a-9800-1979901962a0", "version": "7.2.0", "type": "winlogbeat", "ephemeral_id": "de845cd9-5141-4c92-ad32-27a4518307e9"}}
