{"pseudonym": "cd1a3afeeac92cb813605e21e464de7db0ca53fa0190d3a1372a46f60ddd0712", "origin": "XPgH7E+zbZANsX4Ol0Z9vUm4uVyqjwxjIcZIEP19DmvnoBZgx40zlqJE1UMeTCQabch85Bd0fv4/Hoj/Y2+UmxZh8X416tpcJEUo15qWUzdCV4S9HgtfGUbxtdi63pGnLhXRWszIZRRPxWPVLS/n8OEIun6NLUAXd612eYjgU8CU3b5VVgbqrayb8bNdaQuMd+UsdGdAx7TxXyoyGsGhiFGuip/ZhcrFwNYd9oGK/q/VNDT7zkhx5egtvkzswEbnj390FaxRj4RbpJnKx/kHhzXkmn1z7PpQzQN65bQGQAXJpfq+eXMuLzk1P775moGzsjWXKORRN6IV6w4R6oHPastt6DY8u5nJW5z6D3iwKPo="}
{"@timestamp": "2019-08-02T12:30:00.676Z", "@metadata": {"beat": "winlogbeat", "type": "_doc", "version": "7.2.0", "topic": "wineventlog_raw"}, "winlog": {"provider_name": "Microsoft-Windows-Kernel-General", "record_id": 11824, "channel": "System", "computer_name": "CLIENT1", "keywords": ["Time"], "event_data": {"OldTime": "2019-08-02T12:30:00.930594200Z", "NewTime": "2019-08-02T12:30:00.676000000Z"}, "process": {"pid": 1460, "thread": {"id": 1504}}, "user": {"identifier": "<pseudonym:cd1a3afeeac92cb813605e21e464de7db0ca53fa0190d3a1372a46f60ddd0712>", "name": "SYSTEM", "domain": "NT AUTHORITY", "type": "User"}, "event_id": 1, "task": "", "api": "wineventlog", "opcode": "Info", "provider_guid": "{A68CA8B7-004F-D7B6-A698-07E2DE0F1F5D}"}, "event": {"kind": "event", "code": 1, "created": "2019-08-02T12:30:01.692Z"}, "log": {"level": "information"}, "message": "The system time has changed to \u200e2019\u200e-\u200e08\u200e-\u200e02T12:30:00.676000000Z from \u200e2019\u200e-\u200e08\u200e-\u200e02T12:30:00.930594200Z.", "ecs": {"version": "1.0.0"}, "host": {"name": "CLIENT1", "os": {"name": "Windows 7 Professional", "kernel": "6.1.7601.18741 (win7sp1_gdr.150202-1526)", "build": "7601.0", "platform": "windows", "version": "6.1", "family": "windows"}, "id": "19fc45ac-5890-4f96-81b1-50ed111c0ce4", "hostname": "CLIENT1", "architecture": "x86"}, "agent": {"hostname": "CLIENT1", "id": "0b755aca-0a9a-454a-9800-1979901962a0", "version": "7.2.0", "type": "winlogbeat", "ephemeral_id": "de845cd9-5141-4c92-ad32-27a4518307e9"}}
{"pseudonym": "e887f3a09fdddf7c81a563b81f90ed9499d86badaa6173d1aa197a2b544d13b1", "origin": "rnbEoxZdGZKhvpDC8PIfyRss/ZA9vM1c6v5OBkZTr+vNhKCI6hS7qCJYtQs+tgcc/mKdK6cxwY5x1m3GhL3iBjT9w6T4E2jkx4l41QtfSzM/rGIU0lYicWlgmscGs/1pLIv23ZFx7qbXOr4jZAa/OmgeyA/VFIRkDY1hSyVuI2Yxo3JhYzdTXAaFt2T2678JQ58PCDI5p+q+YU9tn3a/sleAToFrD0nva26rF4H5KmkrS17qCDr2MKo0nOL1jkPC1i3e5Z1I0SZPyqyFCQFaJ3q/7Y5HwsRNfLCSyG+DBRqO2SXa7c6KquDtbz0MtB7E5uk1btYw7qYtgpo2l33MMeM1GlC/+vH0gj1V7h+90Fg="}
{"pseudonym": "cd1a3afeeac92cb813605e21e464de7db0ca53fa0190d3a1372a46f60ddd0712", "origin": "ZCaF1TtV7scwfYinjzbDbfxpPV41tx7nqtfiNkCmchs2KMUkNV6j7qMA5S84AyURPzcyfjWgFC0F6iLWJFx2s7cAL96EelcM5A3ut6EoFBPrpxoFKmQ90oSfiUfrZ1sw9erWGuherwL/qIe+K/q/O2hVV8LwnNThXASZj0xqcExLyy7p6q01eXn9wyoHYypE3djUmPw4XNT6D0Tq3WE2367T+1K+PYQIT7/HMWjWXOtQ22WGteIMpCZCCLcpL5Oifay905WF8mcpPBlFAmk4rHo+X5rdB0C1WFuhVvUXlea2H5R2QdRLbP+XfhJgbbDD4bZ3VVmqhUP/rbEbs8IaaHSXKcQrblEDnU5mVwbUzrs="}
{"@timestamp": "2019-07-30T14:32:42.956Z", "@metadata": {"beat": "winlogbeat", "type": "_doc", "version": "7.2.0", "topic": "wineventlog_raw"}, "message": "The system time was changed.\n\nSubject:\n\tSecurity ID:\t\tS-1-5-18\n\tAccount Name:\t\tCLIENT1$\n\tAccount Domain:\t\tWORKGROUP\n\tLogon ID:\t\t0x3e7\n\nProcess Information:\n\tProcess ID:\t0x5b4\n\tName:\t\tC:\\Program Files\\NetTime\\NetTimeService.exe\n\nPrevious Time:\t\t\u200e2019\u200e-\u200e07\u200e-\u200e30T14:32:43.696626600Z\nNew Time:\t\t\u200e2019\u200e-\u200e07\u200e-\u200e30T14:32:42.956000000Z\n\nThis event is generated when the system time is changed. It is normal for the Windows Time Service, which runs with System privilege, to change the system time on a regular basis. Other system time changes may be indicative of attempts to tamper with the computer.", "host": {"name": "CLIENT1", "architecture": "x86", "os": {"family": "windows", "name": "Windows 7 Professional", "kernel": "6.1.7601.18741 (win7sp1_gdr.150202-1526)", "build": "7601.0", "platform": "windows", "version": "6.1"}, "id": "19fc45ac-5890-4f96-81b1-50ed111c0ce4", "hostname": "CLIENT1"}, "agent": {"hostname": "CLIENT1", "id": "0b755aca-0a9a-454a-9800-1979901962a0", "version": "7.2.0", "type": "winlogbeat", "ephemeral_id": "33f6eec2-a7ba-4caa-97b3-ea43b4f5e172"}, "ecs": {"version": "1.0.0"}, "winlog": {"record_id": 4635, "task": "Security State Change", "process": {"pid": 4, "thread": {"id": 60}}, "api": "wineventlog", "opcode": "Info", "provider_guid": "{54849625-5478-4994-A5BA-3E3B0328C30D}", "provider_name": "Microsoft-Windows-Security-Auditing", "computer_name": "CLIENT1", "keywords": ["Audit Success"], "event_data": {"ProcessName": "C:\\Program Files\\NetTime\\NetTimeService.exe", "SubjectUserSid": "<pseudonym:cd1a3afeeac92cb813605e21e464de7db0ca53fa0190d3a1372a46f60ddd0712>", "SubjectUserName": "<pseudonym:e887f3a09fdddf7c81a563b81f90ed9499d86badaa6173d1aa197a2b544d13b1>", "SubjectDomainName": "WORKGROUP", "SubjectLogonId": "0x3e7", "PreviousTime": "2019-07-30T14:32:43.696626600Z", "NewTime": "2019-07-30T14:32:42.956000000Z", "ProcessId": "0x5b4"}, "channel": "Security", "version": 1, "event_id": 4616}, "event": {"kind": "event", "code": 4616, "action": "Security State Change", "created": "2019-08-05T08:54:03.452Z"}, "log": {"level": "information"}}
{"pseudonym": "e887f3a09fdddf7c81a563b81f90ed9499d86badaa6173d1aa197a2b544d13b1", "origin": "ipErsGzOdiOxjORHB82SXAtZBCRSNVjmZ8eO+q0r+z9YqAqnUjvWkdsOhLn7JI5kHkHYmN64+5WVRKA+3z8/tN+xR4NnH4oM2xVJ6CBBHg2IW1Z3ugAhp90XpkqHHOMTqztu0hzCm0riQiWR3W8URLkDKJzhnN4kZ5Rq3qHo7HTpXtKnwhWxcKRQMQQ0e8xjNcomahgHGmhf4yr3/6VYOlowBoTUnQ0Ir9+bQ06ureztk7q/uWYqAVetqKFqODm+IbU1Ul2N6UQ/jDGzuRXOnC3tgw+b/LdnmoGOVrWjbkiKRy+ZWnXUGLFCErRJoVgWBrmTVMycOLwa1gHhMxk6AhdtEvlNNZRbdVDMdiiFGEA="}
{"pseudonym": "387dddca7f9c9fa71c41295d7790d3bcd791cfe79b2dd4843551dfd0bf47acf2", "origin": "BO+WtJZW0wevH+eherio1oiMa5hXO1kRwIf5IzBO/aViiwuPO50cQjTbx1KXsgiS2ME3v6gOGiD63eGfFgwd0tjlir4x0RqOhiTanPzhb4fXG/PQoOpDqDwRByY8hJE+q3tueveO02rxASC8g1jNayaPPqWomsfd3odDUUrF36PDOf/P+fSu5bbtU+KJ9YAoSKzlXWcVD3JqetkGEPU6zQ8RLRQiZxJu6vLcHafT8UGJU2o2eKZzevMboe4+iB1XDozHkUq9hPTMuYyMY7TtgXpWmmm46m97APVnoNzH+Tog859LeEeJh7AnaUSfhlgRe+4GrwMJ8fjEajcQz/7C0mAo7WeRXmmg526AcpX/"}
{"pseudonym": "cd1a3afeeac92cb813605e21e464de7db0ca53fa0190d3a1372a46f60ddd0712", "origin": "IUYmn8UwSHt+zwIRhYVtrY2kYUiYQMTsIqJ5zh3orCUbLGAhOILDk9pJQgg1sMcjaJXtgbU3RPmu1TniCBcQ3Pbs4vjR1BabAnOG+d6UgoXzS3cvEKNCyBRyXiNVUfc4NqLSa5fMCs+95Z/hLF8Vve/lAKoZ+Pu/TQn7drfQ2vzfvsr23g5kZDxdudut/xorm0mOFZyYlRcap++v5iH0qeofuAxYDg6lfRdQHJvzjqVQqUWgg57Z3TYuyc1JfV8EhwzPKxMvAL7caN8VtCNvAYD0esE+qJMVzz2xg7wbRMEB45vn2taII41AHZrEM1y17F40wEhSKrQEoUADPf8WaB+WydPEL1XIrGyyC1N9yro="}
{"pseudonym": "91d121bc503735a145e0e9869d792d26f6b22784210a0daf5b63840be2abf69a", "origin": "b3O75Kyu0P9QksasrmtIXy+nKXgXYFed//rBKIkDllpl1iO93Zobzr7z3gXZvjTZgiM8EeoUJrUd57lyQmFwFib5ArXhg3ANP95D3l63dcTouS6V8MEQ+mboOUmBRHt4v3riAyQ4FNoKmqIduOukESvkN2dbcZcasIh0/s6ioBu1/PNlfxQFUjUorqPPrWLXkyxxNr1V77y3qRhPROViVceSXu6JE5YiKDLRNPfV/R1UaZLsNrKA6/RVZ8OFnWLTgt/U3wvGSWQ4fCgKe26UVaLBJN/pONfZ5BJLyg5haY0xmweSVV0McieGAS2/qaJv9X2fXOt6iIE2QkhXHkRBzq2mS6mKJm9FWQ=="}
{"@timestamp": "2019-08-02T09:46:20.531Z", "@metadata": {"beat": "winlogbeat", "type": "_doc", "version": "7.2.0", "topic": "wineventlog_raw"}, "process": {"pid": 440, "executable": "C:\\Windows\\System32\\services.exe", "name": "services.exe"}, "ecs": {"version": "1.0.0"}, "agent": {"id": "0b755aca-0a9a-454a-9800-1979901962a0", "version": "7.2.0", "type": "winlogbeat", "ephemeral_id": "33f6eec2-a7ba-4caa-97b3-ea43b4f5e172", "hostname": "CLIENT1"}, "event": {"created": "2019-08-05T08:54:03.703Z", "kind": "event", "code": 4624, "action": "Logon", "category": "authentication", "type": "authentication_success"}, "message": "An account was successfully logged on.\n\nSubject:\n\tSecurity ID:\t\tS-1-5-18\n\tAccount Name:\t\tCLIENT1$\n\tAccount Domain:\t\tWORKGROUP\n\tLogon ID:\t\t0x3e7\n\nLogon Type:\t\t\t5\n\nNew Logon:\n\tSecurity ID:\t\tS-1-5-18\n\tAccount Name:\t\tSYSTEM\n\tAccount Domain:\t\tNT AUTHORITY\n\tLogon ID:\t\t0x3e7\n\tLogon GUID:\t\t{00000000-0000-0000-0000-000000000000}\n\nProcess Information:\n\tProcess ID:\t\t0x1b8\n\tProcess Name:\t\tC:\\Windows\\System32\\services.exe\n\nNetwork Information:\n\tWorkstation Name:\t\n\tSource Network Address:\t-\n\tSource Port:\t\t-\n\nDetailed Authentication Information:\n\tLogon Process:\t\tAdvapi  \n\tAuthentication Package:\tNegotiate\n\tTransited Services:\t-\n\tPackage Name (NTLM only):\t-\n\tKey Length:\t\t0\n\nThis event is generated when a logon session is created. It is generated on the computer that was accessed.\n\nThe subject fields indicate the account on the local system which requested the logon. This is most commonly a service such as the Server service, or a local process such as Winlogon.exe or Services.exe.\n\nThe logon type field indicates the kind of logon that occurred. The most common types are 2 (interactive) and 3 (network).\n\nThe New Logon fields indicate the account for whom the new logon was created, i.e. the account that was logged on.\n\nThe network fields indicate where a remote logon request originated. Workstation name is not always available and may be left blank in some cases.\n\nThe authentication information fields provide detailed information about this specific logon request.\n\t- Logon GUID is a unique identifier that can be used to correlate this event with a KDC event.\n\t- Transited services indicate which intermediate services have participated in this logon request.\n\t- Package name indicates which sub-protocol was used among the NTLM protocols.\n\t- Key length indicates the length of the generated session key. This will be 0 if no session key was requested.", "user": {"id": "S-1-5-18", "name": "<pseudonym:387dddca7f9c9fa71c41295d7790d3bcd791cfe79b2dd4843551dfd0bf47acf2>", "domain": "NT AUTHORITY"}, "winlog": {"event_id": 4624, "provider_name": "Microsoft-Windows-Security-Auditing", "computer_name": "CLIENT1", "process": {"pid": 448, "thread": {"id": 504}}, "record_id": 4649, "keywords": ["Audit Success"], "provider_guid": "{54849625-5478-4994-A5BA-3E3B0328C30D}", "event_data": {"AuthenticationPackageName": "Negotiate", "LogonProcessName": "Advapi  ", "IpAddress": "<pseudonym:91d121bc503735a145e0e9869d792d26f6b22784210a0daf5b63840be2abf69a>", "IpPort": "-", "SubjectUserSid": "<pseudonym:cd1a3afeeac92cb813605e21e464de7db0ca53fa0190d3a1372a46f60ddd0712>", "KeyLength": "0", "SubjectLogonId": "0x3e7", "LmPackageName": "-", "LogonType": "5", "TargetLogonId": "0x3e7", "SubjectUserName": "<pseudonym:e887f3a09fdddf7c81a563b81f90ed9499d86badaa6173d1aa197a2b544d13b1>", "SubjectDomainName": "WORKGROUP", "TransmittedServices": "-", "LogonGuid": "{00000000-0000-0000-0000-000000000000}"}, "task": "Logon", "api": "wineventlog", "opcode": "Info", "channel": "Security"}, "log": {"level": "information"}, "host": {"id": "19fc45ac-5890-4f96-81b1-50ed111c0ce4", "hostname": "CLIENT1", "architecture": "x86", "os": {"name": "Windows 7 Professional", "kernel": "6.1.7601.18741 (win7sp1_gdr.150202-1526)", "build": "7601.0", "platform": "windows", "version": "6.1", "family": "windows"}, "name": "CLIENT1"}}
{"pseudonym": "cd1a3afeeac92cb813605e21e464de7db0ca53fa0190d3a1372a46f60ddd0712", "origin": "i7qMp6PmKSTpQ6H/UE1dGTcCLIToX3HY2puDDIETXHOZHM+QDAOGuNZE9hK61s7lOC0MdIze3wbvjUhYiOzTR/PekcGuo69umQlhOF4SsmDF1gI7tf88D+B6oAVGPj6G2nGuoiPilbS8WYGUjChS1cnhVuSIbyC5zXynmL8wA+ZytUkD9AtxH0DoKlJ2llRtcz6XhG0u39MbKMs8xk5Tiguqw4ba/jxkI1GWoj4he435lIXnJZjnBhUU/xgLaZi7CxutNgBLbUMJwi4rss0gzq0TQ6bgcCgEPIWQXVGr/wQz/H/2m+WVvNtClQ3UkTgs2j0a9V7VPGi1rLbdL7sfweA4GWFesinKnn7QxVNILY4="}
{"@timestamp": "2019-07-30T14:27:43.143Z", "@metadata": {"beat": "winlogbeat", "type": "_doc", "version": "7.2.0", "topic": "wineventlog_raw"}, "agent": {"type": "winlogbeat", "ephemeral_id": "33f6eec2-a7ba-4caa-97b3-ea43b4f5e172", "hostname": "CLIENT1", "id": "0b755aca-0a9a-454a-9800-1979901962a0", "version": "7.2.0"}, "ecs": {"version": "1.0.0"}, "host": {"architecture": "x86", "os": {"platform": "windows", "version": "6.1", "family": "windows", "name": "Windows 7 Professional", "kernel": "6.1.7601.18741 (win7sp1_gdr.150202-1526)", "build": "7601.0"}, "name": "CLIENT1", "id": "19fc45ac-5890-4f96-81b1-50ed111c0ce4", "hostname": "CLIENT1"}, "winlog": {"event_data": {"NewTime": "2019-07-30T14:27:43.143000000Z", "OldTime": "2019-07-30T14:27:43.947698800Z"}, "channel": "System", "provider_name": "Microsoft-Windows-Kernel-General", "provider_guid": "{A68CA8B7-004F-D7B6-A698-07E2DE0F1F5D}", "process": {"thread": {"id": 1504}, "pid": 1460}, "record_id": 11540, "user": {"type": "User", "identifier": "<pseudonym:cd1a3afeeac92cb813605e21e464de7db0ca53fa0190d3a1372a46f60ddd0712>", "name": "SYSTEM", "domain": "NT AUTHORITY"}, "task": "", "api": "wineventlog", "computer_name": "CLIENT1", "opcode": "Info", "keywords": ["Time"], "event_id": 1}, "event": {"code": 1, "created": "2019-08-05T08:54:04.776Z", "kind": "event"}, "log": {"level": "information"}, "message": "The system time has changed to \u200e2019\u200e-\u200e07\u200e-\u200e30T14:27:43.143000000Z from \u200e2019\u200e-\u200e07\u200e-\u200e30T14:27:43.947698800Z."}
{"@timestamp": "2019-07-30T14:38:13.791Z", "@metadata": {"beat": "winlogbeat", "type": "_doc", "version": "7.2.0", "topic": "wineventlog_raw"}, "winlog": {"provider_name": "Service Control Manager", "task": "", "keywords": ["Classic"], "channel": "System", "event_id": 7036, "event_data": {"param1": "NetTime", "param2": "stopped", "Binary": "4E0065007400540069006D0065005300760063002F0031000000"}, "process": {"pid": 436, "thread": {"id": 2808}}, "record_id": 11561, "api": "wineventlog", "computer_name": "CLIENT1", "provider_guid": "{555908d1-a6d7-4695-8e1e-26931d2012f4}"}, "event": {"kind": "event", "code": 7036, "created": "2019-08-05T08:54:04.777Z"}, "log": {"level": "information"}, "message": "The NetTime service entered the stopped state.", "host": {"architecture": "x86", "name": "CLIENT1", "os": {"kernel": "6.1.7601.18741 (win7sp1_gdr.150202-1526)", "build": "7601.0", "platform": "windows", "version": "6.1", "family": "windows", "name": "Windows 7 Professional"}, "id": "19fc45ac-5890-4f96-81b1-50ed111c0ce4", "hostname": "CLIENT1"}, "agent": {"type": "winlogbeat", "ephemeral_id": "33f6eec2-a7ba-4caa-97b3-ea43b4f5e172", "hostname": "CLIENT1", "id": "0b755aca-0a9a-454a-9800-1979901962a0", "version": "7.2.0"}, "ecs": {"version": "1.0.0"}}
{"@timestamp": "2019-08-02T09:46:19.421Z", "@metadata": {"beat": "winlogbeat", "type": "_doc", "version": "7.2.0", "topic": "wineventlog_raw"}, "host": {"id": "19fc45ac-5890-4f96-81b1-50ed111c0ce4", "hostname": "CLIENT1", "name": "CLIENT1", "architecture": "x86", "os": {"version": "6.1", "family": "windows", "name": "Windows 7 Professional", "kernel": "6.1.7601.18741 (win7sp1_gdr.150202-1526)", "build": "7601.0", "platform": "windows"}}, "agent": {"type": "winlogbeat", "ephemeral_id": "33f6eec2-a7ba-4caa-97b3-ea43b4f5e172", "hostname": "CLIENT1", "id": "0b755aca-0a9a-454a-9800-1979901962a0", "version": "7.2.0"}, "log": {"level": "information"}, "message": "The Remote Procedure Call (RPC) service entered the running state.", "winlog": {"process": {"pid": 440, "thread": {"id": 528}}, "event_data": {"param1": "Remote Procedure Call (RPC)", "param2": "running", "Binary": "520070006300530073002F0034000000"}, "task": "", "api": "wineventlog", "keywords": ["Classic"], "provider_name": "Service Control Manager", "record_id": 11595, "event_id": 7036, "provider_guid": "{555908d1-a6d7-4695-8e1e-26931d2012f4}", "computer_name": "CLIENT1", "channel": "System"}, "event": {"kind": "event", "code": 7036, "created": "2019-08-05T08:54:04.777Z"}, "ecs": {"version": "1.0.0"}}
{"@timestamp": "2019-08-02T09:46:31.312Z", "@metadata": {"beat": "winlogbeat", "type": "_doc", "version": "7.2.0", "topic": "wineventlog_raw"}, "agent": {"version": "7.2.0", "type": "winlogbeat", "ephemeral_id": "33f6eec2-a7ba-4caa-97b3-ea43b4f5e172", "hostname": "CLIENT1", "id": "0b755aca-0a9a-454a-9800-1979901962a0"}, "winlog": {"channel": "System", "api": "wineventlog", "process": {"pid": 440, "thread": {"id": 528}}, "event_data": {"Binary": "5300630068006500640075006C0065002F0034000000", "param1": "Task Scheduler", "param2": "running"}, "record_id": 11615, "computer_name": "CLIENT1", "keywords": ["Classic"], "provider_guid": "{555908d1-a6d7-4695-8e1e-26931d2012f4}", "event_id": 7036, "task": "", "provider_name": "Service Control Manager"}, "event": {"created": "2019-08-05T08:54:04.777Z", "kind": "event", "code": 7036}, "log": {"level": "information"}, "message": "The Task Scheduler service entered the running state.", "ecs": {"version": "1.0.0"}, "host": {"name": "CLIENT1", "id": "19fc45ac-5890-4f96-81b1-50ed111c0ce4", "hostname": "CLIENT1", "architecture": "x86", "os": {"kernel": "6.1.7601.18741 (win7sp1_gdr.150202-1526)", "build": "7601.0", "platform": "windows", "version": "6.1", "family": "windows", "name": "Windows 7 Professional"}}}
{"@timestamp": "2019-08-02T09:46:54.551Z", "@metadata": {"beat": "winlogbeat", "type": "_doc", "version": "7.2.0", "topic": "wineventlog_raw"}, "winlog": {"api": "wineventlog", "provider_guid": "{555908d1-a6d7-4695-8e1e-26931d2012f4}", "computer_name": "CLIENT1", "event_data": {"param2": "running", "Binary": "50006F006C006900630079004100670065006E0074002F0034000000", "param1": "IPsec Policy Agent"}, "keywords": ["Classic"], "process": {"pid": 440, "thread": {"id": 1792}}, "channel": "System", "event_id": 7036, "provider_name": "Service Control Manager", "record_id": 11637, "task": ""}, "event": {"kind": "event", "code": 7036, "created": "2019-08-05T08:54:04.777Z"}, "log": {"level": "information"}, "message": "The IPsec Policy Agent service entered the running state.", "host": {"os": {"platform": "windows", "version": "6.1", "family": "windows", "name": "Windows 7 Professional", "kernel": "6.1.7601.18741 (win7sp1_gdr.150202-1526)", "build": "7601.0"}, "name": "CLIENT1", "id": "19fc45ac-5890-4f96-81b1-50ed111c0ce4", "hostname": "CLIENT1", "architecture": "x86"}, "agent": {"ephemeral_id": "33f6eec2-a7ba-4caa-97b3-ea43b4f5e172", "hostname": "CLIENT1", "id": "0b755aca-0a9a-454a-9800-1979901962a0", "version": "7.2.0", "type": "winlogbeat"}, "ecs": {"version": "1.0.0"}}
{"@timestamp": "2019-08-02T09:47:42.776Z", "@metadata": {"beat": "winlogbeat", "type": "_doc", "version": "7.2.0", "topic": "wineventlog_raw"}, "host": {"architecture": "x86", "os": {"build": "7601.0", "platform": "windows", "version": "6.1", "family": "windows", "name": "Windows 7 Professional", "kernel": "6.1.7601.18741 (win7sp1_gdr.150202-1526)"}, "name": "CLIENT1", "id": "19fc45ac-5890-4f96-81b1-50ed111c0ce4", "hostname": "CLIENT1"}, "log": {"level": "information"}, "message": "The Windows Media Player Network Sharing Service service entered the running state.", "winlog": {"computer_name": "CLIENT1", "process": {"pid": 440, "thread": {"id": 1752}}, "event_data": {"param1": "Windows Media Player Network Sharing Service", "param2": "running", "Binary": "57004D0050004E006500740077006F0072006B005300760063002F0034000000"}, "keywords": ["Classic"], "provider_guid": "{555908d1-a6d7-4695-8e1e-26931d2012f4}", "provider_name": "Service Control Manager", "record_id": 11644, "channel": "System", "task": "", "api": "wineventlog", "event_id": 7036}, "event": {"kind": "event", "code": 7036, "created": "2019-08-05T08:54:04.822Z"}, "agent": {"ephemeral_id": "33f6eec2-a7ba-4caa-97b3-ea43b4f5e172", "hostname": "CLIENT1", "id": "0b755aca-0a9a-454a-9800-1979901962a0", "version": "7.2.0", "type": "winlogbeat"}, "ecs": {"version": "1.0.0"}}
{"@timestamp": "2019-08-02T09:48:55.258Z", "@metadata": {"beat": "winlogbeat", "type": "_doc", "version": "7.2.0", "topic": "wineventlog_raw"}, "message": "The Software Protection service entered the running state.", "winlog": {"record_id": 11650, "provider_name": "Service Control Manager", "provider_guid": "{555908d1-a6d7-4695-8e1e-26931d2012f4}", "event_data": {"Binary": "7300700070007300760063002F0034000000", "param1": "Software Protection", "param2": "running"}, "channel": "System", "event_id": 7036, "task": "", "api": "wineventlog", "keywords": ["Classic"], "process": {"pid": 440, "thread": {"id": 3492}}, "computer_name": "CLIENT1"}, "event": {"kind": "event", "code": 7036, "created": "2019-08-05T08:54:04.921Z"}, "log": {"level": "information"}, "agent": {"version": "7.2.0", "type": "winlogbeat", "ephemeral_id": "33f6eec2-a7ba-4caa-97b3-ea43b4f5e172", "hostname": "CLIENT1", "id": "0b755aca-0a9a-454a-9800-1979901962a0"}, "ecs": {"version": "1.0.0"}, "host": {"name": "CLIENT1", "hostname": "CLIENT1", "architecture": "x86", "os": {"platform": "windows", "version": "6.1", "family": "windows", "name": "Windows 7 Professional", "kernel": "6.1.7601.18741 (win7sp1_gdr.150202-1526)", "build": "7601.0"}, "id": "19fc45ac-5890-4f96-81b1-50ed111c0ce4"}}
{"@timestamp": "2019-08-05T08:53:28.000Z", "@metadata": {"beat": "winlogbeat", "type": "_doc", "version": "7.2.0", "topic": "wineventlog_raw"}, "agent": {"type": "winlogbeat", "ephemeral_id": "33f6eec2-a7ba-4caa-97b3-ea43b4f5e172", "hostname": "CLIENT1", "id": "0b755aca-0a9a-454a-9800-1979901962a0", "version": "7.2.0"}, "ecs": {"version": "1.0.0"}, "winlog": {"event_id": 6005, "keywords": ["Classic"], "provider_name": "EventLog", "record_id": 11677, "task": "", "channel": "System", "computer_name": "CLIENT1", "event_data": {"Binary": "E307080001000500080035001C0022020000000000000000"}, "api": "wineventlog"}, "event": {"kind": "event", "code": 6005, "created": "2019-08-05T08:54:04.922Z"}, "log": {"level": "information"}, "message": "The Event log service was started.", "host": {"architecture": "x86", "os": {"kernel": "6.1.7601.18741 (win7sp1_gdr.150202-1526)", "build": "7601.0", "platform": "windows", "version": "6.1", "family": "windows", "name": "Windows 7 Professional"}, "id": "19fc45ac-5890-4f96-81b1-50ed111c0ce4", "name": "CLIENT1", "hostname": "CLIENT1"}}
{"pseudonym": "88300c8916832c3352893b38edeeb13dae715dc9604444fc4d9bdd509aba6c1d", "origin": "UR5zcLdtFzvhkg9YYyjWlu11OTSrcWF1AA176YAEocCIkoK3eC3d0XUWk/VrqsRN46fYD0VFGhXtL3xwoKrtPWw98DR4uMD/dcUQ7FPsrhD29uNeVqkndG3bGBnxCyFbiadP6rW5sTd6haMjxbcoDpqPpIH9ttja5VUSMW9ukOrrKLV299LOCZGcpZucyin6M5JM5OqB3TMF76CiOSZ/5ENijOxd4gRZNhUlNkFR5Qpe9uCBORjNW210Ea9dYBU3TF6vw1HCsufgcHdoNuLdroLcINXFxAX16hj9pgQkPxRWB6mnFrGJEknBx2dvvDfpOMt3hokvG9HWkJeAXNRtK32URm4/wjIbMfJR9zxKP1M="}
{"@timestamp": "2019-08-05T08:53:35.421Z", "@metadata": {"beat": "winlogbeat", "type": "_doc", "version": "7.2.0", "topic": "wineventlog_raw"}, "winlog": {"provider_name": "Microsoft-Windows-Dhcp-Client", "record_id": 11725, "api": "wineventlog", "user": {"identifier": "<pseudonym:88300c8916832c3352893b38edeeb13dae715dc9604444fc4d9bdd509aba6c1d>", "name": "LOCAL SERVICE", "domain": "NT AUTHORITY", "type": "Well Known Group"}, "process": {"pid": 712, "thread": {"id": 1016}}, "event_id": 50036, "provider_guid": "{15A7A4F8-0072-4EAB-ABAD-F98A4D666AED}", "channel": "System", "task": "Service State Event", "opcode": "ServiceStart", "computer_name": "CLIENT1"}, "event": {"kind": "event", "code": 50036, "action": "Service State Event", "created": "2019-08-05T08:54:04.923Z"}, "log": {"level": "information"}, "message": "DHCPv4 client service is started", "agent": {"ephemeral_id": "33f6eec2-a7ba-4caa-97b3-ea43b4f5e172", "hostname": "CLIENT1", "id": "0b755aca-0a9a-454a-9800-1979901962a0", "version": "7.2.0", "type": "winlogbeat"}, "ecs": {"version": "1.0.0"}, "host": {"name": "CLIENT1", "id": "19fc45ac-5890-4f96-81b1-50ed111c0ce4", "hostname": "CLIENT1", "architecture": "x86", "os": {"family": "windows", "name": "Windows 7 Professional", "kernel": "6.1.7601.18741 (win7sp1_gdr.150202-1526)", "build": "7601.0", "platform": "windows", "version": "6.1"}}}
{"@timestamp": "2019-08-05T08:53:44.312Z", "@metadata": {"beat": "winlogbeat", "type": "_doc", "version": "7.2.0", "topic": "wineventlog_raw"}, "ecs": {"version": "1.0.0"}, "host": {"name": "CLIENT1", "hostname": "CLIENT1", "architecture": "x86", "os": {"platform": "windows", "version": "6.1", "family": "windows", "name": "Windows 7 Professional", "kernel": "6.1.7601.18741 (win7sp1_gdr.150202-1526)", "build": "7601.0"}, "id": "19fc45ac-5890-4f96-81b1-50ed111c0ce4"}, "winlog": {"provider_guid": "{555908d1-a6d7-4695-8e1e-26931d2012f4}", "api": "wineventlog", "computer_name": "CLIENT1", "event_id": 7036, "provider_name": "Service Control Manager", "event_data": {"param1": "Windows Firewall", "param2": "running", "Binary": "4D00700073005300760063002F0034000000"}, "task": "", "record_id": 11733, "channel": "System", "process": {"pid": 436, "thread": {"id": 516}}, "keywords": ["Classic"]}, "event": {"created": "2019-08-05T08:54:04.923Z", "kind": "event", "code": 7036}, "log": {"level": "information"}, "message": "The Windows Firewall service entered the running state.", "agent": {"ephemeral_id": "33f6eec2-a7ba-4caa-97b3-ea43b4f5e172", "hostname": "CLIENT1", "id": "0b755aca-0a9a-454a-9800-1979901962a0", "version": "7.2.0", "type": "winlogbeat"}}
{"@timestamp": "2019-08-05T08:53:45.640Z", "@metadata": {"beat": "winlogbeat", "type": "_doc", "version": "7.2.0", "topic": "wineventlog_raw"}, "log": {"level": "information"}, "message": "The Cryptographic Services service entered the running state.", "ecs": {"version": "1.0.0"}, "host": {"name": "CLIENT1", "hostname": "CLIENT1", "architecture": "x86", "os": {"platform": "windows", "version": "6.1", "family": "windows", "name": "Windows 7 Professional", "kernel": "6.1.7601.18741 (win7sp1_gdr.150202-1526)", "build": "7601.0"}, "id": "19fc45ac-5890-4f96-81b1-50ed111c0ce4"}, "agent": {"version": "7.2.0", "type": "winlogbeat", "ephemeral_id": "33f6eec2-a7ba-4caa-97b3-ea43b4f5e172", "hostname": "CLIENT1", "id": "0b755aca-0a9a-454a-9800-1979901962a0"}, "winlog": {"task": "", "api": "wineventlog", "keywords": ["Classic"], "record_id": 11736, "provider_guid": "{555908d1-a6d7-4695-8e1e-26931d2012f4}", "event_data": {"param2": "running", "Binary": "430072007900700074005300760063002F0034000000", "param1": "Cryptographic Services"}, "computer_name": "CLIENT1", "process": {"pid": 436, "thread": {"id": 512}}, "channel": "System", "event_id": 7036, "provider_name": "Service Control Manager"}, "event": {"code": 7036, "created": "2019-08-05T08:54:04.923Z", "kind": "event"}}
{"@timestamp": "2019-08-05T08:53:49.125Z", "@metadata": {"beat": "winlogbeat", "type": "_doc", "version": "7.2.0", "topic": "wineventlog_raw"}, "event": {"code": 7036, "created": "2019-08-05T08:54:04.929Z", "kind": "event"}, "log": {"level": "information"}, "message": "The NetTime service entered the running state.", "ecs": {"version": "1.0.0"}, "host": {"hostname": "CLIENT1", "architecture": "x86", "os": {"name": "Windows 7 Professional", "kernel": "6.1.7601.18741 (win7sp1_gdr.150202-1526)", "build": "7601.0", "platform": "windows", "version": "6.1", "family": "windows"}, "name": "CLIENT1", "id": "19fc45ac-5890-4f96-81b1-50ed111c0ce4"}, "agent": {"ephemeral_id": "33f6eec2-a7ba-4caa-97b3-ea43b4f5e172", "hostname": "CLIENT1", "id": "0b755aca-0a9a-454a-9800-1979901962a0", "version": "7.2.0", "type": "winlogbeat"}, "winlog": {"api": "wineventlog", "process": {"pid": 436, "thread": {"id": 500}}, "channel": "System", "task": "", "computer_name": "CLIENT1", "keywords": ["Classic"], "provider_name": "Service Control Manager", "event_data": {"param1": "NetTime", "param2": "running", "Binary": "4E0065007400540069006D0065005300760063002F0034000000"}, "record_id": 11740, "provider_guid": "{555908d1-a6d7-4695-8e1e-26931d2012f4}", "event_id": 7036}}
{"@timestamp": "2019-08-05T08:53:52.647Z", "@metadata": {"beat": "winlogbeat", "type": "_doc", "version": "7.2.0", "topic": "wineventlog_raw"}, "log": {"level": "information"}, "message": "The Wazuh service entered the running state.", "host": {"name": "CLIENT1", "architecture": "x86", "os": {"version": "6.1", "family": "windows", "name": "Windows 7 Professional", "kernel": "6.1.7601.18741 (win7sp1_gdr.150202-1526)", "build": "7601.0", "platform": "windows"}, "id": "19fc45ac-5890-4f96-81b1-50ed111c0ce4", "hostname": "CLIENT1"}, "agent": {"id": "0b755aca-0a9a-454a-9800-1979901962a0", "version": "7.2.0", "type": "winlogbeat", "ephemeral_id": "33f6eec2-a7ba-4caa-97b3-ea43b4f5e172", "hostname": "CLIENT1"}, "ecs": {"version": "1.0.0"}, "winlog": {"provider_name": "Service Control Manager", "process": {"pid": 436, "thread": {"id": 500}}, "event_data": {"Binary": "4F0073007300650063005300760063002F0034000000", "param1": "Wazuh", "param2": "running"}, "task": "", "api": "wineventlog", "keywords": ["Classic"], "channel": "System", "record_id": 11743, "provider_guid": "{555908d1-a6d7-4695-8e1e-26931d2012f4}", "event_id": 7036, "computer_name": "CLIENT1"}, "event": {"kind": "event", "code": 7036, "created": "2019-08-05T08:54:04.929Z"}}
{"@timestamp": "2019-08-02T09:47:29.000Z", "@metadata": {"beat": "winlogbeat", "type": "_doc", "version": "7.2.0", "topic": "wineventlog_raw"}, "winlog": {"api": "wineventlog", "keywords": ["Classic"], "task": "", "channel": "Application", "record_id": 2908, "provider_guid": "{DBE9B383-7CF3-4331-91CC-A3CB16A3B538}", "event_data": {"Binary": "D9060000", "param1": "SessionEnv"}, "event_id": 6000, "provider_name": "Microsoft-Windows-Winlogon", "computer_name": "CLIENT1"}, "event": {"kind": "event", "code": 6000, "created": "2019-08-05T08:54:06.439Z"}, "log": {"level": "information"}, "message": "The winlogon notification subscriber <SessionEnv> was unavailable to handle a notification event.", "host": {"name": "CLIENT1", "hostname": "CLIENT1", "architecture": "x86", "os": {"family": "windows", "name": "Windows 7 Professional", "kernel": "6.1.7601.18741 (win7sp1_gdr.150202-1526)", "build": "7601.0", "platform": "windows", "version": "6.1"}, "id": "19fc45ac-5890-4f96-81b1-50ed111c0ce4"}, "agent": {"id": "0b755aca-0a9a-454a-9800-1979901962a0", "version": "7.2.0", "type": "winlogbeat", "ephemeral_id": "33f6eec2-a7ba-4caa-97b3-ea43b4f5e172", "hostname": "CLIENT1"}, "ecs": {"version": "1.0.0"}}
{"@timestamp": "2019-08-02T09:47:29.000Z", "@metadata": {"beat": "winlogbeat", "type": "_doc", "version": "7.2.0", "topic": "wineventlog_raw"}, "host": {"architecture": "x86", "os": {"build": "7601.0", "platform": "windows", "version": "6.1", "family": "windows", "name": "Windows 7 Professional", "kernel": "6.1.7601.18741 (win7sp1_gdr.150202-1526)"}, "name": "CLIENT1", "id": "19fc45ac-5890-4f96-81b1-50ed111c0ce4", "hostname": "CLIENT1"}, "agent": {"type": "winlogbeat", "ephemeral_id": "33f6eec2-a7ba-4caa-97b3-ea43b4f5e172", "hostname": "CLIENT1", "id": "0b755aca-0a9a-454a-9800-1979901962a0", "version": "7.2.0"}, "winlog": {"provider_name": "Desktop Window Manager", "record_id": 2909, "task": "", "api": "wineventlog", "computer_name": "CLIENT1", "keywords": ["Classic"], "channel": "Application", "event_id": 9007}, "event": {"kind": "event", "code": 9007, "created": "2019-08-05T08:54:06.439Z"}, "log": {"level": "information"}, "message": "The Desktop Window Manager was unable to start because WDDM is not in use", "ecs": {"version": "1.0.0"}}
{"@timestamp": "2019-08-05T08:55:53.751Z", "@metadata": {"beat": "winlogbeat", "type": "_doc", "version": "7.2.0", "topic": "wineventlog_raw"}, "agent": {"hostname": "CLIENT1", "id": "0b755aca-0a9a-454a-9800-1979901962a0", "version": "7.2.0", "type": "winlogbeat", "ephemeral_id": "33f6eec2-a7ba-4caa-97b3-ea43b4f5e172"}, "winlog": {"keywords": ["Classic"], "provider_guid": "{555908d1-a6d7-4695-8e1e-26931d2012f4}", "api": "wineventlog", "event_data": {"param1": "Network Connections", "param2": "running", "Binary": "4E00650074006D0061006E002F0034000000"}, "channel": "System", "provider_name": "Service Control Manager", "computer_name": "CLIENT1", "process": {"thread": {"id": 1400}, "pid": 436}, "event_id": 7036, "task": "", "record_id": 11759}, "event": {"code": 7036, "created": "2019-08-05T08:55:54.471Z", "kind": "event"}, "log": {"level": "information"}, "message": "The Network Connections service entered the running state.", "ecs": {"version": "1.0.0"}, "host": {"id": "19fc45ac-5890-4f96-81b1-50ed111c0ce4", "hostname": "CLIENT1", "architecture": "x86", "os": {"platform": "windows", "version": "6.1", "family": "windows", "name": "Windows 7 Professional", "kernel": "6.1.7601.18741 (win7sp1_gdr.150202-1526)", "build": "7601.0"}, "name": "CLIENT1"}}
{"@timestamp": "2019-08-05T08:55:56.793Z", "@metadata": {"beat": "winlogbeat", "type": "_doc", "version": "7.2.0", "topic": "wineventlog_raw"}, "host": {"id": "19fc45ac-5890-4f96-81b1-50ed111c0ce4", "hostname": "CLIENT1", "name": "CLIENT1", "architecture": "x86", "os": {"name": "Windows 7 Professional", "kernel": "6.1.7601.18741 (win7sp1_gdr.150202-1526)", "build": "7601.0", "platform": "windows", "version": "6.1", "family": "windows"}}, "agent": {"hostname": "CLIENT1", "id": "0b755aca-0a9a-454a-9800-1979901962a0", "version": "7.2.0", "type": "winlogbeat", "ephemeral_id": "33f6eec2-a7ba-4caa-97b3-ea43b4f5e172"}, "winlog": {"event_data": {"param1": "Windows Media Player Network Sharing Service", "param2": "running", "Binary": "57004D0050004E006500740077006F0072006B005300760063002F0034000000"}, "event_id": 7036, "record_id": 11762, "task": "", "provider_guid": "{555908d1-a6d7-4695-8e1e-26931d2012f4}", "channel": "System", "provider_name": "Service Control Manager", "keywords": ["Classic"], "process": {"thread": {"id": 1760}, "pid": 436}, "api": "wineventlog", "computer_name": "CLIENT1"}, "event": {"kind": "event", "code": 7036, "created": "2019-08-05T08:55:58.489Z"}, "log": {"level": "information"}, "message": "The Windows Media Player Network Sharing Service service entered the running state.", "ecs": {"version": "1.0.0"}}
{"pseudonym": "88300c8916832c3352893b38edeeb13dae715dc9604444fc4d9bdd509aba6c1d", "origin": "o/UG0hsHS0+JVCaAnXZ3YoUOF5dl6LwFfkOcRl/UXra62Qx2H7SNHfAG9aMQw5MusoE+BVs9VcH+HozIJg6PkZzwUmYiOaHPlG4N6spGKLBKbhpPY/xhhsV/Yn+F6BLs+Jf1CLN2pVpFL5yPbklAwPfUwiPrBFgbXDIWNbVAiiHfsqEJs/CYBvQwAuVYemw3qmVEbTiTXGU9/r0hiwi5bA23BuXjLYTQMZCdCpnnk1FbkAd7Heo2v/KIma5vcU614cHY7FovvmAGK0VlvR406G9ROEAOvK6BIsoyXSGgukSq1LbC9vMnnq9nY1yHXv0i4kPo3cG9gyGqhWyOIXWIQGX953JqwtNkIVkdB7aeBAk="}
{"@timestamp": "2019-07-30T14:38:14.997Z", "@metadata": {"beat": "winlogbeat", "type": "_doc", "version": "7.2.0", "topic": "wineventlog_raw"}, "message": "The system time has changed to \u200e2019\u200e-\u200e07\u200e-\u200e30T14:38:14.997000000Z from \u200e2019\u200e-\u200e07\u200e-\u200e30T14:38:14.997355200Z.", "winlog": {"api": "wineventlog", "computer_name": "CLIENT1", "keywords": ["Time"], "opcode": "Info", "provider_guid": "{A68CA8B7-004F-D7B6-A698-07E2DE0F1F5D}", "event_data": {"NewTime": "2019-07-30T14:38:14.997000000Z", "OldTime": "2019-07-30T14:38:14.997355200Z"}, "provider_name": "Microsoft-Windows-Kernel-General", "record_id": 11573, "process": {"pid": 936, "thread": {"id": 3516}}, "task": "", "event_id": 1, "channel": "System", "user": {"identifier": "<pseudonym:88300c8916832c3352893b38edeeb13dae715dc9604444fc4d9bdd509aba6c1d>", "name": "LOCAL SERVICE", "domain": "NT AUTHORITY", "type": "Well Known Group"}}, "event": {"kind": "event", "code": 1, "created": "2019-08-02T09:55:11.996Z"}, "ecs": {"version": "1.0.0"}, "host": {"name": "CLIENT1", "hostname": "CLIENT1", "architecture": "x86", "os": {"build": "7601.0", "platform": "windows", "version": "6.1", "family": "windows", "name": "Windows 7 Professional", "kernel": "6.1.7601.18741 (win7sp1_gdr.150202-1526)"}, "id": "19fc45ac-5890-4f96-81b1-50ed111c0ce4"}, "agent": {"id": "0b755aca-0a9a-454a-9800-1979901962a0", "version": "7.2.0", "type": "winlogbeat", "ephemeral_id": "de845cd9-5141-4c92-ad32-27a4518307e9", "hostname": "CLIENT1"}, "log": {"level": "information"}}
{"@timestamp": "2019-08-02T09:46:34.500Z", "@metadata": {"beat": "winlogbeat", "type": "_doc", "version": "7.2.0", "topic": "wineventlog_raw"}, "message": "The Base Filtering Engine service entered the running state.", "winlog": {"keywords": ["Classic"], "event_id": 7036, "task": "", "provider_guid": "{555908d1-a6d7-4695-8e1e-26931d2012f4}", "process": {"pid": 440, "thread": {"id": 524}}, "event_data": {"Binary": "4200460045002F0034000000", "param1": "Base Filtering Engine", "param2": "running"}, "channel": "System", "provider_name": "Service Control Manager", "record_id": 11617, "api": "wineventlog", "computer_name": "CLIENT1"}, "event": {"kind": "event", "code": 7036, "created": "2019-08-02T09:55:11.998Z"}, "log": {"level": "information"}, "ecs": {"version": "1.0.0"}, "host": {"name": "CLIENT1", "hostname": "CLIENT1", "architecture": "x86", "os": {"family": "windows", "name": "Windows 7 Professional", "kernel": "6.1.7601.18741 (win7sp1_gdr.150202-1526)", "build": "7601.0", "platform": "windows", "version": "6.1"}, "id": "19fc45ac-5890-4f96-81b1-50ed111c0ce4"}, "agent": {"hostname": "CLIENT1", "id": "0b755aca-0a9a-454a-9800-1979901962a0", "version": "7.2.0", "type": "winlogbeat", "ephemeral_id": "de845cd9-5141-4c92-ad32-27a4518307e9"}}
{"@timestamp": "2019-08-02T09:46:44.187Z", "@metadata": {"beat": "winlogbeat", "type": "_doc", "version": "7.2.0", "topic": "wineventlog_raw"}, "winlog": {"keywords": ["Classic"], "provider_guid": "{555908d1-a6d7-4695-8e1e-26931d2012f4}", "process": {"pid": 440, "thread": {"id": 524}}, "provider_name": "Service Control Manager", "task": "", "computer_name": "CLIENT1", "channel": "System", "api": "wineventlog", "event_id": 7036, "event_data": {"param2": "running", "Binary": "540072006B0057006B0073002F0034000000", "param1": "Distributed Link Tracking Client"}, "record_id": 11629}, "event": {"kind": "event", "code": 7036, "created": "2019-08-02T09:55:11.998Z"}, "log": {"level": "information"}, "message": "The Distributed Link Tracking Client service entered the running state.", "ecs": {"version": "1.0.0"}, "host": {"name": "CLIENT1", "hostname": "CLIENT1", "architecture": "x86", "os": {"family": "windows", "name": "Windows 7 Professional", "kernel": "6.1.7601.18741 (win7sp1_gdr.150202-1526)", "build": "7601.0", "platform": "windows", "version": "6.1"}, "id": "19fc45ac-5890-4f96-81b1-50ed111c0ce4"}, "agent": {"id": "0b755aca-0a9a-454a-9800-1979901962a0", "version": "7.2.0", "type": "winlogbeat", "ephemeral_id": "de845cd9-5141-4c92-ad32-27a4518307e9", "hostname": "CLIENT1"}}
{"@timestamp": "2019-08-02T09:48:57.114Z", "@metadata": {"beat": "winlogbeat", "type": "_doc", "version": "7.2.0", "topic": "wineventlog_raw"}, "log": {"level": "information"}, "message": "The Security Center service entered the running state.", "agent": {"type": "winlogbeat", "ephemeral_id": "de845cd9-5141-4c92-ad32-27a4518307e9", "hostname": "CLIENT1", "id": "0b755aca-0a9a-454a-9800-1979901962a0", "version": "7.2.0"}, "ecs": {"version": "1.0.0"}, "host": {"name": "CLIENT1", "hostname": "CLIENT1", "architecture": "x86", "os": {"version": "6.1", "family": "windows", "name": "Windows 7 Professional", "kernel": "6.1.7601.18741 (win7sp1_gdr.150202-1526)", "build": "7601.0", "platform": "windows"}, "id": "19fc45ac-5890-4f96-81b1-50ed111c0ce4"}, "winlog": {"channel": "System", "event_id": 7036, "record_id": 11653, "task": "", "keywords": ["Classic"], "event_data": {"param2": "running", "Binary": "7700730063007300760063002F0034000000", "param1": "Security Center"}, "provider_name": "Service Control Manager", "provider_guid": "{555908d1-a6d7-4695-8e1e-26931d2012f4}", "process": {"pid": 440, "thread": {"id": 3492}}, "api": "wineventlog", "computer_name": "CLIENT1"}, "event": {"kind": "event", "code": 7036, "created": "2019-08-02T09:55:12.089Z"}}
{"@timestamp": "2019-08-02T09:54:21.319Z", "@metadata": {"beat": "winlogbeat", "type": "_doc", "version": "7.2.0", "topic": "wineventlog_raw"}, "message": "The Diagnostic Service Host service entered the stopped state.", "ecs": {"version": "1.0.0"}, "host": {"os": {"platform": "windows", "version": "6.1", "family": "windows", "name": "Windows 7 Professional", "kernel": "6.1.7601.18741 (win7sp1_gdr.150202-1526)", "build": "7601.0"}, "id": "19fc45ac-5890-4f96-81b1-50ed111c0ce4", "name": "CLIENT1", "hostname": "CLIENT1", "architecture": "x86"}, "agent": {"version": "7.2.0", "type": "winlogbeat", "ephemeral_id": "de845cd9-5141-4c92-ad32-27a4518307e9", "hostname": "CLIENT1", "id": "0b755aca-0a9a-454a-9800-1979901962a0"}, "winlog": {"task": "", "computer_name": "CLIENT1", "event_data": {"Binary": "570064006900530065007200760069006300650048006F00730074002F0031000000", "param1": "Diagnostic Service Host", "param2": "stopped"}, "provider_name": "Service Control Manager", "api": "wineventlog", "provider_guid": "{555908d1-a6d7-4695-8e1e-26931d2012f4}", "event_id": 7036, "channel": "System", "record_id": 11673, "process": {"pid": 440, "thread": {"id": 2680}}, "keywords": ["Classic"]}, "event": {"created": "2019-08-02T09:55:12.090Z", "kind": "event", "code": 7036}, "log": {"level": "information"}}
{"@timestamp": "2019-08-02T09:54:29.583Z", "@metadata": {"beat": "winlogbeat", "type": "_doc", "version": "7.2.0", "topic": "wineventlog_raw"}, "event": {"created": "2019-08-02T09:55:12.090Z", "kind": "event", "code": 7036}, "log": {"level": "information"}, "message": "The Windows Search service entered the stopped state.", "ecs": {"version": "1.0.0"}, "host": {"name": "CLIENT1", "hostname": "CLIENT1", "architecture": "x86", "os": {"name": "Windows 7 Professional", "kernel": "6.1.7601.18741 (win7sp1_gdr.150202-1526)", "build": "7601.0", "platform": "windows", "version": "6.1", "family": "windows"}, "id": "19fc45ac-5890-4f96-81b1-50ed111c0ce4"}, "agent": {"type": "winlogbeat", "ephemeral_id": "de845cd9-5141-4c92-ad32-27a4518307e9", "hostname": "CLIENT1", "id": "0b755aca-0a9a-454a-9800-1979901962a0", "version": "7.2.0"}, "winlog": {"computer_name": "CLIENT1", "provider_guid": "{555908d1-a6d7-4695-8e1e-26931d2012f4}", "channel": "System", "process": {"pid": 440, "thread": {"id": 2680}}, "event_data": {"param2": "stopped", "Binary": "57005300650061007200630068002F0031000000", "param1": "Windows Search"}, "provider_name": "Service Control Manager", "record_id": 11699, "event_id": 7036, "api": "wineventlog", "keywords": ["Classic"], "task": ""}}
{"@timestamp": "2019-08-02T09:54:58.109Z", "@metadata": {"beat": "winlogbeat", "type": "_doc", "version": "7.2.0", "topic": "wineventlog_raw"}, "host": {"os": {"platform": "windows", "version": "6.1", "family": "windows", "name": "Windows 7 Professional", "kernel": "6.1.7601.18741 (win7sp1_gdr.150202-1526)", "build": "7601.0"}, "id": "19fc45ac-5890-4f96-81b1-50ed111c0ce4", "hostname": "CLIENT1", "architecture": "x86", "name": "CLIENT1"}, "agent": {"id": "0b755aca-0a9a-454a-9800-1979901962a0", "version": "7.2.0", "type": "winlogbeat", "ephemeral_id": "de845cd9-5141-4c92-ad32-27a4518307e9", "hostname": "CLIENT1"}, "event": {"kind": "event", "code": 7036, "created": "2019-08-02T09:55:12.091Z"}, "log": {"level": "information"}, "message": "The COM+ Event System service entered the running state.", "winlog": {"provider_guid": "{555908d1-a6d7-4695-8e1e-26931d2012f4}", "event_data": {"param2": "running", "Binary": "4500760065006E007400530079007300740065006D002F0034000000", "param1": "COM+ Event System"}, "provider_name": "Service Control Manager", "computer_name": "CLIENT1", "keywords": ["Classic"], "process": {"pid": 440, "thread": {"id": 528}}, "event_id": 7036, "record_id": 11719, "task": "", "api": "wineventlog", "channel": "System"}, "ecs": {"version": "1.0.0"}}
{"@timestamp": "2019-08-02T09:55:10.093Z", "@metadata": {"beat": "winlogbeat", "type": "_doc", "version": "7.2.0", "topic": "wineventlog_raw"}, "log": {"level": "information"}, "host": {"id": "19fc45ac-5890-4f96-81b1-50ed111c0ce4", "hostname": "CLIENT1", "architecture": "x86", "os": {"platform": "windows", "version": "6.1", "family": "windows", "name": "Windows 7 Professional", "kernel": "6.1.7601.18741 (win7sp1_gdr.150202-1526)", "build": "7601.0"}, "name": "CLIENT1"}, "agent": {"hostname": "CLIENT1", "id": "0b755aca-0a9a-454a-9800-1979901962a0", "version": "7.2.0", "type": "winlogbeat", "ephemeral_id": "de845cd9-5141-4c92-ad32-27a4518307e9"}, "ecs": {"version": "1.0.0"}, "message": "The IP Helper service entered the running state.", "winlog": {"task": "", "keywords": ["Classic"], "event_id": 7036, "api": "wineventlog", "record_id": 11748, "channel": "System", "computer_name": "CLIENT1", "event_data": {"param1": "IP Helper", "param2": "running", "Binary": "6900700068006C0070007300760063002F0034000000"}, "provider_name": "Service Control Manager", "provider_guid": "{555908d1-a6d7-4695-8e1e-26931d2012f4}", "process": {"pid": 440, "thread": {"id": 520}}}, "event": {"kind": "event", "code": 7036, "created": "2019-08-02T09:55:12.100Z"}}
{"@timestamp": "2019-08-02T09:49:00.000Z", "@metadata": {"beat": "winlogbeat", "type": "_doc", "version": "7.2.0", "topic": "wineventlog_raw"}, "agent": {"id": "0b755aca-0a9a-454a-9800-1979901962a0", "version": "7.2.0", "type": "winlogbeat", "ephemeral_id": "de845cd9-5141-4c92-ad32-27a4518307e9", "hostname": "CLIENT1"}, "ecs": {"version": "1.0.0"}, "host": {"id": "19fc45ac-5890-4f96-81b1-50ed111c0ce4", "name": "CLIENT1", "hostname": "CLIENT1", "architecture": "x86", "os": {"platform": "windows", "version": "6.1", "family": "windows", "name": "Windows 7 Professional", "kernel": "6.1.7601.18741 (win7sp1_gdr.150202-1526)", "build": "7601.0"}}, "message": "The Windows Security Center Service has started.", "winlog": {"api": "wineventlog", "event_id": 1, "opcode": "Info", "task": "", "computer_name": "CLIENT1", "keywords": ["Classic"], "provider_name": "SecurityCenter", "record_id": 2918, "channel": "Application"}, "event": {"code": 1, "created": "2019-08-02T09:55:12.182Z", "kind": "event"}, "log": {"level": "information"}}
{"pseudonym": "f119e812403f34bc9c93a15392e371bd51bfd51f59deda80c5caac2a6f172b3c", "origin": "FB75YooiS7U3ISuT9xMuMB3+Vu1XSwgmP+9BFgkH5USS85ycKbdVfUVVfPXWmkkKvLcBlipS0/nO5qziCfapSEFQioZwwB/E+JA2I8BiQ4aoic6RGw/BsA2J67PuU4Hb1wPU47vQ2M6p83OumR+NOat6Vx3sdzd03Q+ZA323UhAWt9j8R5gq6ZaXuNPAtoaDId9mwn1r8hePU6TZxlymQJY2t+Jg8AVarChvhHBl64GA313pk4IYvrzuaxZbIFxapkhMEftawWGVt/5/OMmPfMfsN4pgxHRmCOa+q2bg1nG3A7khedc7uGzOU+rHxpGW8hpPK8DHJu60HiHlHNX6gB9QGGMvnxv9uVt2xDcY"}
{"pseudonym": "2246ce99b75c4aebaf0cd5d095e35cdb0cbf0f8adaf28ed864467242b621c30c", "origin": "M0B4wTcmO9z/Xudd7JIcd/OftXfOG9ToCd/iAGr1l+ZQVFGOaJHMiuRFpfu01QL0e6ei6hjGPTME3Rl/NCqhV6oLIT+8GbD5SZyf7XQq53vVe1D26pAtpapIBn82DrLhJGWOuuFZAKDlHqu4I3lHntkzexXCjVbSpxO9Uy7apbngXnrkmr0cf8DtSdRMqjtwEt7sy82LgL6nxn89TCFOHPTdIttUZT9AV1E4DYtlaBgnfLnKR03ux7Y11IN9talAe5TnnOapoWSYJH7WIf+36h53q2C5LS+V+J+blxV4BXRZ+CYMP3mjNh/ScxNMVmTTx7dvGZBrHpH9jIHiGkmdm/3GiwryEyqoKc0g8QuWDFUcGZwx6MWCzicCC5RyYW3wJJtxxF5HRkNuHZ8YKXQo3bD1dwoL"}
{"@timestamp": "2019-08-02T09:47:28.599Z", "@metadata": {"beat": "winlogbeat", "type": "_doc", "version": "7.2.0", "topic": "wineventlog_raw"}, "event": {"kind": "event", "code": 4672, "action": "Special Logon", "created": "2019-08-02T09:55:12.183Z"}, "log": {"level": "information"}, "message": "Special privileges assigned to new logon.\n\nSubject:\n\tSecurity ID:\t\tS-1-5-21-1918032094-2382968797-800248713-1000\n\tAccount Name:\t\tbreach\n\tAccount Domain:\t\tCLIENT1\n\tLogon ID:\t\t0x1f189\n\nPrivileges:\t\tSeSecurityPrivilege\n\t\t\tSeTakeOwnershipPrivilege\n\t\t\tSeLoadDriverPrivilege\n\t\t\tSeBackupPrivilege\n\t\t\tSeRestorePrivilege\n\t\t\tSeDebugPrivilege\n\t\t\tSeSystemEnvironmentPrivilege\n\t\t\tSeImpersonatePrivilege", "ecs": {"version": "1.0.0"}, "host": {"name": "CLIENT1", "hostname": "CLIENT1", "architecture": "x86", "os": {"platform": "windows", "version": "6.1", "family": "windows", "name": "Windows 7 Professional", "kernel": "6.1.7601.18741 (win7sp1_gdr.150202-1526)", "build": "7601.0"}, "id": "19fc45ac-5890-4f96-81b1-50ed111c0ce4"}, "agent": {"ephemeral_id": "de845cd9-5141-4c92-ad32-27a4518307e9", "hostname": "CLIENT1", "id": "0b755aca-0a9a-454a-9800-1979901962a0", "version": "7.2.0", "type": "winlogbeat"}, "winlog": {"record_id": 4662, "keywords": ["Audit Success"], "event_data": {"SubjectDomainName": "CLIENT1", "SubjectLogonId": "0x1f189", "PrivilegeList": "SeSecurityPrivilege\n\t\t\tSeTakeOwnershipPrivilege\n\t\t\tSeLoadDriverPrivilege\n\t\t\tSeBackupPrivilege\n\t\t\tSeRestorePrivilege\n\t\t\tSeDebugPrivilege\n\t\t\tSeSystemEnvironmentPrivilege\n\t\t\tSeImpersonatePrivilege", "SubjectUserSid": "<pseudonym:2246ce99b75c4aebaf0cd5d095e35cdb0cbf0f8adaf28ed864467242b621c30c>", "SubjectUserName": "<pseudonym:f119e812403f34bc9c93a15392e371bd51bfd51f59deda80c5caac2a6f172b3c>"}, "provider_guid": "{54849625-5478-4994-A5BA-3E3B0328C30D}", "process": {"thread": {"id": 496}, "pid": 448}, "provider_name": "Microsoft-Windows-Security-Auditing", "opcode": "Info", "channel": "Security", "api": "wineventlog", "computer_name": "CLIENT1", "task": "Special Logon", "event_id": 4672}}
