{"@timestamp": "2019-08-02T09:54:22.551Z", "@metadata": {"beat": "winlogbeat", "type": "_doc", "version": "7.2.0", "topic": "wineventlog_raw"}, "log": {"level": "information"}, "message": "The Desktop Window Manager Session Manager service entered the stopped state.", "winlog": {"provider_guid": "{555908d1-a6d7-4695-8e1e-26931d2012f4}", "computer_name": "CLIENT1", "keywords": ["Classic"], "process": {"pid": 440, "thread": {"id": 2680}}, "channel": "System", "event_id": 7036, "event_data": {"Binary": "5500780053006D0073002F0031000000", "param1": "Desktop Window Manager Session Manager", "param2": "stopped"}, "record_id": 11682, "task": "", "provider_name": "Service Control Manager", "api": "wineventlog"}, "ecs": {"version": "1.0.0"}, "host": {"id": "19fc45ac-5890-4f96-81b1-50ed111c0ce4", "name": "CLIENT1", "hostname": "CLIENT1", "architecture": "x86", "os": {"build": "7601.0", "platform": "windows", "version": "6.1", "family": "windows", "name": "Windows 7 Professional", "kernel": "6.1.7601.18741 (win7sp1_gdr.150202-1526)"}}, "agent": {"id": "0b755aca-0a9a-454a-9800-1979901962a0", "version": "7.2.0", "type": "winlogbeat", "ephemeral_id": "33f6eec2-a7ba-4caa-97b3-ea43b4f5e172", "hostname": "CLIENT1"}, "event": {"kind": "event", "code": 7036, "created": "2019-08-05T08:54:04.922Z"}}
{"@timestamp": "2019-08-02T09:54:23.115Z", "@metadata": {"beat": "winlogbeat", "type": "_doc", "version": "7.2.0", "topic": "wineventlog_raw"}, "winlog": {"provider_name": "Service Control Manager", "provider_guid": "{555908d1-a6d7-4695-8e1e-26931d2012f4}", "channel": "System", "keywords": ["Classic"], "process": {"thread": {"id": 2680}, "pid": 440}, "record_id": 11689, "task": "", "api": "wineventlog", "computer_name": "CLIENT1", "event_data": {"param1": "SSDP Discovery", "param2": "stopped", "Binary": "53005300440050005300520056002F0031000000"}, "event_id": 7036}, "event": {"code": 7036, "created": "2019-08-05T08:54:04.922Z", "kind": "event"}, "log": {"level": "information"}, "message": "The SSDP Discovery service entered the stopped state.", "ecs": {"version": "1.0.0"}, "host": {"os": {"family": "windows", "name": "Windows 7 Professional", "kernel": "6.1.7601.18741 (win7sp1_gdr.150202-1526)", "build": "7601.0", "platform": "windows", "version": "6.1"}, "id": "19fc45ac-5890-4f96-81b1-50ed111c0ce4", "name": "CLIENT1", "hostname": "CLIENT1", "architecture": "x86"}, "agent": {"hostname": "CLIENT1", "id": "0b755aca-0a9a-454a-9800-1979901962a0", "version": "7.2.0", "type": "winlogbeat", "ephemeral_id": "33f6eec2-a7ba-4caa-97b3-ea43b4f5e172"}}
{"@timestamp": "2019-08-05T08:53:33.421Z", "@metadata": {"beat": "winlogbeat", "type": "_doc", "version": "7.2.0", "topic": "wineventlog_raw"}, "log": {"level": "information"}, "agent": {"id": "0b755aca-0a9a-454a-9800-1979901962a0", "version": "7.2.0", "type": "winlogbeat", "ephemeral_id": "33f6eec2-a7ba-4caa-97b3-ea43b4f5e172", "hostname": "CLIENT1"}, "ecs": {"version": "1.0.0"}, "host": {"architecture": "x86", "os": {"kernel": "6.1.7601.18741 (win7sp1_gdr.150202-1526)", "build": "7601.0", "platform": "windows", "version": "6.1", "family": "windows", "name": "Windows 7 Professional"}, "name": "CLIENT1", "id": "19fc45ac-5890-4f96-81b1-50ed111c0ce4", "hostname": "CLIENT1"}, "message": "The COM+ Event System service entered the running state.", "winlog": {"provider_name": "Service Control Manager", "api": "wineventlog", "keywords": ["Classic"], "event_data": {"Binary": "4500760065006E007400530079007300740065006D002F0034000000", "param1": "COM+ Event System", "param2": "running"}, "channel": "System", "event_id": 7036, "record_id": 11719, "provider_guid": "{555908d1-a6d7-4695-8e1e-26931d2012f4}", "computer_name": "CLIENT1", "process": {"pid": 436, "thread": {"id": 516}}, "task": ""}, "event": {"kind": "event", "code": 7036, "created": "2019-08-05T08:54:04.923Z"}}
{"@timestamp": "2019-08-05T08:53:34.484Z", "@metadata": {"beat": "winlogbeat", "type": "_doc", "version": "7.2.0", "topic": "wineventlog_raw"}, "message": "The Network Store Interface Service service entered the running state.", "ecs": {"version": "1.0.0"}, "host": {"name": "CLIENT1", "id": "19fc45ac-5890-4f96-81b1-50ed111c0ce4", "hostname": "CLIENT1", "architecture": "x86", "os": {"version": "6.1", "family": "windows", "name": "Windows 7 Professional", "kernel": "6.1.7601.18741 (win7sp1_gdr.150202-1526)", "build": "7601.0", "platform": "windows"}}, "agent": {"ephemeral_id": "33f6eec2-a7ba-4caa-97b3-ea43b4f5e172", "hostname": "CLIENT1", "id": "0b755aca-0a9a-454a-9800-1979901962a0", "version": "7.2.0", "type": "winlogbeat"}, "winlog": {"event_id": 7036, "provider_guid": "{555908d1-a6d7-4695-8e1e-26931d2012f4}", "event_data": {"Binary": "6E00730069002F0034000000", "param1": "Network Store Interface Service", "param2": "running"}, "channel": "System", "provider_name": "Service Control Manager", "api": "wineventlog", "computer_name": "CLIENT1", "process": {"pid": 436, "thread": {"id": 516}}, "record_id": 11723, "task": "", "keywords": ["Classic"]}, "event": {"code": 7036, "created": "2019-08-05T08:54:04.923Z", "kind": "event"}, "log": {"level": "information"}}
{"@timestamp": "2019-08-05T08:53:35.156Z", "@metadata": {"beat": "winlogbeat", "type": "_doc", "version": "7.2.0", "topic": "wineventlog_raw"}, "message": "The TCP/IP NetBIOS Helper service entered the running state.", "winlog": {"record_id": 11724, "provider_guid": "{555908d1-a6d7-4695-8e1e-26931d2012f4}", "event_data": {"Binary": "6C006D0068006F007300740073002F0034000000", "param1": "TCP/IP NetBIOS Helper", "param2": "running"}, "channel": "System", "computer_name": "CLIENT1", "api": "wineventlog", "keywords": ["Classic"], "task": "", "process": {"pid": 436, "thread": {"id": 516}}, "event_id": 7036, "provider_name": "Service Control Manager"}, "ecs": {"version": "1.0.0"}, "host": {"name": "CLIENT1", "id": "19fc45ac-5890-4f96-81b1-50ed111c0ce4", "hostname": "CLIENT1", "architecture": "x86", "os": {"build": "7601.0", "platform": "windows", "version": "6.1", "family": "windows", "name": "Windows 7 Professional", "kernel": "6.1.7601.18741 (win7sp1_gdr.150202-1526)"}}, "agent": {"hostname": "CLIENT1", "id": "0b755aca-0a9a-454a-9800-1979901962a0", "version": "7.2.0", "type": "winlogbeat", "ephemeral_id": "33f6eec2-a7ba-4caa-97b3-ea43b4f5e172"}, "event": {"kind": "event", "code": 7036, "created": "2019-08-05T08:54:04.923Z"}, "log": {"level": "information"}}
{"@timestamp": "2019-08-05T08:53:42.578Z", "@metadata": {"beat": "winlogbeat", "type": "_doc", "version": "7.2.0", "topic": "wineventlog_raw"}, "winlog": {"provider_guid": "{555908d1-a6d7-4695-8e1e-26931d2012f4}", "computer_name": "CLIENT1", "api": "wineventlog", "event_data": {"param2": "running", "Binary": "530070006F006F006C00650072002F0034000000", "param1": "Print Spooler"}, "event_id": 7036, "record_id": 11731, "keywords": ["Classic"], "provider_name": "Service Control Manager", "task": "", "process": {"pid": 436, "thread": {"id": 516}}, "channel": "System"}, "agent": {"type": "winlogbeat", "ephemeral_id": "33f6eec2-a7ba-4caa-97b3-ea43b4f5e172", "hostname": "CLIENT1", "id": "0b755aca-0a9a-454a-9800-1979901962a0", "version": "7.2.0"}, "ecs": {"version": "1.0.0"}, "host": {"id": "19fc45ac-5890-4f96-81b1-50ed111c0ce4", "hostname": "CLIENT1", "architecture": "x86", "os": {"family": "windows", "name": "Windows 7 Professional", "kernel": "6.1.7601.18741 (win7sp1_gdr.150202-1526)", "build": "7601.0", "platform": "windows", "version": "6.1"}, "name": "CLIENT1"}, "event": {"code": 7036, "created": "2019-08-05T08:54:04.923Z", "kind": "event"}, "log": {"level": "information"}, "message": "The Print Spooler service entered the running state."}
{"@timestamp": "2019-08-05T08:54:01.107Z", "@metadata": {"beat": "winlogbeat", "type": "_doc", "version": "7.2.0", "topic": "wineventlog_raw"}, "winlog": {"event_id": 7036, "keywords": ["Classic"], "channel": "System", "record_id": 11746, "computer_name": "CLIENT1", "process": {"pid": 436, "thread": {"id": 500}}, "event_data": {"param1": "winlogbeat", "param2": "running", "Binary": "770069006E006C006F00670062006500610074002F0034000000"}, "task": "", "provider_name": "Service Control Manager", "api": "wineventlog", "provider_guid": "{555908d1-a6d7-4695-8e1e-26931d2012f4}"}, "event": {"kind": "event", "code": 7036, "created": "2019-08-05T08:54:04.929Z"}, "log": {"level": "information"}, "host": {"name": "CLIENT1", "os": {"kernel": "6.1.7601.18741 (win7sp1_gdr.150202-1526)", "build": "7601.0", "platform": "windows", "version": "6.1", "family": "windows", "name": "Windows 7 Professional"}, "id": "19fc45ac-5890-4f96-81b1-50ed111c0ce4", "hostname": "CLIENT1", "architecture": "x86"}, "agent": {"id": "0b755aca-0a9a-454a-9800-1979901962a0", "version": "7.2.0", "type": "winlogbeat", "ephemeral_id": "33f6eec2-a7ba-4caa-97b3-ea43b4f5e172", "hostname": "CLIENT1"}, "ecs": {"version": "1.0.0"}, "message": "The winlogbeat service entered the running state."}
{"@timestamp": "2019-08-02T09:46:39.000Z", "@metadata": {"beat": "winlogbeat", "type": "_doc", "version": "7.2.0", "topic": "wineventlog_raw"}, "ecs": {"version": "1.0.0"}, "host": {"hostname": "CLIENT1", "architecture": "x86", "os": {"version": "6.1", "family": "windows", "name": "Windows 7 Professional", "kernel": "6.1.7601.18741 (win7sp1_gdr.150202-1526)", "build": "7601.0", "platform": "windows"}, "name": "CLIENT1", "id": "19fc45ac-5890-4f96-81b1-50ed111c0ce4"}, "winlog": {"channel": "Application", "event_id": 0, "provider_name": "FreeSSHDService", "record_id": 2904, "task": "", "api": "wineventlog", "computer_name": "CLIENT1", "event_data": {"param1": "Service started"}}, "event": {"kind": "event", "code": 0, "created": "2019-08-05T08:54:06.439Z"}, "log": {"level": "information"}, "agent": {"ephemeral_id": "33f6eec2-a7ba-4caa-97b3-ea43b4f5e172", "hostname": "CLIENT1", "id": "0b755aca-0a9a-454a-9800-1979901962a0", "version": "7.2.0", "type": "winlogbeat"}}
{"@timestamp": "2019-08-02T09:49:11.000Z", "@metadata": {"beat": "winlogbeat", "type": "_doc", "version": "7.2.0", "topic": "wineventlog_raw"}, "message": "These policies are being excluded since they are only defined with override-only attribute.\nPolicy Names=(IIS-W3SVC-MaxConcurrentRequests) (Microsoft.Windows.Smc-Enabled) (Shell-InBoxGames-FreeCell-EnableGame) (Shell-InBoxGames-Hearts-EnableGame) (Shell-InBoxGames-Minesweeper-EnableGame) (Shell-InBoxGames-PurblePlace-EnableGame) (Shell-InBoxGames-Shanghai-EnableGame) (Shell-InBoxGames-Solitaire-EnableGame) (Shell-InBoxGames-SpiderSolitaire-EnableGame) (Shell-MultiplayerInboxGames-Backgammon-EnableGame) (Shell-MultiplayerInboxGames-Checkers-EnableGame) (Shell-MultiplayerInboxGames-Spades-EnableGame) (Shell-PremiumInBoxGames-Chess-EnableGame) (Telnet-Client-EnableTelnetClient) (Telnet-Server-EnableTelnetServer) (TiffIFilterLicensing-EnableTiffIFilter) \nApp Id=55c92734-d682-4d71-983e-d6ec3f16059f\nSku Id=c1e88de3-96c4-4563-ad7d-775f65b1e670", "ecs": {"version": "1.0.0"}, "host": {"name": "CLIENT1", "id": "19fc45ac-5890-4f96-81b1-50ed111c0ce4", "hostname": "CLIENT1", "architecture": "x86", "os": {"name": "Windows 7 Professional", "kernel": "6.1.7601.18741 (win7sp1_gdr.150202-1526)", "build": "7601.0", "platform": "windows", "version": "6.1", "family": "windows"}}, "agent": {"id": "0b755aca-0a9a-454a-9800-1979901962a0", "version": "7.2.0", "type": "winlogbeat", "ephemeral_id": "33f6eec2-a7ba-4caa-97b3-ea43b4f5e172", "hostname": "CLIENT1"}, "winlog": {"provider_name": "Microsoft-Windows-Security-SPP", "event_data": {"param1": "(IIS-W3SVC-MaxConcurrentRequests) (Microsoft.Windows.Smc-Enabled) (Shell-InBoxGames-FreeCell-EnableGame) (Shell-InBoxGames-Hearts-EnableGame) (Shell-InBoxGames-Minesweeper-EnableGame) (Shell-InBoxGames-PurblePlace-EnableGame) (Shell-InBoxGames-Shanghai-EnableGame) (Shell-InBoxGames-Solitaire-EnableGame) (Shell-InBoxGames-SpiderSolitaire-EnableGame) (Shell-MultiplayerInboxGames-Backgammon-EnableGame) (Shell-MultiplayerInboxGames-Checkers-EnableGame) (Shell-MultiplayerInboxGames-Spades-EnableGame) (Shell-PremiumInBoxGames-Chess-EnableGame) (Telnet-Client-EnableTelnetClient) (Telnet-Server-EnableTelnetServer) (TiffIFilterLicensing-EnableTiffIFilter) ", "param2": "55c92734-d682-4d71-983e-d6ec3f16059f", "param3": "c1e88de3-96c4-4563-ad7d-775f65b1e670"}, "keywords": ["Classic"], "channel": "Application", "computer_name": "CLIENT1", "event_id": 1033, "record_id": 2919, "api": "wineventlog", "provider_guid": "{E23B33B0-C8C9-472C-A5F9-F2BDFEA0F156}", "task": ""}, "event": {"kind": "event", "code": 1033, "created": "2019-08-05T08:54:06.439Z"}, "log": {"level": "information"}}
{"pseudonym": "cd1a3afeeac92cb813605e21e464de7db0ca53fa0190d3a1372a46f60ddd0712", "origin": "Q0mbif/zBOLBgru9VJsykj/795DQjRqQieRQz3ZkYnzGs0WsoY8tILJD+59xEDJB1fMGVAq9Tui4e1ABWSzI6KVbo+d60u3JEEbDbeo2zvmVAq83H+ZKXfMcJICNIw4Ilorn97aOcdd3Ezvm5KjU9CAAMG7bSBvv8bXeybVIpu0H3nGL2nV8ruOqg/sULjcTW20xoEJ9RwmluTHSv1fMrDjY1oyKzAXqC4Thpnn7w95Sht7r4nfR2LLwhCpGJnZL4mu7ACoOzbcST3aHaiRjoEthtH0SiwuOrZo6Yp4u8iqsyQWlBtJgs+JRSdM0mnP05INxnZCFITjWw9vwrvn66B0Gg2LXNcCpFsj75olE1wA="}
{"pseudonym": "2246ce99b75c4aebaf0cd5d095e35cdb0cbf0f8adaf28ed864467242b621c30c", "origin": "Al5qWqCf9WS4Ntne9TXkxSqtMgndqWMVXTKZKnP1XRDAkJaNexM0MbF1jhD6DtKNsgW9j5g7Ykx2uAgkPhs8lV1iCxf7ZXpiudTmX/5dPfg2qgwmtBwLcmzMeTXNfEeVnMvvMEHL2ByURyJF61sVE5BTFs43D1NnufnKLDxQQe5H4vPgPWunENbVexM9a6fTZ00Ch+mYW15kUH1252XkRezo+WVeSeV18BJ/OYfo+7cBSaoDM96EWgZ2fAdoVW4i1+/EJcOgvFrXOj8ZAk9Bd17/R9Mz1/fi8Dnc2qJjf4bUPbHCHWZfunkCair0ae7wDCwU7fK3+Lg0WI0KaMoTzP/vHBm9KswluQVvY9IAxl0nKZehu+YWMAFT7kuykC9QTnrOBTxN7mSfejbn+ozqBqV85bgT"}
{"@timestamp": "2019-08-05T08:55:37.526Z", "@metadata": {"beat": "winlogbeat", "type": "_doc", "version": "7.2.0", "topic": "wineventlog_raw"}, "host": {"name": "CLIENT1", "id": "19fc45ac-5890-4f96-81b1-50ed111c0ce4", "hostname": "CLIENT1", "architecture": "x86", "os": {"name": "Windows 7 Professional", "kernel": "6.1.7601.18741 (win7sp1_gdr.150202-1526)", "build": "7601.0", "platform": "windows", "version": "6.1", "family": "windows"}}, "agent": {"type": "winlogbeat", "ephemeral_id": "33f6eec2-a7ba-4caa-97b3-ea43b4f5e172", "hostname": "CLIENT1", "id": "0b755aca-0a9a-454a-9800-1979901962a0", "version": "7.2.0"}, "winlog": {"process": {"pid": 376, "thread": {"id": 404}}, "provider_guid": "{DBE9B383-7CF3-4331-91CC-A3CB16A3B538}", "api": "wineventlog", "user": {"name": "SYSTEM", "domain": "NT AUTHORITY", "type": "User", "identifier": "<pseudonym:cd1a3afeeac92cb813605e21e464de7db0ca53fa0190d3a1372a46f60ddd0712>"}, "event_id": 7001, "provider_name": "Microsoft-Windows-Winlogon", "record_id": 11757, "activity_id": "{67144949-5132-4859-8036-A737B43825D8}", "event_data": {"TSId": "1", "UserSid": "<pseudonym:2246ce99b75c4aebaf0cd5d095e35cdb0cbf0f8adaf28ed864467242b621c30c>"}, "channel": "System", "task": "", "computer_name": "CLIENT1", "opcode": "Info"}, "event": {"created": "2019-08-05T08:55:38.403Z", "kind": "event", "code": 7001}, "log": {"level": "information"}, "message": "User Logon Notification for Customer Experience Improvement Program", "ecs": {"version": "1.0.0"}}
{"pseudonym": "e887f3a09fdddf7c81a563b81f90ed9499d86badaa6173d1aa197a2b544d13b1", "origin": "JTMGtkpQQrTyJ4T3qiIkcmFHeHXjCpYjerMz42D2dBpg1Mg44y9XKhuNC86nY+zXJ5J0gIIrkG9nOQK/1LYaA1Db5pqcEe+/XiJDt3A8p72nZxB04TLQ3kYRqw1RNZixD3eeyEekyaAgAvmmBabLJ8toX+oZYv4J8sKjhGYKo26SF/n5T0IlYV5dczftrzQyYACZbkKJjSm/ENLgvIZYsUoB+PZB9cyK0FUbytsHNFc8QWC9XViuoS9AVcyS1q0FmaMg1/pARoPqGMDw+4lLkDKqKelpnTQe4q9L9gTP8CKwTShgtaG+xxV6rAKLr4Bk+I8R1yZriGC0Kys14QvrEShIbbC/JJUwEDwfyn5R9aU="}
{"pseudonym": "f119e812403f34bc9c93a15392e371bd51bfd51f59deda80c5caac2a6f172b3c", "origin": "bUcJsZHMrNC0A0Dq6eTmssqhOL9dS542QpSgLAJ57fBThQOWZNEe7grsrewpIXm0hI2m74cbFYnT84/SqVzTrSexElU2/Uvz7T6A2jtZNea0wXBpCYTONIP8EWN6DiSvJSfKdNd3bJM2cCdn32lcQ7xexaL0a+xzwlbnlR+xD605Qg3BKR7vQ7TRov76eAkQ5tpo71nizdCNSwltIwxThZ6HKd7G0MV+hn0ejPKJi6Kdf6gxAn/jeahqUXUUaGEncl9MVycF+h38WF6VB7SculoOZA4FOJgaocjQQQBjaELqm4Oq3xmKlNtISNpVo46kGHGK3IWt2/+XQ90ZRZLiuEAZwnTX+aNi81kocfOk"}
{"pseudonym": "cd1a3afeeac92cb813605e21e464de7db0ca53fa0190d3a1372a46f60ddd0712", "origin": "CVgcWjn9VH6PEfuf1WFl6xLJbshOKqWayIb/LpsjsrKXWkyRuLcuKbOLjiyU0mLc17295Hcme2PwKYSo1IoEbnMoqTiBtMHy81BlFNUpC1KabuVmZj+O7U8Y/xmJmO3XR/OqAdWnYk3npeAjRtzv5OSSHly/wGikr7KybV2kGlPkSCB7ex9NWDx/u5aoGiph6296ldxvFb//7vZFwOukv2Zo+KwXmDdXZagZ8lG86bd4BWJq8mgMXQPtupl65TCpU0H/yCiwD+JU3YqTcawmoZ17UEn413YK0NqKPPcReSsM85jSLhkTWqliNHayLA7DLencBsAhZagCzfQD0wQagQsmZJ7kTkint3uNelb6RNI="}
{"@timestamp": "2019-08-05T08:55:37.244Z", "@metadata": {"beat": "winlogbeat", "type": "_doc", "version": "7.2.0", "topic": "wineventlog_raw"}, "event": {"action": "Logon", "created": "2019-08-05T08:55:39.047Z", "kind": "event", "category": "authentication", "type": "authentication_success", "code": 4624}, "log": {"level": "information"}, "user": {"id": "S-1-5-21-1918032094-2382968797-800248713-1000", "name": "<pseudonym:f119e812403f34bc9c93a15392e371bd51bfd51f59deda80c5caac2a6f172b3c>", "domain": "CLIENT1"}, "ecs": {"version": "1.0.0"}, "agent": {"hostname": "CLIENT1", "id": "0b755aca-0a9a-454a-9800-1979901962a0", "version": "7.2.0", "type": "winlogbeat", "ephemeral_id": "33f6eec2-a7ba-4caa-97b3-ea43b4f5e172"}, "winlog": {"provider_guid": "{54849625-5478-4994-A5BA-3E3B0328C30D}", "process": {"pid": 444, "thread": {"id": 308}}, "computer_name": "CLIENT1", "opcode": "Info", "channel": "Security", "provider_name": "Microsoft-Windows-Security-Auditing", "api": "wineventlog", "event_id": 4624, "keywords": ["Audit Success"], "event_data": {"KeyLength": "0", "LogonType": "2", "TransmittedServices": "-", "SubjectLogonId": "0x3e7", "SubjectUserName": "<pseudonym:e887f3a09fdddf7c81a563b81f90ed9499d86badaa6173d1aa197a2b544d13b1>", "AuthenticationPackageName": "Negotiate", "SubjectUserSid": "<pseudonym:cd1a3afeeac92cb813605e21e464de7db0ca53fa0190d3a1372a46f60ddd0712>", "TargetLogonId": "0x1b8a3", "LmPackageName": "-", "LogonGuid": "{00000000-0000-0000-0000-000000000000}", "SubjectDomainName": "WORKGROUP", "LogonProcessName": "User32 "}, "record_id": 4693, "task": "Logon"}, "message": "An account was successfully logged on.\n\nSubject:\n\tSecurity ID:\t\tS-1-5-18\n\tAccount Name:\t\tCLIENT1$\n\tAccount Domain:\t\tWORKGROUP\n\tLogon ID:\t\t0x3e7\n\nLogon Type:\t\t\t2\n\nNew Logon:\n\tSecurity ID:\t\tS-1-5-21-1918032094-2382968797-800248713-1000\n\tAccount Name:\t\tbreach\n\tAccount Domain:\t\tCLIENT1\n\tLogon ID:\t\t0x1b8a3\n\tLogon GUID:\t\t{00000000-0000-0000-0000-000000000000}\n\nProcess Information:\n\tProcess ID:\t\t0x178\n\tProcess Name:\t\tC:\\Windows\\System32\\winlogon.exe\n\nNetwork Information:\n\tWorkstation Name:\tCLIENT1\n\tSource Network Address:\t127.0.0.1\n\tSource Port:\t\t0\n\nDetailed Authentication Information:\n\tLogon Process:\t\tUser32 \n\tAuthentication Package:\tNegotiate\n\tTransited Services:\t-\n\tPackage Name (NTLM only):\t-\n\tKey Length:\t\t0\n\nThis event is generated when a logon session is created. It is generated on the computer that was accessed.\n\nThe subject fields indicate the account on the local system which requested the logon. This is most commonly a service such as the Server service, or a local process such as Winlogon.exe or Services.exe.\n\nThe logon type field indicates the kind of logon that occurred. The most common types are 2 (interactive) and 3 (network).\n\nThe New Logon fields indicate the account for whom the new logon was created, i.e. the account that was logged on.\n\nThe network fields indicate where a remote logon request originated. Workstation name is not always available and may be left blank in some cases.\n\nThe authentication information fields provide detailed information about this specific logon request.\n\t- Logon GUID is a unique identifier that can be used to correlate this event with a KDC event.\n\t- Transited services indicate which intermediate services have participated in this logon request.\n\t- Package name indicates which sub-protocol was used among the NTLM protocols.\n\t- Key length indicates the length of the generated session key. This will be 0 if no session key was requested.", "process": {"pid": 376, "executable": "C:\\Windows\\System32\\winlogon.exe", "name": "winlogon.exe"}, "source": {"ip": "127.0.0.1", "port": 0, "domain": "CLIENT1"}, "host": {"name": "CLIENT1", "os": {"build": "7601.0", "platform": "windows", "version": "6.1", "family": "windows", "name": "Windows 7 Professional", "kernel": "6.1.7601.18741 (win7sp1_gdr.150202-1526)"}, "id": "19fc45ac-5890-4f96-81b1-50ed111c0ce4", "hostname": "CLIENT1", "architecture": "x86"}}
{"pseudonym": "e887f3a09fdddf7c81a563b81f90ed9499d86badaa6173d1aa197a2b544d13b1", "origin": "teu7OfW5VtNtYDFJn2zWydseekwl6UMx60dVqU8kdCxIaWr3rukELWeerTDZV9sXew4GWzU/1XMfgqXRTEwZHX+cQ4HA8SoKZzN3H7c54JxOJZTtjezMtPrUGNoU0v6jChvLLSOLa/m/sqDlTHNL2EeqKTaYakvykJrd/6fVQGN4XFW5NQ31TwXyEE0YlxvRtRuBx0/s1YVDc/sqpEflIoSmgj1QlX9hoUnhRpIq6GW7WcSWb6UBORZMOg5LZiLVGd8/ulIIXyzOQKfwowtAxAWYhA1VyWcWxkxqd4P83Vv1jP2z1dLX02j6V0L1tVt/8cmxL6GgSCBbtYc2lGyGDE+YbMnXmZ1RA0zlE0MDNsA="}
{"pseudonym": "cd1a3afeeac92cb813605e21e464de7db0ca53fa0190d3a1372a46f60ddd0712", "origin": "n7VbeJHm7v8SH1H3ha6jB3juIZEezUHF4Wr00grMnbKPGQ4wMlKnXpwv4aZ7VwH/W7CCe4OK/qaWJiPtMhCIXPukb3CIUdMHpNhwG0HyDABJDgHW2qBQRUYk0WtKkPD0zpJtz5xdUEaQXAyDfPybJbJ3Xzny7IGfeASjf8etTTJRm68F/V9fsif+8gbgmEt5Bc4OXJDZRFY2FOOZ4TFdofGdV8z8v7g6BEMtwURa57cnLp3eIxAFD5uk7TSGlTxg1YtZ2s4E1zyGGx/jPl1+GaYxGQvMNol/c5KKikSKwQAsKru/h9GNEEVWS9yI1/f8D+9lX4r2p8epAsKJdFPfkQx2nFbjjW2JANY15/9GwpY="}
{"@timestamp": "2019-07-30T14:32:42.956Z", "@metadata": {"beat": "winlogbeat", "type": "_doc", "version": "7.2.0", "topic": "wineventlog_raw"}, "event": {"created": "2019-08-02T09:55:11.924Z", "kind": "event", "code": 4616, "action": "Security State Change"}, "log": {"level": "information"}, "message": "The system time was changed.\n\nSubject:\n\tSecurity ID:\t\tS-1-5-18\n\tAccount Name:\t\tCLIENT1$\n\tAccount Domain:\t\tWORKGROUP\n\tLogon ID:\t\t0x3e7\n\nProcess Information:\n\tProcess ID:\t0x5b4\n\tName:\t\tC:\\Program Files\\NetTime\\NetTimeService.exe\n\nPrevious Time:\t\t\u200e2019\u200e-\u200e07\u200e-\u200e30T14:32:43.696626600Z\nNew Time:\t\t\u200e2019\u200e-\u200e07\u200e-\u200e30T14:32:42.956000000Z\n\nThis event is generated when the system time is changed. It is normal for the Windows Time Service, which runs with System privilege, to change the system time on a regular basis. Other system time changes may be indicative of attempts to tamper with the computer.", "winlog": {"provider_guid": "{54849625-5478-4994-A5BA-3E3B0328C30D}", "version": 1, "event_id": 4616, "record_id": 4635, "task": "Security State Change", "process": {"thread": {"id": 60}, "pid": 4}, "provider_name": "Microsoft-Windows-Security-Auditing", "keywords": ["Audit Success"], "event_data": {"SubjectLogonId": "0x3e7", "PreviousTime": "2019-07-30T14:32:43.696626600Z", "NewTime": "2019-07-30T14:32:42.956000000Z", "ProcessId": "0x5b4", "ProcessName": "C:\\Program Files\\NetTime\\NetTimeService.exe", "SubjectUserSid": "<pseudonym:cd1a3afeeac92cb813605e21e464de7db0ca53fa0190d3a1372a46f60ddd0712>", "SubjectUserName": "<pseudonym:e887f3a09fdddf7c81a563b81f90ed9499d86badaa6173d1aa197a2b544d13b1>", "SubjectDomainName": "WORKGROUP"}, "channel": "Security", "api": "wineventlog", "computer_name": "CLIENT1", "opcode": "Info"}, "ecs": {"version": "1.0.0"}, "host": {"os": {"kernel": "6.1.7601.18741 (win7sp1_gdr.150202-1526)", "build": "7601.0", "platform": "windows", "version": "6.1", "family": "windows", "name": "Windows 7 Professional"}, "id": "19fc45ac-5890-4f96-81b1-50ed111c0ce4", "hostname": "CLIENT1", "architecture": "x86", "name": "CLIENT1"}, "agent": {"type": "winlogbeat", "ephemeral_id": "de845cd9-5141-4c92-ad32-27a4518307e9", "hostname": "CLIENT1", "id": "0b755aca-0a9a-454a-9800-1979901962a0", "version": "7.2.0"}}
{"@timestamp": "2019-08-02T09:46:16.625Z", "@metadata": {"beat": "winlogbeat", "type": "_doc", "version": "7.2.0", "topic": "wineventlog_raw"}, "event": {"kind": "event", "code": 4608, "action": "Security State Change", "created": "2019-08-02T09:55:11.925Z"}, "log": {"level": "information"}, "message": "Windows is starting up.\n\nThis event is logged when LSASS.EXE starts and the auditing subsystem is initialized.", "winlog": {"computer_name": "CLIENT1", "api": "wineventlog", "keywords": ["Audit Success"], "task": "Security State Change", "provider_name": "Microsoft-Windows-Security-Auditing", "event_id": 4608, "process": {"pid": 448, "thread": {"id": 452}}, "channel": "Security", "record_id": 4640, "opcode": "Info", "provider_guid": "{54849625-5478-4994-A5BA-3E3B0328C30D}"}, "agent": {"type": "winlogbeat", "ephemeral_id": "de845cd9-5141-4c92-ad32-27a4518307e9", "hostname": "CLIENT1", "id": "0b755aca-0a9a-454a-9800-1979901962a0", "version": "7.2.0"}, "ecs": {"version": "1.0.0"}, "host": {"os": {"name": "Windows 7 Professional", "kernel": "6.1.7601.18741 (win7sp1_gdr.150202-1526)", "build": "7601.0", "platform": "windows", "version": "6.1", "family": "windows"}, "id": "19fc45ac-5890-4f96-81b1-50ed111c0ce4", "name": "CLIENT1", "hostname": "CLIENT1", "architecture": "x86"}}
{"@timestamp": "2019-07-30T14:38:13.744Z", "@metadata": {"beat": "winlogbeat", "type": "_doc", "version": "7.2.0", "topic": "wineventlog_raw"}, "winlog": {"channel": "System", "task": "", "event_data": {"param1": "Windows Font Cache Service", "param2": "stopped", "Binary": "46006F006E007400430061006300680065002F0031000000"}, "event_id": 7036, "api": "wineventlog", "computer_name": "CLIENT1", "process": {"pid": 436, "thread": {"id": 2808}}, "record_id": 11560, "keywords": ["Classic"], "provider_name": "Service Control Manager", "provider_guid": "{555908d1-a6d7-4695-8e1e-26931d2012f4}"}, "event": {"kind": "event", "code": 7036, "created": "2019-08-02T09:55:11.995Z"}, "log": {"level": "information"}, "message": "The Windows Font Cache Service service entered the stopped state.", "ecs": {"version": "1.0.0"}, "host": {"name": "CLIENT1", "architecture": "x86", "os": {"family": "windows", "name": "Windows 7 Professional", "kernel": "6.1.7601.18741 (win7sp1_gdr.150202-1526)", "build": "7601.0", "platform": "windows", "version": "6.1"}, "id": "19fc45ac-5890-4f96-81b1-50ed111c0ce4", "hostname": "CLIENT1"}, "agent": {"type": "winlogbeat", "ephemeral_id": "de845cd9-5141-4c92-ad32-27a4518307e9", "hostname": "CLIENT1", "id": "0b755aca-0a9a-454a-9800-1979901962a0", "version": "7.2.0"}}
{"@timestamp": "2019-07-30T14:38:14.933Z", "@metadata": {"beat": "winlogbeat", "type": "_doc", "version": "7.2.0", "topic": "wineventlog_raw"}, "ecs": {"version": "1.0.0"}, "host": {"name": "CLIENT1", "id": "19fc45ac-5890-4f96-81b1-50ed111c0ce4", "hostname": "CLIENT1", "architecture": "x86", "os": {"build": "7601.0", "platform": "windows", "version": "6.1", "family": "windows", "name": "Windows 7 Professional", "kernel": "6.1.7601.18741 (win7sp1_gdr.150202-1526)"}}, "winlog": {"channel": "System", "api": "wineventlog", "computer_name": "CLIENT1", "keywords": ["Classic"], "provider_guid": "{555908d1-a6d7-4695-8e1e-26931d2012f4}", "event_id": 7036, "provider_name": "Service Control Manager", "event_data": {"param1": "User Profile Service", "param2": "stopped", "Binary": "500072006F0066005300760063002F0031000000"}, "record_id": 11568, "process": {"thread": {"id": 2808}, "pid": 436}, "task": ""}, "event": {"code": 7036, "created": "2019-08-02T09:55:11.996Z", "kind": "event"}, "log": {"level": "information"}, "message": "The User Profile Service service entered the stopped state.", "agent": {"hostname": "CLIENT1", "id": "0b755aca-0a9a-454a-9800-1979901962a0", "version": "7.2.0", "type": "winlogbeat", "ephemeral_id": "de845cd9-5141-4c92-ad32-27a4518307e9"}}
{"@timestamp": "2019-07-30T14:38:15.031Z", "@metadata": {"beat": "winlogbeat", "type": "_doc", "version": "7.2.0", "topic": "wineventlog_raw"}, "message": "The UPnP Device Host service entered the stopped state.", "winlog": {"computer_name": "CLIENT1", "provider_name": "Service Control Manager", "process": {"pid": 436, "thread": {"id": 2808}}, "channel": "System", "provider_guid": "{555908d1-a6d7-4695-8e1e-26931d2012f4}", "keywords": ["Classic"], "event_data": {"param1": "UPnP Device Host", "param2": "stopped", "Binary": "750070006E00700068006F00730074002F0031000000"}, "api": "wineventlog", "event_id": 7036, "record_id": 11574, "task": ""}, "event": {"code": 7036, "created": "2019-08-02T09:55:11.996Z", "kind": "event"}, "log": {"level": "information"}, "ecs": {"version": "1.0.0"}, "host": {"hostname": "CLIENT1", "architecture": "x86", "name": "CLIENT1", "os": {"version": "6.1", "family": "windows", "name": "Windows 7 Professional", "kernel": "6.1.7601.18741 (win7sp1_gdr.150202-1526)", "build": "7601.0", "platform": "windows"}, "id": "19fc45ac-5890-4f96-81b1-50ed111c0ce4"}, "agent": {"id": "0b755aca-0a9a-454a-9800-1979901962a0", "version": "7.2.0", "type": "winlogbeat", "ephemeral_id": "de845cd9-5141-4c92-ad32-27a4518307e9", "hostname": "CLIENT1"}}
{"pseudonym": "cd1a3afeeac92cb813605e21e464de7db0ca53fa0190d3a1372a46f60ddd0712", "origin": "KKHWyznRpesUmhzfNqur52oAFwKZavXV+stFYtYWEmZN7/cbnTyaFY1uF9FzIEP0MXif1C/RSbfa9SKgWLy77FE26URg0vYGo2XqqBcZiqJrCtClBTksTYvud0FAzCveTLFaQ04L2Hkc8IZLmvmwdjPINS+Uux5TegrzwwRrM7DWcSf8iNiXhjZuZDUquydCK7qYZiTYDBWOvk4d+KjVD/GEjaprzyvwNoY7ooFY+kuK6xytNcyVSJSsYaQJlldlqAUl6IFJpvrLWGJey4dE1KolvF/6V+/yOWAkLyG5ZqdyXBBVnpzUkWKq07rLcQ7wqinEaZmkBKePZT5saqBSsvm6Gv5gGtsJUOb/7Zz2zkk="}
{"@timestamp": "2019-08-02T09:46:07.625Z", "@metadata": {"beat": "winlogbeat", "type": "_doc", "version": "7.2.0", "topic": "wineventlog_raw"}, "agent": {"type": "winlogbeat", "ephemeral_id": "de845cd9-5141-4c92-ad32-27a4518307e9", "hostname": "CLIENT1", "id": "0b755aca-0a9a-454a-9800-1979901962a0", "version": "7.2.0"}, "ecs": {"version": "1.0.0"}, "host": {"name": "CLIENT1", "hostname": "CLIENT1", "architecture": "x86", "os": {"kernel": "6.1.7601.18741 (win7sp1_gdr.150202-1526)", "build": "7601.0", "platform": "windows", "version": "6.1", "family": "windows", "name": "Windows 7 Professional"}, "id": "19fc45ac-5890-4f96-81b1-50ed111c0ce4"}, "winlog": {"event_id": 6, "record_id": 11587, "task": "", "computer_name": "CLIENT1", "event_data": {"DeviceNameLength": "8", "DeviceName": "FileInfo", "DeviceTime": "2009-07-14T01:21:51.000000000Z", "FinalStatus": "0x0", "DeviceVersionMajor": "6", "DeviceVersionMinor": "1"}, "process": {"pid": 4, "thread": {"id": 8}}, "opcode": "Info", "user": {"type": "User", "identifier": "<pseudonym:cd1a3afeeac92cb813605e21e464de7db0ca53fa0190d3a1372a46f60ddd0712>", "name": "SYSTEM", "domain": "NT AUTHORITY"}, "provider_guid": "{F3C5E28E-63F6-49C7-A204-E48A1BC4B09D}", "api": "wineventlog", "channel": "System", "provider_name": "Microsoft-Windows-FilterManager"}, "event": {"kind": "event", "code": 6, "created": "2019-08-02T09:55:11.997Z"}, "log": {"level": "information"}, "message": "File System Filter 'FileInfo' (6.1, \u200e2009\u200e-\u200e07\u200e-\u200e14T01:21:51.000000000Z) has successfully loaded and registered with Filter Manager."}
{"@timestamp": "2019-08-02T09:46:24.531Z", "@metadata": {"beat": "winlogbeat", "type": "_doc", "version": "7.2.0", "topic": "wineventlog_raw"}, "ecs": {"version": "1.0.0"}, "host": {"name": "CLIENT1", "architecture": "x86", "os": {"platform": "windows", "version": "6.1", "family": "windows", "name": "Windows 7 Professional", "kernel": "6.1.7601.18741 (win7sp1_gdr.150202-1526)", "build": "7601.0"}, "id": "19fc45ac-5890-4f96-81b1-50ed111c0ce4", "hostname": "CLIENT1"}, "event": {"code": 7036, "created": "2019-08-02T09:55:11.997Z", "kind": "event"}, "log": {"level": "information"}, "message": "The Desktop Window Manager Session Manager service entered the running state.", "winlog": {"keywords": ["Classic"], "process": {"pid": 440, "thread": {"id": 520}}, "channel": "System", "record_id": 11606, "computer_name": "CLIENT1", "provider_name": "Service Control Manager", "provider_guid": "{555908d1-a6d7-4695-8e1e-26931d2012f4}", "event_data": {"param1": "Desktop Window Manager Session Manager", "param2": "running", "Binary": "5500780053006D0073002F0034000000"}, "event_id": 7036, "task": "", "api": "wineventlog"}, "agent": {"type": "winlogbeat", "ephemeral_id": "de845cd9-5141-4c92-ad32-27a4518307e9", "hostname": "CLIENT1", "id": "0b755aca-0a9a-454a-9800-1979901962a0", "version": "7.2.0"}}
{"@timestamp": "2019-08-02T09:46:25.531Z", "@metadata": {"beat": "winlogbeat", "type": "_doc", "version": "7.2.0", "topic": "wineventlog_raw"}, "host": {"id": "19fc45ac-5890-4f96-81b1-50ed111c0ce4", "hostname": "CLIENT1", "name": "CLIENT1", "architecture": "x86", "os": {"family": "windows", "name": "Windows 7 Professional", "kernel": "6.1.7601.18741 (win7sp1_gdr.150202-1526)", "build": "7601.0", "platform": "windows", "version": "6.1"}}, "agent": {"ephemeral_id": "de845cd9-5141-4c92-ad32-27a4518307e9", "hostname": "CLIENT1", "id": "0b755aca-0a9a-454a-9800-1979901962a0", "version": "7.2.0", "type": "winlogbeat"}, "winlog": {"keywords": ["Classic"], "api": "wineventlog", "computer_name": "CLIENT1", "event_data": {"Binary": "6E00730069002F0034000000", "param1": "Network Store Interface Service", "param2": "running"}, "process": {"pid": 440, "thread": {"id": 528}}, "provider_name": "Service Control Manager", "record_id": 11608, "task": "", "provider_guid": "{555908d1-a6d7-4695-8e1e-26931d2012f4}", "channel": "System", "event_id": 7036}, "event": {"kind": "event", "code": 7036, "created": "2019-08-02T09:55:11.997Z"}, "log": {"level": "information"}, "message": "The Network Store Interface Service service entered the running state.", "ecs": {"version": "1.0.0"}}
{"@timestamp": "2019-08-02T09:46:36.609Z", "@metadata": {"beat": "winlogbeat", "type": "_doc", "version": "7.2.0", "topic": "wineventlog_raw"}, "agent": {"version": "7.2.0", "type": "winlogbeat", "ephemeral_id": "de845cd9-5141-4c92-ad32-27a4518307e9", "hostname": "CLIENT1", "id": "0b755aca-0a9a-454a-9800-1979901962a0"}, "ecs": {"version": "1.0.0"}, "host": {"name": "CLIENT1", "hostname": "CLIENT1", "architecture": "x86", "os": {"family": "windows", "name": "Windows 7 Professional", "kernel": "6.1.7601.18741 (win7sp1_gdr.150202-1526)", "build": "7601.0", "platform": "windows", "version": "6.1"}, "id": "19fc45ac-5890-4f96-81b1-50ed111c0ce4"}, "winlog": {"computer_name": "CLIENT1", "event_data": {"Binary": "4400500053002F0034000000", "param1": "Diagnostic Policy Service", "param2": "running"}, "process": {"pid": 440, "thread": {"id": 524}}, "channel": "System", "keywords": ["Classic"], "provider_guid": "{555908d1-a6d7-4695-8e1e-26931d2012f4}", "provider_name": "Service Control Manager", "event_id": 7036, "record_id": 11620, "task": "", "api": "wineventlog"}, "event": {"kind": "event", "code": 7036, "created": "2019-08-02T09:55:11.998Z"}, "log": {"level": "information"}, "message": "The Diagnostic Policy Service service entered the running state."}
{"@timestamp": "2019-08-02T09:51:20.800Z", "@metadata": {"beat": "winlogbeat", "type": "_doc", "version": "7.2.0", "topic": "wineventlog_raw"}, "host": {"name": "CLIENT1", "id": "19fc45ac-5890-4f96-81b1-50ed111c0ce4", "hostname": "CLIENT1", "architecture": "x86", "os": {"name": "Windows 7 Professional", "kernel": "6.1.7601.18741 (win7sp1_gdr.150202-1526)", "build": "7601.0", "platform": "windows", "version": "6.1", "family": "windows"}}, "agent": {"version": "7.2.0", "type": "winlogbeat", "ephemeral_id": "de845cd9-5141-4c92-ad32-27a4518307e9", "hostname": "CLIENT1", "id": "0b755aca-0a9a-454a-9800-1979901962a0"}, "winlog": {"process": {"thread": {"id": 1792}, "pid": 440}, "task": "", "computer_name": "CLIENT1", "event_id": 7036, "provider_name": "Service Control Manager", "event_data": {"param2": "stopped", "Binary": "4D004D004300530053002F0031000000", "param1": "Multimedia Class Scheduler"}, "channel": "System", "record_id": 11657, "api": "wineventlog", "keywords": ["Classic"], "provider_guid": "{555908d1-a6d7-4695-8e1e-26931d2012f4}"}, "event": {"created": "2019-08-02T09:55:12.089Z", "kind": "event", "code": 7036}, "log": {"level": "information"}, "message": "The Multimedia Class Scheduler service entered the stopped state.", "ecs": {"version": "1.0.0"}}
{"@timestamp": "2019-08-02T09:54:58.281Z", "@metadata": {"beat": "winlogbeat", "type": "_doc", "version": "7.2.0", "topic": "wineventlog_raw"}, "event": {"created": "2019-08-02T09:55:12.091Z", "kind": "event", "code": 7036}, "log": {"level": "information"}, "message": "The Desktop Window Manager Session Manager service entered the running state.", "ecs": {"version": "1.0.0"}, "host": {"name": "CLIENT1", "architecture": "x86", "os": {"name": "Windows 7 Professional", "kernel": "6.1.7601.18741 (win7sp1_gdr.150202-1526)", "build": "7601.0", "platform": "windows", "version": "6.1", "family": "windows"}, "id": "19fc45ac-5890-4f96-81b1-50ed111c0ce4", "hostname": "CLIENT1"}, "agent": {"type": "winlogbeat", "ephemeral_id": "de845cd9-5141-4c92-ad32-27a4518307e9", "hostname": "CLIENT1", "id": "0b755aca-0a9a-454a-9800-1979901962a0", "version": "7.2.0"}, "winlog": {"provider_guid": "{555908d1-a6d7-4695-8e1e-26931d2012f4}", "event_id": 7036, "process": {"pid": 440, "thread": {"id": 528}}, "channel": "System", "task": "", "keywords": ["Classic"], "computer_name": "CLIENT1", "api": "wineventlog", "event_data": {"Binary": "5500780053006D0073002F0034000000", "param1": "Desktop Window Manager Session Manager", "param2": "running"}, "provider_name": "Service Control Manager", "record_id": 11721}}
{"pseudonym": "cd1a3afeeac92cb813605e21e464de7db0ca53fa0190d3a1372a46f60ddd0712", "origin": "rgABzk3ZA6hTbOV0onc+3XAGEFFEuXIRvuIK+7X1++vWB/qOzRvilWU3YdOdAsKzOXa4Rs4IRzzG7LQk+TeTLWG6S1E0hLXWNCEpN+Bk7YrFklvjnXJfMJvqiPEAEgGfoHVkjxz4AI7N8MYTFI9V1VtB6npBEplfIGz4mTnFq1oMwm3ma67jf1MNp4qeaDm9VajyjRPD6Gd5NjhwIbnpN4q61SdvfS5S4kmBuXRKZ5R/A/ibEqOoUyJ9yCF53SmInkgiXcEIHT+aPT89Js7NIr4tygXKzgVA/kEMYj5f0l7S+FnYnVVw45IsHZADZrilqvTrpFuX0IxZ3P5Y+D+HrStAC6+0cQWynPE+qxNJz4M="}
{"@timestamp": "2019-07-30T14:38:14.932Z", "@metadata": {"beat": "winlogbeat", "type": "_doc", "version": "7.2.0", "topic": "wineventlog_raw"}, "event": {"created": "2019-08-02T09:55:12.100Z", "kind": "event", "code": 1532}, "log": {"level": "information"}, "message": "The User Profile Service has stopped.  ", "ecs": {"version": "1.0.0"}, "host": {"name": "CLIENT1", "architecture": "x86", "os": {"platform": "windows", "version": "6.1", "family": "windows", "name": "Windows 7 Professional", "kernel": "6.1.7601.18741 (win7sp1_gdr.150202-1526)", "build": "7601.0"}, "id": "19fc45ac-5890-4f96-81b1-50ed111c0ce4", "hostname": "CLIENT1"}, "agent": {"version": "7.2.0", "type": "winlogbeat", "ephemeral_id": "de845cd9-5141-4c92-ad32-27a4518307e9", "hostname": "CLIENT1", "id": "0b755aca-0a9a-454a-9800-1979901962a0"}, "winlog": {"user": {"domain": "NT AUTHORITY", "type": "User", "identifier": "<pseudonym:cd1a3afeeac92cb813605e21e464de7db0ca53fa0190d3a1372a46f60ddd0712>", "name": "SYSTEM"}, "channel": "Application", "task": "", "computer_name": "CLIENT1", "provider_name": "Microsoft-Windows-User Profiles Service", "opcode": "Info", "process": {"pid": 772, "thread": {"id": 904}}, "event_id": 1532, "provider_guid": "{89B1E9F0-5AFF-44A6-9B44-0A07A7CE5845}", "record_id": 2901, "api": "wineventlog"}}
{"@timestamp": "2019-08-02T09:46:35.078Z", "@metadata": {"beat": "winlogbeat", "type": "_doc", "version": "7.2.0", "topic": "wineventlog_raw"}, "winlog": {"computer_name": "CLIENT1", "channel": "Security", "process": {"thread": {"id": 68}, "pid": 4}, "event_id": 5033, "provider_name": "Microsoft-Windows-Security-Auditing", "keywords": ["Audit Success"], "api": "wineventlog", "opcode": "Info", "provider_guid": "{54849625-5478-4994-A5BA-3E3B0328C30D}", "record_id": 4655, "task": "Other System Events"}, "event": {"code": 5033, "action": "Other System Events", "created": "2019-08-02T09:55:12.183Z", "kind": "event"}, "ecs": {"version": "1.0.0"}, "host": {"hostname": "CLIENT1", "architecture": "x86", "name": "CLIENT1", "os": {"family": "windows", "name": "Windows 7 Professional", "kernel": "6.1.7601.18741 (win7sp1_gdr.150202-1526)", "build": "7601.0", "platform": "windows", "version": "6.1"}, "id": "19fc45ac-5890-4f96-81b1-50ed111c0ce4"}, "agent": {"type": "winlogbeat", "ephemeral_id": "de845cd9-5141-4c92-ad32-27a4518307e9", "hostname": "CLIENT1", "id": "0b755aca-0a9a-454a-9800-1979901962a0", "version": "7.2.0"}, "log": {"level": "information"}, "message": "The Windows Firewall Driver started successfully."}
{"pseudonym": "91d121bc503735a145e0e9869d792d26f6b22784210a0daf5b63840be2abf69a", "origin": "pKyKGRz07cQCxcZoqdTUrBYyuwIkrhmLtRdLbPEJZXzKF1fUuwk1UEuwqa7NYTJRVKjW9fGjo57B1JKMmJtcZ6qhl9I73w3fpYzUxMkYRhO79fUQ7OyoP3oEBHIeAWIO/moWEvQmu2wmXkX2OQLSUFitmPDbCPITrSP4te/A7Fe6Pn4VNv3BBWvLTS/b24+3RJWCXbGS1UFQXM1J+dEJzQ5BgF35wWmxef8S7ysknC+CLyVeUoRo9jV5mvEkb32Ogif3DoeSBeCPjwf0abYRj2A+kBTagqh4xOvAdSOSSdLJyhW2tiNN/nQ1gHPZJrVg+2rayu3yd71ocIZ07SdK3JWqiMOzmn6Hjg=="}
{"pseudonym": "0a9c916a1c62614052ce38685fcd44542130ac1c6073e5b7a9a2cba0a2f994ad", "origin": "e3S3U4wZ3+lAICSlUF9evAs9TtsTt+s5/T2VJFbVaeys0hRi5HhSSRKxueRc8wyCJEb8FlIDjKjEuFWsWffzYeY67E63oXqkj7uKig1AdbGXN88H4Yupd5IjHpg5XILWSkVQKNOT30ZOHLtwQ/aQuvc0X6WnWGHTsJiK0WQ9xodGKThaUkuPi2sVo8aAi3Bt4fK/0pz159bJlVUYf733QokrifMGdPL9ELjJC3pUWwQDnnIAWKUXP/c7A/xH4sPLnXMhZ5eW4PW4HUMuyPq+Lvj9sZMAZQ7hlpps8fRK4VtkIa6PFWCVI3F2Jc+ctwUoQq0gz/F+29vY3xkhIyv90RHY+sIca+VcgxI4nUJqSKkGzxo8Gn13"}
{"pseudonym": "23248c71f7404e59aa79c6213a048486a57db314bcd3c62428d54a30e0d5a409", "origin": "T96fAiR0bBLBdX97Ph7BvDFRYG7bOIOLr1YkJ2j2DWJB7Z9DqaLhS5tTDXmAUV/hR5AlBlN4mCrNzSv/0J63VdFskrPmfVWErB3ghglTcWY0IksA2bap57WE6QhHexArevbeIZb9TvtUwft9eYQC4Y/c/Lv7U36kAdRCOwvmF6k7GPPpb/rLAcy2VCjRaFVocs81umXQvsLR36gsQg7hv51UZhQdcyGviOSunq62yqoQqzrwuKnWiAO+4AFAq/9T9hFYbiRB9zw3Ybp+9Sxubp0BGcqa62GHDxSA0UVavIszCeIGj38s3RpyNq8FYE+FB0u6LFV2KHQtKqFt5SC0RlVPnIM/20zS5joL+YM9CA=="}
{"pseudonym": "91d121bc503735a145e0e9869d792d26f6b22784210a0daf5b63840be2abf69a", "origin": "mykI37vtVTV3lpgFEh0XGD0JXATf17uY/MRNk0JfFXDjqV1JK5NQGAVqQpxHxDsxqADz7jPCaAtnzn6tuisf/Pdwi6KrHnyZYKNVkkildAEXg7L6xWuozt4iQZhW5QEef+DchbZQIcJ8Fc75LCgLHy96wO8bzrWjX3Vvsjnoxf56rxI764Rj1d7bh2Dkwd2CuhPZD+7A+lWw7IJa2JDt+fLodbgIZsfjiNk6wuAnPvLFYZrzPl8laMSNy9WlmRb/45ijooerxxMDhEPgpPSwCMwphYSRR4It0WgD7ynNYztLVR8/SPC2yRGnLZHDCXZncCeWMtKNkTdJjaRUhspPVf573/3yol1acA=="}
{"@timestamp": "2019-08-02T09:46:53.636Z", "@metadata": {"beat": "winlogbeat", "type": "_doc", "version": "7.2.0", "topic": "wineventlog_raw"}, "message": "An account was successfully logged on.\n\nSubject:\n\tSecurity ID:\t\tS-1-0-0\n\tAccount Name:\t\t-\n\tAccount Domain:\t\t-\n\tLogon ID:\t\t0x0\n\nLogon Type:\t\t\t3\n\nNew Logon:\n\tSecurity ID:\t\tS-1-5-7\n\tAccount Name:\t\tANONYMOUS LOGON\n\tAccount Domain:\t\tNT AUTHORITY\n\tLogon ID:\t\t0x14855\n\tLogon GUID:\t\t{00000000-0000-0000-0000-000000000000}\n\nProcess Information:\n\tProcess ID:\t\t0x0\n\tProcess Name:\t\t-\n\nNetwork Information:\n\tWorkstation Name:\t\n\tSource Network Address:\t-\n\tSource Port:\t\t-\n\nDetailed Authentication Information:\n\tLogon Process:\t\tNtLmSsp \n\tAuthentication Package:\tNTLM\n\tTransited Services:\t-\n\tPackage Name (NTLM only):\tNTLM V1\n\tKey Length:\t\t0\n\nThis event is generated when a logon session is created. It is generated on the computer that was accessed.\n\nThe subject fields indicate the account on the local system which requested the logon. This is most commonly a service such as the Server service, or a local process such as Winlogon.exe or Services.exe.\n\nThe logon type field indicates the kind of logon that occurred. The most common types are 2 (interactive) and 3 (network).\n\nThe New Logon fields indicate the account for whom the new logon was created, i.e. the account that was logged on.\n\nThe network fields indicate where a remote logon request originated. Workstation name is not always available and may be left blank in some cases.\n\nThe authentication information fields provide detailed information about this specific logon request.\n\t- Logon GUID is a unique identifier that can be used to correlate this event with a KDC event.\n\t- Transited services indicate which intermediate services have participated in this logon request.\n\t- Package name indicates which sub-protocol was used among the NTLM protocols.\n\t- Key length indicates the length of the generated session key. This will be 0 if no session key was requested.", "winlog": {"keywords": ["Audit Success"], "record_id": 4659, "task": "Logon", "api": "wineventlog", "channel": "Security", "event_id": 4624, "event_data": {"SubjectUserSid": "<pseudonym:23248c71f7404e59aa79c6213a048486a57db314bcd3c62428d54a30e0d5a409>", "LmPackageName": "NTLM V1", "AuthenticationPackageName": "NTLM", "TransmittedServices": "-", "IpPort": "-", "TargetLogonId": "0x14855", "SubjectUserName": "<pseudonym:91d121bc503735a145e0e9869d792d26f6b22784210a0daf5b63840be2abf69a>", "LogonProcessName": "NtLmSsp ", "SubjectDomainName": "-", "LogonGuid": "{00000000-0000-0000-0000-000000000000}", "IpAddress": "<pseudonym:91d121bc503735a145e0e9869d792d26f6b22784210a0daf5b63840be2abf69a>", "SubjectLogonId": "0x0", "KeyLength": "0", "LogonType": "3"}, "opcode": "Info", "provider_name": "Microsoft-Windows-Security-Auditing", "computer_name": "CLIENT1", "provider_guid": "{54849625-5478-4994-A5BA-3E3B0328C30D}", "process": {"pid": 448, "thread": {"id": 496}}}, "ecs": {"version": "1.0.0"}, "host": {"name": "CLIENT1", "hostname": "CLIENT1", "architecture": "x86", "os": {"name": "Windows 7 Professional", "kernel": "6.1.7601.18741 (win7sp1_gdr.150202-1526)", "build": "7601.0", "platform": "windows", "version": "6.1", "family": "windows"}, "id": "19fc45ac-5890-4f96-81b1-50ed111c0ce4"}, "agent": {"ephemeral_id": "de845cd9-5141-4c92-ad32-27a4518307e9", "hostname": "CLIENT1", "id": "0b755aca-0a9a-454a-9800-1979901962a0", "version": "7.2.0", "type": "winlogbeat"}, "log": {"level": "information"}, "event": {"code": 4624, "action": "Logon", "created": "2019-08-02T09:55:12.183Z", "kind": "event", "type": "authentication_success", "category": "authentication"}, "user": {"id": "S-1-5-7", "name": "<pseudonym:0a9c916a1c62614052ce38685fcd44542130ac1c6073e5b7a9a2cba0a2f994ad>", "domain": "NT AUTHORITY"}, "process": {"pid": 0, "executable": "-", "name": "-"}}
{"pseudonym": "387dddca7f9c9fa71c41295d7790d3bcd791cfe79b2dd4843551dfd0bf47acf2", "origin": "VBKUOyPpfSIhjNgtasoE3uVEkKbp46Z8slFWSA8lEuSaOwfkX7CDV0pgZB3z/cPR44zHuDzSARiho8F9iBUNOqfcf+On7ha1bXvblzul3R71OTRweJd+wQgaJ3mTfT8eDga9RW1qbVqDGD3+HHJYyOAO6qGCf4o3T9qEv45xfCN4iHdqejxeb2paNd4eXAxmTIfD/4xje+m5E5WvHk3JHLRLjCno0HqqSMjfmwmz3zd6rPrNzNvgC7v58nhDBTbISCoeA60WeDhcRhCoBnfcmJYH53twaidhamv2W/2o0jhFz/JvZpRhZpfUoOU5ttER1WlDk965GQ8jjS5pWJLspUzqDASBMr2Coy/pSrp8"}
{"pseudonym": "cd1a3afeeac92cb813605e21e464de7db0ca53fa0190d3a1372a46f60ddd0712", "origin": "XV3TzQpdUca/ybsnZMQED0dnx5P86b+GQAS8juExQfhanAAedROGzkq7t+iHSqZbM/ZmXDvhNoDOyQGgwfyiiMQO/femJANrOC5KRk494Ex5q8cre9caOshGplUdGYcPgYyvqJJRhcIxn6pY6xsNa8/wBcT3TX7Y6WWBRq/CmCC/DFNDl80z+LunlalayRkkKUgCA/XOGAY1E+wKcm93Ulu9iAj6kFVa2ffljBEIJ1YLAaXisfuHBCIAJeNmbR6okCosM9KSbY2W3lcWkyrsf5Wbrv001iiTdgFjJcDsvNHaavLnGr37rSft853KYGicvP5yJDI48s7nO4AeyRRqpiwyAmtO9/YqXGlwt8aDNDE="}
{"@timestamp": "2019-08-02T09:50:32.191Z", "@metadata": {"beat": "winlogbeat", "type": "_doc", "version": "7.2.0", "topic": "wineventlog_raw"}, "ecs": {"version": "1.0.0"}, "host": {"os": {"platform": "windows", "version": "6.1", "family": "windows", "name": "Windows 7 Professional", "kernel": "6.1.7601.18741 (win7sp1_gdr.150202-1526)", "build": "7601.0"}, "id": "19fc45ac-5890-4f96-81b1-50ed111c0ce4", "name": "CLIENT1", "hostname": "CLIENT1", "architecture": "x86"}, "log": {"level": "information"}, "message": "Special privileges assigned to new logon.\n\nSubject:\n\tSecurity ID:\t\tS-1-5-18\n\tAccount Name:\t\tSYSTEM\n\tAccount Domain:\t\tNT AUTHORITY\n\tLogon ID:\t\t0x3e7\n\nPrivileges:\t\tSeAssignPrimaryTokenPrivilege\n\t\t\tSeTcbPrivilege\n\t\t\tSeSecurityPrivilege\n\t\t\tSeTakeOwnershipPrivilege\n\t\t\tSeLoadDriverPrivilege\n\t\t\tSeBackupPrivilege\n\t\t\tSeRestorePrivilege\n\t\t\tSeDebugPrivilege\n\t\t\tSeAuditPrivilege\n\t\t\tSeSystemEnvironmentPrivilege\n\t\t\tSeImpersonatePrivilege", "winlog": {"event_data": {"SubjectUserSid": "<pseudonym:cd1a3afeeac92cb813605e21e464de7db0ca53fa0190d3a1372a46f60ddd0712>", "SubjectUserName": "<pseudonym:387dddca7f9c9fa71c41295d7790d3bcd791cfe79b2dd4843551dfd0bf47acf2>", "SubjectDomainName": "NT AUTHORITY", "SubjectLogonId": "0x3e7", "PrivilegeList": "SeAssignPrimaryTokenPrivilege\n\t\t\tSeTcbPrivilege\n\t\t\tSeSecurityPrivilege\n\t\t\tSeTakeOwnershipPrivilege\n\t\t\tSeLoadDriverPrivilege\n\t\t\tSeBackupPrivilege\n\t\t\tSeRestorePrivilege\n\t\t\tSeDebugPrivilege\n\t\t\tSeAuditPrivilege\n\t\t\tSeSystemEnvironmentPrivilege\n\t\t\tSeImpersonatePrivilege"}, "record_id": 4668, "computer_name": "CLIENT1", "api": "wineventlog", "provider_guid": "{54849625-5478-4994-A5BA-3E3B0328C30D}", "channel": "Security", "event_id": 4672, "process": {"pid": 448, "thread": {"id": 504}}, "provider_name": "Microsoft-Windows-Security-Auditing", "task": "Special Logon", "keywords": ["Audit Success"], "opcode": "Info"}, "event": {"created": "2019-08-02T09:55:12.183Z", "kind": "event", "code": 4672, "action": "Special Logon"}, "agent": {"id": "0b755aca-0a9a-454a-9800-1979901962a0", "version": "7.2.0", "type": "winlogbeat", "ephemeral_id": "de845cd9-5141-4c92-ad32-27a4518307e9", "hostname": "CLIENT1"}}
