{"@timestamp": "2019-08-02T11:02:00.161Z", "@metadata": {"beat": "winlogbeat", "type": "_doc", "version": "7.2.0", "topic": "wineventlog_raw"}, "ecs": {"version": "1.0.0"}, "host": {"hostname": "CLIENT1", "architecture": "x86", "os": {"family": "windows", "name": "Windows 7 Professional", "kernel": "6.1.7601.18741 (win7sp1_gdr.150202-1526)", "build": "7601.0", "platform": "windows", "version": "6.1"}, "name": "CLIENT1", "id": "19fc45ac-5890-4f96-81b1-50ed111c0ce4"}, "log": {"level": "information"}, "message": "The Adobe Flash Player Update Service service entered the running state.", "winlog": {"event_data": {"Binary": "410064006F006200650046006C0061007300680050006C0061007900650072005500700064006100740065005300760063002F0034000000", "param1": "Adobe Flash Player Update Service", "param2": "running"}, "channel": "System", "event_id": 7036, "computer_name": "CLIENT1", "task": "", "provider_guid": "{555908d1-a6d7-4695-8e1e-26931d2012f4}", "record_id": 11803, "api": "wineventlog", "keywords": ["Classic"], "process": {"pid": 440, "thread": {"id": 1848}}, "provider_name": "Service Control Manager"}, "event": {"code": 7036, "created": "2019-08-02T11:02:02.663Z", "kind": "event"}, "agent": {"id": "0b755aca-0a9a-454a-9800-1979901962a0", "version": "7.2.0", "type": "winlogbeat", "ephemeral_id": "de845cd9-5141-4c92-ad32-27a4518307e9", "hostname": "CLIENT1"}}
{"pseudonym": "e887f3a09fdddf7c81a563b81f90ed9499d86badaa6173d1aa197a2b544d13b1", "origin": "LVUs+0Q4YrDGItxXfy1xghJoyzdLgQ9q0sWgAzV6eqXpo9qzM2g3c6tRHEpl6nI6yGvPtHzS1TUeyJVp7AqAYM6tUXeLVX6BONB0nSJz6p6tJI29UawBG1rIb3T/w5929IgciRHP3f7OShNrcrmsiucesw+ldpGCFfgWwN09lJCKuJOYdDYfxj6RGznG/VfUeU/hBmUtJnnE0rSyIji4Fb+qcPkaiRuoHdxbdLzV8U6ZKMFcMhoBPBsG/0NrMFi6PfNPhF8f5Eoq2pXqHSuv328HbT+K0LCyWgr4jg7Va4Ab90iymyU/Y76Y0Sz5jrZy6dMEQ3Ai85AI6XrQqtFAe3cjCNMzq3wn/MqaQZqpUxA="}
{"pseudonym": "cd1a3afeeac92cb813605e21e464de7db0ca53fa0190d3a1372a46f60ddd0712", "origin": "o/EtAJZepTYJEyvZDq5lCyfiOmRve73F8HFGI3b1ayK9uoVgmLBKN0c0jrLWLFhJlZdh8aB0mUIamizoZFLu/s4bq3LB6uTcJoFAnBEde9v1kA+PC22CmED+LnNMI8q+w+L8D8G9o5p28KVoWflPysYQdlasDcPyR37eXBvShMnFqZsg9vnfUYAQ0/x/DFPBPKSFL/gY6NOZxThc9a1W+9Vwr/uSdiLJ24MXVNybtKoi/JL2wgTT+639BX/5LJrmJw8GNyYW17pjOsn7dK8BBt1G+DtcZYxK0pgGC/CL2okH24Hi38Sv4Sr7/Gk33YVlAeT1utQMPzZVqtypNGBt+FTKJ5yn5oQNBo9lx7U/OoQ="}
{"@timestamp": "2019-08-02T11:50:01.763Z", "@metadata": {"beat": "winlogbeat", "type": "_doc", "version": "7.2.0", "topic": "wineventlog_raw"}, "winlog": {"version": 1, "opcode": "Info", "event_id": 4616, "api": "wineventlog", "task": "Security State Change", "computer_name": "CLIENT1", "provider_name": "Microsoft-Windows-Security-Auditing", "record_id": 4729, "keywords": ["Audit Success"], "process": {"pid": 4, "thread": {"id": 60}}, "event_data": {"SubjectUserSid": "<pseudonym:cd1a3afeeac92cb813605e21e464de7db0ca53fa0190d3a1372a46f60ddd0712>", "SubjectUserName": "<pseudonym:e887f3a09fdddf7c81a563b81f90ed9499d86badaa6173d1aa197a2b544d13b1>", "SubjectDomainName": "WORKGROUP", "SubjectLogonId": "0x3e7", "PreviousTime": "2019-08-02T11:50:02.417187500Z", "NewTime": "2019-08-02T11:50:01.763000000Z", "ProcessId": "0x5b4", "ProcessName": "C:\\Program Files\\NetTime\\NetTimeService.exe"}, "provider_guid": "{54849625-5478-4994-A5BA-3E3B0328C30D}", "channel": "Security"}, "event": {"code": 4616, "action": "Security State Change", "created": "2019-08-02T11:50:02.936Z", "kind": "event"}, "log": {"level": "information"}, "message": "The system time was changed.\n\nSubject:\n\tSecurity ID:\t\tS-1-5-18\n\tAccount Name:\t\tCLIENT1$\n\tAccount Domain:\t\tWORKGROUP\n\tLogon ID:\t\t0x3e7\n\nProcess Information:\n\tProcess ID:\t0x5b4\n\tName:\t\tC:\\Program Files\\NetTime\\NetTimeService.exe\n\nPrevious Time:\t\t\u200e2019\u200e-\u200e08\u200e-\u200e02T11:50:02.417187500Z\nNew Time:\t\t\u200e2019\u200e-\u200e08\u200e-\u200e02T11:50:01.763000000Z\n\nThis event is generated when the system time is changed. It is normal for the Windows Time Service, which runs with System privilege, to change the system time on a regular basis. Other system time changes may be indicative of attempts to tamper with the computer.", "ecs": {"version": "1.0.0"}, "host": {"id": "19fc45ac-5890-4f96-81b1-50ed111c0ce4", "hostname": "CLIENT1", "name": "CLIENT1", "architecture": "x86", "os": {"platform": "windows", "version": "6.1", "family": "windows", "name": "Windows 7 Professional", "kernel": "6.1.7601.18741 (win7sp1_gdr.150202-1526)", "build": "7601.0"}}, "agent": {"hostname": "CLIENT1", "id": "0b755aca-0a9a-454a-9800-1979901962a0", "version": "7.2.0", "type": "winlogbeat", "ephemeral_id": "de845cd9-5141-4c92-ad32-27a4518307e9"}}
{"pseudonym": "e887f3a09fdddf7c81a563b81f90ed9499d86badaa6173d1aa197a2b544d13b1", "origin": "VzpdSZYItHb2o5y31dVNRwY+oRfKrarNRe9PmKfeqczrxhM55PXZkVe8kfSkZOpgQkLCiqqgNRQHbQcNdlU3fuCjQ6Kqh9GUtLXPB4I3fljpap1+f2kqeVU8G2XPT1ouIA+CXH3Ul2SD8aia6jyzlJDUcPQYq58zT8koAF1RBZVMLUQUbEGeYNmbE3A2MQcs0oIWEL6nTgI5oUIxMfI8HU3Y52q3ha9fNqrA0FnTdKymOwBr6zBsiESzXRN+ZvELKtS51a531SKbaXtF1JBrgmTVwFraylnQUPp6Dy/JmASlzQ0ECOkzBhxfpWv45zxaW4huZUo47BXXbup3JV+dLzi+gyzpvhKkvfXxieRr3Vc="}
{"pseudonym": "cd1a3afeeac92cb813605e21e464de7db0ca53fa0190d3a1372a46f60ddd0712", "origin": "RbW+OK7aGPoMuQtCptJwNLetHcbUr+9BPYSmEOTIEEqxRYnY5SqCxqsFcZ7CEC+3XQVmVF93WYveFrd4X0jpVD9NxOaFjGJ4bT/i2cmP1YJUHUjVzmkbtKQFyI3ZMH14A9j7YUaU1/t32ojLPhAxRsSJv6Tdzio3neQUvQFpqjxaCFDypiT4lM7HVGT5Mq3YkcFGKihNH/VAXy1wimlQh9YLHL+R0P2JIRO1Plcn0tly9kkKy3o6CR/aeM9m1BAz7QyTTq+b5E1trz+sjqt3ClKiyoE1Sdq/G9lhn0Kihl4bNuTHiDcqm9AbPJUGmMp1v0oP84STzb8UHtzBxp6OeRfm2+SQyF0sVDliOgQEjUU="}
{"@timestamp": "2019-08-02T13:00:01.708Z", "@metadata": {"beat": "winlogbeat", "type": "_doc", "version": "7.2.0", "topic": "wineventlog_raw"}, "winlog": {"version": 1, "process": {"pid": 4, "thread": {"id": 60}}, "task": "Security State Change", "keywords": ["Audit Success"], "opcode": "Info", "event_id": 4616, "record_id": 4743, "provider_guid": "{54849625-5478-4994-A5BA-3E3B0328C30D}", "channel": "Security", "api": "wineventlog", "event_data": {"SubjectUserName": "<pseudonym:e887f3a09fdddf7c81a563b81f90ed9499d86badaa6173d1aa197a2b544d13b1>", "SubjectDomainName": "WORKGROUP", "SubjectLogonId": "0x3e7", "PreviousTime": "2019-08-02T13:00:01.869264800Z", "NewTime": "2019-08-02T13:00:01.708000000Z", "ProcessId": "0x5b4", "ProcessName": "C:\\Program Files\\NetTime\\NetTimeService.exe", "SubjectUserSid": "<pseudonym:cd1a3afeeac92cb813605e21e464de7db0ca53fa0190d3a1372a46f60ddd0712>"}, "provider_name": "Microsoft-Windows-Security-Auditing", "computer_name": "CLIENT1"}, "event": {"kind": "event", "code": 4616, "action": "Security State Change", "created": "2019-08-02T13:00:03.722Z"}, "log": {"level": "information"}, "agent": {"type": "winlogbeat", "ephemeral_id": "de845cd9-5141-4c92-ad32-27a4518307e9", "hostname": "CLIENT1", "id": "0b755aca-0a9a-454a-9800-1979901962a0", "version": "7.2.0"}, "ecs": {"version": "1.0.0"}, "host": {"name": "CLIENT1", "id": "19fc45ac-5890-4f96-81b1-50ed111c0ce4", "hostname": "CLIENT1", "architecture": "x86", "os": {"platform": "windows", "version": "6.1", "family": "windows", "name": "Windows 7 Professional", "kernel": "6.1.7601.18741 (win7sp1_gdr.150202-1526)", "build": "7601.0"}}, "message": "The system time was changed.\n\nSubject:\n\tSecurity ID:\t\tS-1-5-18\n\tAccount Name:\t\tCLIENT1$\n\tAccount Domain:\t\tWORKGROUP\n\tLogon ID:\t\t0x3e7\n\nProcess Information:\n\tProcess ID:\t0x5b4\n\tName:\t\tC:\\Program Files\\NetTime\\NetTimeService.exe\n\nPrevious Time:\t\t\u200e2019\u200e-\u200e08\u200e-\u200e02T13:00:01.869264800Z\nNew Time:\t\t\u200e2019\u200e-\u200e08\u200e-\u200e02T13:00:01.708000000Z\n\nThis event is generated when the system time is changed. It is normal for the Windows Time Service, which runs with System privilege, to change the system time on a regular basis. Other system time changes may be indicative of attempts to tamper with the computer."}
{"pseudonym": "e887f3a09fdddf7c81a563b81f90ed9499d86badaa6173d1aa197a2b544d13b1", "origin": "J6IANbFGom4iIc9Gyc5j4KYfIW6eQkL2xT7zMS5fO1tONnSSQ3QlUmlDed6sVcHAwCi+PXqMkhtNxca7JVfEdii77rUCUptUYfqVVcTIr6xnAyGQCjkd3hpPV2enBZGY4Sq6P1QfnuyLfGfUMkDH+kHgy+34EgRcuwb4Cruz+iRvWtvKj3JUjmi2gbBuQlKIQSWzVGKju6YiAIeZ4KflrlxrcsZ+wG7w98uxXqoXu7tReQ+1Au/6B6YgEu7e0GN1Brxvh+ozQWlomFuaoZhkirbjTQrduKkbFcwuW80q8IcSUFijwbnm/odlI3d0q8ijCXOJ2mxKiHLDtbQnpT207l1KEwenqV9wbuaWSFjx4eM="}
{"pseudonym": "cd1a3afeeac92cb813605e21e464de7db0ca53fa0190d3a1372a46f60ddd0712", "origin": "Yf/TGXyPHYGdRGeGvCpf1xUlrMDBiQ1K09b/K8+N2KJ+chmyHS1NHZAsCatmxHInwm+VXhFLJGE5etT2GW4eA3neTjCKXTD35tgstt22CxLkEp5mTLerAcnsoePU//mIpl+PU6wLNCVdego0UDrP8vV3hDNbenIIHwrezIEcV19PCNof9bdGTsmrT3oqMpVxe8ozdnkg/0nGxFl8GhTn1JzbV+Yg5yFqjpXvq9S9ihTW9Lwcy6xjqnC0kcvnLGzoH/uyfWf+ighGY+H377MnwTykI+4AbkPKzsSc0jZdMw0ha41hkoNMV93Xkyp6u2JVb5+YZkHEe4Reyzg/VWhP1u/HB06Y8yiC7AVD12ZfItQ="}
{"@timestamp": "2019-08-02T13:50:05.285Z", "@metadata": {"beat": "winlogbeat", "type": "_doc", "version": "7.2.0", "topic": "wineventlog_raw"}, "ecs": {"version": "1.0.0"}, "winlog": {"event_id": 4616, "provider_guid": "{54849625-5478-4994-A5BA-3E3B0328C30D}", "version": 1, "channel": "Security", "provider_name": "Microsoft-Windows-Security-Auditing", "record_id": 4753, "api": "wineventlog", "keywords": ["Audit Success"], "opcode": "Info", "process": {"pid": 4, "thread": {"id": 64}}, "event_data": {"SubjectDomainName": "WORKGROUP", "SubjectLogonId": "0x3e7", "PreviousTime": "2019-08-02T13:50:05.406702200Z", "NewTime": "2019-08-02T13:50:05.285000000Z", "ProcessId": "0x5b4", "ProcessName": "C:\\Program Files\\NetTime\\NetTimeService.exe", "SubjectUserSid": "<pseudonym:cd1a3afeeac92cb813605e21e464de7db0ca53fa0190d3a1372a46f60ddd0712>", "SubjectUserName": "<pseudonym:e887f3a09fdddf7c81a563b81f90ed9499d86badaa6173d1aa197a2b544d13b1>"}, "task": "Security State Change", "computer_name": "CLIENT1"}, "event": {"action": "Security State Change", "created": "2019-08-02T13:50:07.287Z", "kind": "event", "code": 4616}, "log": {"level": "information"}, "message": "The system time was changed.\n\nSubject:\n\tSecurity ID:\t\tS-1-5-18\n\tAccount Name:\t\tCLIENT1$\n\tAccount Domain:\t\tWORKGROUP\n\tLogon ID:\t\t0x3e7\n\nProcess Information:\n\tProcess ID:\t0x5b4\n\tName:\t\tC:\\Program Files\\NetTime\\NetTimeService.exe\n\nPrevious Time:\t\t\u200e2019\u200e-\u200e08\u200e-\u200e02T13:50:05.406702200Z\nNew Time:\t\t\u200e2019\u200e-\u200e08\u200e-\u200e02T13:50:05.285000000Z\n\nThis event is generated when the system time is changed. It is normal for the Windows Time Service, which runs with System privilege, to change the system time on a regular basis. Other system time changes may be indicative of attempts to tamper with the computer.", "host": {"name": "CLIENT1", "id": "19fc45ac-5890-4f96-81b1-50ed111c0ce4", "hostname": "CLIENT1", "architecture": "x86", "os": {"build": "7601.0", "platform": "windows", "version": "6.1", "family": "windows", "name": "Windows 7 Professional", "kernel": "6.1.7601.18741 (win7sp1_gdr.150202-1526)"}}, "agent": {"ephemeral_id": "de845cd9-5141-4c92-ad32-27a4518307e9", "hostname": "CLIENT1", "id": "0b755aca-0a9a-454a-9800-1979901962a0", "version": "7.2.0", "type": "winlogbeat"}}
{"@timestamp": "2019-08-02T14:02:00.048Z", "@metadata": {"beat": "winlogbeat", "type": "_doc", "version": "7.2.0", "topic": "wineventlog_raw"}, "winlog": {"record_id": 11846, "task": "", "provider_name": "Service Control Manager", "channel": "System", "event_id": 7036, "keywords": ["Classic"], "provider_guid": "{555908d1-a6d7-4695-8e1e-26931d2012f4}", "computer_name": "CLIENT1", "process": {"thread": {"id": 1456}, "pid": 440}, "event_data": {"param1": "Adobe Flash Player Update Service", "param2": "stopped", "Binary": "410064006F006200650046006C0061007300680050006C0061007900650072005500700064006100740065005300760063002F0031000000"}, "api": "wineventlog"}, "event": {"kind": "event", "code": 7036, "created": "2019-08-02T14:02:01.454Z"}, "ecs": {"version": "1.0.0"}, "host": {"hostname": "CLIENT1", "architecture": "x86", "os": {"kernel": "6.1.7601.18741 (win7sp1_gdr.150202-1526)", "build": "7601.0", "platform": "windows", "version": "6.1", "family": "windows", "name": "Windows 7 Professional"}, "id": "19fc45ac-5890-4f96-81b1-50ed111c0ce4", "name": "CLIENT1"}, "agent": {"type": "winlogbeat", "ephemeral_id": "de845cd9-5141-4c92-ad32-27a4518307e9", "hostname": "CLIENT1", "id": "0b755aca-0a9a-454a-9800-1979901962a0", "version": "7.2.0"}, "log": {"level": "information"}, "message": "The Adobe Flash Player Update Service service entered the stopped state."}
{"pseudonym": "387dddca7f9c9fa71c41295d7790d3bcd791cfe79b2dd4843551dfd0bf47acf2", "origin": "N+4fYR3hmE2OhW/b30fPfduLo/WRxInwEVugAq2lbKv9yoVLYIzAa/kkmvwVG6ofVWheP+F+aebvkaRz0aB22GvwvTUYmMcZcnDOMh07fOnj5c1XksU8Bf2OI719/+J/Ms5AdZu/muLSZld8E7oTuAVeo1wuP2hFgu82PtX+SbTEQW8gq2clsRgQGjKTl9+uQKN/qcBQIBcJeq1zQmCslcQGk5lIAl96tGf8NCKb4VvbtPMj+uRmtBtPVhxmRqiC9YNGK0oDqHPvaCYpuh4Go7WFzzdKCBoMnTyICLQZjom6LpiWKZKoEkX4s2Gn5t3PgNxdQ6ECbTO4A52Ry8usEiiprq+LIblnw/b6tNbg"}
{"pseudonym": "cd1a3afeeac92cb813605e21e464de7db0ca53fa0190d3a1372a46f60ddd0712", "origin": "nnTygZQGFqKPU2bWmb+QUgHxkiy8nNkKDguj6K8OfVWvhJV8kCW27Hey97S9rX118BAAExQywyLLmK6xTJkEhySNaArk1/wT1fb+lP2F3xamU+gh26cruCN5LVjSA8WC75C93pdjb2fAmTFKyFsJKOcYIDdIREOCt2FRnTfBZqYYWnyUso2+fjjin89uKaOFBB+nIkw6grHzzYIs1WJLm7ZXkmNNhKvNlJi5X/ZfWqzt79S7D5sCL09JWG0vBTG1RlCg3kp2X0hNYXMKMLracK9XkUvTRW6zvyKC4HtJ+xRPTzsXHDwA86lxNVN97de3fp7vUHq3E4hJ6yoRp6G4ugZoXCeOvzHH1oe5TT7TzHg="}
{"@timestamp": "2019-08-02T09:46:39.046Z", "@metadata": {"beat": "winlogbeat", "type": "_doc", "version": "7.2.0", "topic": "wineventlog_raw"}, "winlog": {"api": "wineventlog", "keywords": ["Audit Success"], "channel": "Security", "record_id": 4657, "task": "Special Logon", "opcode": "Info", "provider_guid": "{54849625-5478-4994-A5BA-3E3B0328C30D}", "event_id": 4672, "event_data": {"PrivilegeList": "SeAssignPrimaryTokenPrivilege\n\t\t\tSeTcbPrivilege\n\t\t\tSeSecurityPrivilege\n\t\t\tSeTakeOwnershipPrivilege\n\t\t\tSeLoadDriverPrivilege\n\t\t\tSeBackupPrivilege\n\t\t\tSeRestorePrivilege\n\t\t\tSeDebugPrivilege\n\t\t\tSeAuditPrivilege\n\t\t\tSeSystemEnvironmentPrivilege\n\t\t\tSeImpersonatePrivilege", "SubjectUserSid": "<pseudonym:cd1a3afeeac92cb813605e21e464de7db0ca53fa0190d3a1372a46f60ddd0712>", "SubjectUserName": "<pseudonym:387dddca7f9c9fa71c41295d7790d3bcd791cfe79b2dd4843551dfd0bf47acf2>", "SubjectDomainName": "NT AUTHORITY", "SubjectLogonId": "0x3e7"}, "process": {"thread": {"id": 504}, "pid": 448}, "provider_name": "Microsoft-Windows-Security-Auditing", "computer_name": "CLIENT1"}, "event": {"created": "2019-08-05T08:54:03.703Z", "kind": "event", "code": 4672, "action": "Special Logon"}, "log": {"level": "information"}, "message": "Special privileges assigned to new logon.\n\nSubject:\n\tSecurity ID:\t\tS-1-5-18\n\tAccount Name:\t\tSYSTEM\n\tAccount Domain:\t\tNT AUTHORITY\n\tLogon ID:\t\t0x3e7\n\nPrivileges:\t\tSeAssignPrimaryTokenPrivilege\n\t\t\tSeTcbPrivilege\n\t\t\tSeSecurityPrivilege\n\t\t\tSeTakeOwnershipPrivilege\n\t\t\tSeLoadDriverPrivilege\n\t\t\tSeBackupPrivilege\n\t\t\tSeRestorePrivilege\n\t\t\tSeDebugPrivilege\n\t\t\tSeAuditPrivilege\n\t\t\tSeSystemEnvironmentPrivilege\n\t\t\tSeImpersonatePrivilege", "host": {"os": {"version": "6.1", "family": "windows", "name": "Windows 7 Professional", "kernel": "6.1.7601.18741 (win7sp1_gdr.150202-1526)", "build": "7601.0", "platform": "windows"}, "id": "19fc45ac-5890-4f96-81b1-50ed111c0ce4", "name": "CLIENT1", "hostname": "CLIENT1", "architecture": "x86"}, "agent": {"version": "7.2.0", "type": "winlogbeat", "ephemeral_id": "33f6eec2-a7ba-4caa-97b3-ea43b4f5e172", "hostname": "CLIENT1", "id": "0b755aca-0a9a-454a-9800-1979901962a0"}, "ecs": {"version": "1.0.0"}}
{"pseudonym": "91d121bc503735a145e0e9869d792d26f6b22784210a0daf5b63840be2abf69a", "origin": "V8huhAjxMcmlLr9UhE/srIz/52SRKbaWF3QdGZCmy2XymS7TEBA7YPVh36CJPHpWyZRNC64uiOZDbgn/IMern3yFfeiBhZJVDgWrYLW1m/xrPeDdlEQPss4+HF9M/LaorWWFPe4QhfRImFh18aQcECrtI4xKcW9MiMpLtYHBFH5BX35+jLpXRDsHrCrvX2C0dEIr4T/RUwUvS7eXGvp/PTb2dI8aTbpGYipIvmMnu3uObjECoULVf/qc2eRsK50Dp72cj7TReK0cN/7eXvn1U9vZIvBUDyGrTupbNgr+MB7DvXoeC2GVQov14ROaNvFOnxOZPQqnUt5lGumjT4m6coerrs+Zc29XRQ=="}
{"pseudonym": "0a9c916a1c62614052ce38685fcd44542130ac1c6073e5b7a9a2cba0a2f994ad", "origin": "Fk2RjhYPcQx09nOyPlSKHvogVlUiU9V/D/jVo2vKatPaJV+A2y9fa6zL0JW6AMYHnoI+xytdwUokfIO3T0UWwy/S2RomFES3lkNEMMlACVDlL4qjVL2hOmDkHAMQDUoGy7UkftnvnP6ny9UKTRwVjdnTLags9/rSc9ogLNAcgdzEfrILd4Vlqa5/kOFon7nyX0uJdbV0vzlf/tOqJDlqZDGWdBOSpMzq5BD+a3eGZBS9CP2VwtU8P72aLflwUdj7Gh0md0QTOOk4tf7o899glHRTBH6lJft4ojeH8xBN3uXhiFnC7NAOf8e9JxqECuTppfzM8Fri8VZyySeJjrbltn6y5CYsm5v3Cakgw5VZgvqDq/N+ICrq"}
{"pseudonym": "23248c71f7404e59aa79c6213a048486a57db314bcd3c62428d54a30e0d5a409", "origin": "cK6GWgRJGs4eILJ9RCIWDxeZq8ukyxYXrSaNaDGCgQuzYvU3Y/pJGB5IGdWBQeoCnbtCGvm1aazNNP90P638fvGR88fIda/0j0/0uBbcJRdBYT07q1cM3DLYE3G8lkwDlo7Zn9Qcid/Et2e3RSZMMECsW6uYtF4oT3Z+QuX3Dkk3CciRLLKPW1pXZkWL1gkl/0psJDNzghiarfQskT4H713Z8sHjVtN5++fCF9V7FugZ3oUL+iTUh8lhLblIkZvnB43qGIxiWO7ma9q2U0zDMmq04VXzxrl7Cz+rLnXBQx85BlN4kIey946gKwKfOqKHDMzVigUmgQLs4QijqM+KV901x36c//2VgNaE0C6Xhg=="}
{"pseudonym": "91d121bc503735a145e0e9869d792d26f6b22784210a0daf5b63840be2abf69a", "origin": "XVP8B3+cOnPNCvXf60NpAsqio1/Q2uvf/ILyhPplK00ASNLlz7a75AbXZpC6Omw23XMFgnqc7VJ83Y0gW2TBAVMihlw2SvJoT4g3RxLnWbcvqORkgFv7KzPXotXoHvsfr72HYoytjRDmK8LsPWBOijJrIL8knJV0+MS2B94Lv/bYiMgp2LfOQgJUycxceRT79v5AIxmIIirfg/1i1J+TToE/qUZQ79Mt02Q664ERz05Wc9W0Xn211TewqQsCqUtc+Xk1I06bBL/whIdU7/Uxe4KMRJsYMw7srSZ6mkai6kQWrithTygdx8WUh0kYNg4aX34THUIDB9f5FKiCWjiBRo8Zd5s+46mbUA=="}
{"@timestamp": "2019-08-02T09:46:53.636Z", "@metadata": {"beat": "winlogbeat", "type": "_doc", "version": "7.2.0", "topic": "wineventlog_raw"}, "user": {"id": "S-1-5-7", "name": "<pseudonym:0a9c916a1c62614052ce38685fcd44542130ac1c6073e5b7a9a2cba0a2f994ad>", "domain": "NT AUTHORITY"}, "process": {"pid": 0, "executable": "-", "name": "-"}, "ecs": {"version": "1.0.0"}, "event": {"kind": "event", "category": "authentication", "type": "authentication_success", "code": 4624, "action": "Logon", "created": "2019-08-05T08:54:03.703Z"}, "log": {"level": "information"}, "message": "An account was successfully logged on.\n\nSubject:\n\tSecurity ID:\t\tS-1-0-0\n\tAccount Name:\t\t-\n\tAccount Domain:\t\t-\n\tLogon ID:\t\t0x0\n\nLogon Type:\t\t\t3\n\nNew Logon:\n\tSecurity ID:\t\tS-1-5-7\n\tAccount Name:\t\tANONYMOUS LOGON\n\tAccount Domain:\t\tNT AUTHORITY\n\tLogon ID:\t\t0x14855\n\tLogon GUID:\t\t{00000000-0000-0000-0000-000000000000}\n\nProcess Information:\n\tProcess ID:\t\t0x0\n\tProcess Name:\t\t-\n\nNetwork Information:\n\tWorkstation Name:\t\n\tSource Network Address:\t-\n\tSource Port:\t\t-\n\nDetailed Authentication Information:\n\tLogon Process:\t\tNtLmSsp \n\tAuthentication Package:\tNTLM\n\tTransited Services:\t-\n\tPackage Name (NTLM only):\tNTLM V1\n\tKey Length:\t\t0\n\nThis event is generated when a logon session is created. It is generated on the computer that was accessed.\n\nThe subject fields indicate the account on the local system which requested the logon. This is most commonly a service such as the Server service, or a local process such as Winlogon.exe or Services.exe.\n\nThe logon type field indicates the kind of logon that occurred. The most common types are 2 (interactive) and 3 (network).\n\nThe New Logon fields indicate the account for whom the new logon was created, i.e. the account that was logged on.\n\nThe network fields indicate where a remote logon request originated. Workstation name is not always available and may be left blank in some cases.\n\nThe authentication information fields provide detailed information about this specific logon request.\n\t- Logon GUID is a unique identifier that can be used to correlate this event with a KDC event.\n\t- Transited services indicate which intermediate services have participated in this logon request.\n\t- Package name indicates which sub-protocol was used among the NTLM protocols.\n\t- Key length indicates the length of the generated session key. This will be 0 if no session key was requested.", "winlog": {"opcode": "Info", "channel": "Security", "provider_name": "Microsoft-Windows-Security-Auditing", "api": "wineventlog", "keywords": ["Audit Success"], "task": "Logon", "event_id": 4624, "record_id": 4659, "computer_name": "CLIENT1", "provider_guid": "{54849625-5478-4994-A5BA-3E3B0328C30D}", "process": {"pid": 448, "thread": {"id": 496}}, "event_data": {"LmPackageName": "NTLM V1", "SubjectDomainName": "-", "KeyLength": "0", "SubjectUserSid": "<pseudonym:23248c71f7404e59aa79c6213a048486a57db314bcd3c62428d54a30e0d5a409>", "SubjectUserName": "<pseudonym:91d121bc503735a145e0e9869d792d26f6b22784210a0daf5b63840be2abf69a>", "IpPort": "-", "IpAddress": "<pseudonym:91d121bc503735a145e0e9869d792d26f6b22784210a0daf5b63840be2abf69a>", "LogonType": "3", "TransmittedServices": "-", "AuthenticationPackageName": "NTLM", "SubjectLogonId": "0x0", "LogonProcessName": "NtLmSsp ", "LogonGuid": "{00000000-0000-0000-0000-000000000000}", "TargetLogonId": "0x14855"}}, "host": {"name": "CLIENT1", "hostname": "CLIENT1", "architecture": "x86", "os": {"platform": "windows", "version": "6.1", "family": "windows", "name": "Windows 7 Professional", "kernel": "6.1.7601.18741 (win7sp1_gdr.150202-1526)", "build": "7601.0"}, "id": "19fc45ac-5890-4f96-81b1-50ed111c0ce4"}, "agent": {"id": "0b755aca-0a9a-454a-9800-1979901962a0", "version": "7.2.0", "type": "winlogbeat", "ephemeral_id": "33f6eec2-a7ba-4caa-97b3-ea43b4f5e172", "hostname": "CLIENT1"}}
{"pseudonym": "e887f3a09fdddf7c81a563b81f90ed9499d86badaa6173d1aa197a2b544d13b1", "origin": "pDZnBORmpAitpAbcXEbMziZFWJGoM+LAVnyv7KZPTUusGMBi9iuiAv7KQqv+ruiqSTukOUVXGAL00HGX5WKfJSdvGnIhUxvnBDtAHaVFCIGMRol3nU+UL12KYVoJJ19yk3QIjBZg6BvwEXKq2rTYsh+uIMqK8pIfw1QvYeemRs+nggtXyw9mzjxfsBQm9iMrMNY7nXy2WPy0gsJr0EZqABHWn9bbwFIxd2Ziyw8Ojf9SreIXJdrUC9IMkHIpDwWRky8UyHxQe+T7jzUw3zZRlgZI2aoyDSlndSlIG0nfrBBmmhycaFal+3RK7eAoG7izQJBXSoTilmAijXg0LHgVeQxxAZ/0hlXAX7h+0EbR2yw="}
{"pseudonym": "f119e812403f34bc9c93a15392e371bd51bfd51f59deda80c5caac2a6f172b3c", "origin": "ZFhIxZmqDw9dsZx0y6bIAnYPwp1SXH6AxKHjITwOh2qcw1roqe+5zZBYygyQdcAIl2dxJX5w5fAGCWBjqFrGqICH0Hddskk7r8dLWzXtZ6TQOGzkg/TNeasiW7EuvP2rocV8gQCMJCtImjab9NsOzL1mLTVgui6X2oqdB7s0gt7O8DfXiALUKZYpmnvDv+jabam+oA0o0K8Dms+tJCa0yXjCW9B8+rNfpg6CfiHVdECkiR8x8TTkueyGpTfODvFX+tBgHM2m/o65ouf41Ng8nImwGMY/T0I+4xGLhbhwPJesRRyvvhT9Junv72vbvbRcFL6NrLq1QV0dFIIo37lzO3Yunv10fd9fHWOI3eQp"}
{"pseudonym": "cd1a3afeeac92cb813605e21e464de7db0ca53fa0190d3a1372a46f60ddd0712", "origin": "YyFSHH76r43ZJblRlpZRlDs+Wn3lBUZqBNP9hQXWeSOntyJwNxNeCRIPSvEalU7BjnQZc9CJqkdHcrqU3mRZOm4FYddf2kvnKFXbaqOnRh1X1fkUDmnOjCfj0oDll3CMjmqSvBN6aM4YZ2N3DsrGxnoSehANwSKWuBi7/HPmcJi7jINS2IfEI44W8OrpA0I5vMbKu4fw1aAG88amkMSDZg16vqI15g9lBRDUllgVO4+kOzORI32pmG6eG6PWaxl+MEosCe2u5gkiwAT0UcbTd9ZXfzGvYhurqHY7Ug8XzFnuTBVqTRIiX9BZzzouerfAj4yYnBV56VfWKX8d65MXFbw2PoAlMKxGvy2UlKSh57g="}
{"@timestamp": "2019-08-02T09:47:28.599Z", "@metadata": {"beat": "winlogbeat", "type": "_doc", "version": "7.2.0", "topic": "wineventlog_raw"}, "event": {"kind": "event", "code": 4624, "category": "authentication", "type": "authentication_success", "action": "Logon", "created": "2019-08-05T08:54:03.703Z"}, "source": {"ip": "127.0.0.1", "port": 0, "domain": "CLIENT1"}, "agent": {"type": "winlogbeat", "ephemeral_id": "33f6eec2-a7ba-4caa-97b3-ea43b4f5e172", "hostname": "CLIENT1", "id": "0b755aca-0a9a-454a-9800-1979901962a0", "version": "7.2.0"}, "user": {"domain": "CLIENT1", "id": "S-1-5-21-1918032094-2382968797-800248713-1000", "name": "<pseudonym:f119e812403f34bc9c93a15392e371bd51bfd51f59deda80c5caac2a6f172b3c>"}, "process": {"pid": 380, "executable": "C:\\Windows\\System32\\winlogon.exe", "name": "winlogon.exe"}, "ecs": {"version": "1.0.0"}, "host": {"name": "CLIENT1", "hostname": "CLIENT1", "architecture": "x86", "os": {"platform": "windows", "version": "6.1", "family": "windows", "name": "Windows 7 Professional", "kernel": "6.1.7601.18741 (win7sp1_gdr.150202-1526)", "build": "7601.0"}, "id": "19fc45ac-5890-4f96-81b1-50ed111c0ce4"}, "log": {"level": "information"}, "message": "An account was successfully logged on.\n\nSubject:\n\tSecurity ID:\t\tS-1-5-18\n\tAccount Name:\t\tCLIENT1$\n\tAccount Domain:\t\tWORKGROUP\n\tLogon ID:\t\t0x3e7\n\nLogon Type:\t\t\t2\n\nNew Logon:\n\tSecurity ID:\t\tS-1-5-21-1918032094-2382968797-800248713-1000\n\tAccount Name:\t\tbreach\n\tAccount Domain:\t\tCLIENT1\n\tLogon ID:\t\t0x1f189\n\tLogon GUID:\t\t{00000000-0000-0000-0000-000000000000}\n\nProcess Information:\n\tProcess ID:\t\t0x17c\n\tProcess Name:\t\tC:\\Windows\\System32\\winlogon.exe\n\nNetwork Information:\n\tWorkstation Name:\tCLIENT1\n\tSource Network Address:\t127.0.0.1\n\tSource Port:\t\t0\n\nDetailed Authentication Information:\n\tLogon Process:\t\tUser32 \n\tAuthentication Package:\tNegotiate\n\tTransited Services:\t-\n\tPackage Name (NTLM only):\t-\n\tKey Length:\t\t0\n\nThis event is generated when a logon session is created. It is generated on the computer that was accessed.\n\nThe subject fields indicate the account on the local system which requested the logon. This is most commonly a service such as the Server service, or a local process such as Winlogon.exe or Services.exe.\n\nThe logon type field indicates the kind of logon that occurred. The most common types are 2 (interactive) and 3 (network).\n\nThe New Logon fields indicate the account for whom the new logon was created, i.e. the account that was logged on.\n\nThe network fields indicate where a remote logon request originated. Workstation name is not always available and may be left blank in some cases.\n\nThe authentication information fields provide detailed information about this specific logon request.\n\t- Logon GUID is a unique identifier that can be used to correlate this event with a KDC event.\n\t- Transited services indicate which intermediate services have participated in this logon request.\n\t- Package name indicates which sub-protocol was used among the NTLM protocols.\n\t- Key length indicates the length of the generated session key. This will be 0 if no session key was requested.", "winlog": {"keywords": ["Audit Success"], "process": {"pid": 448, "thread": {"id": 496}}, "api": "wineventlog", "computer_name": "CLIENT1", "task": "Logon", "record_id": 4661, "opcode": "Info", "provider_guid": "{54849625-5478-4994-A5BA-3E3B0328C30D}", "event_data": {"LogonType": "2", "LmPackageName": "-", "AuthenticationPackageName": "Negotiate", "TransmittedServices": "-", "SubjectUserName": "<pseudonym:e887f3a09fdddf7c81a563b81f90ed9499d86badaa6173d1aa197a2b544d13b1>", "SubjectUserSid": "<pseudonym:cd1a3afeeac92cb813605e21e464de7db0ca53fa0190d3a1372a46f60ddd0712>", "LogonGuid": "{00000000-0000-0000-0000-000000000000}", "SubjectDomainName": "WORKGROUP", "TargetLogonId": "0x1f189", "LogonProcessName": "User32 ", "SubjectLogonId": "0x3e7", "KeyLength": "0"}, "channel": "Security", "event_id": 4624, "provider_name": "Microsoft-Windows-Security-Auditing"}}
{"pseudonym": "721ee97a0013594c778a3fb491ef5099c0d8a8409174db1192de74509fb8b99a", "origin": "mKKQRQ/XEXlD3XDM81tymV+AMSj4SBMws46N3zZBLRKhEdw1N5WGXtmQOHdQIjRXjCNm2+BGAiXCUYU9uSgx26CgzYh/ROZRFBJI/dmBvYhEG3QwmjuLeX56jYFdOpHX8at/MPicw8sun5Oj7zctngOSxlOrvqyXmrgFqA1U11sNJJrgmNs+k+YvFdJsfOEVuLDooluvB4yXIxUV1h6kWbMhuyy68u3S5tAlHa3XzvzTGKePZggjdjTzUR/yOEKWwLynDWXOdT7UgExwF4Pu7V9hxsIRC67jtza3eDO1G4STPcQn+df88vye7+76fbW3I7VsDSdOF7OuOcEoSU9rJ9QKc2E31++VmFAxawMQi702508WoQ=="}
{"pseudonym": "88300c8916832c3352893b38edeeb13dae715dc9604444fc4d9bdd509aba6c1d", "origin": "tIUJtqI93vxq9qkDj50nMa1OrU7ztcNg3/AqUMfIxWj7DGb7qlowA7kJZF9DusgXYic91TbJ/POjFx8OqmEPFOmzi5VedOQh2zCoX14DtLVA2laQ1M8rAhLGraFTtKesvbzXLEIcQnX4u6SRkipyK/xTm62xIs2R72hl2vsFi9OZ0LJwkVF4Hm51KQBA2bGqrc2nSiMf59mon/gcvLXOOg2Itai0+QbVkM8d6j1sSrF3wic4amYEWemLURtJACdnlpsm4THgBO6F0g1lkRcfS4BoO5lgfUDXlRN+2O+V5xxQ9kxDCeBNrGnrf/9PL060HlcGu+lSp3TXHHs2fgxRyZBPzdRtv1OBjUU+s8jEdpg="}
{"@timestamp": "2019-08-05T08:53:27.593Z", "@metadata": {"beat": "winlogbeat", "type": "_doc", "version": "7.2.0", "topic": "wineventlog_raw"}, "event": {"created": "2019-08-05T08:54:03.704Z", "kind": "event", "code": 4672, "action": "Special Logon"}, "log": {"level": "information"}, "ecs": {"version": "1.0.0"}, "host": {"name": "CLIENT1", "hostname": "CLIENT1", "architecture": "x86", "os": {"family": "windows", "name": "Windows 7 Professional", "kernel": "6.1.7601.18741 (win7sp1_gdr.150202-1526)", "build": "7601.0", "platform": "windows", "version": "6.1"}, "id": "19fc45ac-5890-4f96-81b1-50ed111c0ce4"}, "agent": {"type": "winlogbeat", "ephemeral_id": "33f6eec2-a7ba-4caa-97b3-ea43b4f5e172", "hostname": "CLIENT1", "id": "0b755aca-0a9a-454a-9800-1979901962a0", "version": "7.2.0"}, "message": "Special privileges assigned to new logon.\n\nSubject:\n\tSecurity ID:\t\tS-1-5-19\n\tAccount Name:\t\tLOCAL SERVICE\n\tAccount Domain:\t\tNT AUTHORITY\n\tLogon ID:\t\t0x3e5\n\nPrivileges:\t\tSeAssignPrimaryTokenPrivilege\n\t\t\tSeAuditPrivilege\n\t\t\tSeImpersonatePrivilege", "winlog": {"task": "Special Logon", "keywords": ["Audit Success"], "event_id": 4672, "computer_name": "CLIENT1", "event_data": {"PrivilegeList": "SeAssignPrimaryTokenPrivilege\n\t\t\tSeAuditPrivilege\n\t\t\tSeImpersonatePrivilege", "SubjectUserSid": "<pseudonym:88300c8916832c3352893b38edeeb13dae715dc9604444fc4d9bdd509aba6c1d>", "SubjectUserName": "<pseudonym:721ee97a0013594c778a3fb491ef5099c0d8a8409174db1192de74509fb8b99a>", "SubjectDomainName": "NT AUTHORITY", "SubjectLogonId": "0x3e5"}, "record_id": 4679, "api": "wineventlog", "opcode": "Info", "process": {"pid": 444, "thread": {"id": 528}}, "provider_guid": "{54849625-5478-4994-A5BA-3E3B0328C30D}", "channel": "Security", "provider_name": "Microsoft-Windows-Security-Auditing"}}
{"pseudonym": "387dddca7f9c9fa71c41295d7790d3bcd791cfe79b2dd4843551dfd0bf47acf2", "origin": "qt7aVxWJfzV1sas/aZEOBL0RG91yI8j68EHE7nSKEG1vRJbPdBBIG86TXyjn5VW3LL72WJs9gQXzQOk5pnBZjlmRDWHim7i5nSzDXwPbgRnp8AFf/EEnWELsmGNf87I3kuBsKCHMQwj5ex1NW/6j/MCtRlvkDKobhzdsnOyEJXEqGvM0E6frDLR9Ti0n2/04kn7I4wh6hftApJZBuFK106EzDihtbs61fd08/qWjPqFotKrwocXreNx1etq8KZB234Zqnzxx3YrvXAdfelsJR7Py5s2/ueK/zS1YiFY+qW2vgq/LGnHSAWmYu+O7LuZByS8TRnHPPsh9Dx4ii+BmEsx2THEGqMEne0UjO+5A"}
{"pseudonym": "cd1a3afeeac92cb813605e21e464de7db0ca53fa0190d3a1372a46f60ddd0712", "origin": "euizP6BUln45Kv1QjbLPTI6kKW6R3b4Xryav6Y3Ko3iNw4makfRwZUYoDuYxB9cBdWy/+sFYkYQzbhExa0CGGwhpQwA1WTudLlCmS0G9jL3+EFpTtAC0zrCrmWhJCLk+znNuLjkNOBc1mPn42Ab1Ofm0COf9nIvrijhauhgrJoDQTuUDjd2ggWR6evLuIm44cwvgdWLQXmHBOZ4+QREdHF34M23zmgvTvL28NWA2Xhs+sWGaR+EAC8yvQqAgfdJSAGBXNL3Sivk6ChFLe75YTy5yNf0tkUyHqKbrwDBm66OiQzO09nISstDY/K7/wV07ESTZLLpds3nVmnEZ9xFcXe9gNewWUM3TRSEL8WF/OTk="}
{"@timestamp": "2019-08-05T08:53:47.625Z", "@metadata": {"beat": "winlogbeat", "type": "_doc", "version": "7.2.0", "topic": "wineventlog_raw"}, "message": "Special privileges assigned to new logon.\n\nSubject:\n\tSecurity ID:\t\tS-1-5-18\n\tAccount Name:\t\tSYSTEM\n\tAccount Domain:\t\tNT AUTHORITY\n\tLogon ID:\t\t0x3e7\n\nPrivileges:\t\tSeAssignPrimaryTokenPrivilege\n\t\t\tSeTcbPrivilege\n\t\t\tSeSecurityPrivilege\n\t\t\tSeTakeOwnershipPrivilege\n\t\t\tSeLoadDriverPrivilege\n\t\t\tSeBackupPrivilege\n\t\t\tSeRestorePrivilege\n\t\t\tSeDebugPrivilege\n\t\t\tSeAuditPrivilege\n\t\t\tSeSystemEnvironmentPrivilege\n\t\t\tSeImpersonatePrivilege", "agent": {"type": "winlogbeat", "ephemeral_id": "33f6eec2-a7ba-4caa-97b3-ea43b4f5e172", "hostname": "CLIENT1", "id": "0b755aca-0a9a-454a-9800-1979901962a0", "version": "7.2.0"}, "ecs": {"version": "1.0.0"}, "host": {"hostname": "CLIENT1", "architecture": "x86", "os": {"name": "Windows 7 Professional", "kernel": "6.1.7601.18741 (win7sp1_gdr.150202-1526)", "build": "7601.0", "platform": "windows", "version": "6.1", "family": "windows"}, "id": "19fc45ac-5890-4f96-81b1-50ed111c0ce4", "name": "CLIENT1"}, "winlog": {"opcode": "Info", "event_id": 4672, "provider_name": "Microsoft-Windows-Security-Auditing", "record_id": 4689, "keywords": ["Audit Success"], "provider_guid": "{54849625-5478-4994-A5BA-3E3B0328C30D}", "process": {"pid": 444, "thread": {"id": 528}}, "task": "Special Logon", "api": "wineventlog", "channel": "Security", "event_data": {"SubjectLogonId": "0x3e7", "PrivilegeList": "SeAssignPrimaryTokenPrivilege\n\t\t\tSeTcbPrivilege\n\t\t\tSeSecurityPrivilege\n\t\t\tSeTakeOwnershipPrivilege\n\t\t\tSeLoadDriverPrivilege\n\t\t\tSeBackupPrivilege\n\t\t\tSeRestorePrivilege\n\t\t\tSeDebugPrivilege\n\t\t\tSeAuditPrivilege\n\t\t\tSeSystemEnvironmentPrivilege\n\t\t\tSeImpersonatePrivilege", "SubjectUserSid": "<pseudonym:cd1a3afeeac92cb813605e21e464de7db0ca53fa0190d3a1372a46f60ddd0712>", "SubjectUserName": "<pseudonym:387dddca7f9c9fa71c41295d7790d3bcd791cfe79b2dd4843551dfd0bf47acf2>", "SubjectDomainName": "NT AUTHORITY"}, "computer_name": "CLIENT1"}, "event": {"kind": "event", "code": 4672, "action": "Special Logon", "created": "2019-08-05T08:54:03.704Z"}, "log": {"level": "information"}}
{"@timestamp": "2019-07-30T14:38:14.954Z", "@metadata": {"beat": "winlogbeat", "type": "_doc", "version": "7.2.0", "topic": "wineventlog_raw"}, "log": {"level": "information"}, "message": "The Distributed Link Tracking Client service entered the stopped state.", "winlog": {"process": {"thread": {"id": 2808}, "pid": 436}, "task": "", "api": "wineventlog", "provider_name": "Service Control Manager", "computer_name": "CLIENT1", "keywords": ["Classic"], "channel": "System", "event_id": 7036, "record_id": 11569, "provider_guid": "{555908d1-a6d7-4695-8e1e-26931d2012f4}", "event_data": {"param1": "Distributed Link Tracking Client", "param2": "stopped", "Binary": "540072006B0057006B0073002F0031000000"}}, "event": {"created": "2019-08-05T08:54:04.777Z", "kind": "event", "code": 7036}, "ecs": {"version": "1.0.0"}, "host": {"name": "CLIENT1", "id": "19fc45ac-5890-4f96-81b1-50ed111c0ce4", "hostname": "CLIENT1", "architecture": "x86", "os": {"platform": "windows", "version": "6.1", "family": "windows", "name": "Windows 7 Professional", "kernel": "6.1.7601.18741 (win7sp1_gdr.150202-1526)", "build": "7601.0"}}, "agent": {"ephemeral_id": "33f6eec2-a7ba-4caa-97b3-ea43b4f5e172", "hostname": "CLIENT1", "id": "0b755aca-0a9a-454a-9800-1979901962a0", "version": "7.2.0", "type": "winlogbeat"}}
{"@timestamp": "2019-07-30T14:38:15.180Z", "@metadata": {"beat": "winlogbeat", "type": "_doc", "version": "7.2.0", "topic": "wineventlog_raw"}, "ecs": {"version": "1.0.0"}, "host": {"name": "CLIENT1", "os": {"build": "7601.0", "platform": "windows", "version": "6.1", "family": "windows", "name": "Windows 7 Professional", "kernel": "6.1.7601.18741 (win7sp1_gdr.150202-1526)"}, "id": "19fc45ac-5890-4f96-81b1-50ed111c0ce4", "hostname": "CLIENT1", "architecture": "x86"}, "agent": {"version": "7.2.0", "type": "winlogbeat", "ephemeral_id": "33f6eec2-a7ba-4caa-97b3-ea43b4f5e172", "hostname": "CLIENT1", "id": "0b755aca-0a9a-454a-9800-1979901962a0"}, "winlog": {"task": "", "keywords": ["Classic"], "event_data": {"param1": "IPsec Policy Agent", "param2": "stopped", "Binary": "50006F006C006900630079004100670065006E0074002F0031000000"}, "provider_name": "Service Control Manager", "api": "wineventlog", "provider_guid": "{555908d1-a6d7-4695-8e1e-26931d2012f4}", "event_id": 7036, "channel": "System", "record_id": 11576, "computer_name": "CLIENT1", "process": {"pid": 436, "thread": {"id": 3216}}}, "event": {"kind": "event", "code": 7036, "created": "2019-08-05T08:54:04.777Z"}, "log": {"level": "information"}, "message": "The IPsec Policy Agent service entered the stopped state."}
{"@timestamp": "2019-07-30T14:38:17.289Z", "@metadata": {"beat": "winlogbeat", "type": "_doc", "version": "7.2.0", "topic": "wineventlog_raw"}, "winlog": {"channel": "System", "provider_name": "Service Control Manager", "record_id": 11582, "process": {"pid": 436, "thread": {"id": 2808}}, "event_data": {"param1": "Windows Event Log", "param2": "stopped", "Binary": "6500760065006E0074006C006F0067002F0031000000"}, "api": "wineventlog", "computer_name": "CLIENT1", "event_id": 7036, "task": "", "keywords": ["Classic"], "provider_guid": "{555908d1-a6d7-4695-8e1e-26931d2012f4}"}, "event": {"kind": "event", "code": 7036, "created": "2019-08-05T08:54:04.777Z"}, "log": {"level": "information"}, "message": "The Windows Event Log service entered the stopped state.", "ecs": {"version": "1.0.0"}, "host": {"id": "19fc45ac-5890-4f96-81b1-50ed111c0ce4", "hostname": "CLIENT1", "name": "CLIENT1", "architecture": "x86", "os": {"name": "Windows 7 Professional", "kernel": "6.1.7601.18741 (win7sp1_gdr.150202-1526)", "build": "7601.0", "platform": "windows", "version": "6.1", "family": "windows"}}, "agent": {"type": "winlogbeat", "ephemeral_id": "33f6eec2-a7ba-4caa-97b3-ea43b4f5e172", "hostname": "CLIENT1", "id": "0b755aca-0a9a-454a-9800-1979901962a0", "version": "7.2.0"}}
{"@timestamp": "2019-08-02T09:46:34.500Z", "@metadata": {"beat": "winlogbeat", "type": "_doc", "version": "7.2.0", "topic": "wineventlog_raw"}, "agent": {"version": "7.2.0", "type": "winlogbeat", "ephemeral_id": "33f6eec2-a7ba-4caa-97b3-ea43b4f5e172", "hostname": "CLIENT1", "id": "0b755aca-0a9a-454a-9800-1979901962a0"}, "ecs": {"version": "1.0.0"}, "winlog": {"record_id": 11617, "computer_name": "CLIENT1", "event_id": 7036, "channel": "System", "api": "wineventlog", "process": {"pid": 440, "thread": {"id": 524}}, "provider_name": "Service Control Manager", "task": "", "keywords": ["Classic"], "provider_guid": "{555908d1-a6d7-4695-8e1e-26931d2012f4}", "event_data": {"param1": "Base Filtering Engine", "param2": "running", "Binary": "4200460045002F0034000000"}}, "event": {"code": 7036, "created": "2019-08-05T08:54:04.777Z", "kind": "event"}, "log": {"level": "information"}, "message": "The Base Filtering Engine service entered the running state.", "host": {"name": "CLIENT1", "architecture": "x86", "os": {"version": "6.1", "family": "windows", "name": "Windows 7 Professional", "kernel": "6.1.7601.18741 (win7sp1_gdr.150202-1526)", "build": "7601.0", "platform": "windows"}, "id": "19fc45ac-5890-4f96-81b1-50ed111c0ce4", "hostname": "CLIENT1"}}
{"@timestamp": "2019-08-02T09:46:44.187Z", "@metadata": {"beat": "winlogbeat", "type": "_doc", "version": "7.2.0", "topic": "wineventlog_raw"}, "agent": {"type": "winlogbeat", "ephemeral_id": "33f6eec2-a7ba-4caa-97b3-ea43b4f5e172", "hostname": "CLIENT1", "id": "0b755aca-0a9a-454a-9800-1979901962a0", "version": "7.2.0"}, "ecs": {"version": "1.0.0"}, "host": {"hostname": "CLIENT1", "architecture": "x86", "os": {"name": "Windows 7 Professional", "kernel": "6.1.7601.18741 (win7sp1_gdr.150202-1526)", "build": "7601.0", "platform": "windows", "version": "6.1", "family": "windows"}, "id": "19fc45ac-5890-4f96-81b1-50ed111c0ce4", "name": "CLIENT1"}, "message": "The Distributed Link Tracking Client service entered the running state.", "winlog": {"record_id": 11629, "provider_guid": "{555908d1-a6d7-4695-8e1e-26931d2012f4}", "process": {"pid": 440, "thread": {"id": 524}}, "channel": "System", "provider_name": "Service Control Manager", "task": "", "api": "wineventlog", "computer_name": "CLIENT1", "keywords": ["Classic"], "event_data": {"Binary": "540072006B0057006B0073002F0034000000", "param1": "Distributed Link Tracking Client", "param2": "running"}, "event_id": 7036}, "event": {"code": 7036, "created": "2019-08-05T08:54:04.777Z", "kind": "event"}, "log": {"level": "information"}}
{"@timestamp": "2019-08-02T09:46:53.958Z", "@metadata": {"beat": "winlogbeat", "type": "_doc", "version": "7.2.0", "topic": "wineventlog_raw"}, "host": {"id": "19fc45ac-5890-4f96-81b1-50ed111c0ce4", "hostname": "CLIENT1", "architecture": "x86", "name": "CLIENT1", "os": {"version": "6.1", "family": "windows", "name": "Windows 7 Professional", "kernel": "6.1.7601.18741 (win7sp1_gdr.150202-1526)", "build": "7601.0", "platform": "windows"}}, "agent": {"id": "0b755aca-0a9a-454a-9800-1979901962a0", "version": "7.2.0", "type": "winlogbeat", "ephemeral_id": "33f6eec2-a7ba-4caa-97b3-ea43b4f5e172", "hostname": "CLIENT1"}, "event": {"kind": "event", "code": 7036, "created": "2019-08-05T08:54:04.777Z"}, "log": {"level": "information"}, "message": "The Server service entered the running state.", "winlog": {"channel": "System", "provider_guid": "{555908d1-a6d7-4695-8e1e-26931d2012f4}", "process": {"pid": 440, "thread": {"id": 520}}, "provider_name": "Service Control Manager", "computer_name": "CLIENT1", "keywords": ["Classic"], "event_id": 7036, "record_id": 11633, "event_data": {"param1": "Server", "param2": "running", "Binary": "4C0061006E006D0061006E005300650072007600650072002F0034000000"}, "task": "", "api": "wineventlog"}, "ecs": {"version": "1.0.0"}}
{"@timestamp": "2019-08-02T09:46:54.128Z", "@metadata": {"beat": "winlogbeat", "type": "_doc", "version": "7.2.0", "topic": "wineventlog_raw"}, "log": {"level": "information"}, "message": "The Diagnostic System Host service entered the running state.", "winlog": {"keywords": ["Classic"], "api": "wineventlog", "provider_guid": "{555908d1-a6d7-4695-8e1e-26931d2012f4}", "process": {"pid": 440, "thread": {"id": 1792}}, "provider_name": "Service Control Manager", "record_id": 11634, "task": "", "event_data": {"param1": "Diagnostic System Host", "param2": "running", "Binary": "570064006900530079007300740065006D0048006F00730074002F0034000000"}, "channel": "System", "event_id": 7036, "computer_name": "CLIENT1"}, "event": {"kind": "event", "code": 7036, "created": "2019-08-05T08:54:04.777Z"}, "agent": {"version": "7.2.0", "type": "winlogbeat", "ephemeral_id": "33f6eec2-a7ba-4caa-97b3-ea43b4f5e172", "hostname": "CLIENT1", "id": "0b755aca-0a9a-454a-9800-1979901962a0"}, "ecs": {"version": "1.0.0"}, "host": {"architecture": "x86", "name": "CLIENT1", "os": {"name": "Windows 7 Professional", "kernel": "6.1.7601.18741 (win7sp1_gdr.150202-1526)", "build": "7601.0", "platform": "windows", "version": "6.1", "family": "windows"}, "id": "19fc45ac-5890-4f96-81b1-50ed111c0ce4", "hostname": "CLIENT1"}}
{"@timestamp": "2019-08-02T09:46:54.899Z", "@metadata": {"beat": "winlogbeat", "type": "_doc", "version": "7.2.0", "topic": "wineventlog_raw"}, "host": {"hostname": "CLIENT1", "architecture": "x86", "name": "CLIENT1", "os": {"version": "6.1", "family": "windows", "name": "Windows 7 Professional", "kernel": "6.1.7601.18741 (win7sp1_gdr.150202-1526)", "build": "7601.0", "platform": "windows"}, "id": "19fc45ac-5890-4f96-81b1-50ed111c0ce4"}, "agent": {"id": "0b755aca-0a9a-454a-9800-1979901962a0", "version": "7.2.0", "type": "winlogbeat", "ephemeral_id": "33f6eec2-a7ba-4caa-97b3-ea43b4f5e172", "hostname": "CLIENT1"}, "ecs": {"version": "1.0.0"}, "event": {"kind": "event", "code": 7036, "created": "2019-08-05T08:54:04.777Z"}, "log": {"level": "information"}, "message": "The Network List Service service entered the running state.", "winlog": {"event_data": {"param2": "running", "Binary": "6E0065007400700072006F0066006D002F0034000000", "param1": "Network List Service"}, "api": "wineventlog", "process": {"pid": 440, "thread": {"id": 1752}}, "event_id": 7036, "provider_name": "Service Control Manager", "record_id": 11639, "provider_guid": "{555908d1-a6d7-4695-8e1e-26931d2012f4}", "channel": "System", "task": "", "keywords": ["Classic"], "computer_name": "CLIENT1"}}
{"@timestamp": "2019-08-02T09:51:20.800Z", "@metadata": {"beat": "winlogbeat", "type": "_doc", "version": "7.2.0", "topic": "wineventlog_raw"}, "message": "The Multimedia Class Scheduler service entered the stopped state.", "host": {"os": {"name": "Windows 7 Professional", "kernel": "6.1.7601.18741 (win7sp1_gdr.150202-1526)", "build": "7601.0", "platform": "windows", "version": "6.1", "family": "windows"}, "id": "19fc45ac-5890-4f96-81b1-50ed111c0ce4", "name": "CLIENT1", "hostname": "CLIENT1", "architecture": "x86"}, "agent": {"version": "7.2.0", "type": "winlogbeat", "ephemeral_id": "33f6eec2-a7ba-4caa-97b3-ea43b4f5e172", "hostname": "CLIENT1", "id": "0b755aca-0a9a-454a-9800-1979901962a0"}, "ecs": {"version": "1.0.0"}, "winlog": {"process": {"thread": {"id": 1792}, "pid": 440}, "record_id": 11657, "keywords": ["Classic"], "channel": "System", "computer_name": "CLIENT1", "api": "wineventlog", "task": "", "provider_guid": "{555908d1-a6d7-4695-8e1e-26931d2012f4}", "event_data": {"param2": "stopped", "Binary": "4D004D004300530053002F0031000000", "param1": "Multimedia Class Scheduler"}, "event_id": 7036, "provider_name": "Service Control Manager"}, "event": {"kind": "event", "code": 7036, "created": "2019-08-05T08:54:04.921Z"}, "log": {"level": "information"}}
{"pseudonym": "cd1a3afeeac92cb813605e21e464de7db0ca53fa0190d3a1372a46f60ddd0712", "origin": "AbdR3StaIndsTMf4yUflppGhefPdt0+0QWEU59ha+RBBpytwp8qA8y68fMrkQ9H5NiKZtrgeE79z58bF7RP66nBfDTgaUTlCRATJpEWeoOfAHvy+0R99SvfrnTS916sNFb42IQ2v4hYB9hmenMoZlQOmYLTtQAGTwUmumgFj/EybjW1tPw4kRCtj2rypoWo8V5EX8M2vqX47BuieCsJ2q+NgyHBB19q1slc0ubbY/7GJHT6IAE28dzVMn3uubate/nidAXZ2tmpiP9yiYs1DUahSdIfRR94tBUFP/OSq2Glh9TyicWDwPxBcShq3Vgs/gFDZFhHsqDY+rHU6cyfKelDS2zJoJOdrdS5JNgSI8N8="}
{"@timestamp": "2019-08-02T09:54:22.102Z", "@metadata": {"beat": "winlogbeat", "type": "_doc", "version": "7.2.0", "topic": "wineventlog_raw"}, "winlog": {"user_data": {"CachingSubsystemState": "false", "xml_name": "INFO_PNP_STATE", "InstallSubsystemState": "false"}, "provider_name": "Microsoft-Windows-UserPnp", "computer_name": "CLIENT1", "event_id": 20010, "api": "wineventlog", "opcode": "Info", "provider_guid": "{96F4A050-7E31-453C-88BE-9634F4E02139}", "process": {"pid": 548, "thread": {"id": 3076}}, "channel": "System", "record_id": 11675, "task": "", "user": {"domain": "NT AUTHORITY", "type": "User", "identifier": "<pseudonym:cd1a3afeeac92cb813605e21e464de7db0ca53fa0190d3a1372a46f60ddd0712>", "name": "SYSTEM"}}, "event": {"created": "2019-08-05T08:54:04.922Z", "kind": "event", "code": 20010}, "log": {"level": "information"}, "message": "One or more of the Plug and Play service's subsystems has changed state. \n\nPlugPlay install subsystem enabled: 'false' \nPlugPlay caching subsystem enabled: 'false' ", "host": {"name": "CLIENT1", "architecture": "x86", "os": {"platform": "windows", "version": "6.1", "family": "windows", "name": "Windows 7 Professional", "kernel": "6.1.7601.18741 (win7sp1_gdr.150202-1526)", "build": "7601.0"}, "id": "19fc45ac-5890-4f96-81b1-50ed111c0ce4", "hostname": "CLIENT1"}, "agent": {"type": "winlogbeat", "ephemeral_id": "33f6eec2-a7ba-4caa-97b3-ea43b4f5e172", "hostname": "CLIENT1", "id": "0b755aca-0a9a-454a-9800-1979901962a0", "version": "7.2.0"}, "ecs": {"version": "1.0.0"}}
{"@timestamp": "2019-08-05T08:53:28.000Z", "@metadata": {"beat": "winlogbeat", "type": "_doc", "version": "7.2.0", "topic": "wineventlog_raw"}, "agent": {"version": "7.2.0", "type": "winlogbeat", "ephemeral_id": "33f6eec2-a7ba-4caa-97b3-ea43b4f5e172", "hostname": "CLIENT1", "id": "0b755aca-0a9a-454a-9800-1979901962a0"}, "event": {"kind": "event", "code": 6013, "created": "2019-08-05T08:54:04.922Z"}, "log": {"level": "information"}, "message": "The system uptime is 54 seconds.", "winlog": {"api": "wineventlog", "event_data": {"param5": "54", "param6": "60", "param7": "-60 W. Europe Standard Time", "Binary": "31002E003100000030000000570069006E0064006F0077007300200037002000500072006F00660065007300730069006F006E0061006C00000036002E0031002E00370036003000310020004200750069006C006400200037003600300031002000530065007200760069006300650020005000610063006B002000310000004D0075006C0074006900700072006F0063006500730073006F00720020004600720065006500000037003600300031002E00770069006E0037007300700031005F006700640072002E003100350030003200300032002D00310035003200360000003500360066003300660039006200620000004E006F007400200041007600610069006C00610062006C00650000004E006F007400200041007600610069006C00610062006C006500000030000000310000003500310032000000340030003900000043004C00490045004E005400310000000000"}, "computer_name": "CLIENT1", "record_id": 11678, "task": "", "keywords": ["Classic"], "channel": "System", "event_id": 6013, "provider_name": "EventLog"}, "ecs": {"version": "1.0.0"}, "host": {"name": "CLIENT1", "hostname": "CLIENT1", "architecture": "x86", "os": {"kernel": "6.1.7601.18741 (win7sp1_gdr.150202-1526)", "build": "7601.0", "platform": "windows", "version": "6.1", "family": "windows", "name": "Windows 7 Professional"}, "id": "19fc45ac-5890-4f96-81b1-50ed111c0ce4"}}
{"@timestamp": "2019-08-02T09:54:22.666Z", "@metadata": {"beat": "winlogbeat", "type": "_doc", "version": "7.2.0", "topic": "wineventlog_raw"}, "log": {"level": "information"}, "message": "The Windows Time service entered the stopped state.", "ecs": {"version": "1.0.0"}, "host": {"id": "19fc45ac-5890-4f96-81b1-50ed111c0ce4", "name": "CLIENT1", "hostname": "CLIENT1", "architecture": "x86", "os": {"version": "6.1", "family": "windows", "name": "Windows 7 Professional", "kernel": "6.1.7601.18741 (win7sp1_gdr.150202-1526)", "build": "7601.0", "platform": "windows"}}, "agent": {"ephemeral_id": "33f6eec2-a7ba-4caa-97b3-ea43b4f5e172", "hostname": "CLIENT1", "id": "0b755aca-0a9a-454a-9800-1979901962a0", "version": "7.2.0", "type": "winlogbeat"}, "winlog": {"api": "wineventlog", "process": {"pid": 440, "thread": {"id": 2680}}, "channel": "System", "keywords": ["Classic"], "record_id": 11684, "event_id": 7036, "task": "", "event_data": {"Binary": "570033003200540069006D0065002F0031000000", "param1": "Windows Time", "param2": "stopped"}, "provider_name": "Service Control Manager", "computer_name": "CLIENT1", "provider_guid": "{555908d1-a6d7-4695-8e1e-26931d2012f4}"}, "event": {"created": "2019-08-05T08:54:04.922Z", "kind": "event", "code": 7036}}
