{"pseudonym": "cd1a3afeeac92cb813605e21e464de7db0ca53fa0190d3a1372a46f60ddd0712", "origin": "e4GpXOEy0M+3bB7nM1uNhJ+CBal+iEZTa1K3XJAHW1NGeaQx1PzvgTYZEYWvfdkr0BBfv210fMVBV9s2/v2CPWonTErkCxOO+hbuZ9voylmF2XYnNeuVTrEmKSdBk90+Xc02hhpA1S9+MzaeEBPzLfPdK6HeUYOUS2AKAfp1VJls49ZCRpVzwYtRPtO4HrI8rLX0XDFK3OSGHinnMGLOm56NXwOneo6al8nITM44i7GFlvPRY3WMUI1l/z23KaYSJngM01MMvvl+Cd/vmZglOO+PjNpUPRwYjfpwz+ScFT7Iq7iT55dObPgx1vyql3SUD0fnDGVXnw8BK7Rcj9PZXJS+9brnz+HzX2VAmxBlj0Q="}
{"@timestamp": "2019-08-02T09:46:07.625Z", "@metadata": {"beat": "winlogbeat", "type": "_doc", "version": "7.2.0", "topic": "wineventlog_raw"}, "agent": {"version": "7.2.0", "type": "winlogbeat", "ephemeral_id": "33f6eec2-a7ba-4caa-97b3-ea43b4f5e172", "hostname": "CLIENT1", "id": "0b755aca-0a9a-454a-9800-1979901962a0"}, "winlog": {"task": "", "event_data": {"DeviceName": "FileInfo", "DeviceTime": "2009-07-14T01:21:51.000000000Z", "FinalStatus": "0x0", "DeviceVersionMajor": "6", "DeviceVersionMinor": "1", "DeviceNameLength": "8"}, "channel": "System", "event_id": 6, "provider_guid": "{F3C5E28E-63F6-49C7-A204-E48A1BC4B09D}", "computer_name": "CLIENT1", "record_id": 11587, "opcode": "Info", "process": {"pid": 4, "thread": {"id": 8}}, "user": {"domain": "NT AUTHORITY", "type": "User", "identifier": "<pseudonym:cd1a3afeeac92cb813605e21e464de7db0ca53fa0190d3a1372a46f60ddd0712>", "name": "SYSTEM"}, "provider_name": "Microsoft-Windows-FilterManager", "api": "wineventlog"}, "event": {"kind": "event", "code": 6, "created": "2019-08-05T08:54:04.777Z"}, "log": {"level": "information"}, "message": "File System Filter 'FileInfo' (6.1, \u200e2009\u200e-\u200e07\u200e-\u200e14T01:21:51.000000000Z) has successfully loaded and registered with Filter Manager.", "ecs": {"version": "1.0.0"}, "host": {"hostname": "CLIENT1", "architecture": "x86", "os": {"version": "6.1", "family": "windows", "name": "Windows 7 Professional", "kernel": "6.1.7601.18741 (win7sp1_gdr.150202-1526)", "build": "7601.0", "platform": "windows"}, "id": "19fc45ac-5890-4f96-81b1-50ed111c0ce4", "name": "CLIENT1"}}
{"@timestamp": "2019-08-02T09:46:18.718Z", "@metadata": {"beat": "winlogbeat", "type": "_doc", "version": "7.2.0", "topic": "wineventlog_raw"}, "host": {"architecture": "x86", "name": "CLIENT1", "os": {"platform": "windows", "version": "6.1", "family": "windows", "name": "Windows 7 Professional", "kernel": "6.1.7601.18741 (win7sp1_gdr.150202-1526)", "build": "7601.0"}, "id": "19fc45ac-5890-4f96-81b1-50ed111c0ce4", "hostname": "CLIENT1"}, "winlog": {"event_data": {"Binary": "50006C007500670050006C00610079002F0034000000", "param1": "Plug and Play", "param2": "running"}, "keywords": ["Classic"], "process": {"pid": 440, "thread": {"id": 520}}, "channel": "System", "provider_name": "Service Control Manager", "task": "", "event_id": 7036, "record_id": 11589, "computer_name": "CLIENT1", "api": "wineventlog", "provider_guid": "{555908d1-a6d7-4695-8e1e-26931d2012f4}"}, "event": {"code": 7036, "created": "2019-08-05T08:54:04.777Z", "kind": "event"}, "log": {"level": "information"}, "message": "The Plug and Play service entered the running state.", "agent": {"id": "0b755aca-0a9a-454a-9800-1979901962a0", "version": "7.2.0", "type": "winlogbeat", "ephemeral_id": "33f6eec2-a7ba-4caa-97b3-ea43b4f5e172", "hostname": "CLIENT1"}, "ecs": {"version": "1.0.0"}}
{"@timestamp": "2019-08-02T09:46:52.902Z", "@metadata": {"beat": "winlogbeat", "type": "_doc", "version": "7.2.0", "topic": "wineventlog_raw"}, "ecs": {"version": "1.0.0"}, "host": {"name": "CLIENT1", "hostname": "CLIENT1", "architecture": "x86", "os": {"version": "6.1", "family": "windows", "name": "Windows 7 Professional", "kernel": "6.1.7601.18741 (win7sp1_gdr.150202-1526)", "build": "7601.0", "platform": "windows"}, "id": "19fc45ac-5890-4f96-81b1-50ed111c0ce4"}, "agent": {"type": "winlogbeat", "ephemeral_id": "33f6eec2-a7ba-4caa-97b3-ea43b4f5e172", "hostname": "CLIENT1", "id": "0b755aca-0a9a-454a-9800-1979901962a0", "version": "7.2.0"}, "event": {"code": 7036, "created": "2019-08-05T08:54:04.777Z", "kind": "event"}, "log": {"level": "information"}, "message": "The IP Helper service entered the running state.", "winlog": {"keywords": ["Classic"], "event_data": {"Binary": "6900700068006C0070007300760063002F0034000000", "param1": "IP Helper", "param2": "running"}, "computer_name": "CLIENT1", "record_id": 11632, "process": {"pid": 440, "thread": {"id": 524}}, "provider_name": "Service Control Manager", "event_id": 7036, "task": "", "api": "wineventlog", "provider_guid": "{555908d1-a6d7-4695-8e1e-26931d2012f4}", "channel": "System"}}
{"@timestamp": "2019-08-02T09:48:57.114Z", "@metadata": {"beat": "winlogbeat", "type": "_doc", "version": "7.2.0", "topic": "wineventlog_raw"}, "winlog": {"event_data": {"param1": "Security Center", "param2": "running", "Binary": "7700730063007300760063002F0034000000"}, "record_id": 11653, "keywords": ["Classic"], "channel": "System", "task": "", "computer_name": "CLIENT1", "provider_guid": "{555908d1-a6d7-4695-8e1e-26931d2012f4}", "process": {"pid": 440, "thread": {"id": 3492}}, "api": "wineventlog", "provider_name": "Service Control Manager", "event_id": 7036}, "event": {"kind": "event", "code": 7036, "created": "2019-08-05T08:54:04.921Z"}, "log": {"level": "information"}, "message": "The Security Center service entered the running state.", "ecs": {"version": "1.0.0"}, "host": {"name": "CLIENT1", "hostname": "CLIENT1", "architecture": "x86", "os": {"version": "6.1", "family": "windows", "name": "Windows 7 Professional", "kernel": "6.1.7601.18741 (win7sp1_gdr.150202-1526)", "build": "7601.0", "platform": "windows"}, "id": "19fc45ac-5890-4f96-81b1-50ed111c0ce4"}, "agent": {"type": "winlogbeat", "ephemeral_id": "33f6eec2-a7ba-4caa-97b3-ea43b4f5e172", "hostname": "CLIENT1", "id": "0b755aca-0a9a-454a-9800-1979901962a0", "version": "7.2.0"}}
{"pseudonym": "88300c8916832c3352893b38edeeb13dae715dc9604444fc4d9bdd509aba6c1d", "origin": "WCrIfy+rQgskBXsZzyPg9c0kIG9vZGnee2ritkZj7wmP+f3A7QHSeNaUEXAPeoCPqP7vGsoZ4Vy7PL2BtUznl0rpMqRPR76c4qsEaE/KUmzqYiGbhC0Wm9zLeiniY+f0bodt9FDO1iyCvNAf5MZI5LqepsuWScls0R7vcFDuuoARY2jmihzSeeKw3R0P37fxt2lLGOPj10On5DJEw2CdccLeSnm+hWAObvUgV2ED7dWCzFrVavOP7IhFe5NDWJeXKi/vqJySJ3j60K7LpStmIRzozqQyVPK8TOMMzM3Pj4nMjtm6JS++FS16oPkcXq5Ja/viWIkUOU3CmqqYXstIT2WaKZyYgiYePY6apBdUSUU="}
{"@timestamp": "2019-08-02T09:54:20.659Z", "@metadata": {"beat": "winlogbeat", "type": "_doc", "version": "7.2.0", "topic": "wineventlog_raw"}, "message": "DHCPv6 client service is stopped. ShutDown Flag value is 1", "winlog": {"api": "wineventlog", "task": "Service State Event", "user": {"domain": "NT AUTHORITY", "type": "Well Known Group", "identifier": "<pseudonym:88300c8916832c3352893b38edeeb13dae715dc9604444fc4d9bdd509aba6c1d>", "name": "LOCAL SERVICE"}, "process": {"pid": 712, "thread": {"id": 1068}}, "provider_guid": "{6A1F2B00-6A90-4C38-95A5-5CAB3B056778}", "channel": "System", "event_id": 51047, "provider_name": "Microsoft-Windows-DHCPv6-Client", "record_id": 11669, "event_data": {"DwordVal": "1"}, "opcode": "ServiceStop", "computer_name": "CLIENT1"}, "event": {"created": "2019-08-05T08:54:04.921Z", "kind": "event", "code": 51047, "action": "Service State Event"}, "log": {"level": "information"}, "ecs": {"version": "1.0.0"}, "host": {"name": "CLIENT1", "hostname": "CLIENT1", "architecture": "x86", "os": {"platform": "windows", "version": "6.1", "family": "windows", "name": "Windows 7 Professional", "kernel": "6.1.7601.18741 (win7sp1_gdr.150202-1526)", "build": "7601.0"}, "id": "19fc45ac-5890-4f96-81b1-50ed111c0ce4"}, "agent": {"id": "0b755aca-0a9a-454a-9800-1979901962a0", "version": "7.2.0", "type": "winlogbeat", "ephemeral_id": "33f6eec2-a7ba-4caa-97b3-ea43b4f5e172", "hostname": "CLIENT1"}}
{"@timestamp": "2019-08-02T09:54:22.633Z", "@metadata": {"beat": "winlogbeat", "type": "_doc", "version": "7.2.0", "topic": "wineventlog_raw"}, "host": {"hostname": "CLIENT1", "name": "CLIENT1", "architecture": "x86", "os": {"version": "6.1", "family": "windows", "name": "Windows 7 Professional", "kernel": "6.1.7601.18741 (win7sp1_gdr.150202-1526)", "build": "7601.0", "platform": "windows"}, "id": "19fc45ac-5890-4f96-81b1-50ed111c0ce4"}, "agent": {"id": "0b755aca-0a9a-454a-9800-1979901962a0", "version": "7.2.0", "type": "winlogbeat", "ephemeral_id": "33f6eec2-a7ba-4caa-97b3-ea43b4f5e172", "hostname": "CLIENT1"}, "ecs": {"version": "1.0.0"}, "log": {"level": "information"}, "message": "The Distributed Link Tracking Client service entered the stopped state.", "winlog": {"task": "", "event_data": {"param2": "stopped", "Binary": "540072006B0057006B0073002F0031000000", "param1": "Distributed Link Tracking Client"}, "computer_name": "CLIENT1", "provider_guid": "{555908d1-a6d7-4695-8e1e-26931d2012f4}", "api": "wineventlog", "channel": "System", "keywords": ["Classic"], "process": {"pid": 440, "thread": {"id": 2680}}, "event_id": 7036, "provider_name": "Service Control Manager", "record_id": 11683}, "event": {"code": 7036, "created": "2019-08-05T08:54:04.922Z", "kind": "event"}}
{"@timestamp": "2019-08-05T08:53:27.437Z", "@metadata": {"beat": "winlogbeat", "type": "_doc", "version": "7.2.0", "topic": "wineventlog_raw"}, "ecs": {"version": "1.0.0"}, "host": {"id": "19fc45ac-5890-4f96-81b1-50ed111c0ce4", "hostname": "CLIENT1", "architecture": "x86", "os": {"name": "Windows 7 Professional", "kernel": "6.1.7601.18741 (win7sp1_gdr.150202-1526)", "build": "7601.0", "platform": "windows", "version": "6.1", "family": "windows"}, "name": "CLIENT1"}, "agent": {"type": "winlogbeat", "ephemeral_id": "33f6eec2-a7ba-4caa-97b3-ea43b4f5e172", "hostname": "CLIENT1", "id": "0b755aca-0a9a-454a-9800-1979901962a0", "version": "7.2.0"}, "message": "The RPC Endpoint Mapper service entered the running state.", "winlog": {"channel": "System", "record_id": 11709, "provider_guid": "{555908d1-a6d7-4695-8e1e-26931d2012f4}", "provider_name": "Service Control Manager", "task": "", "api": "wineventlog", "event_id": 7036, "computer_name": "CLIENT1", "keywords": ["Classic"], "process": {"pid": 436, "thread": {"id": 516}}, "event_data": {"Binary": "5200700063004500700074004D00610070007000650072002F0034000000", "param1": "RPC Endpoint Mapper", "param2": "running"}}, "event": {"kind": "event", "code": 7036, "created": "2019-08-05T08:54:04.922Z"}, "log": {"level": "information"}}
{"pseudonym": "e887f3a09fdddf7c81a563b81f90ed9499d86badaa6173d1aa197a2b544d13b1", "origin": "la2r1gF+Sws1C8tgPM5oCBHQ1WZK2Gjws5tQ3/ncc5dWILcpIu695HLcR6S3tjktFyyefn4175uXFNTWMN4j0NZ4ECqmbff1PQ25u6V/En5xXinYMEP7P+fb9byI3u7OSdPPkZHaJgXLfg3kKCB5JD7iDRUY3uVnKjxBVYt/p/V8X5idtl/I76L5jSll7BZrpRtXr+76YbAhQImloqjqWJ5KIT2hafRyLMRyIR3Tyq2gWm0B/PjDpcDlyXnKjrI7KmGOmAZd3PEU3IEfF3fhPjdefCUJ3sE7A8Xb7Up5GEBmVY9cy5Zz1VW+KZjrDfMNc6g5U9JbooIL64Z/hCRZSE1jd4g4f85BGzT8vhYjF7U="}
{"pseudonym": "f119e812403f34bc9c93a15392e371bd51bfd51f59deda80c5caac2a6f172b3c", "origin": "Lak92qmtQX6/zPWgyfBskZ9HxtpJjLdKdkbRD/8R8gyy8hgHDEkFYyBJq4FKQqDZ0PVDaHITrx2yFlNDNcDHZDHzcpV9UZbeQ8KydVjd236YVzK0klb+pyyt2Qnk9madEqrDH6EFKJpEdL/csQSPw27bQS4WfY7sm4/0XZZF4oklUkIr6WLUjjF5z5pomoYSYnpjbonH7fwbofvxrzaw0CEU06PSXGe9v/Kz7SLBWFP9uv+jqcdptGNHUmRHlSUVkhNKj04+EYJ3Xjj92CbUgycZh5aTZXyC1Mo438RL/e7Xa3gOQDyz4iUrqM2bMceV+vsThqD+hHV9/1vSxcGyUJGDaEUDcw3ll4vz02zJ"}
{"pseudonym": "cd1a3afeeac92cb813605e21e464de7db0ca53fa0190d3a1372a46f60ddd0712", "origin": "EpOqRa3U7aTHKhEfhZptdqUnfQox4mbwfsLYiNTq8eDNJ6VMJMboPqhfhXebnfqziagL+5vARrAxUWjWAzHnFGM33yGpfJSdw1DXR1Cfx/azZv1c/y43aU5Pmdif/xcLpz1B4R6wD3DcgkstlX/6ysWd+Wrw9G00x4J6JhiMvpJBNnPriTeNr5741zldFYDWsnoRZgZ6YJGNrV7ZwDdtQy1f6LUIr5FF3dL5fIArlkeq1mo0sxf/Kgs+QsVFoqvjFHvUpOXzM4iC8bMAWwWVnJEdZson8LSeZbfEioMhb8l8itO41zSEwS8TXi8NPlBV5bXvtsRHnd8DRbLqdV5ig9HoAizrsYsW5UKde+kq5uw="}
{"@timestamp": "2019-08-05T08:55:37.244Z", "@metadata": {"beat": "winlogbeat", "type": "_doc", "version": "7.2.0", "topic": "wineventlog_raw"}, "source": {"ip": "127.0.0.1", "port": 0}, "agent": {"ephemeral_id": "33f6eec2-a7ba-4caa-97b3-ea43b4f5e172", "hostname": "CLIENT1", "id": "0b755aca-0a9a-454a-9800-1979901962a0", "version": "7.2.0", "type": "winlogbeat"}, "winlog": {"provider_guid": "{54849625-5478-4994-A5BA-3E3B0328C30D}", "event_id": 4648, "provider_name": "Microsoft-Windows-Security-Auditing", "api": "wineventlog", "event_data": {"TargetLogonGuid": "{00000000-0000-0000-0000-000000000000}", "SubjectLogonId": "0x3e7", "SubjectUserSid": "<pseudonym:cd1a3afeeac92cb813605e21e464de7db0ca53fa0190d3a1372a46f60ddd0712>", "LogonGuid": "{00000000-0000-0000-0000-000000000000}", "SubjectUserName": "<pseudonym:e887f3a09fdddf7c81a563b81f90ed9499d86badaa6173d1aa197a2b544d13b1>", "TargetInfo": "localhost", "TargetServerName": "localhost", "SubjectDomainName": "WORKGROUP"}, "computer_name": "CLIENT1", "opcode": "Info", "process": {"pid": 444, "thread": {"id": 308}}, "record_id": 4692, "keywords": ["Audit Success"], "channel": "Security", "task": "Logon"}, "event": {"action": "Logon", "created": "2019-08-05T08:55:38.043Z", "kind": "event", "code": 4648, "type": "authentication_success", "category": "authentication"}, "user": {"name": "<pseudonym:f119e812403f34bc9c93a15392e371bd51bfd51f59deda80c5caac2a6f172b3c>", "domain": "CLIENT1"}, "host": {"hostname": "CLIENT1", "architecture": "x86", "os": {"platform": "windows", "version": "6.1", "family": "windows", "name": "Windows 7 Professional", "kernel": "6.1.7601.18741 (win7sp1_gdr.150202-1526)", "build": "7601.0"}, "id": "19fc45ac-5890-4f96-81b1-50ed111c0ce4", "name": "CLIENT1"}, "ecs": {"version": "1.0.0"}, "log": {"level": "information"}, "message": "A logon was attempted using explicit credentials.\n\nSubject:\n\tSecurity ID:\t\tS-1-5-18\n\tAccount Name:\t\tCLIENT1$\n\tAccount Domain:\t\tWORKGROUP\n\tLogon ID:\t\t0x3e7\n\tLogon GUID:\t\t{00000000-0000-0000-0000-000000000000}\n\nAccount Whose Credentials Were Used:\n\tAccount Name:\t\tbreach\n\tAccount Domain:\t\tCLIENT1\n\tLogon GUID:\t\t{00000000-0000-0000-0000-000000000000}\n\nTarget Server:\n\tTarget Server Name:\tlocalhost\n\tAdditional Information:\tlocalhost\n\nProcess Information:\n\tProcess ID:\t\t0x178\n\tProcess Name:\t\tC:\\Windows\\System32\\winlogon.exe\n\nNetwork Information:\n\tNetwork Address:\t127.0.0.1\n\tPort:\t\t\t0\n\nThis event is generated when a process attempts to log on an account by explicitly specifying that account\u2019s credentials.  This most commonly occurs in batch-type configurations such as scheduled tasks, or when using the RUNAS command.", "process": {"pid": 376, "executable": "C:\\Windows\\System32\\winlogon.exe", "name": "winlogon.exe"}}
{"@timestamp": "2019-08-05T08:56:10.185Z", "@metadata": {"beat": "winlogbeat", "type": "_doc", "version": "7.2.0", "topic": "wineventlog_raw"}, "event": {"created": "2019-08-05T08:56:11.564Z", "kind": "event", "code": 7036}, "log": {"level": "information"}, "host": {"name": "CLIENT1", "os": {"name": "Windows 7 Professional", "kernel": "6.1.7601.18741 (win7sp1_gdr.150202-1526)", "build": "7601.0", "platform": "windows", "version": "6.1", "family": "windows"}, "id": "19fc45ac-5890-4f96-81b1-50ed111c0ce4", "hostname": "CLIENT1", "architecture": "x86"}, "agent": {"type": "winlogbeat", "ephemeral_id": "33f6eec2-a7ba-4caa-97b3-ea43b4f5e172", "hostname": "CLIENT1", "id": "0b755aca-0a9a-454a-9800-1979901962a0", "version": "7.2.0"}, "ecs": {"version": "1.0.0"}, "message": "The Windows Time service entered the running state.", "winlog": {"event_data": {"param1": "Windows Time", "param2": "running", "Binary": "570033003200540069006D0065002F0034000000"}, "provider_guid": "{555908d1-a6d7-4695-8e1e-26931d2012f4}", "event_id": 7036, "record_id": 11767, "task": "", "api": "wineventlog", "computer_name": "CLIENT1", "keywords": ["Classic"], "process": {"pid": 436, "thread": {"id": 1760}}, "channel": "System", "provider_name": "Service Control Manager"}}
{"pseudonym": "e887f3a09fdddf7c81a563b81f90ed9499d86badaa6173d1aa197a2b544d13b1", "origin": "BXt1eILHS+ozILrw60/bL8K1AYUfxafLKIqu2rWS7xFB0udxrVlGSSQ3UN5xVz+jtX5RFstH5bYrZR8H+J9Ho+Krp9Gpdykb6T2MeMhKX9t61uEdxOAyowhxrA+a9pWS8o7YNERkZDzSuYW0LHC+rchnuV9+C8x4cot+n0o9pH27F8eNpLb4rR9BNfVgRAVFIjT3FYD55wLUzyI5wnmBB0swRIwVGCwrX4HTafo6mcc2a5AXRILas1B+ENi9Vy/gU022IYcvaew0lnZQKFcuyTw0UK08O2thVrvlbjKS1S1Borie+5Ma+FideoWfkQfo9PU3wKNGyAOmU0AeBMQUDI4VQXWFoKAqQt+gR7CLC8E="}
{"pseudonym": "cd1a3afeeac92cb813605e21e464de7db0ca53fa0190d3a1372a46f60ddd0712", "origin": "WfnfgL9Ke9u9zRfY0CZ0i7E33ANMIUh8gSpguJN/b4l/gyO2dffpk5TQ0Ms29xTWQ4jvTBE7gI6QSxuNmw4kE8MEyLhNshjnDqeG2EY82Fxcd95p4gAKe5zwSJziKjTt9WIhTguNUKRXOw8G3VISbbNkkkZTf9p0+S5/TQMHJfgFywd6hljCdDA/SFPkPLwXmdSxKEifE1654aQEvK39MuPfneZ2FEzurXVioA03Y3XWKZpdtSGV50YweMrnMg0iR9uj2Opg+cQBqBgwumTmNp/F5zYPXTUCgoTNQp1u8hpT0D2tPGyB6klQHUUErRqmaa0rWlg7PWtbhhnxfh2aLVgJQiZ0YKkaOjly86jf/88="}
{"@timestamp": "2019-07-30T14:27:43.143Z", "@metadata": {"beat": "winlogbeat", "type": "_doc", "version": "7.2.0", "topic": "wineventlog_raw"}, "ecs": {"version": "1.0.0"}, "host": {"id": "19fc45ac-5890-4f96-81b1-50ed111c0ce4", "hostname": "CLIENT1", "architecture": "x86", "os": {"version": "6.1", "family": "windows", "name": "Windows 7 Professional", "kernel": "6.1.7601.18741 (win7sp1_gdr.150202-1526)", "build": "7601.0", "platform": "windows"}, "name": "CLIENT1"}, "agent": {"version": "7.2.0", "type": "winlogbeat", "ephemeral_id": "de845cd9-5141-4c92-ad32-27a4518307e9", "hostname": "CLIENT1", "id": "0b755aca-0a9a-454a-9800-1979901962a0"}, "winlog": {"event_data": {"SubjectLogonId": "0x3e7", "PreviousTime": "2019-07-30T14:27:43.947698800Z", "NewTime": "2019-07-30T14:27:43.143000000Z", "ProcessId": "0x5b4", "ProcessName": "C:\\Program Files\\NetTime\\NetTimeService.exe", "SubjectUserSid": "<pseudonym:cd1a3afeeac92cb813605e21e464de7db0ca53fa0190d3a1372a46f60ddd0712>", "SubjectUserName": "<pseudonym:e887f3a09fdddf7c81a563b81f90ed9499d86badaa6173d1aa197a2b544d13b1>", "SubjectDomainName": "WORKGROUP"}, "api": "wineventlog", "event_id": 4616, "provider_name": "Microsoft-Windows-Security-Auditing", "provider_guid": "{54849625-5478-4994-A5BA-3E3B0328C30D}", "channel": "Security", "keywords": ["Audit Success"], "version": 1, "record_id": 4634, "task": "Security State Change", "computer_name": "CLIENT1", "process": {"pid": 4, "thread": {"id": 60}}, "opcode": "Info"}, "event": {"kind": "event", "code": 4616, "action": "Security State Change", "created": "2019-08-02T09:55:09.914Z"}, "log": {"level": "information"}, "message": "The system time was changed.\n\nSubject:\n\tSecurity ID:\t\tS-1-5-18\n\tAccount Name:\t\tCLIENT1$\n\tAccount Domain:\t\tWORKGROUP\n\tLogon ID:\t\t0x3e7\n\nProcess Information:\n\tProcess ID:\t0x5b4\n\tName:\t\tC:\\Program Files\\NetTime\\NetTimeService.exe\n\nPrevious Time:\t\t\u200e2019\u200e-\u200e07\u200e-\u200e30T14:27:43.947698800Z\nNew Time:\t\t\u200e2019\u200e-\u200e07\u200e-\u200e30T14:27:43.143000000Z\n\nThis event is generated when the system time is changed. It is normal for the Windows Time Service, which runs with System privilege, to change the system time on a regular basis. Other system time changes may be indicative of attempts to tamper with the computer."}
{"@timestamp": "2019-07-30T14:37:52.000Z", "@metadata": {"beat": "winlogbeat", "type": "_doc", "version": "7.2.0", "topic": "wineventlog_raw"}, "ecs": {"version": "1.0.0"}, "winlog": {"event_data": {"ServiceName": "WMPNetworkSvc"}, "api": "wineventlog", "provider_guid": "{6A2DC7C1-930A-4FB5-BB44-80B30AEBED6C}", "task": "", "record_id": 11550, "computer_name": "CLIENT1", "channel": "System", "provider_name": "Microsoft-Windows-WMPNSS-Service", "keywords": ["Classic"], "event_id": 14205}, "event": {"created": "2019-08-02T09:55:11.995Z", "kind": "event", "code": 14205}, "log": {"level": "information"}, "message": "Service 'WMPNetworkSvc' stopped.", "host": {"hostname": "CLIENT1", "name": "CLIENT1", "architecture": "x86", "os": {"platform": "windows", "version": "6.1", "family": "windows", "name": "Windows 7 Professional", "kernel": "6.1.7601.18741 (win7sp1_gdr.150202-1526)", "build": "7601.0"}, "id": "19fc45ac-5890-4f96-81b1-50ed111c0ce4"}, "agent": {"ephemeral_id": "de845cd9-5141-4c92-ad32-27a4518307e9", "hostname": "CLIENT1", "id": "0b755aca-0a9a-454a-9800-1979901962a0", "version": "7.2.0", "type": "winlogbeat"}}
{"@timestamp": "2019-07-30T14:38:13.791Z", "@metadata": {"beat": "winlogbeat", "type": "_doc", "version": "7.2.0", "topic": "wineventlog_raw"}, "ecs": {"version": "1.0.0"}, "winlog": {"provider_name": "Service Control Manager", "record_id": 11561, "api": "wineventlog", "event_id": 7036, "channel": "System", "task": "", "computer_name": "CLIENT1", "keywords": ["Classic"], "provider_guid": "{555908d1-a6d7-4695-8e1e-26931d2012f4}", "process": {"pid": 436, "thread": {"id": 2808}}, "event_data": {"param2": "stopped", "Binary": "4E0065007400540069006D0065005300760063002F0031000000", "param1": "NetTime"}}, "event": {"kind": "event", "code": 7036, "created": "2019-08-02T09:55:11.995Z"}, "log": {"level": "information"}, "message": "The NetTime service entered the stopped state.", "host": {"hostname": "CLIENT1", "architecture": "x86", "os": {"family": "windows", "name": "Windows 7 Professional", "kernel": "6.1.7601.18741 (win7sp1_gdr.150202-1526)", "build": "7601.0", "platform": "windows", "version": "6.1"}, "name": "CLIENT1", "id": "19fc45ac-5890-4f96-81b1-50ed111c0ce4"}, "agent": {"type": "winlogbeat", "ephemeral_id": "de845cd9-5141-4c92-ad32-27a4518307e9", "hostname": "CLIENT1", "id": "0b755aca-0a9a-454a-9800-1979901962a0", "version": "7.2.0"}}
{"pseudonym": "cd1a3afeeac92cb813605e21e464de7db0ca53fa0190d3a1372a46f60ddd0712", "origin": "DA2GLSb2uSHin/cTNemw5wlDg7MaMIAPBQBZXSmpaSKs4DVEqwUe4GzKVk+KY4/++9RZA4xPljoqMRLcqwCBdjxalUTEXYtnP9/0KyWgoCX7rDXKi8jj4JqeDiM9nXv3/u2oAWWtcqJsZcqX05PxCNFH19MrLetgE1gsVEoiLKfeNY/V3klsQ2Yboj5Q5N9j/LHb3hK2mB9txDdslhwZoOt9QA2zjmM0JueDrivl5fvcCqWbBSYR38It4+Pc0OWgUQkhOtU6qyDKmIXLEGWjSKj7L7A/QaSIE4y68tdaVoxqWRRCft+YeEBqeIxFdqgVsopv5M/UFCsA6R9z0mbnd9Z1M5wP5TirCBME5Z9krOE="}
{"@timestamp": "2019-08-02T09:46:06.546Z", "@metadata": {"beat": "winlogbeat", "type": "_doc", "version": "7.2.0", "topic": "wineventlog_raw"}, "ecs": {"version": "1.0.0"}, "log": {"level": "information"}, "message": "The operating system started at system time \u200e2019\u200e-\u200e08\u200e-\u200e02T09:46:06.500000000Z.", "winlog": {"task": "", "opcode": "Info", "provider_guid": "{A68CA8B7-004F-D7B6-A698-07E2DE0F1F5D}", "user": {"type": "User", "identifier": "<pseudonym:cd1a3afeeac92cb813605e21e464de7db0ca53fa0190d3a1372a46f60ddd0712>", "name": "SYSTEM", "domain": "NT AUTHORITY"}, "event_id": 12, "process": {"pid": 4, "thread": {"id": 8}}, "event_data": {"MajorVersion": "6", "MinorVersion": "1", "BuildVersion": "7601", "QfeVersion": "18741", "ServiceVersion": "1", "BootMode": "0", "StartTime": "2019-08-02T09:46:06.500000000Z"}, "channel": "System", "record_id": 11586, "api": "wineventlog", "computer_name": "CLIENT1", "provider_name": "Microsoft-Windows-Kernel-General"}, "event": {"code": 12, "created": "2019-08-02T09:55:11.997Z", "kind": "event"}, "host": {"name": "CLIENT1", "os": {"build": "7601.0", "platform": "windows", "version": "6.1", "family": "windows", "name": "Windows 7 Professional", "kernel": "6.1.7601.18741 (win7sp1_gdr.150202-1526)"}, "id": "19fc45ac-5890-4f96-81b1-50ed111c0ce4", "hostname": "CLIENT1", "architecture": "x86"}, "agent": {"hostname": "CLIENT1", "id": "0b755aca-0a9a-454a-9800-1979901962a0", "version": "7.2.0", "type": "winlogbeat", "ephemeral_id": "de845cd9-5141-4c92-ad32-27a4518307e9"}}
{"@timestamp": "2019-08-02T09:46:18.937Z", "@metadata": {"beat": "winlogbeat", "type": "_doc", "version": "7.2.0", "topic": "wineventlog_raw"}, "log": {"level": "information"}, "message": "The Power service entered the running state.", "host": {"name": "CLIENT1", "hostname": "CLIENT1", "architecture": "x86", "os": {"version": "6.1", "family": "windows", "name": "Windows 7 Professional", "kernel": "6.1.7601.18741 (win7sp1_gdr.150202-1526)", "build": "7601.0", "platform": "windows"}, "id": "19fc45ac-5890-4f96-81b1-50ed111c0ce4"}, "agent": {"hostname": "CLIENT1", "id": "0b755aca-0a9a-454a-9800-1979901962a0", "version": "7.2.0", "type": "winlogbeat", "ephemeral_id": "de845cd9-5141-4c92-ad32-27a4518307e9"}, "ecs": {"version": "1.0.0"}, "winlog": {"process": {"pid": 440, "thread": {"id": 528}}, "record_id": 11591, "api": "wineventlog", "event_id": 7036, "provider_guid": "{555908d1-a6d7-4695-8e1e-26931d2012f4}", "provider_name": "Service Control Manager", "keywords": ["Classic"], "event_data": {"param1": "Power", "param2": "running", "Binary": "50006F007700650072002F0034000000"}, "channel": "System", "task": "", "computer_name": "CLIENT1"}, "event": {"code": 7036, "created": "2019-08-02T09:55:11.997Z", "kind": "event"}}
{"pseudonym": "88300c8916832c3352893b38edeeb13dae715dc9604444fc4d9bdd509aba6c1d", "origin": "QvTjwfOw/h1DRkkqkxDtIqI4LVAc5uIELycYeuzvW8neQ64ClgsKXRtIuHkdFz4uGB42GpPqz5jf8fqpvraqbsbcV+j4v+boTMRqorspgCd0Lf68lMy/LsGPUdTiNWYDzRYPCgZtEs0c57OkZ8rnpPC1VuBkvkRiIaARHhhP6heUrG1N7ovqSxu4+JvCuB6eBGbulcVvaR93+csv8ajrEdkBMDASIzq/gvYVojix+DOnJi3NkdwYWFLIgS1dCW3h0/2ZYJnQkHfUFnvMN0xMAQQAj86YdiOZyF2FT45SlhDAvebDQ3DwUTbCiEaMnIlB3uOEiZ/crB1yUfyR1fu8BKB/FUGU2i4xhi16v9ZhwlM="}
{"@timestamp": "2019-08-02T09:46:26.578Z", "@metadata": {"beat": "winlogbeat", "type": "_doc", "version": "7.2.0", "topic": "wineventlog_raw"}, "ecs": {"version": "1.0.0"}, "host": {"id": "19fc45ac-5890-4f96-81b1-50ed111c0ce4", "hostname": "CLIENT1", "architecture": "x86", "os": {"version": "6.1", "family": "windows", "name": "Windows 7 Professional", "kernel": "6.1.7601.18741 (win7sp1_gdr.150202-1526)", "build": "7601.0", "platform": "windows"}, "name": "CLIENT1"}, "agent": {"id": "0b755aca-0a9a-454a-9800-1979901962a0", "version": "7.2.0", "type": "winlogbeat", "ephemeral_id": "de845cd9-5141-4c92-ad32-27a4518307e9", "hostname": "CLIENT1"}, "winlog": {"provider_guid": "{6A1F2B00-6A90-4C38-95A5-5CAB3B056778}", "event_id": 51046, "record_id": 11612, "api": "wineventlog", "channel": "System", "provider_name": "Microsoft-Windows-DHCPv6-Client", "task": "Service State Event", "opcode": "ServiceStart", "process": {"thread": {"id": 1068}, "pid": 712}, "computer_name": "CLIENT1", "user": {"identifier": "<pseudonym:88300c8916832c3352893b38edeeb13dae715dc9604444fc4d9bdd509aba6c1d>", "name": "LOCAL SERVICE", "domain": "NT AUTHORITY", "type": "Well Known Group"}}, "event": {"code": 51046, "action": "Service State Event", "created": "2019-08-02T09:55:11.998Z", "kind": "event"}, "log": {"level": "information"}, "message": "DHCPv6 client service is started"}
{"@timestamp": "2019-08-02T09:46:39.421Z", "@metadata": {"beat": "winlogbeat", "type": "_doc", "version": "7.2.0", "topic": "wineventlog_raw"}, "message": "The ImDisk Virtual Disk Driver Helper service entered the running state.", "winlog": {"provider_guid": "{555908d1-a6d7-4695-8e1e-26931d2012f4}", "channel": "System", "event_data": {"param1": "ImDisk Virtual Disk Driver Helper", "param2": "running", "Binary": "49006D00440073006B005300760063002F0034000000"}, "provider_name": "Service Control Manager", "task": "", "api": "wineventlog", "computer_name": "CLIENT1", "keywords": ["Classic"], "process": {"thread": {"id": 524}, "pid": 440}, "event_id": 7036, "record_id": 11623}, "agent": {"id": "0b755aca-0a9a-454a-9800-1979901962a0", "version": "7.2.0", "type": "winlogbeat", "ephemeral_id": "de845cd9-5141-4c92-ad32-27a4518307e9", "hostname": "CLIENT1"}, "ecs": {"version": "1.0.0"}, "host": {"id": "19fc45ac-5890-4f96-81b1-50ed111c0ce4", "hostname": "CLIENT1", "name": "CLIENT1", "architecture": "x86", "os": {"version": "6.1", "family": "windows", "name": "Windows 7 Professional", "kernel": "6.1.7601.18741 (win7sp1_gdr.150202-1526)", "build": "7601.0", "platform": "windows"}}, "event": {"kind": "event", "code": 7036, "created": "2019-08-02T09:55:11.998Z"}, "log": {"level": "information"}}
{"@timestamp": "2019-08-02T09:46:54.286Z", "@metadata": {"beat": "winlogbeat", "type": "_doc", "version": "7.2.0", "topic": "wineventlog_raw"}, "host": {"name": "CLIENT1", "architecture": "x86", "os": {"name": "Windows 7 Professional", "kernel": "6.1.7601.18741 (win7sp1_gdr.150202-1526)", "build": "7601.0", "platform": "windows", "version": "6.1", "family": "windows"}, "id": "19fc45ac-5890-4f96-81b1-50ed111c0ce4", "hostname": "CLIENT1"}, "winlog": {"keywords": ["Classic"], "task": "", "process": {"thread": {"id": 1792}, "pid": 440}, "channel": "System", "event_id": 7036, "provider_name": "Service Control Manager", "api": "wineventlog", "computer_name": "CLIENT1", "record_id": 11636, "provider_guid": "{555908d1-a6d7-4695-8e1e-26931d2012f4}", "event_data": {"Binary": "420072006F0077007300650072002F0034000000", "param1": "Computer Browser", "param2": "running"}}, "event": {"kind": "event", "code": 7036, "created": "2019-08-02T09:55:11.999Z"}, "log": {"level": "information"}, "message": "The Computer Browser service entered the running state.", "agent": {"id": "0b755aca-0a9a-454a-9800-1979901962a0", "version": "7.2.0", "type": "winlogbeat", "ephemeral_id": "de845cd9-5141-4c92-ad32-27a4518307e9", "hostname": "CLIENT1"}, "ecs": {"version": "1.0.0"}}
{"@timestamp": "2019-08-02T09:54:22.633Z", "@metadata": {"beat": "winlogbeat", "type": "_doc", "version": "7.2.0", "topic": "wineventlog_raw"}, "host": {"id": "19fc45ac-5890-4f96-81b1-50ed111c0ce4", "hostname": "CLIENT1", "name": "CLIENT1", "architecture": "x86", "os": {"build": "7601.0", "platform": "windows", "version": "6.1", "family": "windows", "name": "Windows 7 Professional", "kernel": "6.1.7601.18741 (win7sp1_gdr.150202-1526)"}}, "agent": {"type": "winlogbeat", "ephemeral_id": "de845cd9-5141-4c92-ad32-27a4518307e9", "hostname": "CLIENT1", "id": "0b755aca-0a9a-454a-9800-1979901962a0", "version": "7.2.0"}, "log": {"level": "information"}, "message": "The Distributed Link Tracking Client service entered the stopped state.", "winlog": {"computer_name": "CLIENT1", "process": {"thread": {"id": 2680}, "pid": 440}, "record_id": 11683, "api": "wineventlog", "event_data": {"param1": "Distributed Link Tracking Client", "param2": "stopped", "Binary": "540072006B0057006B0073002F0031000000"}, "event_id": 7036, "provider_name": "Service Control Manager", "provider_guid": "{555908d1-a6d7-4695-8e1e-26931d2012f4}", "keywords": ["Classic"], "channel": "System", "task": ""}, "event": {"created": "2019-08-02T09:55:12.090Z", "kind": "event", "code": 7036}, "ecs": {"version": "1.0.0"}}
{"pseudonym": "cd1a3afeeac92cb813605e21e464de7db0ca53fa0190d3a1372a46f60ddd0712", "origin": "slQ/6SQjr2rHfq6Nskb77UJO7eNYFdKiD5pTKJxRKQEvlFwgzSpunjnByO58efIc3u5L+bHiCoZExU9qBnuMsNDsUjrcuXLr2EwNhkhgGykuXVW8aPJ54aIKGAwk02OWrUcWNMekKg85OgybQnfb1of2I6QXUBSweK32AVdtE9C0u7kBaPyAq0yIGC+/UcWo1r/NisOf1Cl+kwxRaS7X1OX1VxJKbSl0PbQk27pPJ0RA9dDUeXoptY9Cya3QUaPXYxHBgy/IWYc+uVttjLwDMOJeM3ard7iB4wCITq2CStCybUY6hJ0n1M8yyVPJ0SQ6WW/kl7bPk2kXQDaVQSu4pTTMyV6uLGFMWtGh3j3SyX4="}
{"@timestamp": "2019-08-02T09:54:55.453Z", "@metadata": {"beat": "winlogbeat", "type": "_doc", "version": "7.2.0", "topic": "wineventlog_raw"}, "event": {"created": "2019-08-02T09:55:12.091Z", "kind": "event", "code": 6}, "log": {"level": "information"}, "message": "File System Filter 'luafv' (6.1, \u200e2009\u200e-\u200e07\u200e-\u200e14T01:15:44.000000000Z) has successfully loaded and registered with Filter Manager.", "ecs": {"version": "1.0.0"}, "host": {"name": "CLIENT1", "architecture": "x86", "os": {"platform": "windows", "version": "6.1", "family": "windows", "name": "Windows 7 Professional", "kernel": "6.1.7601.18741 (win7sp1_gdr.150202-1526)", "build": "7601.0"}, "id": "19fc45ac-5890-4f96-81b1-50ed111c0ce4", "hostname": "CLIENT1"}, "agent": {"id": "0b755aca-0a9a-454a-9800-1979901962a0", "version": "7.2.0", "type": "winlogbeat", "ephemeral_id": "de845cd9-5141-4c92-ad32-27a4518307e9", "hostname": "CLIENT1"}, "winlog": {"task": "", "computer_name": "CLIENT1", "opcode": "Info", "provider_guid": "{F3C5E28E-63F6-49C7-A204-E48A1BC4B09D}", "record_id": 11707, "provider_name": "Microsoft-Windows-FilterManager", "api": "wineventlog", "user": {"identifier": "<pseudonym:cd1a3afeeac92cb813605e21e464de7db0ca53fa0190d3a1372a46f60ddd0712>", "name": "SYSTEM", "domain": "NT AUTHORITY", "type": "User"}, "channel": "System", "event_data": {"DeviceName": "luafv", "DeviceTime": "2009-07-14T01:15:44.000000000Z", "FinalStatus": "0x0", "DeviceVersionMajor": "6", "DeviceVersionMinor": "1", "DeviceNameLength": "5"}, "process": {"pid": 4, "thread": {"id": 60}}, "event_id": 6}}
{"@timestamp": "2019-08-02T09:54:55.656Z", "@metadata": {"beat": "winlogbeat", "type": "_doc", "version": "7.2.0", "topic": "wineventlog_raw"}, "ecs": {"version": "1.0.0"}, "host": {"id": "19fc45ac-5890-4f96-81b1-50ed111c0ce4", "hostname": "CLIENT1", "architecture": "x86", "name": "CLIENT1", "os": {"version": "6.1", "family": "windows", "name": "Windows 7 Professional", "kernel": "6.1.7601.18741 (win7sp1_gdr.150202-1526)", "build": "7601.0", "platform": "windows"}}, "agent": {"type": "winlogbeat", "ephemeral_id": "de845cd9-5141-4c92-ad32-27a4518307e9", "hostname": "CLIENT1", "id": "0b755aca-0a9a-454a-9800-1979901962a0", "version": "7.2.0"}, "winlog": {"provider_name": "Service Control Manager", "record_id": 11709, "task": "", "keywords": ["Classic"], "provider_guid": "{555908d1-a6d7-4695-8e1e-26931d2012f4}", "api": "wineventlog", "channel": "System", "event_id": 7036, "computer_name": "CLIENT1", "event_data": {"param1": "RPC Endpoint Mapper", "param2": "running", "Binary": "5200700063004500700074004D00610070007000650072002F0034000000"}, "process": {"pid": 440, "thread": {"id": 528}}}, "event": {"kind": "event", "code": 7036, "created": "2019-08-02T09:55:12.091Z"}, "log": {"level": "information"}, "message": "The RPC Endpoint Mapper service entered the running state."}
{"@timestamp": "2019-08-02T09:55:03.734Z", "@metadata": {"beat": "winlogbeat", "type": "_doc", "version": "7.2.0", "topic": "wineventlog_raw"}, "event": {"kind": "event", "code": 7036, "created": "2019-08-02T09:55:12.092Z"}, "log": {"level": "information"}, "message": "The IKE and AuthIP IPsec Keying Modules service entered the running state.", "winlog": {"provider_name": "Service Control Manager", "record_id": 11739, "process": {"pid": 440, "thread": {"id": 524}}, "channel": "System", "computer_name": "CLIENT1", "provider_guid": "{555908d1-a6d7-4695-8e1e-26931d2012f4}", "event_id": 7036, "api": "wineventlog", "keywords": ["Classic"], "event_data": {"param1": "IKE and AuthIP IPsec Keying Modules", "param2": "running", "Binary": "49004B0045004500580054002F0034000000"}, "task": ""}, "ecs": {"version": "1.0.0"}, "host": {"name": "CLIENT1", "hostname": "CLIENT1", "architecture": "x86", "os": {"kernel": "6.1.7601.18741 (win7sp1_gdr.150202-1526)", "build": "7601.0", "platform": "windows", "version": "6.1", "family": "windows", "name": "Windows 7 Professional"}, "id": "19fc45ac-5890-4f96-81b1-50ed111c0ce4"}, "agent": {"type": "winlogbeat", "ephemeral_id": "de845cd9-5141-4c92-ad32-27a4518307e9", "hostname": "CLIENT1", "id": "0b755aca-0a9a-454a-9800-1979901962a0", "version": "7.2.0"}}
{"@timestamp": "2019-08-02T09:55:06.324Z", "@metadata": {"beat": "winlogbeat", "type": "_doc", "version": "7.2.0", "topic": "wineventlog_raw"}, "message": "The Wazuh service entered the running state.", "agent": {"type": "winlogbeat", "ephemeral_id": "de845cd9-5141-4c92-ad32-27a4518307e9", "hostname": "CLIENT1", "id": "0b755aca-0a9a-454a-9800-1979901962a0", "version": "7.2.0"}, "ecs": {"version": "1.0.0"}, "host": {"name": "CLIENT1", "architecture": "x86", "os": {"name": "Windows 7 Professional", "kernel": "6.1.7601.18741 (win7sp1_gdr.150202-1526)", "build": "7601.0", "platform": "windows", "version": "6.1", "family": "windows"}, "id": "19fc45ac-5890-4f96-81b1-50ed111c0ce4", "hostname": "CLIENT1"}, "winlog": {"keywords": ["Classic"], "channel": "System", "task": "", "provider_guid": "{555908d1-a6d7-4695-8e1e-26931d2012f4}", "event_data": {"param1": "Wazuh", "param2": "running", "Binary": "4F0073007300650063005300760063002F0034000000"}, "provider_name": "Service Control Manager", "computer_name": "CLIENT1", "api": "wineventlog", "event_id": 7036, "record_id": 11743, "process": {"pid": 440, "thread": {"id": 524}}}, "event": {"kind": "event", "code": 7036, "created": "2019-08-02T09:55:12.100Z"}, "log": {"level": "information"}}
{"@timestamp": "2019-08-02T09:55:11.303Z", "@metadata": {"beat": "winlogbeat", "type": "_doc", "version": "7.2.0", "topic": "wineventlog_raw"}, "host": {"hostname": "CLIENT1", "architecture": "x86", "os": {"family": "windows", "name": "Windows 7 Professional", "kernel": "6.1.7601.18741 (win7sp1_gdr.150202-1526)", "build": "7601.0", "platform": "windows", "version": "6.1"}, "name": "CLIENT1", "id": "19fc45ac-5890-4f96-81b1-50ed111c0ce4"}, "winlog": {"event_id": 7036, "record_id": 11749, "task": "", "process": {"thread": {"id": 524}, "pid": 440}, "event_data": {"param1": "Server", "param2": "running", "Binary": "4C0061006E006D0061006E005300650072007600650072002F0034000000"}, "api": "wineventlog", "computer_name": "CLIENT1", "provider_guid": "{555908d1-a6d7-4695-8e1e-26931d2012f4}", "channel": "System", "provider_name": "Service Control Manager", "keywords": ["Classic"]}, "event": {"kind": "event", "code": 7036, "created": "2019-08-02T09:55:12.100Z"}, "log": {"level": "information"}, "message": "The Server service entered the running state.", "agent": {"ephemeral_id": "de845cd9-5141-4c92-ad32-27a4518307e9", "hostname": "CLIENT1", "id": "0b755aca-0a9a-454a-9800-1979901962a0", "version": "7.2.0", "type": "winlogbeat"}, "ecs": {"version": "1.0.0"}}
{"pseudonym": "e887f3a09fdddf7c81a563b81f90ed9499d86badaa6173d1aa197a2b544d13b1", "origin": "edRaGy4HA5a92Rjc7PVj4KwaJNYxwMG6OaHHg1xcVKERSGsn21tQeZP3Bw7f6JFiRYs39kM6qq4yRw6GP3WyBNJd4VovGGeWr3uTPwTMr0rlfyihqucVb8oDsYvG/EBMpISDyKIK3ZNmiLkUlWX0+JOAnSUQCRYwTdeo7L/iPyY4R0ohbhKkToLUG8wILyB57qJk+Nwak99TY+BM51Ml8TsnQQt1aqQv6qL0WNyeHYvvgWfq3HlQk2H1FSKw1QpShgORmqma5D8VtXXjL51HzwdSShXzYDht420F1OFFWo/Dh83faKg6S4QF2lSc04N2N6dEWhM7ofoeMmEpQ6BeYeO/tRb+f8ot3BToI9bT3Gc="}
{"pseudonym": "387dddca7f9c9fa71c41295d7790d3bcd791cfe79b2dd4843551dfd0bf47acf2", "origin": "GM01CsGN8aRjplqgZB+29S8OZHE9gE1nIkZDCzq6/YVKAwfLIyAcPibli9BwszwPBAkfW3oXyNoyaMjbDc5Vo/uTXp+vzWGsRi/mxxPifZbPdK4Hm/5b1SltBKGqowh383sqAVFemYeqZzvdAetYQ6MSnp/gwiJyyWWqbq2m7Mcl28hC3TGPyps1/a2d66HeEc85/oT0cKWK4gLVn07kbwwLyF/84MmaBCZGcc4BvW9QyqNSWC3TFSqLkezFYDEKifxAsIWMhhMZUDoxkFeBoXwnHjOT3nRh9CIgcd7O4K3PrRD8ipQKFGx6XPHmRJhDOzHtmTKSYKv9Dbln2vAIe3Xd4Dh0lYEdFyS4iOlE"}
{"pseudonym": "cd1a3afeeac92cb813605e21e464de7db0ca53fa0190d3a1372a46f60ddd0712", "origin": "Zo/Yg3ggZQc+fByUnKDYYlIeio0d0J+V81zxqZvFhPGGBI4glRbYCGHU5TXr4KdWabrmmP+MO/ZP8CiED4bUu09GmR5j3czA5hw7b7n/xuDfrVb0SpCZMOOExgWcCEX9Uz0skb/ME7Yuo2tuszGjB/W1aDCtiJUSHiAqg2OMe34Og+BIG5S0EJZe3ELEJdhnKkZTbPdcBK4lZspW5U67fpVzx0ydgytbdpVkeqZuqOFFclNRGKar0xcgfB4eHNyLsRVDcYuZtLe/po0DDsKZca9qEmUBQ1HTC0BLprIyxnQSPYM/HY5sU65SjMXWTIhRn4K825zWzL2MRvOmfKZxwgoUiaPr6L5A4IuLr4COjM0="}
{"pseudonym": "91d121bc503735a145e0e9869d792d26f6b22784210a0daf5b63840be2abf69a", "origin": "ZwURadKvg99mmLOqe5a6OS7s1Z0K70F5xx3H+AkLRHydxGW2NqARvfUC6p1/dcW84qhgmjauViaKWIjnWj4AzEYCnpcIpnORExoxNOgIXVCHwLHKTrfOGtpDcBQv7NhItQdY5tXjVqGPfcdcHFSDzjEaLsEpp2uTLiI4M+/uQCR1/6jlvHYNNRi5pjh4dVrWOKHfbuXSRrLX/GRtljQ0kSGRqH2dZ3LuMSO4Mgke9x+d9chUekMh2Ozu6gyIfoqLt3dFIg4xdXyldS1/WN6rbFYio1P6EPy2l2TElkcm5aCcRzTWdwYIx5JWxAa6ivi39ZnweE0rBwiU30lbtGfI9Rvq0yoFS/7Zxg=="}
{"@timestamp": "2019-08-02T09:46:20.531Z", "@metadata": {"beat": "winlogbeat", "type": "_doc", "version": "7.2.0", "topic": "wineventlog_raw"}, "agent": {"type": "winlogbeat", "ephemeral_id": "de845cd9-5141-4c92-ad32-27a4518307e9", "hostname": "CLIENT1", "id": "0b755aca-0a9a-454a-9800-1979901962a0", "version": "7.2.0"}, "message": "An account was successfully logged on.\n\nSubject:\n\tSecurity ID:\t\tS-1-5-18\n\tAccount Name:\t\tCLIENT1$\n\tAccount Domain:\t\tWORKGROUP\n\tLogon ID:\t\t0x3e7\n\nLogon Type:\t\t\t5\n\nNew Logon:\n\tSecurity ID:\t\tS-1-5-18\n\tAccount Name:\t\tSYSTEM\n\tAccount Domain:\t\tNT AUTHORITY\n\tLogon ID:\t\t0x3e7\n\tLogon GUID:\t\t{00000000-0000-0000-0000-000000000000}\n\nProcess Information:\n\tProcess ID:\t\t0x1b8\n\tProcess Name:\t\tC:\\Windows\\System32\\services.exe\n\nNetwork Information:\n\tWorkstation Name:\t\n\tSource Network Address:\t-\n\tSource Port:\t\t-\n\nDetailed Authentication Information:\n\tLogon Process:\t\tAdvapi  \n\tAuthentication Package:\tNegotiate\n\tTransited Services:\t-\n\tPackage Name (NTLM only):\t-\n\tKey Length:\t\t0\n\nThis event is generated when a logon session is created. It is generated on the computer that was accessed.\n\nThe subject fields indicate the account on the local system which requested the logon. This is most commonly a service such as the Server service, or a local process such as Winlogon.exe or Services.exe.\n\nThe logon type field indicates the kind of logon that occurred. The most common types are 2 (interactive) and 3 (network).\n\nThe New Logon fields indicate the account for whom the new logon was created, i.e. the account that was logged on.\n\nThe network fields indicate where a remote logon request originated. Workstation name is not always available and may be left blank in some cases.\n\nThe authentication information fields provide detailed information about this specific logon request.\n\t- Logon GUID is a unique identifier that can be used to correlate this event with a KDC event.\n\t- Transited services indicate which intermediate services have participated in this logon request.\n\t- Package name indicates which sub-protocol was used among the NTLM protocols.\n\t- Key length indicates the length of the generated session key. This will be 0 if no session key was requested.", "event": {"code": 4624, "action": "Logon", "created": "2019-08-02T09:55:12.134Z", "category": "authentication", "type": "authentication_success", "kind": "event"}, "process": {"pid": 440, "executable": "C:\\Windows\\System32\\services.exe", "name": "services.exe"}, "host": {"architecture": "x86", "os": {"family": "windows", "name": "Windows 7 Professional", "kernel": "6.1.7601.18741 (win7sp1_gdr.150202-1526)", "build": "7601.0", "platform": "windows", "version": "6.1"}, "id": "19fc45ac-5890-4f96-81b1-50ed111c0ce4", "hostname": "CLIENT1", "name": "CLIENT1"}, "winlog": {"opcode": "Info", "channel": "Security", "provider_guid": "{54849625-5478-4994-A5BA-3E3B0328C30D}", "process": {"pid": 448, "thread": {"id": 504}}, "event_data": {"LogonProcessName": "Advapi  ", "AuthenticationPackageName": "Negotiate", "SubjectDomainName": "WORKGROUP", "SubjectUserSid": "<pseudonym:cd1a3afeeac92cb813605e21e464de7db0ca53fa0190d3a1372a46f60ddd0712>", "LogonGuid": "{00000000-0000-0000-0000-000000000000}", "IpPort": "-", "LogonType": "5", "LmPackageName": "-", "SubjectUserName": "<pseudonym:e887f3a09fdddf7c81a563b81f90ed9499d86badaa6173d1aa197a2b544d13b1>", "IpAddress": "<pseudonym:91d121bc503735a145e0e9869d792d26f6b22784210a0daf5b63840be2abf69a>", "TargetLogonId": "0x3e7", "KeyLength": "0", "SubjectLogonId": "0x3e7", "TransmittedServices": "-"}, "api": "wineventlog", "record_id": 4649, "task": "Logon", "computer_name": "CLIENT1", "keywords": ["Audit Success"], "event_id": 4624, "provider_name": "Microsoft-Windows-Security-Auditing"}, "log": {"level": "information"}, "user": {"id": "S-1-5-18", "name": "<pseudonym:387dddca7f9c9fa71c41295d7790d3bcd791cfe79b2dd4843551dfd0bf47acf2>", "domain": "NT AUTHORITY"}, "ecs": {"version": "1.0.0"}}
{"pseudonym": "cd1a3afeeac92cb813605e21e464de7db0ca53fa0190d3a1372a46f60ddd0712", "origin": "kmloadNJwMJosMNjB+o+IiiU3FO1y52MLg/EnXXXjJXHITWlF6W7TRaeSFQ4GYfuNMM7yrHHqZtJPJbnQQK6wMl38Ri1ogOHzhTcFxxV/zYdO8+j59Lwek/FvOZkgXlfsrhYktub/O9sRn0j/1LyShdXy+M7weHaDTQslaYlw5WOWO0WpIgivtLRbhL7nSVdKKTHjw0Ytx5GLZaJZoCyY3MhcrI/LLO18HO0cqtM0ADomKRZmHXRLJ9vX70W6jbo8xqiDNVq28IHxcKS9ezLv4PLB56CC8cdnFuprcOgwdDUGhaSpaEVMvlE23BchXHhFJbhkWxmJa4dz/Pb/Uo+wGVHXdA3/8jXn9yh11h9xqY="}
{"@timestamp": "2019-08-02T09:46:23.562Z", "@metadata": {"beat": "winlogbeat", "type": "_doc", "version": "7.2.0", "topic": "wineventlog_raw"}, "message": "The User Profile Service has started successfully.  ", "winlog": {"api": "wineventlog", "provider_guid": "{89B1E9F0-5AFF-44A6-9B44-0A07A7CE5845}", "provider_name": "Microsoft-Windows-User Profiles Service", "record_id": 2903, "task": "", "computer_name": "CLIENT1", "opcode": "Info", "channel": "Application", "user": {"domain": "NT AUTHORITY", "type": "User", "identifier": "<pseudonym:cd1a3afeeac92cb813605e21e464de7db0ca53fa0190d3a1372a46f60ddd0712>", "name": "SYSTEM"}, "event_id": 1531, "process": {"pid": 772, "thread": {"id": 908}}}, "event": {"code": 1531, "created": "2019-08-02T09:55:12.100Z", "kind": "event"}, "log": {"level": "information"}, "ecs": {"version": "1.0.0"}, "host": {"name": "CLIENT1", "hostname": "CLIENT1", "architecture": "x86", "os": {"build": "7601.0", "platform": "windows", "version": "6.1", "family": "windows", "name": "Windows 7 Professional", "kernel": "6.1.7601.18741 (win7sp1_gdr.150202-1526)"}, "id": "19fc45ac-5890-4f96-81b1-50ed111c0ce4"}, "agent": {"type": "winlogbeat", "ephemeral_id": "de845cd9-5141-4c92-ad32-27a4518307e9", "hostname": "CLIENT1", "id": "0b755aca-0a9a-454a-9800-1979901962a0", "version": "7.2.0"}}
{"@timestamp": "2019-08-02T09:47:29.000Z", "@metadata": {"beat": "winlogbeat", "type": "_doc", "version": "7.2.0", "topic": "wineventlog_raw"}, "log": {"level": "information"}, "message": "The winlogon notification subscriber <SessionEnv> was unavailable to handle a notification event.", "winlog": {"computer_name": "CLIENT1", "event_data": {"Binary": "D9060000", "param1": "SessionEnv"}, "api": "wineventlog", "record_id": 2908, "task": "", "channel": "Application", "provider_guid": "{DBE9B383-7CF3-4331-91CC-A3CB16A3B538}", "event_id": 6000, "provider_name": "Microsoft-Windows-Winlogon", "keywords": ["Classic"]}, "agent": {"type": "winlogbeat", "ephemeral_id": "de845cd9-5141-4c92-ad32-27a4518307e9", "hostname": "CLIENT1", "id": "0b755aca-0a9a-454a-9800-1979901962a0", "version": "7.2.0"}, "ecs": {"version": "1.0.0"}, "host": {"name": "CLIENT1", "architecture": "x86", "os": {"version": "6.1", "family": "windows", "name": "Windows 7 Professional", "kernel": "6.1.7601.18741 (win7sp1_gdr.150202-1526)", "build": "7601.0", "platform": "windows"}, "id": "19fc45ac-5890-4f96-81b1-50ed111c0ce4", "hostname": "CLIENT1"}, "event": {"kind": "event", "code": 6000, "created": "2019-08-02T09:55:12.182Z"}}
