{"@timestamp": "2019-08-02T11:02:00.161Z", "@metadata": {"beat": "winlogbeat", "type": "_doc", "version": "7.2.0", "topic": "wineventlog_raw"}, "agent": {"type": "winlogbeat", "ephemeral_id": "de845cd9-5141-4c92-ad32-27a4518307e9", "hostname": "CLIENT1", "id": "0b755aca-0a9a-454a-9800-1979901962a0", "version": "7.2.0"}, "winlog": {"channel": "System", "event_id": 7036, "api": "wineventlog", "keywords": ["Classic"], "computer_name": "CLIENT1", "provider_guid": "{555908d1-a6d7-4695-8e1e-26931d2012f4}", "event_data": {"Binary": "410064006F006200650046006C0061007300680050006C0061007900650072005500700064006100740065005300760063002F0031000000", "param1": "Adobe Flash Player Update Service", "param2": "stopped"}, "provider_name": "Service Control Manager", "task": "", "record_id": 11804, "process": {"pid": 440, "thread": {"id": 1848}}}, "event": {"created": "2019-08-02T11:02:02.665Z", "kind": "event", "code": 7036}, "log": {"level": "information"}, "message": "The Adobe Flash Player Update Service service entered the stopped state.", "ecs": {"version": "1.0.0"}, "host": {"name": "CLIENT1", "hostname": "CLIENT1", "architecture": "x86", "os": {"kernel": "6.1.7601.18741 (win7sp1_gdr.150202-1526)", "build": "7601.0", "platform": "windows", "version": "6.1", "family": "windows", "name": "Windows 7 Professional"}, "id": "19fc45ac-5890-4f96-81b1-50ed111c0ce4"}}
{"pseudonym": "e887f3a09fdddf7c81a563b81f90ed9499d86badaa6173d1aa197a2b544d13b1", "origin": "pqcuhTj0AGSkBiFdHeY/D3O/Sa+B0H4Jkz4o2L/miLcjlPONEiY9tn+jE+OiyKZMhzWo48EwSRXhPY5EsTX7lrZDQx4DyDM9/87IoPN37SKlABJTznQZuDkabWf5tNJWXKKryMMcy68M2odbtVwFb6jPsgYnK4sZgc0jXIpZ9HoX2BnsWwtQJvm3sgzGD/z+Ewkogq31lhPCnDdIF/bsLkJutCq2dWaXI7yEkI4L7cUcSuRV0Frdm0xVGEEp4+Uw80z0mRFGagK6Qhl7mnDf75JUktzSmdNP5O+BoT+/cV6Kgc44XxE6TbyM6StZSZZyKItZa70d9iALxRxPsOtSIJxZMzmDZL6amd2xUfTVC0E="}
{"pseudonym": "cd1a3afeeac92cb813605e21e464de7db0ca53fa0190d3a1372a46f60ddd0712", "origin": "Ho62g1ftDBC4thvpjeX4xvVpSW+AKqlKSwCK6ERzLVEFeMA9Dk4lOkqZIkZFrojsW80/Jl73cOgdZ0yNA62dp2HVCmiBanuOXOThOGbRdpQ7oB9WLpVb73Sdci3z50AwaYMXErBdDNbJKenjqfXANGY7S95Y9C0oDz/YkqTaBe+6PCO+MJLris94pPm0gD8N7pl26PR7m2ZQai11sGNm8mvIZHcOxyhKphBHjRxkTJgpA1RIcQpMfp25creTyGI4ffoOErXj9zWDhsZemM8m2/IcD+NOc+3V3ppO4onCwu6+EVs+tzOtMOLmrT8APR/lRqHq//Q/0kAOe0Qxc0Qk5SSIkb7SId7/SH0ThmgihNI="}
{"@timestamp": "2019-08-02T11:25:02.651Z", "@metadata": {"beat": "winlogbeat", "type": "_doc", "version": "7.2.0", "topic": "wineventlog_raw"}, "winlog": {"api": "wineventlog", "opcode": "Info", "process": {"pid": 4, "thread": {"id": 60}}, "version": 1, "event_data": {"SubjectDomainName": "WORKGROUP", "SubjectLogonId": "0x3e7", "PreviousTime": "2019-08-02T11:25:03.341924300Z", "NewTime": "2019-08-02T11:25:02.651000000Z", "ProcessId": "0x5b4", "ProcessName": "C:\\Program Files\\NetTime\\NetTimeService.exe", "SubjectUserSid": "<pseudonym:cd1a3afeeac92cb813605e21e464de7db0ca53fa0190d3a1372a46f60ddd0712>", "SubjectUserName": "<pseudonym:e887f3a09fdddf7c81a563b81f90ed9499d86badaa6173d1aa197a2b544d13b1>"}, "event_id": 4616, "task": "Security State Change", "computer_name": "CLIENT1", "channel": "Security", "keywords": ["Audit Success"], "provider_guid": "{54849625-5478-4994-A5BA-3E3B0328C30D}", "provider_name": "Microsoft-Windows-Security-Auditing", "record_id": 4724}, "event": {"created": "2019-08-02T11:25:04.860Z", "kind": "event", "code": 4616, "action": "Security State Change"}, "log": {"level": "information"}, "message": "The system time was changed.\n\nSubject:\n\tSecurity ID:\t\tS-1-5-18\n\tAccount Name:\t\tCLIENT1$\n\tAccount Domain:\t\tWORKGROUP\n\tLogon ID:\t\t0x3e7\n\nProcess Information:\n\tProcess ID:\t0x5b4\n\tName:\t\tC:\\Program Files\\NetTime\\NetTimeService.exe\n\nPrevious Time:\t\t\u200e2019\u200e-\u200e08\u200e-\u200e02T11:25:03.341924300Z\nNew Time:\t\t\u200e2019\u200e-\u200e08\u200e-\u200e02T11:25:02.651000000Z\n\nThis event is generated when the system time is changed. It is normal for the Windows Time Service, which runs with System privilege, to change the system time on a regular basis. Other system time changes may be indicative of attempts to tamper with the computer.", "agent": {"type": "winlogbeat", "ephemeral_id": "de845cd9-5141-4c92-ad32-27a4518307e9", "hostname": "CLIENT1", "id": "0b755aca-0a9a-454a-9800-1979901962a0", "version": "7.2.0"}, "ecs": {"version": "1.0.0"}, "host": {"name": "CLIENT1", "hostname": "CLIENT1", "architecture": "x86", "os": {"platform": "windows", "version": "6.1", "family": "windows", "name": "Windows 7 Professional", "kernel": "6.1.7601.18741 (win7sp1_gdr.150202-1526)", "build": "7601.0"}, "id": "19fc45ac-5890-4f96-81b1-50ed111c0ce4"}}
{"pseudonym": "cd1a3afeeac92cb813605e21e464de7db0ca53fa0190d3a1372a46f60ddd0712", "origin": "nt+Xr12uSUQxWYJbF+l7WZciW7/lWMPQAZrb3KGJy6vftqZ96Pn2D+dUhq9FxClq8yIpXMWwunAecVYy7NnI59+ZH0dJL6HV1SV6jVKpdXnzipynSWKNtz+Pu/TkTfRQKyJHF/1IZ8MnmZHIxssYVaO+EIpZ2cfb1k8et+Gg9s4j3+8chY7SptQkZOOqbeLjBbhtSUP/pbqaBFQrVsBwJK7hB4qydl8cfJ0f8GvyJB4MSpIoQWkgIXGu07T0jObBwwdi1AzGCml4NlIyMwwUAo85uK7UdfwnhUjpmYUKelGeOwN8h7CVUjP0YdxtSDrPiQeZF+s72ac+VkHfzW3ufUBXT3zBBt2C+95OTfrndF8="}
{"@timestamp": "2019-08-02T13:25:03.237Z", "@metadata": {"beat": "winlogbeat", "type": "_doc", "version": "7.2.0", "topic": "wineventlog_raw"}, "event": {"code": 1, "created": "2019-08-02T13:25:05.236Z", "kind": "event"}, "log": {"level": "information"}, "message": "The system time has changed to \u200e2019\u200e-\u200e08\u200e-\u200e02T13:25:03.237000000Z from \u200e2019\u200e-\u200e08\u200e-\u200e02T13:25:03.379549500Z.", "agent": {"type": "winlogbeat", "ephemeral_id": "de845cd9-5141-4c92-ad32-27a4518307e9", "hostname": "CLIENT1", "id": "0b755aca-0a9a-454a-9800-1979901962a0", "version": "7.2.0"}, "ecs": {"version": "1.0.0"}, "host": {"hostname": "CLIENT1", "architecture": "x86", "os": {"version": "6.1", "family": "windows", "name": "Windows 7 Professional", "kernel": "6.1.7601.18741 (win7sp1_gdr.150202-1526)", "build": "7601.0", "platform": "windows"}, "id": "19fc45ac-5890-4f96-81b1-50ed111c0ce4", "name": "CLIENT1"}, "winlog": {"channel": "System", "record_id": 11837, "api": "wineventlog", "opcode": "Info", "process": {"pid": 1460, "thread": {"id": 1504}}, "event_id": 1, "task": "", "user": {"identifier": "<pseudonym:cd1a3afeeac92cb813605e21e464de7db0ca53fa0190d3a1372a46f60ddd0712>", "name": "SYSTEM", "domain": "NT AUTHORITY", "type": "User"}, "event_data": {"OldTime": "2019-08-02T13:25:03.379549500Z", "NewTime": "2019-08-02T13:25:03.237000000Z"}, "provider_name": "Microsoft-Windows-Kernel-General", "computer_name": "CLIENT1", "keywords": ["Time"], "provider_guid": "{A68CA8B7-004F-D7B6-A698-07E2DE0F1F5D}"}}
{"pseudonym": "cd1a3afeeac92cb813605e21e464de7db0ca53fa0190d3a1372a46f60ddd0712", "origin": "bHm1nIqJAmQaFfwgfsjBRYUe/4XSDzguNB4dTCGgYNgr0rCdEXFDKwZCILffD2pb2oURCER+vCFGKE7q3xLAqYNqlvDTtJDhga3dFPumadl6XIXfNYzE5riOrMjCgWREz4yep2bKcHRE44EvA/7k/+or/7NWeshpYr9SfenXxbn9monhSg0Yq2fJRCh7pDewmE9Hx8/AMNckpO7GSjNvUe3xLwfKsOO/vwn+0tMPu8Tj8ZAleIudP1AfDBVyLAP+yeIVqVhnfCdvTlEmEULcoYSf8rGRHsK5Sq9w7JEpGglXtKVOIZJ1sQ+W0Lrd12DuVhAVEg552/BykRBoGXEylJ1ZO5+YptxCtt5oA5zfxRY="}
{"@timestamp": "2019-08-02T14:00:06.137Z", "@metadata": {"beat": "winlogbeat", "type": "_doc", "version": "7.2.0", "topic": "wineventlog_raw"}, "log": {"level": "information"}, "message": "The system time has changed to \u200e2019\u200e-\u200e08\u200e-\u200e02T14:00:06.137000000Z from \u200e2019\u200e-\u200e08\u200e-\u200e02T14:00:06.302382000Z.", "ecs": {"version": "1.0.0"}, "host": {"name": "CLIENT1", "hostname": "CLIENT1", "architecture": "x86", "os": {"version": "6.1", "family": "windows", "name": "Windows 7 Professional", "kernel": "6.1.7601.18741 (win7sp1_gdr.150202-1526)", "build": "7601.0", "platform": "windows"}, "id": "19fc45ac-5890-4f96-81b1-50ed111c0ce4"}, "agent": {"ephemeral_id": "de845cd9-5141-4c92-ad32-27a4518307e9", "hostname": "CLIENT1", "id": "0b755aca-0a9a-454a-9800-1979901962a0", "version": "7.2.0", "type": "winlogbeat"}, "winlog": {"task": "", "api": "wineventlog", "event_id": 1, "record_id": 11844, "user": {"domain": "NT AUTHORITY", "type": "User", "identifier": "<pseudonym:cd1a3afeeac92cb813605e21e464de7db0ca53fa0190d3a1372a46f60ddd0712>", "name": "SYSTEM"}, "event_data": {"NewTime": "2019-08-02T14:00:06.137000000Z", "OldTime": "2019-08-02T14:00:06.302382000Z"}, "computer_name": "CLIENT1", "keywords": ["Time"], "opcode": "Info", "process": {"pid": 1460, "thread": {"id": 1504}}, "channel": "System", "provider_name": "Microsoft-Windows-Kernel-General", "provider_guid": "{A68CA8B7-004F-D7B6-A698-07E2DE0F1F5D}"}, "event": {"code": 1, "created": "2019-08-02T14:00:07.140Z", "kind": "event"}}
{"pseudonym": "e887f3a09fdddf7c81a563b81f90ed9499d86badaa6173d1aa197a2b544d13b1", "origin": "TDrGfzsaY+DpbJ/hsM9eu8K/fkfWhfXeJBMDmG+sFwzY8YJC3tkPItmGU6gOURF8RFXOO9fC7v3dQnAzuRQ+jw4qYLkglr/0ENJQ5Twm/Gi7Zah1dhy1LqWpPn2otcr6sLRxhpAbujY2zeN9frCH5lvaolZjx8p2jkDUDWqswlyrkWFoQHdQ3KF7cSE8RsDzBtCZCOWN1cMZnYPKr7NubjK4nH1VtXdQdLWiFM6IGWMQkAHemLSAm0iFVX35P3ZyA6iUS9UVz/MjgROcoiGfpLahBvMT1uS7kkfxRi/HGOJ2nl2mqJbF3ldHMMJ9blZzd83FLshu5DUqLbHFUJiq5aCpL1mvVCkv2hcnjoGyd50="}
{"pseudonym": "387dddca7f9c9fa71c41295d7790d3bcd791cfe79b2dd4843551dfd0bf47acf2", "origin": "q5XALB7hiJwQ7kXsvE5mmqljwSNqliVimprs3j3aOqkbKAl5iqx6jUExKLiJJXd3k/ptMCSH+bMuQN0p9szViRVqFC1iu1r+4hqP3EfGzDF92kCt4pooBEfykMavaYJdrysZ96djqKnxBMyl43x1OcTixLXbSJ+tyHnbhExRW+n+GIzcO4ShQ4BdpIOB3uMGfMbrKCUEk1I2KMAC3f5K1edbJjX7zdyL53lO+0nWZTtLDMBhO6mlOrZPOl93jGqqbRIGuqs8HBF2U9jHLNl5bueu6H/N5EVfWNc/wfoivIwQ8zvIPLX6Jkp/jsI7oiwMM9A85Hq4e6GjBUsIaCT7hADG8iu89aOhSrO+T+oh"}
{"pseudonym": "cd1a3afeeac92cb813605e21e464de7db0ca53fa0190d3a1372a46f60ddd0712", "origin": "iN57gGgeoYbNivkbZr3CdWBBjGQafVrKTCk3x47+bGl3XE2Kj8/0Ja//Zyt0r62KIhnkGTuUPPaEl8hGrw4VTB0vMp9+Wb8Tu3xWklM6Fxi9FtYQmj5gfy1idySM2qbfZWlKv9gZTwwSCHSw8MmrTTi2WYgRWo5dFX1ptFPFY3ZOz2Qse5i336/z+EYCr1GZlp6Z9/1gSjCUAV6A4OptTE0gG6RgF69p3LhNPo7OTPD/AZYn1Vh1g3X77Aj2qeuYWV4BV/T0rZB7In98Kte/URQ/ZOCMHhIGN1D/G4KzFL3nDr+ifYzTPvr1QcJokVBlf9b+y4WhULn/6H3SpKI7VIEMKE+N6g2JlSwlpmZnFAg="}
{"pseudonym": "91d121bc503735a145e0e9869d792d26f6b22784210a0daf5b63840be2abf69a", "origin": "TOtl1NZU4dCVHeizFfH6f3dCGQndJNJ6ArkqtSFpl3lddS4/wvwFjx5Zy5g0khaVsRFgdfzXyn0eorsCLAZ/6GqjlmgiW8Yce6Q0U3tPtHRaxX65AeQM86ykk/yGtitsilO7qd+2utszaVF+vfgl6QEqMMyRFgQjnYEw0aXO4EfKTV4I/iGO/8/zTD7qB1Z1AJjaRcCTYQAAmW8ytXjQzR52bX+1gV3dEnKqz/urZnMqKcC183hshFCyRV9G8QDiwJlFnu3T41LevpqbCG0e6q4LZltPPrQg3OYACIWv7FaMOyvYMlYnWgM7fGTWrHFNh0uPztvrC4kQ76wXxzXOI/KGaVhCA8Woqw=="}
{"@timestamp": "2019-08-02T09:47:39.827Z", "@metadata": {"beat": "winlogbeat", "type": "_doc", "version": "7.2.0", "topic": "wineventlog_raw"}, "process": {"pid": 440, "executable": "C:\\Windows\\System32\\services.exe", "name": "services.exe"}, "ecs": {"version": "1.0.0"}, "host": {"hostname": "CLIENT1", "architecture": "x86", "name": "CLIENT1", "os": {"name": "Windows 7 Professional", "kernel": "6.1.7601.18741 (win7sp1_gdr.150202-1526)", "build": "7601.0", "platform": "windows", "version": "6.1", "family": "windows"}, "id": "19fc45ac-5890-4f96-81b1-50ed111c0ce4"}, "agent": {"hostname": "CLIENT1", "id": "0b755aca-0a9a-454a-9800-1979901962a0", "version": "7.2.0", "type": "winlogbeat", "ephemeral_id": "33f6eec2-a7ba-4caa-97b3-ea43b4f5e172"}, "message": "An account was successfully logged on.\n\nSubject:\n\tSecurity ID:\t\tS-1-5-18\n\tAccount Name:\t\tCLIENT1$\n\tAccount Domain:\t\tWORKGROUP\n\tLogon ID:\t\t0x3e7\n\nLogon Type:\t\t\t5\n\nNew Logon:\n\tSecurity ID:\t\tS-1-5-18\n\tAccount Name:\t\tSYSTEM\n\tAccount Domain:\t\tNT AUTHORITY\n\tLogon ID:\t\t0x3e7\n\tLogon GUID:\t\t{00000000-0000-0000-0000-000000000000}\n\nProcess Information:\n\tProcess ID:\t\t0x1b8\n\tProcess Name:\t\tC:\\Windows\\System32\\services.exe\n\nNetwork Information:\n\tWorkstation Name:\t\n\tSource Network Address:\t-\n\tSource Port:\t\t-\n\nDetailed Authentication Information:\n\tLogon Process:\t\tAdvapi  \n\tAuthentication Package:\tNegotiate\n\tTransited Services:\t-\n\tPackage Name (NTLM only):\t-\n\tKey Length:\t\t0\n\nThis event is generated when a logon session is created. It is generated on the computer that was accessed.\n\nThe subject fields indicate the account on the local system which requested the logon. This is most commonly a service such as the Server service, or a local process such as Winlogon.exe or Services.exe.\n\nThe logon type field indicates the kind of logon that occurred. The most common types are 2 (interactive) and 3 (network).\n\nThe New Logon fields indicate the account for whom the new logon was created, i.e. the account that was logged on.\n\nThe network fields indicate where a remote logon request originated. Workstation name is not always available and may be left blank in some cases.\n\nThe authentication information fields provide detailed information about this specific logon request.\n\t- Logon GUID is a unique identifier that can be used to correlate this event with a KDC event.\n\t- Transited services indicate which intermediate services have participated in this logon request.\n\t- Package name indicates which sub-protocol was used among the NTLM protocols.\n\t- Key length indicates the length of the generated session key. This will be 0 if no session key was requested.", "winlog": {"record_id": 4663, "api": "wineventlog", "computer_name": "CLIENT1", "opcode": "Info", "channel": "Security", "event_id": 4624, "provider_guid": "{54849625-5478-4994-A5BA-3E3B0328C30D}", "process": {"pid": 448, "thread": {"id": 504}}, "event_data": {"LmPackageName": "-", "IpPort": "-", "AuthenticationPackageName": "Negotiate", "TransmittedServices": "-", "KeyLength": "0", "SubjectUserName": "<pseudonym:e887f3a09fdddf7c81a563b81f90ed9499d86badaa6173d1aa197a2b544d13b1>", "IpAddress": "<pseudonym:91d121bc503735a145e0e9869d792d26f6b22784210a0daf5b63840be2abf69a>", "LogonType": "5", "SubjectLogonId": "0x3e7", "LogonGuid": "{00000000-0000-0000-0000-000000000000}", "SubjectDomainName": "WORKGROUP", "SubjectUserSid": "<pseudonym:cd1a3afeeac92cb813605e21e464de7db0ca53fa0190d3a1372a46f60ddd0712>", "TargetLogonId": "0x3e7", "LogonProcessName": "Advapi  "}, "task": "Logon", "keywords": ["Audit Success"], "provider_name": "Microsoft-Windows-Security-Auditing"}, "log": {"level": "information"}, "event": {"type": "authentication_success", "kind": "event", "code": 4624, "action": "Logon", "created": "2019-08-05T08:54:03.703Z", "category": "authentication"}, "user": {"id": "S-1-5-18", "name": "<pseudonym:387dddca7f9c9fa71c41295d7790d3bcd791cfe79b2dd4843551dfd0bf47acf2>", "domain": "NT AUTHORITY"}}
{"pseudonym": "39594bac43459d3d48dcd9d2ed9f617e6235f0bd79fb35ed6274e27347ba11c4", "origin": "QtzRAXDKuFlUyEUztNAtKhwubU4nXPRKV+bfafQp5r3Dn03hh3yBtgSuSPEeGE+JSKEHNm/vHFFrGQCaxIVo36Nw2cnuhBoh1lOa34hOJRb+tzBz6gsUXEuzBADESpsGxuvKBswaOZaYGNLsglfdYRoob/jma5ZNyt2uhVG474v8SDRpp020HLag4YY4GcYf7Am2/WPEQWQjeuo7hLOE3NeIrLVrqh9Egp1CQz/IU7cS1iQpFrOYaQY+LEZKLL1iKlegWxHjvMTh8jcLpqQA0MecStb1oqA4McSIqv1ucCVegBOLg9UGeyNFVfQUIpzX4T2wzVYdpuxRy1Lyx8aRdJlMAP5UJ5BLf8vkPFpa4wOefuRqKd/k"}
{"pseudonym": "878d4216e77e6ff24d3368f00684abc1bbf738c11387cdcf8f211eeacd8651e4", "origin": "Ix8WRyFVIXagBRpOktwNcBXuDLKa5xWnDHXl0PctdbN3zmiIkTkQb2C/Ns+uEgo3dy8h14leRfC00WXxB1FOzP8jlYpsiC/wPwk6F41glAafpzTmPcGeIT5rD6OwpIAVWlUayfTfEtA73n3kE647iTjIFfXrzcDH+1k6C3FwXR3ci7KIPfo9XUY8i1WY3jzDjrMybTxvPumnGh5qul7Xo9OtqAjTXdpX65egMwkVdxjsaNDqYg6dLQNQzZiaUYMSUGPURAgbF0fyRFi0mp2oAeFb/9CVgJop7t2PdouX667vEdemJ8uN5pHijLlIuB9OaKekziqmWumN/HerkcUxHTiFZTM3AZBHYFNld2ul6F0="}
{"@timestamp": "2019-08-05T08:53:27.015Z", "@metadata": {"beat": "winlogbeat", "type": "_doc", "version": "7.2.0", "topic": "wineventlog_raw"}, "message": "Special privileges assigned to new logon.\n\nSubject:\n\tSecurity ID:\t\tS-1-5-20\n\tAccount Name:\t\tNETWORK SERVICE\n\tAccount Domain:\t\tNT AUTHORITY\n\tLogon ID:\t\t0x3e4\n\nPrivileges:\t\tSeAssignPrimaryTokenPrivilege\n\t\t\tSeAuditPrivilege\n\t\t\tSeImpersonatePrivilege", "agent": {"id": "0b755aca-0a9a-454a-9800-1979901962a0", "version": "7.2.0", "type": "winlogbeat", "ephemeral_id": "33f6eec2-a7ba-4caa-97b3-ea43b4f5e172", "hostname": "CLIENT1"}, "ecs": {"version": "1.0.0"}, "host": {"name": "CLIENT1", "hostname": "CLIENT1", "architecture": "x86", "os": {"platform": "windows", "version": "6.1", "family": "windows", "name": "Windows 7 Professional", "kernel": "6.1.7601.18741 (win7sp1_gdr.150202-1526)", "build": "7601.0"}, "id": "19fc45ac-5890-4f96-81b1-50ed111c0ce4"}, "winlog": {"opcode": "Info", "provider_guid": "{54849625-5478-4994-A5BA-3E3B0328C30D}", "record_id": 4677, "keywords": ["Audit Success"], "process": {"pid": 444, "thread": {"id": 528}}, "channel": "Security", "provider_name": "Microsoft-Windows-Security-Auditing", "task": "Special Logon", "api": "wineventlog", "event_id": 4672, "computer_name": "CLIENT1", "event_data": {"SubjectUserName": "<pseudonym:39594bac43459d3d48dcd9d2ed9f617e6235f0bd79fb35ed6274e27347ba11c4>", "SubjectDomainName": "NT AUTHORITY", "SubjectLogonId": "0x3e4", "PrivilegeList": "SeAssignPrimaryTokenPrivilege\n\t\t\tSeAuditPrivilege\n\t\t\tSeImpersonatePrivilege", "SubjectUserSid": "<pseudonym:878d4216e77e6ff24d3368f00684abc1bbf738c11387cdcf8f211eeacd8651e4>"}}, "event": {"kind": "event", "code": 4672, "action": "Special Logon", "created": "2019-08-05T08:54:03.704Z"}, "log": {"level": "information"}}
{"pseudonym": "e887f3a09fdddf7c81a563b81f90ed9499d86badaa6173d1aa197a2b544d13b1", "origin": "QvQ6aNbHWNJ5xGxuFnpm0x8LoyqPoLHmuTQeb989LuKDYgtwWbGdr+rSKGcWkW/73xeghGKlbB3y4ok/LwZ+ducDPYhDErv0t2RCz22EIiPbD53XHgAcrIn0WxKslHO0HEvNAJqqyXI22t4v7xG2JhZSVCLSKBvrpVhEGNDTTp0CXAbSWBNSQwCpIT/anBp7OQYH0N+dhguiOHAfqBfNXJqboFiI4EcekhQcf8eYGBcOqG8ngTThecapBisXjZObqe8+eVhuiN6L9AneVsDdzgF2i8ndEmsllinJcSZNTP7DQEJCiqjoaFbmiC/TdV0Mc8h7GumR/LEQdB1DABPrKxfpO//tOvhrVJZaRNED0/o="}
{"pseudonym": "721ee97a0013594c778a3fb491ef5099c0d8a8409174db1192de74509fb8b99a", "origin": "XEM0jz1SlObGARp7H+YTUKjlDKrZ4pIAtkPgFAc2NDWQo3t1Hh2Z5WQYF4uqxC1CyaSe+J27LsC816ajRn+/hNY0+4BwPxAarLO5Y1KV768c1auOSVXgEet6uNd4fiztB8KHwkwl8Tkl+Faribt7SHyLpqCanRaxYQzqHuF0SFF+sZ/mLhVsydSuyrkv7mX2jkJOv7Cv+Ju2jQTjjA0fPvVm6tHc7fRZNV25KcQbpH6WTEft2Ga/jv3bMuz3MmlDldxDx4JmibWodlC8hZ+NcijFZk8CKtkdbOY2eZAw9ia9hBGFKtFiPg9cKc+CpVpOg9bDhe4Ag1/3hJb4EBfE92izx7ydqNzfNqt+Rb9DlSYCCsqaXw=="}
{"pseudonym": "cd1a3afeeac92cb813605e21e464de7db0ca53fa0190d3a1372a46f60ddd0712", "origin": "KPsbX38ynFRv11KW5ek3m569xEeDnK0TwAJ4BEQnUmohxHdwEoTYjV+SMF+byUz+ZS2nL/4TVdiuFSbzSSZc3rsRhBY/oPE309rvdoOk+xu2+qe2EdoZSTVlZAtEGiqEEsWE/gsyPJUTtdJO2yuD842y5436fcxtHxREkNGM/k6xdyLam5Bn2kh67jIPLjn8muYEdc3Ye+y54R7jiBiwrh7xWIM8kj6eg+ghptjIltKsKh3Uet/64xrXvwY2ojbUBf/xZ3XwJhjj+HLgVID4e+gIGtfbbHPeQcmY8ovLVPftUMOtTqnXiZJhBm7kEYgODk6pxe5H991H3yMKms+telnZ0kK7kchJuirA4JM9pqY="}
{"pseudonym": "91d121bc503735a145e0e9869d792d26f6b22784210a0daf5b63840be2abf69a", "origin": "mFkh52mo/Q+Cm3xZQJwIWXwkJL7GusbqRIH5HaHS8Dp4sIZORklY23h8ElgQekg/tqa8LFcMnNPmgDTYvW4rBgvsvZpZWZrjj7cpes5aQHq0QAZTjXLccp39J3Iv7u/w1fbd4ebplV1MyxTsVH05+CoG2sBYxNb51MBz2KCBFOfdrvSbZOVAIt4Or7QSvWZIYAWIqd7UqGAj1QYgkSP5bzewGs3+h0iZnFcWclSCrqaY84PsGIeqsoTYqagKsVS42PvWZo+bteIPqqPox9dCWrWwfnFxWa3IImHwqUE0shzlKNetCn6xg6tvC3t1+chOAcrUnKZ0DqJvcdcEIIc7bGnPAgBi28KfKw=="}
{"@timestamp": "2019-08-05T08:53:27.593Z", "@metadata": {"beat": "winlogbeat", "type": "_doc", "version": "7.2.0", "topic": "wineventlog_raw"}, "agent": {"version": "7.2.0", "type": "winlogbeat", "ephemeral_id": "33f6eec2-a7ba-4caa-97b3-ea43b4f5e172", "hostname": "CLIENT1", "id": "0b755aca-0a9a-454a-9800-1979901962a0"}, "winlog": {"api": "wineventlog", "event_data": {"LogonProcessName": "Advapi  ", "TargetLogonId": "0x3e5", "SubjectDomainName": "WORKGROUP", "LogonGuid": "{00000000-0000-0000-0000-000000000000}", "SubjectUserName": "<pseudonym:e887f3a09fdddf7c81a563b81f90ed9499d86badaa6173d1aa197a2b544d13b1>", "IpAddress": "<pseudonym:91d121bc503735a145e0e9869d792d26f6b22784210a0daf5b63840be2abf69a>", "AuthenticationPackageName": "Negotiate", "TransmittedServices": "-", "SubjectLogonId": "0x3e7", "LogonType": "5", "IpPort": "-", "SubjectUserSid": "<pseudonym:cd1a3afeeac92cb813605e21e464de7db0ca53fa0190d3a1372a46f60ddd0712>", "LmPackageName": "-", "KeyLength": "0"}, "event_id": 4624, "task": "Logon", "provider_guid": "{54849625-5478-4994-A5BA-3E3B0328C30D}", "process": {"pid": 444, "thread": {"id": 528}}, "provider_name": "Microsoft-Windows-Security-Auditing", "computer_name": "CLIENT1", "opcode": "Info", "channel": "Security", "record_id": 4678, "keywords": ["Audit Success"]}, "log": {"level": "information"}, "process": {"pid": 436, "executable": "C:\\Windows\\System32\\services.exe", "name": "services.exe"}, "host": {"name": "CLIENT1", "id": "19fc45ac-5890-4f96-81b1-50ed111c0ce4", "hostname": "CLIENT1", "architecture": "x86", "os": {"platform": "windows", "version": "6.1", "family": "windows", "name": "Windows 7 Professional", "kernel": "6.1.7601.18741 (win7sp1_gdr.150202-1526)", "build": "7601.0"}}, "event": {"type": "authentication_success", "category": "authentication", "kind": "event", "code": 4624, "action": "Logon", "created": "2019-08-05T08:54:03.704Z"}, "message": "An account was successfully logged on.\n\nSubject:\n\tSecurity ID:\t\tS-1-5-18\n\tAccount Name:\t\tCLIENT1$\n\tAccount Domain:\t\tWORKGROUP\n\tLogon ID:\t\t0x3e7\n\nLogon Type:\t\t\t5\n\nNew Logon:\n\tSecurity ID:\t\tS-1-5-19\n\tAccount Name:\t\tLOCAL SERVICE\n\tAccount Domain:\t\tNT AUTHORITY\n\tLogon ID:\t\t0x3e5\n\tLogon GUID:\t\t{00000000-0000-0000-0000-000000000000}\n\nProcess Information:\n\tProcess ID:\t\t0x1b4\n\tProcess Name:\t\tC:\\Windows\\System32\\services.exe\n\nNetwork Information:\n\tWorkstation Name:\t\n\tSource Network Address:\t-\n\tSource Port:\t\t-\n\nDetailed Authentication Information:\n\tLogon Process:\t\tAdvapi  \n\tAuthentication Package:\tNegotiate\n\tTransited Services:\t-\n\tPackage Name (NTLM only):\t-\n\tKey Length:\t\t0\n\nThis event is generated when a logon session is created. It is generated on the computer that was accessed.\n\nThe subject fields indicate the account on the local system which requested the logon. This is most commonly a service such as the Server service, or a local process such as Winlogon.exe or Services.exe.\n\nThe logon type field indicates the kind of logon that occurred. The most common types are 2 (interactive) and 3 (network).\n\nThe New Logon fields indicate the account for whom the new logon was created, i.e. the account that was logged on.\n\nThe network fields indicate where a remote logon request originated. Workstation name is not always available and may be left blank in some cases.\n\nThe authentication information fields provide detailed information about this specific logon request.\n\t- Logon GUID is a unique identifier that can be used to correlate this event with a KDC event.\n\t- Transited services indicate which intermediate services have participated in this logon request.\n\t- Package name indicates which sub-protocol was used among the NTLM protocols.\n\t- Key length indicates the length of the generated session key. This will be 0 if no session key was requested.", "user": {"id": "S-1-5-19", "name": "<pseudonym:721ee97a0013594c778a3fb491ef5099c0d8a8409174db1192de74509fb8b99a>", "domain": "NT AUTHORITY"}, "ecs": {"version": "1.0.0"}}
{"@timestamp": "2019-07-30T14:37:57.706Z", "@metadata": {"beat": "winlogbeat", "type": "_doc", "version": "7.2.0", "topic": "wineventlog_raw"}, "event": {"code": 7036, "created": "2019-08-05T08:54:04.776Z", "kind": "event"}, "ecs": {"version": "1.0.0"}, "host": {"id": "19fc45ac-5890-4f96-81b1-50ed111c0ce4", "name": "CLIENT1", "hostname": "CLIENT1", "architecture": "x86", "os": {"build": "7601.0", "platform": "windows", "version": "6.1", "family": "windows", "name": "Windows 7 Professional", "kernel": "6.1.7601.18741 (win7sp1_gdr.150202-1526)"}}, "agent": {"id": "0b755aca-0a9a-454a-9800-1979901962a0", "version": "7.2.0", "type": "winlogbeat", "ephemeral_id": "33f6eec2-a7ba-4caa-97b3-ea43b4f5e172", "hostname": "CLIENT1"}, "log": {"level": "information"}, "message": "The Application Experience service entered the running state.", "winlog": {"provider_name": "Service Control Manager", "event_data": {"param1": "Application Experience", "param2": "running", "Binary": "410065004C006F006F006B00750070005300760063002F0034000000"}, "process": {"thread": {"id": 2808}, "pid": 436}, "channel": "System", "event_id": 7036, "record_id": 11553, "task": "", "computer_name": "CLIENT1", "api": "wineventlog", "provider_guid": "{555908d1-a6d7-4695-8e1e-26931d2012f4}", "keywords": ["Classic"]}}
{"@timestamp": "2019-07-30T14:38:14.710Z", "@metadata": {"beat": "winlogbeat", "type": "_doc", "version": "7.2.0", "topic": "wineventlog_raw"}, "message": "The SPP Notification Service service entered the stopped state.", "agent": {"type": "winlogbeat", "ephemeral_id": "33f6eec2-a7ba-4caa-97b3-ea43b4f5e172", "hostname": "CLIENT1", "id": "0b755aca-0a9a-454a-9800-1979901962a0", "version": "7.2.0"}, "ecs": {"version": "1.0.0"}, "host": {"os": {"name": "Windows 7 Professional", "kernel": "6.1.7601.18741 (win7sp1_gdr.150202-1526)", "build": "7601.0", "platform": "windows", "version": "6.1", "family": "windows"}, "name": "CLIENT1", "id": "19fc45ac-5890-4f96-81b1-50ed111c0ce4", "hostname": "CLIENT1", "architecture": "x86"}, "winlog": {"channel": "System", "provider_name": "Service Control Manager", "api": "wineventlog", "event_id": 7036, "record_id": 11565, "task": "", "computer_name": "CLIENT1", "provider_guid": "{555908d1-a6d7-4695-8e1e-26931d2012f4}", "keywords": ["Classic"], "process": {"thread": {"id": 2808}, "pid": 436}, "event_data": {"param2": "stopped", "Binary": "730070007000750069006E006F0074006900660079002F0031000000", "param1": "SPP Notification Service"}}, "event": {"created": "2019-08-05T08:54:04.777Z", "kind": "event", "code": 7036}, "log": {"level": "information"}}
{"@timestamp": "2019-08-02T09:46:19.171Z", "@metadata": {"beat": "winlogbeat", "type": "_doc", "version": "7.2.0", "topic": "wineventlog_raw"}, "winlog": {"provider_name": "Service Control Manager", "provider_guid": "{555908d1-a6d7-4695-8e1e-26931d2012f4}", "process": {"pid": 440, "thread": {"id": 528}}, "event_id": 7036, "channel": "System", "api": "wineventlog", "computer_name": "CLIENT1", "keywords": ["Classic"], "event_data": {"param1": "DCOM Server Process Launcher", "param2": "running", "Binary": "440063006F006D004C00610075006E00630068002F0034000000"}, "task": "", "record_id": 11593}, "event": {"code": 7036, "created": "2019-08-05T08:54:04.777Z", "kind": "event"}, "log": {"level": "information"}, "message": "The DCOM Server Process Launcher service entered the running state.", "host": {"name": "CLIENT1", "id": "19fc45ac-5890-4f96-81b1-50ed111c0ce4", "hostname": "CLIENT1", "architecture": "x86", "os": {"version": "6.1", "family": "windows", "name": "Windows 7 Professional", "kernel": "6.1.7601.18741 (win7sp1_gdr.150202-1526)", "build": "7601.0", "platform": "windows"}}, "agent": {"version": "7.2.0", "type": "winlogbeat", "ephemeral_id": "33f6eec2-a7ba-4caa-97b3-ea43b4f5e172", "hostname": "CLIENT1", "id": "0b755aca-0a9a-454a-9800-1979901962a0"}, "ecs": {"version": "1.0.0"}}
{"pseudonym": "cd1a3afeeac92cb813605e21e464de7db0ca53fa0190d3a1372a46f60ddd0712", "origin": "QxkoOfH6YfHEw/Kej93i+g4yOddk3ygI53jrvE3GUAha1CYgaBn8Vac7yaWqd05HnkXUUXvg+PeTq5hrOJgZr8orhCyTnLS05uvc43W+X7Ksm5KKEIAHMSIcUjCFBmuGWhCbhG9ly9dxj5eXfjE9/+gpnaQnm2M7+tS5dQhREpTl1ufIseMBI5jf3Zm+oT2gx9M6LQJ2e3XCIXZ7I5V3Zr4YJ5HwqVzlOTpk2xPmzh2CKsfoQDTcsVUiRIRir4K1JGdDgNAUcr1/VNNl6Jc+7FKNZe+YasqM9HM6iknrJhP/q2sM8LEtKcb7lK+wZ1Q8MbN5JCgKqntiArlbGihvViD+92z1cwVVDvHxVumCLxs="}
{"pseudonym": "2246ce99b75c4aebaf0cd5d095e35cdb0cbf0f8adaf28ed864467242b621c30c", "origin": "pYclBSiOriZcfM2yvo9ZNFr8j8bE305bw22dtgshuqVSjXqZtwERp3TN8DrJZWK/0VWx8V97ypqfj+SnTUXe4wwsxd90bnrpZB9692vtt0/kQ/EMOJ9BgfNwQG1l0qzMyMTwAkcM7H9sA+LCgSiVBPSen6Krk4Umcn5U/b1lj5e8a0klLuDiwq4PfgwB3wbRw1LvvGRx4ybCTVonJHAEFf8UPuILR7PsBPJhVEviZQs74+/oj1kIxGkVzp8weOjSNQqLk9OXjRJkHb7d04AdSN927y++E0N4HrVLX1vyuRgarbhz4v6+9JRSec1b/xfWQU1MjNPk9+ewWeXZjwkpAxZhTfsCG1UyU4BHnK35dZ01eQxuQSzN4TkMbUKZtrMccLLA3tn2TsdKli/pV7h05FOLUc63"}
{"@timestamp": "2019-08-02T09:47:28.789Z", "@metadata": {"beat": "winlogbeat", "type": "_doc", "version": "7.2.0", "topic": "wineventlog_raw"}, "winlog": {"record_id": 11641, "task": "", "computer_name": "CLIENT1", "event_data": {"TSId": "1", "UserSid": "<pseudonym:2246ce99b75c4aebaf0cd5d095e35cdb0cbf0f8adaf28ed864467242b621c30c>"}, "activity_id": "{67144949-5132-4859-8036-A737B43825D8}", "provider_name": "Microsoft-Windows-Winlogon", "user": {"identifier": "<pseudonym:cd1a3afeeac92cb813605e21e464de7db0ca53fa0190d3a1372a46f60ddd0712>", "name": "SYSTEM", "domain": "NT AUTHORITY", "type": "User"}, "opcode": "Info", "provider_guid": "{DBE9B383-7CF3-4331-91CC-A3CB16A3B538}", "process": {"thread": {"id": 408}, "pid": 380}, "api": "wineventlog", "channel": "System", "event_id": 7001}, "event": {"kind": "event", "code": 7001, "created": "2019-08-05T08:54:04.822Z"}, "log": {"level": "information"}, "message": "User Logon Notification for Customer Experience Improvement Program", "ecs": {"version": "1.0.0"}, "host": {"name": "CLIENT1", "hostname": "CLIENT1", "architecture": "x86", "os": {"family": "windows", "name": "Windows 7 Professional", "kernel": "6.1.7601.18741 (win7sp1_gdr.150202-1526)", "build": "7601.0", "platform": "windows", "version": "6.1"}, "id": "19fc45ac-5890-4f96-81b1-50ed111c0ce4"}, "agent": {"type": "winlogbeat", "ephemeral_id": "33f6eec2-a7ba-4caa-97b3-ea43b4f5e172", "hostname": "CLIENT1", "id": "0b755aca-0a9a-454a-9800-1979901962a0", "version": "7.2.0"}}
{"@timestamp": "2019-08-02T09:48:56.736Z", "@metadata": {"beat": "winlogbeat", "type": "_doc", "version": "7.2.0", "topic": "wineventlog_raw"}, "agent": {"version": "7.2.0", "type": "winlogbeat", "ephemeral_id": "33f6eec2-a7ba-4caa-97b3-ea43b4f5e172", "hostname": "CLIENT1", "id": "0b755aca-0a9a-454a-9800-1979901962a0"}, "ecs": {"version": "1.0.0"}, "host": {"hostname": "CLIENT1", "name": "CLIENT1", "architecture": "x86", "os": {"name": "Windows 7 Professional", "kernel": "6.1.7601.18741 (win7sp1_gdr.150202-1526)", "build": "7601.0", "platform": "windows", "version": "6.1", "family": "windows"}, "id": "19fc45ac-5890-4f96-81b1-50ed111c0ce4"}, "winlog": {"api": "wineventlog", "process": {"pid": 440, "thread": {"id": 3492}}, "event_data": {"param2": "running", "Binary": "570069006E0044006500660065006E0064002F0034000000", "param1": "Windows Defender"}, "event_id": 7036, "keywords": ["Classic"], "task": "", "channel": "System", "provider_name": "Service Control Manager", "record_id": 11652, "provider_guid": "{555908d1-a6d7-4695-8e1e-26931d2012f4}", "computer_name": "CLIENT1"}, "event": {"code": 7036, "created": "2019-08-05T08:54:04.921Z", "kind": "event"}, "log": {"level": "information"}, "message": "The Windows Defender service entered the running state."}
{"@timestamp": "2019-08-02T09:52:32.987Z", "@metadata": {"beat": "winlogbeat", "type": "_doc", "version": "7.2.0", "topic": "wineventlog_raw"}, "host": {"os": {"kernel": "6.1.7601.18741 (win7sp1_gdr.150202-1526)", "build": "7601.0", "platform": "windows", "version": "6.1", "family": "windows", "name": "Windows 7 Professional"}, "id": "19fc45ac-5890-4f96-81b1-50ed111c0ce4", "hostname": "CLIENT1", "name": "CLIENT1", "architecture": "x86"}, "agent": {"type": "winlogbeat", "ephemeral_id": "33f6eec2-a7ba-4caa-97b3-ea43b4f5e172", "hostname": "CLIENT1", "id": "0b755aca-0a9a-454a-9800-1979901962a0", "version": "7.2.0"}, "event": {"created": "2019-08-05T08:54:04.921Z", "kind": "event", "code": 7036}, "log": {"level": "information"}, "message": "The Windows Error Reporting Service service entered the stopped state.", "winlog": {"keywords": ["Classic"], "provider_name": "Service Control Manager", "computer_name": "CLIENT1", "provider_guid": "{555908d1-a6d7-4695-8e1e-26931d2012f4}", "process": {"pid": 440, "thread": {"id": 2680}}, "record_id": 11658, "task": "", "api": "wineventlog", "channel": "System", "event_data": {"param2": "stopped", "Binary": "5700650072005300760063002F0031000000", "param1": "Windows Error Reporting Service"}, "event_id": 7036}, "ecs": {"version": "1.0.0"}}
{"@timestamp": "2019-08-02T09:54:21.319Z", "@metadata": {"beat": "winlogbeat", "type": "_doc", "version": "7.2.0", "topic": "wineventlog_raw"}, "event": {"kind": "event", "code": 7036, "created": "2019-08-05T08:54:04.922Z"}, "log": {"level": "information"}, "message": "The Diagnostic Service Host service entered the stopped state.", "host": {"id": "19fc45ac-5890-4f96-81b1-50ed111c0ce4", "name": "CLIENT1", "hostname": "CLIENT1", "architecture": "x86", "os": {"version": "6.1", "family": "windows", "name": "Windows 7 Professional", "kernel": "6.1.7601.18741 (win7sp1_gdr.150202-1526)", "build": "7601.0", "platform": "windows"}}, "agent": {"type": "winlogbeat", "ephemeral_id": "33f6eec2-a7ba-4caa-97b3-ea43b4f5e172", "hostname": "CLIENT1", "id": "0b755aca-0a9a-454a-9800-1979901962a0", "version": "7.2.0"}, "ecs": {"version": "1.0.0"}, "winlog": {"provider_guid": "{555908d1-a6d7-4695-8e1e-26931d2012f4}", "computer_name": "CLIENT1", "process": {"thread": {"id": 2680}, "pid": 440}, "event_data": {"Binary": "570064006900530065007200760069006300650048006F00730074002F0031000000", "param1": "Diagnostic Service Host", "param2": "stopped"}, "event_id": 7036, "task": "", "keywords": ["Classic"], "provider_name": "Service Control Manager", "record_id": 11673, "api": "wineventlog", "channel": "System"}}
{"@timestamp": "2019-08-02T09:54:22.703Z", "@metadata": {"beat": "winlogbeat", "type": "_doc", "version": "7.2.0", "topic": "wineventlog_raw"}, "log": {"level": "information"}, "message": "The UPnP Device Host service entered the stopped state.", "host": {"id": "19fc45ac-5890-4f96-81b1-50ed111c0ce4", "hostname": "CLIENT1", "architecture": "x86", "os": {"version": "6.1", "family": "windows", "name": "Windows 7 Professional", "kernel": "6.1.7601.18741 (win7sp1_gdr.150202-1526)", "build": "7601.0", "platform": "windows"}, "name": "CLIENT1"}, "agent": {"hostname": "CLIENT1", "id": "0b755aca-0a9a-454a-9800-1979901962a0", "version": "7.2.0", "type": "winlogbeat", "ephemeral_id": "33f6eec2-a7ba-4caa-97b3-ea43b4f5e172"}, "ecs": {"version": "1.0.0"}, "winlog": {"event_data": {"param1": "UPnP Device Host", "param2": "stopped", "Binary": "750070006E00700068006F00730074002F0031000000"}, "provider_name": "Service Control Manager", "record_id": 11685, "computer_name": "CLIENT1", "process": {"thread": {"id": 2680}, "pid": 440}, "keywords": ["Classic"], "channel": "System", "event_id": 7036, "task": "", "api": "wineventlog", "provider_guid": "{555908d1-a6d7-4695-8e1e-26931d2012f4}"}, "event": {"kind": "event", "code": 7036, "created": "2019-08-05T08:54:04.922Z"}}
{"@timestamp": "2019-08-02T09:54:30.599Z", "@metadata": {"beat": "winlogbeat", "type": "_doc", "version": "7.2.0", "topic": "wineventlog_raw"}, "host": {"name": "CLIENT1", "id": "19fc45ac-5890-4f96-81b1-50ed111c0ce4", "hostname": "CLIENT1", "architecture": "x86", "os": {"kernel": "6.1.7601.18741 (win7sp1_gdr.150202-1526)", "build": "7601.0", "platform": "windows", "version": "6.1", "family": "windows", "name": "Windows 7 Professional"}}, "agent": {"id": "0b755aca-0a9a-454a-9800-1979901962a0", "version": "7.2.0", "type": "winlogbeat", "ephemeral_id": "33f6eec2-a7ba-4caa-97b3-ea43b4f5e172", "hostname": "CLIENT1"}, "winlog": {"event_data": {"StopTime": "2019-08-02T09:54:30.599609300Z"}, "event_id": 13, "process": {"pid": 4, "thread": {"id": 28}}, "channel": "System", "record_id": 11700, "provider_name": "Microsoft-Windows-Kernel-General", "provider_guid": "{A68CA8B7-004F-D7B6-A698-07E2DE0F1F5D}", "api": "wineventlog", "computer_name": "CLIENT1", "opcode": "Info", "task": ""}, "event": {"kind": "event", "code": 13, "created": "2019-08-05T08:54:04.922Z"}, "log": {"level": "information"}, "message": "The operating system is shutting down at system time \u200e2019\u200e-\u200e08\u200e-\u200e02T09:54:30.599609300Z.", "ecs": {"version": "1.0.0"}}
{"@timestamp": "2019-08-05T08:53:47.812Z", "@metadata": {"beat": "winlogbeat", "type": "_doc", "version": "7.2.0", "topic": "wineventlog_raw"}, "log": {"level": "information"}, "message": "The FreeSSHDService service entered the running state.", "agent": {"id": "0b755aca-0a9a-454a-9800-1979901962a0", "version": "7.2.0", "type": "winlogbeat", "ephemeral_id": "33f6eec2-a7ba-4caa-97b3-ea43b4f5e172", "hostname": "CLIENT1"}, "ecs": {"version": "1.0.0"}, "host": {"id": "19fc45ac-5890-4f96-81b1-50ed111c0ce4", "hostname": "CLIENT1", "architecture": "x86", "name": "CLIENT1", "os": {"kernel": "6.1.7601.18741 (win7sp1_gdr.150202-1526)", "build": "7601.0", "platform": "windows", "version": "6.1", "family": "windows", "name": "Windows 7 Professional"}}, "winlog": {"event_id": 7036, "computer_name": "CLIENT1", "provider_name": "Service Control Manager", "event_data": {"param2": "running", "Binary": "4600720065006500530053004800440053006500720076006900630065002F0034000000", "param1": "FreeSSHDService"}, "task": "", "api": "wineventlog", "provider_guid": "{555908d1-a6d7-4695-8e1e-26931d2012f4}", "channel": "System", "keywords": ["Classic"], "process": {"pid": 436, "thread": {"id": 512}}, "record_id": 11737}, "event": {"kind": "event", "code": 7036, "created": "2019-08-05T08:54:04.923Z"}}
{"@timestamp": "2019-08-02T09:47:41.000Z", "@metadata": {"beat": "winlogbeat", "type": "_doc", "version": "7.2.0", "topic": "wineventlog_raw"}, "ecs": {"version": "1.0.0"}, "host": {"id": "19fc45ac-5890-4f96-81b1-50ed111c0ce4", "hostname": "CLIENT1", "name": "CLIENT1", "architecture": "x86", "os": {"version": "6.1", "family": "windows", "name": "Windows 7 Professional", "kernel": "6.1.7601.18741 (win7sp1_gdr.150202-1526)", "build": "7601.0", "platform": "windows"}}, "agent": {"type": "winlogbeat", "ephemeral_id": "33f6eec2-a7ba-4caa-97b3-ea43b4f5e172", "hostname": "CLIENT1", "id": "0b755aca-0a9a-454a-9800-1979901962a0", "version": "7.2.0"}, "winlog": {"task": "General", "computer_name": "CLIENT1", "keywords": ["Classic"], "api": "wineventlog", "event_data": {"param7": "7601", "param8": "0000", "param1": "Windows", "param2": "2032", "param3": "Windows: ", "param4": "0", "param5": "6", "param6": "01"}, "provider_name": "ESENT", "record_id": 2910, "channel": "Application", "event_id": 102, "opcode": "Info"}, "event": {"created": "2019-08-05T08:54:06.439Z", "kind": "event", "code": 102, "action": "General"}, "log": {"level": "information"}, "message": "Windows (2032) Windows: The database engine (6.01.7601.0000) started a new instance (0)."}
{"@timestamp": "2019-08-05T08:54:08.721Z", "@metadata": {"beat": "winlogbeat", "type": "_doc", "version": "7.2.0", "topic": "wineventlog_raw"}, "event": {"created": "2019-08-05T08:54:10.100Z", "kind": "event", "code": 7036}, "log": {"level": "information"}, "message": "The WinHTTP Web Proxy Auto-Discovery Service service entered the running state.", "winlog": {"provider_name": "Service Control Manager", "provider_guid": "{555908d1-a6d7-4695-8e1e-26931d2012f4}", "event_data": {"param1": "WinHTTP Web Proxy Auto-Discovery Service", "param2": "running", "Binary": "570069006E0048007400740070004100750074006F00500072006F00780079005300760063002F0034000000"}, "channel": "System", "api": "wineventlog", "computer_name": "CLIENT1", "process": {"pid": 436, "thread": {"id": 1804}}, "event_id": 7036, "task": "", "keywords": ["Classic"], "record_id": 11756}, "agent": {"hostname": "CLIENT1", "id": "0b755aca-0a9a-454a-9800-1979901962a0", "version": "7.2.0", "type": "winlogbeat", "ephemeral_id": "33f6eec2-a7ba-4caa-97b3-ea43b4f5e172"}, "ecs": {"version": "1.0.0"}, "host": {"name": "CLIENT1", "hostname": "CLIENT1", "architecture": "x86", "os": {"family": "windows", "name": "Windows 7 Professional", "kernel": "6.1.7601.18741 (win7sp1_gdr.150202-1526)", "build": "7601.0", "platform": "windows", "version": "6.1"}, "id": "19fc45ac-5890-4f96-81b1-50ed111c0ce4"}}
{"@timestamp": "2019-08-05T08:55:40.000Z", "@metadata": {"beat": "winlogbeat", "type": "_doc", "version": "7.2.0", "topic": "wineventlog_raw"}, "ecs": {"version": "1.0.0"}, "host": {"name": "CLIENT1", "os": {"platform": "windows", "version": "6.1", "family": "windows", "name": "Windows 7 Professional", "kernel": "6.1.7601.18741 (win7sp1_gdr.150202-1526)", "build": "7601.0"}, "id": "19fc45ac-5890-4f96-81b1-50ed111c0ce4", "hostname": "CLIENT1", "architecture": "x86"}, "agent": {"ephemeral_id": "33f6eec2-a7ba-4caa-97b3-ea43b4f5e172", "hostname": "CLIENT1", "id": "0b755aca-0a9a-454a-9800-1979901962a0", "version": "7.2.0", "type": "winlogbeat"}, "winlog": {"event_data": {"param2": "\n1: 4de78642-0f7f-4b61-9392-8add86d70ae8, 1, 0 [(0 [0xC004F014, 0, 0], [(?)(?)(?)(?)(?)(?)])(1 )(2 )]\n2: 50e329f7-a5fa-46b2-85fd-f224e5da7764, 1, 0 [(0 [0xC004F014, 0, 0], [(?)(?)(?)(?)(?)(?)])(1 )(2 )]\n3: 5a79ecd8-d33f-406c-a619-7785899b5d59, 1, 0 [(0 [0xC004F014, 0, 0], [(?)(?)(?)(?)(?)(?)])(1 )(2 )]\n4: 770bc271-8dc1-467d-b574-73cbacbeccd1, 1, 0 [(0 [0xC004F014, 0, 0], [(?)(?)(?)(?)(?)(?)])(1 )(2 )]\n5: 90a61a0d-0b76-4bf1-a8b8-89061855a4c9, 1, 0 [(0 [0xC004F014, 0, 0], [(?)(?)(?)(?)(?)(?)])(1 )(2 )]\n6: 92f9d22a-65f5-49a7-90fe-06491b4fc379, 1, 0 [(0 [0xC004F014, 0, 0], [(?)(?)(?)(?)(?)(?)])(1 )(2 )]\n7: 9abf5984-9c16-46f2-ad1e-7fe15931a8dd, 1, 0 [(0 [0xC004F014, 0, 0], [(?)(?)(?)(?)(?)(?)])(1 )(2 )]\n8: 9ccffaf9-86a2-414e-b031-b2f777720e90, 1, 0 [(0 [0xC004F014, 0, 0], [(?)(?)(?)(?)(?)(?)])(1 )(2 )]\n9: b92e9980-b9d5-4821-9c94-140f632f6312, 1, 0 [(0 [0xC004F014, 0, 0], [(?)(?)(?)(?)(?)(?)])(1 )(2 )]\n10: c1027486-8ae8-4633-9cf9-9658ed80504d, 1, 0 [(0 [0xC004F014, 0, 0], [(?)(?)(?)(?)(?)(?)])(1 )(2 )]\n11: c1e88de3-96c4-4563-ad7d-775f65b1e670, 1, 1 [(0 [0xC004E003, 0, 0], [( 1 0xC004F00F 3 0 msft:rm/algorithm/hwid/4.0 0x00000000 0)(?)( 1 0xC004F00F 3 0 msft:rm/algorithm/hwid/4.0 0x00000000 0)(?)(?)(?)])(1 )(2 [0x00000000, 0, 0], [( 5 0xC004F009 30 0)( 5 0xC004F009 30 0)( 1 0x00000000 0 0 msft:rm/algorithm/flags/1.0 0x00000000 0)(?)(?)( 9 0x00000000 0xC004F00F)])]\n12: c33001fc-5e9c-4f27-8c05-e0154adb0db4, 1, 0 [(0 [0xC004F014, 0, 0], [(?)(?)(?)(?)(?)(?)])(1 )(2 )]\n13: cf3c5b35-35ff-4c95-9bbd-a188e47ad14c, 1, 0 [(0 [0xC004F014, 0, 0], [(?)(?)(?)(?)(?)(?)])(1 )(2 )]\n14: cff07cac-7534-4cc3-b3f3-99e1a0aa3c20, 1, 0 [(0 [0xC004F014, 0, 0], [(?)(?)(?)(?)(?)(?)])(1 )(2 )]\n15: d188820a-cb63-4bad-a9a2-40b843ee23b7, 1, 0 [(0 [0xC004F014, 0, 0], [(?)(?)(?)(?)(?)(?)])(1 )(2 )]\n16: d8e04254-f9a5-4729-ae86-886de6aa907c, 1, 0 [(0 [0xC004F014, 0, 0], [(?)(?)(?)(?)(?)(?)])(1 )(2 )]\n17: da22eadd-46dc-4056-a287-f5041c852470, 1, 0 [(0 [0xC004F014, 0, 0], [(?)(?)(?)(?)(?)(?)])(1 )(2 )]\n18: e120e868-3df2-464a-95a0-b52fa5ada4bf, 1, 0 [(0 [0xC004F014, 0, 0], [(?)(?)(?)(?)(?)(?)])(1 )(2 )]\n19: e838d943-63ed-4a0b-9fb1-47152908acc9, 1, 0 [(0 [0xC004F014, 0, 0], [(?)(?)(?)(?)(?)(?)])(1 )(2 )]\n20: 4a8149bb-7d61-49f4-8822-82c7bf88d64b, 1, 0 [(0 [0xC004F014, 0, 0], [(?)(?)(?)(?)(?)(?)])(1 )(2 )]\n21: afd5f68f-b70f-4000-a21d-28dbc8be8b07, 1, 0 [(0 [0xC004F014, 0, 0], [(?)(?)(?)(?)(?)(?)])(1 )(2 )]", "param1": "55c92734-d682-4d71-983e-d6ec3f16059f"}, "provider_guid": "{E23B33B0-C8C9-472C-A5F9-F2BDFEA0F156}", "channel": "Application", "event_id": 1003, "provider_name": "Microsoft-Windows-Security-SPP", "task": "", "api": "wineventlog", "keywords": ["Classic"], "record_id": 2935, "computer_name": "CLIENT1"}, "event": {"kind": "event", "code": 1003, "created": "2019-08-05T08:55:40.743Z"}, "log": {"level": "information"}, "message": "The Software Protection service has completed licensing status check.\nApplication Id=55c92734-d682-4d71-983e-d6ec3f16059f\nLicensing Status=\n1: 4de78642-0f7f-4b61-9392-8add86d70ae8, 1, 0 [(0 [0xC004F014, 0, 0], [(?)(?)(?)(?)(?)(?)])(1 )(2 )]\n2: 50e329f7-a5fa-46b2-85fd-f224e5da7764, 1, 0 [(0 [0xC004F014, 0, 0], [(?)(?)(?)(?)(?)(?)])(1 )(2 )]\n3: 5a79ecd8-d33f-406c-a619-7785899b5d59, 1, 0 [(0 [0xC004F014, 0, 0], [(?)(?)(?)(?)(?)(?)])(1 )(2 )]\n4: 770bc271-8dc1-467d-b574-73cbacbeccd1, 1, 0 [(0 [0xC004F014, 0, 0], [(?)(?)(?)(?)(?)(?)])(1 )(2 )]\n5: 90a61a0d-0b76-4bf1-a8b8-89061855a4c9, 1, 0 [(0 [0xC004F014, 0, 0], [(?)(?)(?)(?)(?)(?)])(1 )(2 )]\n6: 92f9d22a-65f5-49a7-90fe-06491b4fc379, 1, 0 [(0 [0xC004F014, 0, 0], [(?)(?)(?)(?)(?)(?)])(1 )(2 )]\n7: 9abf5984-9c16-46f2-ad1e-7fe15931a8dd, 1, 0 [(0 [0xC004F014, 0, 0], [(?)(?)(?)(?)(?)(?)])(1 )(2 )]\n8: 9ccffaf9-86a2-414e-b031-b2f777720e90, 1, 0 [(0 [0xC004F014, 0, 0], [(?)(?)(?)(?)(?)(?)])(1 )(2 )]\n9: b92e9980-b9d5-4821-9c94-140f632f6312, 1, 0 [(0 [0xC004F014, 0, 0], [(?)(?)(?)(?)(?)(?)])(1 )(2 )]\n10: c1027486-8ae8-4633-9cf9-9658ed80504d, 1, 0 [(0 [0xC004F014, 0, 0], [(?)(?)(?)(?)(?)(?)])(1 )(2 )]\n11: c1e88de3-96c4-4563-ad7d-775f65b1e670, 1, 1 [(0 [0xC004E003, 0, 0], [( 1 0xC004F00F 3 0 msft:rm/algorithm/hwid/4.0 0x00000000 0)(?)( 1 0xC004F00F 3 0 msft:rm/algorithm/hwid/4.0 0x00000000 0)(?)(?)(?)])(1 )(2 [0x00000000, 0, 0], [( 5 0xC004F009 30 0)( 5 0xC004F009 30 0)( 1 0x00000000 0 0 msft:rm/algorithm/flags/1.0 0x00000000 0)(?)(?)( 9 0x00000000 0xC004F00F)])]\n12: c33001fc-5e9c-4f27-8c05-e0154adb0db4, 1, 0 [(0 [0xC004F014, 0, 0], [(?)(?)(?)(?)(?)(?)])(1 )(2 )]\n13: cf3c5b35-35ff-4c95-9bbd-a188e47ad14c, 1, 0 [(0 [0xC004F014, 0, 0], [(?)(?)(?)(?)(?)(?)])(1 )(2 )]\n14: cff07cac-7534-4cc3-b3f3-99e1a0aa3c20, 1, 0 [(0 [0xC004F014, 0, 0], [(?)(?)(?)(?)(?)(?)])(1 )(2 )]\n15: d188820a-cb63-4bad-a9a2-40b843ee23b7, 1, 0 [(0 [0xC004F014, 0, 0], [(?)(?)(?)(?)(?)(?)])(1 )(2 )]\n16: d8e04254-f9a5-4729-ae86-886de6aa907c, 1, 0 [(0 [0xC004F014, 0, 0], [(?)(?)(?)(?)(?)(?)])(1 )(2 )]\n17: da22eadd-46dc-4056-a287-f5041c852470, 1, 0 [(0 [0xC004F014, 0, 0], [(?)(?)(?)(?)(?)(?)])(1 )(2 )]\n18: e120e868-3df2-464a-95a0-b52fa5ada4bf, 1, 0 [(0 [0xC004F014, 0, 0], [(?)(?)(?)(?)(?)(?)])(1 )(2 )]\n19: e838d943-63ed-4a0b-9fb1-47152908acc9, 1, 0 [(0 [0xC004F014, 0, 0], [(?)(?)(?)(?)(?)(?)])(1 )(2 )]\n20: 4a8149bb-7d61-49f4-8822-82c7bf88d64b, 1, 0 [(0 [0xC004F014, 0, 0], [(?)(?)(?)(?)(?)(?)])(1 )(2 )]\n21: afd5f68f-b70f-4000-a21d-28dbc8be8b07, 1, 0 [(0 [0xC004F014, 0, 0], [(?)(?)(?)(?)(?)(?)])(1 )(2 )]"}
{"@timestamp": "2019-08-05T08:55:44.000Z", "@metadata": {"beat": "winlogbeat", "type": "_doc", "version": "7.2.0", "topic": "wineventlog_raw"}, "event": {"kind": "event", "code": 4104, "created": "2019-08-05T08:55:44.764Z"}, "log": {"level": "information"}, "message": "Accessing Windows in Notification period.", "ecs": {"version": "1.0.0"}, "host": {"name": "CLIENT1", "architecture": "x86", "os": {"platform": "windows", "version": "6.1", "family": "windows", "name": "Windows 7 Professional", "kernel": "6.1.7601.18741 (win7sp1_gdr.150202-1526)", "build": "7601.0"}, "id": "19fc45ac-5890-4f96-81b1-50ed111c0ce4", "hostname": "CLIENT1"}, "agent": {"type": "winlogbeat", "ephemeral_id": "33f6eec2-a7ba-4caa-97b3-ea43b4f5e172", "hostname": "CLIENT1", "id": "0b755aca-0a9a-454a-9800-1979901962a0", "version": "7.2.0"}, "winlog": {"event_data": {"param1": "0x00000000", "param2": "0x00000000"}, "channel": "Application", "provider_name": "Microsoft-Windows-Winlogon", "computer_name": "CLIENT1", "event_id": 4104, "api": "wineventlog", "keywords": ["Classic"], "provider_guid": "{DBE9B383-7CF3-4331-91CC-A3CB16A3B538}", "record_id": 2937, "task": ""}}
{"pseudonym": "2246ce99b75c4aebaf0cd5d095e35cdb0cbf0f8adaf28ed864467242b621c30c", "origin": "ZHgPmP4eH1PjteBJU8bn+pLLKF5rsaZnrtxrQ9UNSBHgOFDc0mJndlXMryRN8TwLuuoVpmRnEa4vKBu5Kg50Pj1b4t9r7cdaFGR/EhztBi+lpaDILbbk7WebwKlc/Mqr2rwGuDvUKS94dvWf+8Ao/Eb252w1K7MAt1aI9cTacpKshF1MSi8B91CU0vv16szAPXYEfMtFqNwGJLboihPNagNL+ppEi/SfTUpEg6DRkLY3Ncn9wlspk0BytyQFUILOgkCXPl75Wrvm4vYZ6k2KDF23knxVi6UHdrnStMsR4k+ACU6+53SQAhv1/DY6EfUnVWl13PZkHHkCeQ3ZYnuqDODmsFMOLPQJB0VPLi2HEs2yMthDGRGp0dGNh/ko0jwfw+wZq/ucd7znr9dqhUKGZ2bGZPsN"}
{"@timestamp": "2019-07-30T14:37:41.000Z", "@metadata": {"beat": "winlogbeat", "type": "_doc", "version": "7.2.0", "topic": "wineventlog_raw"}, "message": "The process Explorer.EXE has initiated the power off of computer CLIENT1 on behalf of user CLIENT1\\breach for the following reason: Other (Unplanned)\n Reason Code: 0x0\n Shutdown Type: power off\n Comment: ", "ecs": {"version": "1.0.0"}, "host": {"os": {"version": "6.1", "family": "windows", "name": "Windows 7 Professional", "kernel": "6.1.7601.18741 (win7sp1_gdr.150202-1526)", "build": "7601.0", "platform": "windows"}, "id": "19fc45ac-5890-4f96-81b1-50ed111c0ce4", "hostname": "CLIENT1", "name": "CLIENT1", "architecture": "x86"}, "agent": {"type": "winlogbeat", "ephemeral_id": "de845cd9-5141-4c92-ad32-27a4518307e9", "hostname": "CLIENT1", "id": "0b755aca-0a9a-454a-9800-1979901962a0", "version": "7.2.0"}, "winlog": {"event_data": {"param5": "power off", "param7": "CLIENT1\\breach", "Binary": "0000000000000000000000000000000000000000000000000000000000000000", "param1": "Explorer.EXE", "param2": "CLIENT1", "param3": "Other (Unplanned)", "param4": "0x0"}, "record_id": 11544, "task": "", "user": {"type": "User", "identifier": "<pseudonym:2246ce99b75c4aebaf0cd5d095e35cdb0cbf0f8adaf28ed864467242b621c30c>", "name": "breach", "domain": "CLIENT1"}, "channel": "System", "provider_name": "USER32", "keywords": ["Classic"], "event_id": 1074, "api": "wineventlog", "computer_name": "CLIENT1"}, "event": {"code": 1074, "created": "2019-08-02T09:55:11.995Z", "kind": "event"}, "log": {"level": "information"}}
