{"pseudonym": "721ee97a0013594c778a3fb491ef5099c0d8a8409174db1192de74509fb8b99a", "origin": "SQJmMW5W+/IKi79+J1gsbsoFlwkG0Nv7l+CKyws29rqAes3FLUeYwNUCFBe8E39txhagFO4CXtzsWipjDinfnzVE5NS4aMZfvji1zuLBu+dYDRoxo7SmZs9Cxd7VrKfHtlWI1ZpZCuLSXKKBp47BL21wPIYhLzbcTyOBfuUAZFu1KwIuHV8WHU/8Lfxc4ByH/g+e0UuyPQmsJteLkkC1IAwYtrEijj1Cx00dYS/IKtsLsL5XnixWIh0GWsVoePZoHcRcHZACdos+r2T2tdrMN+/k91c1WU5xbHap62/DPcibS0xUk7owkp8KdDlTRetnrLaNhvvqHBq1Fe/Ab/3kw0GHHYPq4kkZtH//Cjgl+Sl8S0WE5A=="}
{"pseudonym": "88300c8916832c3352893b38edeeb13dae715dc9604444fc4d9bdd509aba6c1d", "origin": "uM/gYJxLxusr3AvsCMabub/XWuTec/9JwSKzcSmOo55cCGlhs6VAAd5j+XPcJshIpZZS/crcUHeIBX1zQhMBira7zb6ThvEW8XGGfKjnQva9Lg4+JW86IpNWoDsF7jNhxfjoF+JdfEUknEgPHgtDDmPTd7GvN/IJWAViKUdj5W1rzk3pJCpdlMd089jh4Kl9fTQbFMdl9Bbk+OG7E7SL+M6VdllOLo2L+zSGrBZmRqcBYlmcO6v0T0M9V8bf0jZYsk2YXK5hj2Avxz8ApTa7JjU1gktI8elFjiYa5/UdXhsVGW7POwGTQlUCc9IWIRoer2bcTdAQlDPDLVg3SpbPQqqKEbdeLIZe9VA/MpI08QI="}
{"@timestamp": "2019-08-02T09:54:55.703Z", "@metadata": {"beat": "winlogbeat", "type": "_doc", "version": "7.2.0", "topic": "wineventlog_raw"}, "host": {"name": "CLIENT1", "os": {"kernel": "6.1.7601.18741 (win7sp1_gdr.150202-1526)", "build": "7601.0", "platform": "windows", "version": "6.1", "family": "windows", "name": "Windows 7 Professional"}, "id": "19fc45ac-5890-4f96-81b1-50ed111c0ce4", "hostname": "CLIENT1", "architecture": "x86"}, "event": {"kind": "event", "code": 4672, "action": "Special Logon", "created": "2019-08-02T09:55:12.184Z"}, "log": {"level": "information"}, "message": "Special privileges assigned to new logon.\n\nSubject:\n\tSecurity ID:\t\tS-1-5-19\n\tAccount Name:\t\tLOCAL SERVICE\n\tAccount Domain:\t\tNT AUTHORITY\n\tLogon ID:\t\t0x3e5\n\nPrivileges:\t\tSeAssignPrimaryTokenPrivilege\n\t\t\tSeAuditPrivilege\n\t\t\tSeImpersonatePrivilege", "winlog": {"channel": "Security", "task": "Special Logon", "opcode": "Info", "event_data": {"SubjectUserSid": "<pseudonym:88300c8916832c3352893b38edeeb13dae715dc9604444fc4d9bdd509aba6c1d>", "SubjectUserName": "<pseudonym:721ee97a0013594c778a3fb491ef5099c0d8a8409174db1192de74509fb8b99a>", "SubjectDomainName": "NT AUTHORITY", "SubjectLogonId": "0x3e5", "PrivilegeList": "SeAssignPrimaryTokenPrivilege\n\t\t\tSeAuditPrivilege\n\t\t\tSeImpersonatePrivilege"}, "provider_name": "Microsoft-Windows-Security-Auditing", "record_id": 4679, "keywords": ["Audit Success"], "provider_guid": "{54849625-5478-4994-A5BA-3E3B0328C30D}", "event_id": 4672, "computer_name": "CLIENT1", "process": {"pid": 448, "thread": {"id": 512}}, "api": "wineventlog"}, "agent": {"version": "7.2.0", "type": "winlogbeat", "ephemeral_id": "de845cd9-5141-4c92-ad32-27a4518307e9", "hostname": "CLIENT1", "id": "0b755aca-0a9a-454a-9800-1979901962a0"}, "ecs": {"version": "1.0.0"}}
{"pseudonym": "387dddca7f9c9fa71c41295d7790d3bcd791cfe79b2dd4843551dfd0bf47acf2", "origin": "Sb35pClADC7H897l+DMHiMddu6BxtY/K5wwz5gPwbM4vMhatuTso+KKF/m1vx2YB+yKyNoksKHSCug+1CHQkyydZJVzpYce9p+T4oWuSH/FpKWCm9YpdPgTThgwXQxLlFFMB08G2D6X8QWR/7LDPDJQq9mUiv6Ib29lupm/JmYES/WeYFvydvUuaVuP4Bacw+3gS6kig2Mm9jjaeIL0KJuKPEgAdrYxHdoNv13MtMiumPXycg2ATPXvMniN4b1/H/tCOkLo/DrMO3ZJADxmSopVcSVbh91/59UNBqqPbf9siaLH5EyqfLuiAnaM5XfmLxK121wsm5uzHdWgSL8l4lOS6pCjyQncxEK4X50yV"}
{"pseudonym": "cd1a3afeeac92cb813605e21e464de7db0ca53fa0190d3a1372a46f60ddd0712", "origin": "qASM3T8+8E7WaM87QL18L3X4En2p+lWUL7Xns9HAPzrGKj+rSWDk4JsiOtWDsORl6v+RRehbTpQLV5m8vK/1oB6wpQPZzq+gPESky1zOdDVfRgQ8J7P6enc7LTGu+OvGkAUUQC/RQrI0q9w5VNPT1CqsO9P3us1R5+WLxTsJKPQ/TDMEK/xlGiEp4bEBiZlMQyn+OP2FhtcHcn4zGLMX6KhfuVrq/Gr7reszv//RWeIIcepBYfJKhy//FHELUOACSV8tUTOyZZN8Pizi2kX3PmY7/y/gnyMyHx8nYbK68P59H2pn0KFpT3FBQHtyAPQ+quCtEyhZaug/Tr1u5pXU55N34c5fc63gYUwmYRMGjaE="}
{"@timestamp": "2019-08-02T09:55:03.078Z", "@metadata": {"beat": "winlogbeat", "type": "_doc", "version": "7.2.0", "topic": "wineventlog_raw"}, "message": "Special privileges assigned to new logon.\n\nSubject:\n\tSecurity ID:\t\tS-1-5-18\n\tAccount Name:\t\tSYSTEM\n\tAccount Domain:\t\tNT AUTHORITY\n\tLogon ID:\t\t0x3e7\n\nPrivileges:\t\tSeAssignPrimaryTokenPrivilege\n\t\t\tSeTcbPrivilege\n\t\t\tSeSecurityPrivilege\n\t\t\tSeTakeOwnershipPrivilege\n\t\t\tSeLoadDriverPrivilege\n\t\t\tSeBackupPrivilege\n\t\t\tSeRestorePrivilege\n\t\t\tSeDebugPrivilege\n\t\t\tSeAuditPrivilege\n\t\t\tSeSystemEnvironmentPrivilege\n\t\t\tSeImpersonatePrivilege", "ecs": {"version": "1.0.0"}, "host": {"hostname": "CLIENT1", "architecture": "x86", "os": {"platform": "windows", "version": "6.1", "family": "windows", "name": "Windows 7 Professional", "kernel": "6.1.7601.18741 (win7sp1_gdr.150202-1526)", "build": "7601.0"}, "id": "19fc45ac-5890-4f96-81b1-50ed111c0ce4", "name": "CLIENT1"}, "agent": {"version": "7.2.0", "type": "winlogbeat", "ephemeral_id": "de845cd9-5141-4c92-ad32-27a4518307e9", "hostname": "CLIENT1", "id": "0b755aca-0a9a-454a-9800-1979901962a0"}, "winlog": {"event_data": {"SubjectUserSid": "<pseudonym:cd1a3afeeac92cb813605e21e464de7db0ca53fa0190d3a1372a46f60ddd0712>", "SubjectUserName": "<pseudonym:387dddca7f9c9fa71c41295d7790d3bcd791cfe79b2dd4843551dfd0bf47acf2>", "SubjectDomainName": "NT AUTHORITY", "SubjectLogonId": "0x3e7", "PrivilegeList": "SeAssignPrimaryTokenPrivilege\n\t\t\tSeTcbPrivilege\n\t\t\tSeSecurityPrivilege\n\t\t\tSeTakeOwnershipPrivilege\n\t\t\tSeLoadDriverPrivilege\n\t\t\tSeBackupPrivilege\n\t\t\tSeRestorePrivilege\n\t\t\tSeDebugPrivilege\n\t\t\tSeAuditPrivilege\n\t\t\tSeSystemEnvironmentPrivilege\n\t\t\tSeImpersonatePrivilege"}, "provider_name": "Microsoft-Windows-Security-Auditing", "record_id": 4688, "provider_guid": "{54849625-5478-4994-A5BA-3E3B0328C30D}", "opcode": "Info", "channel": "Security", "task": "Special Logon", "api": "wineventlog", "computer_name": "CLIENT1", "process": {"pid": 448, "thread": {"id": 748}}, "event_id": 4672, "keywords": ["Audit Success"]}, "event": {"kind": "event", "code": 4672, "action": "Special Logon", "created": "2019-08-02T09:55:12.184Z"}, "log": {"level": "information"}}
{"@timestamp": "2019-08-02T09:55:12.080Z", "@metadata": {"beat": "winlogbeat", "type": "_doc", "version": "7.2.0", "topic": "wineventlog_raw"}, "ecs": {"version": "1.0.0"}, "log": {"level": "information"}, "message": "The IPsec Policy Agent service entered the running state.", "winlog": {"provider_name": "Service Control Manager", "computer_name": "CLIENT1", "process": {"thread": {"id": 1796}, "pid": 440}, "event_data": {"param1": "IPsec Policy Agent", "param2": "running", "Binary": "50006F006C006900630079004100670065006E0074002F0034000000"}, "event_id": 7036, "record_id": 11753, "api": "wineventlog", "task": "", "keywords": ["Classic"], "provider_guid": "{555908d1-a6d7-4695-8e1e-26931d2012f4}", "channel": "System"}, "event": {"kind": "event", "code": 7036, "created": "2019-08-02T09:55:14.114Z"}, "host": {"hostname": "CLIENT1", "architecture": "x86", "os": {"version": "6.1", "family": "windows", "name": "Windows 7 Professional", "kernel": "6.1.7601.18741 (win7sp1_gdr.150202-1526)", "build": "7601.0", "platform": "windows"}, "id": "19fc45ac-5890-4f96-81b1-50ed111c0ce4", "name": "CLIENT1"}, "agent": {"type": "winlogbeat", "ephemeral_id": "de845cd9-5141-4c92-ad32-27a4518307e9", "hostname": "CLIENT1", "id": "0b755aca-0a9a-454a-9800-1979901962a0", "version": "7.2.0"}}
{"@timestamp": "2019-08-02T09:55:12.363Z", "@metadata": {"beat": "winlogbeat", "type": "_doc", "version": "7.2.0", "topic": "wineventlog_raw"}, "host": {"architecture": "x86", "os": {"name": "Windows 7 Professional", "kernel": "6.1.7601.18741 (win7sp1_gdr.150202-1526)", "build": "7601.0", "platform": "windows", "version": "6.1", "family": "windows"}, "id": "19fc45ac-5890-4f96-81b1-50ed111c0ce4", "name": "CLIENT1", "hostname": "CLIENT1"}, "agent": {"type": "winlogbeat", "ephemeral_id": "de845cd9-5141-4c92-ad32-27a4518307e9", "hostname": "CLIENT1", "id": "0b755aca-0a9a-454a-9800-1979901962a0", "version": "7.2.0"}, "ecs": {"version": "1.0.0"}, "winlog": {"provider_name": "Service Control Manager", "task": "", "event_id": 7036, "api": "wineventlog", "process": {"pid": 440, "thread": {"id": 1796}}, "channel": "System", "record_id": 11755, "keywords": ["Classic"], "computer_name": "CLIENT1", "provider_guid": "{555908d1-a6d7-4695-8e1e-26931d2012f4}", "event_data": {"param1": "Network List Service", "param2": "running", "Binary": "6E0065007400700072006F0066006D002F0034000000"}}, "event": {"code": 7036, "created": "2019-08-02T09:55:14.114Z", "kind": "event"}, "log": {"level": "information"}, "message": "The Network List Service service entered the running state."}
{"@timestamp": "2019-08-02T09:55:35.000Z", "@metadata": {"beat": "winlogbeat", "type": "_doc", "version": "7.2.0", "topic": "wineventlog_raw"}, "agent": {"version": "7.2.0", "type": "winlogbeat", "ephemeral_id": "de845cd9-5141-4c92-ad32-27a4518307e9", "hostname": "CLIENT1", "id": "0b755aca-0a9a-454a-9800-1979901962a0"}, "ecs": {"version": "1.0.0"}, "host": {"id": "19fc45ac-5890-4f96-81b1-50ed111c0ce4", "hostname": "CLIENT1", "name": "CLIENT1", "architecture": "x86", "os": {"family": "windows", "name": "Windows 7 Professional", "kernel": "6.1.7601.18741 (win7sp1_gdr.150202-1526)", "build": "7601.0", "platform": "windows", "version": "6.1"}}, "log": {"level": "warning"}, "message": "Windows is in Notification period.", "winlog": {"task": "", "api": "wineventlog", "event_id": 4105, "record_id": 2931, "provider_name": "Microsoft-Windows-Winlogon", "event_data": {"param1": "0x00000000", "param2": "0x00000000"}, "computer_name": "CLIENT1", "keywords": ["Classic"], "channel": "Application", "provider_guid": "{DBE9B383-7CF3-4331-91CC-A3CB16A3B538}"}, "event": {"kind": "event", "code": 4105, "created": "2019-08-02T09:55:36.334Z"}}
{"@timestamp": "2019-08-02T09:55:37.070Z", "@metadata": {"beat": "winlogbeat", "type": "_doc", "version": "7.2.0", "topic": "wineventlog_raw"}, "host": {"name": "CLIENT1", "architecture": "x86", "os": {"name": "Windows 7 Professional", "kernel": "6.1.7601.18741 (win7sp1_gdr.150202-1526)", "build": "7601.0", "platform": "windows", "version": "6.1", "family": "windows"}, "id": "19fc45ac-5890-4f96-81b1-50ed111c0ce4", "hostname": "CLIENT1"}, "agent": {"type": "winlogbeat", "ephemeral_id": "de845cd9-5141-4c92-ad32-27a4518307e9", "hostname": "CLIENT1", "id": "0b755aca-0a9a-454a-9800-1979901962a0", "version": "7.2.0"}, "winlog": {"keywords": ["Classic"], "event_data": {"param2": "running", "Binary": "7300700070007300760063002F0034000000", "param1": "Software Protection"}, "provider_name": "Service Control Manager", "task": "", "computer_name": "CLIENT1", "provider_guid": "{555908d1-a6d7-4695-8e1e-26931d2012f4}", "channel": "System", "api": "wineventlog", "process": {"pid": 440, "thread": {"id": 1856}}, "event_id": 7036, "record_id": 11758}, "event": {"created": "2019-08-02T09:55:38.246Z", "kind": "event", "code": 7036}, "log": {"level": "information"}, "message": "The Software Protection service entered the running state.", "ecs": {"version": "1.0.0"}}
{"@timestamp": "2019-08-02T09:55:42.000Z", "@metadata": {"beat": "winlogbeat", "type": "_doc", "version": "7.2.0", "topic": "wineventlog_raw"}, "event": {"code": 6000, "created": "2019-08-02T09:55:42.366Z", "kind": "event"}, "log": {"level": "information"}, "host": {"name": "CLIENT1", "hostname": "CLIENT1", "architecture": "x86", "os": {"kernel": "6.1.7601.18741 (win7sp1_gdr.150202-1526)", "build": "7601.0", "platform": "windows", "version": "6.1", "family": "windows", "name": "Windows 7 Professional"}, "id": "19fc45ac-5890-4f96-81b1-50ed111c0ce4"}, "agent": {"hostname": "CLIENT1", "id": "0b755aca-0a9a-454a-9800-1979901962a0", "version": "7.2.0", "type": "winlogbeat", "ephemeral_id": "de845cd9-5141-4c92-ad32-27a4518307e9"}, "ecs": {"version": "1.0.0"}, "message": "The winlogon notification subscriber <SessionEnv> was unavailable to handle a notification event.", "winlog": {"task": "", "computer_name": "CLIENT1", "event_data": {"param1": "SessionEnv", "Binary": "D9060000"}, "record_id": 2937, "keywords": ["Classic"], "provider_guid": "{DBE9B383-7CF3-4331-91CC-A3CB16A3B538}", "api": "wineventlog", "channel": "Application", "event_id": 6000, "provider_name": "Microsoft-Windows-Winlogon"}}
{"@timestamp": "2019-08-02T09:56:00.690Z", "@metadata": {"beat": "winlogbeat", "type": "_doc", "version": "7.2.0", "topic": "wineventlog_raw"}, "host": {"name": "CLIENT1", "os": {"version": "6.1", "family": "windows", "name": "Windows 7 Professional", "kernel": "6.1.7601.18741 (win7sp1_gdr.150202-1526)", "build": "7601.0", "platform": "windows"}, "id": "19fc45ac-5890-4f96-81b1-50ed111c0ce4", "hostname": "CLIENT1", "architecture": "x86"}, "agent": {"type": "winlogbeat", "ephemeral_id": "de845cd9-5141-4c92-ad32-27a4518307e9", "hostname": "CLIENT1", "id": "0b755aca-0a9a-454a-9800-1979901962a0", "version": "7.2.0"}, "ecs": {"version": "1.0.0"}, "winlog": {"computer_name": "CLIENT1", "channel": "System", "provider_name": "Service Control Manager", "record_id": 11764, "process": {"pid": 440, "thread": {"id": 1796}}, "event_data": {"param1": "Windows Font Cache Service", "param2": "running", "Binary": "46006F006E007400430061006300680065002F0034000000"}, "task": "", "api": "wineventlog", "provider_guid": "{555908d1-a6d7-4695-8e1e-26931d2012f4}", "event_id": 7036, "keywords": ["Classic"]}, "event": {"kind": "event", "code": 7036, "created": "2019-08-02T09:56:01.409Z"}, "log": {"level": "information"}, "message": "The Windows Font Cache Service service entered the running state."}
{"pseudonym": "e887f3a09fdddf7c81a563b81f90ed9499d86badaa6173d1aa197a2b544d13b1", "origin": "i7HlSoUgSROF20TAzms+zC+64GiyI0H5Xn7oWuNVdTEIdJ33csefqULWjK1rIZKSO9f8fd1n6033lh8Gq9coxY6dSW0nBFiFM0lHrD/kcuGppFG7rJBPbD4Uj1DQVUVcNbceHLJpmx8oc2q8cmVd2ZPMpbHdxMdq9sOmELyDSN88fayBQeVtpy3FaASBeuIdEqyC8T5n3QIOVjyfj4AZN46pEw9Ah7bJQ38hJNmg+jAQ6ifyhulFTlaU5IvUiGz2/0EIbwHY2SbJo6XfmPS2p35VdGis4nh6lRoiAt2lrncTp+Mi7p0lVzQQdMPvwsPZeyoGzt/gLAHzc0pfA/NTP8O7Ve7N3SgNf3GaC5XnU3o="}
{"pseudonym": "cd1a3afeeac92cb813605e21e464de7db0ca53fa0190d3a1372a46f60ddd0712", "origin": "C5IZz/INdZT9EJl3XMQcNTc0qRD5XT2R4bz8tDN4nA7I+7GBNIVpWcXS/wsPVy2q7cbK8RBzahqd0kkwSRBIfdz64oz9kvUajjFzCcQn3ppl5MxAl259dzCTo14Ymr6igw36UYXq3Ycb3Xr2sBRQZmF3hxwmTisWUxrDJHVMNuyO53kGcDybYEGQXGrreAlYSyFJM5ae1iIXUdellcxaWzhFSV/xdBdX40DkN6+KmXo8AkkRdjxdnr8gKEYM6VoRblngoLwZvv1gdbHQR+/gHCr1U6q4+5tR6hpKo1Z2U4BogYdaYhwGN2Qv4rW7A8erf+1SWIo0Y1dJHHFwveYeN6VXvRBGfD0R3xa79nF/tLI="}
{"@timestamp": "2019-08-02T10:00:06.062Z", "@metadata": {"beat": "winlogbeat", "type": "_doc", "version": "7.2.0", "topic": "wineventlog_raw"}, "host": {"name": "CLIENT1", "id": "19fc45ac-5890-4f96-81b1-50ed111c0ce4", "hostname": "CLIENT1", "architecture": "x86", "os": {"platform": "windows", "version": "6.1", "family": "windows", "name": "Windows 7 Professional", "kernel": "6.1.7601.18741 (win7sp1_gdr.150202-1526)", "build": "7601.0"}}, "agent": {"id": "0b755aca-0a9a-454a-9800-1979901962a0", "version": "7.2.0", "type": "winlogbeat", "ephemeral_id": "de845cd9-5141-4c92-ad32-27a4518307e9", "hostname": "CLIENT1"}, "ecs": {"version": "1.0.0"}, "log": {"level": "information"}, "message": "The system time was changed.\n\nSubject:\n\tSecurity ID:\t\tS-1-5-18\n\tAccount Name:\t\tCLIENT1$\n\tAccount Domain:\t\tWORKGROUP\n\tLogon ID:\t\t0x3e7\n\nProcess Information:\n\tProcess ID:\t0x5b4\n\tName:\t\tC:\\Program Files\\NetTime\\NetTimeService.exe\n\nPrevious Time:\t\t\u200e2019\u200e-\u200e08\u200e-\u200e02T10:00:07.168932500Z\nNew Time:\t\t\u200e2019\u200e-\u200e08\u200e-\u200e02T10:00:06.062000000Z\n\nThis event is generated when the system time is changed. It is normal for the Windows Time Service, which runs with System privilege, to change the system time on a regular basis. Other system time changes may be indicative of attempts to tamper with the computer.", "winlog": {"event_id": 4616, "provider_name": "Microsoft-Windows-Security-Auditing", "event_data": {"SubjectDomainName": "WORKGROUP", "SubjectLogonId": "0x3e7", "PreviousTime": "2019-08-02T10:00:07.168932500Z", "NewTime": "2019-08-02T10:00:06.062000000Z", "ProcessId": "0x5b4", "ProcessName": "C:\\Program Files\\NetTime\\NetTimeService.exe", "SubjectUserSid": "<pseudonym:cd1a3afeeac92cb813605e21e464de7db0ca53fa0190d3a1372a46f60ddd0712>", "SubjectUserName": "<pseudonym:e887f3a09fdddf7c81a563b81f90ed9499d86badaa6173d1aa197a2b544d13b1>"}, "record_id": 4699, "opcode": "Info", "channel": "Security", "computer_name": "CLIENT1", "keywords": ["Audit Success"], "process": {"pid": 4, "thread": {"id": 60}}, "task": "Security State Change", "api": "wineventlog", "provider_guid": "{54849625-5478-4994-A5BA-3E3B0328C30D}", "version": 1}, "event": {"kind": "event", "code": 4616, "action": "Security State Change", "created": "2019-08-02T10:00:09.329Z"}}
{"pseudonym": "cd1a3afeeac92cb813605e21e464de7db0ca53fa0190d3a1372a46f60ddd0712", "origin": "OjfUE56g3OS7P6Xmrc2byl66L/F8YNnDvBPxwSV6KTOyOcRb42ATYY2cvgAUHfYgzCeeUFhUE1f2Uc0inXsi6pxXpJiEvTeCbNPt0lMCa3wAasFWWE5ICIBKAsSgwNbrd0XVfe1cDhqixMh7ZThgLSLknkANLnpeGSAkPEDfUdX9kJtt25eTne3j20ImRn8xCpKFsrNyk9alNoNR7vyA9jI640n74nAyOo8vJhKWj77gRUCuwTnWWu0qID620DssNpHiimXqLIf8sToOCXxgqxD5VYxJrjod9EeJuRDowD20VB/8Ionj0j54J5Wo6iXnngM/uHtB5Nfet/9dYJCk0KnViOEWBNMIi/OCSYRyLqE="}
{"@timestamp": "2019-08-02T10:10:05.545Z", "@metadata": {"beat": "winlogbeat", "type": "_doc", "version": "7.2.0", "topic": "wineventlog_raw"}, "ecs": {"version": "1.0.0"}, "winlog": {"opcode": "Info", "channel": "System", "record_id": 11783, "user": {"identifier": "<pseudonym:cd1a3afeeac92cb813605e21e464de7db0ca53fa0190d3a1372a46f60ddd0712>", "name": "SYSTEM", "domain": "NT AUTHORITY", "type": "User"}, "task": "", "computer_name": "CLIENT1", "event_data": {"NewTime": "2019-08-02T10:10:05.545000000Z", "OldTime": "2019-08-02T10:10:06.482791500Z"}, "event_id": 1, "provider_name": "Microsoft-Windows-Kernel-General", "provider_guid": "{A68CA8B7-004F-D7B6-A698-07E2DE0F1F5D}", "process": {"pid": 1460, "thread": {"id": 1504}}, "api": "wineventlog", "keywords": ["Time"]}, "event": {"code": 1, "created": "2019-08-02T10:10:07.593Z", "kind": "event"}, "log": {"level": "information"}, "message": "The system time has changed to \u200e2019\u200e-\u200e08\u200e-\u200e02T10:10:05.545000000Z from \u200e2019\u200e-\u200e08\u200e-\u200e02T10:10:06.482791500Z.", "host": {"id": "19fc45ac-5890-4f96-81b1-50ed111c0ce4", "hostname": "CLIENT1", "architecture": "x86", "os": {"name": "Windows 7 Professional", "kernel": "6.1.7601.18741 (win7sp1_gdr.150202-1526)", "build": "7601.0", "platform": "windows", "version": "6.1", "family": "windows"}, "name": "CLIENT1"}, "agent": {"type": "winlogbeat", "ephemeral_id": "de845cd9-5141-4c92-ad32-27a4518307e9", "hostname": "CLIENT1", "id": "0b755aca-0a9a-454a-9800-1979901962a0", "version": "7.2.0"}}
{"pseudonym": "387dddca7f9c9fa71c41295d7790d3bcd791cfe79b2dd4843551dfd0bf47acf2", "origin": "NfBzn6uQXSMQ1Yjyf90thotRHVtpU5WIjMxFDT2OQODf0BCtCc5O0BDNxb/lzA6Ej+JwaNMwNKTa8Nof4Z5XHvo7xGJYTJ33R7csRcFIa1sYo6pEKxkPgSneq3OVZr5CXTPnUL4h3Q36XowC/jia9mgnWUudPxgdjDM6/smtPKO99cXt4zzzMaIOcwQIqmtoKxshba3ib1OURMuvwZ877QaBXxusyQOwm4v897ASX9n5OPNUhqWTb96pTUsvdn22vJpY1rVXJ7g3siPwmO6jimITx3MQyCPeU8LvxYWFfQDxDlrqSBZ2DaTIf8+0aMA9iaoMzxvkVVZCE0dBViZ77/ni0LttUI6EnSuEJ33K"}
{"pseudonym": "cd1a3afeeac92cb813605e21e464de7db0ca53fa0190d3a1372a46f60ddd0712", "origin": "kvz5Qaoeg6oFuYmIhaRb3hqrbwa/nsy19IHpQWq5vCzV6xGdhio8RGDn/PdsVHRZ+zWFvmuYVwVwtsllnx5jdGRk0ISS1jkq+CA19bUA8URcFaoRbobXiJUELMlAABtNdg5iHBfdUDCYHFJ+AvI3UIwv1lKSHePygp744mOmdQ5d3RzAVwWPckRVUp5kddvO0mW+EmBUukiOOXqDIBlC0XB6KmY3QXWmbv6LZ2VzkNMO+UXcyphUFz90UOgyRnGePe2lY49mSRvKgbBUgTcf7E7Q1qmOjSi1eHkOgNAYoSapQaIdXrRA6t1cMnOylqzClECCpQ0J7JJEWmqs/ofMlFUB8DKWEsSpkxL+cO5hSHk="}
{"@timestamp": "2019-08-02T10:45:09.632Z", "@metadata": {"beat": "winlogbeat", "type": "_doc", "version": "7.2.0", "topic": "wineventlog_raw"}, "message": "Special privileges assigned to new logon.\n\nSubject:\n\tSecurity ID:\t\tS-1-5-18\n\tAccount Name:\t\tSYSTEM\n\tAccount Domain:\t\tNT AUTHORITY\n\tLogon ID:\t\t0x3e7\n\nPrivileges:\t\tSeAssignPrimaryTokenPrivilege\n\t\t\tSeTcbPrivilege\n\t\t\tSeSecurityPrivilege\n\t\t\tSeTakeOwnershipPrivilege\n\t\t\tSeLoadDriverPrivilege\n\t\t\tSeBackupPrivilege\n\t\t\tSeRestorePrivilege\n\t\t\tSeDebugPrivilege\n\t\t\tSeAuditPrivilege\n\t\t\tSeSystemEnvironmentPrivilege\n\t\t\tSeImpersonatePrivilege", "ecs": {"version": "1.0.0"}, "host": {"name": "CLIENT1", "hostname": "CLIENT1", "architecture": "x86", "os": {"family": "windows", "name": "Windows 7 Professional", "kernel": "6.1.7601.18741 (win7sp1_gdr.150202-1526)", "build": "7601.0", "platform": "windows", "version": "6.1"}, "id": "19fc45ac-5890-4f96-81b1-50ed111c0ce4"}, "agent": {"ephemeral_id": "de845cd9-5141-4c92-ad32-27a4518307e9", "hostname": "CLIENT1", "id": "0b755aca-0a9a-454a-9800-1979901962a0", "version": "7.2.0", "type": "winlogbeat"}, "winlog": {"provider_guid": "{54849625-5478-4994-A5BA-3E3B0328C30D}", "channel": "Security", "api": "wineventlog", "provider_name": "Microsoft-Windows-Security-Auditing", "record_id": 4714, "event_data": {"SubjectUserName": "<pseudonym:387dddca7f9c9fa71c41295d7790d3bcd791cfe79b2dd4843551dfd0bf47acf2>", "SubjectDomainName": "NT AUTHORITY", "SubjectLogonId": "0x3e7", "PrivilegeList": "SeAssignPrimaryTokenPrivilege\n\t\t\tSeTcbPrivilege\n\t\t\tSeSecurityPrivilege\n\t\t\tSeTakeOwnershipPrivilege\n\t\t\tSeLoadDriverPrivilege\n\t\t\tSeBackupPrivilege\n\t\t\tSeRestorePrivilege\n\t\t\tSeDebugPrivilege\n\t\t\tSeAuditPrivilege\n\t\t\tSeSystemEnvironmentPrivilege\n\t\t\tSeImpersonatePrivilege", "SubjectUserSid": "<pseudonym:cd1a3afeeac92cb813605e21e464de7db0ca53fa0190d3a1372a46f60ddd0712>"}, "event_id": 4672, "task": "Special Logon", "keywords": ["Audit Success"], "opcode": "Info", "computer_name": "CLIENT1", "process": {"pid": 448, "thread": {"id": 1728}}}, "event": {"kind": "event", "code": 4672, "action": "Special Logon", "created": "2019-08-02T10:45:11.548Z"}, "log": {"level": "information"}}
{"pseudonym": "cd1a3afeeac92cb813605e21e464de7db0ca53fa0190d3a1372a46f60ddd0712", "origin": "tRPiv788hVjpQivtw6cIhCyLCwh6zrgwYxYyb1GbNnQw90xfR32BZAA1WIS6Zp2ocM2HVyef5VRhVNzdw+uV/AYWPgISeBsyD/IL5BHAibQRGQRj2IXMt6lF5abdNeawr6n8U1BTsFwsgLBdPDZvOQaedapJKoPTjZGEJZUtO+F200lWCjZAuTHfupTJJpP/S+ByFAdaBZG1eqTOylCkXCjpl1LJpcRf7z6ej5UR3gSX/oIodsB5h4yihdm/OLfONiU0OPNmzXByR3uGQPmKIwDe6NiD+CQlwu+utaxVKoksIwOSxMJwybeoUv9a/BBlm1N5V1bM+zb11DzKq13HzVEiYfaMrr2HAl4+FIYPjiY="}
{"@timestamp": "2019-08-02T11:20:02.962Z", "@metadata": {"beat": "winlogbeat", "type": "_doc", "version": "7.2.0", "topic": "wineventlog_raw"}, "winlog": {"provider_name": "Microsoft-Windows-Kernel-General", "record_id": 11808, "api": "wineventlog", "keywords": ["Time"], "opcode": "Info", "user": {"identifier": "<pseudonym:cd1a3afeeac92cb813605e21e464de7db0ca53fa0190d3a1372a46f60ddd0712>", "name": "SYSTEM", "domain": "NT AUTHORITY", "type": "User"}, "event_id": 1, "event_data": {"NewTime": "2019-08-02T11:20:02.962000000Z", "OldTime": "2019-08-02T11:20:03.525178100Z"}, "task": "", "provider_guid": "{A68CA8B7-004F-D7B6-A698-07E2DE0F1F5D}", "process": {"thread": {"id": 1504}, "pid": 1460}, "channel": "System", "computer_name": "CLIENT1"}, "event": {"kind": "event", "code": 1, "created": "2019-08-02T11:20:03.964Z"}, "log": {"level": "information"}, "message": "The system time has changed to \u200e2019\u200e-\u200e08\u200e-\u200e02T11:20:02.962000000Z from \u200e2019\u200e-\u200e08\u200e-\u200e02T11:20:03.525178100Z.", "host": {"architecture": "x86", "os": {"platform": "windows", "version": "6.1", "family": "windows", "name": "Windows 7 Professional", "kernel": "6.1.7601.18741 (win7sp1_gdr.150202-1526)", "build": "7601.0"}, "name": "CLIENT1", "id": "19fc45ac-5890-4f96-81b1-50ed111c0ce4", "hostname": "CLIENT1"}, "agent": {"ephemeral_id": "de845cd9-5141-4c92-ad32-27a4518307e9", "hostname": "CLIENT1", "id": "0b755aca-0a9a-454a-9800-1979901962a0", "version": "7.2.0", "type": "winlogbeat"}, "ecs": {"version": "1.0.0"}}
{"pseudonym": "cd1a3afeeac92cb813605e21e464de7db0ca53fa0190d3a1372a46f60ddd0712", "origin": "fk+GbFWtSf/hQ1SMXjTk3e8kmvGhBPwYbgxR1iZzg+0cijpPjlPjKHMWaIWohHqg7KYqf4Y8kXn/26HIVhCtqRVr0Cejn6/FkAYvMlCaaDnRviGA0K+VBnt45GsIGeiqsDvSwMeWfLMxTxHOF0wzDFKTuuO0y/tg6u7ymGoiuF4Is+cWeyp5aU/GEPAUhvy+sC8tnM5ufo1irTv7W1ZTcKcaT0zt3NrPuhWd6ktOmeRnbP/R7aOl1pu/7Yw4OcpB5z8+hi1aHFBsmn9zGH2AnadB67m2fCs1m+7/HCgNPGrXzAov7V9U8xeprQGpZv9TqyLSKkfNbeBeQ/pepvyXScq1ALI/If/Mw966eRvNYlI="}
{"@timestamp": "2019-08-02T12:50:01.105Z", "@metadata": {"beat": "winlogbeat", "type": "_doc", "version": "7.2.0", "topic": "wineventlog_raw"}, "event": {"created": "2019-08-02T12:50:02.120Z", "kind": "event", "code": 1}, "log": {"level": "information"}, "message": "The system time has changed to \u200e2019\u200e-\u200e08\u200e-\u200e02T12:50:01.105000000Z from \u200e2019\u200e-\u200e08\u200e-\u200e02T12:50:01.651275000Z.", "ecs": {"version": "1.0.0"}, "host": {"architecture": "x86", "name": "CLIENT1", "os": {"family": "windows", "name": "Windows 7 Professional", "kernel": "6.1.7601.18741 (win7sp1_gdr.150202-1526)", "build": "7601.0", "platform": "windows", "version": "6.1"}, "id": "19fc45ac-5890-4f96-81b1-50ed111c0ce4", "hostname": "CLIENT1"}, "agent": {"type": "winlogbeat", "ephemeral_id": "de845cd9-5141-4c92-ad32-27a4518307e9", "hostname": "CLIENT1", "id": "0b755aca-0a9a-454a-9800-1979901962a0", "version": "7.2.0"}, "winlog": {"api": "wineventlog", "computer_name": "CLIENT1", "opcode": "Info", "event_id": 1, "task": "", "process": {"pid": 1460, "thread": {"id": 1504}}, "event_data": {"OldTime": "2019-08-02T12:50:01.651275000Z", "NewTime": "2019-08-02T12:50:01.105000000Z"}, "channel": "System", "keywords": ["Time"], "user": {"domain": "NT AUTHORITY", "type": "User", "identifier": "<pseudonym:cd1a3afeeac92cb813605e21e464de7db0ca53fa0190d3a1372a46f60ddd0712>", "name": "SYSTEM"}, "provider_name": "Microsoft-Windows-Kernel-General", "provider_guid": "{A68CA8B7-004F-D7B6-A698-07E2DE0F1F5D}", "record_id": 11828}}
{"pseudonym": "e887f3a09fdddf7c81a563b81f90ed9499d86badaa6173d1aa197a2b544d13b1", "origin": "PBL0PjGmvZNvVlpyvqJPS+omoGkj3zyHR5tKilJW0HeKHskqHtar3xc9P058VFf4+RFzcUCSxUAHjdQeNWQCeYTQy2dVcdKdsPTGP9GlCFJvj2Sjo5E5UYP2/yExbvycusn93cVN0HAEolXSsiX6za1jVjnFBmmajlEhhiQJi/rKoBOTX9QJ203puazaZIEqpTryzBL14SzGNt7OCE/eiSWd8nWfuOseCry+9I2Wu1DTWxCMaoDYtkGLSXRb8alNBT6KG+8OhTuQTpQPJUiNped+FRF3TmXNvJEWw30KeBSxbCArrBw8Cth8XMOg4c/Qlf7Jbu2NLVHl87ZimwQ3bNViOV66Iy4HcC/pLjL/1qM="}
{"pseudonym": "cd1a3afeeac92cb813605e21e464de7db0ca53fa0190d3a1372a46f60ddd0712", "origin": "uC5pQ0oXWg+CPxz6XSLJvvkwY3Z2FD1e93IyNYGC8PdXYwyDuthwkVHQnbDxeQ+EITLFnQ/SQN4NOEvNueN6juUZ+QmW7lJ+zdBmo1uKUsr/MZz4rAduJEG59na9Gat1aRKSRAgYrd1/WeKdPDF1CrpeR8p7LCJdhM3hFNfUFTj3eFxnHN+vLSCGsKSxkZq0X8dENBZki6of9SsGxQtQ7/pR21xtsmEiWzNDbBBFB0JIHHarY9OFIAOWf9cfi/EF9AOFJJVgmd67JP8D0KZlp/MIohdYqjyFYUlNwgBBeH8SBYcuZPjQtbO6VqgeoMvJOzWb16A3uIDXjEcnQ3q0lzbEERzwMPph0/nbJoLoi0w="}
{"@timestamp": "2019-08-02T13:25:03.237Z", "@metadata": {"beat": "winlogbeat", "type": "_doc", "version": "7.2.0", "topic": "wineventlog_raw"}, "winlog": {"record_id": 4748, "task": "Security State Change", "keywords": ["Audit Success"], "event_data": {"NewTime": "2019-08-02T13:25:03.237000000Z", "ProcessId": "0x5b4", "ProcessName": "C:\\Program Files\\NetTime\\NetTimeService.exe", "SubjectUserSid": "<pseudonym:cd1a3afeeac92cb813605e21e464de7db0ca53fa0190d3a1372a46f60ddd0712>", "SubjectUserName": "<pseudonym:e887f3a09fdddf7c81a563b81f90ed9499d86badaa6173d1aa197a2b544d13b1>", "SubjectDomainName": "WORKGROUP", "SubjectLogonId": "0x3e7", "PreviousTime": "2019-08-02T13:25:03.379549500Z"}, "event_id": 4616, "provider_guid": "{54849625-5478-4994-A5BA-3E3B0328C30D}", "channel": "Security", "api": "wineventlog", "provider_name": "Microsoft-Windows-Security-Auditing", "computer_name": "CLIENT1", "version": 1, "process": {"thread": {"id": 64}, "pid": 4}, "opcode": "Info"}, "event": {"action": "Security State Change", "created": "2019-08-02T13:25:05.245Z", "kind": "event", "code": 4616}, "log": {"level": "information"}, "message": "The system time was changed.\n\nSubject:\n\tSecurity ID:\t\tS-1-5-18\n\tAccount Name:\t\tCLIENT1$\n\tAccount Domain:\t\tWORKGROUP\n\tLogon ID:\t\t0x3e7\n\nProcess Information:\n\tProcess ID:\t0x5b4\n\tName:\t\tC:\\Program Files\\NetTime\\NetTimeService.exe\n\nPrevious Time:\t\t\u200e2019\u200e-\u200e08\u200e-\u200e02T13:25:03.379549500Z\nNew Time:\t\t\u200e2019\u200e-\u200e08\u200e-\u200e02T13:25:03.237000000Z\n\nThis event is generated when the system time is changed. It is normal for the Windows Time Service, which runs with System privilege, to change the system time on a regular basis. Other system time changes may be indicative of attempts to tamper with the computer.", "ecs": {"version": "1.0.0"}, "host": {"name": "CLIENT1", "architecture": "x86", "os": {"build": "7601.0", "platform": "windows", "version": "6.1", "family": "windows", "name": "Windows 7 Professional", "kernel": "6.1.7601.18741 (win7sp1_gdr.150202-1526)"}, "id": "19fc45ac-5890-4f96-81b1-50ed111c0ce4", "hostname": "CLIENT1"}, "agent": {"type": "winlogbeat", "ephemeral_id": "de845cd9-5141-4c92-ad32-27a4518307e9", "hostname": "CLIENT1", "id": "0b755aca-0a9a-454a-9800-1979901962a0", "version": "7.2.0"}}
{"pseudonym": "e887f3a09fdddf7c81a563b81f90ed9499d86badaa6173d1aa197a2b544d13b1", "origin": "KPdNTPtrnUzdMHtlo/DoXXWLxbY0dKT5tckmqbxBqHkLnbA+o4w5PX5jHDnMQASMqbqgcxv5Xmgy69LIx+V7solOixfX4KOFbDwj2n8r3IV+tODaehJNuz9QnSarzExQXdNHe9rEnBTYL5WHmWEx3GbbdYYKQL1z6EUQqBku/twlkdYjWF17ZvdIw1k9iDalo6vJX/9OPLDROVj4SOfIXAqO2KX6hPh2fMCGrce+Yhq/gNw8wdoshRHivjElrXuc92XdNjpzBg/KSb/l2S/tUYSagTG0EDErspTdAO12G4qtcNZr+g4PO8jc88MqC6JHnuiWNeWUevyRJQMN0vn9rPipocevVGBEv5LIqlPjo9U="}
{"pseudonym": "cd1a3afeeac92cb813605e21e464de7db0ca53fa0190d3a1372a46f60ddd0712", "origin": "keFNTOUafSSy1ZenQWo1OG/lim8mj+52Dt4RxXEpuMVgL48ntaWCLtbUSGj4mNvDNlJYGSmXJfPJKaZ/5dP0GxuRLjWr2fh8ur/P9rZLPukd+dX5zd0w2dsANz5SzOXEm9V+AdnAX8dE21n4Ihpjh4TF1PSKQs0hg//w/F1RwmNt9nNRnxm0lIw2B8DvgKOfOblv/Wk5lViS0BxjsL+wmcamNoTP5bM88wkfpusBAV95Eh/8xmeDkgzhrRtVB+pUEZ+qul/MS1N4kIXdiJtgyDk4rUzxs6VSbnxHkxqaJ/Xbh6YNBbDgrTp0INwHs2NmHPsh7FiPYnjT/P4P2yb1tS7ept9lPkHihugo8e4xVoU="}
{"@timestamp": "2019-08-02T14:20:07.561Z", "@metadata": {"beat": "winlogbeat", "type": "_doc", "version": "7.2.0", "topic": "wineventlog_raw"}, "log": {"level": "information"}, "message": "The system time was changed.\n\nSubject:\n\tSecurity ID:\t\tS-1-5-18\n\tAccount Name:\t\tCLIENT1$\n\tAccount Domain:\t\tWORKGROUP\n\tLogon ID:\t\t0x3e7\n\nProcess Information:\n\tProcess ID:\t0x5b4\n\tName:\t\tC:\\Program Files\\NetTime\\NetTimeService.exe\n\nPrevious Time:\t\t\u200e2019\u200e-\u200e08\u200e-\u200e02T14:20:07.767465900Z\nNew Time:\t\t\u200e2019\u200e-\u200e08\u200e-\u200e02T14:20:07.561000000Z\n\nThis event is generated when the system time is changed. It is normal for the Windows Time Service, which runs with System privilege, to change the system time on a regular basis. Other system time changes may be indicative of attempts to tamper with the computer.", "winlog": {"record_id": 4759, "keywords": ["Audit Success"], "process": {"pid": 4, "thread": {"id": 60}}, "task": "Security State Change", "api": "wineventlog", "version": 1, "event_data": {"SubjectUserSid": "<pseudonym:cd1a3afeeac92cb813605e21e464de7db0ca53fa0190d3a1372a46f60ddd0712>", "SubjectUserName": "<pseudonym:e887f3a09fdddf7c81a563b81f90ed9499d86badaa6173d1aa197a2b544d13b1>", "SubjectDomainName": "WORKGROUP", "SubjectLogonId": "0x3e7", "PreviousTime": "2019-08-02T14:20:07.767465900Z", "NewTime": "2019-08-02T14:20:07.561000000Z", "ProcessId": "0x5b4", "ProcessName": "C:\\Program Files\\NetTime\\NetTimeService.exe"}, "event_id": 4616, "provider_name": "Microsoft-Windows-Security-Auditing", "computer_name": "CLIENT1", "opcode": "Info", "channel": "Security", "provider_guid": "{54849625-5478-4994-A5BA-3E3B0328C30D}"}, "event": {"action": "Security State Change", "created": "2019-08-02T14:20:08.560Z", "kind": "event", "code": 4616}, "ecs": {"version": "1.0.0"}, "host": {"name": "CLIENT1", "os": {"build": "7601.0", "platform": "windows", "version": "6.1", "family": "windows", "name": "Windows 7 Professional", "kernel": "6.1.7601.18741 (win7sp1_gdr.150202-1526)"}, "id": "19fc45ac-5890-4f96-81b1-50ed111c0ce4", "hostname": "CLIENT1", "architecture": "x86"}, "agent": {"hostname": "CLIENT1", "id": "0b755aca-0a9a-454a-9800-1979901962a0", "version": "7.2.0", "type": "winlogbeat", "ephemeral_id": "de845cd9-5141-4c92-ad32-27a4518307e9"}}
{"pseudonym": "cd1a3afeeac92cb813605e21e464de7db0ca53fa0190d3a1372a46f60ddd0712", "origin": "dxGdCPBIi+2GDyCJ7DVvXTszwVABn0r6XXCeBLnD/90fWDYwSr6waA+i6QGdCe1nUTWyRdyz10vzBACE+l46aEqRaNScgF9jto5a1kfT7GXXpDl5xVvpd+nfNP8fN09wzsmZu6lMHdulUEubRur4LyUgmTo/WiGZuyrDKzdhZpElpq6SYti1V0Prywgxcl0dmyWFlvvJfYRWdHOBPGw58U8Zxo8JMbO/YDipuKugLnt4MDcWoITY19EHgRp+/1cN2eqjHBU9RtiQOgPUTpY1nFPM+ZeB3dP/yK4Eamd4XbN2pdLh65XqBrOoJsTKBjGd73fwT69eTQ4otsoq9GRASPe1nymhfXNtTuSza8JrL0A="}
{"@timestamp": "2019-08-02T14:25:08.179Z", "@metadata": {"beat": "winlogbeat", "type": "_doc", "version": "7.2.0", "topic": "wineventlog_raw"}, "winlog": {"task": "", "computer_name": "CLIENT1", "provider_name": "Microsoft-Windows-Kernel-General", "record_id": 11851, "provider_guid": "{A68CA8B7-004F-D7B6-A698-07E2DE0F1F5D}", "process": {"pid": 1460, "thread": {"id": 1504}}, "event_data": {"NewTime": "2019-08-02T14:25:08.179000000Z", "OldTime": "2019-08-02T14:25:08.361883400Z"}, "keywords": ["Time"], "opcode": "Info", "user": {"domain": "NT AUTHORITY", "type": "User", "identifier": "<pseudonym:cd1a3afeeac92cb813605e21e464de7db0ca53fa0190d3a1372a46f60ddd0712>", "name": "SYSTEM"}, "channel": "System", "event_id": 1, "api": "wineventlog"}, "event": {"code": 1, "created": "2019-08-02T14:25:09.178Z", "kind": "event"}, "log": {"level": "information"}, "message": "The system time has changed to \u200e2019\u200e-\u200e08\u200e-\u200e02T14:25:08.179000000Z from \u200e2019\u200e-\u200e08\u200e-\u200e02T14:25:08.361883400Z.", "host": {"hostname": "CLIENT1", "architecture": "x86", "os": {"platform": "windows", "version": "6.1", "family": "windows", "name": "Windows 7 Professional", "kernel": "6.1.7601.18741 (win7sp1_gdr.150202-1526)", "build": "7601.0"}, "id": "19fc45ac-5890-4f96-81b1-50ed111c0ce4", "name": "CLIENT1"}, "agent": {"version": "7.2.0", "type": "winlogbeat", "ephemeral_id": "de845cd9-5141-4c92-ad32-27a4518307e9", "hostname": "CLIENT1", "id": "0b755aca-0a9a-454a-9800-1979901962a0"}, "ecs": {"version": "1.0.0"}}
{"pseudonym": "cd1a3afeeac92cb813605e21e464de7db0ca53fa0190d3a1372a46f60ddd0712", "origin": "ruZKxjJ89+r2JSvyh7/jIeSJA9td08z5AwOpttzhMMElAtDjYPrX5rDki0DEFpwB457gFnUD+0UGzTqwBa523blgCntIRRZysfp91nKcWMnxrG+7DTR7W06s0rtxAtucfGfj4GGtAeKK1SmBuF3yscbjU/FIHrGFY5ldOzE0JJCcVvbW94i/xh/n6WRgiykhqXe6mwBdRAyYyrovCZGi7Hl5XBq0W7cEZSGM5AlLpPxFoyj9WBXOvLqg6I/QAfYj3qiuNf0OkL6PON4cob+Yw86biPlK82soBJxya6BalBJumJBQAuVGk/b0c2yFj409uwR+KJVwll1Aqz2zuZDZ0mSMUcGXE2FkCtXnQYzxdqU="}
{"@timestamp": "2019-08-02T14:45:09.112Z", "@metadata": {"beat": "winlogbeat", "type": "_doc", "version": "7.2.0", "topic": "wineventlog_raw"}, "log": {"level": "information"}, "message": "The system time has changed to \u200e2019\u200e-\u200e08\u200e-\u200e02T14:45:09.112000000Z from \u200e2019\u200e-\u200e08\u200e-\u200e02T14:45:09.272107900Z.", "winlog": {"api": "wineventlog", "computer_name": "CLIENT1", "channel": "System", "provider_name": "Microsoft-Windows-Kernel-General", "record_id": 11855, "task": "", "event_id": 1, "opcode": "Info", "provider_guid": "{A68CA8B7-004F-D7B6-A698-07E2DE0F1F5D}", "process": {"thread": {"id": 1504}, "pid": 1460}, "event_data": {"NewTime": "2019-08-02T14:45:09.112000000Z", "OldTime": "2019-08-02T14:45:09.272107900Z"}, "keywords": ["Time"], "user": {"name": "SYSTEM", "domain": "NT AUTHORITY", "type": "User", "identifier": "<pseudonym:cd1a3afeeac92cb813605e21e464de7db0ca53fa0190d3a1372a46f60ddd0712>"}}, "ecs": {"version": "1.0.0"}, "host": {"name": "CLIENT1", "hostname": "CLIENT1", "architecture": "x86", "os": {"family": "windows", "name": "Windows 7 Professional", "kernel": "6.1.7601.18741 (win7sp1_gdr.150202-1526)", "build": "7601.0", "platform": "windows", "version": "6.1"}, "id": "19fc45ac-5890-4f96-81b1-50ed111c0ce4"}, "agent": {"ephemeral_id": "de845cd9-5141-4c92-ad32-27a4518307e9", "hostname": "CLIENT1", "id": "0b755aca-0a9a-454a-9800-1979901962a0", "version": "7.2.0", "type": "winlogbeat"}, "event": {"code": 1, "created": "2019-08-02T14:45:11.111Z", "kind": "event"}}
{"pseudonym": "387dddca7f9c9fa71c41295d7790d3bcd791cfe79b2dd4843551dfd0bf47acf2", "origin": "p5GtFScZ+6McWRHGHD+OTKOOQhlNgrKdS9V+IuxPbyK4SmDPU4B4ekMITPZLab4X3DNCv2RCVuw9ZbbLEJfg+OAKWugyypLK8KIp8sRAs3bn5REXvomsMJpI9XccDcMIzMGdz/ytpNkD8nRnkPESZt7RUPgijejmy7nBV0TgvltqYte0MM+jx4lJ+LDrE3mPLrb9LFkLU1wXmEKPvsZoRC3AC8XiXSgSqqUFGZr2f1nwvZYjmuWDTBx462Jc0iQXf+nDKxbNCx6tXa3hVtH8Rm6sw/GTZPLALWlme3/ulWxZe7nxB9Vi4sy1DSdYcFZczBSCKpwnpuKwIK0KKufaS2h8AAvcp5Mj7EiGATeR"}
{"pseudonym": "cd1a3afeeac92cb813605e21e464de7db0ca53fa0190d3a1372a46f60ddd0712", "origin": "qfLeRrGuysSzvqAidVhiAtSNBtOd7i9Dhai7f8eQu+xe3vMM8gPPy8SaIRkxmTJmL8n/6BMu4XVXL/gphcJBGBbS6O2DiOk7fq2qUT0DCrcJI5YuZWdqfJOlh+7TGSPYjl2EoqnddBQHywqV18VHdziS1ESeytQzG4ei72NBOYFJzx7VvY6BVlDNqLGF3X3+fyEYwBnkIFkVOLSRkcKbM3NUuUcGAKDonDffaZ/RQXrjUJX0VBp2+x7RGyRNuc/KQDdFknXJmF8FgSl3EXQSpuvwKXQj34K8WT44Xr6FZhHCycbbod6yJCADariiDjsn+aXdZgTUUWKrX8gq/9VwbmA6rqJi8l+Qe8vG1qSATOI="}
{"@timestamp": "2019-08-02T09:46:31.859Z", "@metadata": {"beat": "winlogbeat", "type": "_doc", "version": "7.2.0", "topic": "wineventlog_raw"}, "log": {"level": "information"}, "message": "Special privileges assigned to new logon.\n\nSubject:\n\tSecurity ID:\t\tS-1-5-18\n\tAccount Name:\t\tSYSTEM\n\tAccount Domain:\t\tNT AUTHORITY\n\tLogon ID:\t\t0x3e7\n\nPrivileges:\t\tSeAssignPrimaryTokenPrivilege\n\t\t\tSeTcbPrivilege\n\t\t\tSeSecurityPrivilege\n\t\t\tSeTakeOwnershipPrivilege\n\t\t\tSeLoadDriverPrivilege\n\t\t\tSeBackupPrivilege\n\t\t\tSeRestorePrivilege\n\t\t\tSeDebugPrivilege\n\t\t\tSeAuditPrivilege\n\t\t\tSeSystemEnvironmentPrivilege\n\t\t\tSeImpersonatePrivilege", "ecs": {"version": "1.0.0"}, "host": {"name": "CLIENT1", "id": "19fc45ac-5890-4f96-81b1-50ed111c0ce4", "hostname": "CLIENT1", "architecture": "x86", "os": {"name": "Windows 7 Professional", "kernel": "6.1.7601.18741 (win7sp1_gdr.150202-1526)", "build": "7601.0", "platform": "windows", "version": "6.1", "family": "windows"}}, "agent": {"hostname": "CLIENT1", "id": "0b755aca-0a9a-454a-9800-1979901962a0", "version": "7.2.0", "type": "winlogbeat", "ephemeral_id": "33f6eec2-a7ba-4caa-97b3-ea43b4f5e172"}, "winlog": {"provider_guid": "{54849625-5478-4994-A5BA-3E3B0328C30D}", "process": {"pid": 448, "thread": {"id": 496}}, "task": "Special Logon", "computer_name": "CLIENT1", "record_id": 4654, "event_data": {"SubjectUserName": "<pseudonym:387dddca7f9c9fa71c41295d7790d3bcd791cfe79b2dd4843551dfd0bf47acf2>", "SubjectDomainName": "NT AUTHORITY", "SubjectLogonId": "0x3e7", "PrivilegeList": "SeAssignPrimaryTokenPrivilege\n\t\t\tSeTcbPrivilege\n\t\t\tSeSecurityPrivilege\n\t\t\tSeTakeOwnershipPrivilege\n\t\t\tSeLoadDriverPrivilege\n\t\t\tSeBackupPrivilege\n\t\t\tSeRestorePrivilege\n\t\t\tSeDebugPrivilege\n\t\t\tSeAuditPrivilege\n\t\t\tSeSystemEnvironmentPrivilege\n\t\t\tSeImpersonatePrivilege", "SubjectUserSid": "<pseudonym:cd1a3afeeac92cb813605e21e464de7db0ca53fa0190d3a1372a46f60ddd0712>"}, "channel": "Security", "keywords": ["Audit Success"], "provider_name": "Microsoft-Windows-Security-Auditing", "api": "wineventlog", "opcode": "Info", "event_id": 4672}, "event": {"kind": "event", "code": 4672, "action": "Special Logon", "created": "2019-08-05T08:54:03.703Z"}}
{"pseudonym": "387dddca7f9c9fa71c41295d7790d3bcd791cfe79b2dd4843551dfd0bf47acf2", "origin": "oA/6LXVLtD3p8OiKw+n5IbFE+psKxfL7Z0dWJDrJXYWuUKHmElniS/D91fcZkLMqFeUla73cDe37F0tmeeITIdPsPsn2y9Qwbv1L9KGcXU0zyVIsk8vEtgokA7N4xoQg5W1IR5FXC5ruihiLsNGD+nScnWhmFOq6g65cj8GWNjO1JE6kBgFsG73WKF4eTCB9Dt+wkmwWcdrBGbZkmAREqvUjopP4qeBGrMjpftCp7pZZPEDsZzu31y4rg6IlcA+0y3dosFVVrrbywFoeYJOoi2Svoffl1aYVY7XeSI/cZt96Kysf6yNJBRKupI11hweSbzfy4CVp/XS9arcHN6gPA6xbi3lFHYnwTB73obb0"}
{"pseudonym": "cd1a3afeeac92cb813605e21e464de7db0ca53fa0190d3a1372a46f60ddd0712", "origin": "UDl6d2JQdWtIP7cbFrGOJ3i7WWCqxQrBENPW6FV5QKEqztAThOtlniA0Lk2soaKKksz4Y2sV+5FSl+TbO+x02Go8YMF9oNCS2qfLT0S7agyowpHS4uSDYBUtrffC58wF3lbKwxKfmxZnPJ7F+q6af9YWWNzStbU7B2RU6wFGjnD8apr9V9fXK8zf1L6BnHYtsunefFWhGy4NN03jCTbAMqg4RA+XBc9F4PKJHPJwL80tlRLoPsjD+XGKn19urhnyMwpg8XP0qflyF0poqN/FWwFyY+MwJJbpD5j9Vv8OmZ+s6wMa1yVi4z3/FrhkeS1n6PJt+02leSvjpYxcFWT6BjhxPAjHE8PaiaSYV3OqfJ4="}
{"@timestamp": "2019-08-02T09:48:55.871Z", "@metadata": {"beat": "winlogbeat", "type": "_doc", "version": "7.2.0", "topic": "wineventlog_raw"}, "message": "Special privileges assigned to new logon.\n\nSubject:\n\tSecurity ID:\t\tS-1-5-18\n\tAccount Name:\t\tSYSTEM\n\tAccount Domain:\t\tNT AUTHORITY\n\tLogon ID:\t\t0x3e7\n\nPrivileges:\t\tSeAssignPrimaryTokenPrivilege\n\t\t\tSeTcbPrivilege\n\t\t\tSeSecurityPrivilege\n\t\t\tSeTakeOwnershipPrivilege\n\t\t\tSeLoadDriverPrivilege\n\t\t\tSeBackupPrivilege\n\t\t\tSeRestorePrivilege\n\t\t\tSeDebugPrivilege\n\t\t\tSeAuditPrivilege\n\t\t\tSeSystemEnvironmentPrivilege\n\t\t\tSeImpersonatePrivilege", "ecs": {"version": "1.0.0"}, "host": {"hostname": "CLIENT1", "architecture": "x86", "name": "CLIENT1", "os": {"family": "windows", "name": "Windows 7 Professional", "kernel": "6.1.7601.18741 (win7sp1_gdr.150202-1526)", "build": "7601.0", "platform": "windows", "version": "6.1"}, "id": "19fc45ac-5890-4f96-81b1-50ed111c0ce4"}, "agent": {"hostname": "CLIENT1", "id": "0b755aca-0a9a-454a-9800-1979901962a0", "version": "7.2.0", "type": "winlogbeat", "ephemeral_id": "33f6eec2-a7ba-4caa-97b3-ea43b4f5e172"}, "winlog": {"event_id": 4672, "provider_name": "Microsoft-Windows-Security-Auditing", "record_id": 4666, "keywords": ["Audit Success"], "computer_name": "CLIENT1", "opcode": "Info", "event_data": {"SubjectUserName": "<pseudonym:387dddca7f9c9fa71c41295d7790d3bcd791cfe79b2dd4843551dfd0bf47acf2>", "SubjectDomainName": "NT AUTHORITY", "SubjectLogonId": "0x3e7", "PrivilegeList": "SeAssignPrimaryTokenPrivilege\n\t\t\tSeTcbPrivilege\n\t\t\tSeSecurityPrivilege\n\t\t\tSeTakeOwnershipPrivilege\n\t\t\tSeLoadDriverPrivilege\n\t\t\tSeBackupPrivilege\n\t\t\tSeRestorePrivilege\n\t\t\tSeDebugPrivilege\n\t\t\tSeAuditPrivilege\n\t\t\tSeSystemEnvironmentPrivilege\n\t\t\tSeImpersonatePrivilege", "SubjectUserSid": "<pseudonym:cd1a3afeeac92cb813605e21e464de7db0ca53fa0190d3a1372a46f60ddd0712>"}, "process": {"pid": 448, "thread": {"id": 504}}, "provider_guid": "{54849625-5478-4994-A5BA-3E3B0328C30D}", "channel": "Security", "api": "wineventlog", "task": "Special Logon"}, "event": {"kind": "event", "code": 4672, "action": "Special Logon", "created": "2019-08-05T08:54:03.704Z"}, "log": {"level": "information"}}
{"pseudonym": "f119e812403f34bc9c93a15392e371bd51bfd51f59deda80c5caac2a6f172b3c", "origin": "BAI16Jgy7dNlsgVglg3oVJXKKMUCOO9hw9cU0UCLC4EHKn4iFBFk/i4c/IHev+DweZHJt6OCABhTwwSmVWISEfG+T+W3VPe3BTpJNiVbiA6s/rB9CWxfydR23AQ8KCD+RM0U6nyQEM4rGGH92O3TF/VMmXjiqCENQSoq0jjMj1evAeEZUfkl2sPJyMyZ55JazGHL+mPdyQ5v20g8Kt6ABGk5a0fCX7Qc1V8oOCnQ5cOAB7/gamTSltmqTWlArvXTteSwlz5SxK1S74W4Pw7ZVPjXAuy7wsNAjKK4/hGAHsXn3KyWLlplUVzdyCeUpOzntIDMJFF8cnWHuut2l8Q2cOFsWMooIIfbXcB+2sgq"}
{"pseudonym": "2246ce99b75c4aebaf0cd5d095e35cdb0cbf0f8adaf28ed864467242b621c30c", "origin": "OTHdr+MCumShNMsKL4hUHa7UxBB84dbCeBH6bAmgpD1Kso9zoRFyoyt8RQFYDKMSAf46CQ7fvny7kTSojJZgb3ay3Kj2kzepuML2cEdRU+/l4xkFRWtAn9/1L6TlxUK9STRuRvmpg8bJ8XYmWRXZhL36iGBl1WZt4IBw3aVlDK/UOcG8yeE2OclhowuYYKlbqbnH4M/7SSw1uRqQzbzmiT28hUNj0S3V8exlI3N6JipFwj+KCO2AGQxNWymcm4WgbpMb4qEZ1x/dN46mUaq+DSqi/vv2EPtmhz4niujntfUtfAALW+Jb0cEWO8r/mG6VRZSHXDaypMERRgCm+c7N5dD2PmY7nYLZSfcoO4SAwmUQhqdVXYxQv9hW+nTBPAnvMnnyP1KieraqGspDQELSs7ecqr8L"}
{"@timestamp": "2019-08-02T09:53:55.821Z", "@metadata": {"beat": "winlogbeat", "type": "_doc", "version": "7.2.0", "topic": "wineventlog_raw"}, "winlog": {"event_data": {"TargetUserName": "<pseudonym:f119e812403f34bc9c93a15392e371bd51bfd51f59deda80c5caac2a6f172b3c>", "TargetDomainName": "CLIENT1", "TargetLogonId": "0x1f189", "TargetUserSid": "<pseudonym:2246ce99b75c4aebaf0cd5d095e35cdb0cbf0f8adaf28ed864467242b621c30c>"}, "provider_name": "Microsoft-Windows-Security-Auditing", "record_id": 4669, "computer_name": "CLIENT1", "opcode": "Info", "process": {"thread": {"id": 2700}, "pid": 448}, "event_id": 4647, "task": "Logoff", "api": "wineventlog", "keywords": ["Audit Success"], "provider_guid": "{54849625-5478-4994-A5BA-3E3B0328C30D}", "channel": "Security"}, "event": {"created": "2019-08-05T08:54:03.704Z", "kind": "event", "code": 4647, "action": "Logoff"}, "log": {"level": "information"}, "message": "User initiated logoff:\n\nSubject:\n\tSecurity ID:\t\tS-1-5-21-1918032094-2382968797-800248713-1000\n\tAccount Name:\t\tbreach\n\tAccount Domain:\t\tCLIENT1\n\tLogon ID:\t\t0x1f189\n\nThis event is generated when a logoff is initiated. No further user-initiated activity can occur. This event can be interpreted as a logoff event.", "host": {"name": "CLIENT1", "id": "19fc45ac-5890-4f96-81b1-50ed111c0ce4", "hostname": "CLIENT1", "architecture": "x86", "os": {"family": "windows", "name": "Windows 7 Professional", "kernel": "6.1.7601.18741 (win7sp1_gdr.150202-1526)", "build": "7601.0", "platform": "windows", "version": "6.1"}}, "agent": {"version": "7.2.0", "type": "winlogbeat", "ephemeral_id": "33f6eec2-a7ba-4caa-97b3-ea43b4f5e172", "hostname": "CLIENT1", "id": "0b755aca-0a9a-454a-9800-1979901962a0"}, "ecs": {"version": "1.0.0"}}
{"@timestamp": "2019-08-05T08:53:17.453Z", "@metadata": {"beat": "winlogbeat", "type": "_doc", "version": "7.2.0", "topic": "wineventlog_raw"}, "event": {"kind": "event", "code": 4608, "action": "Security State Change", "created": "2019-08-05T08:54:03.704Z"}, "log": {"level": "information"}, "message": "Windows is starting up.\n\nThis event is logged when LSASS.EXE starts and the auditing subsystem is initialized.", "ecs": {"version": "1.0.0"}, "host": {"hostname": "CLIENT1", "architecture": "x86", "name": "CLIENT1", "os": {"name": "Windows 7 Professional", "kernel": "6.1.7601.18741 (win7sp1_gdr.150202-1526)", "build": "7601.0", "platform": "windows", "version": "6.1", "family": "windows"}, "id": "19fc45ac-5890-4f96-81b1-50ed111c0ce4"}, "agent": {"type": "winlogbeat", "ephemeral_id": "33f6eec2-a7ba-4caa-97b3-ea43b4f5e172", "hostname": "CLIENT1", "id": "0b755aca-0a9a-454a-9800-1979901962a0", "version": "7.2.0"}, "winlog": {"record_id": 4671, "api": "wineventlog", "keywords": ["Audit Success"], "process": {"pid": 444, "thread": {"id": 448}}, "channel": "Security", "event_id": 4608, "provider_name": "Microsoft-Windows-Security-Auditing", "opcode": "Info", "task": "Security State Change", "computer_name": "CLIENT1", "provider_guid": "{54849625-5478-4994-A5BA-3E3B0328C30D}"}}
{"@timestamp": "2019-07-30T14:38:12.934Z", "@metadata": {"beat": "winlogbeat", "type": "_doc", "version": "7.2.0", "topic": "wineventlog_raw"}, "message": "The Diagnostic Service Host service entered the stopped state.", "winlog": {"provider_name": "Service Control Manager", "keywords": ["Classic"], "provider_guid": "{555908d1-a6d7-4695-8e1e-26931d2012f4}", "channel": "System", "record_id": 11558, "task": "", "event_data": {"param2": "stopped", "Binary": "570064006900530065007200760069006300650048006F00730074002F0031000000", "param1": "Diagnostic Service Host"}, "event_id": 7036, "api": "wineventlog", "process": {"pid": 436, "thread": {"id": 2808}}, "computer_name": "CLIENT1"}, "host": {"name": "CLIENT1", "id": "19fc45ac-5890-4f96-81b1-50ed111c0ce4", "hostname": "CLIENT1", "architecture": "x86", "os": {"name": "Windows 7 Professional", "kernel": "6.1.7601.18741 (win7sp1_gdr.150202-1526)", "build": "7601.0", "platform": "windows", "version": "6.1", "family": "windows"}}, "agent": {"type": "winlogbeat", "ephemeral_id": "33f6eec2-a7ba-4caa-97b3-ea43b4f5e172", "hostname": "CLIENT1", "id": "0b755aca-0a9a-454a-9800-1979901962a0", "version": "7.2.0"}, "ecs": {"version": "1.0.0"}, "event": {"created": "2019-08-05T08:54:04.776Z", "kind": "event", "code": 7036}, "log": {"level": "information"}}
{"@timestamp": "2019-07-30T14:38:18.258Z", "@metadata": {"beat": "winlogbeat", "type": "_doc", "version": "7.2.0", "topic": "wineventlog_raw"}, "log": {"level": "information"}, "message": "The Microsoft FTP Service service entered the stopped state.", "winlog": {"event_id": 7036, "task": "", "keywords": ["Classic"], "channel": "System", "record_id": 11584, "event_data": {"Binary": "6600740070007300760063002F0031000000", "param1": "Microsoft FTP Service", "param2": "stopped"}, "provider_name": "Service Control Manager", "computer_name": "CLIENT1", "provider_guid": "{555908d1-a6d7-4695-8e1e-26931d2012f4}", "process": {"pid": 436, "thread": {"id": 2808}}, "api": "wineventlog"}, "event": {"kind": "event", "code": 7036, "created": "2019-08-05T08:54:04.777Z"}, "host": {"hostname": "CLIENT1", "architecture": "x86", "os": {"version": "6.1", "family": "windows", "name": "Windows 7 Professional", "kernel": "6.1.7601.18741 (win7sp1_gdr.150202-1526)", "build": "7601.0", "platform": "windows"}, "id": "19fc45ac-5890-4f96-81b1-50ed111c0ce4", "name": "CLIENT1"}, "agent": {"ephemeral_id": "33f6eec2-a7ba-4caa-97b3-ea43b4f5e172", "hostname": "CLIENT1", "id": "0b755aca-0a9a-454a-9800-1979901962a0", "version": "7.2.0", "type": "winlogbeat"}, "ecs": {"version": "1.0.0"}}
